{"@timestamp":"2026-04-15T08:50:33.314Z","@metadata":{"beat":"winlogbeat","type":"_doc","version":"9.3.3"},"winlog":{"channel":"Microsoft-Windows-Sysmon/Operational","provider_guid":"{5770385F-C22A-43E0-BF4C-06F5698FFBD9}","version":2,"user":{"identifier":"S-1-5-18","domain":"NT AUTHORITY","name":"SYSTEM","type":"Well Known Group"},"event_data":{"ProcessGuid":"{8F7AB6F6-5159-69DF-9801-000000000500}","ProcessId":"568","Image":"C:\\Program Files\\Bandizip\\Bandizip.exe","TargetObject":"HKCR\\Bandizip.txz\\Shell\\Open\\Command\\(Default)","Details":"\"C:\\Program Files\\Bandizip\\Bandizip.exe\" \"장치\"","User":"DESKTOP-H6FBQ5J\\windows","RuleName":"T1042","UtcTime":"2026-04-15 08:50:33.303","EventType":"SetValue"},"error":{},"event_id":"13","provider_name":"Microsoft-Windows-Sysmon","record_id":146,"computer_name":"DESKTOP-H6FBQ5J","opcode":"Info","process":{"pid":6668,"thread":{"id":6376}}},"event":{"created":"2026-04-15T13:13:46.588Z","code":"13","kind":"event","provider":"Microsoft-Windows-Sysmon"},"log":{"level":"information","file":{"path":"C:\\Users\\ivysa\\Downloads\\winlogbeat-9.3.3-windows-x86_64\\winlogbeat-9.3.3-windows-x86_64\\symon.evtx"}},"error":{"message":"failed to get the event message string: failed in EvtFormatMessage: The message resource is present but the message was not found in the message table."},"host":{"name":"DESKTOP-H6FBQ5J"},"ecs":{"version":"8.0.0"},"agent":{"ephemeral_id":"f8d845b8-8ac1-43f8-9a65-a6e7c2082e2f","id":"0ae603cf-457e-4a6f-bbde-51c28f1a031e","name":"DESKTOP-IKR997B","type":"winlogbeat","version":"9.3.3"}}
{"@timestamp":"2026-04-15T08:50:33.316Z","@metadata":{"beat":"winlogbeat","type":"_doc","version":"9.3.3"},"agent":{"ephemeral_id":"f8d845b8-8ac1-43f8-9a65-a6e7c2082e2f","id":"0ae603cf-457e-4a6f-bbde-51c28f1a031e","name":"DESKTOP-IKR997B","type":"winlogbeat","version":"9.3.3"},"log":{"level":"information","file":{"path":"C:\\Users\\ivysa\\Downloads\\winlogbeat-9.3.3-windows-x86_64\\winlogbeat-9.3.3-windows-x86_64\\symon.evtx"}},"error":{"message":"failed to get the event message string: failed in EvtFormatMessage: The message resource is present but the message was not found in the message table."},"host":{"name":"DESKTOP-H6FBQ5J"},"winlog":{"event_id":"13","version":2,"user":{"identifier":"S-1-5-18","domain":"NT AUTHORITY","name":"SYSTEM","type":"Well Known Group"},"process":{"pid":6668,"thread":{"id":6376}},"provider_name":"Microsoft-Windows-Sysmon","opcode":"Info","event_data":{"Details":"\"C:\\Program Files\\Bandizip\\Bandizip.exe\" \"장치\"","User":"DESKTOP-H6FBQ5J\\windows","EventType":"SetValue","ProcessGuid":"{8F7AB6F6-5159-69DF-9801-000000000500}","RuleName":"T1042","UtcTime":"2026-04-15 08:50:33.303","ProcessId":"568","Image":"C:\\Program Files\\Bandizip\\Bandizip.exe","TargetObject":"HKCR\\Bandizip.lzma\\Shell\\Open\\Command\\(Default)"},"record_id":147,"computer_name":"DESKTOP-H6FBQ5J","provider_guid":"{5770385F-C22A-43E0-BF4C-06F5698FFBD9}","error":{},"channel":"Microsoft-Windows-Sysmon/Operational"},"event":{"code":"13","kind":"event","provider":"Microsoft-Windows-Sysmon","created":"2026-04-15T13:13:46.588Z"},"ecs":{"version":"8.0.0"}}
{"@timestamp":"2026-04-15T08:50:33.317Z","@metadata":{"beat":"winlogbeat","type":"_doc","version":"9.3.3"},"winlog":{"opcode":"Info","user":{"identifier":"S-1-5-18","domain":"NT AUTHORITY","name":"SYSTEM","type":"Well Known Group"},"channel":"Microsoft-Windows-Sysmon/Operational","provider_name":"Microsoft-Windows-Sysmon","provider_guid":"{5770385F-C22A-43E0-BF4C-06F5698FFBD9}","process":{"thread":{"id":6376},"pid":6668},"record_id":148,"event_data":{"UtcTime":"2026-04-15 08:50:33.303","ProcessGuid":"{8F7AB6F6-5159-69DF-9801-000000000500}","User":"DESKTOP-H6FBQ5J\\windows","EventType":"SetValue","ProcessId":"568","Image":"C:\\Program Files\\Bandizip\\Bandizip.exe","Details":"\"C:\\Program Files\\Bandizip\\Bandizip.exe\" \"장치\"","TargetObject":"HKCR\\Bandizip.lzma\\Shell\\Open\\Command\\(Default)","RuleName":"T1042"},"error":{},"computer_name":"DESKTOP-H6FBQ5J","version":2,"event_id":"13"},"event":{"provider":"Microsoft-Windows-Sysmon","created":"2026-04-15T13:13:46.588Z","code":"13","kind":"event"},"log":{"file":{"path":"C:\\Users\\ivysa\\Downloads\\winlogbeat-9.3.3-windows-x86_64\\winlogbeat-9.3.3-windows-x86_64\\symon.evtx"},"level":"information"},"error":{"message":"failed to get the event message string: failed in EvtFormatMessage: The message resource is present but the message was not found in the message table."},"host":{"name":"DESKTOP-H6FBQ5J"},"ecs":{"version":"8.0.0"},"agent":{"name":"DESKTOP-IKR997B","type":"winlogbeat","version":"9.3.3","ephemeral_id":"f8d845b8-8ac1-43f8-9a65-a6e7c2082e2f","id":"0ae603cf-457e-4a6f-bbde-51c28f1a031e"}}
{"@timestamp":"2026-04-15T08:50:33.319Z","@metadata":{"beat":"winlogbeat","type":"_doc","version":"9.3.3"},"agent":{"ephemeral_id":"f8d845b8-8ac1-43f8-9a65-a6e7c2082e2f","id":"0ae603cf-457e-4a6f-bbde-51c28f1a031e","name":"DESKTOP-IKR997B","type":"winlogbeat","version":"9.3.3"},"winlog":{"provider_guid":"{5770385F-C22A-43E0-BF4C-06F5698FFBD9}","event_data":{"ProcessGuid":"{8F7AB6F6-5159-69DF-9801-000000000500}","Image":"C:\\Program Files\\Bandizip\\Bandizip.exe","TargetObject":"HKCR\\Bandizip.tlz\\Shell\\Open\\Command\\(Default)","User":"DESKTOP-H6FBQ5J\\windows","ProcessId":"568","Details":"\"C:\\Program Files\\Bandizip\\Bandizip.exe\" \"장치\"","UtcTime":"2026-04-15 08:50:33.303","RuleName":"T1042","EventType":"SetValue"},"error":{},"channel":"Microsoft-Windows-Sysmon/Operational","provider_name":"Microsoft-Windows-Sysmon","record_id":149,"version":2,"user":{"domain":"NT AUTHORITY","name":"SYSTEM","type":"Well Known Group","identifier":"S-1-5-18"},"event_id":"13","computer_name":"DESKTOP-H6FBQ5J","process":{"pid":6668,"thread":{"id":6376}},"opcode":"Info"},"event":{"created":"2026-04-15T13:13:46.588Z","code":"13","kind":"event","provider":"Microsoft-Windows-Sysmon"},"log":{"level":"information","file":{"path":"C:\\Users\\ivysa\\Downloads\\winlogbeat-9.3.3-windows-x86_64\\winlogbeat-9.3.3-windows-x86_64\\symon.evtx"}},"error":{"message":"failed to get the event message string: failed in EvtFormatMessage: The message resource is present but the message was not found in the message table."},"host":{"name":"DESKTOP-H6FBQ5J"},"ecs":{"version":"8.0.0"}}
{"@timestamp":"2026-04-15T08:50:33.320Z","@metadata":{"beat":"winlogbeat","type":"_doc","version":"9.3.3"},"winlog":{"error":{},"record_id":150,"provider_guid":"{5770385F-C22A-43E0-BF4C-06F5698FFBD9}","version":2,"process":{"pid":6668,"thread":{"id":6376}},"channel":"Microsoft-Windows-Sysmon/Operational","event_id":"13","computer_name":"DESKTOP-H6FBQ5J","provider_name":"Microsoft-Windows-Sysmon","event_data":{"ProcessId":"568","Image":"C:\\Program Files\\Bandizip\\Bandizip.exe","User":"DESKTOP-H6FBQ5J\\windows","EventType":"SetValue","TargetObject":"HKCR\\Bandizip.tlz\\Shell\\Open\\Command\\(Default)","RuleName":"T1042","ProcessGuid":"{8F7AB6F6-5159-69DF-9801-000000000500}","Details":"\"C:\\Program Files\\Bandizip\\Bandizip.exe\" \"장치\"","UtcTime":"2026-04-15 08:50:33.318"},"opcode":"Info","user":{"name":"SYSTEM","type":"Well Known Group","identifier":"S-1-5-18","domain":"NT AUTHORITY"}},"event":{"kind":"event","provider":"Microsoft-Windows-Sysmon","created":"2026-04-15T13:13:46.588Z","code":"13"},"log":{"file":{"path":"C:\\Users\\ivysa\\Downloads\\winlogbeat-9.3.3-windows-x86_64\\winlogbeat-9.3.3-windows-x86_64\\symon.evtx"},"level":"information"},"error":{"message":"failed to get the event message string: failed in EvtFormatMessage: The message resource is present but the message was not found in the message table."},"host":{"name":"DESKTOP-H6FBQ5J"},"ecs":{"version":"8.0.0"},"agent":{"ephemeral_id":"f8d845b8-8ac1-43f8-9a65-a6e7c2082e2f","id":"0ae603cf-457e-4a6f-bbde-51c28f1a031e","name":"DESKTOP-IKR997B","type":"winlogbeat","version":"9.3.3"}}
{"@timestamp":"2026-04-15T08:50:33.323Z","@metadata":{"beat":"winlogbeat","type":"_doc","version":"9.3.3"},"winlog":{"record_id":151,"computer_name":"DESKTOP-H6FBQ5J","version":2,"event_data":{"ProcessId":"568","UtcTime":"2026-04-15 08:50:33.318","Image":"C:\\Program Files\\Bandizip\\Bandizip.exe","RuleName":"T1042","EventType":"SetValue","TargetObject":"HKCR\\Bandizip.lz\\Shell\\Open\\Command\\(Default)","ProcessGuid":"{8F7AB6F6-5159-69DF-9801-000000000500}","Details":"\"C:\\Program Files\\Bandizip\\Bandizip.exe\" \"장치\"","User":"DESKTOP-H6FBQ5J\\windows"},"error":{},"provider_name":"Microsoft-Windows-Sysmon","provider_guid":"{5770385F-C22A-43E0-BF4C-06F5698FFBD9}","user":{"identifier":"S-1-5-18","domain":"NT AUTHORITY","name":"SYSTEM","type":"Well Known Group"},"process":{"pid":6668,"thread":{"id":6376}},"channel":"Microsoft-Windows-Sysmon/Operational","opcode":"Info","event_id":"13"},"event":{"kind":"event","provider":"Microsoft-Windows-Sysmon","created":"2026-04-15T13:13:46.588Z","code":"13"},"log":{"level":"information","file":{"path":"C:\\Users\\ivysa\\Downloads\\winlogbeat-9.3.3-windows-x86_64\\winlogbeat-9.3.3-windows-x86_64\\symon.evtx"}},"error":{"message":"failed to get the event message string: failed in EvtFormatMessage: The message resource is present but the message was not found in the message table."},"host":{"name":"DESKTOP-H6FBQ5J"},"agent":{"type":"winlogbeat","version":"9.3.3","ephemeral_id":"f8d845b8-8ac1-43f8-9a65-a6e7c2082e2f","id":"0ae603cf-457e-4a6f-bbde-51c28f1a031e","name":"DESKTOP-IKR997B"},"ecs":{"version":"8.0.0"}}
{"@timestamp":"2026-04-15T08:50:33.323Z","@metadata":{"beat":"winlogbeat","type":"_doc","version":"9.3.3"},"host":{"name":"DESKTOP-H6FBQ5J"},"ecs":{"version":"8.0.0"},"agent":{"name":"DESKTOP-IKR997B","type":"winlogbeat","version":"9.3.3","ephemeral_id":"f8d845b8-8ac1-43f8-9a65-a6e7c2082e2f","id":"0ae603cf-457e-4a6f-bbde-51c28f1a031e"},"winlog":{"user":{"name":"SYSTEM","type":"Well Known Group","identifier":"S-1-5-18","domain":"NT AUTHORITY"},"computer_name":"DESKTOP-H6FBQ5J","opcode":"Info","process":{"pid":6668,"thread":{"id":6376}},"error":{},"provider_name":"Microsoft-Windows-Sysmon","record_id":152,"version":2,"event_id":"13","event_data":{"ProcessId":"568","Image":"C:\\Program Files\\Bandizip\\Bandizip.exe","TargetObject":"HKCR\\Bandizip.lz\\Shell\\Open\\Command\\(Default)","RuleName":"T1042","EventType":"SetValue","ProcessGuid":"{8F7AB6F6-5159-69DF-9801-000000000500}","User":"DESKTOP-H6FBQ5J\\windows","Details":"\"C:\\Program Files\\Bandizip\\Bandizip.exe\" \"장치\"","UtcTime":"2026-04-15 08:50:33.318"},"channel":"Microsoft-Windows-Sysmon/Operational","provider_guid":"{5770385F-C22A-43E0-BF4C-06F5698FFBD9}"},"event":{"created":"2026-04-15T13:13:46.589Z","code":"13","kind":"event","provider":"Microsoft-Windows-Sysmon"},"log":{"level":"information","file":{"path":"C:\\Users\\ivysa\\Downloads\\winlogbeat-9.3.3-windows-x86_64\\winlogbeat-9.3.3-windows-x86_64\\symon.evtx"}},"error":{"message":"failed to get the event message string: failed in EvtFormatMessage: The message resource is present but the message was not found in the message table."}}
{"@timestamp":"2026-04-15T08:50:33.326Z","@metadata":{"beat":"winlogbeat","type":"_doc","version":"9.3.3"},"log":{"level":"information","file":{"path":"C:\\Users\\ivysa\\Downloads\\winlogbeat-9.3.3-windows-x86_64\\winlogbeat-9.3.3-windows-x86_64\\symon.evtx"}},"error":{"message":"failed to get the event message string: failed in EvtFormatMessage: The message resource is present but the message was not found in the message table."},"host":{"name":"DESKTOP-H6FBQ5J"},"ecs":{"version":"8.0.0"},"agent":{"id":"0ae603cf-457e-4a6f-bbde-51c28f1a031e","name":"DESKTOP-IKR997B","type":"winlogbeat","version":"9.3.3","ephemeral_id":"f8d845b8-8ac1-43f8-9a65-a6e7c2082e2f"},"winlog":{"error":{},"opcode":"Info","process":{"thread":{"id":6376},"pid":6668},"event_id":"13","provider_guid":"{5770385F-C22A-43E0-BF4C-06F5698FFBD9}","provider_name":"Microsoft-Windows-Sysmon","computer_name":"DESKTOP-H6FBQ5J","version":2,"user":{"domain":"NT AUTHORITY","name":"SYSTEM","type":"Well Known Group","identifier":"S-1-5-18"},"event_data":{"ProcessId":"568","Image":"C:\\Program Files\\Bandizip\\Bandizip.exe","Details":"\"C:\\Program Files\\Bandizip\\Bandizip.exe\" \"장치\"","UtcTime":"2026-04-15 08:50:33.318","TargetObject":"HKCR\\Bandizip.uu\\Shell\\Open\\Command\\(Default)","RuleName":"T1042","EventType":"SetValue","User":"DESKTOP-H6FBQ5J\\windows","ProcessGuid":"{8F7AB6F6-5159-69DF-9801-000000000500}"},"channel":"Microsoft-Windows-Sysmon/Operational","record_id":153},"event":{"created":"2026-04-15T13:13:46.589Z","code":"13","kind":"event","provider":"Microsoft-Windows-Sysmon"}}
{"@timestamp":"2026-04-15T08:50:33.326Z","@metadata":{"beat":"winlogbeat","type":"_doc","version":"9.3.3"},"log":{"level":"information","file":{"path":"C:\\Users\\ivysa\\Downloads\\winlogbeat-9.3.3-windows-x86_64\\winlogbeat-9.3.3-windows-x86_64\\symon.evtx"}},"error":{"message":"failed to get the event message string: failed in EvtFormatMessage: The message resource is present but the message was not found in the message table."},"host":{"name":"DESKTOP-H6FBQ5J"},"winlog":{"computer_name":"DESKTOP-H6FBQ5J","opcode":"Info","process":{"pid":6668,"thread":{"id":6376}},"provider_guid":"{5770385F-C22A-43E0-BF4C-06F5698FFBD9}","user":{"domain":"NT AUTHORITY","name":"SYSTEM","type":"Well Known Group","identifier":"S-1-5-18"},"provider_name":"Microsoft-Windows-Sysmon","record_id":154,"event_data":{"ProcessId":"568","ProcessGuid":"{8F7AB6F6-5159-69DF-9801-000000000500}","Image":"C:\\Program Files\\Bandizip\\Bandizip.exe","Details":"\"C:\\Program Files\\Bandizip\\Bandizip.exe\" \"장치\"","RuleName":"T1042","UtcTime":"2026-04-15 08:50:33.318","TargetObject":"HKCR\\Bandizip.uu\\Shell\\Open\\Command\\(Default)","User":"DESKTOP-H6FBQ5J\\windows","EventType":"SetValue"},"channel":"Microsoft-Windows-Sysmon/Operational","event_id":"13","version":2,"error":{}},"event":{"code":"13","kind":"event","provider":"Microsoft-Windows-Sysmon","created":"2026-04-15T13:13:46.589Z"},"ecs":{"version":"8.0.0"},"agent":{"id":"0ae603cf-457e-4a6f-bbde-51c28f1a031e","name":"DESKTOP-IKR997B","type":"winlogbeat","version":"9.3.3","ephemeral_id":"f8d845b8-8ac1-43f8-9a65-a6e7c2082e2f"}}
{"@timestamp":"2026-04-15T08:50:33.329Z","@metadata":{"beat":"winlogbeat","type":"_doc","version":"9.3.3"},"agent":{"ephemeral_id":"f8d845b8-8ac1-43f8-9a65-a6e7c2082e2f","id":"0ae603cf-457e-4a6f-bbde-51c28f1a031e","name":"DESKTOP-IKR997B","type":"winlogbeat","version":"9.3.3"},"log":{"level":"information","file":{"path":"C:\\Users\\ivysa\\Downloads\\winlogbeat-9.3.3-windows-x86_64\\winlogbeat-9.3.3-windows-x86_64\\symon.evtx"}},"error":{"message":"failed to get the event message string: failed in EvtFormatMessage: The message resource is present but the message was not found in the message table."},"host":{"name":"DESKTOP-H6FBQ5J"},"winlog":{"event_id":"13","record_id":155,"opcode":"Info","provider_guid":"{5770385F-C22A-43E0-BF4C-06F5698FFBD9}","error":{},"provider_name":"Microsoft-Windows-Sysmon","version":2,"event_data":{"ProcessId":"568","RuleName":"T1042","TargetObject":"HKCR\\Bandizip.uue\\Shell\\Open\\Command\\(Default)","User":"DESKTOP-H6FBQ5J\\windows","EventType":"SetValue","UtcTime":"2026-04-15 08:50:33.318","Image":"C:\\Program Files\\Bandizip\\Bandizip.exe","Details":"\"C:\\Program Files\\Bandizip\\Bandizip.exe\" \"장치\"","ProcessGuid":"{8F7AB6F6-5159-69DF-9801-000000000500}"},"process":{"pid":6668,"thread":{"id":6376}},"channel":"Microsoft-Windows-Sysmon/Operational","user":{"domain":"NT AUTHORITY","name":"SYSTEM","type":"Well Known Group","identifier":"S-1-5-18"},"computer_name":"DESKTOP-H6FBQ5J"},"event":{"created":"2026-04-15T13:13:46.589Z","code":"13","kind":"event","provider":"Microsoft-Windows-Sysmon"},"ecs":{"version":"8.0.0"}}
{"@timestamp":"2026-04-15T08:50:33.329Z","@metadata":{"beat":"winlogbeat","type":"_doc","version":"9.3.3"},"error":{"message":"failed to get the event message string: failed in EvtFormatMessage: The message resource is present but the message was not found in the message table."},"host":{"name":"DESKTOP-H6FBQ5J"},"winlog":{"event_id":"13","error":{},"channel":"Microsoft-Windows-Sysmon/Operational","record_id":156,"event_data":{"RuleName":"T1042","ProcessGuid":"{8F7AB6F6-5159-69DF-9801-000000000500}","ProcessId":"568","TargetObject":"HKCR\\Bandizip.uue\\Shell\\Open\\Command\\(Default)","User":"DESKTOP-H6FBQ5J\\windows","Details":"\"C:\\Program Files\\Bandizip\\Bandizip.exe\" \"장치\"","EventType":"SetValue","UtcTime":"2026-04-15 08:50:33.318","Image":"C:\\Program Files\\Bandizip\\Bandizip.exe"},"computer_name":"DESKTOP-H6FBQ5J","version":2,"user":{"domain":"NT AUTHORITY","name":"SYSTEM","type":"Well Known Group","identifier":"S-1-5-18"},"process":{"thread":{"id":6376},"pid":6668},"provider_name":"Microsoft-Windows-Sysmon","opcode":"Info","provider_guid":"{5770385F-C22A-43E0-BF4C-06F5698FFBD9}"},"event":{"created":"2026-04-15T13:13:46.589Z","code":"13","kind":"event","provider":"Microsoft-Windows-Sysmon"},"ecs":{"version":"8.0.0"},"agent":{"version":"9.3.3","ephemeral_id":"f8d845b8-8ac1-43f8-9a65-a6e7c2082e2f","id":"0ae603cf-457e-4a6f-bbde-51c28f1a031e","name":"DESKTOP-IKR997B","type":"winlogbeat"},"log":{"level":"information","file":{"path":"C:\\Users\\ivysa\\Downloads\\winlogbeat-9.3.3-windows-x86_64\\winlogbeat-9.3.3-windows-x86_64\\symon.evtx"}}}
{"@timestamp":"2026-04-15T08:50:33.332Z","@metadata":{"beat":"winlogbeat","type":"_doc","version":"9.3.3"},"error":{"message":"failed to get the event message string: failed in EvtFormatMessage: The message resource is present but the message was not found in the message table."},"agent":{"name":"DESKTOP-IKR997B","type":"winlogbeat","version":"9.3.3","ephemeral_id":"f8d845b8-8ac1-43f8-9a65-a6e7c2082e2f","id":"0ae603cf-457e-4a6f-bbde-51c28f1a031e"},"ecs":{"version":"8.0.0"},"host":{"name":"DESKTOP-H6FBQ5J"},"winlog":{"event_data":{"User":"DESKTOP-H6FBQ5J\\windows","RuleName":"T1042","ProcessId":"568","TargetObject":"HKCR\\Bandizip.xxe\\Shell\\Open\\Command\\(Default)","EventType":"SetValue","ProcessGuid":"{8F7AB6F6-5159-69DF-9801-000000000500}","Image":"C:\\Program Files\\Bandizip\\Bandizip.exe","UtcTime":"2026-04-15 08:50:33.318","Details":"\"C:\\Program Files\\Bandizip\\Bandizip.exe\" \"장치\""},"process":{"pid":6668,"thread":{"id":6376}},"error":{},"channel":"Microsoft-Windows-Sysmon/Operational","opcode":"Info","provider_guid":"{5770385F-C22A-43E0-BF4C-06F5698FFBD9}","version":2,"provider_name":"Microsoft-Windows-Sysmon","record_id":157,"computer_name":"DESKTOP-H6FBQ5J","user":{"domain":"NT AUTHORITY","name":"SYSTEM","type":"Well Known Group","identifier":"S-1-5-18"},"event_id":"13"},"event":{"created":"2026-04-15T13:13:46.589Z","code":"13","kind":"event","provider":"Microsoft-Windows-Sysmon"},"log":{"level":"information","file":{"path":"C:\\Users\\ivysa\\Downloads\\winlogbeat-9.3.3-windows-x86_64\\winlogbeat-9.3.3-windows-x86_64\\symon.evtx"}}}
{"@timestamp":"2026-04-15T08:50:33.332Z","@metadata":{"beat":"winlogbeat","type":"_doc","version":"9.3.3"},"winlog":{"event_id":"13","provider_guid":"{5770385F-C22A-43E0-BF4C-06F5698FFBD9}","opcode":"Info","version":2,"event_data":{"UtcTime":"2026-04-15 08:50:33.318","Details":"\"C:\\Program Files\\Bandizip\\Bandizip.exe\" \"장치\"","User":"DESKTOP-H6FBQ5J\\windows","RuleName":"T1042","TargetObject":"HKCR\\Bandizip.xxe\\Shell\\Open\\Command\\(Default)","EventType":"SetValue","ProcessGuid":"{8F7AB6F6-5159-69DF-9801-000000000500}","ProcessId":"568","Image":"C:\\Program Files\\Bandizip\\Bandizip.exe"},"record_id":158,"user":{"identifier":"S-1-5-18","domain":"NT AUTHORITY","name":"SYSTEM","type":"Well Known Group"},"process":{"pid":6668,"thread":{"id":6376}},"channel":"Microsoft-Windows-Sysmon/Operational","provider_name":"Microsoft-Windows-Sysmon","computer_name":"DESKTOP-H6FBQ5J","error":{}},"event":{"code":"13","kind":"event","provider":"Microsoft-Windows-Sysmon","created":"2026-04-15T13:13:46.589Z"},"log":{"file":{"path":"C:\\Users\\ivysa\\Downloads\\winlogbeat-9.3.3-windows-x86_64\\winlogbeat-9.3.3-windows-x86_64\\symon.evtx"},"level":"information"},"error":{"message":"failed to get the event message string: failed in EvtFormatMessage: The message resource is present but the message was not found in the message table."},"host":{"name":"DESKTOP-H6FBQ5J"},"ecs":{"version":"8.0.0"},"agent":{"type":"winlogbeat","version":"9.3.3","ephemeral_id":"f8d845b8-8ac1-43f8-9a65-a6e7c2082e2f","id":"0ae603cf-457e-4a6f-bbde-51c28f1a031e","name":"DESKTOP-IKR997B"}}
{"@timestamp":"2026-04-15T08:50:33.334Z","@metadata":{"beat":"winlogbeat","type":"_doc","version":"9.3.3"},"log":{"level":"information","file":{"path":"C:\\Users\\ivysa\\Downloads\\winlogbeat-9.3.3-windows-x86_64\\winlogbeat-9.3.3-windows-x86_64\\symon.evtx"}},"error":{"message":"failed to get the event message string: failed in EvtFormatMessage: The message resource is present but the message was not found in the message table."},"host":{"name":"DESKTOP-H6FBQ5J"},"winlog":{"user":{"identifier":"S-1-5-18","domain":"NT AUTHORITY","name":"SYSTEM","type":"Well Known Group"},"event_id":"13","version":2,"event_data":{"TargetObject":"HKCR\\Bandizip.z\\Shell\\Open\\Command\\(Default)","EventType":"SetValue","Details":"\"C:\\Program Files\\Bandizip\\Bandizip.exe\" \"장치\"","RuleName":"T1042","UtcTime":"2026-04-15 08:50:33.318","User":"DESKTOP-H6FBQ5J\\windows","Image":"C:\\Program Files\\Bandizip\\Bandizip.exe","ProcessGuid":"{8F7AB6F6-5159-69DF-9801-000000000500}","ProcessId":"568"},"channel":"Microsoft-Windows-Sysmon/Operational","opcode":"Info","provider_name":"Microsoft-Windows-Sysmon","process":{"pid":6668,"thread":{"id":6376}},"error":{},"record_id":159,"computer_name":"DESKTOP-H6FBQ5J","provider_guid":"{5770385F-C22A-43E0-BF4C-06F5698FFBD9}"},"ecs":{"version":"8.0.0"},"agent":{"ephemeral_id":"f8d845b8-8ac1-43f8-9a65-a6e7c2082e2f","id":"0ae603cf-457e-4a6f-bbde-51c28f1a031e","name":"DESKTOP-IKR997B","type":"winlogbeat","version":"9.3.3"},"event":{"provider":"Microsoft-Windows-Sysmon","created":"2026-04-15T13:13:46.589Z","code":"13","kind":"event"}}
{"@timestamp":"2026-04-15T08:50:33.335Z","@metadata":{"beat":"winlogbeat","type":"_doc","version":"9.3.3"},"agent":{"name":"DESKTOP-IKR997B","type":"winlogbeat","version":"9.3.3","ephemeral_id":"f8d845b8-8ac1-43f8-9a65-a6e7c2082e2f","id":"0ae603cf-457e-4a6f-bbde-51c28f1a031e"},"ecs":{"version":"8.0.0"},"winlog":{"version":2,"record_id":160,"computer_name":"DESKTOP-H6FBQ5J","provider_guid":"{5770385F-C22A-43E0-BF4C-06F5698FFBD9}","user":{"identifier":"S-1-5-18","domain":"NT AUTHORITY","name":"SYSTEM","type":"Well Known Group"},"error":{},"channel":"Microsoft-Windows-Sysmon/Operational","opcode":"Info","process":{"pid":6668,"thread":{"id":6376}},"event_id":"13","event_data":{"ProcessId":"568","EventType":"SetValue","TargetObject":"HKCR\\Bandizip.z\\Shell\\Open\\Command\\(Default)","Details":"\"C:\\Program Files\\Bandizip\\Bandizip.exe\" \"장치\"","UtcTime":"2026-04-15 08:50:33.318","ProcessGuid":"{8F7AB6F6-5159-69DF-9801-000000000500}","Image":"C:\\Program Files\\Bandizip\\Bandizip.exe","User":"DESKTOP-H6FBQ5J\\windows","RuleName":"T1042"},"provider_name":"Microsoft-Windows-Sysmon"},"event":{"created":"2026-04-15T13:13:46.589Z","code":"13","kind":"event","provider":"Microsoft-Windows-Sysmon"},"log":{"level":"information","file":{"path":"C:\\Users\\ivysa\\Downloads\\winlogbeat-9.3.3-windows-x86_64\\winlogbeat-9.3.3-windows-x86_64\\symon.evtx"}},"error":{"message":"failed to get the event message string: failed in EvtFormatMessage: The message resource is present but the message was not found in the message table."},"host":{"name":"DESKTOP-H6FBQ5J"}}
{"@timestamp":"2026-04-15T08:50:33.487Z","@metadata":{"beat":"winlogbeat","type":"_doc","version":"9.3.3"},"host":{"name":"DESKTOP-H6FBQ5J"},"winlog":{"computer_name":"DESKTOP-H6FBQ5J","version":2,"user":{"name":"SYSTEM","type":"Well Known Group","identifier":"S-1-5-18","domain":"NT AUTHORITY"},"process":{"pid":6668,"thread":{"id":6376}},"opcode":"Info","channel":"Microsoft-Windows-Sysmon/Operational","provider_name":"Microsoft-Windows-Sysmon","provider_guid":"{5770385F-C22A-43E0-BF4C-06F5698FFBD9}","event_data":{"RuleName":"T1042","ProcessGuid":"{8F7AB6F6-5159-69DF-9801-000000000500}","Details":"\"C:\\Program Files\\Bandizip\\Bandizip.exe\" \"장치\"","EventType":"SetValue","UtcTime":"2026-04-15 08:50:33.334","ProcessId":"568","Image":"C:\\Program Files\\Bandizip\\Bandizip.exe","TargetObject":"HKCR\\Bandizip.lz4\\Shell\\Open\\Command\\(Default)","User":"DESKTOP-H6FBQ5J\\windows"},"error":{},"event_id":"13","record_id":161},"ecs":{"version":"8.0.0"},"agent":{"id":"0ae603cf-457e-4a6f-bbde-51c28f1a031e","name":"DESKTOP-IKR997B","type":"winlogbeat","version":"9.3.3","ephemeral_id":"f8d845b8-8ac1-43f8-9a65-a6e7c2082e2f"},"event":{"created":"2026-04-15T13:13:46.589Z","code":"13","kind":"event","provider":"Microsoft-Windows-Sysmon"},"log":{"level":"information","file":{"path":"C:\\Users\\ivysa\\Downloads\\winlogbeat-9.3.3-windows-x86_64\\winlogbeat-9.3.3-windows-x86_64\\symon.evtx"}},"error":{"message":"failed to get the event message string: failed in EvtFormatMessage: The message resource is present but the message was not found in the message table."}}
{"@timestamp":"2026-04-15T08:50:33.487Z","@metadata":{"beat":"winlogbeat","type":"_doc","version":"9.3.3"},"ecs":{"version":"8.0.0"},"agent":{"ephemeral_id":"f8d845b8-8ac1-43f8-9a65-a6e7c2082e2f","id":"0ae603cf-457e-4a6f-bbde-51c28f1a031e","name":"DESKTOP-IKR997B","type":"winlogbeat","version":"9.3.3"},"winlog":{"event_id":"13","record_id":162,"version":2,"user":{"type":"Well Known Group","identifier":"S-1-5-18","domain":"NT AUTHORITY","name":"SYSTEM"},"event_data":{"UtcTime":"2026-04-15 08:50:33.334","Details":"\"C:\\Program Files\\Bandizip\\Bandizip.exe\" \"장치\"","ProcessGuid":"{8F7AB6F6-5159-69DF-9801-000000000500}","TargetObject":"HKCR\\Bandizip.lz4\\Shell\\Open\\Command\\(Default)","RuleName":"T1042","ProcessId":"568","Image":"C:\\Program Files\\Bandizip\\Bandizip.exe","User":"DESKTOP-H6FBQ5J\\windows","EventType":"SetValue"},"error":{},"channel":"Microsoft-Windows-Sysmon/Operational","provider_name":"Microsoft-Windows-Sysmon","computer_name":"DESKTOP-H6FBQ5J","opcode":"Info","provider_guid":"{5770385F-C22A-43E0-BF4C-06F5698FFBD9}","process":{"pid":6668,"thread":{"id":6376}}},"event":{"code":"13","kind":"event","provider":"Microsoft-Windows-Sysmon","created":"2026-04-15T13:13:46.589Z"},"log":{"file":{"path":"C:\\Users\\ivysa\\Downloads\\winlogbeat-9.3.3-windows-x86_64\\winlogbeat-9.3.3-windows-x86_64\\symon.evtx"},"level":"information"},"error":{"message":"failed to get the event message string: failed in EvtFormatMessage: The message resource is present but the message was not found in the message table."},"host":{"name":"DESKTOP-H6FBQ5J"}}
{"@timestamp":"2026-04-15T08:50:34.663Z","@metadata":{"beat":"winlogbeat","type":"_doc","version":"9.3.3"},"host":{"name":"DESKTOP-H6FBQ5J"},"winlog":{"process":{"thread":{"id":6376},"pid":6668},"provider_name":"Microsoft-Windows-Sysmon","provider_guid":"{5770385F-C22A-43E0-BF4C-06F5698FFBD9}","version":2,"error":{},"channel":"Microsoft-Windows-Sysmon/Operational","event_id":"13","record_id":163,"computer_name":"DESKTOP-H6FBQ5J","user":{"identifier":"S-1-5-18","domain":"NT AUTHORITY","name":"SYSTEM","type":"Well Known Group"},"event_data":{"ProcessGuid":"{8F7AB6F6-5159-69DF-9801-000000000500}","UtcTime":"2026-04-15 08:50:34.620","ProcessId":"568","TargetObject":"HKU\\S-1-5-21-3775872478-390322037-581647961-1001_Classes\\Bandizip.zip\\Shell\\Open\\Command\\(Default)","Details":"\"C:\\Program Files\\Bandizip\\Bandizip.exe\" \"장치\"","User":"DESKTOP-H6FBQ5J\\windows","EventType":"SetValue","RuleName":"T1042","Image":"C:\\Program Files\\Bandizip\\Bandizip.exe"},"opcode":"Info"},"event":{"created":"2026-04-15T13:13:46.589Z","code":"13","kind":"event","provider":"Microsoft-Windows-Sysmon"},"ecs":{"version":"8.0.0"},"agent":{"ephemeral_id":"f8d845b8-8ac1-43f8-9a65-a6e7c2082e2f","id":"0ae603cf-457e-4a6f-bbde-51c28f1a031e","name":"DESKTOP-IKR997B","type":"winlogbeat","version":"9.3.3"},"log":{"level":"information","file":{"path":"C:\\Users\\ivysa\\Downloads\\winlogbeat-9.3.3-windows-x86_64\\winlogbeat-9.3.3-windows-x86_64\\symon.evtx"}},"error":{"message":"failed to get the event message string: failed in EvtFormatMessage: The message resource is present but the message was not found in the message table."}}
{"@timestamp":"2026-04-15T08:50:34.664Z","@metadata":{"beat":"winlogbeat","type":"_doc","version":"9.3.3"},"log":{"level":"information","file":{"path":"C:\\Users\\ivysa\\Downloads\\winlogbeat-9.3.3-windows-x86_64\\winlogbeat-9.3.3-windows-x86_64\\symon.evtx"}},"ecs":{"version":"8.0.0"},"agent":{"ephemeral_id":"f8d845b8-8ac1-43f8-9a65-a6e7c2082e2f","id":"0ae603cf-457e-4a6f-bbde-51c28f1a031e","name":"DESKTOP-IKR997B","type":"winlogbeat","version":"9.3.3"},"error":{"message":"failed to get the event message string: failed in EvtFormatMessage: The message resource is present but the message was not found in the message table."},"host":{"name":"DESKTOP-H6FBQ5J"},"winlog":{"provider_guid":"{5770385F-C22A-43E0-BF4C-06F5698FFBD9}","error":{},"channel":"Microsoft-Windows-Sysmon/Operational","computer_name":"DESKTOP-H6FBQ5J","version":2,"event_data":{"Details":"\"C:\\Program Files\\Bandizip\\Bandizip.exe\" \"장치\"","UtcTime":"2026-04-15 08:50:34.621","ProcessGuid":"{8F7AB6F6-5159-69DF-9801-000000000500}","ProcessId":"568","Image":"C:\\Program Files\\Bandizip\\Bandizip.exe","TargetObject":"HKU\\S-1-5-21-3775872478-390322037-581647961-1001_Classes\\Bandizip.zip\\Shell\\Open\\Command\\(Default)","User":"DESKTOP-H6FBQ5J\\windows","EventType":"SetValue","RuleName":"T1042"},"event_id":"13","provider_name":"Microsoft-Windows-Sysmon","user":{"domain":"NT AUTHORITY","name":"SYSTEM","type":"Well Known Group","identifier":"S-1-5-18"},"process":{"pid":6668,"thread":{"id":6376}},"record_id":164,"opcode":"Info"},"event":{"kind":"event","provider":"Microsoft-Windows-Sysmon","created":"2026-04-15T13:13:46.589Z","code":"13"}}
{"@timestamp":"2026-04-15T08:50:34.664Z","@metadata":{"beat":"winlogbeat","type":"_doc","version":"9.3.3"},"winlog":{"computer_name":"DESKTOP-H6FBQ5J","user":{"domain":"NT AUTHORITY","name":"SYSTEM","type":"Well Known Group","identifier":"S-1-5-18"},"provider_name":"Microsoft-Windows-Sysmon","provider_guid":"{5770385F-C22A-43E0-BF4C-06F5698FFBD9}","event_data":{"UtcTime":"2026-04-15 08:50:34.622","ProcessId":"568","Details":"\"C:\\Program Files\\Bandizip\\Bandizip.exe\" \"장치\"","User":"DESKTOP-H6FBQ5J\\windows","EventType":"SetValue","Image":"C:\\Program Files\\Bandizip\\Bandizip.exe","ProcessGuid":"{8F7AB6F6-5159-69DF-9801-000000000500}","TargetObject":"HKU\\S-1-5-21-3775872478-390322037-581647961-1001_Classes\\Bandizip.zipx\\Shell\\Open\\Command\\(Default)","RuleName":"T1042"},"version":2,"process":{"thread":{"id":6376},"pid":6668},"error":{},"event_id":"13","record_id":165,"opcode":"Info","channel":"Microsoft-Windows-Sysmon/Operational"},"event":{"created":"2026-04-15T13:13:46.589Z","code":"13","kind":"event","provider":"Microsoft-Windows-Sysmon"},"log":{"level":"information","file":{"path":"C:\\Users\\ivysa\\Downloads\\winlogbeat-9.3.3-windows-x86_64\\winlogbeat-9.3.3-windows-x86_64\\symon.evtx"}},"error":{"message":"failed to get the event message string: failed in EvtFormatMessage: The message resource is present but the message was not found in the message table."},"host":{"name":"DESKTOP-H6FBQ5J"},"ecs":{"version":"8.0.0"},"agent":{"version":"9.3.3","ephemeral_id":"f8d845b8-8ac1-43f8-9a65-a6e7c2082e2f","id":"0ae603cf-457e-4a6f-bbde-51c28f1a031e","name":"DESKTOP-IKR997B","type":"winlogbeat"}}
{"@timestamp":"2026-04-15T08:50:34.665Z","@metadata":{"beat":"winlogbeat","type":"_doc","version":"9.3.3"},"log":{"level":"information","file":{"path":"C:\\Users\\ivysa\\Downloads\\winlogbeat-9.3.3-windows-x86_64\\winlogbeat-9.3.3-windows-x86_64\\symon.evtx"}},"error":{"message":"failed to get the event message string: failed in EvtFormatMessage: The message resource is present but the message was not found in the message table."},"ecs":{"version":"8.0.0"},"agent":{"id":"0ae603cf-457e-4a6f-bbde-51c28f1a031e","name":"DESKTOP-IKR997B","type":"winlogbeat","version":"9.3.3","ephemeral_id":"f8d845b8-8ac1-43f8-9a65-a6e7c2082e2f"},"host":{"name":"DESKTOP-H6FBQ5J"},"winlog":{"process":{"pid":6668,"thread":{"id":6376}},"error":{},"computer_name":"DESKTOP-H6FBQ5J","opcode":"Info","provider_guid":"{5770385F-C22A-43E0-BF4C-06F5698FFBD9}","event_data":{"TargetObject":"HKU\\S-1-5-21-3775872478-390322037-581647961-1001_Classes\\Bandizip.zipx\\Shell\\Open\\Command\\(Default)","Details":"\"C:\\Program Files\\Bandizip\\Bandizip.exe\" \"장치\"","UtcTime":"2026-04-15 08:50:34.622","User":"DESKTOP-H6FBQ5J\\windows","Image":"C:\\Program Files\\Bandizip\\Bandizip.exe","RuleName":"T1042","EventType":"SetValue","ProcessGuid":"{8F7AB6F6-5159-69DF-9801-000000000500}","ProcessId":"568"},"record_id":166,"version":2,"channel":"Microsoft-Windows-Sysmon/Operational","event_id":"13","provider_name":"Microsoft-Windows-Sysmon","user":{"identifier":"S-1-5-18","domain":"NT AUTHORITY","name":"SYSTEM","type":"Well Known Group"}},"event":{"created":"2026-04-15T13:13:46.589Z","code":"13","kind":"event","provider":"Microsoft-Windows-Sysmon"}}
{"@timestamp":"2026-04-15T08:50:34.665Z","@metadata":{"beat":"winlogbeat","type":"_doc","version":"9.3.3"},"error":{"message":"failed to get the event message string: failed in EvtFormatMessage: The message resource is present but the message was not found in the message table."},"host":{"name":"DESKTOP-H6FBQ5J"},"winlog":{"provider_guid":"{5770385F-C22A-43E0-BF4C-06F5698FFBD9}","version":2,"event_data":{"User":"DESKTOP-H6FBQ5J\\windows","TargetObject":"HKU\\S-1-5-21-3775872478-390322037-581647961-1001_Classes\\Bandizip.rar\\Shell\\Open\\Command\\(Default)","UtcTime":"2026-04-15 08:50:34.623","ProcessGuid":"{8F7AB6F6-5159-69DF-9801-000000000500}","ProcessId":"568","EventType":"SetValue","Image":"C:\\Program Files\\Bandizip\\Bandizip.exe","Details":"\"C:\\Program Files\\Bandizip\\Bandizip.exe\" \"장치\"","RuleName":"T1042"},"process":{"pid":6668,"thread":{"id":6376}},"record_id":167,"computer_name":"DESKTOP-H6FBQ5J","user":{"domain":"NT AUTHORITY","name":"SYSTEM","type":"Well Known Group","identifier":"S-1-5-18"},"error":{},"channel":"Microsoft-Windows-Sysmon/Operational","event_id":"13","provider_name":"Microsoft-Windows-Sysmon","opcode":"Info"},"event":{"created":"2026-04-15T13:13:46.589Z","code":"13","kind":"event","provider":"Microsoft-Windows-Sysmon"},"ecs":{"version":"8.0.0"},"agent":{"ephemeral_id":"f8d845b8-8ac1-43f8-9a65-a6e7c2082e2f","id":"0ae603cf-457e-4a6f-bbde-51c28f1a031e","name":"DESKTOP-IKR997B","type":"winlogbeat","version":"9.3.3"},"log":{"level":"information","file":{"path":"C:\\Users\\ivysa\\Downloads\\winlogbeat-9.3.3-windows-x86_64\\winlogbeat-9.3.3-windows-x86_64\\symon.evtx"}}}
{"@timestamp":"2026-04-15T08:50:34.666Z","@metadata":{"beat":"winlogbeat","type":"_doc","version":"9.3.3"},"ecs":{"version":"8.0.0"},"agent":{"version":"9.3.3","ephemeral_id":"f8d845b8-8ac1-43f8-9a65-a6e7c2082e2f","id":"0ae603cf-457e-4a6f-bbde-51c28f1a031e","name":"DESKTOP-IKR997B","type":"winlogbeat"},"winlog":{"computer_name":"DESKTOP-H6FBQ5J","provider_name":"Microsoft-Windows-Sysmon","opcode":"Info","provider_guid":"{5770385F-C22A-43E0-BF4C-06F5698FFBD9}","error":{},"event_id":"13","version":2,"user":{"type":"Well Known Group","identifier":"S-1-5-18","domain":"NT AUTHORITY","name":"SYSTEM"},"event_data":{"EventType":"SetValue","ProcessGuid":"{8F7AB6F6-5159-69DF-9801-000000000500}","Image":"C:\\Program Files\\Bandizip\\Bandizip.exe","RuleName":"T1042","UtcTime":"2026-04-15 08:50:34.624","ProcessId":"568","TargetObject":"HKU\\S-1-5-21-3775872478-390322037-581647961-1001_Classes\\Bandizip.rar\\Shell\\Open\\Command\\(Default)","Details":"\"C:\\Program Files\\Bandizip\\Bandizip.exe\" \"장치\"","User":"DESKTOP-H6FBQ5J\\windows"},"process":{"pid":6668,"thread":{"id":6376}},"channel":"Microsoft-Windows-Sysmon/Operational","record_id":168},"event":{"kind":"event","provider":"Microsoft-Windows-Sysmon","created":"2026-04-15T13:13:46.589Z","code":"13"},"log":{"level":"information","file":{"path":"C:\\Users\\ivysa\\Downloads\\winlogbeat-9.3.3-windows-x86_64\\winlogbeat-9.3.3-windows-x86_64\\symon.evtx"}},"error":{"message":"failed to get the event message string: failed in EvtFormatMessage: The message resource is present but the message was not found in the message table."},"host":{"name":"DESKTOP-H6FBQ5J"}}
{"@timestamp":"2026-04-15T08:50:34.666Z","@metadata":{"beat":"winlogbeat","type":"_doc","version":"9.3.3"},"ecs":{"version":"8.0.0"},"agent":{"ephemeral_id":"f8d845b8-8ac1-43f8-9a65-a6e7c2082e2f","id":"0ae603cf-457e-4a6f-bbde-51c28f1a031e","name":"DESKTOP-IKR997B","type":"winlogbeat","version":"9.3.3"},"winlog":{"version":2,"record_id":169,"user":{"identifier":"S-1-5-18","domain":"NT AUTHORITY","name":"SYSTEM","type":"Well Known Group"},"process":{"pid":6668,"thread":{"id":6376}},"channel":"Microsoft-Windows-Sysmon/Operational","error":{},"computer_name":"DESKTOP-H6FBQ5J","opcode":"Info","event_data":{"ProcessId":"568","Details":"\"C:\\Program Files\\Bandizip\\Bandizip.exe\" \"장치\"","User":"DESKTOP-H6FBQ5J\\windows","RuleName":"T1042","EventType":"SetValue","Image":"C:\\Program Files\\Bandizip\\Bandizip.exe","TargetObject":"HKU\\S-1-5-21-3775872478-390322037-581647961-1001_Classes\\Bandizip.7z\\Shell\\Open\\Command\\(Default)","UtcTime":"2026-04-15 08:50:34.625","ProcessGuid":"{8F7AB6F6-5159-69DF-9801-000000000500}"},"event_id":"13","provider_name":"Microsoft-Windows-Sysmon","provider_guid":"{5770385F-C22A-43E0-BF4C-06F5698FFBD9}"},"event":{"created":"2026-04-15T13:13:46.589Z","code":"13","kind":"event","provider":"Microsoft-Windows-Sysmon"},"log":{"level":"information","file":{"path":"C:\\Users\\ivysa\\Downloads\\winlogbeat-9.3.3-windows-x86_64\\winlogbeat-9.3.3-windows-x86_64\\symon.evtx"}},"error":{"message":"failed to get the event message string: failed in EvtFormatMessage: The message resource is present but the message was not found in the message table."},"host":{"name":"DESKTOP-H6FBQ5J"}}
{"@timestamp":"2026-04-15T08:50:34.666Z","@metadata":{"beat":"winlogbeat","type":"_doc","version":"9.3.3"},"log":{"level":"information","file":{"path":"C:\\Users\\ivysa\\Downloads\\winlogbeat-9.3.3-windows-x86_64\\winlogbeat-9.3.3-windows-x86_64\\symon.evtx"}},"error":{"message":"failed to get the event message string: failed in EvtFormatMessage: The message resource is present but the message was not found in the message table."},"host":{"name":"DESKTOP-H6FBQ5J"},"ecs":{"version":"8.0.0"},"agent":{"ephemeral_id":"f8d845b8-8ac1-43f8-9a65-a6e7c2082e2f","id":"0ae603cf-457e-4a6f-bbde-51c28f1a031e","name":"DESKTOP-IKR997B","type":"winlogbeat","version":"9.3.3"},"winlog":{"error":{},"event_id":"13","record_id":170,"opcode":"Info","provider_guid":"{5770385F-C22A-43E0-BF4C-06F5698FFBD9}","computer_name":"DESKTOP-H6FBQ5J","event_data":{"RuleName":"T1042","ProcessId":"568","Image":"C:\\Program Files\\Bandizip\\Bandizip.exe","TargetObject":"HKU\\S-1-5-21-3775872478-390322037-581647961-1001_Classes\\Bandizip.7z\\Shell\\Open\\Command\\(Default)","Details":"\"C:\\Program Files\\Bandizip\\Bandizip.exe\" \"장치\"","EventType":"SetValue","User":"DESKTOP-H6FBQ5J\\windows","ProcessGuid":"{8F7AB6F6-5159-69DF-9801-000000000500}","UtcTime":"2026-04-15 08:50:34.626"},"process":{"pid":6668,"thread":{"id":6376}},"provider_name":"Microsoft-Windows-Sysmon","user":{"identifier":"S-1-5-18","domain":"NT AUTHORITY","name":"SYSTEM","type":"Well Known Group"},"channel":"Microsoft-Windows-Sysmon/Operational","version":2},"event":{"created":"2026-04-15T13:13:46.589Z","code":"13","kind":"event","provider":"Microsoft-Windows-Sysmon"}}
{"@timestamp":"2026-04-15T08:50:34.667Z","@metadata":{"beat":"winlogbeat","type":"_doc","version":"9.3.3"},"host":{"name":"DESKTOP-H6FBQ5J"},"ecs":{"version":"8.0.0"},"agent":{"name":"DESKTOP-IKR997B","type":"winlogbeat","version":"9.3.3","ephemeral_id":"f8d845b8-8ac1-43f8-9a65-a6e7c2082e2f","id":"0ae603cf-457e-4a6f-bbde-51c28f1a031e"},"winlog":{"channel":"Microsoft-Windows-Sysmon/Operational","event_id":"13","version":2,"user":{"type":"Well Known Group","identifier":"S-1-5-18","domain":"NT AUTHORITY","name":"SYSTEM"},"record_id":171,"process":{"pid":6668,"thread":{"id":6376}},"error":{},"provider_guid":"{5770385F-C22A-43E0-BF4C-06F5698FFBD9}","provider_name":"Microsoft-Windows-Sysmon","computer_name":"DESKTOP-H6FBQ5J","opcode":"Info","event_data":{"UtcTime":"2026-04-15 08:50:34.627","Image":"C:\\Program Files\\Bandizip\\Bandizip.exe","Details":"\"C:\\Program Files\\Bandizip\\Bandizip.exe\" \"장치\"","RuleName":"T1042","ProcessGuid":"{8F7AB6F6-5159-69DF-9801-000000000500}","TargetObject":"HKU\\S-1-5-21-3775872478-390322037-581647961-1001_Classes\\Bandizip.alz\\Shell\\Open\\Command\\(Default)","User":"DESKTOP-H6FBQ5J\\windows","ProcessId":"568","EventType":"SetValue"}},"event":{"kind":"event","provider":"Microsoft-Windows-Sysmon","created":"2026-04-15T13:13:46.589Z","code":"13"},"log":{"level":"information","file":{"path":"C:\\Users\\ivysa\\Downloads\\winlogbeat-9.3.3-windows-x86_64\\winlogbeat-9.3.3-windows-x86_64\\symon.evtx"}},"error":{"message":"failed to get the event message string: failed in EvtFormatMessage: The message resource is present but the message was not found in the message table."}}
{"@timestamp":"2026-04-15T08:50:34.667Z","@metadata":{"beat":"winlogbeat","type":"_doc","version":"9.3.3"},"event":{"kind":"event","provider":"Microsoft-Windows-Sysmon","created":"2026-04-15T13:13:46.590Z","code":"13"},"ecs":{"version":"8.0.0"},"agent":{"ephemeral_id":"f8d845b8-8ac1-43f8-9a65-a6e7c2082e2f","id":"0ae603cf-457e-4a6f-bbde-51c28f1a031e","name":"DESKTOP-IKR997B","type":"winlogbeat","version":"9.3.3"},"log":{"file":{"path":"C:\\Users\\ivysa\\Downloads\\winlogbeat-9.3.3-windows-x86_64\\winlogbeat-9.3.3-windows-x86_64\\symon.evtx"},"level":"information"},"error":{"message":"failed to get the event message string: failed in EvtFormatMessage: The message resource is present but the message was not found in the message table."},"host":{"name":"DESKTOP-H6FBQ5J"},"winlog":{"record_id":172,"opcode":"Info","provider_name":"Microsoft-Windows-Sysmon","version":2,"channel":"Microsoft-Windows-Sysmon/Operational","event_id":"13","provider_guid":"{5770385F-C22A-43E0-BF4C-06F5698FFBD9}","process":{"pid":6668,"thread":{"id":6376}},"error":{},"computer_name":"DESKTOP-H6FBQ5J","user":{"type":"Well Known Group","identifier":"S-1-5-18","domain":"NT AUTHORITY","name":"SYSTEM"},"event_data":{"RuleName":"T1042","EventType":"SetValue","User":"DESKTOP-H6FBQ5J\\windows","ProcessGuid":"{8F7AB6F6-5159-69DF-9801-000000000500}","Image":"C:\\Program Files\\Bandizip\\Bandizip.exe","TargetObject":"HKU\\S-1-5-21-3775872478-390322037-581647961-1001_Classes\\Bandizip.alz\\Shell\\Open\\Command\\(Default)","UtcTime":"2026-04-15 08:50:34.627","ProcessId":"568","Details":"\"C:\\Program Files\\Bandizip\\Bandizip.exe\" \"장치\""}}}
{"@timestamp":"2026-04-15T08:50:34.668Z","@metadata":{"beat":"winlogbeat","type":"_doc","version":"9.3.3"},"ecs":{"version":"8.0.0"},"host":{"name":"DESKTOP-H6FBQ5J"},"winlog":{"event_data":{"EventType":"SetValue","UtcTime":"2026-04-15 08:50:34.628","ProcessId":"568","TargetObject":"HKU\\S-1-5-21-3775872478-390322037-581647961-1001_Classes\\Bandizip.egg\\Shell\\Open\\Command\\(Default)","Details":"\"C:\\Program Files\\Bandizip\\Bandizip.exe\" \"장치\"","Image":"C:\\Program Files\\Bandizip\\Bandizip.exe","RuleName":"T1042","ProcessGuid":"{8F7AB6F6-5159-69DF-9801-000000000500}","User":"DESKTOP-H6FBQ5J\\windows"},"version":2,"process":{"thread":{"id":6376},"pid":6668},"event_id":"13","provider_name":"Microsoft-Windows-Sysmon","record_id":173,"opcode":"Info","error":{},"computer_name":"DESKTOP-H6FBQ5J","provider_guid":"{5770385F-C22A-43E0-BF4C-06F5698FFBD9}","channel":"Microsoft-Windows-Sysmon/Operational","user":{"identifier":"S-1-5-18","domain":"NT AUTHORITY","name":"SYSTEM","type":"Well Known Group"}},"event":{"created":"2026-04-15T13:13:46.590Z","code":"13","kind":"event","provider":"Microsoft-Windows-Sysmon"},"log":{"level":"information","file":{"path":"C:\\Users\\ivysa\\Downloads\\winlogbeat-9.3.3-windows-x86_64\\winlogbeat-9.3.3-windows-x86_64\\symon.evtx"}},"error":{"message":"failed to get the event message string: failed in EvtFormatMessage: The message resource is present but the message was not found in the message table."},"agent":{"version":"9.3.3","ephemeral_id":"f8d845b8-8ac1-43f8-9a65-a6e7c2082e2f","id":"0ae603cf-457e-4a6f-bbde-51c28f1a031e","name":"DESKTOP-IKR997B","type":"winlogbeat"}}
{"@timestamp":"2026-04-15T08:50:34.668Z","@metadata":{"beat":"winlogbeat","type":"_doc","version":"9.3.3"},"ecs":{"version":"8.0.0"},"agent":{"id":"0ae603cf-457e-4a6f-bbde-51c28f1a031e","name":"DESKTOP-IKR997B","type":"winlogbeat","version":"9.3.3","ephemeral_id":"f8d845b8-8ac1-43f8-9a65-a6e7c2082e2f"},"event":{"created":"2026-04-15T13:13:46.590Z","code":"13","kind":"event","provider":"Microsoft-Windows-Sysmon"},"log":{"level":"information","file":{"path":"C:\\Users\\ivysa\\Downloads\\winlogbeat-9.3.3-windows-x86_64\\winlogbeat-9.3.3-windows-x86_64\\symon.evtx"}},"error":{"message":"failed to get the event message string: failed in EvtFormatMessage: The message resource is present but the message was not found in the message table."},"host":{"name":"DESKTOP-H6FBQ5J"},"winlog":{"provider_guid":"{5770385F-C22A-43E0-BF4C-06F5698FFBD9}","channel":"Microsoft-Windows-Sysmon/Operational","provider_name":"Microsoft-Windows-Sysmon","user":{"domain":"NT AUTHORITY","name":"SYSTEM","type":"Well Known Group","identifier":"S-1-5-18"},"event_data":{"TargetObject":"HKU\\S-1-5-21-3775872478-390322037-581647961-1001_Classes\\Bandizip.egg\\Shell\\Open\\Command\\(Default)","RuleName":"T1042","ProcessGuid":"{8F7AB6F6-5159-69DF-9801-000000000500}","Image":"C:\\Program Files\\Bandizip\\Bandizip.exe","Details":"\"C:\\Program Files\\Bandizip\\Bandizip.exe\" \"장치\"","UtcTime":"2026-04-15 08:50:34.629","User":"DESKTOP-H6FBQ5J\\windows","EventType":"SetValue","ProcessId":"568"},"computer_name":"DESKTOP-H6FBQ5J","process":{"pid":6668,"thread":{"id":6376}},"error":{},"event_id":"13","opcode":"Info","version":2,"record_id":174}}
{"@timestamp":"2026-04-15T08:50:34.669Z","@metadata":{"beat":"winlogbeat","type":"_doc","version":"9.3.3"},"error":{"message":"failed to get the event message string: failed in EvtFormatMessage: The message resource is present but the message was not found in the message table."},"host":{"name":"DESKTOP-H6FBQ5J"},"winlog":{"computer_name":"DESKTOP-H6FBQ5J","opcode":"Info","channel":"Microsoft-Windows-Sysmon/Operational","event_id":"13","version":2,"event_data":{"RuleName":"T1042","ProcessId":"568","User":"DESKTOP-H6FBQ5J\\windows","Details":"\"C:\\Program Files\\Bandizip\\Bandizip.exe\" \"장치\"","UtcTime":"2026-04-15 08:50:34.630","Image":"C:\\Program Files\\Bandizip\\Bandizip.exe","EventType":"SetValue","ProcessGuid":"{8F7AB6F6-5159-69DF-9801-000000000500}","TargetObject":"HKU\\S-1-5-21-3775872478-390322037-581647961-1001_Classes\\Bandizip.cab\\Shell\\Open\\Command\\(Default)"},"error":{},"record_id":175,"user":{"name":"SYSTEM","type":"Well Known Group","identifier":"S-1-5-18","domain":"NT AUTHORITY"},"provider_name":"Microsoft-Windows-Sysmon","provider_guid":"{5770385F-C22A-43E0-BF4C-06F5698FFBD9}","process":{"pid":6668,"thread":{"id":6376}}},"event":{"created":"2026-04-15T13:13:46.590Z","code":"13","kind":"event","provider":"Microsoft-Windows-Sysmon"},"log":{"level":"information","file":{"path":"C:\\Users\\ivysa\\Downloads\\winlogbeat-9.3.3-windows-x86_64\\winlogbeat-9.3.3-windows-x86_64\\symon.evtx"}},"agent":{"type":"winlogbeat","version":"9.3.3","ephemeral_id":"f8d845b8-8ac1-43f8-9a65-a6e7c2082e2f","id":"0ae603cf-457e-4a6f-bbde-51c28f1a031e","name":"DESKTOP-IKR997B"},"ecs":{"version":"8.0.0"}}
{"@timestamp":"2026-04-15T08:50:34.669Z","@metadata":{"beat":"winlogbeat","type":"_doc","version":"9.3.3"},"host":{"name":"DESKTOP-H6FBQ5J"},"ecs":{"version":"8.0.0"},"agent":{"name":"DESKTOP-IKR997B","type":"winlogbeat","version":"9.3.3","ephemeral_id":"f8d845b8-8ac1-43f8-9a65-a6e7c2082e2f","id":"0ae603cf-457e-4a6f-bbde-51c28f1a031e"},"winlog":{"channel":"Microsoft-Windows-Sysmon/Operational","record_id":176,"user":{"name":"SYSTEM","type":"Well Known Group","identifier":"S-1-5-18","domain":"NT AUTHORITY"},"process":{"pid":6668,"thread":{"id":6376}},"error":{},"event_id":"13","provider_name":"Microsoft-Windows-Sysmon","provider_guid":"{5770385F-C22A-43E0-BF4C-06F5698FFBD9}","version":2,"event_data":{"Details":"\"C:\\Program Files\\Bandizip\\Bandizip.exe\" \"장치\"","UtcTime":"2026-04-15 08:50:34.630","User":"DESKTOP-H6FBQ5J\\windows","RuleName":"T1042","EventType":"SetValue","ProcessGuid":"{8F7AB6F6-5159-69DF-9801-000000000500}","TargetObject":"HKU\\S-1-5-21-3775872478-390322037-581647961-1001_Classes\\Bandizip.cab\\Shell\\Open\\Command\\(Default)","ProcessId":"568","Image":"C:\\Program Files\\Bandizip\\Bandizip.exe"},"computer_name":"DESKTOP-H6FBQ5J","opcode":"Info"},"event":{"created":"2026-04-15T13:13:46.590Z","code":"13","kind":"event","provider":"Microsoft-Windows-Sysmon"},"log":{"level":"information","file":{"path":"C:\\Users\\ivysa\\Downloads\\winlogbeat-9.3.3-windows-x86_64\\winlogbeat-9.3.3-windows-x86_64\\symon.evtx"}},"error":{"message":"failed to get the event message string: failed in EvtFormatMessage: The message resource is present but the message was not found in the message table."}}
