{"@timestamp":"2026-04-15T09:01:01.813Z","@metadata":{"beat":"winlogbeat","type":"_doc","version":"9.3.3"},"agent":{"ephemeral_id":"f8d845b8-8ac1-43f8-9a65-a6e7c2082e2f","id":"0ae603cf-457e-4a6f-bbde-51c28f1a031e","name":"DESKTOP-IKR997B","type":"winlogbeat","version":"9.3.3"},"winlog":{"channel":"Microsoft-Windows-Sysmon/Operational","opcode":"Info","version":5,"event_id":"1","computer_name":"DESKTOP-H6FBQ5J","provider_guid":"{5770385F-C22A-43E0-BF4C-06F5698FFBD9}","error":{},"record_id":633,"user":{"name":"SYSTEM","type":"Well Known Group","identifier":"S-1-5-18","domain":"NT AUTHORITY"},"event_data":{"CommandLine":"C:\\Windows\\system32\\rundll32.exe Startupscan.dll,SusRunTask","ParentUser":"NT AUTHORITY\\SYSTEM","ProcessGuid":"{8F7AB6F6-53CD-69DF-1202-000000000500}","LogonId":"0x12b58","User":"DESKTOP-H6FBQ5J\\windows","IntegrityLevel":"Medium","ParentProcessGuid":"{8F7AB6F6-4E82-69DF-1B00-000000000500}","UtcTime":"2026-04-15 09:01:01.812","Description":"Windows host process (Rundll32)","RuleName":"-","Hashes":"MD5=C73BA51880F5A7FB20C84185A23212EF,SHA256=01B407AF0200B66A34D9B1FA6D9EAAB758EFA36A36BB99B554384F59F8690B1A,IMPHASH=F27A7FC3A53E74F45BE370131953896A","ParentProcessId":"420","FileVersion":"10.0.17763.1 (WinBuild.160101.0800)","ParentCommandLine":"C:\\Windows\\system32\\svchost.exe -k netsvcs -p -s Schedule","Product":"Microsoft® Windows® Operating System","Image":"C:\\Windows\\System32\\rundll32.exe","OriginalFileName":"RUNDLL32.EXE","ParentImage":"C:\\Windows\\System32\\svchost.exe","CurrentDirectory":"C:\\Windows\\system32\\","TerminalSessionId":"1","ProcessId":"1076","Company":"Microsoft Corporation","LogonGuid":"{8F7AB6F6-4E83-69DF-582B-010000000000}"},"process":{"thread":{"id":6376},"pid":6668},"provider_name":"Microsoft-Windows-Sysmon"},"event":{"created":"2026-04-15T13:13:46.685Z","code":"1","kind":"event","provider":"Microsoft-Windows-Sysmon"},"log":{"level":"information","file":{"path":"C:\\Users\\ivysa\\Downloads\\winlogbeat-9.3.3-windows-x86_64\\winlogbeat-9.3.3-windows-x86_64\\symon.evtx"}},"error":{"message":"failed to get the event message string: failed in EvtFormatMessage: The message resource is present but the message was not found in the message table."},"host":{"name":"DESKTOP-H6FBQ5J"},"ecs":{"version":"8.0.0"}}
{"@timestamp":"2026-04-15T09:01:01.864Z","@metadata":{"beat":"winlogbeat","type":"_doc","version":"9.3.3"},"host":{"name":"DESKTOP-H6FBQ5J"},"winlog":{"provider_guid":"{5770385F-C22A-43E0-BF4C-06F5698FFBD9}","version":5,"user":{"type":"Well Known Group","identifier":"S-1-5-18","domain":"NT AUTHORITY","name":"SYSTEM"},"event_data":{"ParentProcessId":"420","ProcessGuid":"{8F7AB6F6-53CD-69DF-1302-000000000500}","Product":"Microsoft® Windows® Operating System","User":"DESKTOP-H6FBQ5J\\windows","LogonId":"0x12b19","Description":"Disk Space Cleanup Manager for Windows","ParentImage":"C:\\Windows\\System32\\svchost.exe","FileVersion":"10.0.17763.1 (WinBuild.160101.0800)","ParentCommandLine":"C:\\Windows\\system32\\svchost.exe -k netsvcs -p -s Schedule","OriginalFileName":"CLEANMGR.DLL","UtcTime":"2026-04-15 09:01:01.841","CurrentDirectory":"C:\\Windows\\system32\\","TerminalSessionId":"1","Company":"Microsoft Corporation","ParentUser":"NT AUTHORITY\\SYSTEM","IntegrityLevel":"High","ProcessId":"564","Image":"C:\\Windows\\System32\\cleanmgr.exe","CommandLine":"C:\\Windows\\system32\\cleanmgr.exe /autoclean /d C:","LogonGuid":"{8F7AB6F6-4E83-69DF-192B-010000000000}","RuleName":"-","Hashes":"MD5=FC13869B5250959618FA81B9AAA2BDF8,SHA256=1BDAB94440132410D1AB623DED8F2427B34C233A063A150617AF271B9394025B,IMPHASH=7584FA8DCE2F762EE14571E18B3B4F97","ParentProcessGuid":"{8F7AB6F6-4E82-69DF-1B00-000000000500}"},"process":{"thread":{"id":6376},"pid":6668},"channel":"Microsoft-Windows-Sysmon/Operational","record_id":634,"opcode":"Info","event_id":"1","error":{},"provider_name":"Microsoft-Windows-Sysmon","computer_name":"DESKTOP-H6FBQ5J"},"agent":{"ephemeral_id":"f8d845b8-8ac1-43f8-9a65-a6e7c2082e2f","id":"0ae603cf-457e-4a6f-bbde-51c28f1a031e","name":"DESKTOP-IKR997B","type":"winlogbeat","version":"9.3.3"},"ecs":{"version":"8.0.0"},"event":{"provider":"Microsoft-Windows-Sysmon","created":"2026-04-15T13:13:46.685Z","code":"1","kind":"event"},"log":{"file":{"path":"C:\\Users\\ivysa\\Downloads\\winlogbeat-9.3.3-windows-x86_64\\winlogbeat-9.3.3-windows-x86_64\\symon.evtx"},"level":"information"},"error":{"message":"failed to get the event message string: failed in EvtFormatMessage: The message resource is present but the message was not found in the message table."}}
{"@timestamp":"2026-04-15T09:01:01.865Z","@metadata":{"beat":"winlogbeat","type":"_doc","version":"9.3.3"},"agent":{"ephemeral_id":"f8d845b8-8ac1-43f8-9a65-a6e7c2082e2f","id":"0ae603cf-457e-4a6f-bbde-51c28f1a031e","name":"DESKTOP-IKR997B","type":"winlogbeat","version":"9.3.3"},"host":{"name":"DESKTOP-H6FBQ5J"},"winlog":{"process":{"pid":6668,"thread":{"id":6376}},"error":{},"event_id":"1","record_id":635,"version":5,"computer_name":"DESKTOP-H6FBQ5J","channel":"Microsoft-Windows-Sysmon/Operational","provider_guid":"{5770385F-C22A-43E0-BF4C-06F5698FFBD9}","user":{"type":"Well Known Group","identifier":"S-1-5-18","domain":"NT AUTHORITY","name":"SYSTEM"},"provider_name":"Microsoft-Windows-Sysmon","opcode":"Info","event_data":{"ParentImage":"C:\\Windows\\System32\\svchost.exe","UtcTime":"2026-04-15 09:01:01.855","ParentProcessGuid":"{8F7AB6F6-4E82-69DF-1B00-000000000500}","Description":"Microsoft Malware Protection Command Line Utility","OriginalFileName":"MpCmdRun.exe","RuleName":"-","FileVersion":"4.18.1807.18075 (GitEnlistment(winpbld).180719-0853)","User":"NT AUTHORITY\\SYSTEM","ParentCommandLine":"C:\\Windows\\system32\\svchost.exe -k netsvcs -p -s Schedule","ParentProcessId":"420","ProcessId":"1256","Hashes":"MD5=288D836B81E809EB33CDCCAA9D1AB395,SHA256=81F85A88DD1829663D5E748CA95709EFF5328444BBDB2C888F85124D939F6899,IMPHASH=FFAEA1E2634A3119C40B178379C9863F","Image":"C:\\Program Files\\Windows Defender\\MpCmdRun.exe","IntegrityLevel":"System","CurrentDirectory":"C:\\Windows\\system32\\","LogonGuid":"{8F7AB6F6-4E81-69DF-E703-000000000000}","ProcessGuid":"{8F7AB6F6-53CD-69DF-1402-000000000500}","TerminalSessionId":"0","Product":"Microsoft® Windows® Operating System","ParentUser":"NT AUTHORITY\\SYSTEM","Company":"Microsoft Corporation","CommandLine":"\"C:\\Program Files\\Windows Defender\\MpCmdRun.exe\" Scan -ScheduleJob -ScanTrigger 55","LogonId":"0x3e7"}},"event":{"provider":"Microsoft-Windows-Sysmon","created":"2026-04-15T13:13:46.685Z","code":"1","kind":"event"},"log":{"level":"information","file":{"path":"C:\\Users\\ivysa\\Downloads\\winlogbeat-9.3.3-windows-x86_64\\winlogbeat-9.3.3-windows-x86_64\\symon.evtx"}},"error":{"message":"failed to get the event message string: failed in EvtFormatMessage: The message resource is present but the message was not found in the message table."},"ecs":{"version":"8.0.0"}}
{"@timestamp":"2026-04-15T09:01:01.905Z","@metadata":{"beat":"winlogbeat","type":"_doc","version":"9.3.3"},"event":{"kind":"event","provider":"Microsoft-Windows-Sysmon","created":"2026-04-15T13:13:46.685Z","code":"1"},"log":{"level":"information","file":{"path":"C:\\Users\\ivysa\\Downloads\\winlogbeat-9.3.3-windows-x86_64\\winlogbeat-9.3.3-windows-x86_64\\symon.evtx"}},"error":{"message":"failed to get the event message string: failed in EvtFormatMessage: The message resource is present but the message was not found in the message table."},"host":{"name":"DESKTOP-H6FBQ5J"},"winlog":{"record_id":636,"provider_name":"Microsoft-Windows-Sysmon","event_data":{"RuleName":"-","FileVersion":"10.0.17763.1 (WinBuild.160101.0800)","OriginalFileName":"taskhostw.exe","Image":"C:\\Windows\\System32\\taskhostw.exe","CommandLine":"taskhostw.exe","TerminalSessionId":"0","User":"NT AUTHORITY\\LOCAL SERVICE","IntegrityLevel":"System","Company":"Microsoft Corporation","LogonId":"0x3e5","ParentUser":"NT AUTHORITY\\SYSTEM","ParentProcessGuid":"{8F7AB6F6-4E82-69DF-1B00-000000000500}","ParentImage":"C:\\Windows\\System32\\svchost.exe","ParentCommandLine":"C:\\Windows\\system32\\svchost.exe -k netsvcs -p -s Schedule","LogonGuid":"{8F7AB6F6-4E82-69DF-E503-000000000000}","UtcTime":"2026-04-15 09:01:01.870","ProcessGuid":"{8F7AB6F6-53CD-69DF-1502-000000000500}","ParentProcessId":"420","ProcessId":"4424","Description":"Host Process for Windows Tasks","Hashes":"MD5=F225F37717C8D714B56CF21C7C1E9C34,SHA256=E272D0E33299BCA60479683EAE0D9B5D880293C01B337D5759FEE812EA631A39,IMPHASH=9839C7FD9649496B162F72128209528A","Product":"Microsoft® Windows® Operating System","CurrentDirectory":"C:\\Windows\\system32\\"},"error":{},"computer_name":"DESKTOP-H6FBQ5J","provider_guid":"{5770385F-C22A-43E0-BF4C-06F5698FFBD9}","version":5,"user":{"type":"Well Known Group","identifier":"S-1-5-18","domain":"NT AUTHORITY","name":"SYSTEM"},"opcode":"Info","process":{"pid":6668,"thread":{"id":6376}},"channel":"Microsoft-Windows-Sysmon/Operational","event_id":"1"},"ecs":{"version":"8.0.0"},"agent":{"name":"DESKTOP-IKR997B","type":"winlogbeat","version":"9.3.3","ephemeral_id":"f8d845b8-8ac1-43f8-9a65-a6e7c2082e2f","id":"0ae603cf-457e-4a6f-bbde-51c28f1a031e"}}
{"@timestamp":"2026-04-15T09:01:01.913Z","@metadata":{"beat":"winlogbeat","type":"_doc","version":"9.3.3"},"log":{"file":{"path":"C:\\Users\\ivysa\\Downloads\\winlogbeat-9.3.3-windows-x86_64\\winlogbeat-9.3.3-windows-x86_64\\symon.evtx"},"level":"information"},"error":{"message":"failed to get the event message string: failed in EvtFormatMessage: The message resource is present but the message was not found in the message table."},"ecs":{"version":"8.0.0"},"agent":{"type":"winlogbeat","version":"9.3.3","ephemeral_id":"f8d845b8-8ac1-43f8-9a65-a6e7c2082e2f","id":"0ae603cf-457e-4a6f-bbde-51c28f1a031e","name":"DESKTOP-IKR997B"},"host":{"name":"DESKTOP-H6FBQ5J"},"winlog":{"channel":"Microsoft-Windows-Sysmon/Operational","event_id":"1","opcode":"Info","user":{"identifier":"S-1-5-18","domain":"NT AUTHORITY","name":"SYSTEM","type":"Well Known Group"},"error":{},"provider_name":"Microsoft-Windows-Sysmon","record_id":637,"provider_guid":"{5770385F-C22A-43E0-BF4C-06F5698FFBD9}","version":5,"computer_name":"DESKTOP-H6FBQ5J","event_data":{"User":"DESKTOP-H6FBQ5J\\windows","FileVersion":"10.0.17763.1 (WinBuild.160101.0800)","UtcTime":"2026-04-15 09:01:01.912","Description":"Host Process for Windows Tasks","LogonGuid":"{8F7AB6F6-4E83-69DF-192B-010000000000}","LogonId":"0x12b19","Hashes":"MD5=F225F37717C8D714B56CF21C7C1E9C34,SHA256=E272D0E33299BCA60479683EAE0D9B5D880293C01B337D5759FEE812EA631A39,IMPHASH=9839C7FD9649496B162F72128209528A","ParentProcessGuid":"{8F7AB6F6-4E82-69DF-1B00-000000000500}","ProcessId":"3756","CommandLine":"taskhostw.exe VerifyWinRE","TerminalSessionId":"1","ParentCommandLine":"C:\\Windows\\system32\\svchost.exe -k netsvcs -p -s Schedule","Company":"Microsoft Corporation","IntegrityLevel":"High","Product":"Microsoft® Windows® Operating System","ProcessGuid":"{8F7AB6F6-53CD-69DF-1602-000000000500}","ParentProcessId":"420","ParentImage":"C:\\Windows\\System32\\svchost.exe","CurrentDirectory":"C:\\Windows\\system32\\","OriginalFileName":"taskhostw.exe","ParentUser":"NT AUTHORITY\\SYSTEM","RuleName":"-","Image":"C:\\Windows\\System32\\taskhostw.exe"},"process":{"pid":6668,"thread":{"id":6376}}},"event":{"created":"2026-04-15T13:13:46.685Z","code":"1","kind":"event","provider":"Microsoft-Windows-Sysmon"}}
{"@timestamp":"2026-04-15T09:01:01.939Z","@metadata":{"beat":"winlogbeat","type":"_doc","version":"9.3.3"},"host":{"name":"DESKTOP-H6FBQ5J"},"agent":{"type":"winlogbeat","version":"9.3.3","ephemeral_id":"f8d845b8-8ac1-43f8-9a65-a6e7c2082e2f","id":"0ae603cf-457e-4a6f-bbde-51c28f1a031e","name":"DESKTOP-IKR997B"},"ecs":{"version":"8.0.0"},"winlog":{"event_data":{"ParentProcessGuid":"{8F7AB6F6-4E82-69DF-1B00-000000000500}","Product":"Microsoft® Windows® Operating System","RuleName":"-","UtcTime":"2026-04-15 09:01:01.922","User":"DESKTOP-H6FBQ5J\\windows","ProcessId":"1388","CurrentDirectory":"C:\\Windows\\system32\\","IntegrityLevel":"Medium","FileVersion":"10.0.17763.1 (WinBuild.160101.0800)","Company":"Microsoft Corporation","LogonId":"0x12b58","Hashes":"MD5=F225F37717C8D714B56CF21C7C1E9C34,SHA256=E272D0E33299BCA60479683EAE0D9B5D880293C01B337D5759FEE812EA631A39,IMPHASH=9839C7FD9649496B162F72128209528A","Image":"C:\\Windows\\System32\\taskhostw.exe","OriginalFileName":"taskhostw.exe","ParentCommandLine":"C:\\Windows\\system32\\svchost.exe -k netsvcs -p -s Schedule","ProcessGuid":"{8F7AB6F6-53CD-69DF-1702-000000000500}","ParentProcessId":"420","Description":"Host Process for Windows Tasks","LogonGuid":"{8F7AB6F6-4E83-69DF-582B-010000000000}","ParentUser":"NT AUTHORITY\\SYSTEM","CommandLine":"taskhostw.exe","ParentImage":"C:\\Windows\\System32\\svchost.exe","TerminalSessionId":"1"},"event_id":"1","provider_name":"Microsoft-Windows-Sysmon","record_id":638,"opcode":"Info","channel":"Microsoft-Windows-Sysmon/Operational","provider_guid":"{5770385F-C22A-43E0-BF4C-06F5698FFBD9}","error":{},"version":5,"user":{"type":"Well Known Group","identifier":"S-1-5-18","domain":"NT AUTHORITY","name":"SYSTEM"},"process":{"pid":6668,"thread":{"id":6376}},"computer_name":"DESKTOP-H6FBQ5J"},"event":{"created":"2026-04-15T13:13:46.685Z","code":"1","kind":"event","provider":"Microsoft-Windows-Sysmon"},"log":{"file":{"path":"C:\\Users\\ivysa\\Downloads\\winlogbeat-9.3.3-windows-x86_64\\winlogbeat-9.3.3-windows-x86_64\\symon.evtx"},"level":"information"},"error":{"message":"failed to get the event message string: failed in EvtFormatMessage: The message resource is present but the message was not found in the message table."}}
{"@timestamp":"2026-04-15T09:01:01.956Z","@metadata":{"beat":"winlogbeat","type":"_doc","version":"9.3.3"},"error":{"message":"failed to get the event message string: failed in EvtFormatMessage: The message resource is present but the message was not found in the message table."},"host":{"name":"DESKTOP-H6FBQ5J"},"winlog":{"computer_name":"DESKTOP-H6FBQ5J","version":5,"event_data":{"ParentProcessId":"420","Product":"Windows Drive Optimizer","ParentImage":"C:\\Windows\\System32\\svchost.exe","RuleName":"-","ProcessId":"1272","Image":"C:\\Windows\\System32\\Defrag.exe","FileVersion":"10.0.17763.1 (WinBuild.160101.0800)","CurrentDirectory":"C:\\Windows\\system32\\","Hashes":"MD5=FA37796FF14096BE3D8CA226601E823F,SHA256=F3653821E5DBB52C9B7F62A36A810EED6CA16CEF6372B3C91518CB92D2932BA8,IMPHASH=C451FEB9457D50EB689BA55A85F91B2C","ParentUser":"NT AUTHORITY\\SYSTEM","ProcessGuid":"{8F7AB6F6-53CD-69DF-1802-000000000500}","OriginalFileName":"Defrag.EXE","User":"NT AUTHORITY\\SYSTEM","IntegrityLevel":"System","UtcTime":"2026-04-15 09:01:01.936","ParentCommandLine":"C:\\Windows\\system32\\svchost.exe -k netsvcs -p -s Schedule","Description":"Disk Defragmenter Module","CommandLine":"C:\\Windows\\system32\\defrag.exe -c -h -o -$","Company":"Microsoft Corp.","LogonGuid":"{8F7AB6F6-4E81-69DF-E703-000000000000}","LogonId":"0x3e7","TerminalSessionId":"0","ParentProcessGuid":"{8F7AB6F6-4E82-69DF-1B00-000000000500}"},"channel":"Microsoft-Windows-Sysmon/Operational","event_id":"1","opcode":"Info","provider_guid":"{5770385F-C22A-43E0-BF4C-06F5698FFBD9}","record_id":639,"user":{"domain":"NT AUTHORITY","name":"SYSTEM","type":"Well Known Group","identifier":"S-1-5-18"},"process":{"pid":6668,"thread":{"id":6376}},"error":{},"provider_name":"Microsoft-Windows-Sysmon"},"event":{"provider":"Microsoft-Windows-Sysmon","created":"2026-04-15T13:13:46.685Z","code":"1","kind":"event"},"log":{"level":"information","file":{"path":"C:\\Users\\ivysa\\Downloads\\winlogbeat-9.3.3-windows-x86_64\\winlogbeat-9.3.3-windows-x86_64\\symon.evtx"}},"ecs":{"version":"8.0.0"},"agent":{"ephemeral_id":"f8d845b8-8ac1-43f8-9a65-a6e7c2082e2f","id":"0ae603cf-457e-4a6f-bbde-51c28f1a031e","name":"DESKTOP-IKR997B","type":"winlogbeat","version":"9.3.3"}}
{"@timestamp":"2026-04-15T09:01:01.969Z","@metadata":{"beat":"winlogbeat","type":"_doc","version":"9.3.3"},"winlog":{"event_data":{"Image":"C:\\Windows\\System32\\rundll32.exe","ParentUser":"NT AUTHORITY\\SYSTEM","Company":"Microsoft Corporation","ProcessGuid":"{8F7AB6F6-53CD-69DF-1902-000000000500}","ProcessId":"5148","LogonId":"0x3e7","UtcTime":"2026-04-15 09:01:01.963","FileVersion":"10.0.17763.1 (WinBuild.160101.0800)","Description":"Windows host process (Rundll32)","Hashes":"MD5=C73BA51880F5A7FB20C84185A23212EF,SHA256=01B407AF0200B66A34D9B1FA6D9EAAB758EFA36A36BB99B554384F59F8690B1A,IMPHASH=F27A7FC3A53E74F45BE370131953896A","CommandLine":"C:\\Windows\\system32\\rundll32.exe Windows.Storage.ApplicationData.dll,CleanupTemporaryState","CurrentDirectory":"C:\\Windows\\system32\\","TerminalSessionId":"0","ParentProcessId":"420","LogonGuid":"{8F7AB6F6-4E81-69DF-E703-000000000000}","ParentProcessGuid":"{8F7AB6F6-4E82-69DF-1B00-000000000500}","ParentCommandLine":"C:\\Windows\\system32\\svchost.exe -k netsvcs -p -s Schedule","OriginalFileName":"RUNDLL32.EXE","User":"NT AUTHORITY\\SYSTEM","Product":"Microsoft® Windows® Operating System","RuleName":"-","IntegrityLevel":"System","ParentImage":"C:\\Windows\\System32\\svchost.exe"},"error":{},"provider_name":"Microsoft-Windows-Sysmon","provider_guid":"{5770385F-C22A-43E0-BF4C-06F5698FFBD9}","channel":"Microsoft-Windows-Sysmon/Operational","event_id":"1","record_id":640,"version":5,"process":{"thread":{"id":6376},"pid":6668},"computer_name":"DESKTOP-H6FBQ5J","opcode":"Info","user":{"identifier":"S-1-5-18","domain":"NT AUTHORITY","name":"SYSTEM","type":"Well Known Group"}},"event":{"created":"2026-04-15T13:13:46.685Z","code":"1","kind":"event","provider":"Microsoft-Windows-Sysmon"},"log":{"level":"information","file":{"path":"C:\\Users\\ivysa\\Downloads\\winlogbeat-9.3.3-windows-x86_64\\winlogbeat-9.3.3-windows-x86_64\\symon.evtx"}},"error":{"message":"failed to get the event message string: failed in EvtFormatMessage: The message resource is present but the message was not found in the message table."},"host":{"name":"DESKTOP-H6FBQ5J"},"ecs":{"version":"8.0.0"},"agent":{"version":"9.3.3","ephemeral_id":"f8d845b8-8ac1-43f8-9a65-a6e7c2082e2f","id":"0ae603cf-457e-4a6f-bbde-51c28f1a031e","name":"DESKTOP-IKR997B","type":"winlogbeat"}}
{"@timestamp":"2026-04-15T09:01:02.095Z","@metadata":{"beat":"winlogbeat","type":"_doc","version":"9.3.3"},"agent":{"type":"winlogbeat","version":"9.3.3","ephemeral_id":"f8d845b8-8ac1-43f8-9a65-a6e7c2082e2f","id":"0ae603cf-457e-4a6f-bbde-51c28f1a031e","name":"DESKTOP-IKR997B"},"log":{"level":"information","file":{"path":"C:\\Users\\ivysa\\Downloads\\winlogbeat-9.3.3-windows-x86_64\\winlogbeat-9.3.3-windows-x86_64\\symon.evtx"}},"error":{"message":"failed to get the event message string: failed in EvtFormatMessage: The message resource is present but the message was not found in the message table."},"host":{"name":"DESKTOP-H6FBQ5J"},"winlog":{"error":{},"channel":"Microsoft-Windows-Sysmon/Operational","record_id":641,"user":{"identifier":"S-1-5-18","domain":"NT AUTHORITY","name":"SYSTEM","type":"Well Known Group"},"computer_name":"DESKTOP-H6FBQ5J","opcode":"Info","provider_guid":"{5770385F-C22A-43E0-BF4C-06F5698FFBD9}","process":{"thread":{"id":6376},"pid":6668},"event_id":"1","provider_name":"Microsoft-Windows-Sysmon","event_data":{"Product":"-","LogonGuid":"{8F7AB6F6-4E81-69DF-E703-000000000000}","UtcTime":"2026-04-15 09:01:02.038","ProcessGuid":"{8F7AB6F6-53CE-69DF-1B02-000000000500}","Hashes":"MD5=81FA5F94D4D28A6088BAFE9180FC00AE,SHA256=6E369DB1DBF7D749C9E88E730BEA34EE06B53D2D35B958E1D038525CFFBEC52B,IMPHASH=A6DAB579400F4755914FEC8F47BA8EA7","ParentProcessId":"420","IntegrityLevel":"System","ParentImage":"C:\\Windows\\System32\\svchost.exe","ParentCommandLine":"C:\\Windows\\system32\\svchost.exe -k netsvcs -p -s Schedule","ParentUser":"NT AUTHORITY\\SYSTEM","CurrentDirectory":"C:\\Windows\\system32\\","Description":"-","User":"NT AUTHORITY\\SYSTEM","TerminalSessionId":"0","RuleName":"-","Company":"-","ParentProcessGuid":"{8F7AB6F6-4E82-69DF-1B00-000000000500}","Image":"C:\\Windows\\System32\\WinBioPlugIns\\FaceFodUninstaller.exe","CommandLine":"C:\\Windows\\System32\\WinBioPlugIns\\FaceFodUninstaller.exe","FileVersion":"-","OriginalFileName":"-","LogonId":"0x3e7","ProcessId":"5332"},"version":5},"event":{"created":"2026-04-15T13:13:46.685Z","code":"1","kind":"event","provider":"Microsoft-Windows-Sysmon"},"ecs":{"version":"8.0.0"}}
{"@timestamp":"2026-04-15T09:01:02.095Z","@metadata":{"beat":"winlogbeat","type":"_doc","version":"9.3.3"},"host":{"name":"DESKTOP-H6FBQ5J"},"winlog":{"opcode":"Info","version":2,"event_data":{"UtcTime":"2026-04-15 09:01:02.043","ProcessGuid":"{8F7AB6F6-53CD-69DF-1602-000000000500}","ProcessId":"3756","Image":"C:\\Windows\\system32\\taskhostw.exe","TargetFilename":"C:\\Windows\\Temp\\SDIAG_0a0e909e-db62-40c4-b3fe-40faf6278c3c\\CL_Utility.ps1","CreationUtcTime":"2026-04-15 09:01:02.043","User":"DESKTOP-H6FBQ5J\\windows","RuleName":"-"},"record_id":642,"process":{"pid":6668,"thread":{"id":6376}},"user":{"identifier":"S-1-5-18","domain":"NT AUTHORITY","name":"SYSTEM","type":"Well Known Group"},"error":{},"channel":"Microsoft-Windows-Sysmon/Operational","provider_name":"Microsoft-Windows-Sysmon","computer_name":"DESKTOP-H6FBQ5J","provider_guid":"{5770385F-C22A-43E0-BF4C-06F5698FFBD9}","event_id":"11"},"event":{"code":"11","kind":"event","provider":"Microsoft-Windows-Sysmon","created":"2026-04-15T13:13:46.685Z"},"log":{"file":{"path":"C:\\Users\\ivysa\\Downloads\\winlogbeat-9.3.3-windows-x86_64\\winlogbeat-9.3.3-windows-x86_64\\symon.evtx"},"level":"information"},"error":{"message":"failed to get the event message string: failed in EvtFormatMessage: The message resource is present but the message was not found in the message table."},"ecs":{"version":"8.0.0"},"agent":{"ephemeral_id":"f8d845b8-8ac1-43f8-9a65-a6e7c2082e2f","id":"0ae603cf-457e-4a6f-bbde-51c28f1a031e","name":"DESKTOP-IKR997B","type":"winlogbeat","version":"9.3.3"}}
{"@timestamp":"2026-04-15T09:01:02.095Z","@metadata":{"beat":"winlogbeat","type":"_doc","version":"9.3.3"},"event":{"kind":"event","provider":"Microsoft-Windows-Sysmon","created":"2026-04-15T13:13:46.685Z","code":"11"},"log":{"file":{"path":"C:\\Users\\ivysa\\Downloads\\winlogbeat-9.3.3-windows-x86_64\\winlogbeat-9.3.3-windows-x86_64\\symon.evtx"},"level":"information"},"error":{"message":"failed to get the event message string: failed in EvtFormatMessage: The message resource is present but the message was not found in the message table."},"host":{"name":"DESKTOP-H6FBQ5J"},"ecs":{"version":"8.0.0"},"agent":{"ephemeral_id":"f8d845b8-8ac1-43f8-9a65-a6e7c2082e2f","id":"0ae603cf-457e-4a6f-bbde-51c28f1a031e","name":"DESKTOP-IKR997B","type":"winlogbeat","version":"9.3.3"},"winlog":{"opcode":"Info","provider_guid":"{5770385F-C22A-43E0-BF4C-06F5698FFBD9}","version":2,"user":{"type":"Well Known Group","identifier":"S-1-5-18","domain":"NT AUTHORITY","name":"SYSTEM"},"channel":"Microsoft-Windows-Sysmon/Operational","event_id":"11","record_id":643,"computer_name":"DESKTOP-H6FBQ5J","process":{"pid":6668,"thread":{"id":6376}},"provider_name":"Microsoft-Windows-Sysmon","event_data":{"CreationUtcTime":"2026-04-15 09:01:02.059","User":"DESKTOP-H6FBQ5J\\windows","RuleName":"DLL","UtcTime":"2026-04-15 09:01:02.059","ProcessGuid":"{8F7AB6F6-53CD-69DF-1602-000000000500}","ProcessId":"3756","Image":"C:\\Windows\\system32\\taskhostw.exe","TargetFilename":"C:\\Windows\\Temp\\SDIAG_0a0e909e-db62-40c4-b3fe-40faf6278c3c\\DiagPackage.dll"},"error":{}}}
{"@timestamp":"2026-04-15T09:01:02.096Z","@metadata":{"beat":"winlogbeat","type":"_doc","version":"9.3.3"},"host":{"name":"DESKTOP-H6FBQ5J"},"winlog":{"record_id":644,"provider_guid":"{5770385F-C22A-43E0-BF4C-06F5698FFBD9}","version":2,"computer_name":"DESKTOP-H6FBQ5J","event_data":{"ProcessGuid":"{8F7AB6F6-53CD-69DF-1602-000000000500}","ProcessId":"3756","Image":"C:\\Windows\\system32\\taskhostw.exe","TargetFilename":"C:\\Windows\\Temp\\SDIAG_0a0e909e-db62-40c4-b3fe-40faf6278c3c\\RS_AdminDiagnosticHistory.ps1","CreationUtcTime":"2026-04-15 09:01:02.059","User":"DESKTOP-H6FBQ5J\\windows","RuleName":"-","UtcTime":"2026-04-15 09:01:02.059"},"provider_name":"Microsoft-Windows-Sysmon","opcode":"Info","user":{"domain":"NT AUTHORITY","name":"SYSTEM","type":"Well Known Group","identifier":"S-1-5-18"},"channel":"Microsoft-Windows-Sysmon/Operational","process":{"thread":{"id":6376},"pid":6668},"error":{},"event_id":"11"},"event":{"provider":"Microsoft-Windows-Sysmon","created":"2026-04-15T13:13:46.685Z","code":"11","kind":"event"},"log":{"level":"information","file":{"path":"C:\\Users\\ivysa\\Downloads\\winlogbeat-9.3.3-windows-x86_64\\winlogbeat-9.3.3-windows-x86_64\\symon.evtx"}},"error":{"message":"failed to get the event message string: failed in EvtFormatMessage: The message resource is present but the message was not found in the message table."},"ecs":{"version":"8.0.0"},"agent":{"ephemeral_id":"f8d845b8-8ac1-43f8-9a65-a6e7c2082e2f","id":"0ae603cf-457e-4a6f-bbde-51c28f1a031e","name":"DESKTOP-IKR997B","type":"winlogbeat","version":"9.3.3"}}
{"@timestamp":"2026-04-15T09:01:02.096Z","@metadata":{"beat":"winlogbeat","type":"_doc","version":"9.3.3"},"event":{"code":"11","kind":"event","provider":"Microsoft-Windows-Sysmon","created":"2026-04-15T13:13:46.685Z"},"log":{"level":"information","file":{"path":"C:\\Users\\ivysa\\Downloads\\winlogbeat-9.3.3-windows-x86_64\\winlogbeat-9.3.3-windows-x86_64\\symon.evtx"}},"error":{"message":"failed to get the event message string: failed in EvtFormatMessage: The message resource is present but the message was not found in the message table."},"host":{"name":"DESKTOP-H6FBQ5J"},"ecs":{"version":"8.0.0"},"agent":{"id":"0ae603cf-457e-4a6f-bbde-51c28f1a031e","name":"DESKTOP-IKR997B","type":"winlogbeat","version":"9.3.3","ephemeral_id":"f8d845b8-8ac1-43f8-9a65-a6e7c2082e2f"},"winlog":{"event_id":"11","provider_name":"Microsoft-Windows-Sysmon","user":{"type":"Well Known Group","identifier":"S-1-5-18","domain":"NT AUTHORITY","name":"SYSTEM"},"provider_guid":"{5770385F-C22A-43E0-BF4C-06F5698FFBD9}","version":2,"event_data":{"UtcTime":"2026-04-15 09:01:02.059","ProcessGuid":"{8F7AB6F6-53CD-69DF-1602-000000000500}","ProcessId":"3756","Image":"C:\\Windows\\system32\\taskhostw.exe","TargetFilename":"C:\\Windows\\Temp\\SDIAG_0a0e909e-db62-40c4-b3fe-40faf6278c3c\\RS_MachineWERQueue.ps1","CreationUtcTime":"2026-04-15 09:01:02.059","User":"DESKTOP-H6FBQ5J\\windows","RuleName":"-"},"channel":"Microsoft-Windows-Sysmon/Operational","computer_name":"DESKTOP-H6FBQ5J","opcode":"Info","process":{"pid":6668,"thread":{"id":6376}},"record_id":645,"error":{}}}
{"@timestamp":"2026-04-15T09:01:02.096Z","@metadata":{"beat":"winlogbeat","type":"_doc","version":"9.3.3"},"winlog":{"provider_name":"Microsoft-Windows-Sysmon","opcode":"Info","provider_guid":"{5770385F-C22A-43E0-BF4C-06F5698FFBD9}","user":{"name":"SYSTEM","type":"Well Known Group","identifier":"S-1-5-18","domain":"NT AUTHORITY"},"event_data":{"ProcessGuid":"{8F7AB6F6-53CD-69DF-1602-000000000500}","ProcessId":"3756","Image":"C:\\Windows\\system32\\taskhostw.exe","TargetFilename":"C:\\Windows\\Temp\\SDIAG_0a0e909e-db62-40c4-b3fe-40faf6278c3c\\RS_SyncSystemTime.ps1","CreationUtcTime":"2026-04-15 09:01:02.059","User":"DESKTOP-H6FBQ5J\\windows","RuleName":"-","UtcTime":"2026-04-15 09:01:02.059"},"channel":"Microsoft-Windows-Sysmon/Operational","computer_name":"DESKTOP-H6FBQ5J","version":2,"event_id":"11","error":{},"record_id":646,"process":{"pid":6668,"thread":{"id":6376}}},"event":{"kind":"event","provider":"Microsoft-Windows-Sysmon","created":"2026-04-15T13:13:46.685Z","code":"11"},"log":{"level":"information","file":{"path":"C:\\Users\\ivysa\\Downloads\\winlogbeat-9.3.3-windows-x86_64\\winlogbeat-9.3.3-windows-x86_64\\symon.evtx"}},"error":{"message":"failed to get the event message string: failed in EvtFormatMessage: The message resource is present but the message was not found in the message table."},"host":{"name":"DESKTOP-H6FBQ5J"},"ecs":{"version":"8.0.0"},"agent":{"ephemeral_id":"f8d845b8-8ac1-43f8-9a65-a6e7c2082e2f","id":"0ae603cf-457e-4a6f-bbde-51c28f1a031e","name":"DESKTOP-IKR997B","type":"winlogbeat","version":"9.3.3"}}
{"@timestamp":"2026-04-15T09:01:02.096Z","@metadata":{"beat":"winlogbeat","type":"_doc","version":"9.3.3"},"host":{"name":"DESKTOP-H6FBQ5J"},"ecs":{"version":"8.0.0"},"agent":{"name":"DESKTOP-IKR997B","type":"winlogbeat","version":"9.3.3","ephemeral_id":"f8d845b8-8ac1-43f8-9a65-a6e7c2082e2f","id":"0ae603cf-457e-4a6f-bbde-51c28f1a031e"},"winlog":{"computer_name":"DESKTOP-H6FBQ5J","event_data":{"UtcTime":"2026-04-15 09:01:02.059","ProcessGuid":"{8F7AB6F6-53CD-69DF-1602-000000000500}","ProcessId":"3756","Image":"C:\\Windows\\system32\\taskhostw.exe","TargetFilename":"C:\\Windows\\Temp\\SDIAG_0a0e909e-db62-40c4-b3fe-40faf6278c3c\\RS_UserDiagnosticHistory.ps1","CreationUtcTime":"2026-04-15 09:01:02.059","User":"DESKTOP-H6FBQ5J\\windows","RuleName":"-"},"event_id":"11","provider_guid":"{5770385F-C22A-43E0-BF4C-06F5698FFBD9}","process":{"pid":6668,"thread":{"id":6376}},"error":{},"provider_name":"Microsoft-Windows-Sysmon","record_id":647,"opcode":"Info","version":2,"user":{"type":"Well Known Group","identifier":"S-1-5-18","domain":"NT AUTHORITY","name":"SYSTEM"},"channel":"Microsoft-Windows-Sysmon/Operational"},"event":{"code":"11","kind":"event","provider":"Microsoft-Windows-Sysmon","created":"2026-04-15T13:13:46.685Z"},"log":{"level":"information","file":{"path":"C:\\Users\\ivysa\\Downloads\\winlogbeat-9.3.3-windows-x86_64\\winlogbeat-9.3.3-windows-x86_64\\symon.evtx"}},"error":{"message":"failed to get the event message string: failed in EvtFormatMessage: The message resource is present but the message was not found in the message table."}}
{"@timestamp":"2026-04-15T09:01:02.096Z","@metadata":{"beat":"winlogbeat","type":"_doc","version":"9.3.3"},"winlog":{"provider_guid":"{5770385F-C22A-43E0-BF4C-06F5698FFBD9}","version":2,"user":{"identifier":"S-1-5-18","domain":"NT AUTHORITY","name":"SYSTEM","type":"Well Known Group"},"error":{},"provider_name":"Microsoft-Windows-Sysmon","event_data":{"ProcessGuid":"{8F7AB6F6-53CD-69DF-1602-000000000500}","ProcessId":"3756","Image":"C:\\Windows\\system32\\taskhostw.exe","TargetFilename":"C:\\Windows\\Temp\\SDIAG_0a0e909e-db62-40c4-b3fe-40faf6278c3c\\RS_UserWERQueue.ps1","CreationUtcTime":"2026-04-15 09:01:02.059","User":"DESKTOP-H6FBQ5J\\windows","RuleName":"-","UtcTime":"2026-04-15 09:01:02.059"},"record_id":648,"process":{"pid":6668,"thread":{"id":6376}},"channel":"Microsoft-Windows-Sysmon/Operational","event_id":"11","computer_name":"DESKTOP-H6FBQ5J","opcode":"Info"},"event":{"created":"2026-04-15T13:13:46.685Z","code":"11","kind":"event","provider":"Microsoft-Windows-Sysmon"},"log":{"file":{"path":"C:\\Users\\ivysa\\Downloads\\winlogbeat-9.3.3-windows-x86_64\\winlogbeat-9.3.3-windows-x86_64\\symon.evtx"},"level":"information"},"ecs":{"version":"8.0.0"},"agent":{"ephemeral_id":"f8d845b8-8ac1-43f8-9a65-a6e7c2082e2f","id":"0ae603cf-457e-4a6f-bbde-51c28f1a031e","name":"DESKTOP-IKR997B","type":"winlogbeat","version":"9.3.3"},"error":{"message":"failed to get the event message string: failed in EvtFormatMessage: The message resource is present but the message was not found in the message table."},"host":{"name":"DESKTOP-H6FBQ5J"}}
{"@timestamp":"2026-04-15T09:01:02.096Z","@metadata":{"beat":"winlogbeat","type":"_doc","version":"9.3.3"},"event":{"created":"2026-04-15T13:13:46.685Z","code":"11","kind":"event","provider":"Microsoft-Windows-Sysmon"},"log":{"level":"information","file":{"path":"C:\\Users\\ivysa\\Downloads\\winlogbeat-9.3.3-windows-x86_64\\winlogbeat-9.3.3-windows-x86_64\\symon.evtx"}},"ecs":{"version":"8.0.0"},"agent":{"ephemeral_id":"f8d845b8-8ac1-43f8-9a65-a6e7c2082e2f","id":"0ae603cf-457e-4a6f-bbde-51c28f1a031e","name":"DESKTOP-IKR997B","type":"winlogbeat","version":"9.3.3"},"error":{"message":"failed to get the event message string: failed in EvtFormatMessage: The message resource is present but the message was not found in the message table."},"host":{"name":"DESKTOP-H6FBQ5J"},"winlog":{"provider_name":"Microsoft-Windows-Sysmon","error":{},"record_id":649,"computer_name":"DESKTOP-H6FBQ5J","provider_guid":"{5770385F-C22A-43E0-BF4C-06F5698FFBD9}","version":2,"event_data":{"UtcTime":"2026-04-15 09:01:02.059","ProcessGuid":"{8F7AB6F6-53CD-69DF-1602-000000000500}","ProcessId":"3756","Image":"C:\\Windows\\system32\\taskhostw.exe","TargetFilename":"C:\\Windows\\Temp\\SDIAG_0a0e909e-db62-40c4-b3fe-40faf6278c3c\\TS_DiagnosticHistory.ps1","CreationUtcTime":"2026-04-15 09:01:02.059","User":"DESKTOP-H6FBQ5J\\windows","RuleName":"-"},"event_id":"11","user":{"name":"SYSTEM","type":"Well Known Group","identifier":"S-1-5-18","domain":"NT AUTHORITY"},"process":{"thread":{"id":6376},"pid":6668},"channel":"Microsoft-Windows-Sysmon/Operational","opcode":"Info"}}
{"@timestamp":"2026-04-15T09:01:02.096Z","@metadata":{"beat":"winlogbeat","type":"_doc","version":"9.3.3"},"winlog":{"provider_name":"Microsoft-Windows-Sysmon","version":2,"event_data":{"ProcessId":"3756","Image":"C:\\Windows\\system32\\taskhostw.exe","TargetFilename":"C:\\Windows\\Temp\\SDIAG_0a0e909e-db62-40c4-b3fe-40faf6278c3c\\TS_InaccurateSystemTime.ps1","CreationUtcTime":"2026-04-15 09:01:02.059","User":"DESKTOP-H6FBQ5J\\windows","RuleName":"-","UtcTime":"2026-04-15 09:01:02.059","ProcessGuid":"{8F7AB6F6-53CD-69DF-1602-000000000500}"},"record_id":650,"computer_name":"DESKTOP-H6FBQ5J","provider_guid":"{5770385F-C22A-43E0-BF4C-06F5698FFBD9}","error":{},"channel":"Microsoft-Windows-Sysmon/Operational","event_id":"11","opcode":"Info","user":{"identifier":"S-1-5-18","domain":"NT AUTHORITY","name":"SYSTEM","type":"Well Known Group"},"process":{"pid":6668,"thread":{"id":6376}}},"event":{"created":"2026-04-15T13:13:46.685Z","code":"11","kind":"event","provider":"Microsoft-Windows-Sysmon"},"log":{"file":{"path":"C:\\Users\\ivysa\\Downloads\\winlogbeat-9.3.3-windows-x86_64\\winlogbeat-9.3.3-windows-x86_64\\symon.evtx"},"level":"information"},"error":{"message":"failed to get the event message string: failed in EvtFormatMessage: The message resource is present but the message was not found in the message table."},"host":{"name":"DESKTOP-H6FBQ5J"},"ecs":{"version":"8.0.0"},"agent":{"ephemeral_id":"f8d845b8-8ac1-43f8-9a65-a6e7c2082e2f","id":"0ae603cf-457e-4a6f-bbde-51c28f1a031e","name":"DESKTOP-IKR997B","type":"winlogbeat","version":"9.3.3"}}
{"@timestamp":"2026-04-15T09:01:02.096Z","@metadata":{"beat":"winlogbeat","type":"_doc","version":"9.3.3"},"agent":{"ephemeral_id":"f8d845b8-8ac1-43f8-9a65-a6e7c2082e2f","id":"0ae603cf-457e-4a6f-bbde-51c28f1a031e","name":"DESKTOP-IKR997B","type":"winlogbeat","version":"9.3.3"},"winlog":{"channel":"Microsoft-Windows-Sysmon/Operational","event_id":"11","record_id":651,"opcode":"Info","error":{},"provider_name":"Microsoft-Windows-Sysmon","computer_name":"DESKTOP-H6FBQ5J","provider_guid":"{5770385F-C22A-43E0-BF4C-06F5698FFBD9}","version":2,"user":{"domain":"NT AUTHORITY","name":"SYSTEM","type":"Well Known Group","identifier":"S-1-5-18"},"event_data":{"ProcessId":"3756","Image":"C:\\Windows\\system32\\taskhostw.exe","TargetFilename":"C:\\Windows\\Temp\\SDIAG_0a0e909e-db62-40c4-b3fe-40faf6278c3c\\TS_WERQueue.ps1","CreationUtcTime":"2026-04-15 09:01:02.074","User":"DESKTOP-H6FBQ5J\\windows","RuleName":"-","UtcTime":"2026-04-15 09:01:02.074","ProcessGuid":"{8F7AB6F6-53CD-69DF-1602-000000000500}"},"process":{"pid":6668,"thread":{"id":6376}}},"event":{"code":"11","kind":"event","provider":"Microsoft-Windows-Sysmon","created":"2026-04-15T13:13:46.685Z"},"log":{"level":"information","file":{"path":"C:\\Users\\ivysa\\Downloads\\winlogbeat-9.3.3-windows-x86_64\\winlogbeat-9.3.3-windows-x86_64\\symon.evtx"}},"error":{"message":"failed to get the event message string: failed in EvtFormatMessage: The message resource is present but the message was not found in the message table."},"host":{"name":"DESKTOP-H6FBQ5J"},"ecs":{"version":"8.0.0"}}
{"@timestamp":"2026-04-15T09:01:02.265Z","@metadata":{"beat":"winlogbeat","type":"_doc","version":"9.3.3"},"winlog":{"event_data":{"LogonId":"0x12b19","ProcessGuid":"{8F7AB6F6-53CE-69DF-1D02-000000000500}","ParentProcessId":"720","ParentImage":"C:\\Windows\\System32\\svchost.exe","ParentProcessGuid":"{8F7AB6F6-4E81-69DF-1000-000000000500}","UtcTime":"2026-04-15 09:01:02.263","Hashes":"MD5=9BB47FC39CB24A16A0AB0302960645BA,SHA256=50A816FE57195376AD30AEEC2EA7968936A706508E26299302F30366CC7FF3A4,IMPHASH=88C840A970A1633DCA61E1CD2D926E21","IntegrityLevel":"High","ParentCommandLine":"C:\\Windows\\system32\\svchost.exe -k DcomLaunch -p","Description":"Scripted Diagnostics Native Host","Product":"Microsoft® Windows® Operating System","LogonGuid":"{8F7AB6F6-4E83-69DF-192B-010000000000}","ProcessId":"1240","TerminalSessionId":"1","ParentUser":"NT AUTHORITY\\SYSTEM","FileVersion":"10.0.17763.1 (WinBuild.160101.0800)","Company":"Microsoft Corporation","User":"DESKTOP-H6FBQ5J\\windows","Image":"C:\\Windows\\System32\\sdiagnhost.exe","OriginalFileName":"sdiagnhost.exe","CurrentDirectory":"C:\\Windows\\system32\\","RuleName":"-","CommandLine":"C:\\Windows\\System32\\sdiagnhost.exe -Embedding"},"user":{"identifier":"S-1-5-18","domain":"NT AUTHORITY","name":"SYSTEM","type":"Well Known Group"},"error":{},"opcode":"Info","provider_guid":"{5770385F-C22A-43E0-BF4C-06F5698FFBD9}","event_id":"1","process":{"thread":{"id":6376},"pid":6668},"channel":"Microsoft-Windows-Sysmon/Operational","provider_name":"Microsoft-Windows-Sysmon","record_id":652,"computer_name":"DESKTOP-H6FBQ5J","version":5},"event":{"provider":"Microsoft-Windows-Sysmon","created":"2026-04-15T13:13:46.685Z","code":"1","kind":"event"},"log":{"level":"information","file":{"path":"C:\\Users\\ivysa\\Downloads\\winlogbeat-9.3.3-windows-x86_64\\winlogbeat-9.3.3-windows-x86_64\\symon.evtx"}},"error":{"message":"failed to get the event message string: failed in EvtFormatMessage: The message resource is present but the message was not found in the message table."},"host":{"name":"DESKTOP-H6FBQ5J"},"agent":{"ephemeral_id":"f8d845b8-8ac1-43f8-9a65-a6e7c2082e2f","id":"0ae603cf-457e-4a6f-bbde-51c28f1a031e","name":"DESKTOP-IKR997B","type":"winlogbeat","version":"9.3.3"},"ecs":{"version":"8.0.0"}}
{"@timestamp":"2026-04-15T09:01:03.994Z","@metadata":{"beat":"winlogbeat","type":"_doc","version":"9.3.3"},"host":{"name":"DESKTOP-H6FBQ5J"},"winlog":{"provider_guid":"{5770385F-C22A-43E0-BF4C-06F5698FFBD9}","version":2,"event_data":{"UtcTime":"2026-04-15 09:01:03.903","ProcessGuid":"{8F7AB6F6-53CE-69DF-1D02-000000000500}","ProcessId":"1240","Image":"C:\\Windows\\System32\\sdiagnhost.exe","TargetFilename":"C:\\Users\\windows\\AppData\\Local\\Temp\\__PSScriptPolicyTest_e00lmqtk.xcz.ps1","CreationUtcTime":"2026-04-15 09:01:03.903","User":"DESKTOP-H6FBQ5J\\windows","RuleName":"-"},"computer_name":"DESKTOP-H6FBQ5J","user":{"name":"SYSTEM","type":"Well Known Group","identifier":"S-1-5-18","domain":"NT AUTHORITY"},"process":{"thread":{"id":6376},"pid":6668},"error":{},"channel":"Microsoft-Windows-Sysmon/Operational","event_id":"11","record_id":653,"provider_name":"Microsoft-Windows-Sysmon","opcode":"Info"},"ecs":{"version":"8.0.0"},"agent":{"name":"DESKTOP-IKR997B","type":"winlogbeat","version":"9.3.3","ephemeral_id":"f8d845b8-8ac1-43f8-9a65-a6e7c2082e2f","id":"0ae603cf-457e-4a6f-bbde-51c28f1a031e"},"event":{"created":"2026-04-15T13:13:46.685Z","code":"11","kind":"event","provider":"Microsoft-Windows-Sysmon"},"log":{"level":"information","file":{"path":"C:\\Users\\ivysa\\Downloads\\winlogbeat-9.3.3-windows-x86_64\\winlogbeat-9.3.3-windows-x86_64\\symon.evtx"}},"error":{"message":"failed to get the event message string: failed in EvtFormatMessage: The message resource is present but the message was not found in the message table."}}
{"@timestamp":"2026-04-15T09:01:06.726Z","@metadata":{"beat":"winlogbeat","type":"_doc","version":"9.3.3"},"event":{"code":"11","kind":"event","provider":"Microsoft-Windows-Sysmon","created":"2026-04-15T13:13:46.685Z"},"log":{"file":{"path":"C:\\Users\\ivysa\\Downloads\\winlogbeat-9.3.3-windows-x86_64\\winlogbeat-9.3.3-windows-x86_64\\symon.evtx"},"level":"information"},"error":{"message":"failed to get the event message string: failed in EvtFormatMessage: The message resource is present but the message was not found in the message table."},"host":{"name":"DESKTOP-H6FBQ5J"},"ecs":{"version":"8.0.0"},"agent":{"ephemeral_id":"f8d845b8-8ac1-43f8-9a65-a6e7c2082e2f","id":"0ae603cf-457e-4a6f-bbde-51c28f1a031e","name":"DESKTOP-IKR997B","type":"winlogbeat","version":"9.3.3"},"winlog":{"event_data":{"RuleName":"ProcessHostingdotNETCode","UtcTime":"2026-04-15 09:01:06.653","ProcessGuid":"{8F7AB6F6-53CE-69DF-1D02-000000000500}","ProcessId":"1240","Image":"C:\\Windows\\System32\\sdiagnhost.exe","TargetFilename":"C:\\Users\\windows\\AppData\\Local\\Microsoft\\CLR_v4.0\\UsageLogs\\sdiagnhost.exe.log","CreationUtcTime":"2026-04-15 09:01:06.653","User":"DESKTOP-H6FBQ5J\\windows"},"process":{"pid":6668,"thread":{"id":6376}},"error":{},"channel":"Microsoft-Windows-Sysmon/Operational","event_id":"11","record_id":654,"opcode":"Info","provider_guid":"{5770385F-C22A-43E0-BF4C-06F5698FFBD9}","version":2,"provider_name":"Microsoft-Windows-Sysmon","computer_name":"DESKTOP-H6FBQ5J","user":{"type":"Well Known Group","identifier":"S-1-5-18","domain":"NT AUTHORITY","name":"SYSTEM"}}}
{"@timestamp":"2026-04-15T09:01:26.053Z","@metadata":{"beat":"winlogbeat","type":"_doc","version":"9.3.3"},"host":{"name":"DESKTOP-H6FBQ5J"},"ecs":{"version":"8.0.0"},"agent":{"type":"winlogbeat","version":"9.3.3","ephemeral_id":"f8d845b8-8ac1-43f8-9a65-a6e7c2082e2f","id":"0ae603cf-457e-4a6f-bbde-51c28f1a031e","name":"DESKTOP-IKR997B"},"winlog":{"provider_guid":"{5770385F-C22A-43E0-BF4C-06F5698FFBD9}","user":{"identifier":"S-1-5-18","domain":"NT AUTHORITY","name":"SYSTEM","type":"Well Known Group"},"event_id":"1","provider_name":"Microsoft-Windows-Sysmon","process":{"pid":6668,"thread":{"id":6376}},"error":{},"channel":"Microsoft-Windows-Sysmon/Operational","opcode":"Info","version":5,"event_data":{"CurrentDirectory":"C:\\Windows\\system32\\","LogonId":"0x3e7","RuleName":"-","LogonGuid":"{8F7AB6F6-4E81-69DF-E703-000000000000}","TerminalSessionId":"0","FileVersion":"10.0.17763.1 (WinBuild.160101.0800)","Hashes":"MD5=59D38A41008A7A229273D8AF693ADBAC,SHA256=8E0D841929ECD6E1223205E0163E1F5B4938973F7BD743A6094A84C3D4DB9F56,IMPHASH=5A5A505BA4F93DA92EB564DA19258843","Description":"Windows Modules Installer","Company":"Microsoft Corporation","OriginalFileName":"TrustedInstaller.exe","ParentCommandLine":"C:\\Windows\\system32\\services.exe","ParentImage":"C:\\Windows\\System32\\services.exe","CommandLine":"C:\\Windows\\servicing\\TrustedInstaller.exe","Image":"C:\\Windows\\servicing\\TrustedInstaller.exe","ParentProcessGuid":"{8F7AB6F6-4E81-69DF-0B00-000000000500}","ParentUser":"NT AUTHORITY\\SYSTEM","UtcTime":"2026-04-15 09:01:26.049","IntegrityLevel":"System","Product":"Microsoft® Windows® Operating System","ParentProcessId":"548","User":"NT AUTHORITY\\SYSTEM","ProcessId":"6496","ProcessGuid":"{8F7AB6F6-53E6-69DF-2802-000000000500}"},"record_id":655,"computer_name":"DESKTOP-H6FBQ5J"},"event":{"kind":"event","provider":"Microsoft-Windows-Sysmon","created":"2026-04-15T13:13:46.685Z","code":"1"},"log":{"level":"information","file":{"path":"C:\\Users\\ivysa\\Downloads\\winlogbeat-9.3.3-windows-x86_64\\winlogbeat-9.3.3-windows-x86_64\\symon.evtx"}},"error":{"message":"failed to get the event message string: failed in EvtFormatMessage: The message resource is present but the message was not found in the message table."}}
{"@timestamp":"2026-04-15T09:01:29.554Z","@metadata":{"beat":"winlogbeat","type":"_doc","version":"9.3.3"},"ecs":{"version":"8.0.0"},"agent":{"ephemeral_id":"f8d845b8-8ac1-43f8-9a65-a6e7c2082e2f","id":"0ae603cf-457e-4a6f-bbde-51c28f1a031e","name":"DESKTOP-IKR997B","type":"winlogbeat","version":"9.3.3"},"event":{"created":"2026-04-15T13:13:46.685Z","code":"1","kind":"event","provider":"Microsoft-Windows-Sysmon"},"log":{"level":"information","file":{"path":"C:\\Users\\ivysa\\Downloads\\winlogbeat-9.3.3-windows-x86_64\\winlogbeat-9.3.3-windows-x86_64\\symon.evtx"}},"error":{"message":"failed to get the event message string: failed in EvtFormatMessage: The message resource is present but the message was not found in the message table."},"host":{"name":"DESKTOP-H6FBQ5J"},"winlog":{"version":5,"computer_name":"DESKTOP-H6FBQ5J","event_data":{"IntegrityLevel":"System","CurrentDirectory":"C:\\Windows\\system32\\","ParentProcessId":"720","LogonId":"0x3e7","ParentUser":"NT AUTHORITY\\SYSTEM","Description":"Windows Modules Installer Worker","User":"NT AUTHORITY\\SYSTEM","ParentCommandLine":"C:\\Windows\\system32\\svchost.exe -k DcomLaunch -p","Product":"Microsoft® Windows® Operating System","LogonGuid":"{8F7AB6F6-4E81-69DF-E703-000000000000}","UtcTime":"2026-04-15 09:01:29.552","FileVersion":"10.0.17763.1 (WinBuild.160101.0800)","ParentImage":"C:\\Windows\\System32\\svchost.exe","Company":"Microsoft Corporation","TerminalSessionId":"0","ProcessGuid":"{8F7AB6F6-53E9-69DF-2902-000000000500}","OriginalFileName":"TiWorker.exe","RuleName":"-","Hashes":"MD5=A925D158B68DA0F861F8738D827E6317,SHA256=138435960F0717184F933AED18CB27773A6ACB4F6028C14A7381EFBD343185BA,IMPHASH=B045F8044A45DF3E16BBE244FE078DAA","ProcessId":"6980","ParentProcessGuid":"{8F7AB6F6-4E81-69DF-1000-000000000500}","Image":"C:\\Windows\\WinSxS\\amd64_microsoft-windows-servicingstack_31bf3856ad364e35_10.0.17763.1_none_fa254b2e1f73e660\\TiWorker.exe","CommandLine":"C:\\Windows\\winsxs\\amd64_microsoft-windows-servicingstack_31bf3856ad364e35_10.0.17763.1_none_fa254b2e1f73e660\\TiWorker.exe -Embedding"},"process":{"pid":6668,"thread":{"id":6376}},"error":{},"event_id":"1","provider_guid":"{5770385F-C22A-43E0-BF4C-06F5698FFBD9}","opcode":"Info","user":{"identifier":"S-1-5-18","domain":"NT AUTHORITY","name":"SYSTEM","type":"Well Known Group"},"channel":"Microsoft-Windows-Sysmon/Operational","provider_name":"Microsoft-Windows-Sysmon","record_id":656}}
{"@timestamp":"2026-04-15T09:01:31.930Z","@metadata":{"beat":"winlogbeat","type":"_doc","version":"9.3.3"},"log":{"level":"information","file":{"path":"C:\\Users\\ivysa\\Downloads\\winlogbeat-9.3.3-windows-x86_64\\winlogbeat-9.3.3-windows-x86_64\\symon.evtx"}},"error":{"message":"failed to get the event message string: failed in EvtFormatMessage: The message resource is present but the message was not found in the message table."},"host":{"name":"DESKTOP-H6FBQ5J"},"ecs":{"version":"8.0.0"},"agent":{"id":"0ae603cf-457e-4a6f-bbde-51c28f1a031e","name":"DESKTOP-IKR997B","type":"winlogbeat","version":"9.3.3","ephemeral_id":"f8d845b8-8ac1-43f8-9a65-a6e7c2082e2f"},"winlog":{"computer_name":"DESKTOP-H6FBQ5J","version":2,"process":{"pid":6668,"thread":{"id":6376}},"provider_name":"Microsoft-Windows-Sysmon","opcode":"Info","channel":"Microsoft-Windows-Sysmon/Operational","record_id":657,"user":{"type":"Well Known Group","identifier":"S-1-5-18","domain":"NT AUTHORITY","name":"SYSTEM"},"error":{},"event_id":"13","provider_guid":"{5770385F-C22A-43E0-BF4C-06F5698FFBD9}","event_data":{"UtcTime":"2026-04-15 09:01:31.918","Image":"C:\\Windows\\servicing\\TrustedInstaller.exe","User":"NT AUTHORITY\\SYSTEM","EventType":"SetValue","ProcessGuid":"{8F7AB6F6-53E6-69DF-2802-000000000500}","RuleName":"Tamper-Winlogon","ProcessId":"6496","TargetObject":"HKLM\\System\\CurrentControlSet\\Control\\Winlogon\\Notifications\\Components\\TrustedInstaller\\Events","Details":"CreateSession"}},"event":{"created":"2026-04-15T13:13:46.685Z","code":"13","kind":"event","provider":"Microsoft-Windows-Sysmon"}}
{"@timestamp":"2026-04-15T09:02:00.485Z","@metadata":{"beat":"winlogbeat","type":"_doc","version":"9.3.3"},"log":{"level":"information","file":{"path":"C:\\Users\\ivysa\\Downloads\\winlogbeat-9.3.3-windows-x86_64\\winlogbeat-9.3.3-windows-x86_64\\symon.evtx"}},"ecs":{"version":"8.0.0"},"agent":{"ephemeral_id":"f8d845b8-8ac1-43f8-9a65-a6e7c2082e2f","id":"0ae603cf-457e-4a6f-bbde-51c28f1a031e","name":"DESKTOP-IKR997B","type":"winlogbeat","version":"9.3.3"},"error":{"message":"failed to get the event message string: failed in EvtFormatMessage: The message resource is present but the message was not found in the message table."},"host":{"name":"DESKTOP-H6FBQ5J"},"winlog":{"event_id":"1","opcode":"Info","provider_guid":"{5770385F-C22A-43E0-BF4C-06F5698FFBD9}","computer_name":"DESKTOP-H6FBQ5J","process":{"pid":6668,"thread":{"id":6376}},"error":{},"channel":"Microsoft-Windows-Sysmon/Operational","record_id":658,"version":5,"event_data":{"ParentProcessGuid":"{8F7AB6F6-53CD-69DF-0D02-000000000500}","ParentProcessId":"640","OriginalFileName":"NGenTask.exe","CurrentDirectory":"C:\\Windows\\system32\\","TerminalSessionId":"0","Hashes":"MD5=A45E2513B0A21D22B4AA460D0F08662B,SHA256=1EDB993FB2B3B81D6635AD0A9C0608BF44DF0A6F3F293DB456980BE1DE167ACA,IMPHASH=00000000000000000000000000000000","Product":"Microsoft® .NET Framework","ParentUser":"NT AUTHORITY\\SYSTEM","IntegrityLevel":"System","ProcessGuid":"{8F7AB6F6-5408-69DF-2A02-000000000500}","Description":"Microsoft .NET Framework optimization service","Company":"Microsoft Corporation","UtcTime":"2026-04-15 09:02:00.476","User":"NT AUTHORITY\\SYSTEM","RuleName":"-","CommandLine":"\"C:\\Windows\\Microsoft.NET\\Framework64\\v4.0.30319\\NGenTask.exe\" /RuntimeWide /StopEvent:1160","FileVersion":"4.7.3190.0 built by: NET472REL1LAST_C","LogonGuid":"{8F7AB6F6-4E81-69DF-E703-000000000000}","LogonId":"0x3e7","ParentImage":"C:\\Windows\\System32\\taskhostw.exe","ProcessId":"7576","ParentCommandLine":"taskhostw.exe SYSTEM","Image":"C:\\Windows\\Microsoft.NET\\Framework64\\v4.0.30319\\ngentask.exe"},"provider_name":"Microsoft-Windows-Sysmon","user":{"name":"SYSTEM","type":"Well Known Group","identifier":"S-1-5-18","domain":"NT AUTHORITY"}},"event":{"created":"2026-04-15T13:13:46.685Z","code":"1","kind":"event","provider":"Microsoft-Windows-Sysmon"}}
