{"@timestamp":"2026-04-15T08:50:26.079Z","@metadata":{"beat":"winlogbeat","type":"_doc","version":"9.3.3"},"error":{"message":"failed to get the event message string: failed in EvtFormatMessage: The message resource is present but the message was not found in the message table."},"host":{"name":"DESKTOP-H6FBQ5J"},"ecs":{"version":"8.0.0"},"agent":{"ephemeral_id":"f8d845b8-8ac1-43f8-9a65-a6e7c2082e2f","id":"0ae603cf-457e-4a6f-bbde-51c28f1a031e","name":"DESKTOP-IKR997B","type":"winlogbeat","version":"9.3.3"},"winlog":{"provider_name":"Microsoft-Windows-Sysmon","provider_guid":"{5770385F-C22A-43E0-BF4C-06F5698FFBD9}","computer_name":"DESKTOP-H6FBQ5J","version":5,"user":{"name":"SYSTEM","type":"Well Known Group","identifier":"S-1-5-18","domain":"NT AUTHORITY"},"process":{"pid":6668,"thread":{"id":6376}},"event_id":"1","event_data":{"FileVersion":"7.42","Product":"-","RuleName":"-","CurrentDirectory":"C:\\Users\\windows\\Downloads\\","LogonGuid":"{8F7AB6F6-4E83-69DF-192B-010000000000}","ParentCommandLine":"\"C:\\Program Files\\Google\\Chrome\\Application\\chrome.exe\" --restore-last-session --restart","Image":"C:\\Users\\windows\\Downloads\\BANDIZIP-SETUP-STD-X64.EXE","TerminalSessionId":"1","ParentProcessId":"7728","Description":"Bandizip 7.42 0 Setup","LogonId":"0x12b19","ParentProcessGuid":"{8F7AB6F6-4EAB-69DF-B300-000000000500}","ParentUser":"DESKTOP-H6FBQ5J\\windows","UtcTime":"2026-04-15 08:50:26.066","ProcessId":"6432","OriginalFileName":"-","CommandLine":"\"C:\\Users\\windows\\Downloads\\BANDIZIP-SETUP-STD-X64.EXE\" ","Hashes":"MD5=872FC2ABAD786D2748C4128D5C478815,SHA256=BBE80322264A7A63530068B89621542A4809912C8EA77BC14C7C81B6FF75F357,IMPHASH=B1A586C098F67922FDF0073AA1B447F9","IntegrityLevel":"High","ProcessGuid":"{8F7AB6F6-5152-69DF-9501-000000000500}","User":"DESKTOP-H6FBQ5J\\windows","ParentImage":"C:\\Program Files\\Google\\Chrome\\Application\\chrome.exe","Company":"Bandisoft"},"record_id":53,"opcode":"Info","error":{},"channel":"Microsoft-Windows-Sysmon/Operational"},"event":{"provider":"Microsoft-Windows-Sysmon","created":"2026-04-15T13:13:46.585Z","code":"1","kind":"event"},"log":{"file":{"path":"C:\\Users\\ivysa\\Downloads\\winlogbeat-9.3.3-windows-x86_64\\winlogbeat-9.3.3-windows-x86_64\\symon.evtx"},"level":"information"}}
{"@timestamp":"2026-04-15T08:50:26.120Z","@metadata":{"beat":"winlogbeat","type":"_doc","version":"9.3.3"},"winlog":{"provider_name":"Microsoft-Windows-Sysmon","record_id":54,"computer_name":"DESKTOP-H6FBQ5J","process":{"pid":6668,"thread":{"id":6376}},"error":{},"provider_guid":"{5770385F-C22A-43E0-BF4C-06F5698FFBD9}","event_id":"13","opcode":"Info","version":2,"user":{"type":"Well Known Group","identifier":"S-1-5-18","domain":"NT AUTHORITY","name":"SYSTEM"},"event_data":{"ProcessGuid":"{8F7AB6F6-4E8A-69DF-6800-000000000500}","ProcessId":"3976","Image":"C:\\Windows\\system32\\svchost.exe","RuleName":"InvDB","TargetObject":"HKU\\S-1-5-21-3775872478-390322037-581647961-1001\\Software\\Microsoft\\Windows NT\\CurrentVersion\\AppCompatFlags\\Compatibility Assistant\\Store\\C:\\Users\\windows\\Downloads\\BANDIZIP-SETUP-STD-X64.EXE","UtcTime":"2026-04-15 08:50:26.076","User":"NT AUTHORITY\\SYSTEM","Details":"Binary Data","EventType":"SetValue"},"channel":"Microsoft-Windows-Sysmon/Operational"},"event":{"kind":"event","provider":"Microsoft-Windows-Sysmon","created":"2026-04-15T13:13:46.585Z","code":"13"},"log":{"file":{"path":"C:\\Users\\ivysa\\Downloads\\winlogbeat-9.3.3-windows-x86_64\\winlogbeat-9.3.3-windows-x86_64\\symon.evtx"},"level":"information"},"error":{"message":"failed to get the event message string: failed in EvtFormatMessage: The message resource is present but the message was not found in the message table."},"host":{"name":"DESKTOP-H6FBQ5J"},"ecs":{"version":"8.0.0"},"agent":{"ephemeral_id":"f8d845b8-8ac1-43f8-9a65-a6e7c2082e2f","id":"0ae603cf-457e-4a6f-bbde-51c28f1a031e","name":"DESKTOP-IKR997B","type":"winlogbeat","version":"9.3.3"}}
{"@timestamp":"2026-04-15T08:50:26.121Z","@metadata":{"beat":"winlogbeat","type":"_doc","version":"9.3.3"},"winlog":{"channel":"Microsoft-Windows-Sysmon/Operational","event_id":"13","opcode":"Info","version":2,"provider_name":"Microsoft-Windows-Sysmon","computer_name":"DESKTOP-H6FBQ5J","provider_guid":"{5770385F-C22A-43E0-BF4C-06F5698FFBD9}","user":{"identifier":"S-1-5-18","domain":"NT AUTHORITY","name":"SYSTEM","type":"Well Known Group"},"event_data":{"Details":"c:\\users\\windows\\downloads\\bandizip-setup-std-x64.exe","EventType":"SetValue","ProcessId":"3976","Image":"C:\\Windows\\system32\\svchost.exe","UtcTime":"2026-04-15 08:50:26.107","User":"NT AUTHORITY\\SYSTEM","RuleName":"InvDB-Path","TargetObject":"\\REGISTRY\\A\\{36189a49-2a78-032b-ac62-c77ad8e35341}\\Root\\InventoryApplicationFile\\bandizip-setup-s|68e47d15a110e4a3\\LowerCaseLongPath","ProcessGuid":"{8F7AB6F6-4E8A-69DF-6800-000000000500}"},"error":{},"record_id":55,"process":{"pid":6668,"thread":{"id":6376}}},"event":{"provider":"Microsoft-Windows-Sysmon","created":"2026-04-15T13:13:46.585Z","code":"13","kind":"event"},"log":{"level":"information","file":{"path":"C:\\Users\\ivysa\\Downloads\\winlogbeat-9.3.3-windows-x86_64\\winlogbeat-9.3.3-windows-x86_64\\symon.evtx"}},"error":{"message":"failed to get the event message string: failed in EvtFormatMessage: The message resource is present but the message was not found in the message table."},"host":{"name":"DESKTOP-H6FBQ5J"},"ecs":{"version":"8.0.0"},"agent":{"id":"0ae603cf-457e-4a6f-bbde-51c28f1a031e","name":"DESKTOP-IKR997B","type":"winlogbeat","version":"9.3.3","ephemeral_id":"f8d845b8-8ac1-43f8-9a65-a6e7c2082e2f"}}
{"@timestamp":"2026-04-15T08:50:26.121Z","@metadata":{"beat":"winlogbeat","type":"_doc","version":"9.3.3"},"error":{"message":"failed to get the event message string: failed in EvtFormatMessage: The message resource is present but the message was not found in the message table."},"host":{"name":"DESKTOP-H6FBQ5J"},"ecs":{"version":"8.0.0"},"agent":{"name":"DESKTOP-IKR997B","type":"winlogbeat","version":"9.3.3","ephemeral_id":"f8d845b8-8ac1-43f8-9a65-a6e7c2082e2f","id":"0ae603cf-457e-4a6f-bbde-51c28f1a031e"},"winlog":{"event_data":{"ProcessGuid":"{8F7AB6F6-4E8A-69DF-6800-000000000500}","RuleName":"InvDB-Pub","Details":"bandisoft","Image":"C:\\Windows\\system32\\svchost.exe","User":"NT AUTHORITY\\SYSTEM","EventType":"SetValue","ProcessId":"3976","TargetObject":"\\REGISTRY\\A\\{36189a49-2a78-032b-ac62-c77ad8e35341}\\Root\\InventoryApplicationFile\\bandizip-setup-s|68e47d15a110e4a3\\Publisher","UtcTime":"2026-04-15 08:50:26.107"},"channel":"Microsoft-Windows-Sysmon/Operational","provider_name":"Microsoft-Windows-Sysmon","record_id":56,"event_id":"13","opcode":"Info","process":{"pid":6668,"thread":{"id":6376}},"computer_name":"DESKTOP-H6FBQ5J","error":{},"provider_guid":"{5770385F-C22A-43E0-BF4C-06F5698FFBD9}","version":2,"user":{"type":"Well Known Group","identifier":"S-1-5-18","domain":"NT AUTHORITY","name":"SYSTEM"}},"event":{"provider":"Microsoft-Windows-Sysmon","created":"2026-04-15T13:13:46.585Z","code":"13","kind":"event"},"log":{"level":"information","file":{"path":"C:\\Users\\ivysa\\Downloads\\winlogbeat-9.3.3-windows-x86_64\\winlogbeat-9.3.3-windows-x86_64\\symon.evtx"}}}
{"@timestamp":"2026-04-15T08:50:26.121Z","@metadata":{"beat":"winlogbeat","type":"_doc","version":"9.3.3"},"log":{"level":"information","file":{"path":"C:\\Users\\ivysa\\Downloads\\winlogbeat-9.3.3-windows-x86_64\\winlogbeat-9.3.3-windows-x86_64\\symon.evtx"}},"error":{"message":"failed to get the event message string: failed in EvtFormatMessage: The message resource is present but the message was not found in the message table."},"host":{"name":"DESKTOP-H6FBQ5J"},"ecs":{"version":"8.0.0"},"agent":{"id":"0ae603cf-457e-4a6f-bbde-51c28f1a031e","name":"DESKTOP-IKR997B","type":"winlogbeat","version":"9.3.3","ephemeral_id":"f8d845b8-8ac1-43f8-9a65-a6e7c2082e2f"},"winlog":{"user":{"type":"Well Known Group","identifier":"S-1-5-18","domain":"NT AUTHORITY","name":"SYSTEM"},"process":{"pid":6668,"thread":{"id":6376}},"opcode":"Info","event_data":{"ProcessId":"3976","Details":"02/19/2026 01:13:44","RuleName":"InvDB-CompileTimeClaim","UtcTime":"2026-04-15 08:50:26.107","Image":"C:\\Windows\\system32\\svchost.exe","EventType":"SetValue","ProcessGuid":"{8F7AB6F6-4E8A-69DF-6800-000000000500}","TargetObject":"\\REGISTRY\\A\\{36189a49-2a78-032b-ac62-c77ad8e35341}\\Root\\InventoryApplicationFile\\bandizip-setup-s|68e47d15a110e4a3\\LinkDate","User":"NT AUTHORITY\\SYSTEM"},"error":{},"channel":"Microsoft-Windows-Sysmon/Operational","event_id":"13","provider_name":"Microsoft-Windows-Sysmon","record_id":57,"provider_guid":"{5770385F-C22A-43E0-BF4C-06F5698FFBD9}","version":2,"computer_name":"DESKTOP-H6FBQ5J"},"event":{"created":"2026-04-15T13:13:46.585Z","code":"13","kind":"event","provider":"Microsoft-Windows-Sysmon"}}
{"@timestamp":"2026-04-15T08:50:26.122Z","@metadata":{"beat":"winlogbeat","type":"_doc","version":"9.3.3"},"agent":{"version":"9.3.3","ephemeral_id":"f8d845b8-8ac1-43f8-9a65-a6e7c2082e2f","id":"0ae603cf-457e-4a6f-bbde-51c28f1a031e","name":"DESKTOP-IKR997B","type":"winlogbeat"},"winlog":{"channel":"Microsoft-Windows-Sysmon/Operational","record_id":58,"provider_name":"Microsoft-Windows-Sysmon","computer_name":"DESKTOP-H6FBQ5J","opcode":"Info","provider_guid":"{5770385F-C22A-43E0-BF4C-06F5698FFBD9}","event_id":"13","version":2,"user":{"name":"SYSTEM","type":"Well Known Group","identifier":"S-1-5-18","domain":"NT AUTHORITY"},"event_data":{"TargetObject":"\\REGISTRY\\A\\{36189a49-2a78-032b-ac62-c77ad8e35341}\\Root\\InventoryApplicationFile\\bandizip-setup-s|68e47d15a110e4a3\\BinProductVersion","User":"NT AUTHORITY\\SYSTEM","ProcessGuid":"{8F7AB6F6-4E8A-69DF-6800-000000000500}","Details":"7.42.0.0","RuleName":"InvDB-Ver","UtcTime":"2026-04-15 08:50:26.107","EventType":"SetValue","ProcessId":"3976","Image":"C:\\Windows\\system32\\svchost.exe"},"process":{"pid":6668,"thread":{"id":6376}},"error":{}},"event":{"created":"2026-04-15T13:13:46.585Z","code":"13","kind":"event","provider":"Microsoft-Windows-Sysmon"},"log":{"level":"information","file":{"path":"C:\\Users\\ivysa\\Downloads\\winlogbeat-9.3.3-windows-x86_64\\winlogbeat-9.3.3-windows-x86_64\\symon.evtx"}},"error":{"message":"failed to get the event message string: failed in EvtFormatMessage: The message resource is present but the message was not found in the message table."},"host":{"name":"DESKTOP-H6FBQ5J"},"ecs":{"version":"8.0.0"}}
{"@timestamp":"2026-04-15T08:50:27.897Z","@metadata":{"beat":"winlogbeat","type":"_doc","version":"9.3.3"},"winlog":{"event_id":"22","version":5,"event_data":{"RuleName":"-","UtcTime":"2026-04-15 08:50:26.976","ProcessId":"6432","QueryName":"ver.bandi.so","QueryResults":"::ffff:52.78.169.250;","User":"DESKTOP-H6FBQ5J\\windows","QueryStatus":"0","ProcessGuid":"{8F7AB6F6-5152-69DF-9501-000000000500}","Image":"C:\\Users\\windows\\Downloads\\BANDIZIP-SETUP-STD-X64.EXE"},"provider_name":"Microsoft-Windows-Sysmon","record_id":59,"opcode":"Info","process":{"pid":6668,"thread":{"id":3820}},"computer_name":"DESKTOP-H6FBQ5J","provider_guid":"{5770385F-C22A-43E0-BF4C-06F5698FFBD9}","user":{"type":"Well Known Group","identifier":"S-1-5-18","domain":"NT AUTHORITY","name":"SYSTEM"},"error":{},"channel":"Microsoft-Windows-Sysmon/Operational"},"event":{"created":"2026-04-15T13:13:46.585Z","code":"22","kind":"event","provider":"Microsoft-Windows-Sysmon"},"log":{"level":"information","file":{"path":"C:\\Users\\ivysa\\Downloads\\winlogbeat-9.3.3-windows-x86_64\\winlogbeat-9.3.3-windows-x86_64\\symon.evtx"}},"error":{"message":"failed to get the event message string: failed in EvtFormatMessage: The message resource is present but the message was not found in the message table."},"ecs":{"version":"8.0.0"},"agent":{"name":"DESKTOP-IKR997B","type":"winlogbeat","version":"9.3.3","ephemeral_id":"f8d845b8-8ac1-43f8-9a65-a6e7c2082e2f","id":"0ae603cf-457e-4a6f-bbde-51c28f1a031e"},"host":{"name":"DESKTOP-H6FBQ5J"}}
{"@timestamp":"2026-04-15T08:50:28.116Z","@metadata":{"beat":"winlogbeat","type":"_doc","version":"9.3.3"},"error":{"message":"failed to get the event message string: failed in EvtFormatMessage: The message resource is present but the message was not found in the message table."},"host":{"name":"DESKTOP-H6FBQ5J"},"ecs":{"version":"8.0.0"},"agent":{"name":"DESKTOP-IKR997B","type":"winlogbeat","version":"9.3.3","ephemeral_id":"f8d845b8-8ac1-43f8-9a65-a6e7c2082e2f","id":"0ae603cf-457e-4a6f-bbde-51c28f1a031e"},"winlog":{"user":{"name":"SYSTEM","type":"Well Known Group","identifier":"S-1-5-18","domain":"NT AUTHORITY"},"channel":"Microsoft-Windows-Sysmon/Operational","event_id":"3","provider_guid":"{5770385F-C22A-43E0-BF4C-06F5698FFBD9}","error":{},"provider_name":"Microsoft-Windows-Sysmon","record_id":60,"event_data":{"RuleName":"Usermode","Initiated":"true","SourceIp":"192.168.11.181","UtcTime":"2026-04-15 08:50:26.973","Image":"C:\\Users\\windows\\Downloads\\BANDIZIP-SETUP-STD-X64.EXE","DestinationIp":"52.78.169.250","DestinationPort":"443","SourcePortName":"-","DestinationPortName":"https","ProcessGuid":"{8F7AB6F6-5152-69DF-9501-000000000500}","ProcessId":"6432","Protocol":"tcp","DestinationHostname":"ec2-52-78-169-250.ap-northeast-2.compute.amazonaws.com","SourceIsIpv6":"false","User":"DESKTOP-H6FBQ5J\\windows","DestinationIsIpv6":"false","SourceHostname":"DESKTOP-H6FBQ5J","SourcePort":"49950"},"computer_name":"DESKTOP-H6FBQ5J","process":{"pid":6668,"thread":{"id":8740}},"opcode":"Info","version":5},"event":{"kind":"event","provider":"Microsoft-Windows-Sysmon","created":"2026-04-15T13:13:46.585Z","code":"3"},"log":{"file":{"path":"C:\\Users\\ivysa\\Downloads\\winlogbeat-9.3.3-windows-x86_64\\winlogbeat-9.3.3-windows-x86_64\\symon.evtx"},"level":"information"}}
{"@timestamp":"2026-04-15T08:50:28.384Z","@metadata":{"beat":"winlogbeat","type":"_doc","version":"9.3.3"},"error":{"message":"failed to get the event message string: failed in EvtFormatMessage: The message resource is present but the message was not found in the message table."},"host":{"name":"DESKTOP-H6FBQ5J"},"winlog":{"provider_name":"Microsoft-Windows-Sysmon","provider_guid":"{5770385F-C22A-43E0-BF4C-06F5698FFBD9}","version":5,"event_data":{"SourcePort":"49951","SourceHostname":"DESKTOP-H6FBQ5J","SourcePortName":"-","DestinationHostname":"-","DestinationPort":"80","RuleName":"Usermode","SourceIp":"192.168.11.181","DestinationIsIpv6":"false","SourceIsIpv6":"false","ProcessGuid":"{8F7AB6F6-5152-69DF-9501-000000000500}","ProcessId":"6432","UtcTime":"2026-04-15 08:50:27.110","Initiated":"true","DestinationIp":"172.64.149.23","User":"DESKTOP-H6FBQ5J\\windows","DestinationPortName":"http","Image":"C:\\Users\\windows\\Downloads\\BANDIZIP-SETUP-STD-X64.EXE","Protocol":"tcp"},"opcode":"Info","process":{"thread":{"id":8740},"pid":6668},"error":{},"channel":"Microsoft-Windows-Sysmon/Operational","event_id":"3","user":{"type":"Well Known Group","identifier":"S-1-5-18","domain":"NT AUTHORITY","name":"SYSTEM"},"record_id":61,"computer_name":"DESKTOP-H6FBQ5J"},"event":{"provider":"Microsoft-Windows-Sysmon","created":"2026-04-15T13:13:46.585Z","code":"3","kind":"event"},"log":{"level":"information","file":{"path":"C:\\Users\\ivysa\\Downloads\\winlogbeat-9.3.3-windows-x86_64\\winlogbeat-9.3.3-windows-x86_64\\symon.evtx"}},"ecs":{"version":"8.0.0"},"agent":{"ephemeral_id":"f8d845b8-8ac1-43f8-9a65-a6e7c2082e2f","id":"0ae603cf-457e-4a6f-bbde-51c28f1a031e","name":"DESKTOP-IKR997B","type":"winlogbeat","version":"9.3.3"}}
{"@timestamp":"2026-04-15T08:50:28.384Z","@metadata":{"beat":"winlogbeat","type":"_doc","version":"9.3.3"},"winlog":{"provider_guid":"{5770385F-C22A-43E0-BF4C-06F5698FFBD9}","event_id":"3","provider_name":"Microsoft-Windows-Sysmon","record_id":62,"computer_name":"DESKTOP-H6FBQ5J","opcode":"Info","version":5,"user":{"type":"Well Known Group","identifier":"S-1-5-18","domain":"NT AUTHORITY","name":"SYSTEM"},"process":{"pid":6668,"thread":{"id":8740}},"channel":"Microsoft-Windows-Sysmon/Operational","event_data":{"SourcePortName":"-","SourceIsIpv6":"false","ProcessGuid":"{8F7AB6F6-5152-69DF-9501-000000000500}","DestinationHostname":"-","DestinationIp":"104.18.38.233","RuleName":"Usermode","SourceHostname":"DESKTOP-H6FBQ5J","SourcePort":"49952","DestinationPortName":"http","Initiated":"true","UtcTime":"2026-04-15 08:50:27.162","DestinationIsIpv6":"false","ProcessId":"6432","SourceIp":"192.168.11.181","Image":"C:\\Users\\windows\\Downloads\\BANDIZIP-SETUP-STD-X64.EXE","Protocol":"tcp","DestinationPort":"80","User":"DESKTOP-H6FBQ5J\\windows"},"error":{}},"event":{"created":"2026-04-15T13:13:46.585Z","code":"3","kind":"event","provider":"Microsoft-Windows-Sysmon"},"log":{"level":"information","file":{"path":"C:\\Users\\ivysa\\Downloads\\winlogbeat-9.3.3-windows-x86_64\\winlogbeat-9.3.3-windows-x86_64\\symon.evtx"}},"error":{"message":"failed to get the event message string: failed in EvtFormatMessage: The message resource is present but the message was not found in the message table."},"host":{"name":"DESKTOP-H6FBQ5J"},"ecs":{"version":"8.0.0"},"agent":{"ephemeral_id":"f8d845b8-8ac1-43f8-9a65-a6e7c2082e2f","id":"0ae603cf-457e-4a6f-bbde-51c28f1a031e","name":"DESKTOP-IKR997B","type":"winlogbeat","version":"9.3.3"}}
{"@timestamp":"2026-04-15T08:50:33.063Z","@metadata":{"beat":"winlogbeat","type":"_doc","version":"9.3.3"},"host":{"name":"DESKTOP-H6FBQ5J"},"winlog":{"event_id":"11","provider_name":"Microsoft-Windows-Sysmon","record_id":63,"error":{},"provider_guid":"{5770385F-C22A-43E0-BF4C-06F5698FFBD9}","user":{"name":"SYSTEM","type":"Well Known Group","identifier":"S-1-5-18","domain":"NT AUTHORITY"},"process":{"pid":6668,"thread":{"id":6376}},"opcode":"Info","version":2,"event_data":{"RuleName":"DLL","UtcTime":"2026-04-15 08:50:32.756","ProcessGuid":"{8F7AB6F6-5152-69DF-9501-000000000500}","ProcessId":"6432","Image":"C:\\Users\\windows\\Downloads\\BANDIZIP-SETUP-STD-X64.EXE","TargetFilename":"C:\\Program Files\\Bandizip\\ark.x64.dll","CreationUtcTime":"2026-04-15 08:50:32.756","User":"DESKTOP-H6FBQ5J\\windows"},"computer_name":"DESKTOP-H6FBQ5J","channel":"Microsoft-Windows-Sysmon/Operational"},"ecs":{"version":"8.0.0"},"agent":{"ephemeral_id":"f8d845b8-8ac1-43f8-9a65-a6e7c2082e2f","id":"0ae603cf-457e-4a6f-bbde-51c28f1a031e","name":"DESKTOP-IKR997B","type":"winlogbeat","version":"9.3.3"},"event":{"created":"2026-04-15T13:13:46.585Z","code":"11","kind":"event","provider":"Microsoft-Windows-Sysmon"},"log":{"level":"information","file":{"path":"C:\\Users\\ivysa\\Downloads\\winlogbeat-9.3.3-windows-x86_64\\winlogbeat-9.3.3-windows-x86_64\\symon.evtx"}},"error":{"message":"failed to get the event message string: failed in EvtFormatMessage: The message resource is present but the message was not found in the message table."}}
{"@timestamp":"2026-04-15T08:50:33.082Z","@metadata":{"beat":"winlogbeat","type":"_doc","version":"9.3.3"},"event":{"created":"2026-04-15T13:13:46.585Z","code":"11","kind":"event","provider":"Microsoft-Windows-Sysmon"},"log":{"level":"information","file":{"path":"C:\\Users\\ivysa\\Downloads\\winlogbeat-9.3.3-windows-x86_64\\winlogbeat-9.3.3-windows-x86_64\\symon.evtx"}},"ecs":{"version":"8.0.0"},"agent":{"name":"DESKTOP-IKR997B","type":"winlogbeat","version":"9.3.3","ephemeral_id":"f8d845b8-8ac1-43f8-9a65-a6e7c2082e2f","id":"0ae603cf-457e-4a6f-bbde-51c28f1a031e"},"error":{"message":"failed to get the event message string: failed in EvtFormatMessage: The message resource is present but the message was not found in the message table."},"host":{"name":"DESKTOP-H6FBQ5J"},"winlog":{"computer_name":"DESKTOP-H6FBQ5J","opcode":"Info","user":{"identifier":"S-1-5-18","domain":"NT AUTHORITY","name":"SYSTEM","type":"Well Known Group"},"event_data":{"Image":"C:\\Users\\windows\\Downloads\\BANDIZIP-SETUP-STD-X64.EXE","TargetFilename":"C:\\Program Files\\Bandizip\\ark.x64.lgpl.dll","CreationUtcTime":"2026-04-15 08:50:32.756","User":"DESKTOP-H6FBQ5J\\windows","RuleName":"DLL","UtcTime":"2026-04-15 08:50:32.756","ProcessGuid":"{8F7AB6F6-5152-69DF-9501-000000000500}","ProcessId":"6432"},"event_id":"11","channel":"Microsoft-Windows-Sysmon/Operational","provider_name":"Microsoft-Windows-Sysmon","record_id":64,"provider_guid":"{5770385F-C22A-43E0-BF4C-06F5698FFBD9}","version":2,"process":{"pid":6668,"thread":{"id":6376}},"error":{}}}
{"@timestamp":"2026-04-15T08:50:33.083Z","@metadata":{"beat":"winlogbeat","type":"_doc","version":"9.3.3"},"log":{"level":"information","file":{"path":"C:\\Users\\ivysa\\Downloads\\winlogbeat-9.3.3-windows-x86_64\\winlogbeat-9.3.3-windows-x86_64\\symon.evtx"}},"error":{"message":"failed to get the event message string: failed in EvtFormatMessage: The message resource is present but the message was not found in the message table."},"host":{"name":"DESKTOP-H6FBQ5J"},"ecs":{"version":"8.0.0"},"agent":{"type":"winlogbeat","version":"9.3.3","ephemeral_id":"f8d845b8-8ac1-43f8-9a65-a6e7c2082e2f","id":"0ae603cf-457e-4a6f-bbde-51c28f1a031e","name":"DESKTOP-IKR997B"},"winlog":{"computer_name":"DESKTOP-H6FBQ5J","provider_guid":"{5770385F-C22A-43E0-BF4C-06F5698FFBD9}","user":{"name":"SYSTEM","type":"Well Known Group","identifier":"S-1-5-18","domain":"NT AUTHORITY"},"opcode":"Info","error":{},"event_data":{"RuleName":"DLL","UtcTime":"2026-04-15 08:50:32.756","ProcessGuid":"{8F7AB6F6-5152-69DF-9501-000000000500}","ProcessId":"6432","Image":"C:\\Users\\windows\\Downloads\\BANDIZIP-SETUP-STD-X64.EXE","TargetFilename":"C:\\Program Files\\Bandizip\\ark.x86.dll","CreationUtcTime":"2026-04-15 08:50:32.756","User":"DESKTOP-H6FBQ5J\\windows"},"provider_name":"Microsoft-Windows-Sysmon","version":2,"process":{"thread":{"id":6376},"pid":6668},"channel":"Microsoft-Windows-Sysmon/Operational","event_id":"11","record_id":65},"event":{"code":"11","kind":"event","provider":"Microsoft-Windows-Sysmon","created":"2026-04-15T13:13:46.585Z"}}
{"@timestamp":"2026-04-15T08:50:33.083Z","@metadata":{"beat":"winlogbeat","type":"_doc","version":"9.3.3"},"error":{"message":"failed to get the event message string: failed in EvtFormatMessage: The message resource is present but the message was not found in the message table."},"host":{"name":"DESKTOP-H6FBQ5J"},"ecs":{"version":"8.0.0"},"agent":{"version":"9.3.3","ephemeral_id":"f8d845b8-8ac1-43f8-9a65-a6e7c2082e2f","id":"0ae603cf-457e-4a6f-bbde-51c28f1a031e","name":"DESKTOP-IKR997B","type":"winlogbeat"},"winlog":{"provider_guid":"{5770385F-C22A-43E0-BF4C-06F5698FFBD9}","process":{"pid":6668,"thread":{"id":6376}},"error":{},"channel":"Microsoft-Windows-Sysmon/Operational","record_id":66,"opcode":"Info","user":{"domain":"NT AUTHORITY","name":"SYSTEM","type":"Well Known Group","identifier":"S-1-5-18"},"event_data":{"UtcTime":"2026-04-15 08:50:32.772","ProcessGuid":"{8F7AB6F6-5152-69DF-9501-000000000500}","ProcessId":"6432","Image":"C:\\Users\\windows\\Downloads\\BANDIZIP-SETUP-STD-X64.EXE","TargetFilename":"C:\\Program Files\\Bandizip\\ark.x86.lgpl.dll","CreationUtcTime":"2026-04-15 08:50:32.772","User":"DESKTOP-H6FBQ5J\\windows","RuleName":"DLL"},"computer_name":"DESKTOP-H6FBQ5J","version":2,"event_id":"11","provider_name":"Microsoft-Windows-Sysmon"},"event":{"created":"2026-04-15T13:13:46.585Z","code":"11","kind":"event","provider":"Microsoft-Windows-Sysmon"},"log":{"level":"information","file":{"path":"C:\\Users\\ivysa\\Downloads\\winlogbeat-9.3.3-windows-x86_64\\winlogbeat-9.3.3-windows-x86_64\\symon.evtx"}}}
{"@timestamp":"2026-04-15T08:50:33.083Z","@metadata":{"beat":"winlogbeat","type":"_doc","version":"9.3.3"},"ecs":{"version":"8.0.0"},"agent":{"ephemeral_id":"f8d845b8-8ac1-43f8-9a65-a6e7c2082e2f","id":"0ae603cf-457e-4a6f-bbde-51c28f1a031e","name":"DESKTOP-IKR997B","type":"winlogbeat","version":"9.3.3"},"winlog":{"event_id":"11","event_data":{"User":"DESKTOP-H6FBQ5J\\windows","RuleName":"DLL","UtcTime":"2026-04-15 08:50:32.772","ProcessGuid":"{8F7AB6F6-5152-69DF-9501-000000000500}","ProcessId":"6432","Image":"C:\\Users\\windows\\Downloads\\BANDIZIP-SETUP-STD-X64.EXE","TargetFilename":"C:\\Program Files\\Bandizip\\bdzshl.x64.dll","CreationUtcTime":"2026-04-15 08:50:32.772"},"error":{},"channel":"Microsoft-Windows-Sysmon/Operational","provider_name":"Microsoft-Windows-Sysmon","record_id":67,"computer_name":"DESKTOP-H6FBQ5J","opcode":"Info","provider_guid":"{5770385F-C22A-43E0-BF4C-06F5698FFBD9}","version":2,"user":{"identifier":"S-1-5-18","domain":"NT AUTHORITY","name":"SYSTEM","type":"Well Known Group"},"process":{"pid":6668,"thread":{"id":6376}}},"event":{"created":"2026-04-15T13:13:46.585Z","code":"11","kind":"event","provider":"Microsoft-Windows-Sysmon"},"log":{"level":"information","file":{"path":"C:\\Users\\ivysa\\Downloads\\winlogbeat-9.3.3-windows-x86_64\\winlogbeat-9.3.3-windows-x86_64\\symon.evtx"}},"error":{"message":"failed to get the event message string: failed in EvtFormatMessage: The message resource is present but the message was not found in the message table."},"host":{"name":"DESKTOP-H6FBQ5J"}}
{"@timestamp":"2026-04-15T08:50:33.083Z","@metadata":{"beat":"winlogbeat","type":"_doc","version":"9.3.3"},"winlog":{"record_id":68,"opcode":"Info","provider_guid":"{5770385F-C22A-43E0-BF4C-06F5698FFBD9}","event_data":{"ProcessGuid":"{8F7AB6F6-5152-69DF-9501-000000000500}","ProcessId":"6432","Image":"C:\\Users\\windows\\Downloads\\BANDIZIP-SETUP-STD-X64.EXE","TargetFilename":"C:\\Program Files\\Bandizip\\bdzshl.x86.dll","CreationUtcTime":"2026-04-15 08:50:32.772","User":"DESKTOP-H6FBQ5J\\windows","RuleName":"DLL","UtcTime":"2026-04-15 08:50:32.772"},"provider_name":"Microsoft-Windows-Sysmon","error":{},"event_id":"11","user":{"identifier":"S-1-5-18","domain":"NT AUTHORITY","name":"SYSTEM","type":"Well Known Group"},"computer_name":"DESKTOP-H6FBQ5J","version":2,"process":{"pid":6668,"thread":{"id":6376}},"channel":"Microsoft-Windows-Sysmon/Operational"},"event":{"code":"11","kind":"event","provider":"Microsoft-Windows-Sysmon","created":"2026-04-15T13:13:46.586Z"},"log":{"file":{"path":"C:\\Users\\ivysa\\Downloads\\winlogbeat-9.3.3-windows-x86_64\\winlogbeat-9.3.3-windows-x86_64\\symon.evtx"},"level":"information"},"ecs":{"version":"8.0.0"},"agent":{"ephemeral_id":"f8d845b8-8ac1-43f8-9a65-a6e7c2082e2f","id":"0ae603cf-457e-4a6f-bbde-51c28f1a031e","name":"DESKTOP-IKR997B","type":"winlogbeat","version":"9.3.3"},"error":{"message":"failed to get the event message string: failed in EvtFormatMessage: The message resource is present but the message was not found in the message table."},"host":{"name":"DESKTOP-H6FBQ5J"}}
{"@timestamp":"2026-04-15T08:50:33.083Z","@metadata":{"beat":"winlogbeat","type":"_doc","version":"9.3.3"},"ecs":{"version":"8.0.0"},"agent":{"type":"winlogbeat","version":"9.3.3","ephemeral_id":"f8d845b8-8ac1-43f8-9a65-a6e7c2082e2f","id":"0ae603cf-457e-4a6f-bbde-51c28f1a031e","name":"DESKTOP-IKR997B"},"event":{"kind":"event","provider":"Microsoft-Windows-Sysmon","created":"2026-04-15T13:13:46.586Z","code":"11"},"log":{"level":"information","file":{"path":"C:\\Users\\ivysa\\Downloads\\winlogbeat-9.3.3-windows-x86_64\\winlogbeat-9.3.3-windows-x86_64\\symon.evtx"}},"error":{"message":"failed to get the event message string: failed in EvtFormatMessage: The message resource is present but the message was not found in the message table."},"host":{"name":"DESKTOP-H6FBQ5J"},"winlog":{"user":{"identifier":"S-1-5-18","domain":"NT AUTHORITY","name":"SYSTEM","type":"Well Known Group"},"event_data":{"Image":"C:\\Users\\windows\\Downloads\\BANDIZIP-SETUP-STD-X64.EXE","TargetFilename":"C:\\Program Files\\Bandizip\\data\\bzshell.x64.dll","CreationUtcTime":"2026-04-15 08:50:32.772","User":"DESKTOP-H6FBQ5J\\windows","RuleName":"DLL","UtcTime":"2026-04-15 08:50:32.772","ProcessGuid":"{8F7AB6F6-5152-69DF-9501-000000000500}","ProcessId":"6432"},"error":{},"computer_name":"DESKTOP-H6FBQ5J","provider_guid":"{5770385F-C22A-43E0-BF4C-06F5698FFBD9}","channel":"Microsoft-Windows-Sysmon/Operational","provider_name":"Microsoft-Windows-Sysmon","record_id":69,"opcode":"Info","process":{"pid":6668,"thread":{"id":6376}},"event_id":"11","version":2}}
{"@timestamp":"2026-04-15T08:50:33.083Z","@metadata":{"beat":"winlogbeat","type":"_doc","version":"9.3.3"},"event":{"code":"11","kind":"event","provider":"Microsoft-Windows-Sysmon","created":"2026-04-15T13:13:46.586Z"},"log":{"level":"information","file":{"path":"C:\\Users\\ivysa\\Downloads\\winlogbeat-9.3.3-windows-x86_64\\winlogbeat-9.3.3-windows-x86_64\\symon.evtx"}},"error":{"message":"failed to get the event message string: failed in EvtFormatMessage: The message resource is present but the message was not found in the message table."},"ecs":{"version":"8.0.0"},"agent":{"type":"winlogbeat","version":"9.3.3","ephemeral_id":"f8d845b8-8ac1-43f8-9a65-a6e7c2082e2f","id":"0ae603cf-457e-4a6f-bbde-51c28f1a031e","name":"DESKTOP-IKR997B"},"host":{"name":"DESKTOP-H6FBQ5J"},"winlog":{"record_id":70,"computer_name":"DESKTOP-H6FBQ5J","user":{"domain":"NT AUTHORITY","name":"SYSTEM","type":"Well Known Group","identifier":"S-1-5-18"},"event_id":"11","provider_guid":"{5770385F-C22A-43E0-BF4C-06F5698FFBD9}","version":2,"error":{},"provider_name":"Microsoft-Windows-Sysmon","opcode":"Info","process":{"pid":6668,"thread":{"id":6376}},"channel":"Microsoft-Windows-Sysmon/Operational","event_data":{"CreationUtcTime":"2026-04-15 08:50:32.787","User":"DESKTOP-H6FBQ5J\\windows","RuleName":"DLL","UtcTime":"2026-04-15 08:50:32.787","ProcessGuid":"{8F7AB6F6-5152-69DF-9501-000000000500}","ProcessId":"6432","Image":"C:\\Users\\windows\\Downloads\\BANDIZIP-SETUP-STD-X64.EXE","TargetFilename":"C:\\Program Files\\Bandizip\\data\\lm.x64.dll"}}}
{"@timestamp":"2026-04-15T08:50:33.083Z","@metadata":{"beat":"winlogbeat","type":"_doc","version":"9.3.3"},"error":{"message":"failed to get the event message string: failed in EvtFormatMessage: The message resource is present but the message was not found in the message table."},"ecs":{"version":"8.0.0"},"agent":{"ephemeral_id":"f8d845b8-8ac1-43f8-9a65-a6e7c2082e2f","id":"0ae603cf-457e-4a6f-bbde-51c28f1a031e","name":"DESKTOP-IKR997B","type":"winlogbeat","version":"9.3.3"},"host":{"name":"DESKTOP-H6FBQ5J"},"winlog":{"version":2,"event_data":{"User":"DESKTOP-H6FBQ5J\\windows","RuleName":"DLL","UtcTime":"2026-04-15 08:50:32.787","ProcessGuid":"{8F7AB6F6-5152-69DF-9501-000000000500}","ProcessId":"6432","Image":"C:\\Users\\windows\\Downloads\\BANDIZIP-SETUP-STD-X64.EXE","TargetFilename":"C:\\Program Files\\Bandizip\\data\\webview.x86.dll","CreationUtcTime":"2026-04-15 08:50:32.787"},"computer_name":"DESKTOP-H6FBQ5J","process":{"pid":6668,"thread":{"id":6376}},"error":{},"channel":"Microsoft-Windows-Sysmon/Operational","event_id":"11","record_id":71,"opcode":"Info","provider_guid":"{5770385F-C22A-43E0-BF4C-06F5698FFBD9}","user":{"identifier":"S-1-5-18","domain":"NT AUTHORITY","name":"SYSTEM","type":"Well Known Group"},"provider_name":"Microsoft-Windows-Sysmon"},"event":{"provider":"Microsoft-Windows-Sysmon","created":"2026-04-15T13:13:46.586Z","code":"11","kind":"event"},"log":{"level":"information","file":{"path":"C:\\Users\\ivysa\\Downloads\\winlogbeat-9.3.3-windows-x86_64\\winlogbeat-9.3.3-windows-x86_64\\symon.evtx"}}}
{"@timestamp":"2026-04-15T08:50:33.083Z","@metadata":{"beat":"winlogbeat","type":"_doc","version":"9.3.3"},"error":{"message":"failed to get the event message string: failed in EvtFormatMessage: The message resource is present but the message was not found in the message table."},"host":{"name":"DESKTOP-H6FBQ5J"},"ecs":{"version":"8.0.0"},"agent":{"ephemeral_id":"f8d845b8-8ac1-43f8-9a65-a6e7c2082e2f","id":"0ae603cf-457e-4a6f-bbde-51c28f1a031e","name":"DESKTOP-IKR997B","type":"winlogbeat","version":"9.3.3"},"winlog":{"opcode":"Info","record_id":72,"event_data":{"RuleName":"DLL","UtcTime":"2026-04-15 08:50:32.787","ProcessGuid":"{8F7AB6F6-5152-69DF-9501-000000000500}","ProcessId":"6432","Image":"C:\\Users\\windows\\Downloads\\BANDIZIP-SETUP-STD-X64.EXE","TargetFilename":"C:\\Program Files\\Bandizip\\data\\WebView2.x64.dll","CreationUtcTime":"2026-04-15 08:50:32.787","User":"DESKTOP-H6FBQ5J\\windows"},"channel":"Microsoft-Windows-Sysmon/Operational","provider_guid":"{5770385F-C22A-43E0-BF4C-06F5698FFBD9}","user":{"type":"Well Known Group","identifier":"S-1-5-18","domain":"NT AUTHORITY","name":"SYSTEM"},"process":{"pid":6668,"thread":{"id":6376}},"provider_name":"Microsoft-Windows-Sysmon","version":2,"error":{},"event_id":"11","computer_name":"DESKTOP-H6FBQ5J"},"event":{"code":"11","kind":"event","provider":"Microsoft-Windows-Sysmon","created":"2026-04-15T13:13:46.586Z"},"log":{"file":{"path":"C:\\Users\\ivysa\\Downloads\\winlogbeat-9.3.3-windows-x86_64\\winlogbeat-9.3.3-windows-x86_64\\symon.evtx"},"level":"information"}}
{"@timestamp":"2026-04-15T08:50:33.083Z","@metadata":{"beat":"winlogbeat","type":"_doc","version":"9.3.3"},"host":{"name":"DESKTOP-H6FBQ5J"},"winlog":{"provider_guid":"{5770385F-C22A-43E0-BF4C-06F5698FFBD9}","error":{},"process":{"thread":{"id":6376},"pid":6668},"provider_name":"Microsoft-Windows-Sysmon","record_id":73,"version":2,"channel":"Microsoft-Windows-Sysmon/Operational","computer_name":"DESKTOP-H6FBQ5J","opcode":"Info","user":{"type":"Well Known Group","identifier":"S-1-5-18","domain":"NT AUTHORITY","name":"SYSTEM"},"event_data":{"User":"DESKTOP-H6FBQ5J\\windows","RuleName":"EXE","UtcTime":"2026-04-15 08:50:32.787","ProcessGuid":"{8F7AB6F6-5152-69DF-9501-000000000500}","ProcessId":"6432","Image":"C:\\Users\\windows\\Downloads\\BANDIZIP-SETUP-STD-X64.EXE","TargetFilename":"C:\\Program Files\\Bandizip\\data\\Amsiman.x64.exe","CreationUtcTime":"2026-04-15 08:50:32.787"},"event_id":"11"},"event":{"code":"11","kind":"event","provider":"Microsoft-Windows-Sysmon","created":"2026-04-15T13:13:46.586Z"},"ecs":{"version":"8.0.0"},"agent":{"type":"winlogbeat","version":"9.3.3","ephemeral_id":"f8d845b8-8ac1-43f8-9a65-a6e7c2082e2f","id":"0ae603cf-457e-4a6f-bbde-51c28f1a031e","name":"DESKTOP-IKR997B"},"log":{"file":{"path":"C:\\Users\\ivysa\\Downloads\\winlogbeat-9.3.3-windows-x86_64\\winlogbeat-9.3.3-windows-x86_64\\symon.evtx"},"level":"information"},"error":{"message":"failed to get the event message string: failed in EvtFormatMessage: The message resource is present but the message was not found in the message table."}}
{"@timestamp":"2026-04-15T08:50:33.088Z","@metadata":{"beat":"winlogbeat","type":"_doc","version":"9.3.3"},"error":{"message":"failed to get the event message string: failed in EvtFormatMessage: The message resource is present but the message was not found in the message table."},"host":{"name":"DESKTOP-H6FBQ5J"},"winlog":{"opcode":"Info","process":{"pid":6668,"thread":{"id":6376}},"error":{},"version":2,"channel":"Microsoft-Windows-Sysmon/Operational","user":{"name":"SYSTEM","type":"Well Known Group","identifier":"S-1-5-18","domain":"NT AUTHORITY"},"event_id":"11","record_id":74,"computer_name":"DESKTOP-H6FBQ5J","provider_guid":"{5770385F-C22A-43E0-BF4C-06F5698FFBD9}","event_data":{"ProcessId":"6432","Image":"C:\\Users\\windows\\Downloads\\BANDIZIP-SETUP-STD-X64.EXE","TargetFilename":"C:\\Program Files\\Bandizip\\Arkview.x64.exe","CreationUtcTime":"2026-04-15 08:50:32.803","User":"DESKTOP-H6FBQ5J\\windows","RuleName":"EXE","UtcTime":"2026-04-15 08:50:32.803","ProcessGuid":"{8F7AB6F6-5152-69DF-9501-000000000500}"},"provider_name":"Microsoft-Windows-Sysmon"},"ecs":{"version":"8.0.0"},"agent":{"name":"DESKTOP-IKR997B","type":"winlogbeat","version":"9.3.3","ephemeral_id":"f8d845b8-8ac1-43f8-9a65-a6e7c2082e2f","id":"0ae603cf-457e-4a6f-bbde-51c28f1a031e"},"event":{"created":"2026-04-15T13:13:46.586Z","code":"11","kind":"event","provider":"Microsoft-Windows-Sysmon"},"log":{"level":"information","file":{"path":"C:\\Users\\ivysa\\Downloads\\winlogbeat-9.3.3-windows-x86_64\\winlogbeat-9.3.3-windows-x86_64\\symon.evtx"}}}
{"@timestamp":"2026-04-15T08:50:33.088Z","@metadata":{"beat":"winlogbeat","type":"_doc","version":"9.3.3"},"error":{"message":"failed to get the event message string: failed in EvtFormatMessage: The message resource is present but the message was not found in the message table."},"host":{"name":"DESKTOP-H6FBQ5J"},"winlog":{"process":{"pid":6668,"thread":{"id":6376}},"error":{},"channel":"Microsoft-Windows-Sysmon/Operational","record_id":75,"opcode":"Info","provider_guid":"{5770385F-C22A-43E0-BF4C-06F5698FFBD9}","version":2,"event_data":{"User":"DESKTOP-H6FBQ5J\\windows","RuleName":"EXE","UtcTime":"2026-04-15 08:50:32.803","ProcessGuid":"{8F7AB6F6-5152-69DF-9501-000000000500}","ProcessId":"6432","Image":"C:\\Users\\windows\\Downloads\\BANDIZIP-SETUP-STD-X64.EXE","TargetFilename":"C:\\Program Files\\Bandizip\\Bandizip.exe","CreationUtcTime":"2026-04-15 08:50:32.803"},"provider_name":"Microsoft-Windows-Sysmon","event_id":"11","computer_name":"DESKTOP-H6FBQ5J","user":{"name":"SYSTEM","type":"Well Known Group","identifier":"S-1-5-18","domain":"NT AUTHORITY"}},"event":{"provider":"Microsoft-Windows-Sysmon","created":"2026-04-15T13:13:46.586Z","code":"11","kind":"event"},"log":{"level":"information","file":{"path":"C:\\Users\\ivysa\\Downloads\\winlogbeat-9.3.3-windows-x86_64\\winlogbeat-9.3.3-windows-x86_64\\symon.evtx"}},"ecs":{"version":"8.0.0"},"agent":{"ephemeral_id":"f8d845b8-8ac1-43f8-9a65-a6e7c2082e2f","id":"0ae603cf-457e-4a6f-bbde-51c28f1a031e","name":"DESKTOP-IKR997B","type":"winlogbeat","version":"9.3.3"}}
{"@timestamp":"2026-04-15T08:50:33.088Z","@metadata":{"beat":"winlogbeat","type":"_doc","version":"9.3.3"},"event":{"code":"11","kind":"event","provider":"Microsoft-Windows-Sysmon","created":"2026-04-15T13:13:46.586Z"},"log":{"level":"information","file":{"path":"C:\\Users\\ivysa\\Downloads\\winlogbeat-9.3.3-windows-x86_64\\winlogbeat-9.3.3-windows-x86_64\\symon.evtx"}},"error":{"message":"failed to get the event message string: failed in EvtFormatMessage: The message resource is present but the message was not found in the message table."},"host":{"name":"DESKTOP-H6FBQ5J"},"winlog":{"error":{},"channel":"Microsoft-Windows-Sysmon/Operational","record_id":76,"computer_name":"DESKTOP-H6FBQ5J","user":{"identifier":"S-1-5-18","domain":"NT AUTHORITY","name":"SYSTEM","type":"Well Known Group"},"event_data":{"ProcessGuid":"{8F7AB6F6-5152-69DF-9501-000000000500}","ProcessId":"6432","Image":"C:\\Users\\windows\\Downloads\\BANDIZIP-SETUP-STD-X64.EXE","TargetFilename":"C:\\Program Files\\Bandizip\\bz.exe","CreationUtcTime":"2026-04-15 08:50:32.818","User":"DESKTOP-H6FBQ5J\\windows","RuleName":"EXE","UtcTime":"2026-04-15 08:50:32.818"},"opcode":"Info","provider_guid":"{5770385F-C22A-43E0-BF4C-06F5698FFBD9}","process":{"thread":{"id":6376},"pid":6668},"provider_name":"Microsoft-Windows-Sysmon","version":2,"event_id":"11"},"ecs":{"version":"8.0.0"},"agent":{"type":"winlogbeat","version":"9.3.3","ephemeral_id":"f8d845b8-8ac1-43f8-9a65-a6e7c2082e2f","id":"0ae603cf-457e-4a6f-bbde-51c28f1a031e","name":"DESKTOP-IKR997B"}}
{"@timestamp":"2026-04-15T08:50:33.088Z","@metadata":{"beat":"winlogbeat","type":"_doc","version":"9.3.3"},"event":{"provider":"Microsoft-Windows-Sysmon","created":"2026-04-15T13:13:46.586Z","code":"11","kind":"event"},"log":{"level":"information","file":{"path":"C:\\Users\\ivysa\\Downloads\\winlogbeat-9.3.3-windows-x86_64\\winlogbeat-9.3.3-windows-x86_64\\symon.evtx"}},"error":{"message":"failed to get the event message string: failed in EvtFormatMessage: The message resource is present but the message was not found in the message table."},"host":{"name":"DESKTOP-H6FBQ5J"},"winlog":{"computer_name":"DESKTOP-H6FBQ5J","event_data":{"UtcTime":"2026-04-15 08:50:32.818","ProcessGuid":"{8F7AB6F6-5152-69DF-9501-000000000500}","ProcessId":"6432","Image":"C:\\Users\\windows\\Downloads\\BANDIZIP-SETUP-STD-X64.EXE","TargetFilename":"C:\\Program Files\\Bandizip\\data\\coupang.exe","CreationUtcTime":"2026-04-15 08:50:32.818","User":"DESKTOP-H6FBQ5J\\windows","RuleName":"EXE"},"provider_guid":"{5770385F-C22A-43E0-BF4C-06F5698FFBD9}","user":{"identifier":"S-1-5-18","domain":"NT AUTHORITY","name":"SYSTEM","type":"Well Known Group"},"error":{},"channel":"Microsoft-Windows-Sysmon/Operational","event_id":"11","record_id":77,"process":{"pid":6668,"thread":{"id":6376}},"opcode":"Info","version":2,"provider_name":"Microsoft-Windows-Sysmon"},"ecs":{"version":"8.0.0"},"agent":{"ephemeral_id":"f8d845b8-8ac1-43f8-9a65-a6e7c2082e2f","id":"0ae603cf-457e-4a6f-bbde-51c28f1a031e","name":"DESKTOP-IKR997B","type":"winlogbeat","version":"9.3.3"}}
{"@timestamp":"2026-04-15T08:50:33.088Z","@metadata":{"beat":"winlogbeat","type":"_doc","version":"9.3.3"},"event":{"provider":"Microsoft-Windows-Sysmon","created":"2026-04-15T13:13:46.586Z","code":"11","kind":"event"},"log":{"level":"information","file":{"path":"C:\\Users\\ivysa\\Downloads\\winlogbeat-9.3.3-windows-x86_64\\winlogbeat-9.3.3-windows-x86_64\\symon.evtx"}},"error":{"message":"failed to get the event message string: failed in EvtFormatMessage: The message resource is present but the message was not found in the message table."},"host":{"name":"DESKTOP-H6FBQ5J"},"ecs":{"version":"8.0.0"},"agent":{"id":"0ae603cf-457e-4a6f-bbde-51c28f1a031e","name":"DESKTOP-IKR997B","type":"winlogbeat","version":"9.3.3","ephemeral_id":"f8d845b8-8ac1-43f8-9a65-a6e7c2082e2f"},"winlog":{"user":{"type":"Well Known Group","identifier":"S-1-5-18","domain":"NT AUTHORITY","name":"SYSTEM"},"event_id":"11","process":{"pid":6668,"thread":{"id":6376}},"error":{},"provider_guid":"{5770385F-C22A-43E0-BF4C-06F5698FFBD9}","event_data":{"ProcessId":"6432","Image":"C:\\Users\\windows\\Downloads\\BANDIZIP-SETUP-STD-X64.EXE","TargetFilename":"C:\\Program Files\\Bandizip\\data\\RegDll.x64.exe","CreationUtcTime":"2026-04-15 08:50:32.818","User":"DESKTOP-H6FBQ5J\\windows","RuleName":"EXE","UtcTime":"2026-04-15 08:50:32.818","ProcessGuid":"{8F7AB6F6-5152-69DF-9501-000000000500}"},"provider_name":"Microsoft-Windows-Sysmon","computer_name":"DESKTOP-H6FBQ5J","opcode":"Info","channel":"Microsoft-Windows-Sysmon/Operational","record_id":78,"version":2}}
{"@timestamp":"2026-04-15T08:50:33.088Z","@metadata":{"beat":"winlogbeat","type":"_doc","version":"9.3.3"},"agent":{"id":"0ae603cf-457e-4a6f-bbde-51c28f1a031e","name":"DESKTOP-IKR997B","type":"winlogbeat","version":"9.3.3","ephemeral_id":"f8d845b8-8ac1-43f8-9a65-a6e7c2082e2f"},"log":{"level":"information","file":{"path":"C:\\Users\\ivysa\\Downloads\\winlogbeat-9.3.3-windows-x86_64\\winlogbeat-9.3.3-windows-x86_64\\symon.evtx"}},"error":{"message":"failed to get the event message string: failed in EvtFormatMessage: The message resource is present but the message was not found in the message table."},"host":{"name":"DESKTOP-H6FBQ5J"},"winlog":{"provider_name":"Microsoft-Windows-Sysmon","computer_name":"DESKTOP-H6FBQ5J","event_id":"11","provider_guid":"{5770385F-C22A-43E0-BF4C-06F5698FFBD9}","channel":"Microsoft-Windows-Sysmon/Operational","opcode":"Info","error":{},"record_id":79,"version":2,"user":{"identifier":"S-1-5-18","domain":"NT AUTHORITY","name":"SYSTEM","type":"Well Known Group"},"event_data":{"CreationUtcTime":"2026-04-15 08:50:32.818","User":"DESKTOP-H6FBQ5J\\windows","RuleName":"EXE","UtcTime":"2026-04-15 08:50:32.818","ProcessGuid":"{8F7AB6F6-5152-69DF-9501-000000000500}","ProcessId":"6432","Image":"C:\\Users\\windows\\Downloads\\BANDIZIP-SETUP-STD-X64.EXE","TargetFilename":"C:\\Program Files\\Bandizip\\data\\RegDll.x86.exe"},"process":{"pid":6668,"thread":{"id":6376}}},"event":{"code":"11","kind":"event","provider":"Microsoft-Windows-Sysmon","created":"2026-04-15T13:13:46.586Z"},"ecs":{"version":"8.0.0"}}
{"@timestamp":"2026-04-15T08:50:33.088Z","@metadata":{"beat":"winlogbeat","type":"_doc","version":"9.3.3"},"error":{"message":"failed to get the event message string: failed in EvtFormatMessage: The message resource is present but the message was not found in the message table."},"host":{"name":"DESKTOP-H6FBQ5J"},"ecs":{"version":"8.0.0"},"agent":{"version":"9.3.3","ephemeral_id":"f8d845b8-8ac1-43f8-9a65-a6e7c2082e2f","id":"0ae603cf-457e-4a6f-bbde-51c28f1a031e","name":"DESKTOP-IKR997B","type":"winlogbeat"},"winlog":{"process":{"pid":6668,"thread":{"id":6376}},"channel":"Microsoft-Windows-Sysmon/Operational","event_id":"11","provider_name":"Microsoft-Windows-Sysmon","record_id":80,"computer_name":"DESKTOP-H6FBQ5J","provider_guid":"{5770385F-C22A-43E0-BF4C-06F5698FFBD9}","user":{"name":"SYSTEM","type":"Well Known Group","identifier":"S-1-5-18","domain":"NT AUTHORITY"},"event_data":{"RuleName":"EXE","UtcTime":"2026-04-15 08:50:32.834","ProcessGuid":"{8F7AB6F6-5152-69DF-9501-000000000500}","ProcessId":"6432","Image":"C:\\Users\\windows\\Downloads\\BANDIZIP-SETUP-STD-X64.EXE","TargetFilename":"C:\\Program Files\\Bandizip\\data\\RegPackage.x86.exe","CreationUtcTime":"2026-04-15 08:50:32.834","User":"DESKTOP-H6FBQ5J\\windows"},"error":{},"opcode":"Info","version":2},"event":{"provider":"Microsoft-Windows-Sysmon","created":"2026-04-15T13:13:46.586Z","code":"11","kind":"event"},"log":{"file":{"path":"C:\\Users\\ivysa\\Downloads\\winlogbeat-9.3.3-windows-x86_64\\winlogbeat-9.3.3-windows-x86_64\\symon.evtx"},"level":"information"}}
{"@timestamp":"2026-04-15T08:50:33.089Z","@metadata":{"beat":"winlogbeat","type":"_doc","version":"9.3.3"},"error":{"message":"failed to get the event message string: failed in EvtFormatMessage: The message resource is present but the message was not found in the message table."},"host":{"name":"DESKTOP-H6FBQ5J"},"ecs":{"version":"8.0.0"},"agent":{"name":"DESKTOP-IKR997B","type":"winlogbeat","version":"9.3.3","ephemeral_id":"f8d845b8-8ac1-43f8-9a65-a6e7c2082e2f","id":"0ae603cf-457e-4a6f-bbde-51c28f1a031e"},"winlog":{"version":2,"record_id":81,"user":{"identifier":"S-1-5-18","domain":"NT AUTHORITY","name":"SYSTEM","type":"Well Known Group"},"event_data":{"TargetFilename":"C:\\Program Files\\Bandizip\\Uninstall.exe","CreationUtcTime":"2026-04-15 08:50:32.834","User":"DESKTOP-H6FBQ5J\\windows","RuleName":"EXE","UtcTime":"2026-04-15 08:50:32.834","ProcessGuid":"{8F7AB6F6-5152-69DF-9501-000000000500}","ProcessId":"6432","Image":"C:\\Users\\windows\\Downloads\\BANDIZIP-SETUP-STD-X64.EXE"},"process":{"pid":6668,"thread":{"id":6376}},"error":{},"computer_name":"DESKTOP-H6FBQ5J","opcode":"Info","provider_guid":"{5770385F-C22A-43E0-BF4C-06F5698FFBD9}","channel":"Microsoft-Windows-Sysmon/Operational","event_id":"11","provider_name":"Microsoft-Windows-Sysmon"},"event":{"kind":"event","provider":"Microsoft-Windows-Sysmon","created":"2026-04-15T13:13:46.586Z","code":"11"},"log":{"level":"information","file":{"path":"C:\\Users\\ivysa\\Downloads\\winlogbeat-9.3.3-windows-x86_64\\winlogbeat-9.3.3-windows-x86_64\\symon.evtx"}}}
{"@timestamp":"2026-04-15T08:50:33.089Z","@metadata":{"beat":"winlogbeat","type":"_doc","version":"9.3.3"},"event":{"provider":"Microsoft-Windows-Sysmon","created":"2026-04-15T13:13:46.586Z","code":"11","kind":"event"},"log":{"level":"information","file":{"path":"C:\\Users\\ivysa\\Downloads\\winlogbeat-9.3.3-windows-x86_64\\winlogbeat-9.3.3-windows-x86_64\\symon.evtx"}},"error":{"message":"failed to get the event message string: failed in EvtFormatMessage: The message resource is present but the message was not found in the message table."},"agent":{"ephemeral_id":"f8d845b8-8ac1-43f8-9a65-a6e7c2082e2f","id":"0ae603cf-457e-4a6f-bbde-51c28f1a031e","name":"DESKTOP-IKR997B","type":"winlogbeat","version":"9.3.3"},"ecs":{"version":"8.0.0"},"host":{"name":"DESKTOP-H6FBQ5J"},"winlog":{"error":{},"opcode":"Info","user":{"domain":"NT AUTHORITY","name":"SYSTEM","type":"Well Known Group","identifier":"S-1-5-18"},"provider_guid":"{5770385F-C22A-43E0-BF4C-06F5698FFBD9}","version":2,"event_id":"11","provider_name":"Microsoft-Windows-Sysmon","record_id":82,"event_data":{"Image":"C:\\Users\\windows\\Downloads\\BANDIZIP-SETUP-STD-X64.EXE","TargetFilename":"C:\\Program Files\\Bandizip\\Updater.exe","CreationUtcTime":"2026-04-15 08:50:32.834","User":"DESKTOP-H6FBQ5J\\windows","RuleName":"EXE","UtcTime":"2026-04-15 08:50:32.834","ProcessGuid":"{8F7AB6F6-5152-69DF-9501-000000000500}","ProcessId":"6432"},"channel":"Microsoft-Windows-Sysmon/Operational","computer_name":"DESKTOP-H6FBQ5J","process":{"pid":6668,"thread":{"id":6376}}}}
{"@timestamp":"2026-04-15T08:50:33.089Z","@metadata":{"beat":"winlogbeat","type":"_doc","version":"9.3.3"},"ecs":{"version":"8.0.0"},"agent":{"ephemeral_id":"f8d845b8-8ac1-43f8-9a65-a6e7c2082e2f","id":"0ae603cf-457e-4a6f-bbde-51c28f1a031e","name":"DESKTOP-IKR997B","type":"winlogbeat","version":"9.3.3"},"error":{"message":"failed to get the event message string: failed in EvtFormatMessage: The message resource is present but the message was not found in the message table."},"host":{"name":"DESKTOP-H6FBQ5J"},"winlog":{"provider_name":"Microsoft-Windows-Sysmon","event_id":"11","opcode":"Info","provider_guid":"{5770385F-C22A-43E0-BF4C-06F5698FFBD9}","record_id":83,"version":2,"user":{"identifier":"S-1-5-18","domain":"NT AUTHORITY","name":"SYSTEM","type":"Well Known Group"},"error":{},"channel":"Microsoft-Windows-Sysmon/Operational","computer_name":"DESKTOP-H6FBQ5J","event_data":{"ProcessId":"6432","Image":"C:\\Users\\windows\\Downloads\\BANDIZIP-SETUP-STD-X64.EXE","TargetFilename":"C:\\Program Files\\Bandizip\\data\\web32.exe","CreationUtcTime":"2026-04-15 08:50:32.834","User":"DESKTOP-H6FBQ5J\\windows","RuleName":"EXE","UtcTime":"2026-04-15 08:50:32.834","ProcessGuid":"{8F7AB6F6-5152-69DF-9501-000000000500}"},"process":{"pid":6668,"thread":{"id":6376}}},"event":{"kind":"event","provider":"Microsoft-Windows-Sysmon","created":"2026-04-15T13:13:46.586Z","code":"11"},"log":{"level":"information","file":{"path":"C:\\Users\\ivysa\\Downloads\\winlogbeat-9.3.3-windows-x86_64\\winlogbeat-9.3.3-windows-x86_64\\symon.evtx"}}}
