{"@timestamp":"2026-04-15T08:50:34.683Z","@metadata":{"beat":"winlogbeat","type":"_doc","version":"9.3.3"},"host":{"name":"DESKTOP-H6FBQ5J"},"winlog":{"computer_name":"DESKTOP-H6FBQ5J","opcode":"Info","user":{"identifier":"S-1-5-18","domain":"NT AUTHORITY","name":"SYSTEM","type":"Well Known Group"},"process":{"thread":{"id":6376},"pid":6668},"error":{},"provider_guid":"{5770385F-C22A-43E0-BF4C-06F5698FFBD9}","event_data":{"EventType":"SetValue","TargetObject":"HKU\\S-1-5-21-3775872478-390322037-581647961-1001_Classes\\Bandizip.tgz\\Shell\\Open\\Command\\(Default)","Details":"\"C:\\Program Files\\Bandizip\\Bandizip.exe\" \"장치\"","RuleName":"T1042","UtcTime":"2026-04-15 08:50:34.646","ProcessGuid":"{8F7AB6F6-5159-69DF-9801-000000000500}","ProcessId":"568","Image":"C:\\Program Files\\Bandizip\\Bandizip.exe","User":"DESKTOP-H6FBQ5J\\windows"},"channel":"Microsoft-Windows-Sysmon/Operational","event_id":"13","version":2,"provider_name":"Microsoft-Windows-Sysmon","record_id":207},"agent":{"ephemeral_id":"f8d845b8-8ac1-43f8-9a65-a6e7c2082e2f","id":"0ae603cf-457e-4a6f-bbde-51c28f1a031e","name":"DESKTOP-IKR997B","type":"winlogbeat","version":"9.3.3"},"ecs":{"version":"8.0.0"},"event":{"created":"2026-04-15T13:13:46.590Z","code":"13","kind":"event","provider":"Microsoft-Windows-Sysmon"},"log":{"level":"information","file":{"path":"C:\\Users\\ivysa\\Downloads\\winlogbeat-9.3.3-windows-x86_64\\winlogbeat-9.3.3-windows-x86_64\\symon.evtx"}},"error":{"message":"failed to get the event message string: failed in EvtFormatMessage: The message resource is present but the message was not found in the message table."}}
{"@timestamp":"2026-04-15T08:50:34.684Z","@metadata":{"beat":"winlogbeat","type":"_doc","version":"9.3.3"},"error":{"message":"failed to get the event message string: failed in EvtFormatMessage: The message resource is present but the message was not found in the message table."},"host":{"name":"DESKTOP-H6FBQ5J"},"ecs":{"version":"8.0.0"},"agent":{"ephemeral_id":"f8d845b8-8ac1-43f8-9a65-a6e7c2082e2f","id":"0ae603cf-457e-4a6f-bbde-51c28f1a031e","name":"DESKTOP-IKR997B","type":"winlogbeat","version":"9.3.3"},"winlog":{"computer_name":"DESKTOP-H6FBQ5J","provider_guid":"{5770385F-C22A-43E0-BF4C-06F5698FFBD9}","version":2,"process":{"pid":6668,"thread":{"id":6376}},"error":{},"opcode":"Info","event_data":{"ProcessId":"568","EventType":"SetValue","ProcessGuid":"{8F7AB6F6-5159-69DF-9801-000000000500}","TargetObject":"HKU\\S-1-5-21-3775872478-390322037-581647961-1001_Classes\\Bandizip.tgz\\Shell\\Open\\Command\\(Default)","Details":"\"C:\\Program Files\\Bandizip\\Bandizip.exe\" \"장치\"","User":"DESKTOP-H6FBQ5J\\windows","UtcTime":"2026-04-15 08:50:34.646","Image":"C:\\Program Files\\Bandizip\\Bandizip.exe","RuleName":"T1042"},"channel":"Microsoft-Windows-Sysmon/Operational","event_id":"13","user":{"domain":"NT AUTHORITY","name":"SYSTEM","type":"Well Known Group","identifier":"S-1-5-18"},"provider_name":"Microsoft-Windows-Sysmon","record_id":208},"event":{"code":"13","kind":"event","provider":"Microsoft-Windows-Sysmon","created":"2026-04-15T13:13:46.590Z"},"log":{"level":"information","file":{"path":"C:\\Users\\ivysa\\Downloads\\winlogbeat-9.3.3-windows-x86_64\\winlogbeat-9.3.3-windows-x86_64\\symon.evtx"}}}
{"@timestamp":"2026-04-15T08:50:34.684Z","@metadata":{"beat":"winlogbeat","type":"_doc","version":"9.3.3"},"ecs":{"version":"8.0.0"},"agent":{"ephemeral_id":"f8d845b8-8ac1-43f8-9a65-a6e7c2082e2f","id":"0ae603cf-457e-4a6f-bbde-51c28f1a031e","name":"DESKTOP-IKR997B","type":"winlogbeat","version":"9.3.3"},"error":{"message":"failed to get the event message string: failed in EvtFormatMessage: The message resource is present but the message was not found in the message table."},"host":{"name":"DESKTOP-H6FBQ5J"},"winlog":{"user":{"domain":"NT AUTHORITY","name":"SYSTEM","type":"Well Known Group","identifier":"S-1-5-18"},"event_id":"13","record_id":209,"provider_guid":"{5770385F-C22A-43E0-BF4C-06F5698FFBD9}","event_data":{"EventType":"SetValue","Image":"C:\\Program Files\\Bandizip\\Bandizip.exe","ProcessGuid":"{8F7AB6F6-5159-69DF-9801-000000000500}","TargetObject":"HKU\\S-1-5-21-3775872478-390322037-581647961-1001_Classes\\Bandizip.bz\\Shell\\Open\\Command\\(Default)","RuleName":"T1042","UtcTime":"2026-04-15 08:50:34.646","Details":"\"C:\\Program Files\\Bandizip\\Bandizip.exe\" \"장치\"","User":"DESKTOP-H6FBQ5J\\windows","ProcessId":"568"},"opcode":"Info","version":2,"process":{"pid":6668,"thread":{"id":6376}},"error":{},"channel":"Microsoft-Windows-Sysmon/Operational","provider_name":"Microsoft-Windows-Sysmon","computer_name":"DESKTOP-H6FBQ5J"},"event":{"kind":"event","provider":"Microsoft-Windows-Sysmon","created":"2026-04-15T13:13:46.590Z","code":"13"},"log":{"file":{"path":"C:\\Users\\ivysa\\Downloads\\winlogbeat-9.3.3-windows-x86_64\\winlogbeat-9.3.3-windows-x86_64\\symon.evtx"},"level":"information"}}
{"@timestamp":"2026-04-15T08:50:34.685Z","@metadata":{"beat":"winlogbeat","type":"_doc","version":"9.3.3"},"ecs":{"version":"8.0.0"},"agent":{"ephemeral_id":"f8d845b8-8ac1-43f8-9a65-a6e7c2082e2f","id":"0ae603cf-457e-4a6f-bbde-51c28f1a031e","name":"DESKTOP-IKR997B","type":"winlogbeat","version":"9.3.3"},"winlog":{"process":{"thread":{"id":6376},"pid":6668},"error":{},"channel":"Microsoft-Windows-Sysmon/Operational","event_id":"13","version":2,"event_data":{"UtcTime":"2026-04-15 08:50:34.646","Image":"C:\\Program Files\\Bandizip\\Bandizip.exe","ProcessGuid":"{8F7AB6F6-5159-69DF-9801-000000000500}","RuleName":"T1042","ProcessId":"568","TargetObject":"HKU\\S-1-5-21-3775872478-390322037-581647961-1001_Classes\\Bandizip.bz\\Shell\\Open\\Command\\(Default)","Details":"\"C:\\Program Files\\Bandizip\\Bandizip.exe\" \"장치\"","User":"DESKTOP-H6FBQ5J\\windows","EventType":"SetValue"},"provider_name":"Microsoft-Windows-Sysmon","user":{"name":"SYSTEM","type":"Well Known Group","identifier":"S-1-5-18","domain":"NT AUTHORITY"},"computer_name":"DESKTOP-H6FBQ5J","opcode":"Info","record_id":210,"provider_guid":"{5770385F-C22A-43E0-BF4C-06F5698FFBD9}"},"event":{"code":"13","kind":"event","provider":"Microsoft-Windows-Sysmon","created":"2026-04-15T13:13:46.590Z"},"log":{"file":{"path":"C:\\Users\\ivysa\\Downloads\\winlogbeat-9.3.3-windows-x86_64\\winlogbeat-9.3.3-windows-x86_64\\symon.evtx"},"level":"information"},"error":{"message":"failed to get the event message string: failed in EvtFormatMessage: The message resource is present but the message was not found in the message table."},"host":{"name":"DESKTOP-H6FBQ5J"}}
{"@timestamp":"2026-04-15T08:50:34.685Z","@metadata":{"beat":"winlogbeat","type":"_doc","version":"9.3.3"},"host":{"name":"DESKTOP-H6FBQ5J"},"ecs":{"version":"8.0.0"},"agent":{"ephemeral_id":"f8d845b8-8ac1-43f8-9a65-a6e7c2082e2f","id":"0ae603cf-457e-4a6f-bbde-51c28f1a031e","name":"DESKTOP-IKR997B","type":"winlogbeat","version":"9.3.3"},"winlog":{"opcode":"Info","user":{"name":"SYSTEM","type":"Well Known Group","identifier":"S-1-5-18","domain":"NT AUTHORITY"},"provider_guid":"{5770385F-C22A-43E0-BF4C-06F5698FFBD9}","process":{"pid":6668,"thread":{"id":6376}},"event_id":"13","record_id":211,"computer_name":"DESKTOP-H6FBQ5J","version":2,"channel":"Microsoft-Windows-Sysmon/Operational","provider_name":"Microsoft-Windows-Sysmon","event_data":{"User":"DESKTOP-H6FBQ5J\\windows","ProcessGuid":"{8F7AB6F6-5159-69DF-9801-000000000500}","RuleName":"T1042","EventType":"SetValue","UtcTime":"2026-04-15 08:50:34.646","ProcessId":"568","Image":"C:\\Program Files\\Bandizip\\Bandizip.exe","TargetObject":"HKU\\S-1-5-21-3775872478-390322037-581647961-1001_Classes\\Bandizip.bz2\\Shell\\Open\\Command\\(Default)","Details":"\"C:\\Program Files\\Bandizip\\Bandizip.exe\" \"장치\""},"error":{}},"event":{"created":"2026-04-15T13:13:46.591Z","code":"13","kind":"event","provider":"Microsoft-Windows-Sysmon"},"log":{"level":"information","file":{"path":"C:\\Users\\ivysa\\Downloads\\winlogbeat-9.3.3-windows-x86_64\\winlogbeat-9.3.3-windows-x86_64\\symon.evtx"}},"error":{"message":"failed to get the event message string: failed in EvtFormatMessage: The message resource is present but the message was not found in the message table."}}
{"@timestamp":"2026-04-15T08:50:34.686Z","@metadata":{"beat":"winlogbeat","type":"_doc","version":"9.3.3"},"log":{"file":{"path":"C:\\Users\\ivysa\\Downloads\\winlogbeat-9.3.3-windows-x86_64\\winlogbeat-9.3.3-windows-x86_64\\symon.evtx"},"level":"information"},"error":{"message":"failed to get the event message string: failed in EvtFormatMessage: The message resource is present but the message was not found in the message table."},"host":{"name":"DESKTOP-H6FBQ5J"},"winlog":{"opcode":"Info","provider_name":"Microsoft-Windows-Sysmon","user":{"type":"Well Known Group","identifier":"S-1-5-18","domain":"NT AUTHORITY","name":"SYSTEM"},"provider_guid":"{5770385F-C22A-43E0-BF4C-06F5698FFBD9}","version":2,"event_data":{"RuleName":"T1042","UtcTime":"2026-04-15 08:50:34.646","ProcessId":"568","Image":"C:\\Program Files\\Bandizip\\Bandizip.exe","TargetObject":"HKU\\S-1-5-21-3775872478-390322037-581647961-1001_Classes\\Bandizip.bz2\\Shell\\Open\\Command\\(Default)","ProcessGuid":"{8F7AB6F6-5159-69DF-9801-000000000500}","EventType":"SetValue","Details":"\"C:\\Program Files\\Bandizip\\Bandizip.exe\" \"장치\"","User":"DESKTOP-H6FBQ5J\\windows"},"process":{"thread":{"id":6376},"pid":6668},"error":{},"channel":"Microsoft-Windows-Sysmon/Operational","event_id":"13","record_id":212,"computer_name":"DESKTOP-H6FBQ5J"},"ecs":{"version":"8.0.0"},"agent":{"name":"DESKTOP-IKR997B","type":"winlogbeat","version":"9.3.3","ephemeral_id":"f8d845b8-8ac1-43f8-9a65-a6e7c2082e2f","id":"0ae603cf-457e-4a6f-bbde-51c28f1a031e"},"event":{"kind":"event","provider":"Microsoft-Windows-Sysmon","created":"2026-04-15T13:13:46.591Z","code":"13"}}
{"@timestamp":"2026-04-15T08:50:34.686Z","@metadata":{"beat":"winlogbeat","type":"_doc","version":"9.3.3"},"winlog":{"event_data":{"ProcessGuid":"{8F7AB6F6-5159-69DF-9801-000000000500}","TargetObject":"HKU\\S-1-5-21-3775872478-390322037-581647961-1001_Classes\\Bandizip.tbz\\Shell\\Open\\Command\\(Default)","User":"DESKTOP-H6FBQ5J\\windows","Details":"\"C:\\Program Files\\Bandizip\\Bandizip.exe\" \"장치\"","RuleName":"T1042","EventType":"SetValue","ProcessId":"568","UtcTime":"2026-04-15 08:50:34.646","Image":"C:\\Program Files\\Bandizip\\Bandizip.exe"},"error":{},"record_id":213,"provider_guid":"{5770385F-C22A-43E0-BF4C-06F5698FFBD9}","user":{"name":"SYSTEM","type":"Well Known Group","identifier":"S-1-5-18","domain":"NT AUTHORITY"},"channel":"Microsoft-Windows-Sysmon/Operational","provider_name":"Microsoft-Windows-Sysmon","opcode":"Info","computer_name":"DESKTOP-H6FBQ5J","version":2,"process":{"pid":6668,"thread":{"id":6376}},"event_id":"13"},"event":{"kind":"event","provider":"Microsoft-Windows-Sysmon","created":"2026-04-15T13:13:46.591Z","code":"13"},"log":{"level":"information","file":{"path":"C:\\Users\\ivysa\\Downloads\\winlogbeat-9.3.3-windows-x86_64\\winlogbeat-9.3.3-windows-x86_64\\symon.evtx"}},"error":{"message":"failed to get the event message string: failed in EvtFormatMessage: The message resource is present but the message was not found in the message table."},"host":{"name":"DESKTOP-H6FBQ5J"},"ecs":{"version":"8.0.0"},"agent":{"ephemeral_id":"f8d845b8-8ac1-43f8-9a65-a6e7c2082e2f","id":"0ae603cf-457e-4a6f-bbde-51c28f1a031e","name":"DESKTOP-IKR997B","type":"winlogbeat","version":"9.3.3"}}
{"@timestamp":"2026-04-15T08:50:34.686Z","@metadata":{"beat":"winlogbeat","type":"_doc","version":"9.3.3"},"ecs":{"version":"8.0.0"},"agent":{"ephemeral_id":"f8d845b8-8ac1-43f8-9a65-a6e7c2082e2f","id":"0ae603cf-457e-4a6f-bbde-51c28f1a031e","name":"DESKTOP-IKR997B","type":"winlogbeat","version":"9.3.3"},"winlog":{"provider_name":"Microsoft-Windows-Sysmon","user":{"domain":"NT AUTHORITY","name":"SYSTEM","type":"Well Known Group","identifier":"S-1-5-18"},"record_id":214,"provider_guid":"{5770385F-C22A-43E0-BF4C-06F5698FFBD9}","event_data":{"EventType":"SetValue","UtcTime":"2026-04-15 08:50:34.646","User":"DESKTOP-H6FBQ5J\\windows","RuleName":"T1042","ProcessId":"568","Details":"\"C:\\Program Files\\Bandizip\\Bandizip.exe\" \"장치\"","ProcessGuid":"{8F7AB6F6-5159-69DF-9801-000000000500}","Image":"C:\\Program Files\\Bandizip\\Bandizip.exe","TargetObject":"HKU\\S-1-5-21-3775872478-390322037-581647961-1001_Classes\\Bandizip.tbz\\Shell\\Open\\Command\\(Default)"},"error":{},"channel":"Microsoft-Windows-Sysmon/Operational","computer_name":"DESKTOP-H6FBQ5J","opcode":"Info","version":2,"process":{"pid":6668,"thread":{"id":6376}},"event_id":"13"},"event":{"created":"2026-04-15T13:13:46.591Z","code":"13","kind":"event","provider":"Microsoft-Windows-Sysmon"},"log":{"file":{"path":"C:\\Users\\ivysa\\Downloads\\winlogbeat-9.3.3-windows-x86_64\\winlogbeat-9.3.3-windows-x86_64\\symon.evtx"},"level":"information"},"error":{"message":"failed to get the event message string: failed in EvtFormatMessage: The message resource is present but the message was not found in the message table."},"host":{"name":"DESKTOP-H6FBQ5J"}}
{"@timestamp":"2026-04-15T08:50:34.692Z","@metadata":{"beat":"winlogbeat","type":"_doc","version":"9.3.3"},"host":{"name":"DESKTOP-H6FBQ5J"},"ecs":{"version":"8.0.0"},"agent":{"id":"0ae603cf-457e-4a6f-bbde-51c28f1a031e","name":"DESKTOP-IKR997B","type":"winlogbeat","version":"9.3.3","ephemeral_id":"f8d845b8-8ac1-43f8-9a65-a6e7c2082e2f"},"winlog":{"version":2,"provider_name":"Microsoft-Windows-Sysmon","computer_name":"DESKTOP-H6FBQ5J","process":{"pid":6668,"thread":{"id":6376}},"event_id":"13","record_id":215,"opcode":"Info","event_data":{"Image":"C:\\Program Files\\Bandizip\\Bandizip.exe","TargetObject":"HKU\\S-1-5-21-3775872478-390322037-581647961-1001_Classes\\Bandizip.tbz2\\Shell\\Open\\Command\\(Default)","User":"DESKTOP-H6FBQ5J\\windows","UtcTime":"2026-04-15 08:50:34.677","RuleName":"T1042","ProcessId":"568","Details":"\"C:\\Program Files\\Bandizip\\Bandizip.exe\" \"장치\"","EventType":"SetValue","ProcessGuid":"{8F7AB6F6-5159-69DF-9801-000000000500}"},"error":{},"channel":"Microsoft-Windows-Sysmon/Operational","provider_guid":"{5770385F-C22A-43E0-BF4C-06F5698FFBD9}","user":{"domain":"NT AUTHORITY","name":"SYSTEM","type":"Well Known Group","identifier":"S-1-5-18"}},"event":{"created":"2026-04-15T13:13:46.591Z","code":"13","kind":"event","provider":"Microsoft-Windows-Sysmon"},"log":{"level":"information","file":{"path":"C:\\Users\\ivysa\\Downloads\\winlogbeat-9.3.3-windows-x86_64\\winlogbeat-9.3.3-windows-x86_64\\symon.evtx"}},"error":{"message":"failed to get the event message string: failed in EvtFormatMessage: The message resource is present but the message was not found in the message table."}}
{"@timestamp":"2026-04-15T08:50:34.696Z","@metadata":{"beat":"winlogbeat","type":"_doc","version":"9.3.3"},"error":{"message":"failed to get the event message string: failed in EvtFormatMessage: The message resource is present but the message was not found in the message table."},"host":{"name":"DESKTOP-H6FBQ5J"},"winlog":{"event_data":{"EventType":"SetValue","Image":"C:\\Program Files\\Bandizip\\Bandizip.exe","TargetObject":"HKU\\S-1-5-21-3775872478-390322037-581647961-1001_Classes\\Bandizip.tbz2\\Shell\\Open\\Command\\(Default)","User":"DESKTOP-H6FBQ5J\\windows","ProcessGuid":"{8F7AB6F6-5159-69DF-9801-000000000500}","ProcessId":"568","RuleName":"T1042","Details":"\"C:\\Program Files\\Bandizip\\Bandizip.exe\" \"장치\"","UtcTime":"2026-04-15 08:50:34.692"},"event_id":"13","provider_name":"Microsoft-Windows-Sysmon","record_id":216,"computer_name":"DESKTOP-H6FBQ5J","version":2,"user":{"identifier":"S-1-5-18","domain":"NT AUTHORITY","name":"SYSTEM","type":"Well Known Group"},"channel":"Microsoft-Windows-Sysmon/Operational","provider_guid":"{5770385F-C22A-43E0-BF4C-06F5698FFBD9}","process":{"pid":6668,"thread":{"id":6376}},"error":{},"opcode":"Info"},"ecs":{"version":"8.0.0"},"agent":{"id":"0ae603cf-457e-4a6f-bbde-51c28f1a031e","name":"DESKTOP-IKR997B","type":"winlogbeat","version":"9.3.3","ephemeral_id":"f8d845b8-8ac1-43f8-9a65-a6e7c2082e2f"},"event":{"kind":"event","provider":"Microsoft-Windows-Sysmon","created":"2026-04-15T13:13:46.591Z","code":"13"},"log":{"level":"information","file":{"path":"C:\\Users\\ivysa\\Downloads\\winlogbeat-9.3.3-windows-x86_64\\winlogbeat-9.3.3-windows-x86_64\\symon.evtx"}}}
{"@timestamp":"2026-04-15T08:50:34.875Z","@metadata":{"beat":"winlogbeat","type":"_doc","version":"9.3.3"},"log":{"level":"information","file":{"path":"C:\\Users\\ivysa\\Downloads\\winlogbeat-9.3.3-windows-x86_64\\winlogbeat-9.3.3-windows-x86_64\\symon.evtx"}},"agent":{"ephemeral_id":"f8d845b8-8ac1-43f8-9a65-a6e7c2082e2f","id":"0ae603cf-457e-4a6f-bbde-51c28f1a031e","name":"DESKTOP-IKR997B","type":"winlogbeat","version":"9.3.3"},"ecs":{"version":"8.0.0"},"error":{"message":"failed to get the event message string: failed in EvtFormatMessage: The message resource is present but the message was not found in the message table."},"host":{"name":"DESKTOP-H6FBQ5J"},"winlog":{"channel":"Microsoft-Windows-Sysmon/Operational","provider_name":"Microsoft-Windows-Sysmon","computer_name":"DESKTOP-H6FBQ5J","event_id":"13","version":2,"user":{"name":"SYSTEM","type":"Well Known Group","identifier":"S-1-5-18","domain":"NT AUTHORITY"},"error":{},"record_id":217,"opcode":"Info","process":{"pid":6668,"thread":{"id":6376}},"provider_guid":"{5770385F-C22A-43E0-BF4C-06F5698FFBD9}","event_data":{"EventType":"SetValue","ProcessGuid":"{8F7AB6F6-5159-69DF-9801-000000000500}","Image":"C:\\Program Files\\Bandizip\\Bandizip.exe","TargetObject":"HKU\\S-1-5-21-3775872478-390322037-581647961-1001_Classes\\Bandizip.xz\\Shell\\Open\\Command\\(Default)","User":"DESKTOP-H6FBQ5J\\windows","Details":"\"C:\\Program Files\\Bandizip\\Bandizip.exe\" \"장치\"","RuleName":"T1042","UtcTime":"2026-04-15 08:50:34.692","ProcessId":"568"}},"event":{"created":"2026-04-15T13:13:46.591Z","code":"13","kind":"event","provider":"Microsoft-Windows-Sysmon"}}
{"@timestamp":"2026-04-15T08:50:34.876Z","@metadata":{"beat":"winlogbeat","type":"_doc","version":"9.3.3"},"event":{"created":"2026-04-15T13:13:46.591Z","code":"13","kind":"event","provider":"Microsoft-Windows-Sysmon"},"log":{"level":"information","file":{"path":"C:\\Users\\ivysa\\Downloads\\winlogbeat-9.3.3-windows-x86_64\\winlogbeat-9.3.3-windows-x86_64\\symon.evtx"}},"error":{"message":"failed to get the event message string: failed in EvtFormatMessage: The message resource is present but the message was not found in the message table."},"host":{"name":"DESKTOP-H6FBQ5J"},"ecs":{"version":"8.0.0"},"agent":{"ephemeral_id":"f8d845b8-8ac1-43f8-9a65-a6e7c2082e2f","id":"0ae603cf-457e-4a6f-bbde-51c28f1a031e","name":"DESKTOP-IKR997B","type":"winlogbeat","version":"9.3.3"},"winlog":{"event_data":{"UtcTime":"2026-04-15 08:50:34.692","TargetObject":"HKU\\S-1-5-21-3775872478-390322037-581647961-1001_Classes\\Bandizip.xz\\Shell\\Open\\Command\\(Default)","User":"DESKTOP-H6FBQ5J\\windows","Image":"C:\\Program Files\\Bandizip\\Bandizip.exe","Details":"\"C:\\Program Files\\Bandizip\\Bandizip.exe\" \"장치\"","RuleName":"T1042","ProcessId":"568","ProcessGuid":"{8F7AB6F6-5159-69DF-9801-000000000500}","EventType":"SetValue"},"process":{"thread":{"id":6376},"pid":6668},"channel":"Microsoft-Windows-Sysmon/Operational","opcode":"Info","version":2,"event_id":"13","provider_name":"Microsoft-Windows-Sysmon","error":{},"computer_name":"DESKTOP-H6FBQ5J","provider_guid":"{5770385F-C22A-43E0-BF4C-06F5698FFBD9}","record_id":218,"user":{"identifier":"S-1-5-18","domain":"NT AUTHORITY","name":"SYSTEM","type":"Well Known Group"}}}
{"@timestamp":"2026-04-15T08:50:34.876Z","@metadata":{"beat":"winlogbeat","type":"_doc","version":"9.3.3"},"winlog":{"computer_name":"DESKTOP-H6FBQ5J","version":2,"process":{"pid":6668,"thread":{"id":6376}},"provider_name":"Microsoft-Windows-Sysmon","record_id":219,"opcode":"Info","event_id":"13","provider_guid":"{5770385F-C22A-43E0-BF4C-06F5698FFBD9}","user":{"identifier":"S-1-5-18","domain":"NT AUTHORITY","name":"SYSTEM","type":"Well Known Group"},"event_data":{"EventType":"SetValue","ProcessId":"568","Image":"C:\\Program Files\\Bandizip\\Bandizip.exe","TargetObject":"HKU\\S-1-5-21-3775872478-390322037-581647961-1001_Classes\\Bandizip.txz\\Shell\\Open\\Command\\(Default)","User":"DESKTOP-H6FBQ5J\\windows","UtcTime":"2026-04-15 08:50:34.692","ProcessGuid":"{8F7AB6F6-5159-69DF-9801-000000000500}","Details":"\"C:\\Program Files\\Bandizip\\Bandizip.exe\" \"장치\"","RuleName":"T1042"},"error":{},"channel":"Microsoft-Windows-Sysmon/Operational"},"event":{"created":"2026-04-15T13:13:46.591Z","code":"13","kind":"event","provider":"Microsoft-Windows-Sysmon"},"log":{"level":"information","file":{"path":"C:\\Users\\ivysa\\Downloads\\winlogbeat-9.3.3-windows-x86_64\\winlogbeat-9.3.3-windows-x86_64\\symon.evtx"}},"error":{"message":"failed to get the event message string: failed in EvtFormatMessage: The message resource is present but the message was not found in the message table."},"host":{"name":"DESKTOP-H6FBQ5J"},"agent":{"name":"DESKTOP-IKR997B","type":"winlogbeat","version":"9.3.3","ephemeral_id":"f8d845b8-8ac1-43f8-9a65-a6e7c2082e2f","id":"0ae603cf-457e-4a6f-bbde-51c28f1a031e"},"ecs":{"version":"8.0.0"}}
{"@timestamp":"2026-04-15T08:50:34.877Z","@metadata":{"beat":"winlogbeat","type":"_doc","version":"9.3.3"},"event":{"created":"2026-04-15T13:13:46.591Z","code":"13","kind":"event","provider":"Microsoft-Windows-Sysmon"},"log":{"level":"information","file":{"path":"C:\\Users\\ivysa\\Downloads\\winlogbeat-9.3.3-windows-x86_64\\winlogbeat-9.3.3-windows-x86_64\\symon.evtx"}},"error":{"message":"failed to get the event message string: failed in EvtFormatMessage: The message resource is present but the message was not found in the message table."},"host":{"name":"DESKTOP-H6FBQ5J"},"ecs":{"version":"8.0.0"},"agent":{"name":"DESKTOP-IKR997B","type":"winlogbeat","version":"9.3.3","ephemeral_id":"f8d845b8-8ac1-43f8-9a65-a6e7c2082e2f","id":"0ae603cf-457e-4a6f-bbde-51c28f1a031e"},"winlog":{"user":{"identifier":"S-1-5-18","domain":"NT AUTHORITY","name":"SYSTEM","type":"Well Known Group"},"event_data":{"Details":"\"C:\\Program Files\\Bandizip\\Bandizip.exe\" \"장치\"","RuleName":"T1042","EventType":"SetValue","UtcTime":"2026-04-15 08:50:34.692","User":"DESKTOP-H6FBQ5J\\windows","ProcessId":"568","ProcessGuid":"{8F7AB6F6-5159-69DF-9801-000000000500}","Image":"C:\\Program Files\\Bandizip\\Bandizip.exe","TargetObject":"HKU\\S-1-5-21-3775872478-390322037-581647961-1001_Classes\\Bandizip.txz\\Shell\\Open\\Command\\(Default)"},"process":{"pid":6668,"thread":{"id":6376}},"error":{},"event_id":"13","provider_name":"Microsoft-Windows-Sysmon","record_id":220,"computer_name":"DESKTOP-H6FBQ5J","opcode":"Info","provider_guid":"{5770385F-C22A-43E0-BF4C-06F5698FFBD9}","channel":"Microsoft-Windows-Sysmon/Operational","version":2}}
{"@timestamp":"2026-04-15T08:50:34.877Z","@metadata":{"beat":"winlogbeat","type":"_doc","version":"9.3.3"},"ecs":{"version":"8.0.0"},"agent":{"type":"winlogbeat","version":"9.3.3","ephemeral_id":"f8d845b8-8ac1-43f8-9a65-a6e7c2082e2f","id":"0ae603cf-457e-4a6f-bbde-51c28f1a031e","name":"DESKTOP-IKR997B"},"winlog":{"provider_name":"Microsoft-Windows-Sysmon","record_id":221,"provider_guid":"{5770385F-C22A-43E0-BF4C-06F5698FFBD9}","user":{"name":"SYSTEM","type":"Well Known Group","identifier":"S-1-5-18","domain":"NT AUTHORITY"},"channel":"Microsoft-Windows-Sysmon/Operational","event_id":"13","version":2,"event_data":{"User":"DESKTOP-H6FBQ5J\\windows","EventType":"SetValue","ProcessGuid":"{8F7AB6F6-5159-69DF-9801-000000000500}","ProcessId":"568","UtcTime":"2026-04-15 08:50:34.692","TargetObject":"HKU\\S-1-5-21-3775872478-390322037-581647961-1001_Classes\\Bandizip.lzma\\Shell\\Open\\Command\\(Default)","Details":"\"C:\\Program Files\\Bandizip\\Bandizip.exe\" \"장치\"","Image":"C:\\Program Files\\Bandizip\\Bandizip.exe","RuleName":"T1042"},"computer_name":"DESKTOP-H6FBQ5J","opcode":"Info","process":{"pid":6668,"thread":{"id":6376}},"error":{}},"event":{"created":"2026-04-15T13:13:46.591Z","code":"13","kind":"event","provider":"Microsoft-Windows-Sysmon"},"log":{"file":{"path":"C:\\Users\\ivysa\\Downloads\\winlogbeat-9.3.3-windows-x86_64\\winlogbeat-9.3.3-windows-x86_64\\symon.evtx"},"level":"information"},"error":{"message":"failed to get the event message string: failed in EvtFormatMessage: The message resource is present but the message was not found in the message table."},"host":{"name":"DESKTOP-H6FBQ5J"}}
{"@timestamp":"2026-04-15T08:50:34.878Z","@metadata":{"beat":"winlogbeat","type":"_doc","version":"9.3.3"},"ecs":{"version":"8.0.0"},"agent":{"name":"DESKTOP-IKR997B","type":"winlogbeat","version":"9.3.3","ephemeral_id":"f8d845b8-8ac1-43f8-9a65-a6e7c2082e2f","id":"0ae603cf-457e-4a6f-bbde-51c28f1a031e"},"winlog":{"version":2,"user":{"name":"SYSTEM","type":"Well Known Group","identifier":"S-1-5-18","domain":"NT AUTHORITY"},"event_data":{"ProcessId":"568","Details":"\"C:\\Program Files\\Bandizip\\Bandizip.exe\" \"장치\"","EventType":"SetValue","TargetObject":"HKU\\S-1-5-21-3775872478-390322037-581647961-1001_Classes\\Bandizip.lzma\\Shell\\Open\\Command\\(Default)","UtcTime":"2026-04-15 08:50:34.692","ProcessGuid":"{8F7AB6F6-5159-69DF-9801-000000000500}","Image":"C:\\Program Files\\Bandizip\\Bandizip.exe","User":"DESKTOP-H6FBQ5J\\windows","RuleName":"T1042"},"process":{"pid":6668,"thread":{"id":6376}},"event_id":"13","computer_name":"DESKTOP-H6FBQ5J","opcode":"Info","error":{},"channel":"Microsoft-Windows-Sysmon/Operational","record_id":222,"provider_guid":"{5770385F-C22A-43E0-BF4C-06F5698FFBD9}","provider_name":"Microsoft-Windows-Sysmon"},"event":{"provider":"Microsoft-Windows-Sysmon","created":"2026-04-15T13:13:46.591Z","code":"13","kind":"event"},"log":{"level":"information","file":{"path":"C:\\Users\\ivysa\\Downloads\\winlogbeat-9.3.3-windows-x86_64\\winlogbeat-9.3.3-windows-x86_64\\symon.evtx"}},"error":{"message":"failed to get the event message string: failed in EvtFormatMessage: The message resource is present but the message was not found in the message table."},"host":{"name":"DESKTOP-H6FBQ5J"}}
{"@timestamp":"2026-04-15T08:50:34.878Z","@metadata":{"beat":"winlogbeat","type":"_doc","version":"9.3.3"},"event":{"provider":"Microsoft-Windows-Sysmon","created":"2026-04-15T13:13:46.591Z","code":"13","kind":"event"},"log":{"level":"information","file":{"path":"C:\\Users\\ivysa\\Downloads\\winlogbeat-9.3.3-windows-x86_64\\winlogbeat-9.3.3-windows-x86_64\\symon.evtx"}},"error":{"message":"failed to get the event message string: failed in EvtFormatMessage: The message resource is present but the message was not found in the message table."},"host":{"name":"DESKTOP-H6FBQ5J"},"winlog":{"provider_name":"Microsoft-Windows-Sysmon","opcode":"Info","event_data":{"UtcTime":"2026-04-15 08:50:34.692","RuleName":"T1042","TargetObject":"HKU\\S-1-5-21-3775872478-390322037-581647961-1001_Classes\\Bandizip.tlz\\Shell\\Open\\Command\\(Default)","EventType":"SetValue","ProcessId":"568","User":"DESKTOP-H6FBQ5J\\windows","ProcessGuid":"{8F7AB6F6-5159-69DF-9801-000000000500}","Image":"C:\\Program Files\\Bandizip\\Bandizip.exe","Details":"\"C:\\Program Files\\Bandizip\\Bandizip.exe\" \"장치\""},"record_id":223,"computer_name":"DESKTOP-H6FBQ5J","provider_guid":"{5770385F-C22A-43E0-BF4C-06F5698FFBD9}","user":{"domain":"NT AUTHORITY","name":"SYSTEM","type":"Well Known Group","identifier":"S-1-5-18"},"channel":"Microsoft-Windows-Sysmon/Operational","version":2,"process":{"pid":6668,"thread":{"id":6376}},"error":{},"event_id":"13"},"ecs":{"version":"8.0.0"},"agent":{"ephemeral_id":"f8d845b8-8ac1-43f8-9a65-a6e7c2082e2f","id":"0ae603cf-457e-4a6f-bbde-51c28f1a031e","name":"DESKTOP-IKR997B","type":"winlogbeat","version":"9.3.3"}}
{"@timestamp":"2026-04-15T08:50:34.878Z","@metadata":{"beat":"winlogbeat","type":"_doc","version":"9.3.3"},"error":{"message":"failed to get the event message string: failed in EvtFormatMessage: The message resource is present but the message was not found in the message table."},"host":{"name":"DESKTOP-H6FBQ5J"},"ecs":{"version":"8.0.0"},"agent":{"ephemeral_id":"f8d845b8-8ac1-43f8-9a65-a6e7c2082e2f","id":"0ae603cf-457e-4a6f-bbde-51c28f1a031e","name":"DESKTOP-IKR997B","type":"winlogbeat","version":"9.3.3"},"winlog":{"record_id":224,"computer_name":"DESKTOP-H6FBQ5J","provider_guid":"{5770385F-C22A-43E0-BF4C-06F5698FFBD9}","user":{"identifier":"S-1-5-18","domain":"NT AUTHORITY","name":"SYSTEM","type":"Well Known Group"},"event_data":{"User":"DESKTOP-H6FBQ5J\\windows","RuleName":"T1042","ProcessId":"568","Image":"C:\\Program Files\\Bandizip\\Bandizip.exe","EventType":"SetValue","UtcTime":"2026-04-15 08:50:34.692","ProcessGuid":"{8F7AB6F6-5159-69DF-9801-000000000500}","TargetObject":"HKU\\S-1-5-21-3775872478-390322037-581647961-1001_Classes\\Bandizip.tlz\\Shell\\Open\\Command\\(Default)","Details":"\"C:\\Program Files\\Bandizip\\Bandizip.exe\" \"장치\""},"version":2,"error":{},"channel":"Microsoft-Windows-Sysmon/Operational","opcode":"Info","process":{"pid":6668,"thread":{"id":6376}},"event_id":"13","provider_name":"Microsoft-Windows-Sysmon"},"event":{"provider":"Microsoft-Windows-Sysmon","created":"2026-04-15T13:13:46.591Z","code":"13","kind":"event"},"log":{"level":"information","file":{"path":"C:\\Users\\ivysa\\Downloads\\winlogbeat-9.3.3-windows-x86_64\\winlogbeat-9.3.3-windows-x86_64\\symon.evtx"}}}
{"@timestamp":"2026-04-15T08:50:34.879Z","@metadata":{"beat":"winlogbeat","type":"_doc","version":"9.3.3"},"event":{"provider":"Microsoft-Windows-Sysmon","created":"2026-04-15T13:13:46.591Z","code":"13","kind":"event"},"log":{"file":{"path":"C:\\Users\\ivysa\\Downloads\\winlogbeat-9.3.3-windows-x86_64\\winlogbeat-9.3.3-windows-x86_64\\symon.evtx"},"level":"information"},"ecs":{"version":"8.0.0"},"agent":{"ephemeral_id":"f8d845b8-8ac1-43f8-9a65-a6e7c2082e2f","id":"0ae603cf-457e-4a6f-bbde-51c28f1a031e","name":"DESKTOP-IKR997B","type":"winlogbeat","version":"9.3.3"},"error":{"message":"failed to get the event message string: failed in EvtFormatMessage: The message resource is present but the message was not found in the message table."},"host":{"name":"DESKTOP-H6FBQ5J"},"winlog":{"event_id":"13","opcode":"Info","process":{"pid":6668,"thread":{"id":6376}},"provider_guid":"{5770385F-C22A-43E0-BF4C-06F5698FFBD9}","user":{"domain":"NT AUTHORITY","name":"SYSTEM","type":"Well Known Group","identifier":"S-1-5-18"},"provider_name":"Microsoft-Windows-Sysmon","event_data":{"Details":"\"C:\\Program Files\\Bandizip\\Bandizip.exe\" \"장치\"","EventType":"SetValue","User":"DESKTOP-H6FBQ5J\\windows","RuleName":"T1042","ProcessGuid":"{8F7AB6F6-5159-69DF-9801-000000000500}","ProcessId":"568","Image":"C:\\Program Files\\Bandizip\\Bandizip.exe","TargetObject":"HKU\\S-1-5-21-3775872478-390322037-581647961-1001_Classes\\Bandizip.lz\\Shell\\Open\\Command\\(Default)","UtcTime":"2026-04-15 08:50:34.692"},"channel":"Microsoft-Windows-Sysmon/Operational","record_id":225,"computer_name":"DESKTOP-H6FBQ5J","version":2,"error":{}}}
{"@timestamp":"2026-04-15T08:50:34.879Z","@metadata":{"beat":"winlogbeat","type":"_doc","version":"9.3.3"},"log":{"file":{"path":"C:\\Users\\ivysa\\Downloads\\winlogbeat-9.3.3-windows-x86_64\\winlogbeat-9.3.3-windows-x86_64\\symon.evtx"},"level":"information"},"error":{"message":"failed to get the event message string: failed in EvtFormatMessage: The message resource is present but the message was not found in the message table."},"ecs":{"version":"8.0.0"},"agent":{"type":"winlogbeat","version":"9.3.3","ephemeral_id":"f8d845b8-8ac1-43f8-9a65-a6e7c2082e2f","id":"0ae603cf-457e-4a6f-bbde-51c28f1a031e","name":"DESKTOP-IKR997B"},"host":{"name":"DESKTOP-H6FBQ5J"},"winlog":{"event_data":{"ProcessGuid":"{8F7AB6F6-5159-69DF-9801-000000000500}","ProcessId":"568","User":"DESKTOP-H6FBQ5J\\windows","RuleName":"T1042","EventType":"SetValue","UtcTime":"2026-04-15 08:50:34.692","Details":"\"C:\\Program Files\\Bandizip\\Bandizip.exe\" \"장치\"","Image":"C:\\Program Files\\Bandizip\\Bandizip.exe","TargetObject":"HKU\\S-1-5-21-3775872478-390322037-581647961-1001_Classes\\Bandizip.lz\\Shell\\Open\\Command\\(Default)"},"error":{},"provider_name":"Microsoft-Windows-Sysmon","computer_name":"DESKTOP-H6FBQ5J","provider_guid":"{5770385F-C22A-43E0-BF4C-06F5698FFBD9}","user":{"domain":"NT AUTHORITY","name":"SYSTEM","type":"Well Known Group","identifier":"S-1-5-18"},"channel":"Microsoft-Windows-Sysmon/Operational","process":{"pid":6668,"thread":{"id":6376}},"event_id":"13","version":2,"record_id":226,"opcode":"Info"},"event":{"created":"2026-04-15T13:13:46.591Z","code":"13","kind":"event","provider":"Microsoft-Windows-Sysmon"}}
{"@timestamp":"2026-04-15T08:50:34.880Z","@metadata":{"beat":"winlogbeat","type":"_doc","version":"9.3.3"},"host":{"name":"DESKTOP-H6FBQ5J"},"ecs":{"version":"8.0.0"},"agent":{"version":"9.3.3","ephemeral_id":"f8d845b8-8ac1-43f8-9a65-a6e7c2082e2f","id":"0ae603cf-457e-4a6f-bbde-51c28f1a031e","name":"DESKTOP-IKR997B","type":"winlogbeat"},"winlog":{"version":2,"provider_name":"Microsoft-Windows-Sysmon","process":{"pid":6668,"thread":{"id":6376}},"error":{},"opcode":"Info","provider_guid":"{5770385F-C22A-43E0-BF4C-06F5698FFBD9}","user":{"type":"Well Known Group","identifier":"S-1-5-18","domain":"NT AUTHORITY","name":"SYSTEM"},"event_data":{"EventType":"SetValue","ProcessGuid":"{8F7AB6F6-5159-69DF-9801-000000000500}","ProcessId":"568","TargetObject":"HKU\\S-1-5-21-3775872478-390322037-581647961-1001_Classes\\Bandizip.uu\\Shell\\Open\\Command\\(Default)","Details":"\"C:\\Program Files\\Bandizip\\Bandizip.exe\" \"장치\"","User":"DESKTOP-H6FBQ5J\\windows","RuleName":"T1042","UtcTime":"2026-04-15 08:50:34.692","Image":"C:\\Program Files\\Bandizip\\Bandizip.exe"},"channel":"Microsoft-Windows-Sysmon/Operational","event_id":"13","record_id":227,"computer_name":"DESKTOP-H6FBQ5J"},"event":{"kind":"event","provider":"Microsoft-Windows-Sysmon","created":"2026-04-15T13:13:46.591Z","code":"13"},"log":{"level":"information","file":{"path":"C:\\Users\\ivysa\\Downloads\\winlogbeat-9.3.3-windows-x86_64\\winlogbeat-9.3.3-windows-x86_64\\symon.evtx"}},"error":{"message":"failed to get the event message string: failed in EvtFormatMessage: The message resource is present but the message was not found in the message table."}}
{"@timestamp":"2026-04-15T08:50:34.883Z","@metadata":{"beat":"winlogbeat","type":"_doc","version":"9.3.3"},"agent":{"type":"winlogbeat","version":"9.3.3","ephemeral_id":"f8d845b8-8ac1-43f8-9a65-a6e7c2082e2f","id":"0ae603cf-457e-4a6f-bbde-51c28f1a031e","name":"DESKTOP-IKR997B"},"winlog":{"user":{"domain":"NT AUTHORITY","name":"SYSTEM","type":"Well Known Group","identifier":"S-1-5-18"},"event_data":{"RuleName":"T1042","UtcTime":"2026-04-15 08:50:34.692","User":"DESKTOP-H6FBQ5J\\windows","ProcessGuid":"{8F7AB6F6-5159-69DF-9801-000000000500}","ProcessId":"568","Image":"C:\\Program Files\\Bandizip\\Bandizip.exe","TargetObject":"HKU\\S-1-5-21-3775872478-390322037-581647961-1001_Classes\\Bandizip.uu\\Shell\\Open\\Command\\(Default)","Details":"\"C:\\Program Files\\Bandizip\\Bandizip.exe\" \"장치\"","EventType":"SetValue"},"record_id":228,"process":{"pid":6668,"thread":{"id":6376}},"error":{},"event_id":"13","computer_name":"DESKTOP-H6FBQ5J","opcode":"Info","channel":"Microsoft-Windows-Sysmon/Operational","provider_guid":"{5770385F-C22A-43E0-BF4C-06F5698FFBD9}","provider_name":"Microsoft-Windows-Sysmon","version":2},"event":{"code":"13","kind":"event","provider":"Microsoft-Windows-Sysmon","created":"2026-04-15T13:13:46.591Z"},"log":{"level":"information","file":{"path":"C:\\Users\\ivysa\\Downloads\\winlogbeat-9.3.3-windows-x86_64\\winlogbeat-9.3.3-windows-x86_64\\symon.evtx"}},"error":{"message":"failed to get the event message string: failed in EvtFormatMessage: The message resource is present but the message was not found in the message table."},"host":{"name":"DESKTOP-H6FBQ5J"},"ecs":{"version":"8.0.0"}}
{"@timestamp":"2026-04-15T08:50:34.883Z","@metadata":{"beat":"winlogbeat","type":"_doc","version":"9.3.3"},"agent":{"id":"0ae603cf-457e-4a6f-bbde-51c28f1a031e","name":"DESKTOP-IKR997B","type":"winlogbeat","version":"9.3.3","ephemeral_id":"f8d845b8-8ac1-43f8-9a65-a6e7c2082e2f"},"ecs":{"version":"8.0.0"},"error":{"message":"failed to get the event message string: failed in EvtFormatMessage: The message resource is present but the message was not found in the message table."},"host":{"name":"DESKTOP-H6FBQ5J"},"winlog":{"user":{"identifier":"S-1-5-18","domain":"NT AUTHORITY","name":"SYSTEM","type":"Well Known Group"},"process":{"pid":6668,"thread":{"id":6376}},"error":{},"computer_name":"DESKTOP-H6FBQ5J","provider_name":"Microsoft-Windows-Sysmon","record_id":229,"opcode":"Info","provider_guid":"{5770385F-C22A-43E0-BF4C-06F5698FFBD9}","event_data":{"EventType":"SetValue","ProcessId":"568","Details":"\"C:\\Program Files\\Bandizip\\Bandizip.exe\" \"장치\"","User":"DESKTOP-H6FBQ5J\\windows","RuleName":"T1042","UtcTime":"2026-04-15 08:50:34.692","Image":"C:\\Program Files\\Bandizip\\Bandizip.exe","ProcessGuid":"{8F7AB6F6-5159-69DF-9801-000000000500}","TargetObject":"HKU\\S-1-5-21-3775872478-390322037-581647961-1001_Classes\\Bandizip.uue\\Shell\\Open\\Command\\(Default)"},"channel":"Microsoft-Windows-Sysmon/Operational","event_id":"13","version":2},"event":{"code":"13","kind":"event","provider":"Microsoft-Windows-Sysmon","created":"2026-04-15T13:13:46.591Z"},"log":{"level":"information","file":{"path":"C:\\Users\\ivysa\\Downloads\\winlogbeat-9.3.3-windows-x86_64\\winlogbeat-9.3.3-windows-x86_64\\symon.evtx"}}}
{"@timestamp":"2026-04-15T08:50:34.884Z","@metadata":{"beat":"winlogbeat","type":"_doc","version":"9.3.3"},"agent":{"ephemeral_id":"f8d845b8-8ac1-43f8-9a65-a6e7c2082e2f","id":"0ae603cf-457e-4a6f-bbde-51c28f1a031e","name":"DESKTOP-IKR997B","type":"winlogbeat","version":"9.3.3"},"log":{"level":"information","file":{"path":"C:\\Users\\ivysa\\Downloads\\winlogbeat-9.3.3-windows-x86_64\\winlogbeat-9.3.3-windows-x86_64\\symon.evtx"}},"error":{"message":"failed to get the event message string: failed in EvtFormatMessage: The message resource is present but the message was not found in the message table."},"host":{"name":"DESKTOP-H6FBQ5J"},"winlog":{"provider_guid":"{5770385F-C22A-43E0-BF4C-06F5698FFBD9}","version":2,"process":{"pid":6668,"thread":{"id":6376}},"channel":"Microsoft-Windows-Sysmon/Operational","event_id":"13","provider_name":"Microsoft-Windows-Sysmon","computer_name":"DESKTOP-H6FBQ5J","error":{},"record_id":230,"event_data":{"Details":"\"C:\\Program Files\\Bandizip\\Bandizip.exe\" \"장치\"","User":"DESKTOP-H6FBQ5J\\windows","Image":"C:\\Program Files\\Bandizip\\Bandizip.exe","TargetObject":"HKU\\S-1-5-21-3775872478-390322037-581647961-1001_Classes\\Bandizip.uue\\Shell\\Open\\Command\\(Default)","UtcTime":"2026-04-15 08:50:34.708","RuleName":"T1042","EventType":"SetValue","ProcessGuid":"{8F7AB6F6-5159-69DF-9801-000000000500}","ProcessId":"568"},"user":{"name":"SYSTEM","type":"Well Known Group","identifier":"S-1-5-18","domain":"NT AUTHORITY"},"opcode":"Info"},"event":{"created":"2026-04-15T13:13:46.591Z","code":"13","kind":"event","provider":"Microsoft-Windows-Sysmon"},"ecs":{"version":"8.0.0"}}
{"@timestamp":"2026-04-15T08:50:34.884Z","@metadata":{"beat":"winlogbeat","type":"_doc","version":"9.3.3"},"winlog":{"provider_name":"Microsoft-Windows-Sysmon","opcode":"Info","computer_name":"DESKTOP-H6FBQ5J","version":2,"process":{"thread":{"id":6376},"pid":6668},"error":{},"event_id":"13","user":{"domain":"NT AUTHORITY","name":"SYSTEM","type":"Well Known Group","identifier":"S-1-5-18"},"event_data":{"Details":"\"C:\\Program Files\\Bandizip\\Bandizip.exe\" \"장치\"","RuleName":"T1042","EventType":"SetValue","TargetObject":"HKU\\S-1-5-21-3775872478-390322037-581647961-1001_Classes\\Bandizip.xxe\\Shell\\Open\\Command\\(Default)","UtcTime":"2026-04-15 08:50:34.708","Image":"C:\\Program Files\\Bandizip\\Bandizip.exe","User":"DESKTOP-H6FBQ5J\\windows","ProcessGuid":"{8F7AB6F6-5159-69DF-9801-000000000500}","ProcessId":"568"},"record_id":231,"provider_guid":"{5770385F-C22A-43E0-BF4C-06F5698FFBD9}","channel":"Microsoft-Windows-Sysmon/Operational"},"event":{"created":"2026-04-15T13:13:46.591Z","code":"13","kind":"event","provider":"Microsoft-Windows-Sysmon"},"log":{"level":"information","file":{"path":"C:\\Users\\ivysa\\Downloads\\winlogbeat-9.3.3-windows-x86_64\\winlogbeat-9.3.3-windows-x86_64\\symon.evtx"}},"error":{"message":"failed to get the event message string: failed in EvtFormatMessage: The message resource is present but the message was not found in the message table."},"host":{"name":"DESKTOP-H6FBQ5J"},"ecs":{"version":"8.0.0"},"agent":{"ephemeral_id":"f8d845b8-8ac1-43f8-9a65-a6e7c2082e2f","id":"0ae603cf-457e-4a6f-bbde-51c28f1a031e","name":"DESKTOP-IKR997B","type":"winlogbeat","version":"9.3.3"}}
{"@timestamp":"2026-04-15T08:50:34.884Z","@metadata":{"beat":"winlogbeat","type":"_doc","version":"9.3.3"},"event":{"created":"2026-04-15T13:13:46.591Z","code":"13","kind":"event","provider":"Microsoft-Windows-Sysmon"},"log":{"level":"information","file":{"path":"C:\\Users\\ivysa\\Downloads\\winlogbeat-9.3.3-windows-x86_64\\winlogbeat-9.3.3-windows-x86_64\\symon.evtx"}},"error":{"message":"failed to get the event message string: failed in EvtFormatMessage: The message resource is present but the message was not found in the message table."},"host":{"name":"DESKTOP-H6FBQ5J"},"ecs":{"version":"8.0.0"},"agent":{"ephemeral_id":"f8d845b8-8ac1-43f8-9a65-a6e7c2082e2f","id":"0ae603cf-457e-4a6f-bbde-51c28f1a031e","name":"DESKTOP-IKR997B","type":"winlogbeat","version":"9.3.3"},"winlog":{"channel":"Microsoft-Windows-Sysmon/Operational","event_id":"13","opcode":"Info","provider_guid":"{5770385F-C22A-43E0-BF4C-06F5698FFBD9}","version":2,"user":{"identifier":"S-1-5-18","domain":"NT AUTHORITY","name":"SYSTEM","type":"Well Known Group"},"event_data":{"RuleName":"T1042","UtcTime":"2026-04-15 08:50:34.708","EventType":"SetValue","ProcessId":"568","TargetObject":"HKU\\S-1-5-21-3775872478-390322037-581647961-1001_Classes\\Bandizip.xxe\\Shell\\Open\\Command\\(Default)","Details":"\"C:\\Program Files\\Bandizip\\Bandizip.exe\" \"장치\"","ProcessGuid":"{8F7AB6F6-5159-69DF-9801-000000000500}","Image":"C:\\Program Files\\Bandizip\\Bandizip.exe","User":"DESKTOP-H6FBQ5J\\windows"},"computer_name":"DESKTOP-H6FBQ5J","provider_name":"Microsoft-Windows-Sysmon","record_id":232,"process":{"thread":{"id":6376},"pid":6668},"error":{}}}
{"@timestamp":"2026-04-15T08:50:34.885Z","@metadata":{"beat":"winlogbeat","type":"_doc","version":"9.3.3"},"ecs":{"version":"8.0.0"},"agent":{"version":"9.3.3","ephemeral_id":"f8d845b8-8ac1-43f8-9a65-a6e7c2082e2f","id":"0ae603cf-457e-4a6f-bbde-51c28f1a031e","name":"DESKTOP-IKR997B","type":"winlogbeat"},"winlog":{"provider_guid":"{5770385F-C22A-43E0-BF4C-06F5698FFBD9}","record_id":233,"error":{},"event_id":"13","provider_name":"Microsoft-Windows-Sysmon","computer_name":"DESKTOP-H6FBQ5J","version":2,"user":{"identifier":"S-1-5-18","domain":"NT AUTHORITY","name":"SYSTEM","type":"Well Known Group"},"event_data":{"UtcTime":"2026-04-15 08:50:34.708","ProcessId":"568","TargetObject":"HKU\\S-1-5-21-3775872478-390322037-581647961-1001_Classes\\Bandizip.z\\Shell\\Open\\Command\\(Default)","User":"DESKTOP-H6FBQ5J\\windows","RuleName":"T1042","ProcessGuid":"{8F7AB6F6-5159-69DF-9801-000000000500}","Image":"C:\\Program Files\\Bandizip\\Bandizip.exe","Details":"\"C:\\Program Files\\Bandizip\\Bandizip.exe\" \"장치\"","EventType":"SetValue"},"process":{"pid":6668,"thread":{"id":6376}},"channel":"Microsoft-Windows-Sysmon/Operational","opcode":"Info"},"event":{"kind":"event","provider":"Microsoft-Windows-Sysmon","created":"2026-04-15T13:13:46.591Z","code":"13"},"log":{"file":{"path":"C:\\Users\\ivysa\\Downloads\\winlogbeat-9.3.3-windows-x86_64\\winlogbeat-9.3.3-windows-x86_64\\symon.evtx"},"level":"information"},"error":{"message":"failed to get the event message string: failed in EvtFormatMessage: The message resource is present but the message was not found in the message table."},"host":{"name":"DESKTOP-H6FBQ5J"}}
{"@timestamp":"2026-04-15T08:50:34.885Z","@metadata":{"beat":"winlogbeat","type":"_doc","version":"9.3.3"},"winlog":{"version":2,"error":{},"process":{"thread":{"id":6376},"pid":6668},"channel":"Microsoft-Windows-Sysmon/Operational","record_id":234,"provider_guid":"{5770385F-C22A-43E0-BF4C-06F5698FFBD9}","event_data":{"EventType":"SetValue","ProcessId":"568","Image":"C:\\Program Files\\Bandizip\\Bandizip.exe","TargetObject":"HKU\\S-1-5-21-3775872478-390322037-581647961-1001_Classes\\Bandizip.z\\Shell\\Open\\Command\\(Default)","User":"DESKTOP-H6FBQ5J\\windows","UtcTime":"2026-04-15 08:50:34.708","ProcessGuid":"{8F7AB6F6-5159-69DF-9801-000000000500}","Details":"\"C:\\Program Files\\Bandizip\\Bandizip.exe\" \"장치\"","RuleName":"T1042"},"event_id":"13","provider_name":"Microsoft-Windows-Sysmon","user":{"identifier":"S-1-5-18","domain":"NT AUTHORITY","name":"SYSTEM","type":"Well Known Group"},"computer_name":"DESKTOP-H6FBQ5J","opcode":"Info"},"event":{"created":"2026-04-15T13:13:46.591Z","code":"13","kind":"event","provider":"Microsoft-Windows-Sysmon"},"log":{"file":{"path":"C:\\Users\\ivysa\\Downloads\\winlogbeat-9.3.3-windows-x86_64\\winlogbeat-9.3.3-windows-x86_64\\symon.evtx"},"level":"information"},"error":{"message":"failed to get the event message string: failed in EvtFormatMessage: The message resource is present but the message was not found in the message table."},"host":{"name":"DESKTOP-H6FBQ5J"},"ecs":{"version":"8.0.0"},"agent":{"ephemeral_id":"f8d845b8-8ac1-43f8-9a65-a6e7c2082e2f","id":"0ae603cf-457e-4a6f-bbde-51c28f1a031e","name":"DESKTOP-IKR997B","type":"winlogbeat","version":"9.3.3"}}
{"@timestamp":"2026-04-15T08:50:34.886Z","@metadata":{"beat":"winlogbeat","type":"_doc","version":"9.3.3"},"ecs":{"version":"8.0.0"},"host":{"name":"DESKTOP-H6FBQ5J"},"winlog":{"computer_name":"DESKTOP-H6FBQ5J","opcode":"Info","error":{},"provider_name":"Microsoft-Windows-Sysmon","user":{"type":"Well Known Group","identifier":"S-1-5-18","domain":"NT AUTHORITY","name":"SYSTEM"},"event_data":{"RuleName":"T1042","UtcTime":"2026-04-15 08:50:34.708","ProcessGuid":"{8F7AB6F6-5159-69DF-9801-000000000500}","Details":"\"C:\\Program Files\\Bandizip\\Bandizip.exe\" \"장치\"","ProcessId":"568","Image":"C:\\Program Files\\Bandizip\\Bandizip.exe","User":"DESKTOP-H6FBQ5J\\windows","EventType":"SetValue","TargetObject":"HKU\\S-1-5-21-3775872478-390322037-581647961-1001_Classes\\Bandizip.lz4\\Shell\\Open\\Command\\(Default)"},"event_id":"13","record_id":235,"version":2,"channel":"Microsoft-Windows-Sysmon/Operational","provider_guid":"{5770385F-C22A-43E0-BF4C-06F5698FFBD9}","process":{"pid":6668,"thread":{"id":6376}}},"event":{"created":"2026-04-15T13:13:46.591Z","code":"13","kind":"event","provider":"Microsoft-Windows-Sysmon"},"log":{"level":"information","file":{"path":"C:\\Users\\ivysa\\Downloads\\winlogbeat-9.3.3-windows-x86_64\\winlogbeat-9.3.3-windows-x86_64\\symon.evtx"}},"error":{"message":"failed to get the event message string: failed in EvtFormatMessage: The message resource is present but the message was not found in the message table."},"agent":{"type":"winlogbeat","version":"9.3.3","ephemeral_id":"f8d845b8-8ac1-43f8-9a65-a6e7c2082e2f","id":"0ae603cf-457e-4a6f-bbde-51c28f1a031e","name":"DESKTOP-IKR997B"}}
{"@timestamp":"2026-04-15T08:50:34.886Z","@metadata":{"beat":"winlogbeat","type":"_doc","version":"9.3.3"},"log":{"level":"information","file":{"path":"C:\\Users\\ivysa\\Downloads\\winlogbeat-9.3.3-windows-x86_64\\winlogbeat-9.3.3-windows-x86_64\\symon.evtx"}},"error":{"message":"failed to get the event message string: failed in EvtFormatMessage: The message resource is present but the message was not found in the message table."},"host":{"name":"DESKTOP-H6FBQ5J"},"ecs":{"version":"8.0.0"},"agent":{"name":"DESKTOP-IKR997B","type":"winlogbeat","version":"9.3.3","ephemeral_id":"f8d845b8-8ac1-43f8-9a65-a6e7c2082e2f","id":"0ae603cf-457e-4a6f-bbde-51c28f1a031e"},"winlog":{"user":{"identifier":"S-1-5-18","domain":"NT AUTHORITY","name":"SYSTEM","type":"Well Known Group"},"error":{},"channel":"Microsoft-Windows-Sysmon/Operational","opcode":"Info","event_data":{"TargetObject":"HKU\\S-1-5-21-3775872478-390322037-581647961-1001_Classes\\Bandizip.lz4\\Shell\\Open\\Command\\(Default)","RuleName":"T1042","Image":"C:\\Program Files\\Bandizip\\Bandizip.exe","Details":"\"C:\\Program Files\\Bandizip\\Bandizip.exe\" \"장치\"","User":"DESKTOP-H6FBQ5J\\windows","EventType":"SetValue","UtcTime":"2026-04-15 08:50:34.708","ProcessGuid":"{8F7AB6F6-5159-69DF-9801-000000000500}","ProcessId":"568"},"process":{"pid":6668,"thread":{"id":6376}},"event_id":"13","record_id":236,"computer_name":"DESKTOP-H6FBQ5J","version":2,"provider_name":"Microsoft-Windows-Sysmon","provider_guid":"{5770385F-C22A-43E0-BF4C-06F5698FFBD9}"},"event":{"created":"2026-04-15T13:13:46.591Z","code":"13","kind":"event","provider":"Microsoft-Windows-Sysmon"}}
