{"@timestamp":"2026-04-15T09:03:35.441Z","@metadata":{"beat":"winlogbeat","type":"_doc","version":"9.3.3"},"log":{"level":"information","file":{"path":"C:\\Users\\ivysa\\Downloads\\winlogbeat-9.3.3-windows-x86_64\\winlogbeat-9.3.3-windows-x86_64\\symon.evtx"}},"error":{"message":"failed to get the event message string: failed in EvtFormatMessage: The message resource is present but the message was not found in the message table."},"host":{"name":"DESKTOP-H6FBQ5J"},"ecs":{"version":"8.0.0"},"agent":{"id":"0ae603cf-457e-4a6f-bbde-51c28f1a031e","name":"DESKTOP-IKR997B","type":"winlogbeat","version":"9.3.3","ephemeral_id":"f8d845b8-8ac1-43f8-9a65-a6e7c2082e2f"},"winlog":{"record_id":689,"computer_name":"DESKTOP-H6FBQ5J","provider_guid":"{5770385F-C22A-43E0-BF4C-06F5698FFBD9}","user":{"type":"Well Known Group","identifier":"S-1-5-18","domain":"NT AUTHORITY","name":"SYSTEM"},"process":{"pid":6668,"thread":{"id":6376}},"event_data":{"TargetFilename":"C:\\Users\\windows\\AppData\\Local\\Temp\\C9117556-55FA-467C-BC75-DAE3896EF33F\\UnattendProvider.dll","CreationUtcTime":"2026-04-15 09:03:35.434","User":"DESKTOP-H6FBQ5J\\windows","RuleName":"DLL","UtcTime":"2026-04-15 09:03:35.434","ProcessGuid":"{8F7AB6F6-53CD-69DF-1302-000000000500}","ProcessId":"564","Image":"C:\\Windows\\system32\\cleanmgr.exe"},"error":{},"event_id":"11","opcode":"Info","version":2,"channel":"Microsoft-Windows-Sysmon/Operational","provider_name":"Microsoft-Windows-Sysmon"},"event":{"created":"2026-04-15T13:13:46.686Z","code":"11","kind":"event","provider":"Microsoft-Windows-Sysmon"}}
{"@timestamp":"2026-04-15T09:03:35.444Z","@metadata":{"beat":"winlogbeat","type":"_doc","version":"9.3.3"},"ecs":{"version":"8.0.0"},"winlog":{"computer_name":"DESKTOP-H6FBQ5J","provider_guid":"{5770385F-C22A-43E0-BF4C-06F5698FFBD9}","provider_name":"Microsoft-Windows-Sysmon","version":2,"user":{"type":"Well Known Group","identifier":"S-1-5-18","domain":"NT AUTHORITY","name":"SYSTEM"},"process":{"pid":6668,"thread":{"id":6376}},"event_id":"11","record_id":690,"opcode":"Info","error":{},"event_data":{"ProcessGuid":"{8F7AB6F6-53CD-69DF-1302-000000000500}","ProcessId":"564","Image":"C:\\Windows\\system32\\cleanmgr.exe","TargetFilename":"C:\\Users\\windows\\AppData\\Local\\Temp\\C9117556-55FA-467C-BC75-DAE3896EF33F\\VhdProvider.dll","CreationUtcTime":"2026-04-15 09:03:35.434","User":"DESKTOP-H6FBQ5J\\windows","RuleName":"DLL","UtcTime":"2026-04-15 09:03:35.434"},"channel":"Microsoft-Windows-Sysmon/Operational"},"event":{"created":"2026-04-15T13:13:46.686Z","code":"11","kind":"event","provider":"Microsoft-Windows-Sysmon"},"log":{"level":"information","file":{"path":"C:\\Users\\ivysa\\Downloads\\winlogbeat-9.3.3-windows-x86_64\\winlogbeat-9.3.3-windows-x86_64\\symon.evtx"}},"error":{"message":"failed to get the event message string: failed in EvtFormatMessage: The message resource is present but the message was not found in the message table."},"host":{"name":"DESKTOP-H6FBQ5J"},"agent":{"version":"9.3.3","ephemeral_id":"f8d845b8-8ac1-43f8-9a65-a6e7c2082e2f","id":"0ae603cf-457e-4a6f-bbde-51c28f1a031e","name":"DESKTOP-IKR997B","type":"winlogbeat"}}
{"@timestamp":"2026-04-15T09:03:35.449Z","@metadata":{"beat":"winlogbeat","type":"_doc","version":"9.3.3"},"agent":{"ephemeral_id":"f8d845b8-8ac1-43f8-9a65-a6e7c2082e2f","id":"0ae603cf-457e-4a6f-bbde-51c28f1a031e","name":"DESKTOP-IKR997B","type":"winlogbeat","version":"9.3.3"},"winlog":{"provider_name":"Microsoft-Windows-Sysmon","record_id":691,"provider_guid":"{5770385F-C22A-43E0-BF4C-06F5698FFBD9}","version":2,"event_id":"11","process":{"pid":6668,"thread":{"id":6376}},"error":{},"computer_name":"DESKTOP-H6FBQ5J","event_data":{"CreationUtcTime":"2026-04-15 09:03:35.434","User":"DESKTOP-H6FBQ5J\\windows","RuleName":"DLL","UtcTime":"2026-04-15 09:03:35.434","ProcessGuid":"{8F7AB6F6-53CD-69DF-1302-000000000500}","ProcessId":"564","Image":"C:\\Windows\\system32\\cleanmgr.exe","TargetFilename":"C:\\Users\\windows\\AppData\\Local\\Temp\\C9117556-55FA-467C-BC75-DAE3896EF33F\\WimProvider.dll"},"channel":"Microsoft-Windows-Sysmon/Operational","opcode":"Info","user":{"name":"SYSTEM","type":"Well Known Group","identifier":"S-1-5-18","domain":"NT AUTHORITY"}},"event":{"kind":"event","provider":"Microsoft-Windows-Sysmon","created":"2026-04-15T13:13:46.686Z","code":"11"},"log":{"level":"information","file":{"path":"C:\\Users\\ivysa\\Downloads\\winlogbeat-9.3.3-windows-x86_64\\winlogbeat-9.3.3-windows-x86_64\\symon.evtx"}},"error":{"message":"failed to get the event message string: failed in EvtFormatMessage: The message resource is present but the message was not found in the message table."},"host":{"name":"DESKTOP-H6FBQ5J"},"ecs":{"version":"8.0.0"}}
{"@timestamp":"2026-04-15T09:03:35.462Z","@metadata":{"beat":"winlogbeat","type":"_doc","version":"9.3.3"},"error":{"message":"failed to get the event message string: failed in EvtFormatMessage: The message resource is present but the message was not found in the message table."},"host":{"name":"DESKTOP-H6FBQ5J"},"agent":{"ephemeral_id":"f8d845b8-8ac1-43f8-9a65-a6e7c2082e2f","id":"0ae603cf-457e-4a6f-bbde-51c28f1a031e","name":"DESKTOP-IKR997B","type":"winlogbeat","version":"9.3.3"},"ecs":{"version":"8.0.0"},"winlog":{"user":{"identifier":"S-1-5-18","domain":"NT AUTHORITY","name":"SYSTEM","type":"Well Known Group"},"process":{"pid":6668,"thread":{"id":6376}},"channel":"Microsoft-Windows-Sysmon/Operational","provider_name":"Microsoft-Windows-Sysmon","opcode":"Info","event_id":"1","provider_guid":"{5770385F-C22A-43E0-BF4C-06F5698FFBD9}","event_data":{"ParentImage":"C:\\Windows\\System32\\cleanmgr.exe","ProcessId":"6536","CommandLine":"C:\\Users\\windows\\AppData\\Local\\Temp\\C9117556-55FA-467C-BC75-DAE3896EF33F\\dismhost.exe {936D4945-2B3B-4C8B-831B-EB454F38041C}","Image":"C:\\Users\\windows\\AppData\\Local\\Temp\\C9117556-55FA-467C-BC75-DAE3896EF33F\\DismHost.exe","RuleName":"-","UtcTime":"2026-04-15 09:03:35.456","Hashes":"MD5=EB67BDF0EAAC6EA0CA18667F6CACD5FB,SHA256=0F25D825E0CAA7574353951C11131BDA85FD7792957467F23B24FA9A7D3D9D32,IMPHASH=A644B5814B05375757429DFB05524479","Company":"Microsoft Corporation","OriginalFileName":"DismHost.exe","CurrentDirectory":"C:\\Windows\\system32\\","FileVersion":"10.0.17763.1 (WinBuild.160101.0800)","Description":"Dism Host Servicing Process","Product":"Microsoft® Windows® Operating System","User":"DESKTOP-H6FBQ5J\\windows","IntegrityLevel":"High","ParentCommandLine":"C:\\Windows\\system32\\cleanmgr.exe /autoclean /d C:","ParentUser":"DESKTOP-H6FBQ5J\\windows","ProcessGuid":"{8F7AB6F6-5467-69DF-3202-000000000500}","LogonId":"0x12b19","LogonGuid":"{8F7AB6F6-4E83-69DF-192B-010000000000}","ParentProcessId":"564","TerminalSessionId":"1","ParentProcessGuid":"{8F7AB6F6-53CD-69DF-1302-000000000500}"},"record_id":692,"error":{},"computer_name":"DESKTOP-H6FBQ5J","version":5},"event":{"created":"2026-04-15T13:13:46.687Z","code":"1","kind":"event","provider":"Microsoft-Windows-Sysmon"},"log":{"level":"information","file":{"path":"C:\\Users\\ivysa\\Downloads\\winlogbeat-9.3.3-windows-x86_64\\winlogbeat-9.3.3-windows-x86_64\\symon.evtx"}}}
{"@timestamp":"2026-04-15T09:05:20.283Z","@metadata":{"beat":"winlogbeat","type":"_doc","version":"9.3.3"},"event":{"provider":"Microsoft-Windows-Sysmon","created":"2026-04-15T13:13:46.687Z","code":"5","kind":"event"},"log":{"level":"information","file":{"path":"C:\\Users\\ivysa\\Downloads\\winlogbeat-9.3.3-windows-x86_64\\winlogbeat-9.3.3-windows-x86_64\\symon.evtx"}},"error":{"message":"failed to get the event message string: failed in EvtFormatMessage: The message resource is present but the message was not found in the message table."},"host":{"name":"DESKTOP-H6FBQ5J"},"ecs":{"version":"8.0.0"},"agent":{"ephemeral_id":"f8d845b8-8ac1-43f8-9a65-a6e7c2082e2f","id":"0ae603cf-457e-4a6f-bbde-51c28f1a031e","name":"DESKTOP-IKR997B","type":"winlogbeat","version":"9.3.3"},"winlog":{"user":{"identifier":"S-1-5-18","domain":"NT AUTHORITY","name":"SYSTEM","type":"Well Known Group"},"channel":"Microsoft-Windows-Sysmon/Operational","provider_name":"Microsoft-Windows-Sysmon","record_id":693,"computer_name":"DESKTOP-H6FBQ5J","opcode":"Info","event_id":"5","provider_guid":"{5770385F-C22A-43E0-BF4C-06F5698FFBD9}","process":{"thread":{"id":6376},"pid":6668},"error":{},"event_data":{"ProcessGuid":"{8F7AB6F6-5467-69DF-3202-000000000500}","ProcessId":"6536","Image":"C:\\Users\\windows\\AppData\\Local\\Temp\\C9117556-55FA-467C-BC75-DAE3896EF33F\\DismHost.exe","User":"DESKTOP-H6FBQ5J\\windows","RuleName":"-","UtcTime":"2026-04-15 09:05:20.278"},"version":3}}
{"@timestamp":"2026-04-15T09:05:23.894Z","@metadata":{"beat":"winlogbeat","type":"_doc","version":"9.3.3"},"agent":{"ephemeral_id":"f8d845b8-8ac1-43f8-9a65-a6e7c2082e2f","id":"0ae603cf-457e-4a6f-bbde-51c28f1a031e","name":"DESKTOP-IKR997B","type":"winlogbeat","version":"9.3.3"},"winlog":{"error":{},"channel":"Microsoft-Windows-Sysmon/Operational","opcode":"Info","record_id":694,"version":5,"process":{"pid":6668,"thread":{"id":6376}},"event_id":"1","computer_name":"DESKTOP-H6FBQ5J","provider_guid":"{5770385F-C22A-43E0-BF4C-06F5698FFBD9}","user":{"domain":"NT AUTHORITY","name":"SYSTEM","type":"Well Known Group","identifier":"S-1-5-18"},"event_data":{"ProcessGuid":"{8F7AB6F6-54D3-69DF-3902-000000000500}","LogonGuid":"{8F7AB6F6-4E81-69DF-E703-000000000000}","ParentImage":"C:\\Program Files\\Windows Defender\\MsMpEng.exe","User":"NT AUTHORITY\\SYSTEM","IntegrityLevel":"System","ParentCommandLine":"\"C:\\Program Files\\Windows Defender\\MsMpEng.exe\"","Company":"Microsoft Corporation","OriginalFileName":"MpCmdRun.exe","Product":"Microsoft® Windows® Operating System","CurrentDirectory":"C:\\Windows\\system32\\","LogonId":"0x3e7","Description":"Microsoft Malware Protection Command Line Utility","CommandLine":"\"C:\\Program Files\\Windows Defender\\MpCmdRun.exe\" SignaturesUpdateService -ScheduleJob -HttpDownload -RestrictPrivileges","Hashes":"MD5=288D836B81E809EB33CDCCAA9D1AB395,SHA256=81F85A88DD1829663D5E748CA95709EFF5328444BBDB2C888F85124D939F6899,IMPHASH=FFAEA1E2634A3119C40B178379C9863F","ParentProcessGuid":"{8F7AB6F6-4E88-69DF-5600-000000000500}","ParentUser":"NT AUTHORITY\\SYSTEM","UtcTime":"2026-04-15 09:05:23.890","ProcessId":"1252","RuleName":"-","Image":"C:\\Program Files\\Windows Defender\\MpCmdRun.exe","ParentProcessId":"2032","FileVersion":"4.18.1807.18075 (GitEnlistment(winpbld).180719-0853)","TerminalSessionId":"0"},"provider_name":"Microsoft-Windows-Sysmon"},"event":{"created":"2026-04-15T13:13:46.687Z","code":"1","kind":"event","provider":"Microsoft-Windows-Sysmon"},"log":{"level":"information","file":{"path":"C:\\Users\\ivysa\\Downloads\\winlogbeat-9.3.3-windows-x86_64\\winlogbeat-9.3.3-windows-x86_64\\symon.evtx"}},"error":{"message":"failed to get the event message string: failed in EvtFormatMessage: The message resource is present but the message was not found in the message table."},"host":{"name":"DESKTOP-H6FBQ5J"},"ecs":{"version":"8.0.0"}}
{"@timestamp":"2026-04-15T09:05:23.964Z","@metadata":{"beat":"winlogbeat","type":"_doc","version":"9.3.3"},"winlog":{"channel":"Microsoft-Windows-Sysmon/Operational","event_id":"1","opcode":"Info","process":{"pid":6668,"thread":{"id":6376}},"error":{},"provider_name":"Microsoft-Windows-Sysmon","record_id":695,"event_data":{"LogonGuid":"{8F7AB6F6-4E81-69DF-E403-000000000000}","ParentCommandLine":"\"C:\\Program Files\\Windows Defender\\MpCmdRun.exe\" SignaturesUpdateService -ScheduleJob -HttpDownload -RestrictPrivileges","ParentUser":"NT AUTHORITY\\SYSTEM","UtcTime":"2026-04-15 09:05:23.961","CurrentDirectory":"C:\\Windows\\system32\\","Description":"Microsoft Malware Protection Command Line Utility","User":"NT AUTHORITY\\NETWORK SERVICE","Hashes":"MD5=288D836B81E809EB33CDCCAA9D1AB395,SHA256=81F85A88DD1829663D5E748CA95709EFF5328444BBDB2C888F85124D939F6899,IMPHASH=FFAEA1E2634A3119C40B178379C9863F","Product":"Microsoft® Windows® Operating System","ParentImage":"C:\\Program Files\\Windows Defender\\MpCmdRun.exe","ProcessGuid":"{8F7AB6F6-54D3-69DF-3B02-000000000500}","ParentProcessId":"1252","Company":"Microsoft Corporation","ProcessId":"1012","FileVersion":"4.18.1807.18075 (GitEnlistment(winpbld).180719-0853)","CommandLine":"\"C:\\Program Files\\Windows Defender\\MpCmdRun.exe\" SignaturesUpdateService -ScheduleJob -HttpDownload -RestrictPrivileges -Reinvoke","TerminalSessionId":"0","ParentProcessGuid":"{8F7AB6F6-54D3-69DF-3902-000000000500}","OriginalFileName":"MpCmdRun.exe","RuleName":"-","IntegrityLevel":"System","Image":"C:\\Program Files\\Windows Defender\\MpCmdRun.exe","LogonId":"0x3e4"},"computer_name":"DESKTOP-H6FBQ5J","provider_guid":"{5770385F-C22A-43E0-BF4C-06F5698FFBD9}","version":5,"user":{"identifier":"S-1-5-18","domain":"NT AUTHORITY","name":"SYSTEM","type":"Well Known Group"}},"event":{"created":"2026-04-15T13:13:46.687Z","code":"1","kind":"event","provider":"Microsoft-Windows-Sysmon"},"log":{"file":{"path":"C:\\Users\\ivysa\\Downloads\\winlogbeat-9.3.3-windows-x86_64\\winlogbeat-9.3.3-windows-x86_64\\symon.evtx"},"level":"information"},"error":{"message":"failed to get the event message string: failed in EvtFormatMessage: The message resource is present but the message was not found in the message table."},"host":{"name":"DESKTOP-H6FBQ5J"},"ecs":{"version":"8.0.0"},"agent":{"type":"winlogbeat","version":"9.3.3","ephemeral_id":"f8d845b8-8ac1-43f8-9a65-a6e7c2082e2f","id":"0ae603cf-457e-4a6f-bbde-51c28f1a031e","name":"DESKTOP-IKR997B"}}
{"@timestamp":"2026-04-15T09:05:24.015Z","@metadata":{"beat":"winlogbeat","type":"_doc","version":"9.3.3"},"ecs":{"version":"8.0.0"},"agent":{"ephemeral_id":"f8d845b8-8ac1-43f8-9a65-a6e7c2082e2f","id":"0ae603cf-457e-4a6f-bbde-51c28f1a031e","name":"DESKTOP-IKR997B","type":"winlogbeat","version":"9.3.3"},"winlog":{"event_id":"11","provider_name":"Microsoft-Windows-Sysmon","version":2,"record_id":696,"process":{"pid":6668,"thread":{"id":6376}},"channel":"Microsoft-Windows-Sysmon/Operational","user":{"identifier":"S-1-5-18","domain":"NT AUTHORITY","name":"SYSTEM","type":"Well Known Group"},"event_data":{"UtcTime":"2026-04-15 09:05:23.996","ProcessGuid":"{8F7AB6F6-54D3-69DF-3B02-000000000500}","ProcessId":"1012","Image":"C:\\Program Files\\Windows Defender\\MpCmdRun.exe","TargetFilename":"C:\\Windows\\SERVIC~1\\NETWOR~1\\AppData\\Local\\Temp\\mpam-6e3353b7.exe","CreationUtcTime":"2026-04-15 09:05:23.996","User":"NT AUTHORITY\\NETWORK SERVICE","RuleName":"EXE"},"computer_name":"DESKTOP-H6FBQ5J","opcode":"Info","provider_guid":"{5770385F-C22A-43E0-BF4C-06F5698FFBD9}","error":{}},"event":{"provider":"Microsoft-Windows-Sysmon","created":"2026-04-15T13:13:46.687Z","code":"11","kind":"event"},"log":{"level":"information","file":{"path":"C:\\Users\\ivysa\\Downloads\\winlogbeat-9.3.3-windows-x86_64\\winlogbeat-9.3.3-windows-x86_64\\symon.evtx"}},"error":{"message":"failed to get the event message string: failed in EvtFormatMessage: The message resource is present but the message was not found in the message table."},"host":{"name":"DESKTOP-H6FBQ5J"}}
{"@timestamp":"2026-04-15T09:05:24.040Z","@metadata":{"beat":"winlogbeat","type":"_doc","version":"9.3.3"},"agent":{"name":"DESKTOP-IKR997B","type":"winlogbeat","version":"9.3.3","ephemeral_id":"f8d845b8-8ac1-43f8-9a65-a6e7c2082e2f","id":"0ae603cf-457e-4a6f-bbde-51c28f1a031e"},"winlog":{"event_data":{"TargetFilename":"C:\\Windows\\SERVIC~1\\NETWOR~1\\AppData\\Local\\Temp\\mpam-36e6fd52.exe","CreationUtcTime":"2026-04-15 09:05:24.028","User":"NT AUTHORITY\\NETWORK SERVICE","RuleName":"EXE","UtcTime":"2026-04-15 09:05:24.028","ProcessGuid":"{8F7AB6F6-54D3-69DF-3B02-000000000500}","ProcessId":"1012","Image":"C:\\Program Files\\Windows Defender\\MpCmdRun.exe"},"process":{"thread":{"id":6376},"pid":6668},"provider_name":"Microsoft-Windows-Sysmon","opcode":"Info","channel":"Microsoft-Windows-Sysmon/Operational","error":{},"record_id":697,"computer_name":"DESKTOP-H6FBQ5J","provider_guid":"{5770385F-C22A-43E0-BF4C-06F5698FFBD9}","version":2,"event_id":"11","user":{"identifier":"S-1-5-18","domain":"NT AUTHORITY","name":"SYSTEM","type":"Well Known Group"}},"event":{"provider":"Microsoft-Windows-Sysmon","created":"2026-04-15T13:13:46.687Z","code":"11","kind":"event"},"log":{"file":{"path":"C:\\Users\\ivysa\\Downloads\\winlogbeat-9.3.3-windows-x86_64\\winlogbeat-9.3.3-windows-x86_64\\symon.evtx"},"level":"information"},"error":{"message":"failed to get the event message string: failed in EvtFormatMessage: The message resource is present but the message was not found in the message table."},"host":{"name":"DESKTOP-H6FBQ5J"},"ecs":{"version":"8.0.0"}}
