{"@timestamp":"2026-04-15T08:51:11.643Z","@metadata":{"beat":"winlogbeat","type":"_doc","version":"9.3.3"},"log":{"level":"information","file":{"path":"C:\\Users\\ivysa\\Downloads\\winlogbeat-9.3.3-windows-x86_64\\winlogbeat-9.3.3-windows-x86_64\\symon.evtx"}},"error":{"message":"failed to get the event message string: failed in EvtFormatMessage: The message resource is present but the message was not found in the message table."},"host":{"name":"DESKTOP-H6FBQ5J"},"agent":{"ephemeral_id":"f8d845b8-8ac1-43f8-9a65-a6e7c2082e2f","id":"0ae603cf-457e-4a6f-bbde-51c28f1a031e","name":"DESKTOP-IKR997B","type":"winlogbeat","version":"9.3.3"},"ecs":{"version":"8.0.0"},"winlog":{"record_id":387,"version":2,"opcode":"Info","event_data":{"TargetObject":"\\REGISTRY\\A\\{36189a49-2a78-032b-ac62-c77ad8e35341}\\Root\\InventoryApplicationFile\\regdll.x86.exe|da15e467718601fb\\LinkDate","Details":"09/22/2023 07:28:33","User":"NT AUTHORITY\\SYSTEM","EventType":"SetValue","Image":"C:\\Windows\\system32\\svchost.exe","RuleName":"InvDB-CompileTimeClaim","UtcTime":"2026-04-15 08:51:11.612","ProcessGuid":"{8F7AB6F6-4E8A-69DF-6800-000000000500}","ProcessId":"3976"},"process":{"pid":6668,"thread":{"id":6376}},"channel":"Microsoft-Windows-Sysmon/Operational","provider_name":"Microsoft-Windows-Sysmon","computer_name":"DESKTOP-H6FBQ5J","provider_guid":"{5770385F-C22A-43E0-BF4C-06F5698FFBD9}","user":{"identifier":"S-1-5-18","domain":"NT AUTHORITY","name":"SYSTEM","type":"Well Known Group"},"event_id":"13","error":{}},"event":{"created":"2026-04-15T13:13:46.597Z","code":"13","kind":"event","provider":"Microsoft-Windows-Sysmon"}}
{"@timestamp":"2026-04-15T08:51:11.651Z","@metadata":{"beat":"winlogbeat","type":"_doc","version":"9.3.3"},"ecs":{"version":"8.0.0"},"agent":{"ephemeral_id":"f8d845b8-8ac1-43f8-9a65-a6e7c2082e2f","id":"0ae603cf-457e-4a6f-bbde-51c28f1a031e","name":"DESKTOP-IKR997B","type":"winlogbeat","version":"9.3.3"},"log":{"level":"information","file":{"path":"C:\\Users\\ivysa\\Downloads\\winlogbeat-9.3.3-windows-x86_64\\winlogbeat-9.3.3-windows-x86_64\\symon.evtx"}},"error":{"message":"failed to get the event message string: failed in EvtFormatMessage: The message resource is present but the message was not found in the message table."},"host":{"name":"DESKTOP-H6FBQ5J"},"winlog":{"computer_name":"DESKTOP-H6FBQ5J","event_id":"13","provider_guid":"{5770385F-C22A-43E0-BF4C-06F5698FFBD9}","user":{"type":"Well Known Group","identifier":"S-1-5-18","domain":"NT AUTHORITY","name":"SYSTEM"},"process":{"pid":6668,"thread":{"id":6376}},"provider_name":"Microsoft-Windows-Sysmon","record_id":388,"opcode":"Info","version":2,"event_data":{"TargetObject":"\\REGISTRY\\A\\{36189a49-2a78-032b-ac62-c77ad8e35341}\\Root\\InventoryApplicationFile\\regdll.x86.exe|da15e467718601fb\\BinProductVersion","Details":"(Empty)","RuleName":"InvDB-Ver","UtcTime":"2026-04-15 08:51:11.612","ProcessGuid":"{8F7AB6F6-4E8A-69DF-6800-000000000500}","Image":"C:\\Windows\\system32\\svchost.exe","EventType":"SetValue","ProcessId":"3976","User":"NT AUTHORITY\\SYSTEM"},"error":{},"channel":"Microsoft-Windows-Sysmon/Operational"},"event":{"created":"2026-04-15T13:13:46.597Z","code":"13","kind":"event","provider":"Microsoft-Windows-Sysmon"}}
{"@timestamp":"2026-04-15T08:51:11.652Z","@metadata":{"beat":"winlogbeat","type":"_doc","version":"9.3.3"},"error":{"message":"failed to get the event message string: failed in EvtFormatMessage: The message resource is present but the message was not found in the message table."},"host":{"name":"DESKTOP-H6FBQ5J"},"ecs":{"version":"8.0.0"},"agent":{"name":"DESKTOP-IKR997B","type":"winlogbeat","version":"9.3.3","ephemeral_id":"f8d845b8-8ac1-43f8-9a65-a6e7c2082e2f","id":"0ae603cf-457e-4a6f-bbde-51c28f1a031e"},"winlog":{"provider_guid":"{5770385F-C22A-43E0-BF4C-06F5698FFBD9}","version":2,"user":{"domain":"NT AUTHORITY","name":"SYSTEM","type":"Well Known Group","identifier":"S-1-5-18"},"process":{"pid":6668,"thread":{"id":6376}},"computer_name":"DESKTOP-H6FBQ5J","opcode":"Info","event_data":{"TargetObject":"\\REGISTRY\\A\\{36189a49-2a78-032b-ac62-c77ad8e35341}\\Root\\InventoryApplicationFile\\regpackage.x86.e|251bc26a473ee9af\\LowerCaseLongPath","RuleName":"InvDB-Path","UtcTime":"2026-04-15 08:51:11.612","User":"NT AUTHORITY\\SYSTEM","ProcessGuid":"{8F7AB6F6-4E8A-69DF-6800-000000000500}","Image":"C:\\Windows\\system32\\svchost.exe","EventType":"SetValue","Details":"c:\\program files\\bandizip\\data\\regpackage.x86.exe","ProcessId":"3976"},"error":{},"channel":"Microsoft-Windows-Sysmon/Operational","event_id":"13","provider_name":"Microsoft-Windows-Sysmon","record_id":389},"event":{"created":"2026-04-15T13:13:46.597Z","code":"13","kind":"event","provider":"Microsoft-Windows-Sysmon"},"log":{"level":"information","file":{"path":"C:\\Users\\ivysa\\Downloads\\winlogbeat-9.3.3-windows-x86_64\\winlogbeat-9.3.3-windows-x86_64\\symon.evtx"}}}
{"@timestamp":"2026-04-15T08:51:11.653Z","@metadata":{"beat":"winlogbeat","type":"_doc","version":"9.3.3"},"error":{"message":"failed to get the event message string: failed in EvtFormatMessage: The message resource is present but the message was not found in the message table."},"host":{"name":"DESKTOP-H6FBQ5J"},"ecs":{"version":"8.0.0"},"agent":{"ephemeral_id":"f8d845b8-8ac1-43f8-9a65-a6e7c2082e2f","id":"0ae603cf-457e-4a6f-bbde-51c28f1a031e","name":"DESKTOP-IKR997B","type":"winlogbeat","version":"9.3.3"},"winlog":{"computer_name":"DESKTOP-H6FBQ5J","opcode":"Info","provider_guid":"{5770385F-C22A-43E0-BF4C-06F5698FFBD9}","event_id":"13","record_id":390,"error":{},"provider_name":"Microsoft-Windows-Sysmon","version":2,"user":{"type":"Well Known Group","identifier":"S-1-5-18","domain":"NT AUTHORITY","name":"SYSTEM"},"event_data":{"UtcTime":"2026-04-15 08:51:11.612","ProcessGuid":"{8F7AB6F6-4E8A-69DF-6800-000000000500}","Details":"(Empty)","EventType":"SetValue","Image":"C:\\Windows\\system32\\svchost.exe","TargetObject":"\\REGISTRY\\A\\{36189a49-2a78-032b-ac62-c77ad8e35341}\\Root\\InventoryApplicationFile\\regpackage.x86.e|251bc26a473ee9af\\Publisher","User":"NT AUTHORITY\\SYSTEM","RuleName":"InvDB-Pub","ProcessId":"3976"},"channel":"Microsoft-Windows-Sysmon/Operational","process":{"pid":6668,"thread":{"id":6376}}},"event":{"created":"2026-04-15T13:13:46.597Z","code":"13","kind":"event","provider":"Microsoft-Windows-Sysmon"},"log":{"file":{"path":"C:\\Users\\ivysa\\Downloads\\winlogbeat-9.3.3-windows-x86_64\\winlogbeat-9.3.3-windows-x86_64\\symon.evtx"},"level":"information"}}
{"@timestamp":"2026-04-15T08:51:11.653Z","@metadata":{"beat":"winlogbeat","type":"_doc","version":"9.3.3"},"event":{"created":"2026-04-15T13:13:46.597Z","code":"13","kind":"event","provider":"Microsoft-Windows-Sysmon"},"log":{"level":"information","file":{"path":"C:\\Users\\ivysa\\Downloads\\winlogbeat-9.3.3-windows-x86_64\\winlogbeat-9.3.3-windows-x86_64\\symon.evtx"}},"error":{"message":"failed to get the event message string: failed in EvtFormatMessage: The message resource is present but the message was not found in the message table."},"host":{"name":"DESKTOP-H6FBQ5J"},"winlog":{"version":2,"user":{"domain":"NT AUTHORITY","name":"SYSTEM","type":"Well Known Group","identifier":"S-1-5-18"},"process":{"thread":{"id":6376},"pid":6668},"channel":"Microsoft-Windows-Sysmon/Operational","record_id":391,"computer_name":"DESKTOP-H6FBQ5J","opcode":"Info","event_id":"13","event_data":{"ProcessGuid":"{8F7AB6F6-4E8A-69DF-6800-000000000500}","User":"NT AUTHORITY\\SYSTEM","UtcTime":"2026-04-15 08:51:11.612","Image":"C:\\Windows\\system32\\svchost.exe","Details":"04/23/2024 01:41:35","TargetObject":"\\REGISTRY\\A\\{36189a49-2a78-032b-ac62-c77ad8e35341}\\Root\\InventoryApplicationFile\\regpackage.x86.e|251bc26a473ee9af\\LinkDate","EventType":"SetValue","ProcessId":"3976","RuleName":"InvDB-CompileTimeClaim"},"error":{},"provider_name":"Microsoft-Windows-Sysmon","provider_guid":"{5770385F-C22A-43E0-BF4C-06F5698FFBD9}"},"ecs":{"version":"8.0.0"},"agent":{"ephemeral_id":"f8d845b8-8ac1-43f8-9a65-a6e7c2082e2f","id":"0ae603cf-457e-4a6f-bbde-51c28f1a031e","name":"DESKTOP-IKR997B","type":"winlogbeat","version":"9.3.3"}}
{"@timestamp":"2026-04-15T08:51:11.653Z","@metadata":{"beat":"winlogbeat","type":"_doc","version":"9.3.3"},"agent":{"ephemeral_id":"f8d845b8-8ac1-43f8-9a65-a6e7c2082e2f","id":"0ae603cf-457e-4a6f-bbde-51c28f1a031e","name":"DESKTOP-IKR997B","type":"winlogbeat","version":"9.3.3"},"error":{"message":"failed to get the event message string: failed in EvtFormatMessage: The message resource is present but the message was not found in the message table."},"host":{"name":"DESKTOP-H6FBQ5J"},"winlog":{"provider_guid":"{5770385F-C22A-43E0-BF4C-06F5698FFBD9}","event_id":"13","provider_name":"Microsoft-Windows-Sysmon","record_id":392,"computer_name":"DESKTOP-H6FBQ5J","user":{"domain":"NT AUTHORITY","name":"SYSTEM","type":"Well Known Group","identifier":"S-1-5-18"},"channel":"Microsoft-Windows-Sysmon/Operational","opcode":"Info","version":2,"event_data":{"RuleName":"InvDB-Ver","ProcessGuid":"{8F7AB6F6-4E8A-69DF-6800-000000000500}","ProcessId":"3976","EventType":"SetValue","UtcTime":"2026-04-15 08:51:11.612","Image":"C:\\Windows\\system32\\svchost.exe","TargetObject":"\\REGISTRY\\A\\{36189a49-2a78-032b-ac62-c77ad8e35341}\\Root\\InventoryApplicationFile\\regpackage.x86.e|251bc26a473ee9af\\BinProductVersion","User":"NT AUTHORITY\\SYSTEM","Details":"(Empty)"},"process":{"thread":{"id":6376},"pid":6668},"error":{}},"event":{"created":"2026-04-15T13:13:46.597Z","code":"13","kind":"event","provider":"Microsoft-Windows-Sysmon"},"log":{"level":"information","file":{"path":"C:\\Users\\ivysa\\Downloads\\winlogbeat-9.3.3-windows-x86_64\\winlogbeat-9.3.3-windows-x86_64\\symon.evtx"}},"ecs":{"version":"8.0.0"}}
{"@timestamp":"2026-04-15T08:51:11.654Z","@metadata":{"beat":"winlogbeat","type":"_doc","version":"9.3.3"},"winlog":{"record_id":393,"provider_guid":"{5770385F-C22A-43E0-BF4C-06F5698FFBD9}","opcode":"Info","version":2,"event_data":{"TargetObject":"\\REGISTRY\\A\\{36189a49-2a78-032b-ac62-c77ad8e35341}\\Root\\InventoryApplicationFile\\uninstall.exe|f13b1df08214a180\\LowerCaseLongPath","Details":"c:\\program files\\bandizip\\uninstall.exe","ProcessGuid":"{8F7AB6F6-4E8A-69DF-6800-000000000500}","ProcessId":"3976","User":"NT AUTHORITY\\SYSTEM","RuleName":"InvDB-Path","EventType":"SetValue","UtcTime":"2026-04-15 08:51:11.612","Image":"C:\\Windows\\system32\\svchost.exe"},"error":{},"channel":"Microsoft-Windows-Sysmon/Operational","computer_name":"DESKTOP-H6FBQ5J","user":{"name":"SYSTEM","type":"Well Known Group","identifier":"S-1-5-18","domain":"NT AUTHORITY"},"process":{"thread":{"id":6376},"pid":6668},"event_id":"13","provider_name":"Microsoft-Windows-Sysmon"},"event":{"created":"2026-04-15T13:13:46.597Z","code":"13","kind":"event","provider":"Microsoft-Windows-Sysmon"},"log":{"level":"information","file":{"path":"C:\\Users\\ivysa\\Downloads\\winlogbeat-9.3.3-windows-x86_64\\winlogbeat-9.3.3-windows-x86_64\\symon.evtx"}},"error":{"message":"failed to get the event message string: failed in EvtFormatMessage: The message resource is present but the message was not found in the message table."},"host":{"name":"DESKTOP-H6FBQ5J"},"ecs":{"version":"8.0.0"},"agent":{"ephemeral_id":"f8d845b8-8ac1-43f8-9a65-a6e7c2082e2f","id":"0ae603cf-457e-4a6f-bbde-51c28f1a031e","name":"DESKTOP-IKR997B","type":"winlogbeat","version":"9.3.3"}}
{"@timestamp":"2026-04-15T08:51:11.654Z","@metadata":{"beat":"winlogbeat","type":"_doc","version":"9.3.3"},"host":{"name":"DESKTOP-H6FBQ5J"},"winlog":{"user":{"domain":"NT AUTHORITY","name":"SYSTEM","type":"Well Known Group","identifier":"S-1-5-18"},"process":{"pid":6668,"thread":{"id":6376}},"record_id":394,"opcode":"Info","provider_guid":"{5770385F-C22A-43E0-BF4C-06F5698FFBD9}","error":{},"provider_name":"Microsoft-Windows-Sysmon","computer_name":"DESKTOP-H6FBQ5J","event_id":"13","event_data":{"TargetObject":"\\REGISTRY\\A\\{36189a49-2a78-032b-ac62-c77ad8e35341}\\Root\\InventoryApplicationFile\\uninstall.exe|f13b1df08214a180\\Publisher","Details":"bandisoft","RuleName":"InvDB-Pub","EventType":"SetValue","UtcTime":"2026-04-15 08:51:11.612","ProcessGuid":"{8F7AB6F6-4E8A-69DF-6800-000000000500}","User":"NT AUTHORITY\\SYSTEM","Image":"C:\\Windows\\system32\\svchost.exe","ProcessId":"3976"},"channel":"Microsoft-Windows-Sysmon/Operational","version":2},"event":{"code":"13","kind":"event","provider":"Microsoft-Windows-Sysmon","created":"2026-04-15T13:13:46.597Z"},"ecs":{"version":"8.0.0"},"agent":{"ephemeral_id":"f8d845b8-8ac1-43f8-9a65-a6e7c2082e2f","id":"0ae603cf-457e-4a6f-bbde-51c28f1a031e","name":"DESKTOP-IKR997B","type":"winlogbeat","version":"9.3.3"},"log":{"file":{"path":"C:\\Users\\ivysa\\Downloads\\winlogbeat-9.3.3-windows-x86_64\\winlogbeat-9.3.3-windows-x86_64\\symon.evtx"},"level":"information"},"error":{"message":"failed to get the event message string: failed in EvtFormatMessage: The message resource is present but the message was not found in the message table."}}
{"@timestamp":"2026-04-15T08:51:11.655Z","@metadata":{"beat":"winlogbeat","type":"_doc","version":"9.3.3"},"event":{"code":"13","kind":"event","provider":"Microsoft-Windows-Sysmon","created":"2026-04-15T13:13:46.597Z"},"log":{"level":"information","file":{"path":"C:\\Users\\ivysa\\Downloads\\winlogbeat-9.3.3-windows-x86_64\\winlogbeat-9.3.3-windows-x86_64\\symon.evtx"}},"error":{"message":"failed to get the event message string: failed in EvtFormatMessage: The message resource is present but the message was not found in the message table."},"host":{"name":"DESKTOP-H6FBQ5J"},"ecs":{"version":"8.0.0"},"agent":{"ephemeral_id":"f8d845b8-8ac1-43f8-9a65-a6e7c2082e2f","id":"0ae603cf-457e-4a6f-bbde-51c28f1a031e","name":"DESKTOP-IKR997B","type":"winlogbeat","version":"9.3.3"},"winlog":{"user":{"domain":"NT AUTHORITY","name":"SYSTEM","type":"Well Known Group","identifier":"S-1-5-18"},"version":2,"event_data":{"ProcessId":"3976","User":"NT AUTHORITY\\SYSTEM","UtcTime":"2026-04-15 08:51:11.612","TargetObject":"\\REGISTRY\\A\\{36189a49-2a78-032b-ac62-c77ad8e35341}\\Root\\InventoryApplicationFile\\uninstall.exe|f13b1df08214a180\\LinkDate","EventType":"SetValue","ProcessGuid":"{8F7AB6F6-4E8A-69DF-6800-000000000500}","Image":"C:\\Windows\\system32\\svchost.exe","Details":"02/19/2026 01:13:44","RuleName":"InvDB-CompileTimeClaim"},"error":{},"record_id":395,"computer_name":"DESKTOP-H6FBQ5J","opcode":"Info","provider_guid":"{5770385F-C22A-43E0-BF4C-06F5698FFBD9}","process":{"pid":6668,"thread":{"id":6376}},"channel":"Microsoft-Windows-Sysmon/Operational","event_id":"13","provider_name":"Microsoft-Windows-Sysmon"}}
{"@timestamp":"2026-04-15T08:51:11.655Z","@metadata":{"beat":"winlogbeat","type":"_doc","version":"9.3.3"},"log":{"level":"information","file":{"path":"C:\\Users\\ivysa\\Downloads\\winlogbeat-9.3.3-windows-x86_64\\winlogbeat-9.3.3-windows-x86_64\\symon.evtx"}},"error":{"message":"failed to get the event message string: failed in EvtFormatMessage: The message resource is present but the message was not found in the message table."},"host":{"name":"DESKTOP-H6FBQ5J"},"ecs":{"version":"8.0.0"},"agent":{"ephemeral_id":"f8d845b8-8ac1-43f8-9a65-a6e7c2082e2f","id":"0ae603cf-457e-4a6f-bbde-51c28f1a031e","name":"DESKTOP-IKR997B","type":"winlogbeat","version":"9.3.3"},"winlog":{"record_id":396,"version":2,"error":{},"channel":"Microsoft-Windows-Sysmon/Operational","provider_name":"Microsoft-Windows-Sysmon","user":{"domain":"NT AUTHORITY","name":"SYSTEM","type":"Well Known Group","identifier":"S-1-5-18"},"process":{"thread":{"id":6376},"pid":6668},"computer_name":"DESKTOP-H6FBQ5J","opcode":"Info","provider_guid":"{5770385F-C22A-43E0-BF4C-06F5698FFBD9}","event_id":"13","event_data":{"EventType":"SetValue","ProcessId":"3976","TargetObject":"\\REGISTRY\\A\\{36189a49-2a78-032b-ac62-c77ad8e35341}\\Root\\InventoryApplicationFile\\uninstall.exe|f13b1df08214a180\\BinProductVersion","UtcTime":"2026-04-15 08:51:11.612","ProcessGuid":"{8F7AB6F6-4E8A-69DF-6800-000000000500}","User":"NT AUTHORITY\\SYSTEM","RuleName":"InvDB-Ver","Details":"7.42.0.0","Image":"C:\\Windows\\system32\\svchost.exe"}},"event":{"created":"2026-04-15T13:13:46.597Z","code":"13","kind":"event","provider":"Microsoft-Windows-Sysmon"}}
{"@timestamp":"2026-04-15T08:51:11.656Z","@metadata":{"beat":"winlogbeat","type":"_doc","version":"9.3.3"},"log":{"file":{"path":"C:\\Users\\ivysa\\Downloads\\winlogbeat-9.3.3-windows-x86_64\\winlogbeat-9.3.3-windows-x86_64\\symon.evtx"},"level":"information"},"error":{"message":"failed to get the event message string: failed in EvtFormatMessage: The message resource is present but the message was not found in the message table."},"host":{"name":"DESKTOP-H6FBQ5J"},"winlog":{"event_data":{"RuleName":"InvDB-Path","EventType":"SetValue","Details":"c:\\program files\\bandizip\\updater.exe","ProcessGuid":"{8F7AB6F6-4E8A-69DF-6800-000000000500}","ProcessId":"3976","Image":"C:\\Windows\\system32\\svchost.exe","TargetObject":"\\REGISTRY\\A\\{36189a49-2a78-032b-ac62-c77ad8e35341}\\Root\\InventoryApplicationFile\\updater.exe|98a80ec3a0831908\\LowerCaseLongPath","User":"NT AUTHORITY\\SYSTEM","UtcTime":"2026-04-15 08:51:11.612"},"record_id":397,"computer_name":"DESKTOP-H6FBQ5J","user":{"identifier":"S-1-5-18","domain":"NT AUTHORITY","name":"SYSTEM","type":"Well Known Group"},"error":{},"event_id":"13","provider_guid":"{5770385F-C22A-43E0-BF4C-06F5698FFBD9}","process":{"thread":{"id":6376},"pid":6668},"channel":"Microsoft-Windows-Sysmon/Operational","provider_name":"Microsoft-Windows-Sysmon","opcode":"Info","version":2},"event":{"created":"2026-04-15T13:13:46.597Z","code":"13","kind":"event","provider":"Microsoft-Windows-Sysmon"},"ecs":{"version":"8.0.0"},"agent":{"id":"0ae603cf-457e-4a6f-bbde-51c28f1a031e","name":"DESKTOP-IKR997B","type":"winlogbeat","version":"9.3.3","ephemeral_id":"f8d845b8-8ac1-43f8-9a65-a6e7c2082e2f"}}
{"@timestamp":"2026-04-15T08:51:11.656Z","@metadata":{"beat":"winlogbeat","type":"_doc","version":"9.3.3"},"ecs":{"version":"8.0.0"},"agent":{"id":"0ae603cf-457e-4a6f-bbde-51c28f1a031e","name":"DESKTOP-IKR997B","type":"winlogbeat","version":"9.3.3","ephemeral_id":"f8d845b8-8ac1-43f8-9a65-a6e7c2082e2f"},"log":{"level":"information","file":{"path":"C:\\Users\\ivysa\\Downloads\\winlogbeat-9.3.3-windows-x86_64\\winlogbeat-9.3.3-windows-x86_64\\symon.evtx"}},"error":{"message":"failed to get the event message string: failed in EvtFormatMessage: The message resource is present but the message was not found in the message table."},"host":{"name":"DESKTOP-H6FBQ5J"},"winlog":{"version":2,"provider_name":"Microsoft-Windows-Sysmon","record_id":398,"computer_name":"DESKTOP-H6FBQ5J","opcode":"Info","error":{},"channel":"Microsoft-Windows-Sysmon/Operational","event_id":"13","user":{"name":"SYSTEM","type":"Well Known Group","identifier":"S-1-5-18","domain":"NT AUTHORITY"},"event_data":{"User":"NT AUTHORITY\\SYSTEM","UtcTime":"2026-04-15 08:51:11.612","ProcessId":"3976","ProcessGuid":"{8F7AB6F6-4E8A-69DF-6800-000000000500}","TargetObject":"\\REGISTRY\\A\\{36189a49-2a78-032b-ac62-c77ad8e35341}\\Root\\InventoryApplicationFile\\updater.exe|98a80ec3a0831908\\Publisher","Details":"bandisoft international inc.","EventType":"SetValue","RuleName":"InvDB-Pub","Image":"C:\\Windows\\system32\\svchost.exe"},"process":{"pid":6668,"thread":{"id":6376}},"provider_guid":"{5770385F-C22A-43E0-BF4C-06F5698FFBD9}"},"event":{"provider":"Microsoft-Windows-Sysmon","created":"2026-04-15T13:13:46.597Z","code":"13","kind":"event"}}
{"@timestamp":"2026-04-15T08:51:11.657Z","@metadata":{"beat":"winlogbeat","type":"_doc","version":"9.3.3"},"host":{"name":"DESKTOP-H6FBQ5J"},"winlog":{"process":{"pid":6668,"thread":{"id":6376}},"error":{},"channel":"Microsoft-Windows-Sysmon/Operational","event_id":"13","record_id":399,"provider_guid":"{5770385F-C22A-43E0-BF4C-06F5698FFBD9}","version":2,"opcode":"Info","event_data":{"ProcessId":"3976","TargetObject":"\\REGISTRY\\A\\{36189a49-2a78-032b-ac62-c77ad8e35341}\\Root\\InventoryApplicationFile\\updater.exe|98a80ec3a0831908\\LinkDate","EventType":"SetValue","Image":"C:\\Windows\\system32\\svchost.exe","RuleName":"InvDB-CompileTimeClaim","UtcTime":"2026-04-15 08:51:11.612","User":"NT AUTHORITY\\SYSTEM","ProcessGuid":"{8F7AB6F6-4E8A-69DF-6800-000000000500}","Details":"04/15/2026 04:21:48"},"computer_name":"DESKTOP-H6FBQ5J","provider_name":"Microsoft-Windows-Sysmon","user":{"domain":"NT AUTHORITY","name":"SYSTEM","type":"Well Known Group","identifier":"S-1-5-18"}},"event":{"created":"2026-04-15T13:13:46.597Z","code":"13","kind":"event","provider":"Microsoft-Windows-Sysmon"},"ecs":{"version":"8.0.0"},"agent":{"ephemeral_id":"f8d845b8-8ac1-43f8-9a65-a6e7c2082e2f","id":"0ae603cf-457e-4a6f-bbde-51c28f1a031e","name":"DESKTOP-IKR997B","type":"winlogbeat","version":"9.3.3"},"log":{"level":"information","file":{"path":"C:\\Users\\ivysa\\Downloads\\winlogbeat-9.3.3-windows-x86_64\\winlogbeat-9.3.3-windows-x86_64\\symon.evtx"}},"error":{"message":"failed to get the event message string: failed in EvtFormatMessage: The message resource is present but the message was not found in the message table."}}
{"@timestamp":"2026-04-15T08:51:11.657Z","@metadata":{"beat":"winlogbeat","type":"_doc","version":"9.3.3"},"host":{"name":"DESKTOP-H6FBQ5J"},"ecs":{"version":"8.0.0"},"agent":{"ephemeral_id":"f8d845b8-8ac1-43f8-9a65-a6e7c2082e2f","id":"0ae603cf-457e-4a6f-bbde-51c28f1a031e","name":"DESKTOP-IKR997B","type":"winlogbeat","version":"9.3.3"},"winlog":{"computer_name":"DESKTOP-H6FBQ5J","opcode":"Info","user":{"identifier":"S-1-5-18","domain":"NT AUTHORITY","name":"SYSTEM","type":"Well Known Group"},"event_data":{"ProcessId":"3976","Image":"C:\\Windows\\system32\\svchost.exe","TargetObject":"\\REGISTRY\\A\\{36189a49-2a78-032b-ac62-c77ad8e35341}\\Root\\InventoryApplicationFile\\updater.exe|98a80ec3a0831908\\BinProductVersion","RuleName":"InvDB-Ver","EventType":"SetValue","UtcTime":"2026-04-15 08:51:11.612","User":"NT AUTHORITY\\SYSTEM","ProcessGuid":"{8F7AB6F6-4E8A-69DF-6800-000000000500}","Details":"7.42.0.5"},"channel":"Microsoft-Windows-Sysmon/Operational","provider_name":"Microsoft-Windows-Sysmon","record_id":400,"error":{},"provider_guid":"{5770385F-C22A-43E0-BF4C-06F5698FFBD9}","version":2,"process":{"pid":6668,"thread":{"id":6376}},"event_id":"13"},"event":{"created":"2026-04-15T13:13:46.598Z","code":"13","kind":"event","provider":"Microsoft-Windows-Sysmon"},"log":{"level":"information","file":{"path":"C:\\Users\\ivysa\\Downloads\\winlogbeat-9.3.3-windows-x86_64\\winlogbeat-9.3.3-windows-x86_64\\symon.evtx"}},"error":{"message":"failed to get the event message string: failed in EvtFormatMessage: The message resource is present but the message was not found in the message table."}}
{"@timestamp":"2026-04-15T08:51:11.658Z","@metadata":{"beat":"winlogbeat","type":"_doc","version":"9.3.3"},"log":{"level":"information","file":{"path":"C:\\Users\\ivysa\\Downloads\\winlogbeat-9.3.3-windows-x86_64\\winlogbeat-9.3.3-windows-x86_64\\symon.evtx"}},"error":{"message":"failed to get the event message string: failed in EvtFormatMessage: The message resource is present but the message was not found in the message table."},"host":{"name":"DESKTOP-H6FBQ5J"},"ecs":{"version":"8.0.0"},"agent":{"ephemeral_id":"f8d845b8-8ac1-43f8-9a65-a6e7c2082e2f","id":"0ae603cf-457e-4a6f-bbde-51c28f1a031e","name":"DESKTOP-IKR997B","type":"winlogbeat","version":"9.3.3"},"winlog":{"computer_name":"DESKTOP-H6FBQ5J","version":2,"user":{"identifier":"S-1-5-18","domain":"NT AUTHORITY","name":"SYSTEM","type":"Well Known Group"},"process":{"thread":{"id":6376},"pid":6668},"provider_name":"Microsoft-Windows-Sysmon","provider_guid":"{5770385F-C22A-43E0-BF4C-06F5698FFBD9}","event_data":{"TargetObject":"\\REGISTRY\\A\\{36189a49-2a78-032b-ac62-c77ad8e35341}\\Root\\InventoryApplicationFile\\web32.exe|9f00ea157f91b5d0\\LowerCaseLongPath","Details":"c:\\program files\\bandizip\\data\\web32.exe","EventType":"SetValue","ProcessGuid":"{8F7AB6F6-4E8A-69DF-6800-000000000500}","ProcessId":"3976","User":"NT AUTHORITY\\SYSTEM","RuleName":"InvDB-Path","UtcTime":"2026-04-15 08:51:11.612","Image":"C:\\Windows\\system32\\svchost.exe"},"channel":"Microsoft-Windows-Sysmon/Operational","opcode":"Info","error":{},"record_id":401,"event_id":"13"},"event":{"code":"13","kind":"event","provider":"Microsoft-Windows-Sysmon","created":"2026-04-15T13:13:46.598Z"}}
{"@timestamp":"2026-04-15T08:51:11.670Z","@metadata":{"beat":"winlogbeat","type":"_doc","version":"9.3.3"},"winlog":{"event_data":{"TargetObject":"\\REGISTRY\\A\\{36189a49-2a78-032b-ac62-c77ad8e35341}\\Root\\InventoryApplicationFile\\web32.exe|9f00ea157f91b5d0\\Publisher","EventType":"SetValue","UtcTime":"2026-04-15 08:51:11.612","ProcessGuid":"{8F7AB6F6-4E8A-69DF-6800-000000000500}","Image":"C:\\Windows\\system32\\svchost.exe","User":"NT AUTHORITY\\SYSTEM","RuleName":"InvDB-Pub","Details":"bandisoft.com","ProcessId":"3976"},"process":{"pid":6668,"thread":{"id":6376}},"event_id":"13","opcode":"Info","user":{"name":"SYSTEM","type":"Well Known Group","identifier":"S-1-5-18","domain":"NT AUTHORITY"},"version":2,"channel":"Microsoft-Windows-Sysmon/Operational","provider_name":"Microsoft-Windows-Sysmon","error":{},"record_id":402,"computer_name":"DESKTOP-H6FBQ5J","provider_guid":"{5770385F-C22A-43E0-BF4C-06F5698FFBD9}"},"event":{"code":"13","kind":"event","provider":"Microsoft-Windows-Sysmon","created":"2026-04-15T13:13:46.598Z"},"log":{"level":"information","file":{"path":"C:\\Users\\ivysa\\Downloads\\winlogbeat-9.3.3-windows-x86_64\\winlogbeat-9.3.3-windows-x86_64\\symon.evtx"}},"error":{"message":"failed to get the event message string: failed in EvtFormatMessage: The message resource is present but the message was not found in the message table."},"ecs":{"version":"8.0.0"},"agent":{"ephemeral_id":"f8d845b8-8ac1-43f8-9a65-a6e7c2082e2f","id":"0ae603cf-457e-4a6f-bbde-51c28f1a031e","name":"DESKTOP-IKR997B","type":"winlogbeat","version":"9.3.3"},"host":{"name":"DESKTOP-H6FBQ5J"}}
{"@timestamp":"2026-04-15T08:51:11.671Z","@metadata":{"beat":"winlogbeat","type":"_doc","version":"9.3.3"},"winlog":{"record_id":403,"opcode":"Info","provider_guid":"{5770385F-C22A-43E0-BF4C-06F5698FFBD9}","user":{"identifier":"S-1-5-18","domain":"NT AUTHORITY","name":"SYSTEM","type":"Well Known Group"},"provider_name":"Microsoft-Windows-Sysmon","error":{},"channel":"Microsoft-Windows-Sysmon/Operational","process":{"thread":{"id":6376},"pid":6668},"event_id":"13","computer_name":"DESKTOP-H6FBQ5J","version":2,"event_data":{"RuleName":"InvDB-CompileTimeClaim","EventType":"SetValue","Image":"C:\\Windows\\system32\\svchost.exe","User":"NT AUTHORITY\\SYSTEM","ProcessId":"3976","TargetObject":"\\REGISTRY\\A\\{36189a49-2a78-032b-ac62-c77ad8e35341}\\Root\\InventoryApplicationFile\\web32.exe|9f00ea157f91b5d0\\LinkDate","UtcTime":"2026-04-15 08:51:11.612","ProcessGuid":"{8F7AB6F6-4E8A-69DF-6800-000000000500}","Details":"08/25/2023 02:47:44"}},"event":{"created":"2026-04-15T13:13:46.598Z","code":"13","kind":"event","provider":"Microsoft-Windows-Sysmon"},"log":{"level":"information","file":{"path":"C:\\Users\\ivysa\\Downloads\\winlogbeat-9.3.3-windows-x86_64\\winlogbeat-9.3.3-windows-x86_64\\symon.evtx"}},"error":{"message":"failed to get the event message string: failed in EvtFormatMessage: The message resource is present but the message was not found in the message table."},"host":{"name":"DESKTOP-H6FBQ5J"},"ecs":{"version":"8.0.0"},"agent":{"ephemeral_id":"f8d845b8-8ac1-43f8-9a65-a6e7c2082e2f","id":"0ae603cf-457e-4a6f-bbde-51c28f1a031e","name":"DESKTOP-IKR997B","type":"winlogbeat","version":"9.3.3"}}
{"@timestamp":"2026-04-15T08:51:11.671Z","@metadata":{"beat":"winlogbeat","type":"_doc","version":"9.3.3"},"log":{"level":"information","file":{"path":"C:\\Users\\ivysa\\Downloads\\winlogbeat-9.3.3-windows-x86_64\\winlogbeat-9.3.3-windows-x86_64\\symon.evtx"}},"ecs":{"version":"8.0.0"},"agent":{"ephemeral_id":"f8d845b8-8ac1-43f8-9a65-a6e7c2082e2f","id":"0ae603cf-457e-4a6f-bbde-51c28f1a031e","name":"DESKTOP-IKR997B","type":"winlogbeat","version":"9.3.3"},"error":{"message":"failed to get the event message string: failed in EvtFormatMessage: The message resource is present but the message was not found in the message table."},"host":{"name":"DESKTOP-H6FBQ5J"},"winlog":{"computer_name":"DESKTOP-H6FBQ5J","opcode":"Info","provider_guid":"{5770385F-C22A-43E0-BF4C-06F5698FFBD9}","version":2,"event_data":{"UtcTime":"2026-04-15 08:51:11.612","TargetObject":"\\REGISTRY\\A\\{36189a49-2a78-032b-ac62-c77ad8e35341}\\Root\\InventoryApplicationFile\\web32.exe|9f00ea157f91b5d0\\BinProductVersion","Details":"1.0.0.1","User":"NT AUTHORITY\\SYSTEM","ProcessId":"3976","Image":"C:\\Windows\\system32\\svchost.exe","ProcessGuid":"{8F7AB6F6-4E8A-69DF-6800-000000000500}","RuleName":"InvDB-Ver","EventType":"SetValue"},"provider_name":"Microsoft-Windows-Sysmon","user":{"identifier":"S-1-5-18","domain":"NT AUTHORITY","name":"SYSTEM","type":"Well Known Group"},"event_id":"13","process":{"pid":6668,"thread":{"id":6376}},"error":{},"channel":"Microsoft-Windows-Sysmon/Operational","record_id":404},"event":{"created":"2026-04-15T13:13:46.598Z","code":"13","kind":"event","provider":"Microsoft-Windows-Sysmon"}}
{"@timestamp":"2026-04-15T08:51:12.366Z","@metadata":{"beat":"winlogbeat","type":"_doc","version":"9.3.3"},"error":{"message":"failed to get the event message string: failed in EvtFormatMessage: The message resource is present but the message was not found in the message table."},"host":{"name":"DESKTOP-H6FBQ5J"},"ecs":{"version":"8.0.0"},"agent":{"ephemeral_id":"f8d845b8-8ac1-43f8-9a65-a6e7c2082e2f","id":"0ae603cf-457e-4a6f-bbde-51c28f1a031e","name":"DESKTOP-IKR997B","type":"winlogbeat","version":"9.3.3"},"winlog":{"event_id":"22","computer_name":"DESKTOP-H6FBQ5J","user":{"identifier":"S-1-5-18","domain":"NT AUTHORITY","name":"SYSTEM","type":"Well Known Group"},"process":{"thread":{"id":3820},"pid":6668},"channel":"Microsoft-Windows-Sysmon/Operational","record_id":405,"opcode":"Info","event_data":{"QueryStatus":"0","User":"DESKTOP-H6FBQ5J\\windows","RuleName":"-","QueryName":"log.bandi.so","UtcTime":"2026-04-15 08:51:11.536","ProcessGuid":"{8F7AB6F6-5152-69DF-9501-000000000500}","ProcessId":"6432","QueryResults":"::ffff:52.78.169.250;","Image":"C:\\Users\\windows\\Downloads\\BANDIZIP-SETUP-STD-X64.EXE"},"provider_name":"Microsoft-Windows-Sysmon","provider_guid":"{5770385F-C22A-43E0-BF4C-06F5698FFBD9}","version":5,"error":{}},"event":{"code":"22","kind":"event","provider":"Microsoft-Windows-Sysmon","created":"2026-04-15T13:13:46.598Z"},"log":{"level":"information","file":{"path":"C:\\Users\\ivysa\\Downloads\\winlogbeat-9.3.3-windows-x86_64\\winlogbeat-9.3.3-windows-x86_64\\symon.evtx"}}}
{"@timestamp":"2026-04-15T08:51:12.720Z","@metadata":{"beat":"winlogbeat","type":"_doc","version":"9.3.3"},"ecs":{"version":"8.0.0"},"agent":{"ephemeral_id":"f8d845b8-8ac1-43f8-9a65-a6e7c2082e2f","id":"0ae603cf-457e-4a6f-bbde-51c28f1a031e","name":"DESKTOP-IKR997B","type":"winlogbeat","version":"9.3.3"},"error":{"message":"failed to get the event message string: failed in EvtFormatMessage: The message resource is present but the message was not found in the message table."},"host":{"name":"DESKTOP-H6FBQ5J"},"winlog":{"provider_name":"Microsoft-Windows-Sysmon","provider_guid":"{5770385F-C22A-43E0-BF4C-06F5698FFBD9}","channel":"Microsoft-Windows-Sysmon/Operational","record_id":406,"computer_name":"DESKTOP-H6FBQ5J","opcode":"Info","version":5,"user":{"type":"Well Known Group","identifier":"S-1-5-18","domain":"NT AUTHORITY","name":"SYSTEM"},"event_data":{"Image":"C:\\Users\\windows\\Downloads\\BANDIZIP-SETUP-STD-X64.EXE","Protocol":"tcp","ProcessId":"6432","Initiated":"true","ProcessGuid":"{8F7AB6F6-5152-69DF-9501-000000000500}","DestinationHostname":"ec2-52-78-169-250.ap-northeast-2.compute.amazonaws.com","SourcePort":"49953","User":"DESKTOP-H6FBQ5J\\windows","SourceHostname":"DESKTOP-H6FBQ5J","RuleName":"Usermode","SourceIsIpv6":"false","UtcTime":"2026-04-15 08:51:11.528","DestinationPortName":"https","DestinationPort":"443","SourceIp":"192.168.11.181","SourcePortName":"-","DestinationIsIpv6":"false","DestinationIp":"52.78.169.250"},"event_id":"3","process":{"pid":6668,"thread":{"id":8740}},"error":{}},"event":{"kind":"event","provider":"Microsoft-Windows-Sysmon","created":"2026-04-15T13:13:46.599Z","code":"3"},"log":{"level":"information","file":{"path":"C:\\Users\\ivysa\\Downloads\\winlogbeat-9.3.3-windows-x86_64\\winlogbeat-9.3.3-windows-x86_64\\symon.evtx"}}}
{"@timestamp":"2026-04-15T08:51:16.177Z","@metadata":{"beat":"winlogbeat","type":"_doc","version":"9.3.3"},"winlog":{"channel":"Microsoft-Windows-Sysmon/Operational","event_id":"1","opcode":"Info","event_data":{"Description":"-","Product":"-","CommandLine":"\"C:\\Program Files\\Bandizip\\data\\coupang.exe\" /askbandizip","ParentUser":"DESKTOP-H6FBQ5J\\windows","Image":"C:\\Program Files\\Bandizip\\data\\coupang.exe","Hashes":"MD5=EAF75769B30E1D0AC5E980E2E1A3375A,SHA256=A3ECBA4ACEDCE21264DD611A56608C400FAF1037ABF938B7C127E6821C7716E6,IMPHASH=55E62723655556B0CC59A850B106C74B","ParentImage":"C:\\Users\\windows\\Downloads\\BANDIZIP-SETUP-STD-X64.EXE","Company":"-","ProcessId":"2492","CurrentDirectory":"C:\\Users\\windows\\Downloads\\","User":"DESKTOP-H6FBQ5J\\windows","RuleName":"-","UtcTime":"2026-04-15 08:51:16.138","FileVersion":"-","ParentProcessId":"6432","TerminalSessionId":"1","ParentCommandLine":"\"C:\\Users\\windows\\Downloads\\BANDIZIP-SETUP-STD-X64.EXE\" ","ProcessGuid":"{8F7AB6F6-5184-69DF-A201-000000000500}","LogonGuid":"{8F7AB6F6-4E83-69DF-192B-010000000000}","IntegrityLevel":"High","OriginalFileName":"-","LogonId":"0x12b19","ParentProcessGuid":"{8F7AB6F6-5152-69DF-9501-000000000500}"},"error":{},"provider_name":"Microsoft-Windows-Sysmon","computer_name":"DESKTOP-H6FBQ5J","provider_guid":"{5770385F-C22A-43E0-BF4C-06F5698FFBD9}","version":5,"record_id":407,"user":{"identifier":"S-1-5-18","domain":"NT AUTHORITY","name":"SYSTEM","type":"Well Known Group"},"process":{"pid":6668,"thread":{"id":6376}}},"event":{"provider":"Microsoft-Windows-Sysmon","created":"2026-04-15T13:13:46.599Z","code":"1","kind":"event"},"log":{"level":"information","file":{"path":"C:\\Users\\ivysa\\Downloads\\winlogbeat-9.3.3-windows-x86_64\\winlogbeat-9.3.3-windows-x86_64\\symon.evtx"}},"error":{"message":"failed to get the event message string: failed in EvtFormatMessage: The message resource is present but the message was not found in the message table."},"host":{"name":"DESKTOP-H6FBQ5J"},"ecs":{"version":"8.0.0"},"agent":{"ephemeral_id":"f8d845b8-8ac1-43f8-9a65-a6e7c2082e2f","id":"0ae603cf-457e-4a6f-bbde-51c28f1a031e","name":"DESKTOP-IKR997B","type":"winlogbeat","version":"9.3.3"}}
{"@timestamp":"2026-04-15T08:51:21.307Z","@metadata":{"beat":"winlogbeat","type":"_doc","version":"9.3.3"},"host":{"name":"DESKTOP-H6FBQ5J"},"winlog":{"process":{"thread":{"id":6376},"pid":6668},"provider_name":"Microsoft-Windows-Sysmon","record_id":408,"version":5,"event_data":{"RuleName":"-","CurrentDirectory":"C:\\Program Files\\Bandizip\\","CommandLine":"\"C:\\Program Files\\Bandizip\\Bandizip.exe\" /setupiffirst","ParentUser":"DESKTOP-H6FBQ5J\\windows","LogonGuid":"{8F7AB6F6-4E83-69DF-582B-010000000000}","Hashes":"MD5=56B8AF15B7C218EF7F0174CC372EB05D,SHA256=06FC987D4CE54F2F5E342A9EFCF67CA88DB101F4694E8C03444903F9124C889A,IMPHASH=C9EEACD9FB5070A017158D1AE2F2986D","ProcessGuid":"{8F7AB6F6-5189-69DF-A301-000000000500}","IntegrityLevel":"Medium","UtcTime":"2026-04-15 08:51:21.294","Image":"C:\\Program Files\\Bandizip\\Bandizip.exe","Product":"Bandizip","LogonId":"0x12b58","ParentProcessId":"3952","Company":"Bandisoft International Inc.","OriginalFileName":"Bandizip.exe","User":"DESKTOP-H6FBQ5J\\windows","ProcessId":"2860","ParentImage":"C:\\Windows\\explorer.exe","ParentProcessGuid":"{8F7AB6F6-4E8A-69DF-6700-000000000500}","ParentCommandLine":"C:\\Windows\\Explorer.EXE","TerminalSessionId":"1","FileVersion":"7.42.0.5","Description":"Bandizip"},"event_id":"1","computer_name":"DESKTOP-H6FBQ5J","provider_guid":"{5770385F-C22A-43E0-BF4C-06F5698FFBD9}","error":{},"channel":"Microsoft-Windows-Sysmon/Operational","opcode":"Info","user":{"domain":"NT AUTHORITY","name":"SYSTEM","type":"Well Known Group","identifier":"S-1-5-18"}},"event":{"kind":"event","provider":"Microsoft-Windows-Sysmon","created":"2026-04-15T13:13:46.599Z","code":"1"},"log":{"level":"information","file":{"path":"C:\\Users\\ivysa\\Downloads\\winlogbeat-9.3.3-windows-x86_64\\winlogbeat-9.3.3-windows-x86_64\\symon.evtx"}},"error":{"message":"failed to get the event message string: failed in EvtFormatMessage: The message resource is present but the message was not found in the message table."},"agent":{"name":"DESKTOP-IKR997B","type":"winlogbeat","version":"9.3.3","ephemeral_id":"f8d845b8-8ac1-43f8-9a65-a6e7c2082e2f","id":"0ae603cf-457e-4a6f-bbde-51c28f1a031e"},"ecs":{"version":"8.0.0"}}
{"@timestamp":"2026-04-15T08:51:21.307Z","@metadata":{"beat":"winlogbeat","type":"_doc","version":"9.3.3"},"ecs":{"version":"8.0.0"},"agent":{"ephemeral_id":"f8d845b8-8ac1-43f8-9a65-a6e7c2082e2f","id":"0ae603cf-457e-4a6f-bbde-51c28f1a031e","name":"DESKTOP-IKR997B","type":"winlogbeat","version":"9.3.3"},"host":{"name":"DESKTOP-H6FBQ5J"},"winlog":{"provider_name":"Microsoft-Windows-Sysmon","provider_guid":"{5770385F-C22A-43E0-BF4C-06F5698FFBD9}","event_data":{"RuleName":"InvDB","EventType":"SetValue","Details":"Binary Data","Image":"C:\\Windows\\system32\\svchost.exe","TargetObject":"HKU\\S-1-5-21-3775872478-390322037-581647961-1001\\Software\\Microsoft\\Windows NT\\CurrentVersion\\AppCompatFlags\\Compatibility Assistant\\Store\\C:\\Program Files\\Bandizip\\Bandizip.exe","User":"NT AUTHORITY\\SYSTEM","UtcTime":"2026-04-15 08:51:21.287","ProcessGuid":"{8F7AB6F6-4E8A-69DF-6800-000000000500}","ProcessId":"3976"},"error":{},"computer_name":"DESKTOP-H6FBQ5J","version":2,"process":{"pid":6668,"thread":{"id":6376}},"channel":"Microsoft-Windows-Sysmon/Operational","opcode":"Info","user":{"identifier":"S-1-5-18","domain":"NT AUTHORITY","name":"SYSTEM","type":"Well Known Group"},"record_id":409,"event_id":"13"},"event":{"kind":"event","provider":"Microsoft-Windows-Sysmon","created":"2026-04-15T13:13:46.599Z","code":"13"},"log":{"level":"information","file":{"path":"C:\\Users\\ivysa\\Downloads\\winlogbeat-9.3.3-windows-x86_64\\winlogbeat-9.3.3-windows-x86_64\\symon.evtx"}},"error":{"message":"failed to get the event message string: failed in EvtFormatMessage: The message resource is present but the message was not found in the message table."}}
{"@timestamp":"2026-04-15T08:51:21.601Z","@metadata":{"beat":"winlogbeat","type":"_doc","version":"9.3.3"},"error":{"message":"failed to get the event message string: failed in EvtFormatMessage: The message resource is present but the message was not found in the message table."},"host":{"name":"DESKTOP-H6FBQ5J"},"winlog":{"user":{"identifier":"S-1-5-18","domain":"NT AUTHORITY","name":"SYSTEM","type":"Well Known Group"},"event_data":{"ProcessId":"6432","Image":"C:\\Users\\windows\\Downloads\\BANDIZIP-SETUP-STD-X64.EXE","User":"DESKTOP-H6FBQ5J\\windows","RuleName":"-","UtcTime":"2026-04-15 08:51:21.567","ProcessGuid":"{8F7AB6F6-5152-69DF-9501-000000000500}"},"process":{"thread":{"id":6376},"pid":6668},"provider_name":"Microsoft-Windows-Sysmon","computer_name":"DESKTOP-H6FBQ5J","version":3,"event_id":"5","error":{},"channel":"Microsoft-Windows-Sysmon/Operational","record_id":410,"opcode":"Info","provider_guid":"{5770385F-C22A-43E0-BF4C-06F5698FFBD9}"},"event":{"provider":"Microsoft-Windows-Sysmon","created":"2026-04-15T13:13:46.599Z","code":"5","kind":"event"},"log":{"level":"information","file":{"path":"C:\\Users\\ivysa\\Downloads\\winlogbeat-9.3.3-windows-x86_64\\winlogbeat-9.3.3-windows-x86_64\\symon.evtx"}},"ecs":{"version":"8.0.0"},"agent":{"ephemeral_id":"f8d845b8-8ac1-43f8-9a65-a6e7c2082e2f","id":"0ae603cf-457e-4a6f-bbde-51c28f1a031e","name":"DESKTOP-IKR997B","type":"winlogbeat","version":"9.3.3"}}
{"@timestamp":"2026-04-15T08:51:21.602Z","@metadata":{"beat":"winlogbeat","type":"_doc","version":"9.3.3"},"event":{"created":"2026-04-15T13:13:46.599Z","code":"1","kind":"event","provider":"Microsoft-Windows-Sysmon"},"ecs":{"version":"8.0.0"},"agent":{"ephemeral_id":"f8d845b8-8ac1-43f8-9a65-a6e7c2082e2f","id":"0ae603cf-457e-4a6f-bbde-51c28f1a031e","name":"DESKTOP-IKR997B","type":"winlogbeat","version":"9.3.3"},"log":{"file":{"path":"C:\\Users\\ivysa\\Downloads\\winlogbeat-9.3.3-windows-x86_64\\winlogbeat-9.3.3-windows-x86_64\\symon.evtx"},"level":"information"},"error":{"message":"failed to get the event message string: failed in EvtFormatMessage: The message resource is present but the message was not found in the message table."},"host":{"name":"DESKTOP-H6FBQ5J"},"winlog":{"event_data":{"FileVersion":"7.42.0.5","Product":"Bandizip Updater","OriginalFileName":"Updater.exe","TerminalSessionId":"1","IntegrityLevel":"Medium","ParentProcessGuid":"{8F7AB6F6-5189-69DF-A301-000000000500}","ParentUser":"DESKTOP-H6FBQ5J\\windows","ProcessGuid":"{8F7AB6F6-5189-69DF-A401-000000000500}","ParentProcessId":"2860","ParentCommandLine":"\"C:\\Program Files\\Bandizip\\Bandizip.exe\" /setupiffirst","Company":"Bandisoft International Inc.","CurrentDirectory":"C:\\Program Files\\Bandizip\\","LogonId":"0x12b58","Hashes":"MD5=A9A372A1B9E1B540B0AC218FE97121E1,SHA256=CA4D6668BCC75A8BC110C2DE54A7FA7B22DB0D10F6575A00CDBEB3934F629331,IMPHASH=A617D67E7E282E618D1258173C34EF02","UtcTime":"2026-04-15 08:51:21.519","Image":"C:\\Program Files\\Bandizip\\Updater.exe","Description":"Bandizip Updater","User":"DESKTOP-H6FBQ5J\\windows","ParentImage":"C:\\Program Files\\Bandizip\\Bandizip.exe","ProcessId":"3016","LogonGuid":"{8F7AB6F6-4E83-69DF-582B-010000000000}","CommandLine":"\"C:\\Program Files\\Bandizip\\updater.exe\" /nosleep","RuleName":"-"},"process":{"pid":6668,"thread":{"id":6376}},"event_id":"1","opcode":"Info","provider_name":"Microsoft-Windows-Sysmon","computer_name":"DESKTOP-H6FBQ5J","version":5,"record_id":411,"error":{},"channel":"Microsoft-Windows-Sysmon/Operational","provider_guid":"{5770385F-C22A-43E0-BF4C-06F5698FFBD9}","user":{"identifier":"S-1-5-18","domain":"NT AUTHORITY","name":"SYSTEM","type":"Well Known Group"}}}
{"@timestamp":"2026-04-15T08:51:23.616Z","@metadata":{"beat":"winlogbeat","type":"_doc","version":"9.3.3"},"host":{"name":"DESKTOP-H6FBQ5J"},"winlog":{"version":5,"user":{"identifier":"S-1-5-18","domain":"NT AUTHORITY","name":"SYSTEM","type":"Well Known Group"},"event_data":{"RuleName":"-","ProcessId":"3016","Image":"C:\\Program Files\\Bandizip\\Updater.exe","ProcessGuid":"{8F7AB6F6-5189-69DF-A401-000000000500}","QueryStatus":"0","UtcTime":"2026-04-15 08:51:22.944","QueryResults":"::ffff:52.78.169.250;","QueryName":"ver.bandi.so","User":"DESKTOP-H6FBQ5J\\windows"},"opcode":"Info","provider_guid":"{5770385F-C22A-43E0-BF4C-06F5698FFBD9}","error":{},"event_id":"22","computer_name":"DESKTOP-H6FBQ5J","provider_name":"Microsoft-Windows-Sysmon","process":{"pid":6668,"thread":{"id":3820}},"channel":"Microsoft-Windows-Sysmon/Operational","record_id":412},"event":{"created":"2026-04-15T13:13:46.599Z","code":"22","kind":"event","provider":"Microsoft-Windows-Sysmon"},"log":{"level":"information","file":{"path":"C:\\Users\\ivysa\\Downloads\\winlogbeat-9.3.3-windows-x86_64\\winlogbeat-9.3.3-windows-x86_64\\symon.evtx"}},"error":{"message":"failed to get the event message string: failed in EvtFormatMessage: The message resource is present but the message was not found in the message table."},"agent":{"version":"9.3.3","ephemeral_id":"f8d845b8-8ac1-43f8-9a65-a6e7c2082e2f","id":"0ae603cf-457e-4a6f-bbde-51c28f1a031e","name":"DESKTOP-IKR997B","type":"winlogbeat"},"ecs":{"version":"8.0.0"}}
{"@timestamp":"2026-04-15T08:51:23.616Z","@metadata":{"beat":"winlogbeat","type":"_doc","version":"9.3.3"},"ecs":{"version":"8.0.0"},"winlog":{"user":{"name":"SYSTEM","type":"Well Known Group","identifier":"S-1-5-18","domain":"NT AUTHORITY"},"process":{"pid":6668,"thread":{"id":3820}},"channel":"Microsoft-Windows-Sysmon/Operational","event_id":"22","event_data":{"Image":"C:\\Program Files\\Bandizip\\Updater.exe","ProcessId":"3016","QueryName":"ana.bandi.so","QueryResults":"::ffff:52.78.169.250;","UtcTime":"2026-04-15 08:51:23.001","QueryStatus":"0","User":"DESKTOP-H6FBQ5J\\windows","ProcessGuid":"{8F7AB6F6-5189-69DF-A401-000000000500}","RuleName":"-"},"provider_name":"Microsoft-Windows-Sysmon","opcode":"Info","provider_guid":"{5770385F-C22A-43E0-BF4C-06F5698FFBD9}","version":5,"record_id":413,"error":{},"computer_name":"DESKTOP-H6FBQ5J"},"event":{"code":"22","kind":"event","provider":"Microsoft-Windows-Sysmon","created":"2026-04-15T13:13:46.599Z"},"log":{"level":"information","file":{"path":"C:\\Users\\ivysa\\Downloads\\winlogbeat-9.3.3-windows-x86_64\\winlogbeat-9.3.3-windows-x86_64\\symon.evtx"}},"error":{"message":"failed to get the event message string: failed in EvtFormatMessage: The message resource is present but the message was not found in the message table."},"host":{"name":"DESKTOP-H6FBQ5J"},"agent":{"id":"0ae603cf-457e-4a6f-bbde-51c28f1a031e","name":"DESKTOP-IKR997B","type":"winlogbeat","version":"9.3.3","ephemeral_id":"f8d845b8-8ac1-43f8-9a65-a6e7c2082e2f"}}
{"@timestamp":"2026-04-15T08:51:23.734Z","@metadata":{"beat":"winlogbeat","type":"_doc","version":"9.3.3"},"host":{"name":"DESKTOP-H6FBQ5J"},"winlog":{"version":2,"error":{},"event_id":"13","provider_name":"Microsoft-Windows-Sysmon","computer_name":"DESKTOP-H6FBQ5J","opcode":"Info","provider_guid":"{5770385F-C22A-43E0-BF4C-06F5698FFBD9}","event_data":{"TargetObject":"HKU\\S-1-5-21-3775872478-390322037-581647961-1001\\Software\\Microsoft\\Windows NT\\CurrentVersion\\AppCompatFlags\\Compatibility Assistant\\Store\\C:\\Users\\windows\\Downloads\\BANDIZIP-SETUP-STD-X64.EXE","Details":"Binary Data","UtcTime":"2026-04-15 08:51:23.724","EventType":"SetValue","User":"NT AUTHORITY\\SYSTEM","ProcessGuid":"{8F7AB6F6-4E8A-69DF-6800-000000000500}","ProcessId":"3976","RuleName":"InvDB","Image":"C:\\Windows\\system32\\svchost.exe"},"process":{"pid":6668,"thread":{"id":6376}},"record_id":414,"user":{"identifier":"S-1-5-18","domain":"NT AUTHORITY","name":"SYSTEM","type":"Well Known Group"},"channel":"Microsoft-Windows-Sysmon/Operational"},"event":{"created":"2026-04-15T13:13:46.599Z","code":"13","kind":"event","provider":"Microsoft-Windows-Sysmon"},"log":{"level":"information","file":{"path":"C:\\Users\\ivysa\\Downloads\\winlogbeat-9.3.3-windows-x86_64\\winlogbeat-9.3.3-windows-x86_64\\symon.evtx"}},"ecs":{"version":"8.0.0"},"agent":{"ephemeral_id":"f8d845b8-8ac1-43f8-9a65-a6e7c2082e2f","id":"0ae603cf-457e-4a6f-bbde-51c28f1a031e","name":"DESKTOP-IKR997B","type":"winlogbeat","version":"9.3.3"},"error":{"message":"failed to get the event message string: failed in EvtFormatMessage: The message resource is present but the message was not found in the message table."}}
{"@timestamp":"2026-04-15T08:51:26.796Z","@metadata":{"beat":"winlogbeat","type":"_doc","version":"9.3.3"},"winlog":{"version":2,"user":{"identifier":"S-1-5-18","domain":"NT AUTHORITY","name":"SYSTEM","type":"Well Known Group"},"event_data":{"UtcTime":"2026-04-15 08:51:26.631","ProcessGuid":"{8F7AB6F6-5189-69DF-A301-000000000500}","User":"DESKTOP-H6FBQ5J\\windows","RuleName":"T1042","EventType":"SetValue","ProcessId":"2860","TargetObject":"HKU\\S-1-5-21-3775872478-390322037-581647961-1001_Classes\\Bandizip.zip\\Shell\\Open\\Command\\(Default)","Image":"C:\\Program Files\\Bandizip\\Bandizip.exe","Details":"\"C:\\Program Files\\Bandizip\\Bandizip.exe\" \"장치\""},"channel":"Microsoft-Windows-Sysmon/Operational","record_id":415,"process":{"pid":6668,"thread":{"id":6376}},"error":{},"provider_name":"Microsoft-Windows-Sysmon","computer_name":"DESKTOP-H6FBQ5J","opcode":"Info","provider_guid":"{5770385F-C22A-43E0-BF4C-06F5698FFBD9}","event_id":"13"},"event":{"code":"13","kind":"event","provider":"Microsoft-Windows-Sysmon","created":"2026-04-15T13:13:46.599Z"},"log":{"level":"information","file":{"path":"C:\\Users\\ivysa\\Downloads\\winlogbeat-9.3.3-windows-x86_64\\winlogbeat-9.3.3-windows-x86_64\\symon.evtx"}},"error":{"message":"failed to get the event message string: failed in EvtFormatMessage: The message resource is present but the message was not found in the message table."},"host":{"name":"DESKTOP-H6FBQ5J"},"ecs":{"version":"8.0.0"},"agent":{"ephemeral_id":"f8d845b8-8ac1-43f8-9a65-a6e7c2082e2f","id":"0ae603cf-457e-4a6f-bbde-51c28f1a031e","name":"DESKTOP-IKR997B","type":"winlogbeat","version":"9.3.3"}}
