{"@timestamp":"2026-04-15T08:50:42.613Z","@metadata":{"beat":"winlogbeat","type":"_doc","version":"9.3.3"},"log":{"level":"information","file":{"path":"C:\\Users\\ivysa\\Downloads\\winlogbeat-9.3.3-windows-x86_64\\winlogbeat-9.3.3-windows-x86_64\\symon.evtx"}},"error":{"message":"failed to get the event message string: failed in EvtFormatMessage: The message resource is present but the message was not found in the message table."},"host":{"name":"DESKTOP-H6FBQ5J"},"ecs":{"version":"8.0.0"},"agent":{"ephemeral_id":"f8d845b8-8ac1-43f8-9a65-a6e7c2082e2f","id":"0ae603cf-457e-4a6f-bbde-51c28f1a031e","name":"DESKTOP-IKR997B","type":"winlogbeat","version":"9.3.3"},"winlog":{"provider_guid":"{5770385F-C22A-43E0-BF4C-06F5698FFBD9}","version":5,"user":{"identifier":"S-1-5-18","domain":"NT AUTHORITY","name":"SYSTEM","type":"Well Known Group"},"error":{},"event_id":"1","provider_name":"Microsoft-Windows-Sysmon","computer_name":"DESKTOP-H6FBQ5J","opcode":"Info","record_id":237,"process":{"thread":{"id":6376},"pid":6668},"channel":"Microsoft-Windows-Sysmon/Operational","event_data":{"Description":"-","ParentCommandLine":"\"C:\\Users\\windows\\Downloads\\BANDIZIP-SETUP-STD-X64.EXE\" ","Hashes":"MD5=261D950032CA1EE81448FE67EE14C6F9,SHA256=6F18653C512EFB00C94098359A430B9B116FF68D0CBBB4942F043A8FF672B475,IMPHASH=37588D79E0D04F23DFF05DC991B86C55","CommandLine":"\"C:\\Program Files\\Bandizip\\data\\RegDll.x86.exe\" /regieemulation Bandizip.exe","ParentProcessGuid":"{8F7AB6F6-5152-69DF-9501-000000000500}","Image":"C:\\Program Files\\Bandizip\\data\\RegDll.x86.exe","ParentImage":"C:\\Users\\windows\\Downloads\\BANDIZIP-SETUP-STD-X64.EXE","ProcessGuid":"{8F7AB6F6-5162-69DF-9901-000000000500}","ProcessId":"8428","Product":"-","User":"DESKTOP-H6FBQ5J\\windows","ParentUser":"DESKTOP-H6FBQ5J\\windows","RuleName":"-","TerminalSessionId":"1","Company":"-","FileVersion":"-","OriginalFileName":"-","CurrentDirectory":"C:\\Users\\windows\\Downloads\\","LogonId":"0x12b19","IntegrityLevel":"High","UtcTime":"2026-04-15 08:50:42.586","LogonGuid":"{8F7AB6F6-4E83-69DF-192B-010000000000}","ParentProcessId":"6432"}},"event":{"code":"1","kind":"event","provider":"Microsoft-Windows-Sysmon","created":"2026-04-15T13:13:46.591Z"}}
{"@timestamp":"2026-04-15T08:50:43.140Z","@metadata":{"beat":"winlogbeat","type":"_doc","version":"9.3.3"},"winlog":{"process":{"thread":{"id":6376},"pid":6668},"error":{},"event_id":"1","provider_name":"Microsoft-Windows-Sysmon","provider_guid":"{5770385F-C22A-43E0-BF4C-06F5698FFBD9}","user":{"domain":"NT AUTHORITY","name":"SYSTEM","type":"Well Known Group","identifier":"S-1-5-18"},"computer_name":"DESKTOP-H6FBQ5J","channel":"Microsoft-Windows-Sysmon/Operational","opcode":"Info","event_data":{"CommandLine":"\"C:\\Program Files\\Bandizip\\data\\RegDll.x86.exe\" /regieemulation Updater.exe","ParentImage":"C:\\Users\\windows\\Downloads\\BANDIZIP-SETUP-STD-X64.EXE","Description":"-","UtcTime":"2026-04-15 08:50:43.135","ProcessId":"2616","LogonGuid":"{8F7AB6F6-4E83-69DF-192B-010000000000}","ParentProcessId":"6432","LogonId":"0x12b19","ParentUser":"DESKTOP-H6FBQ5J\\windows","Company":"-","OriginalFileName":"-","ProcessGuid":"{8F7AB6F6-5163-69DF-9A01-000000000500}","Image":"C:\\Program Files\\Bandizip\\data\\RegDll.x86.exe","User":"DESKTOP-H6FBQ5J\\windows","TerminalSessionId":"1","ParentProcessGuid":"{8F7AB6F6-5152-69DF-9501-000000000500}","ParentCommandLine":"\"C:\\Users\\windows\\Downloads\\BANDIZIP-SETUP-STD-X64.EXE\" ","IntegrityLevel":"High","RuleName":"-","FileVersion":"-","Product":"-","CurrentDirectory":"C:\\Users\\windows\\Downloads\\","Hashes":"MD5=261D950032CA1EE81448FE67EE14C6F9,SHA256=6F18653C512EFB00C94098359A430B9B116FF68D0CBBB4942F043A8FF672B475,IMPHASH=37588D79E0D04F23DFF05DC991B86C55"},"record_id":238,"version":5},"event":{"provider":"Microsoft-Windows-Sysmon","created":"2026-04-15T13:13:46.592Z","code":"1","kind":"event"},"log":{"level":"information","file":{"path":"C:\\Users\\ivysa\\Downloads\\winlogbeat-9.3.3-windows-x86_64\\winlogbeat-9.3.3-windows-x86_64\\symon.evtx"}},"error":{"message":"failed to get the event message string: failed in EvtFormatMessage: The message resource is present but the message was not found in the message table."},"host":{"name":"DESKTOP-H6FBQ5J"},"ecs":{"version":"8.0.0"},"agent":{"name":"DESKTOP-IKR997B","type":"winlogbeat","version":"9.3.3","ephemeral_id":"f8d845b8-8ac1-43f8-9a65-a6e7c2082e2f","id":"0ae603cf-457e-4a6f-bbde-51c28f1a031e"}}
{"@timestamp":"2026-04-15T08:50:43.281Z","@metadata":{"beat":"winlogbeat","type":"_doc","version":"9.3.3"},"log":{"file":{"path":"C:\\Users\\ivysa\\Downloads\\winlogbeat-9.3.3-windows-x86_64\\winlogbeat-9.3.3-windows-x86_64\\symon.evtx"},"level":"information"},"ecs":{"version":"8.0.0"},"agent":{"ephemeral_id":"f8d845b8-8ac1-43f8-9a65-a6e7c2082e2f","id":"0ae603cf-457e-4a6f-bbde-51c28f1a031e","name":"DESKTOP-IKR997B","type":"winlogbeat","version":"9.3.3"},"error":{"message":"failed to get the event message string: failed in EvtFormatMessage: The message resource is present but the message was not found in the message table."},"host":{"name":"DESKTOP-H6FBQ5J"},"winlog":{"provider_guid":"{5770385F-C22A-43E0-BF4C-06F5698FFBD9}","version":5,"channel":"Microsoft-Windows-Sysmon/Operational","process":{"pid":6668,"thread":{"id":6376}},"error":{},"provider_name":"Microsoft-Windows-Sysmon","opcode":"Info","event_data":{"LogonId":"0x12b19","ParentProcessGuid":"{8F7AB6F6-5152-69DF-9501-000000000500}","ParentCommandLine":"\"C:\\Users\\windows\\Downloads\\BANDIZIP-SETUP-STD-X64.EXE\" ","ProcessId":"3732","OriginalFileName":"-","LogonGuid":"{8F7AB6F6-4E83-69DF-192B-010000000000}","ParentProcessId":"6432","Image":"C:\\Program Files\\Bandizip\\data\\RegDll.x86.exe","ParentImage":"C:\\Users\\windows\\Downloads\\BANDIZIP-SETUP-STD-X64.EXE","FileVersion":"-","User":"DESKTOP-H6FBQ5J\\windows","IntegrityLevel":"High","ParentUser":"DESKTOP-H6FBQ5J\\windows","Product":"-","Hashes":"MD5=261D950032CA1EE81448FE67EE14C6F9,SHA256=6F18653C512EFB00C94098359A430B9B116FF68D0CBBB4942F043A8FF672B475,IMPHASH=37588D79E0D04F23DFF05DC991B86C55","Description":"-","UtcTime":"2026-04-15 08:50:43.276","CurrentDirectory":"C:\\Users\\windows\\Downloads\\","Company":"-","CommandLine":"\"C:\\Program Files\\Bandizip\\data\\RegDll.x86.exe\" /regieemulation web32.exe","TerminalSessionId":"1","RuleName":"-","ProcessGuid":"{8F7AB6F6-5163-69DF-9B01-000000000500}"},"computer_name":"DESKTOP-H6FBQ5J","user":{"identifier":"S-1-5-18","domain":"NT AUTHORITY","name":"SYSTEM","type":"Well Known Group"},"event_id":"1","record_id":239},"event":{"provider":"Microsoft-Windows-Sysmon","created":"2026-04-15T13:13:46.592Z","code":"1","kind":"event"}}
{"@timestamp":"2026-04-15T08:50:43.363Z","@metadata":{"beat":"winlogbeat","type":"_doc","version":"9.3.3"},"host":{"name":"DESKTOP-H6FBQ5J"},"winlog":{"version":5,"user":{"name":"SYSTEM","type":"Well Known Group","identifier":"S-1-5-18","domain":"NT AUTHORITY"},"event_data":{"CurrentDirectory":"C:\\Users\\windows\\Downloads\\","LogonGuid":"{8F7AB6F6-4E83-69DF-192B-010000000000}","Company":"-","User":"DESKTOP-H6FBQ5J\\windows","ParentProcessGuid":"{8F7AB6F6-5152-69DF-9501-000000000500}","IntegrityLevel":"High","ParentImage":"C:\\Users\\windows\\Downloads\\BANDIZIP-SETUP-STD-X64.EXE","UtcTime":"2026-04-15 08:50:43.359","Hashes":"MD5=261D950032CA1EE81448FE67EE14C6F9,SHA256=6F18653C512EFB00C94098359A430B9B116FF68D0CBBB4942F043A8FF672B475,IMPHASH=37588D79E0D04F23DFF05DC991B86C55","RuleName":"-","Image":"C:\\Program Files\\Bandizip\\data\\RegDll.x86.exe","CommandLine":"\"C:\\Program Files\\Bandizip\\data\\RegDll.x86.exe\" /calldll \"C:\\Program Files\\Bandizip\\bdzshl.x86.dll\" RegSvr","FileVersion":"-","ParentUser":"DESKTOP-H6FBQ5J\\windows","ProcessId":"2696","Product":"-","Description":"-","OriginalFileName":"-","TerminalSessionId":"1","ParentCommandLine":"\"C:\\Users\\windows\\Downloads\\BANDIZIP-SETUP-STD-X64.EXE\" ","ProcessGuid":"{8F7AB6F6-5163-69DF-9C01-000000000500}","ParentProcessId":"6432","LogonId":"0x12b19"},"error":{},"channel":"Microsoft-Windows-Sysmon/Operational","event_id":"1","computer_name":"DESKTOP-H6FBQ5J","provider_guid":"{5770385F-C22A-43E0-BF4C-06F5698FFBD9}","provider_name":"Microsoft-Windows-Sysmon","record_id":240,"process":{"pid":6668,"thread":{"id":6376}},"opcode":"Info"},"event":{"provider":"Microsoft-Windows-Sysmon","created":"2026-04-15T13:13:46.592Z","code":"1","kind":"event"},"log":{"level":"information","file":{"path":"C:\\Users\\ivysa\\Downloads\\winlogbeat-9.3.3-windows-x86_64\\winlogbeat-9.3.3-windows-x86_64\\symon.evtx"}},"error":{"message":"failed to get the event message string: failed in EvtFormatMessage: The message resource is present but the message was not found in the message table."},"ecs":{"version":"8.0.0"},"agent":{"type":"winlogbeat","version":"9.3.3","ephemeral_id":"f8d845b8-8ac1-43f8-9a65-a6e7c2082e2f","id":"0ae603cf-457e-4a6f-bbde-51c28f1a031e","name":"DESKTOP-IKR997B"}}
{"@timestamp":"2026-04-15T08:50:43.483Z","@metadata":{"beat":"winlogbeat","type":"_doc","version":"9.3.3"},"event":{"created":"2026-04-15T13:13:46.592Z","code":"13","kind":"event","provider":"Microsoft-Windows-Sysmon"},"log":{"level":"information","file":{"path":"C:\\Users\\ivysa\\Downloads\\winlogbeat-9.3.3-windows-x86_64\\winlogbeat-9.3.3-windows-x86_64\\symon.evtx"}},"error":{"message":"failed to get the event message string: failed in EvtFormatMessage: The message resource is present but the message was not found in the message table."},"ecs":{"version":"8.0.0"},"agent":{"type":"winlogbeat","version":"9.3.3","ephemeral_id":"f8d845b8-8ac1-43f8-9a65-a6e7c2082e2f","id":"0ae603cf-457e-4a6f-bbde-51c28f1a031e","name":"DESKTOP-IKR997B"},"host":{"name":"DESKTOP-H6FBQ5J"},"winlog":{"event_data":{"UtcTime":"2026-04-15 08:50:43.427","ProcessGuid":"{8F7AB6F6-5163-69DF-9C01-000000000500}","Details":"C:\\Program Files\\Bandizip\\bdzshl.x86.dll","User":"DESKTOP-H6FBQ5J\\windows","ProcessId":"2696","Image":"C:\\Program Files\\Bandizip\\data\\RegDll.x86.exe","EventType":"SetValue","RuleName":"T1122","TargetObject":"HKU\\S-1-5-21-3775872478-390322037-581647961-1001_Classes\\WOW6432Node\\CLSID\\{5B69A6B4-393B-459C-8EBB-214237A9E7AC}\\InprocServer32\\(Default)"},"provider_name":"Microsoft-Windows-Sysmon","record_id":241,"opcode":"Info","computer_name":"DESKTOP-H6FBQ5J","version":2,"error":{},"event_id":"13","provider_guid":"{5770385F-C22A-43E0-BF4C-06F5698FFBD9}","process":{"pid":6668,"thread":{"id":6376}},"channel":"Microsoft-Windows-Sysmon/Operational","user":{"identifier":"S-1-5-18","domain":"NT AUTHORITY","name":"SYSTEM","type":"Well Known Group"}}}
{"@timestamp":"2026-04-15T08:50:43.483Z","@metadata":{"beat":"winlogbeat","type":"_doc","version":"9.3.3"},"error":{"message":"failed to get the event message string: failed in EvtFormatMessage: The message resource is present but the message was not found in the message table."},"host":{"name":"DESKTOP-H6FBQ5J"},"ecs":{"version":"8.0.0"},"agent":{"ephemeral_id":"f8d845b8-8ac1-43f8-9a65-a6e7c2082e2f","id":"0ae603cf-457e-4a6f-bbde-51c28f1a031e","name":"DESKTOP-IKR997B","type":"winlogbeat","version":"9.3.3"},"winlog":{"opcode":"Info","process":{"pid":6668,"thread":{"id":6376}},"channel":"Microsoft-Windows-Sysmon/Operational","event_id":"13","version":2,"record_id":242,"provider_guid":"{5770385F-C22A-43E0-BF4C-06F5698FFBD9}","user":{"type":"Well Known Group","identifier":"S-1-5-18","domain":"NT AUTHORITY","name":"SYSTEM"},"event_data":{"TargetObject":"HKCR\\WOW6432Node\\CLSID\\{5B69A6B4-393B-459C-8EBB-214237A9E7AC}\\InprocServer32\\(Default)","User":"DESKTOP-H6FBQ5J\\windows","RuleName":"T1122","UtcTime":"2026-04-15 08:50:43.427","ProcessGuid":"{8F7AB6F6-5163-69DF-9C01-000000000500}","Image":"C:\\Program Files\\Bandizip\\data\\RegDll.x86.exe","Details":"C:\\Program Files\\Bandizip\\bdzshl.x86.dll","EventType":"SetValue","ProcessId":"2696"},"error":{},"provider_name":"Microsoft-Windows-Sysmon","computer_name":"DESKTOP-H6FBQ5J"},"event":{"created":"2026-04-15T13:13:46.592Z","code":"13","kind":"event","provider":"Microsoft-Windows-Sysmon"},"log":{"file":{"path":"C:\\Users\\ivysa\\Downloads\\winlogbeat-9.3.3-windows-x86_64\\winlogbeat-9.3.3-windows-x86_64\\symon.evtx"},"level":"information"}}
{"@timestamp":"2026-04-15T08:50:43.483Z","@metadata":{"beat":"winlogbeat","type":"_doc","version":"9.3.3"},"event":{"kind":"event","provider":"Microsoft-Windows-Sysmon","created":"2026-04-15T13:13:46.592Z","code":"13"},"log":{"level":"information","file":{"path":"C:\\Users\\ivysa\\Downloads\\winlogbeat-9.3.3-windows-x86_64\\winlogbeat-9.3.3-windows-x86_64\\symon.evtx"}},"error":{"message":"failed to get the event message string: failed in EvtFormatMessage: The message resource is present but the message was not found in the message table."},"host":{"name":"DESKTOP-H6FBQ5J"},"ecs":{"version":"8.0.0"},"agent":{"ephemeral_id":"f8d845b8-8ac1-43f8-9a65-a6e7c2082e2f","id":"0ae603cf-457e-4a6f-bbde-51c28f1a031e","name":"DESKTOP-IKR997B","type":"winlogbeat","version":"9.3.3"},"winlog":{"version":2,"event_data":{"TargetObject":"HKU\\S-1-5-21-3775872478-390322037-581647961-1001_Classes\\*\\shellex\\ContextMenuHandlers\\AABdzCtx\\(Default)","Image":"C:\\Program Files\\Bandizip\\data\\RegDll.x86.exe","User":"DESKTOP-H6FBQ5J\\windows","ProcessGuid":"{8F7AB6F6-5163-69DF-9C01-000000000500}","Details":"{5B69A6B4-393B-459C-8EBB-214237A9E7AC}","UtcTime":"2026-04-15 08:50:43.427","ProcessId":"2696","RuleName":"-","EventType":"SetValue"},"channel":"Microsoft-Windows-Sysmon/Operational","provider_name":"Microsoft-Windows-Sysmon","record_id":243,"opcode":"Info","provider_guid":"{5770385F-C22A-43E0-BF4C-06F5698FFBD9}","user":{"identifier":"S-1-5-18","domain":"NT AUTHORITY","name":"SYSTEM","type":"Well Known Group"},"computer_name":"DESKTOP-H6FBQ5J","process":{"pid":6668,"thread":{"id":6376}},"error":{},"event_id":"13"}}
{"@timestamp":"2026-04-15T08:50:43.483Z","@metadata":{"beat":"winlogbeat","type":"_doc","version":"9.3.3"},"winlog":{"channel":"Microsoft-Windows-Sysmon/Operational","version":2,"process":{"pid":6668,"thread":{"id":6376}},"error":{},"computer_name":"DESKTOP-H6FBQ5J","opcode":"Info","user":{"identifier":"S-1-5-18","domain":"NT AUTHORITY","name":"SYSTEM","type":"Well Known Group"},"event_id":"13","provider_name":"Microsoft-Windows-Sysmon","record_id":244,"provider_guid":"{5770385F-C22A-43E0-BF4C-06F5698FFBD9}","event_data":{"RuleName":"-","ProcessGuid":"{8F7AB6F6-5163-69DF-9C01-000000000500}","Image":"C:\\Program Files\\Bandizip\\data\\RegDll.x86.exe","EventType":"SetValue","ProcessId":"2696","TargetObject":"HKCR\\*\\shellex\\ContextMenuHandlers\\AABdzCtx\\(Default)","Details":"{5B69A6B4-393B-459C-8EBB-214237A9E7AC}","UtcTime":"2026-04-15 08:50:43.427","User":"DESKTOP-H6FBQ5J\\windows"}},"event":{"provider":"Microsoft-Windows-Sysmon","created":"2026-04-15T13:13:46.592Z","code":"13","kind":"event"},"ecs":{"version":"8.0.0"},"agent":{"ephemeral_id":"f8d845b8-8ac1-43f8-9a65-a6e7c2082e2f","id":"0ae603cf-457e-4a6f-bbde-51c28f1a031e","name":"DESKTOP-IKR997B","type":"winlogbeat","version":"9.3.3"},"log":{"level":"information","file":{"path":"C:\\Users\\ivysa\\Downloads\\winlogbeat-9.3.3-windows-x86_64\\winlogbeat-9.3.3-windows-x86_64\\symon.evtx"}},"error":{"message":"failed to get the event message string: failed in EvtFormatMessage: The message resource is present but the message was not found in the message table."},"host":{"name":"DESKTOP-H6FBQ5J"}}
{"@timestamp":"2026-04-15T08:50:43.483Z","@metadata":{"beat":"winlogbeat","type":"_doc","version":"9.3.3"},"winlog":{"event_data":{"ProcessGuid":"{8F7AB6F6-5163-69DF-9C01-000000000500}","RuleName":"-","ProcessId":"2696","Details":"{5B69A6B4-393B-459C-8EBB-214237A9E7AC}","Image":"C:\\Program Files\\Bandizip\\data\\RegDll.x86.exe","TargetObject":"HKU\\S-1-5-21-3775872478-390322037-581647961-1001_Classes\\Directory\\shellex\\ContextMenuHandlers\\AABdzCtx\\(Default)","UtcTime":"2026-04-15 08:50:43.427","User":"DESKTOP-H6FBQ5J\\windows","EventType":"SetValue"},"version":2,"opcode":"Info","user":{"identifier":"S-1-5-18","domain":"NT AUTHORITY","name":"SYSTEM","type":"Well Known Group"},"error":{},"channel":"Microsoft-Windows-Sysmon/Operational","event_id":"13","provider_name":"Microsoft-Windows-Sysmon","computer_name":"DESKTOP-H6FBQ5J","provider_guid":"{5770385F-C22A-43E0-BF4C-06F5698FFBD9}","process":{"pid":6668,"thread":{"id":6376}},"record_id":245},"event":{"kind":"event","provider":"Microsoft-Windows-Sysmon","created":"2026-04-15T13:13:46.592Z","code":"13"},"log":{"level":"information","file":{"path":"C:\\Users\\ivysa\\Downloads\\winlogbeat-9.3.3-windows-x86_64\\winlogbeat-9.3.3-windows-x86_64\\symon.evtx"}},"error":{"message":"failed to get the event message string: failed in EvtFormatMessage: The message resource is present but the message was not found in the message table."},"host":{"name":"DESKTOP-H6FBQ5J"},"ecs":{"version":"8.0.0"},"agent":{"ephemeral_id":"f8d845b8-8ac1-43f8-9a65-a6e7c2082e2f","id":"0ae603cf-457e-4a6f-bbde-51c28f1a031e","name":"DESKTOP-IKR997B","type":"winlogbeat","version":"9.3.3"}}
{"@timestamp":"2026-04-15T08:50:43.483Z","@metadata":{"beat":"winlogbeat","type":"_doc","version":"9.3.3"},"winlog":{"provider_name":"Microsoft-Windows-Sysmon","error":{},"record_id":246,"computer_name":"DESKTOP-H6FBQ5J","user":{"type":"Well Known Group","identifier":"S-1-5-18","domain":"NT AUTHORITY","name":"SYSTEM"},"event_id":"13","event_data":{"TargetObject":"HKCR\\Directory\\shellex\\ContextMenuHandlers\\AABdzCtx\\(Default)","EventType":"SetValue","User":"DESKTOP-H6FBQ5J\\windows","UtcTime":"2026-04-15 08:50:43.427","Details":"{5B69A6B4-393B-459C-8EBB-214237A9E7AC}","RuleName":"-","ProcessGuid":"{8F7AB6F6-5163-69DF-9C01-000000000500}","ProcessId":"2696","Image":"C:\\Program Files\\Bandizip\\data\\RegDll.x86.exe"},"opcode":"Info","provider_guid":"{5770385F-C22A-43E0-BF4C-06F5698FFBD9}","version":2,"process":{"pid":6668,"thread":{"id":6376}},"channel":"Microsoft-Windows-Sysmon/Operational"},"event":{"kind":"event","provider":"Microsoft-Windows-Sysmon","created":"2026-04-15T13:13:46.592Z","code":"13"},"ecs":{"version":"8.0.0"},"agent":{"id":"0ae603cf-457e-4a6f-bbde-51c28f1a031e","name":"DESKTOP-IKR997B","type":"winlogbeat","version":"9.3.3","ephemeral_id":"f8d845b8-8ac1-43f8-9a65-a6e7c2082e2f"},"log":{"level":"information","file":{"path":"C:\\Users\\ivysa\\Downloads\\winlogbeat-9.3.3-windows-x86_64\\winlogbeat-9.3.3-windows-x86_64\\symon.evtx"}},"error":{"message":"failed to get the event message string: failed in EvtFormatMessage: The message resource is present but the message was not found in the message table."},"host":{"name":"DESKTOP-H6FBQ5J"}}
{"@timestamp":"2026-04-15T08:50:43.484Z","@metadata":{"beat":"winlogbeat","type":"_doc","version":"9.3.3"},"error":{"message":"failed to get the event message string: failed in EvtFormatMessage: The message resource is present but the message was not found in the message table."},"host":{"name":"DESKTOP-H6FBQ5J"},"winlog":{"event_data":{"Details":"{5B69A6B4-393B-459C-8EBB-214237A9E7AC}","User":"DESKTOP-H6FBQ5J\\windows","UtcTime":"2026-04-15 08:50:43.427","ProcessGuid":"{8F7AB6F6-5163-69DF-9C01-000000000500}","Image":"C:\\Program Files\\Bandizip\\data\\RegDll.x86.exe","ProcessId":"2696","TargetObject":"HKU\\S-1-5-21-3775872478-390322037-581647961-1001_Classes\\Directory\\shellex\\DragDropHandlers\\AABdzCtx\\(Default)","RuleName":"-","EventType":"SetValue"},"process":{"pid":6668,"thread":{"id":6376}},"channel":"Microsoft-Windows-Sysmon/Operational","opcode":"Info","provider_guid":"{5770385F-C22A-43E0-BF4C-06F5698FFBD9}","user":{"identifier":"S-1-5-18","domain":"NT AUTHORITY","name":"SYSTEM","type":"Well Known Group"},"error":{},"record_id":247,"computer_name":"DESKTOP-H6FBQ5J","event_id":"13","version":2,"provider_name":"Microsoft-Windows-Sysmon"},"ecs":{"version":"8.0.0"},"agent":{"type":"winlogbeat","version":"9.3.3","ephemeral_id":"f8d845b8-8ac1-43f8-9a65-a6e7c2082e2f","id":"0ae603cf-457e-4a6f-bbde-51c28f1a031e","name":"DESKTOP-IKR997B"},"event":{"code":"13","kind":"event","provider":"Microsoft-Windows-Sysmon","created":"2026-04-15T13:13:46.592Z"},"log":{"level":"information","file":{"path":"C:\\Users\\ivysa\\Downloads\\winlogbeat-9.3.3-windows-x86_64\\winlogbeat-9.3.3-windows-x86_64\\symon.evtx"}}}
{"@timestamp":"2026-04-15T08:50:43.484Z","@metadata":{"beat":"winlogbeat","type":"_doc","version":"9.3.3"},"ecs":{"version":"8.0.0"},"agent":{"version":"9.3.3","ephemeral_id":"f8d845b8-8ac1-43f8-9a65-a6e7c2082e2f","id":"0ae603cf-457e-4a6f-bbde-51c28f1a031e","name":"DESKTOP-IKR997B","type":"winlogbeat"},"log":{"level":"information","file":{"path":"C:\\Users\\ivysa\\Downloads\\winlogbeat-9.3.3-windows-x86_64\\winlogbeat-9.3.3-windows-x86_64\\symon.evtx"}},"error":{"message":"failed to get the event message string: failed in EvtFormatMessage: The message resource is present but the message was not found in the message table."},"host":{"name":"DESKTOP-H6FBQ5J"},"winlog":{"computer_name":"DESKTOP-H6FBQ5J","opcode":"Info","version":2,"provider_name":"Microsoft-Windows-Sysmon","event_data":{"ProcessId":"2696","UtcTime":"2026-04-15 08:50:43.474","Image":"C:\\Program Files\\Bandizip\\data\\RegDll.x86.exe","RuleName":"-","ProcessGuid":"{8F7AB6F6-5163-69DF-9C01-000000000500}","Details":"{5B69A6B4-393B-459C-8EBB-214237A9E7AC}","TargetObject":"HKU\\S-1-5-21-3775872478-390322037-581647961-1001_Classes\\Directory\\Background\\shellex\\ContextMenuHandlers\\AABdzCtx\\(Default)","User":"DESKTOP-H6FBQ5J\\windows","EventType":"SetValue"},"error":{},"channel":"Microsoft-Windows-Sysmon/Operational","record_id":248,"provider_guid":"{5770385F-C22A-43E0-BF4C-06F5698FFBD9}","user":{"name":"SYSTEM","type":"Well Known Group","identifier":"S-1-5-18","domain":"NT AUTHORITY"},"process":{"pid":6668,"thread":{"id":6376}},"event_id":"13"},"event":{"kind":"event","provider":"Microsoft-Windows-Sysmon","created":"2026-04-15T13:13:46.592Z","code":"13"}}
{"@timestamp":"2026-04-15T08:50:43.484Z","@metadata":{"beat":"winlogbeat","type":"_doc","version":"9.3.3"},"event":{"provider":"Microsoft-Windows-Sysmon","created":"2026-04-15T13:13:46.592Z","code":"13","kind":"event"},"log":{"level":"information","file":{"path":"C:\\Users\\ivysa\\Downloads\\winlogbeat-9.3.3-windows-x86_64\\winlogbeat-9.3.3-windows-x86_64\\symon.evtx"}},"error":{"message":"failed to get the event message string: failed in EvtFormatMessage: The message resource is present but the message was not found in the message table."},"host":{"name":"DESKTOP-H6FBQ5J"},"ecs":{"version":"8.0.0"},"agent":{"ephemeral_id":"f8d845b8-8ac1-43f8-9a65-a6e7c2082e2f","id":"0ae603cf-457e-4a6f-bbde-51c28f1a031e","name":"DESKTOP-IKR997B","type":"winlogbeat","version":"9.3.3"},"winlog":{"record_id":249,"computer_name":"DESKTOP-H6FBQ5J","event_data":{"Details":"{5B69A6B4-393B-459C-8EBB-214237A9E7AC}","User":"DESKTOP-H6FBQ5J\\windows","RuleName":"-","EventType":"SetValue","UtcTime":"2026-04-15 08:50:43.474","ProcessId":"2696","Image":"C:\\Program Files\\Bandizip\\data\\RegDll.x86.exe","TargetObject":"HKCR\\Directory\\background\\shellex\\ContextMenuHandlers\\AABdzCtx\\(Default)","ProcessGuid":"{8F7AB6F6-5163-69DF-9C01-000000000500}"},"channel":"Microsoft-Windows-Sysmon/Operational","opcode":"Info","event_id":"13","user":{"name":"SYSTEM","type":"Well Known Group","identifier":"S-1-5-18","domain":"NT AUTHORITY"},"process":{"pid":6668,"thread":{"id":6376}},"error":{},"provider_name":"Microsoft-Windows-Sysmon","provider_guid":"{5770385F-C22A-43E0-BF4C-06F5698FFBD9}","version":2}}
{"@timestamp":"2026-04-15T08:50:43.484Z","@metadata":{"beat":"winlogbeat","type":"_doc","version":"9.3.3"},"log":{"level":"information","file":{"path":"C:\\Users\\ivysa\\Downloads\\winlogbeat-9.3.3-windows-x86_64\\winlogbeat-9.3.3-windows-x86_64\\symon.evtx"}},"ecs":{"version":"8.0.0"},"agent":{"ephemeral_id":"f8d845b8-8ac1-43f8-9a65-a6e7c2082e2f","id":"0ae603cf-457e-4a6f-bbde-51c28f1a031e","name":"DESKTOP-IKR997B","type":"winlogbeat","version":"9.3.3"},"error":{"message":"failed to get the event message string: failed in EvtFormatMessage: The message resource is present but the message was not found in the message table."},"host":{"name":"DESKTOP-H6FBQ5J"},"winlog":{"version":2,"process":{"pid":6668,"thread":{"id":6376}},"channel":"Microsoft-Windows-Sysmon/Operational","provider_name":"Microsoft-Windows-Sysmon","user":{"type":"Well Known Group","identifier":"S-1-5-18","domain":"NT AUTHORITY","name":"SYSTEM"},"computer_name":"DESKTOP-H6FBQ5J","opcode":"Info","event_data":{"TargetObject":"HKU\\S-1-5-21-3775872478-390322037-581647961-1001_Classes\\Drive\\ShellEx\\ContextMenuHandlers\\AABdzCtx\\(Default)","Details":"{5B69A6B4-393B-459C-8EBB-214237A9E7AC}","User":"DESKTOP-H6FBQ5J\\windows","RuleName":"-","UtcTime":"2026-04-15 08:50:43.474","Image":"C:\\Program Files\\Bandizip\\data\\RegDll.x86.exe","ProcessGuid":"{8F7AB6F6-5163-69DF-9C01-000000000500}","ProcessId":"2696","EventType":"SetValue"},"event_id":"13","record_id":250,"error":{},"provider_guid":"{5770385F-C22A-43E0-BF4C-06F5698FFBD9}"},"event":{"code":"13","kind":"event","provider":"Microsoft-Windows-Sysmon","created":"2026-04-15T13:13:46.592Z"}}
{"@timestamp":"2026-04-15T08:50:43.484Z","@metadata":{"beat":"winlogbeat","type":"_doc","version":"9.3.3"},"host":{"name":"DESKTOP-H6FBQ5J"},"ecs":{"version":"8.0.0"},"agent":{"ephemeral_id":"f8d845b8-8ac1-43f8-9a65-a6e7c2082e2f","id":"0ae603cf-457e-4a6f-bbde-51c28f1a031e","name":"DESKTOP-IKR997B","type":"winlogbeat","version":"9.3.3"},"winlog":{"channel":"Microsoft-Windows-Sysmon/Operational","provider_name":"Microsoft-Windows-Sysmon","provider_guid":"{5770385F-C22A-43E0-BF4C-06F5698FFBD9}","record_id":251,"user":{"identifier":"S-1-5-18","domain":"NT AUTHORITY","name":"SYSTEM","type":"Well Known Group"},"event_data":{"RuleName":"-","User":"DESKTOP-H6FBQ5J\\windows","ProcessGuid":"{8F7AB6F6-5163-69DF-9C01-000000000500}","UtcTime":"2026-04-15 08:50:43.474","ProcessId":"2696","TargetObject":"HKCR\\Drive\\shellex\\ContextMenuHandlers\\AABdzCtx\\(Default)","Details":"{5B69A6B4-393B-459C-8EBB-214237A9E7AC}","EventType":"SetValue","Image":"C:\\Program Files\\Bandizip\\data\\RegDll.x86.exe"},"error":{},"event_id":"13","computer_name":"DESKTOP-H6FBQ5J","opcode":"Info","version":2,"process":{"pid":6668,"thread":{"id":6376}}},"event":{"created":"2026-04-15T13:13:46.592Z","code":"13","kind":"event","provider":"Microsoft-Windows-Sysmon"},"log":{"level":"information","file":{"path":"C:\\Users\\ivysa\\Downloads\\winlogbeat-9.3.3-windows-x86_64\\winlogbeat-9.3.3-windows-x86_64\\symon.evtx"}},"error":{"message":"failed to get the event message string: failed in EvtFormatMessage: The message resource is present but the message was not found in the message table."}}
{"@timestamp":"2026-04-15T08:50:43.485Z","@metadata":{"beat":"winlogbeat","type":"_doc","version":"9.3.3"},"log":{"file":{"path":"C:\\Users\\ivysa\\Downloads\\winlogbeat-9.3.3-windows-x86_64\\winlogbeat-9.3.3-windows-x86_64\\symon.evtx"},"level":"information"},"error":{"message":"failed to get the event message string: failed in EvtFormatMessage: The message resource is present but the message was not found in the message table."},"host":{"name":"DESKTOP-H6FBQ5J"},"ecs":{"version":"8.0.0"},"agent":{"name":"DESKTOP-IKR997B","type":"winlogbeat","version":"9.3.3","ephemeral_id":"f8d845b8-8ac1-43f8-9a65-a6e7c2082e2f","id":"0ae603cf-457e-4a6f-bbde-51c28f1a031e"},"winlog":{"user":{"identifier":"S-1-5-18","domain":"NT AUTHORITY","name":"SYSTEM","type":"Well Known Group"},"event_data":{"RuleName":"-","UtcTime":"2026-04-15 08:50:43.474","Details":"{5B69A6B4-393B-459C-8EBB-214237A9E7AC}","User":"DESKTOP-H6FBQ5J\\windows","ProcessGuid":"{8F7AB6F6-5163-69DF-9C01-000000000500}","TargetObject":"HKU\\S-1-5-21-3775872478-390322037-581647961-1001_Classes\\Drive\\ShellEx\\DragDropHandlers\\AABdzCtx\\(Default)","EventType":"SetValue","ProcessId":"2696","Image":"C:\\Program Files\\Bandizip\\data\\RegDll.x86.exe"},"channel":"Microsoft-Windows-Sysmon/Operational","provider_name":"Microsoft-Windows-Sysmon","provider_guid":"{5770385F-C22A-43E0-BF4C-06F5698FFBD9}","version":2,"process":{"pid":6668,"thread":{"id":6376}},"event_id":"13","computer_name":"DESKTOP-H6FBQ5J","error":{},"record_id":252,"opcode":"Info"},"event":{"created":"2026-04-15T13:13:46.592Z","code":"13","kind":"event","provider":"Microsoft-Windows-Sysmon"}}
{"@timestamp":"2026-04-15T08:50:43.518Z","@metadata":{"beat":"winlogbeat","type":"_doc","version":"9.3.3"},"log":{"level":"information","file":{"path":"C:\\Users\\ivysa\\Downloads\\winlogbeat-9.3.3-windows-x86_64\\winlogbeat-9.3.3-windows-x86_64\\symon.evtx"}},"error":{"message":"failed to get the event message string: failed in EvtFormatMessage: The message resource is present but the message was not found in the message table."},"host":{"name":"DESKTOP-H6FBQ5J"},"agent":{"ephemeral_id":"f8d845b8-8ac1-43f8-9a65-a6e7c2082e2f","id":"0ae603cf-457e-4a6f-bbde-51c28f1a031e","name":"DESKTOP-IKR997B","type":"winlogbeat","version":"9.3.3"},"ecs":{"version":"8.0.0"},"winlog":{"computer_name":"DESKTOP-H6FBQ5J","version":5,"event_data":{"CurrentDirectory":"C:\\Users\\windows\\Downloads\\","ParentCommandLine":"\"C:\\Users\\windows\\Downloads\\BANDIZIP-SETUP-STD-X64.EXE\" ","CommandLine":"\"C:\\Program Files\\Bandizip\\data\\RegDll.x64.exe\" /calldll \"C:\\Program Files\\Bandizip\\bdzshl.x64.dll\" RegSvr","LogonGuid":"{8F7AB6F6-4E83-69DF-192B-010000000000}","Description":"-","Company":"-","ParentProcessId":"6432","ParentImage":"C:\\Users\\windows\\Downloads\\BANDIZIP-SETUP-STD-X64.EXE","Image":"C:\\Program Files\\Bandizip\\data\\RegDll.x64.exe","Product":"-","LogonId":"0x12b19","TerminalSessionId":"1","Hashes":"MD5=B75CAEBA48754EA05DD3265E80917744,SHA256=F81F269E9B259B827AC9046C396DAFBF8B13DE454762FDB32A2147CDA2174DF3,IMPHASH=CD26466076AFD18FB740D816C58EC580","ProcessGuid":"{8F7AB6F6-5163-69DF-9D01-000000000500}","ParentProcessGuid":"{8F7AB6F6-5152-69DF-9501-000000000500}","OriginalFileName":"-","RuleName":"-","User":"DESKTOP-H6FBQ5J\\windows","IntegrityLevel":"High","FileVersion":"-","ParentUser":"DESKTOP-H6FBQ5J\\windows","UtcTime":"2026-04-15 08:50:43.501","ProcessId":"7196"},"channel":"Microsoft-Windows-Sysmon/Operational","record_id":253,"provider_guid":"{5770385F-C22A-43E0-BF4C-06F5698FFBD9}","user":{"type":"Well Known Group","identifier":"S-1-5-18","domain":"NT AUTHORITY","name":"SYSTEM"},"opcode":"Info","event_id":"1","process":{"pid":6668,"thread":{"id":6376}},"error":{},"provider_name":"Microsoft-Windows-Sysmon"},"event":{"kind":"event","provider":"Microsoft-Windows-Sysmon","created":"2026-04-15T13:13:46.592Z","code":"1"}}
{"@timestamp":"2026-04-15T08:50:43.623Z","@metadata":{"beat":"winlogbeat","type":"_doc","version":"9.3.3"},"log":{"file":{"path":"C:\\Users\\ivysa\\Downloads\\winlogbeat-9.3.3-windows-x86_64\\winlogbeat-9.3.3-windows-x86_64\\symon.evtx"},"level":"information"},"error":{"message":"failed to get the event message string: failed in EvtFormatMessage: The message resource is present but the message was not found in the message table."},"host":{"name":"DESKTOP-H6FBQ5J"},"ecs":{"version":"8.0.0"},"agent":{"name":"DESKTOP-IKR997B","type":"winlogbeat","version":"9.3.3","ephemeral_id":"f8d845b8-8ac1-43f8-9a65-a6e7c2082e2f","id":"0ae603cf-457e-4a6f-bbde-51c28f1a031e"},"winlog":{"record_id":254,"provider_guid":"{5770385F-C22A-43E0-BF4C-06F5698FFBD9}","version":2,"process":{"pid":6668,"thread":{"id":6376}},"event_id":"13","provider_name":"Microsoft-Windows-Sysmon","computer_name":"DESKTOP-H6FBQ5J","opcode":"Info","channel":"Microsoft-Windows-Sysmon/Operational","error":{},"user":{"type":"Well Known Group","identifier":"S-1-5-18","domain":"NT AUTHORITY","name":"SYSTEM"},"event_data":{"UtcTime":"2026-04-15 08:50:43.614","Image":"C:\\Program Files\\Bandizip\\data\\RegDll.x64.exe","Details":"C:\\Program Files\\Bandizip\\bdzshl.x64.dll","User":"DESKTOP-H6FBQ5J\\windows","RuleName":"T1122","ProcessGuid":"{8F7AB6F6-5163-69DF-9D01-000000000500}","EventType":"SetValue","ProcessId":"7196","TargetObject":"HKU\\S-1-5-21-3775872478-390322037-581647961-1001_Classes\\CLSID\\{5B69A6B4-393B-459C-8EBB-214237A9E7AC}\\InprocServer32\\(Default)"}},"event":{"provider":"Microsoft-Windows-Sysmon","created":"2026-04-15T13:13:46.592Z","code":"13","kind":"event"}}
{"@timestamp":"2026-04-15T08:50:43.624Z","@metadata":{"beat":"winlogbeat","type":"_doc","version":"9.3.3"},"log":{"level":"information","file":{"path":"C:\\Users\\ivysa\\Downloads\\winlogbeat-9.3.3-windows-x86_64\\winlogbeat-9.3.3-windows-x86_64\\symon.evtx"}},"error":{"message":"failed to get the event message string: failed in EvtFormatMessage: The message resource is present but the message was not found in the message table."},"host":{"name":"DESKTOP-H6FBQ5J"},"winlog":{"event_data":{"UtcTime":"2026-04-15 08:50:43.614","ProcessId":"7196","User":"DESKTOP-H6FBQ5J\\windows","RuleName":"T1122","EventType":"SetValue","ProcessGuid":"{8F7AB6F6-5163-69DF-9D01-000000000500}","TargetObject":"HKCR\\CLSID\\{5B69A6B4-393B-459C-8EBB-214237A9E7AC}\\InprocServer32\\(Default)","Details":"C:\\Program Files\\Bandizip\\bdzshl.x64.dll","Image":"C:\\Program Files\\Bandizip\\data\\RegDll.x64.exe"},"process":{"thread":{"id":6376},"pid":6668},"error":{},"event_id":"13","record_id":255,"opcode":"Info","provider_guid":"{5770385F-C22A-43E0-BF4C-06F5698FFBD9}","channel":"Microsoft-Windows-Sysmon/Operational","provider_name":"Microsoft-Windows-Sysmon","version":2,"user":{"identifier":"S-1-5-18","domain":"NT AUTHORITY","name":"SYSTEM","type":"Well Known Group"},"computer_name":"DESKTOP-H6FBQ5J"},"event":{"code":"13","kind":"event","provider":"Microsoft-Windows-Sysmon","created":"2026-04-15T13:13:46.592Z"},"ecs":{"version":"8.0.0"},"agent":{"type":"winlogbeat","version":"9.3.3","ephemeral_id":"f8d845b8-8ac1-43f8-9a65-a6e7c2082e2f","id":"0ae603cf-457e-4a6f-bbde-51c28f1a031e","name":"DESKTOP-IKR997B"}}
{"@timestamp":"2026-04-15T08:50:43.624Z","@metadata":{"beat":"winlogbeat","type":"_doc","version":"9.3.3"},"agent":{"ephemeral_id":"f8d845b8-8ac1-43f8-9a65-a6e7c2082e2f","id":"0ae603cf-457e-4a6f-bbde-51c28f1a031e","name":"DESKTOP-IKR997B","type":"winlogbeat","version":"9.3.3"},"winlog":{"process":{"pid":6668,"thread":{"id":6376}},"error":{},"channel":"Microsoft-Windows-Sysmon/Operational","record_id":256,"user":{"domain":"NT AUTHORITY","name":"SYSTEM","type":"Well Known Group","identifier":"S-1-5-18"},"provider_guid":"{5770385F-C22A-43E0-BF4C-06F5698FFBD9}","event_id":"13","provider_name":"Microsoft-Windows-Sysmon","computer_name":"DESKTOP-H6FBQ5J","opcode":"Info","event_data":{"ProcessGuid":"{8F7AB6F6-5163-69DF-9D01-000000000500}","ProcessId":"7196","Image":"C:\\Program Files\\Bandizip\\data\\RegDll.x64.exe","EventType":"SetValue","TargetObject":"HKU\\S-1-5-21-3775872478-390322037-581647961-1001_Classes\\*\\shellex\\ContextMenuHandlers\\AABdzCtx\\(Default)","Details":"{5B69A6B4-393B-459C-8EBB-214237A9E7AC}","User":"DESKTOP-H6FBQ5J\\windows","RuleName":"-","UtcTime":"2026-04-15 08:50:43.614"},"version":2},"event":{"provider":"Microsoft-Windows-Sysmon","created":"2026-04-15T13:13:46.592Z","code":"13","kind":"event"},"log":{"level":"information","file":{"path":"C:\\Users\\ivysa\\Downloads\\winlogbeat-9.3.3-windows-x86_64\\winlogbeat-9.3.3-windows-x86_64\\symon.evtx"}},"error":{"message":"failed to get the event message string: failed in EvtFormatMessage: The message resource is present but the message was not found in the message table."},"host":{"name":"DESKTOP-H6FBQ5J"},"ecs":{"version":"8.0.0"}}
{"@timestamp":"2026-04-15T08:50:43.624Z","@metadata":{"beat":"winlogbeat","type":"_doc","version":"9.3.3"},"winlog":{"computer_name":"DESKTOP-H6FBQ5J","event_data":{"Details":"{5B69A6B4-393B-459C-8EBB-214237A9E7AC}","UtcTime":"2026-04-15 08:50:43.614","ProcessId":"7196","Image":"C:\\Program Files\\Bandizip\\data\\RegDll.x64.exe","User":"DESKTOP-H6FBQ5J\\windows","RuleName":"-","EventType":"SetValue","ProcessGuid":"{8F7AB6F6-5163-69DF-9D01-000000000500}","TargetObject":"HKCR\\*\\shellex\\ContextMenuHandlers\\AABdzCtx\\(Default)"},"process":{"pid":6668,"thread":{"id":6376}},"opcode":"Info","version":2,"error":{},"provider_name":"Microsoft-Windows-Sysmon","channel":"Microsoft-Windows-Sysmon/Operational","record_id":257,"provider_guid":"{5770385F-C22A-43E0-BF4C-06F5698FFBD9}","user":{"identifier":"S-1-5-18","domain":"NT AUTHORITY","name":"SYSTEM","type":"Well Known Group"},"event_id":"13"},"event":{"kind":"event","provider":"Microsoft-Windows-Sysmon","created":"2026-04-15T13:13:46.592Z","code":"13"},"log":{"level":"information","file":{"path":"C:\\Users\\ivysa\\Downloads\\winlogbeat-9.3.3-windows-x86_64\\winlogbeat-9.3.3-windows-x86_64\\symon.evtx"}},"error":{"message":"failed to get the event message string: failed in EvtFormatMessage: The message resource is present but the message was not found in the message table."},"host":{"name":"DESKTOP-H6FBQ5J"},"ecs":{"version":"8.0.0"},"agent":{"id":"0ae603cf-457e-4a6f-bbde-51c28f1a031e","name":"DESKTOP-IKR997B","type":"winlogbeat","version":"9.3.3","ephemeral_id":"f8d845b8-8ac1-43f8-9a65-a6e7c2082e2f"}}
{"@timestamp":"2026-04-15T08:50:43.624Z","@metadata":{"beat":"winlogbeat","type":"_doc","version":"9.3.3"},"host":{"name":"DESKTOP-H6FBQ5J"},"winlog":{"process":{"pid":6668,"thread":{"id":6376}},"error":{},"channel":"Microsoft-Windows-Sysmon/Operational","version":2,"event_data":{"User":"DESKTOP-H6FBQ5J\\windows","ProcessId":"7196","RuleName":"-","UtcTime":"2026-04-15 08:50:43.614","ProcessGuid":"{8F7AB6F6-5163-69DF-9D01-000000000500}","EventType":"SetValue","Image":"C:\\Program Files\\Bandizip\\data\\RegDll.x64.exe","TargetObject":"HKU\\S-1-5-21-3775872478-390322037-581647961-1001_Classes\\Directory\\shellex\\ContextMenuHandlers\\AABdzCtx\\(Default)","Details":"{5B69A6B4-393B-459C-8EBB-214237A9E7AC}"},"provider_name":"Microsoft-Windows-Sysmon","computer_name":"DESKTOP-H6FBQ5J","provider_guid":"{5770385F-C22A-43E0-BF4C-06F5698FFBD9}","event_id":"13","record_id":258,"user":{"type":"Well Known Group","identifier":"S-1-5-18","domain":"NT AUTHORITY","name":"SYSTEM"},"opcode":"Info"},"event":{"created":"2026-04-15T13:13:46.592Z","code":"13","kind":"event","provider":"Microsoft-Windows-Sysmon"},"log":{"level":"information","file":{"path":"C:\\Users\\ivysa\\Downloads\\winlogbeat-9.3.3-windows-x86_64\\winlogbeat-9.3.3-windows-x86_64\\symon.evtx"}},"error":{"message":"failed to get the event message string: failed in EvtFormatMessage: The message resource is present but the message was not found in the message table."},"ecs":{"version":"8.0.0"},"agent":{"id":"0ae603cf-457e-4a6f-bbde-51c28f1a031e","name":"DESKTOP-IKR997B","type":"winlogbeat","version":"9.3.3","ephemeral_id":"f8d845b8-8ac1-43f8-9a65-a6e7c2082e2f"}}
{"@timestamp":"2026-04-15T08:50:43.624Z","@metadata":{"beat":"winlogbeat","type":"_doc","version":"9.3.3"},"winlog":{"record_id":259,"opcode":"Info","version":2,"user":{"identifier":"S-1-5-18","domain":"NT AUTHORITY","name":"SYSTEM","type":"Well Known Group"},"channel":"Microsoft-Windows-Sysmon/Operational","provider_name":"Microsoft-Windows-Sysmon","computer_name":"DESKTOP-H6FBQ5J","error":{},"provider_guid":"{5770385F-C22A-43E0-BF4C-06F5698FFBD9}","event_data":{"RuleName":"-","EventType":"SetValue","ProcessId":"7196","Image":"C:\\Program Files\\Bandizip\\data\\RegDll.x64.exe","TargetObject":"HKCR\\Directory\\shellex\\ContextMenuHandlers\\AABdzCtx\\(Default)","User":"DESKTOP-H6FBQ5J\\windows","UtcTime":"2026-04-15 08:50:43.614","ProcessGuid":"{8F7AB6F6-5163-69DF-9D01-000000000500}","Details":"{5B69A6B4-393B-459C-8EBB-214237A9E7AC}"},"event_id":"13","process":{"pid":6668,"thread":{"id":6376}}},"event":{"code":"13","kind":"event","provider":"Microsoft-Windows-Sysmon","created":"2026-04-15T13:13:46.592Z"},"ecs":{"version":"8.0.0"},"agent":{"ephemeral_id":"f8d845b8-8ac1-43f8-9a65-a6e7c2082e2f","id":"0ae603cf-457e-4a6f-bbde-51c28f1a031e","name":"DESKTOP-IKR997B","type":"winlogbeat","version":"9.3.3"},"log":{"level":"information","file":{"path":"C:\\Users\\ivysa\\Downloads\\winlogbeat-9.3.3-windows-x86_64\\winlogbeat-9.3.3-windows-x86_64\\symon.evtx"}},"error":{"message":"failed to get the event message string: failed in EvtFormatMessage: The message resource is present but the message was not found in the message table."},"host":{"name":"DESKTOP-H6FBQ5J"}}
{"@timestamp":"2026-04-15T08:50:43.624Z","@metadata":{"beat":"winlogbeat","type":"_doc","version":"9.3.3"},"ecs":{"version":"8.0.0"},"agent":{"name":"DESKTOP-IKR997B","type":"winlogbeat","version":"9.3.3","ephemeral_id":"f8d845b8-8ac1-43f8-9a65-a6e7c2082e2f","id":"0ae603cf-457e-4a6f-bbde-51c28f1a031e"},"winlog":{"user":{"type":"Well Known Group","identifier":"S-1-5-18","domain":"NT AUTHORITY","name":"SYSTEM"},"channel":"Microsoft-Windows-Sysmon/Operational","provider_guid":"{5770385F-C22A-43E0-BF4C-06F5698FFBD9}","event_data":{"User":"DESKTOP-H6FBQ5J\\windows","UtcTime":"2026-04-15 08:50:43.614","Image":"C:\\Program Files\\Bandizip\\data\\RegDll.x64.exe","TargetObject":"HKU\\S-1-5-21-3775872478-390322037-581647961-1001_Classes\\Directory\\shellex\\DragDropHandlers\\AABdzCtx\\(Default)","EventType":"SetValue","ProcessGuid":"{8F7AB6F6-5163-69DF-9D01-000000000500}","ProcessId":"7196","Details":"{5B69A6B4-393B-459C-8EBB-214237A9E7AC}","RuleName":"-"},"record_id":260,"opcode":"Info","provider_name":"Microsoft-Windows-Sysmon","process":{"pid":6668,"thread":{"id":6376}},"error":{},"event_id":"13","computer_name":"DESKTOP-H6FBQ5J","version":2},"event":{"code":"13","kind":"event","provider":"Microsoft-Windows-Sysmon","created":"2026-04-15T13:13:46.592Z"},"log":{"level":"information","file":{"path":"C:\\Users\\ivysa\\Downloads\\winlogbeat-9.3.3-windows-x86_64\\winlogbeat-9.3.3-windows-x86_64\\symon.evtx"}},"error":{"message":"failed to get the event message string: failed in EvtFormatMessage: The message resource is present but the message was not found in the message table."},"host":{"name":"DESKTOP-H6FBQ5J"}}
{"@timestamp":"2026-04-15T08:50:43.624Z","@metadata":{"beat":"winlogbeat","type":"_doc","version":"9.3.3"},"error":{"message":"failed to get the event message string: failed in EvtFormatMessage: The message resource is present but the message was not found in the message table."},"ecs":{"version":"8.0.0"},"agent":{"ephemeral_id":"f8d845b8-8ac1-43f8-9a65-a6e7c2082e2f","id":"0ae603cf-457e-4a6f-bbde-51c28f1a031e","name":"DESKTOP-IKR997B","type":"winlogbeat","version":"9.3.3"},"host":{"name":"DESKTOP-H6FBQ5J"},"winlog":{"opcode":"Info","provider_guid":"{5770385F-C22A-43E0-BF4C-06F5698FFBD9}","event_data":{"ProcessId":"7196","Image":"C:\\Program Files\\Bandizip\\data\\RegDll.x64.exe","TargetObject":"HKU\\S-1-5-21-3775872478-390322037-581647961-1001_Classes\\Directory\\Background\\shellex\\ContextMenuHandlers\\AABdzCtx\\(Default)","EventType":"SetValue","UtcTime":"2026-04-15 08:50:43.614","Details":"{5B69A6B4-393B-459C-8EBB-214237A9E7AC}","User":"DESKTOP-H6FBQ5J\\windows","RuleName":"-","ProcessGuid":"{8F7AB6F6-5163-69DF-9D01-000000000500}"},"error":{},"event_id":"13","record_id":261,"computer_name":"DESKTOP-H6FBQ5J","version":2,"process":{"thread":{"id":6376},"pid":6668},"provider_name":"Microsoft-Windows-Sysmon","channel":"Microsoft-Windows-Sysmon/Operational","user":{"identifier":"S-1-5-18","domain":"NT AUTHORITY","name":"SYSTEM","type":"Well Known Group"}},"event":{"kind":"event","provider":"Microsoft-Windows-Sysmon","created":"2026-04-15T13:13:46.592Z","code":"13"},"log":{"file":{"path":"C:\\Users\\ivysa\\Downloads\\winlogbeat-9.3.3-windows-x86_64\\winlogbeat-9.3.3-windows-x86_64\\symon.evtx"},"level":"information"}}
{"@timestamp":"2026-04-15T08:50:43.624Z","@metadata":{"beat":"winlogbeat","type":"_doc","version":"9.3.3"},"winlog":{"event_id":"13","computer_name":"DESKTOP-H6FBQ5J","provider_guid":"{5770385F-C22A-43E0-BF4C-06F5698FFBD9}","process":{"thread":{"id":6376},"pid":6668},"provider_name":"Microsoft-Windows-Sysmon","record_id":262,"opcode":"Info","user":{"identifier":"S-1-5-18","domain":"NT AUTHORITY","name":"SYSTEM","type":"Well Known Group"},"version":2,"event_data":{"Image":"C:\\Program Files\\Bandizip\\data\\RegDll.x64.exe","TargetObject":"HKCR\\Directory\\background\\shellex\\ContextMenuHandlers\\AABdzCtx\\(Default)","ProcessGuid":"{8F7AB6F6-5163-69DF-9D01-000000000500}","ProcessId":"7196","RuleName":"-","User":"DESKTOP-H6FBQ5J\\windows","Details":"{5B69A6B4-393B-459C-8EBB-214237A9E7AC}","EventType":"SetValue","UtcTime":"2026-04-15 08:50:43.614"},"channel":"Microsoft-Windows-Sysmon/Operational","error":{}},"event":{"kind":"event","provider":"Microsoft-Windows-Sysmon","created":"2026-04-15T13:13:46.592Z","code":"13"},"ecs":{"version":"8.0.0"},"agent":{"type":"winlogbeat","version":"9.3.3","ephemeral_id":"f8d845b8-8ac1-43f8-9a65-a6e7c2082e2f","id":"0ae603cf-457e-4a6f-bbde-51c28f1a031e","name":"DESKTOP-IKR997B"},"log":{"level":"information","file":{"path":"C:\\Users\\ivysa\\Downloads\\winlogbeat-9.3.3-windows-x86_64\\winlogbeat-9.3.3-windows-x86_64\\symon.evtx"}},"error":{"message":"failed to get the event message string: failed in EvtFormatMessage: The message resource is present but the message was not found in the message table."},"host":{"name":"DESKTOP-H6FBQ5J"}}
{"@timestamp":"2026-04-15T08:50:43.624Z","@metadata":{"beat":"winlogbeat","type":"_doc","version":"9.3.3"},"event":{"created":"2026-04-15T13:13:46.592Z","code":"13","kind":"event","provider":"Microsoft-Windows-Sysmon"},"log":{"level":"information","file":{"path":"C:\\Users\\ivysa\\Downloads\\winlogbeat-9.3.3-windows-x86_64\\winlogbeat-9.3.3-windows-x86_64\\symon.evtx"}},"error":{"message":"failed to get the event message string: failed in EvtFormatMessage: The message resource is present but the message was not found in the message table."},"host":{"name":"DESKTOP-H6FBQ5J"},"ecs":{"version":"8.0.0"},"agent":{"type":"winlogbeat","version":"9.3.3","ephemeral_id":"f8d845b8-8ac1-43f8-9a65-a6e7c2082e2f","id":"0ae603cf-457e-4a6f-bbde-51c28f1a031e","name":"DESKTOP-IKR997B"},"winlog":{"process":{"pid":6668,"thread":{"id":6376}},"error":{},"event_id":"13","provider_name":"Microsoft-Windows-Sysmon","provider_guid":"{5770385F-C22A-43E0-BF4C-06F5698FFBD9}","event_data":{"Details":"{5B69A6B4-393B-459C-8EBB-214237A9E7AC}","RuleName":"-","EventType":"SetValue","ProcessGuid":"{8F7AB6F6-5163-69DF-9D01-000000000500}","TargetObject":"HKU\\S-1-5-21-3775872478-390322037-581647961-1001_Classes\\Drive\\ShellEx\\ContextMenuHandlers\\AABdzCtx\\(Default)","UtcTime":"2026-04-15 08:50:43.614","User":"DESKTOP-H6FBQ5J\\windows","ProcessId":"7196","Image":"C:\\Program Files\\Bandizip\\data\\RegDll.x64.exe"},"channel":"Microsoft-Windows-Sysmon/Operational","user":{"name":"SYSTEM","type":"Well Known Group","identifier":"S-1-5-18","domain":"NT AUTHORITY"},"computer_name":"DESKTOP-H6FBQ5J","record_id":263,"opcode":"Info","version":2}}
{"@timestamp":"2026-04-15T08:50:43.624Z","@metadata":{"beat":"winlogbeat","type":"_doc","version":"9.3.3"},"event":{"created":"2026-04-15T13:13:46.592Z","code":"13","kind":"event","provider":"Microsoft-Windows-Sysmon"},"log":{"level":"information","file":{"path":"C:\\Users\\ivysa\\Downloads\\winlogbeat-9.3.3-windows-x86_64\\winlogbeat-9.3.3-windows-x86_64\\symon.evtx"}},"error":{"message":"failed to get the event message string: failed in EvtFormatMessage: The message resource is present but the message was not found in the message table."},"ecs":{"version":"8.0.0"},"agent":{"type":"winlogbeat","version":"9.3.3","ephemeral_id":"f8d845b8-8ac1-43f8-9a65-a6e7c2082e2f","id":"0ae603cf-457e-4a6f-bbde-51c28f1a031e","name":"DESKTOP-IKR997B"},"host":{"name":"DESKTOP-H6FBQ5J"},"winlog":{"computer_name":"DESKTOP-H6FBQ5J","opcode":"Info","user":{"type":"Well Known Group","identifier":"S-1-5-18","domain":"NT AUTHORITY","name":"SYSTEM"},"error":{},"provider_name":"Microsoft-Windows-Sysmon","event_data":{"Details":"{5B69A6B4-393B-459C-8EBB-214237A9E7AC}","User":"DESKTOP-H6FBQ5J\\windows","ProcessGuid":"{8F7AB6F6-5163-69DF-9D01-000000000500}","RuleName":"-","Image":"C:\\Program Files\\Bandizip\\data\\RegDll.x64.exe","UtcTime":"2026-04-15 08:50:43.614","ProcessId":"7196","TargetObject":"HKCR\\Drive\\shellex\\ContextMenuHandlers\\AABdzCtx\\(Default)","EventType":"SetValue"},"channel":"Microsoft-Windows-Sysmon/Operational","provider_guid":"{5770385F-C22A-43E0-BF4C-06F5698FFBD9}","version":2,"process":{"pid":6668,"thread":{"id":6376}},"event_id":"13","record_id":264}}
{"@timestamp":"2026-04-15T08:50:43.624Z","@metadata":{"beat":"winlogbeat","type":"_doc","version":"9.3.3"},"error":{"message":"failed to get the event message string: failed in EvtFormatMessage: The message resource is present but the message was not found in the message table."},"host":{"name":"DESKTOP-H6FBQ5J"},"ecs":{"version":"8.0.0"},"agent":{"id":"0ae603cf-457e-4a6f-bbde-51c28f1a031e","name":"DESKTOP-IKR997B","type":"winlogbeat","version":"9.3.3","ephemeral_id":"f8d845b8-8ac1-43f8-9a65-a6e7c2082e2f"},"winlog":{"provider_guid":"{5770385F-C22A-43E0-BF4C-06F5698FFBD9}","event_id":"13","computer_name":"DESKTOP-H6FBQ5J","version":2,"process":{"pid":6668,"thread":{"id":6376}},"error":{},"event_data":{"EventType":"SetValue","ProcessId":"7196","Details":"{5B69A6B4-393B-459C-8EBB-214237A9E7AC}","ProcessGuid":"{8F7AB6F6-5163-69DF-9D01-000000000500}","Image":"C:\\Program Files\\Bandizip\\data\\RegDll.x64.exe","TargetObject":"HKU\\S-1-5-21-3775872478-390322037-581647961-1001_Classes\\Drive\\ShellEx\\DragDropHandlers\\AABdzCtx\\(Default)","RuleName":"-","UtcTime":"2026-04-15 08:50:43.614","User":"DESKTOP-H6FBQ5J\\windows"},"channel":"Microsoft-Windows-Sysmon/Operational","user":{"identifier":"S-1-5-18","domain":"NT AUTHORITY","name":"SYSTEM","type":"Well Known Group"},"provider_name":"Microsoft-Windows-Sysmon","record_id":265,"opcode":"Info"},"event":{"created":"2026-04-15T13:13:46.592Z","code":"13","kind":"event","provider":"Microsoft-Windows-Sysmon"},"log":{"file":{"path":"C:\\Users\\ivysa\\Downloads\\winlogbeat-9.3.3-windows-x86_64\\winlogbeat-9.3.3-windows-x86_64\\symon.evtx"},"level":"information"}}
