{"@timestamp":"2026-04-15T08:50:34.670Z","@metadata":{"beat":"winlogbeat","type":"_doc","version":"9.3.3"},"event":{"kind":"event","provider":"Microsoft-Windows-Sysmon","created":"2026-04-15T13:13:46.590Z","code":"13"},"ecs":{"version":"8.0.0"},"agent":{"version":"9.3.3","ephemeral_id":"f8d845b8-8ac1-43f8-9a65-a6e7c2082e2f","id":"0ae603cf-457e-4a6f-bbde-51c28f1a031e","name":"DESKTOP-IKR997B","type":"winlogbeat"},"log":{"level":"information","file":{"path":"C:\\Users\\ivysa\\Downloads\\winlogbeat-9.3.3-windows-x86_64\\winlogbeat-9.3.3-windows-x86_64\\symon.evtx"}},"error":{"message":"failed to get the event message string: failed in EvtFormatMessage: The message resource is present but the message was not found in the message table."},"host":{"name":"DESKTOP-H6FBQ5J"},"winlog":{"provider_guid":"{5770385F-C22A-43E0-BF4C-06F5698FFBD9}","process":{"pid":6668,"thread":{"id":6376}},"computer_name":"DESKTOP-H6FBQ5J","version":2,"error":{},"channel":"Microsoft-Windows-Sysmon/Operational","provider_name":"Microsoft-Windows-Sysmon","opcode":"Info","user":{"name":"SYSTEM","type":"Well Known Group","identifier":"S-1-5-18","domain":"NT AUTHORITY"},"event_id":"13","event_data":{"UtcTime":"2026-04-15 08:50:34.630","TargetObject":"HKU\\S-1-5-21-3775872478-390322037-581647961-1001_Classes\\Bandizip.bh\\Shell\\Open\\Command\\(Default)","Details":"\"C:\\Program Files\\Bandizip\\Bandizip.exe\" \"장치\"","User":"DESKTOP-H6FBQ5J\\windows","EventType":"SetValue","ProcessGuid":"{8F7AB6F6-5159-69DF-9801-000000000500}","RuleName":"T1042","ProcessId":"568","Image":"C:\\Program Files\\Bandizip\\Bandizip.exe"},"record_id":177}}
{"@timestamp":"2026-04-15T08:50:34.670Z","@metadata":{"beat":"winlogbeat","type":"_doc","version":"9.3.3"},"event":{"provider":"Microsoft-Windows-Sysmon","created":"2026-04-15T13:13:46.590Z","code":"13","kind":"event"},"log":{"file":{"path":"C:\\Users\\ivysa\\Downloads\\winlogbeat-9.3.3-windows-x86_64\\winlogbeat-9.3.3-windows-x86_64\\symon.evtx"},"level":"information"},"error":{"message":"failed to get the event message string: failed in EvtFormatMessage: The message resource is present but the message was not found in the message table."},"host":{"name":"DESKTOP-H6FBQ5J"},"ecs":{"version":"8.0.0"},"agent":{"ephemeral_id":"f8d845b8-8ac1-43f8-9a65-a6e7c2082e2f","id":"0ae603cf-457e-4a6f-bbde-51c28f1a031e","name":"DESKTOP-IKR997B","type":"winlogbeat","version":"9.3.3"},"winlog":{"process":{"pid":6668,"thread":{"id":6376}},"error":{},"event_id":"13","provider_name":"Microsoft-Windows-Sysmon","opcode":"Info","version":2,"record_id":178,"provider_guid":"{5770385F-C22A-43E0-BF4C-06F5698FFBD9}","user":{"domain":"NT AUTHORITY","name":"SYSTEM","type":"Well Known Group","identifier":"S-1-5-18"},"channel":"Microsoft-Windows-Sysmon/Operational","computer_name":"DESKTOP-H6FBQ5J","event_data":{"User":"DESKTOP-H6FBQ5J\\windows","EventType":"SetValue","Image":"C:\\Program Files\\Bandizip\\Bandizip.exe","TargetObject":"HKU\\S-1-5-21-3775872478-390322037-581647961-1001_Classes\\Bandizip.bh\\Shell\\Open\\Command\\(Default)","UtcTime":"2026-04-15 08:50:34.630","ProcessGuid":"{8F7AB6F6-5159-69DF-9801-000000000500}","ProcessId":"568","Details":"\"C:\\Program Files\\Bandizip\\Bandizip.exe\" \"장치\"","RuleName":"T1042"}}}
{"@timestamp":"2026-04-15T08:50:34.670Z","@metadata":{"beat":"winlogbeat","type":"_doc","version":"9.3.3"},"winlog":{"record_id":179,"process":{"thread":{"id":6376},"pid":6668},"channel":"Microsoft-Windows-Sysmon/Operational","computer_name":"DESKTOP-H6FBQ5J","version":2,"event_id":"13","provider_name":"Microsoft-Windows-Sysmon","opcode":"Info","user":{"domain":"NT AUTHORITY","name":"SYSTEM","type":"Well Known Group","identifier":"S-1-5-18"},"event_data":{"ProcessGuid":"{8F7AB6F6-5159-69DF-9801-000000000500}","Image":"C:\\Program Files\\Bandizip\\Bandizip.exe","User":"DESKTOP-H6FBQ5J\\windows","RuleName":"T1042","Details":"\"C:\\Program Files\\Bandizip\\Bandizip.exe\" \"장치\"","UtcTime":"2026-04-15 08:50:34.630","ProcessId":"568","TargetObject":"HKU\\S-1-5-21-3775872478-390322037-581647961-1001_Classes\\Bandizip.001\\Shell\\Open\\Command\\(Default)","EventType":"SetValue"},"provider_guid":"{5770385F-C22A-43E0-BF4C-06F5698FFBD9}","error":{}},"event":{"kind":"event","provider":"Microsoft-Windows-Sysmon","created":"2026-04-15T13:13:46.590Z","code":"13"},"log":{"file":{"path":"C:\\Users\\ivysa\\Downloads\\winlogbeat-9.3.3-windows-x86_64\\winlogbeat-9.3.3-windows-x86_64\\symon.evtx"},"level":"information"},"error":{"message":"failed to get the event message string: failed in EvtFormatMessage: The message resource is present but the message was not found in the message table."},"host":{"name":"DESKTOP-H6FBQ5J"},"agent":{"name":"DESKTOP-IKR997B","type":"winlogbeat","version":"9.3.3","ephemeral_id":"f8d845b8-8ac1-43f8-9a65-a6e7c2082e2f","id":"0ae603cf-457e-4a6f-bbde-51c28f1a031e"},"ecs":{"version":"8.0.0"}}
{"@timestamp":"2026-04-15T08:50:34.671Z","@metadata":{"beat":"winlogbeat","type":"_doc","version":"9.3.3"},"event":{"code":"13","kind":"event","provider":"Microsoft-Windows-Sysmon","created":"2026-04-15T13:13:46.590Z"},"log":{"level":"information","file":{"path":"C:\\Users\\ivysa\\Downloads\\winlogbeat-9.3.3-windows-x86_64\\winlogbeat-9.3.3-windows-x86_64\\symon.evtx"}},"error":{"message":"failed to get the event message string: failed in EvtFormatMessage: The message resource is present but the message was not found in the message table."},"host":{"name":"DESKTOP-H6FBQ5J"},"winlog":{"process":{"pid":6668,"thread":{"id":6376}},"provider_guid":"{5770385F-C22A-43E0-BF4C-06F5698FFBD9}","version":2,"error":{},"event_id":"13","record_id":180,"computer_name":"DESKTOP-H6FBQ5J","provider_name":"Microsoft-Windows-Sysmon","opcode":"Info","user":{"domain":"NT AUTHORITY","name":"SYSTEM","type":"Well Known Group","identifier":"S-1-5-18"},"channel":"Microsoft-Windows-Sysmon/Operational","event_data":{"RuleName":"T1042","EventType":"SetValue","ProcessGuid":"{8F7AB6F6-5159-69DF-9801-000000000500}","ProcessId":"568","Image":"C:\\Program Files\\Bandizip\\Bandizip.exe","TargetObject":"HKU\\S-1-5-21-3775872478-390322037-581647961-1001_Classes\\Bandizip.001\\Shell\\Open\\Command\\(Default)","User":"DESKTOP-H6FBQ5J\\windows","UtcTime":"2026-04-15 08:50:34.630","Details":"\"C:\\Program Files\\Bandizip\\Bandizip.exe\" \"장치\""}},"ecs":{"version":"8.0.0"},"agent":{"ephemeral_id":"f8d845b8-8ac1-43f8-9a65-a6e7c2082e2f","id":"0ae603cf-457e-4a6f-bbde-51c28f1a031e","name":"DESKTOP-IKR997B","type":"winlogbeat","version":"9.3.3"}}
{"@timestamp":"2026-04-15T08:50:34.671Z","@metadata":{"beat":"winlogbeat","type":"_doc","version":"9.3.3"},"error":{"message":"failed to get the event message string: failed in EvtFormatMessage: The message resource is present but the message was not found in the message table."},"host":{"name":"DESKTOP-H6FBQ5J"},"ecs":{"version":"8.0.0"},"agent":{"ephemeral_id":"f8d845b8-8ac1-43f8-9a65-a6e7c2082e2f","id":"0ae603cf-457e-4a6f-bbde-51c28f1a031e","name":"DESKTOP-IKR997B","type":"winlogbeat","version":"9.3.3"},"winlog":{"opcode":"Info","provider_guid":"{5770385F-C22A-43E0-BF4C-06F5698FFBD9}","error":{},"record_id":181,"computer_name":"DESKTOP-H6FBQ5J","provider_name":"Microsoft-Windows-Sysmon","version":2,"process":{"thread":{"id":6376},"pid":6668},"event_id":"13","user":{"identifier":"S-1-5-18","domain":"NT AUTHORITY","name":"SYSTEM","type":"Well Known Group"},"event_data":{"Image":"C:\\Program Files\\Bandizip\\Bandizip.exe","User":"DESKTOP-H6FBQ5J\\windows","UtcTime":"2026-04-15 08:50:34.630","Details":"\"C:\\Program Files\\Bandizip\\Bandizip.exe\" \"장치\"","EventType":"SetValue","TargetObject":"HKU\\S-1-5-21-3775872478-390322037-581647961-1001_Classes\\Bandizip.arj\\Shell\\Open\\Command\\(Default)","RuleName":"T1042","ProcessGuid":"{8F7AB6F6-5159-69DF-9801-000000000500}","ProcessId":"568"},"channel":"Microsoft-Windows-Sysmon/Operational"},"event":{"provider":"Microsoft-Windows-Sysmon","created":"2026-04-15T13:13:46.590Z","code":"13","kind":"event"},"log":{"level":"information","file":{"path":"C:\\Users\\ivysa\\Downloads\\winlogbeat-9.3.3-windows-x86_64\\winlogbeat-9.3.3-windows-x86_64\\symon.evtx"}}}
{"@timestamp":"2026-04-15T08:50:34.672Z","@metadata":{"beat":"winlogbeat","type":"_doc","version":"9.3.3"},"winlog":{"computer_name":"DESKTOP-H6FBQ5J","opcode":"Info","provider_guid":"{5770385F-C22A-43E0-BF4C-06F5698FFBD9}","event_id":"13","error":{},"channel":"Microsoft-Windows-Sysmon/Operational","provider_name":"Microsoft-Windows-Sysmon","record_id":182,"version":2,"user":{"type":"Well Known Group","identifier":"S-1-5-18","domain":"NT AUTHORITY","name":"SYSTEM"},"event_data":{"RuleName":"T1042","UtcTime":"2026-04-15 08:50:34.630","EventType":"SetValue","ProcessGuid":"{8F7AB6F6-5159-69DF-9801-000000000500}","TargetObject":"HKU\\S-1-5-21-3775872478-390322037-581647961-1001_Classes\\Bandizip.arj\\Shell\\Open\\Command\\(Default)","User":"DESKTOP-H6FBQ5J\\windows","ProcessId":"568","Image":"C:\\Program Files\\Bandizip\\Bandizip.exe","Details":"\"C:\\Program Files\\Bandizip\\Bandizip.exe\" \"장치\""},"process":{"pid":6668,"thread":{"id":6376}}},"event":{"provider":"Microsoft-Windows-Sysmon","created":"2026-04-15T13:13:46.590Z","code":"13","kind":"event"},"log":{"file":{"path":"C:\\Users\\ivysa\\Downloads\\winlogbeat-9.3.3-windows-x86_64\\winlogbeat-9.3.3-windows-x86_64\\symon.evtx"},"level":"information"},"error":{"message":"failed to get the event message string: failed in EvtFormatMessage: The message resource is present but the message was not found in the message table."},"host":{"name":"DESKTOP-H6FBQ5J"},"ecs":{"version":"8.0.0"},"agent":{"ephemeral_id":"f8d845b8-8ac1-43f8-9a65-a6e7c2082e2f","id":"0ae603cf-457e-4a6f-bbde-51c28f1a031e","name":"DESKTOP-IKR997B","type":"winlogbeat","version":"9.3.3"}}
{"@timestamp":"2026-04-15T08:50:34.672Z","@metadata":{"beat":"winlogbeat","type":"_doc","version":"9.3.3"},"log":{"level":"information","file":{"path":"C:\\Users\\ivysa\\Downloads\\winlogbeat-9.3.3-windows-x86_64\\winlogbeat-9.3.3-windows-x86_64\\symon.evtx"}},"error":{"message":"failed to get the event message string: failed in EvtFormatMessage: The message resource is present but the message was not found in the message table."},"host":{"name":"DESKTOP-H6FBQ5J"},"ecs":{"version":"8.0.0"},"agent":{"ephemeral_id":"f8d845b8-8ac1-43f8-9a65-a6e7c2082e2f","id":"0ae603cf-457e-4a6f-bbde-51c28f1a031e","name":"DESKTOP-IKR997B","type":"winlogbeat","version":"9.3.3"},"winlog":{"event_data":{"ProcessGuid":"{8F7AB6F6-5159-69DF-9801-000000000500}","RuleName":"T1042","EventType":"SetValue","UtcTime":"2026-04-15 08:50:34.630","Image":"C:\\Program Files\\Bandizip\\Bandizip.exe","TargetObject":"HKU\\S-1-5-21-3775872478-390322037-581647961-1001_Classes\\Bandizip.lha\\Shell\\Open\\Command\\(Default)","User":"DESKTOP-H6FBQ5J\\windows","ProcessId":"568","Details":"\"C:\\Program Files\\Bandizip\\Bandizip.exe\" \"장치\""},"process":{"thread":{"id":6376},"pid":6668},"channel":"Microsoft-Windows-Sysmon/Operational","event_id":"13","provider_name":"Microsoft-Windows-Sysmon","provider_guid":"{5770385F-C22A-43E0-BF4C-06F5698FFBD9}","user":{"identifier":"S-1-5-18","domain":"NT AUTHORITY","name":"SYSTEM","type":"Well Known Group"},"error":{},"record_id":183,"computer_name":"DESKTOP-H6FBQ5J","opcode":"Info","version":2},"event":{"code":"13","kind":"event","provider":"Microsoft-Windows-Sysmon","created":"2026-04-15T13:13:46.590Z"}}
{"@timestamp":"2026-04-15T08:50:34.673Z","@metadata":{"beat":"winlogbeat","type":"_doc","version":"9.3.3"},"error":{"message":"failed to get the event message string: failed in EvtFormatMessage: The message resource is present but the message was not found in the message table."},"ecs":{"version":"8.0.0"},"agent":{"version":"9.3.3","ephemeral_id":"f8d845b8-8ac1-43f8-9a65-a6e7c2082e2f","id":"0ae603cf-457e-4a6f-bbde-51c28f1a031e","name":"DESKTOP-IKR997B","type":"winlogbeat"},"host":{"name":"DESKTOP-H6FBQ5J"},"winlog":{"opcode":"Info","version":2,"user":{"identifier":"S-1-5-18","domain":"NT AUTHORITY","name":"SYSTEM","type":"Well Known Group"},"channel":"Microsoft-Windows-Sysmon/Operational","event_id":"13","provider_name":"Microsoft-Windows-Sysmon","event_data":{"ProcessId":"568","TargetObject":"HKU\\S-1-5-21-3775872478-390322037-581647961-1001_Classes\\Bandizip.lha\\Shell\\Open\\Command\\(Default)","Image":"C:\\Program Files\\Bandizip\\Bandizip.exe","User":"DESKTOP-H6FBQ5J\\windows","EventType":"SetValue","ProcessGuid":"{8F7AB6F6-5159-69DF-9801-000000000500}","Details":"\"C:\\Program Files\\Bandizip\\Bandizip.exe\" \"장치\"","RuleName":"T1042","UtcTime":"2026-04-15 08:50:34.630"},"process":{"pid":6668,"thread":{"id":6376}},"error":{},"computer_name":"DESKTOP-H6FBQ5J","provider_guid":"{5770385F-C22A-43E0-BF4C-06F5698FFBD9}","record_id":184},"event":{"provider":"Microsoft-Windows-Sysmon","created":"2026-04-15T13:13:46.590Z","code":"13","kind":"event"},"log":{"level":"information","file":{"path":"C:\\Users\\ivysa\\Downloads\\winlogbeat-9.3.3-windows-x86_64\\winlogbeat-9.3.3-windows-x86_64\\symon.evtx"}}}
{"@timestamp":"2026-04-15T08:50:34.673Z","@metadata":{"beat":"winlogbeat","type":"_doc","version":"9.3.3"},"ecs":{"version":"8.0.0"},"agent":{"id":"0ae603cf-457e-4a6f-bbde-51c28f1a031e","name":"DESKTOP-IKR997B","type":"winlogbeat","version":"9.3.3","ephemeral_id":"f8d845b8-8ac1-43f8-9a65-a6e7c2082e2f"},"error":{"message":"failed to get the event message string: failed in EvtFormatMessage: The message resource is present but the message was not found in the message table."},"host":{"name":"DESKTOP-H6FBQ5J"},"winlog":{"event_data":{"ProcessId":"568","Image":"C:\\Program Files\\Bandizip\\Bandizip.exe","Details":"\"C:\\Program Files\\Bandizip\\Bandizip.exe\" \"장치\"","User":"DESKTOP-H6FBQ5J\\windows","EventType":"SetValue","UtcTime":"2026-04-15 08:50:34.630","TargetObject":"HKU\\S-1-5-21-3775872478-390322037-581647961-1001_Classes\\Bandizip.lzh\\Shell\\Open\\Command\\(Default)","RuleName":"T1042","ProcessGuid":"{8F7AB6F6-5159-69DF-9801-000000000500}"},"event_id":"13","record_id":185,"user":{"domain":"NT AUTHORITY","name":"SYSTEM","type":"Well Known Group","identifier":"S-1-5-18"},"opcode":"Info","process":{"pid":6668,"thread":{"id":6376}},"error":{},"provider_name":"Microsoft-Windows-Sysmon","provider_guid":"{5770385F-C22A-43E0-BF4C-06F5698FFBD9}","version":2,"channel":"Microsoft-Windows-Sysmon/Operational","computer_name":"DESKTOP-H6FBQ5J"},"event":{"kind":"event","provider":"Microsoft-Windows-Sysmon","created":"2026-04-15T13:13:46.590Z","code":"13"},"log":{"level":"information","file":{"path":"C:\\Users\\ivysa\\Downloads\\winlogbeat-9.3.3-windows-x86_64\\winlogbeat-9.3.3-windows-x86_64\\symon.evtx"}}}
{"@timestamp":"2026-04-15T08:50:34.673Z","@metadata":{"beat":"winlogbeat","type":"_doc","version":"9.3.3"},"event":{"created":"2026-04-15T13:13:46.590Z","code":"13","kind":"event","provider":"Microsoft-Windows-Sysmon"},"log":{"level":"information","file":{"path":"C:\\Users\\ivysa\\Downloads\\winlogbeat-9.3.3-windows-x86_64\\winlogbeat-9.3.3-windows-x86_64\\symon.evtx"}},"error":{"message":"failed to get the event message string: failed in EvtFormatMessage: The message resource is present but the message was not found in the message table."},"host":{"name":"DESKTOP-H6FBQ5J"},"winlog":{"provider_name":"Microsoft-Windows-Sysmon","provider_guid":"{5770385F-C22A-43E0-BF4C-06F5698FFBD9}","version":2,"process":{"pid":6668,"thread":{"id":6376}},"channel":"Microsoft-Windows-Sysmon/Operational","record_id":186,"event_id":"13","opcode":"Info","user":{"type":"Well Known Group","identifier":"S-1-5-18","domain":"NT AUTHORITY","name":"SYSTEM"},"computer_name":"DESKTOP-H6FBQ5J","event_data":{"Image":"C:\\Program Files\\Bandizip\\Bandizip.exe","UtcTime":"2026-04-15 08:50:34.630","ProcessGuid":"{8F7AB6F6-5159-69DF-9801-000000000500}","EventType":"SetValue","Details":"\"C:\\Program Files\\Bandizip\\Bandizip.exe\" \"장치\"","RuleName":"T1042","ProcessId":"568","TargetObject":"HKU\\S-1-5-21-3775872478-390322037-581647961-1001_Classes\\Bandizip.lzh\\Shell\\Open\\Command\\(Default)","User":"DESKTOP-H6FBQ5J\\windows"},"error":{}},"ecs":{"version":"8.0.0"},"agent":{"ephemeral_id":"f8d845b8-8ac1-43f8-9a65-a6e7c2082e2f","id":"0ae603cf-457e-4a6f-bbde-51c28f1a031e","name":"DESKTOP-IKR997B","type":"winlogbeat","version":"9.3.3"}}
{"@timestamp":"2026-04-15T08:50:34.674Z","@metadata":{"beat":"winlogbeat","type":"_doc","version":"9.3.3"},"event":{"kind":"event","provider":"Microsoft-Windows-Sysmon","created":"2026-04-15T13:13:46.590Z","code":"13"},"log":{"level":"information","file":{"path":"C:\\Users\\ivysa\\Downloads\\winlogbeat-9.3.3-windows-x86_64\\winlogbeat-9.3.3-windows-x86_64\\symon.evtx"}},"error":{"message":"failed to get the event message string: failed in EvtFormatMessage: The message resource is present but the message was not found in the message table."},"host":{"name":"DESKTOP-H6FBQ5J"},"ecs":{"version":"8.0.0"},"agent":{"version":"9.3.3","ephemeral_id":"f8d845b8-8ac1-43f8-9a65-a6e7c2082e2f","id":"0ae603cf-457e-4a6f-bbde-51c28f1a031e","name":"DESKTOP-IKR997B","type":"winlogbeat"},"winlog":{"event_data":{"UtcTime":"2026-04-15 08:50:34.630","Image":"C:\\Program Files\\Bandizip\\Bandizip.exe","User":"DESKTOP-H6FBQ5J\\windows","RuleName":"T1042","Details":"\"C:\\Program Files\\Bandizip\\Bandizip.exe\" \"장치\"","ProcessId":"568","TargetObject":"HKU\\S-1-5-21-3775872478-390322037-581647961-1001_Classes\\Bandizip.pma\\Shell\\Open\\Command\\(Default)","ProcessGuid":"{8F7AB6F6-5159-69DF-9801-000000000500}","EventType":"SetValue"},"process":{"pid":6668,"thread":{"id":6376}},"event_id":"13","computer_name":"DESKTOP-H6FBQ5J","channel":"Microsoft-Windows-Sysmon/Operational","provider_guid":"{5770385F-C22A-43E0-BF4C-06F5698FFBD9}","user":{"identifier":"S-1-5-18","domain":"NT AUTHORITY","name":"SYSTEM","type":"Well Known Group"},"error":{},"provider_name":"Microsoft-Windows-Sysmon","record_id":187,"opcode":"Info","version":2}}
{"@timestamp":"2026-04-15T08:50:34.674Z","@metadata":{"beat":"winlogbeat","type":"_doc","version":"9.3.3"},"log":{"level":"information","file":{"path":"C:\\Users\\ivysa\\Downloads\\winlogbeat-9.3.3-windows-x86_64\\winlogbeat-9.3.3-windows-x86_64\\symon.evtx"}},"error":{"message":"failed to get the event message string: failed in EvtFormatMessage: The message resource is present but the message was not found in the message table."},"host":{"name":"DESKTOP-H6FBQ5J"},"winlog":{"channel":"Microsoft-Windows-Sysmon/Operational","event_id":"13","computer_name":"DESKTOP-H6FBQ5J","error":{},"user":{"domain":"NT AUTHORITY","name":"SYSTEM","type":"Well Known Group","identifier":"S-1-5-18"},"event_data":{"EventType":"SetValue","RuleName":"T1042","ProcessGuid":"{8F7AB6F6-5159-69DF-9801-000000000500}","Image":"C:\\Program Files\\Bandizip\\Bandizip.exe","UtcTime":"2026-04-15 08:50:34.630","ProcessId":"568","Details":"\"C:\\Program Files\\Bandizip\\Bandizip.exe\" \"장치\"","User":"DESKTOP-H6FBQ5J\\windows","TargetObject":"HKU\\S-1-5-21-3775872478-390322037-581647961-1001_Classes\\Bandizip.pma\\Shell\\Open\\Command\\(Default)"},"opcode":"Info","process":{"pid":6668,"thread":{"id":6376}},"provider_name":"Microsoft-Windows-Sysmon","record_id":188,"provider_guid":"{5770385F-C22A-43E0-BF4C-06F5698FFBD9}","version":2},"event":{"provider":"Microsoft-Windows-Sysmon","created":"2026-04-15T13:13:46.590Z","code":"13","kind":"event"},"ecs":{"version":"8.0.0"},"agent":{"type":"winlogbeat","version":"9.3.3","ephemeral_id":"f8d845b8-8ac1-43f8-9a65-a6e7c2082e2f","id":"0ae603cf-457e-4a6f-bbde-51c28f1a031e","name":"DESKTOP-IKR997B"}}
{"@timestamp":"2026-04-15T08:50:34.675Z","@metadata":{"beat":"winlogbeat","type":"_doc","version":"9.3.3"},"winlog":{"record_id":189,"provider_guid":"{5770385F-C22A-43E0-BF4C-06F5698FFBD9}","event_id":"13","provider_name":"Microsoft-Windows-Sysmon","computer_name":"DESKTOP-H6FBQ5J","user":{"domain":"NT AUTHORITY","name":"SYSTEM","type":"Well Known Group","identifier":"S-1-5-18"},"process":{"pid":6668,"thread":{"id":6376}},"version":2,"event_data":{"Image":"C:\\Program Files\\Bandizip\\Bandizip.exe","User":"DESKTOP-H6FBQ5J\\windows","UtcTime":"2026-04-15 08:50:34.630","ProcessGuid":"{8F7AB6F6-5159-69DF-9801-000000000500}","TargetObject":"HKU\\S-1-5-21-3775872478-390322037-581647961-1001_Classes\\Bandizip.ace\\Shell\\Open\\Command\\(Default)","Details":"\"C:\\Program Files\\Bandizip\\Bandizip.exe\" \"장치\"","RuleName":"T1042","ProcessId":"568","EventType":"SetValue"},"error":{},"channel":"Microsoft-Windows-Sysmon/Operational","opcode":"Info"},"event":{"kind":"event","provider":"Microsoft-Windows-Sysmon","created":"2026-04-15T13:13:46.590Z","code":"13"},"log":{"level":"information","file":{"path":"C:\\Users\\ivysa\\Downloads\\winlogbeat-9.3.3-windows-x86_64\\winlogbeat-9.3.3-windows-x86_64\\symon.evtx"}},"error":{"message":"failed to get the event message string: failed in EvtFormatMessage: The message resource is present but the message was not found in the message table."},"host":{"name":"DESKTOP-H6FBQ5J"},"ecs":{"version":"8.0.0"},"agent":{"ephemeral_id":"f8d845b8-8ac1-43f8-9a65-a6e7c2082e2f","id":"0ae603cf-457e-4a6f-bbde-51c28f1a031e","name":"DESKTOP-IKR997B","type":"winlogbeat","version":"9.3.3"}}
{"@timestamp":"2026-04-15T08:50:34.675Z","@metadata":{"beat":"winlogbeat","type":"_doc","version":"9.3.3"},"ecs":{"version":"8.0.0"},"agent":{"ephemeral_id":"f8d845b8-8ac1-43f8-9a65-a6e7c2082e2f","id":"0ae603cf-457e-4a6f-bbde-51c28f1a031e","name":"DESKTOP-IKR997B","type":"winlogbeat","version":"9.3.3"},"winlog":{"error":{},"event_id":"13","provider_name":"Microsoft-Windows-Sysmon","event_data":{"Details":"\"C:\\Program Files\\Bandizip\\Bandizip.exe\" \"장치\"","EventType":"SetValue","UtcTime":"2026-04-15 08:50:34.630","Image":"C:\\Program Files\\Bandizip\\Bandizip.exe","ProcessGuid":"{8F7AB6F6-5159-69DF-9801-000000000500}","ProcessId":"568","TargetObject":"HKU\\S-1-5-21-3775872478-390322037-581647961-1001_Classes\\Bandizip.ace\\Shell\\Open\\Command\\(Default)","User":"DESKTOP-H6FBQ5J\\windows","RuleName":"T1042"},"record_id":190,"user":{"identifier":"S-1-5-18","domain":"NT AUTHORITY","name":"SYSTEM","type":"Well Known Group"},"process":{"pid":6668,"thread":{"id":6376}},"channel":"Microsoft-Windows-Sysmon/Operational","computer_name":"DESKTOP-H6FBQ5J","version":2,"opcode":"Info","provider_guid":"{5770385F-C22A-43E0-BF4C-06F5698FFBD9}"},"event":{"created":"2026-04-15T13:13:46.590Z","code":"13","kind":"event","provider":"Microsoft-Windows-Sysmon"},"log":{"file":{"path":"C:\\Users\\ivysa\\Downloads\\winlogbeat-9.3.3-windows-x86_64\\winlogbeat-9.3.3-windows-x86_64\\symon.evtx"},"level":"information"},"error":{"message":"failed to get the event message string: failed in EvtFormatMessage: The message resource is present but the message was not found in the message table."},"host":{"name":"DESKTOP-H6FBQ5J"}}
{"@timestamp":"2026-04-15T08:50:34.676Z","@metadata":{"beat":"winlogbeat","type":"_doc","version":"9.3.3"},"event":{"provider":"Microsoft-Windows-Sysmon","created":"2026-04-15T13:13:46.590Z","code":"13","kind":"event"},"log":{"file":{"path":"C:\\Users\\ivysa\\Downloads\\winlogbeat-9.3.3-windows-x86_64\\winlogbeat-9.3.3-windows-x86_64\\symon.evtx"},"level":"information"},"error":{"message":"failed to get the event message string: failed in EvtFormatMessage: The message resource is present but the message was not found in the message table."},"host":{"name":"DESKTOP-H6FBQ5J"},"ecs":{"version":"8.0.0"},"agent":{"type":"winlogbeat","version":"9.3.3","ephemeral_id":"f8d845b8-8ac1-43f8-9a65-a6e7c2082e2f","id":"0ae603cf-457e-4a6f-bbde-51c28f1a031e","name":"DESKTOP-IKR997B"},"winlog":{"provider_name":"Microsoft-Windows-Sysmon","computer_name":"DESKTOP-H6FBQ5J","opcode":"Info","event_data":{"User":"DESKTOP-H6FBQ5J\\windows","RuleName":"T1042","ProcessGuid":"{8F7AB6F6-5159-69DF-9801-000000000500}","Image":"C:\\Program Files\\Bandizip\\Bandizip.exe","TargetObject":"HKU\\S-1-5-21-3775872478-390322037-581647961-1001_Classes\\Bandizip.arc\\Shell\\Open\\Command\\(Default)","EventType":"SetValue","UtcTime":"2026-04-15 08:50:34.630","ProcessId":"568","Details":"\"C:\\Program Files\\Bandizip\\Bandizip.exe\" \"장치\""},"process":{"pid":6668,"thread":{"id":6376}},"error":{},"event_id":"13","record_id":191,"version":2,"channel":"Microsoft-Windows-Sysmon/Operational","provider_guid":"{5770385F-C22A-43E0-BF4C-06F5698FFBD9}","user":{"identifier":"S-1-5-18","domain":"NT AUTHORITY","name":"SYSTEM","type":"Well Known Group"}}}
{"@timestamp":"2026-04-15T08:50:34.676Z","@metadata":{"beat":"winlogbeat","type":"_doc","version":"9.3.3"},"log":{"level":"information","file":{"path":"C:\\Users\\ivysa\\Downloads\\winlogbeat-9.3.3-windows-x86_64\\winlogbeat-9.3.3-windows-x86_64\\symon.evtx"}},"error":{"message":"failed to get the event message string: failed in EvtFormatMessage: The message resource is present but the message was not found in the message table."},"host":{"name":"DESKTOP-H6FBQ5J"},"ecs":{"version":"8.0.0"},"agent":{"ephemeral_id":"f8d845b8-8ac1-43f8-9a65-a6e7c2082e2f","id":"0ae603cf-457e-4a6f-bbde-51c28f1a031e","name":"DESKTOP-IKR997B","type":"winlogbeat","version":"9.3.3"},"winlog":{"error":{},"event_id":"13","provider_name":"Microsoft-Windows-Sysmon","record_id":192,"opcode":"Info","version":2,"event_data":{"TargetObject":"HKU\\S-1-5-21-3775872478-390322037-581647961-1001_Classes\\Bandizip.arc\\Shell\\Open\\Command\\(Default)","Details":"\"C:\\Program Files\\Bandizip\\Bandizip.exe\" \"장치\"","RuleName":"T1042","UtcTime":"2026-04-15 08:50:34.630","ProcessGuid":"{8F7AB6F6-5159-69DF-9801-000000000500}","ProcessId":"568","EventType":"SetValue","Image":"C:\\Program Files\\Bandizip\\Bandizip.exe","User":"DESKTOP-H6FBQ5J\\windows"},"process":{"pid":6668,"thread":{"id":6376}},"user":{"identifier":"S-1-5-18","domain":"NT AUTHORITY","name":"SYSTEM","type":"Well Known Group"},"channel":"Microsoft-Windows-Sysmon/Operational","computer_name":"DESKTOP-H6FBQ5J","provider_guid":"{5770385F-C22A-43E0-BF4C-06F5698FFBD9}"},"event":{"created":"2026-04-15T13:13:46.590Z","code":"13","kind":"event","provider":"Microsoft-Windows-Sysmon"}}
{"@timestamp":"2026-04-15T08:50:34.676Z","@metadata":{"beat":"winlogbeat","type":"_doc","version":"9.3.3"},"event":{"provider":"Microsoft-Windows-Sysmon","created":"2026-04-15T13:13:46.590Z","code":"13","kind":"event"},"log":{"level":"information","file":{"path":"C:\\Users\\ivysa\\Downloads\\winlogbeat-9.3.3-windows-x86_64\\winlogbeat-9.3.3-windows-x86_64\\symon.evtx"}},"error":{"message":"failed to get the event message string: failed in EvtFormatMessage: The message resource is present but the message was not found in the message table."},"host":{"name":"DESKTOP-H6FBQ5J"},"agent":{"name":"DESKTOP-IKR997B","type":"winlogbeat","version":"9.3.3","ephemeral_id":"f8d845b8-8ac1-43f8-9a65-a6e7c2082e2f","id":"0ae603cf-457e-4a6f-bbde-51c28f1a031e"},"ecs":{"version":"8.0.0"},"winlog":{"provider_guid":"{5770385F-C22A-43E0-BF4C-06F5698FFBD9}","error":{},"provider_name":"Microsoft-Windows-Sysmon","opcode":"Info","user":{"domain":"NT AUTHORITY","name":"SYSTEM","type":"Well Known Group","identifier":"S-1-5-18"},"process":{"pid":6668,"thread":{"id":6376}},"channel":"Microsoft-Windows-Sysmon/Operational","record_id":193,"version":2,"event_data":{"Details":"\"C:\\Program Files\\Bandizip\\Bandizip.exe\" \"장치\"","User":"DESKTOP-H6FBQ5J\\windows","EventType":"SetValue","ProcessGuid":"{8F7AB6F6-5159-69DF-9801-000000000500}","RuleName":"T1042","ProcessId":"568","Image":"C:\\Program Files\\Bandizip\\Bandizip.exe","TargetObject":"HKU\\S-1-5-21-3775872478-390322037-581647961-1001_Classes\\Bandizip.aes\\Shell\\Open\\Command\\(Default)","UtcTime":"2026-04-15 08:50:34.630"},"event_id":"13","computer_name":"DESKTOP-H6FBQ5J"}}
{"@timestamp":"2026-04-15T08:50:34.677Z","@metadata":{"beat":"winlogbeat","type":"_doc","version":"9.3.3"},"event":{"created":"2026-04-15T13:13:46.590Z","code":"13","kind":"event","provider":"Microsoft-Windows-Sysmon"},"log":{"level":"information","file":{"path":"C:\\Users\\ivysa\\Downloads\\winlogbeat-9.3.3-windows-x86_64\\winlogbeat-9.3.3-windows-x86_64\\symon.evtx"}},"error":{"message":"failed to get the event message string: failed in EvtFormatMessage: The message resource is present but the message was not found in the message table."},"ecs":{"version":"8.0.0"},"agent":{"name":"DESKTOP-IKR997B","type":"winlogbeat","version":"9.3.3","ephemeral_id":"f8d845b8-8ac1-43f8-9a65-a6e7c2082e2f","id":"0ae603cf-457e-4a6f-bbde-51c28f1a031e"},"host":{"name":"DESKTOP-H6FBQ5J"},"winlog":{"error":{},"event_id":"13","computer_name":"DESKTOP-H6FBQ5J","opcode":"Info","provider_guid":"{5770385F-C22A-43E0-BF4C-06F5698FFBD9}","version":2,"channel":"Microsoft-Windows-Sysmon/Operational","provider_name":"Microsoft-Windows-Sysmon","record_id":194,"user":{"domain":"NT AUTHORITY","name":"SYSTEM","type":"Well Known Group","identifier":"S-1-5-18"},"event_data":{"ProcessGuid":"{8F7AB6F6-5159-69DF-9801-000000000500}","ProcessId":"568","Image":"C:\\Program Files\\Bandizip\\Bandizip.exe","TargetObject":"HKU\\S-1-5-21-3775872478-390322037-581647961-1001_Classes\\Bandizip.aes\\Shell\\Open\\Command\\(Default)","Details":"\"C:\\Program Files\\Bandizip\\Bandizip.exe\" \"장치\"","User":"DESKTOP-H6FBQ5J\\windows","UtcTime":"2026-04-15 08:50:34.630","RuleName":"T1042","EventType":"SetValue"},"process":{"thread":{"id":6376},"pid":6668}}}
{"@timestamp":"2026-04-15T08:50:34.678Z","@metadata":{"beat":"winlogbeat","type":"_doc","version":"9.3.3"},"agent":{"type":"winlogbeat","version":"9.3.3","ephemeral_id":"f8d845b8-8ac1-43f8-9a65-a6e7c2082e2f","id":"0ae603cf-457e-4a6f-bbde-51c28f1a031e","name":"DESKTOP-IKR997B"},"host":{"name":"DESKTOP-H6FBQ5J"},"winlog":{"process":{"pid":6668,"thread":{"id":6376}},"channel":"Microsoft-Windows-Sysmon/Operational","event_id":"13","opcode":"Info","user":{"type":"Well Known Group","identifier":"S-1-5-18","domain":"NT AUTHORITY","name":"SYSTEM"},"event_data":{"RuleName":"T1042","EventType":"SetValue","TargetObject":"HKU\\S-1-5-21-3775872478-390322037-581647961-1001_Classes\\Bandizip.zpaq\\Shell\\Open\\Command\\(Default)","Details":"\"C:\\Program Files\\Bandizip\\Bandizip.exe\" \"장치\"","ProcessId":"568","Image":"C:\\Program Files\\Bandizip\\Bandizip.exe","User":"DESKTOP-H6FBQ5J\\windows","ProcessGuid":"{8F7AB6F6-5159-69DF-9801-000000000500}","UtcTime":"2026-04-15 08:50:34.646"},"provider_name":"Microsoft-Windows-Sysmon","computer_name":"DESKTOP-H6FBQ5J","version":2,"error":{},"record_id":195,"provider_guid":"{5770385F-C22A-43E0-BF4C-06F5698FFBD9}"},"event":{"kind":"event","provider":"Microsoft-Windows-Sysmon","created":"2026-04-15T13:13:46.590Z","code":"13"},"log":{"level":"information","file":{"path":"C:\\Users\\ivysa\\Downloads\\winlogbeat-9.3.3-windows-x86_64\\winlogbeat-9.3.3-windows-x86_64\\symon.evtx"}},"error":{"message":"failed to get the event message string: failed in EvtFormatMessage: The message resource is present but the message was not found in the message table."},"ecs":{"version":"8.0.0"}}
{"@timestamp":"2026-04-15T08:50:34.678Z","@metadata":{"beat":"winlogbeat","type":"_doc","version":"9.3.3"},"log":{"level":"information","file":{"path":"C:\\Users\\ivysa\\Downloads\\winlogbeat-9.3.3-windows-x86_64\\winlogbeat-9.3.3-windows-x86_64\\symon.evtx"}},"error":{"message":"failed to get the event message string: failed in EvtFormatMessage: The message resource is present but the message was not found in the message table."},"host":{"name":"DESKTOP-H6FBQ5J"},"winlog":{"process":{"thread":{"id":6376},"pid":6668},"provider_name":"Microsoft-Windows-Sysmon","record_id":196,"provider_guid":"{5770385F-C22A-43E0-BF4C-06F5698FFBD9}","user":{"domain":"NT AUTHORITY","name":"SYSTEM","type":"Well Known Group","identifier":"S-1-5-18"},"event_data":{"UtcTime":"2026-04-15 08:50:34.646","ProcessId":"568","EventType":"SetValue","ProcessGuid":"{8F7AB6F6-5159-69DF-9801-000000000500}","User":"DESKTOP-H6FBQ5J\\windows","Image":"C:\\Program Files\\Bandizip\\Bandizip.exe","TargetObject":"HKU\\S-1-5-21-3775872478-390322037-581647961-1001_Classes\\Bandizip.zpaq\\Shell\\Open\\Command\\(Default)","Details":"\"C:\\Program Files\\Bandizip\\Bandizip.exe\" \"장치\"","RuleName":"T1042"},"computer_name":"DESKTOP-H6FBQ5J","opcode":"Info","error":{},"channel":"Microsoft-Windows-Sysmon/Operational","event_id":"13","version":2},"ecs":{"version":"8.0.0"},"agent":{"type":"winlogbeat","version":"9.3.3","ephemeral_id":"f8d845b8-8ac1-43f8-9a65-a6e7c2082e2f","id":"0ae603cf-457e-4a6f-bbde-51c28f1a031e","name":"DESKTOP-IKR997B"},"event":{"code":"13","kind":"event","provider":"Microsoft-Windows-Sysmon","created":"2026-04-15T13:13:46.590Z"}}
{"@timestamp":"2026-04-15T08:50:34.679Z","@metadata":{"beat":"winlogbeat","type":"_doc","version":"9.3.3"},"winlog":{"provider_name":"Microsoft-Windows-Sysmon","computer_name":"DESKTOP-H6FBQ5J","event_data":{"RuleName":"T1042","EventType":"SetValue","ProcessId":"568","Image":"C:\\Program Files\\Bandizip\\Bandizip.exe","User":"DESKTOP-H6FBQ5J\\windows","TargetObject":"HKU\\S-1-5-21-3775872478-390322037-581647961-1001_Classes\\Bandizip.zst\\Shell\\Open\\Command\\(Default)","ProcessGuid":"{8F7AB6F6-5159-69DF-9801-000000000500}","UtcTime":"2026-04-15 08:50:34.646","Details":"\"C:\\Program Files\\Bandizip\\Bandizip.exe\" \"장치\""},"record_id":197,"process":{"pid":6668,"thread":{"id":6376}},"event_id":"13","opcode":"Info","provider_guid":"{5770385F-C22A-43E0-BF4C-06F5698FFBD9}","version":2,"channel":"Microsoft-Windows-Sysmon/Operational","user":{"type":"Well Known Group","identifier":"S-1-5-18","domain":"NT AUTHORITY","name":"SYSTEM"},"error":{}},"event":{"kind":"event","provider":"Microsoft-Windows-Sysmon","created":"2026-04-15T13:13:46.590Z","code":"13"},"log":{"level":"information","file":{"path":"C:\\Users\\ivysa\\Downloads\\winlogbeat-9.3.3-windows-x86_64\\winlogbeat-9.3.3-windows-x86_64\\symon.evtx"}},"error":{"message":"failed to get the event message string: failed in EvtFormatMessage: The message resource is present but the message was not found in the message table."},"host":{"name":"DESKTOP-H6FBQ5J"},"ecs":{"version":"8.0.0"},"agent":{"ephemeral_id":"f8d845b8-8ac1-43f8-9a65-a6e7c2082e2f","id":"0ae603cf-457e-4a6f-bbde-51c28f1a031e","name":"DESKTOP-IKR997B","type":"winlogbeat","version":"9.3.3"}}
{"@timestamp":"2026-04-15T08:50:34.679Z","@metadata":{"beat":"winlogbeat","type":"_doc","version":"9.3.3"},"log":{"level":"information","file":{"path":"C:\\Users\\ivysa\\Downloads\\winlogbeat-9.3.3-windows-x86_64\\winlogbeat-9.3.3-windows-x86_64\\symon.evtx"}},"error":{"message":"failed to get the event message string: failed in EvtFormatMessage: The message resource is present but the message was not found in the message table."},"host":{"name":"DESKTOP-H6FBQ5J"},"winlog":{"error":{},"record_id":198,"version":2,"event_data":{"RuleName":"T1042","UtcTime":"2026-04-15 08:50:34.646","Image":"C:\\Program Files\\Bandizip\\Bandizip.exe","User":"DESKTOP-H6FBQ5J\\windows","EventType":"SetValue","TargetObject":"HKU\\S-1-5-21-3775872478-390322037-581647961-1001_Classes\\Bandizip.zst\\Shell\\Open\\Command\\(Default)","ProcessGuid":"{8F7AB6F6-5159-69DF-9801-000000000500}","ProcessId":"568","Details":"\"C:\\Program Files\\Bandizip\\Bandizip.exe\" \"장치\""},"event_id":"13","provider_name":"Microsoft-Windows-Sysmon","provider_guid":"{5770385F-C22A-43E0-BF4C-06F5698FFBD9}","process":{"pid":6668,"thread":{"id":6376}},"channel":"Microsoft-Windows-Sysmon/Operational","computer_name":"DESKTOP-H6FBQ5J","opcode":"Info","user":{"type":"Well Known Group","identifier":"S-1-5-18","domain":"NT AUTHORITY","name":"SYSTEM"}},"ecs":{"version":"8.0.0"},"agent":{"id":"0ae603cf-457e-4a6f-bbde-51c28f1a031e","name":"DESKTOP-IKR997B","type":"winlogbeat","version":"9.3.3","ephemeral_id":"f8d845b8-8ac1-43f8-9a65-a6e7c2082e2f"},"event":{"kind":"event","provider":"Microsoft-Windows-Sysmon","created":"2026-04-15T13:13:46.590Z","code":"13"}}
{"@timestamp":"2026-04-15T08:50:34.680Z","@metadata":{"beat":"winlogbeat","type":"_doc","version":"9.3.3"},"winlog":{"event_id":"13","computer_name":"DESKTOP-H6FBQ5J","provider_guid":"{5770385F-C22A-43E0-BF4C-06F5698FFBD9}","version":2,"opcode":"Info","error":{},"channel":"Microsoft-Windows-Sysmon/Operational","user":{"identifier":"S-1-5-18","domain":"NT AUTHORITY","name":"SYSTEM","type":"Well Known Group"},"event_data":{"Image":"C:\\Program Files\\Bandizip\\Bandizip.exe","RuleName":"T1042","Details":"\"C:\\Program Files\\Bandizip\\Bandizip.exe\" \"장치\"","UtcTime":"2026-04-15 08:50:34.646","ProcessGuid":"{8F7AB6F6-5159-69DF-9801-000000000500}","TargetObject":"HKU\\S-1-5-21-3775872478-390322037-581647961-1001_Classes\\Bandizip.br\\Shell\\Open\\Command\\(Default)","User":"DESKTOP-H6FBQ5J\\windows","EventType":"SetValue","ProcessId":"568"},"provider_name":"Microsoft-Windows-Sysmon","record_id":199,"process":{"pid":6668,"thread":{"id":6376}}},"event":{"code":"13","kind":"event","provider":"Microsoft-Windows-Sysmon","created":"2026-04-15T13:13:46.590Z"},"log":{"file":{"path":"C:\\Users\\ivysa\\Downloads\\winlogbeat-9.3.3-windows-x86_64\\winlogbeat-9.3.3-windows-x86_64\\symon.evtx"},"level":"information"},"error":{"message":"failed to get the event message string: failed in EvtFormatMessage: The message resource is present but the message was not found in the message table."},"agent":{"ephemeral_id":"f8d845b8-8ac1-43f8-9a65-a6e7c2082e2f","id":"0ae603cf-457e-4a6f-bbde-51c28f1a031e","name":"DESKTOP-IKR997B","type":"winlogbeat","version":"9.3.3"},"ecs":{"version":"8.0.0"},"host":{"name":"DESKTOP-H6FBQ5J"}}
{"@timestamp":"2026-04-15T08:50:34.680Z","@metadata":{"beat":"winlogbeat","type":"_doc","version":"9.3.3"},"error":{"message":"failed to get the event message string: failed in EvtFormatMessage: The message resource is present but the message was not found in the message table."},"host":{"name":"DESKTOP-H6FBQ5J"},"winlog":{"error":{},"provider_guid":"{5770385F-C22A-43E0-BF4C-06F5698FFBD9}","channel":"Microsoft-Windows-Sysmon/Operational","provider_name":"Microsoft-Windows-Sysmon","opcode":"Info","event_id":"13","record_id":200,"computer_name":"DESKTOP-H6FBQ5J","version":2,"user":{"identifier":"S-1-5-18","domain":"NT AUTHORITY","name":"SYSTEM","type":"Well Known Group"},"event_data":{"UtcTime":"2026-04-15 08:50:34.646","Details":"\"C:\\Program Files\\Bandizip\\Bandizip.exe\" \"장치\"","ProcessId":"568","Image":"C:\\Program Files\\Bandizip\\Bandizip.exe","ProcessGuid":"{8F7AB6F6-5159-69DF-9801-000000000500}","TargetObject":"HKU\\S-1-5-21-3775872478-390322037-581647961-1001_Classes\\Bandizip.br\\Shell\\Open\\Command\\(Default)","RuleName":"T1042","User":"DESKTOP-H6FBQ5J\\windows","EventType":"SetValue"},"process":{"pid":6668,"thread":{"id":6376}}},"event":{"code":"13","kind":"event","provider":"Microsoft-Windows-Sysmon","created":"2026-04-15T13:13:46.590Z"},"log":{"level":"information","file":{"path":"C:\\Users\\ivysa\\Downloads\\winlogbeat-9.3.3-windows-x86_64\\winlogbeat-9.3.3-windows-x86_64\\symon.evtx"}},"agent":{"id":"0ae603cf-457e-4a6f-bbde-51c28f1a031e","name":"DESKTOP-IKR997B","type":"winlogbeat","version":"9.3.3","ephemeral_id":"f8d845b8-8ac1-43f8-9a65-a6e7c2082e2f"},"ecs":{"version":"8.0.0"}}
{"@timestamp":"2026-04-15T08:50:34.680Z","@metadata":{"beat":"winlogbeat","type":"_doc","version":"9.3.3"},"log":{"level":"information","file":{"path":"C:\\Users\\ivysa\\Downloads\\winlogbeat-9.3.3-windows-x86_64\\winlogbeat-9.3.3-windows-x86_64\\symon.evtx"}},"error":{"message":"failed to get the event message string: failed in EvtFormatMessage: The message resource is present but the message was not found in the message table."},"host":{"name":"DESKTOP-H6FBQ5J"},"ecs":{"version":"8.0.0"},"agent":{"ephemeral_id":"f8d845b8-8ac1-43f8-9a65-a6e7c2082e2f","id":"0ae603cf-457e-4a6f-bbde-51c28f1a031e","name":"DESKTOP-IKR997B","type":"winlogbeat","version":"9.3.3"},"winlog":{"error":{},"provider_name":"Microsoft-Windows-Sysmon","record_id":201,"opcode":"Info","provider_guid":"{5770385F-C22A-43E0-BF4C-06F5698FFBD9}","user":{"name":"SYSTEM","type":"Well Known Group","identifier":"S-1-5-18","domain":"NT AUTHORITY"},"event_id":"13","process":{"pid":6668,"thread":{"id":6376}},"computer_name":"DESKTOP-H6FBQ5J","version":2,"channel":"Microsoft-Windows-Sysmon/Operational","event_data":{"RuleName":"T1042","TargetObject":"HKU\\S-1-5-21-3775872478-390322037-581647961-1001_Classes\\Bandizip.pea\\Shell\\Open\\Command\\(Default)","UtcTime":"2026-04-15 08:50:34.646","ProcessGuid":"{8F7AB6F6-5159-69DF-9801-000000000500}","Image":"C:\\Program Files\\Bandizip\\Bandizip.exe","ProcessId":"568","User":"DESKTOP-H6FBQ5J\\windows","EventType":"SetValue","Details":"\"C:\\Program Files\\Bandizip\\Bandizip.exe\" \"장치\""}},"event":{"code":"13","kind":"event","provider":"Microsoft-Windows-Sysmon","created":"2026-04-15T13:13:46.590Z"}}
{"@timestamp":"2026-04-15T08:50:34.681Z","@metadata":{"beat":"winlogbeat","type":"_doc","version":"9.3.3"},"ecs":{"version":"8.0.0"},"agent":{"ephemeral_id":"f8d845b8-8ac1-43f8-9a65-a6e7c2082e2f","id":"0ae603cf-457e-4a6f-bbde-51c28f1a031e","name":"DESKTOP-IKR997B","type":"winlogbeat","version":"9.3.3"},"winlog":{"version":2,"user":{"name":"SYSTEM","type":"Well Known Group","identifier":"S-1-5-18","domain":"NT AUTHORITY"},"process":{"pid":6668,"thread":{"id":6376}},"error":{},"provider_name":"Microsoft-Windows-Sysmon","record_id":202,"computer_name":"DESKTOP-H6FBQ5J","opcode":"Info","provider_guid":"{5770385F-C22A-43E0-BF4C-06F5698FFBD9}","channel":"Microsoft-Windows-Sysmon/Operational","event_data":{"TargetObject":"HKU\\S-1-5-21-3775872478-390322037-581647961-1001_Classes\\Bandizip.pea\\Shell\\Open\\Command\\(Default)","Details":"\"C:\\Program Files\\Bandizip\\Bandizip.exe\" \"장치\"","RuleName":"T1042","UtcTime":"2026-04-15 08:50:34.646","ProcessGuid":"{8F7AB6F6-5159-69DF-9801-000000000500}","Image":"C:\\Program Files\\Bandizip\\Bandizip.exe","User":"DESKTOP-H6FBQ5J\\windows","EventType":"SetValue","ProcessId":"568"},"event_id":"13"},"event":{"created":"2026-04-15T13:13:46.590Z","code":"13","kind":"event","provider":"Microsoft-Windows-Sysmon"},"log":{"level":"information","file":{"path":"C:\\Users\\ivysa\\Downloads\\winlogbeat-9.3.3-windows-x86_64\\winlogbeat-9.3.3-windows-x86_64\\symon.evtx"}},"error":{"message":"failed to get the event message string: failed in EvtFormatMessage: The message resource is present but the message was not found in the message table."},"host":{"name":"DESKTOP-H6FBQ5J"}}
{"@timestamp":"2026-04-15T08:50:34.681Z","@metadata":{"beat":"winlogbeat","type":"_doc","version":"9.3.3"},"host":{"name":"DESKTOP-H6FBQ5J"},"ecs":{"version":"8.0.0"},"agent":{"version":"9.3.3","ephemeral_id":"f8d845b8-8ac1-43f8-9a65-a6e7c2082e2f","id":"0ae603cf-457e-4a6f-bbde-51c28f1a031e","name":"DESKTOP-IKR997B","type":"winlogbeat"},"winlog":{"channel":"Microsoft-Windows-Sysmon/Operational","event_id":"13","provider_name":"Microsoft-Windows-Sysmon","opcode":"Info","user":{"identifier":"S-1-5-18","domain":"NT AUTHORITY","name":"SYSTEM","type":"Well Known Group"},"record_id":203,"computer_name":"DESKTOP-H6FBQ5J","version":2,"process":{"pid":6668,"thread":{"id":6376}},"provider_guid":"{5770385F-C22A-43E0-BF4C-06F5698FFBD9}","event_data":{"UtcTime":"2026-04-15 08:50:34.646","ProcessId":"568","Details":"\"C:\\Program Files\\Bandizip\\Bandizip.exe\" \"장치\"","Image":"C:\\Program Files\\Bandizip\\Bandizip.exe","TargetObject":"HKU\\S-1-5-21-3775872478-390322037-581647961-1001_Classes\\Bandizip.tar\\Shell\\Open\\Command\\(Default)","User":"DESKTOP-H6FBQ5J\\windows","EventType":"SetValue","ProcessGuid":"{8F7AB6F6-5159-69DF-9801-000000000500}","RuleName":"T1042"},"error":{}},"event":{"created":"2026-04-15T13:13:46.590Z","code":"13","kind":"event","provider":"Microsoft-Windows-Sysmon"},"log":{"level":"information","file":{"path":"C:\\Users\\ivysa\\Downloads\\winlogbeat-9.3.3-windows-x86_64\\winlogbeat-9.3.3-windows-x86_64\\symon.evtx"}},"error":{"message":"failed to get the event message string: failed in EvtFormatMessage: The message resource is present but the message was not found in the message table."}}
{"@timestamp":"2026-04-15T08:50:34.682Z","@metadata":{"beat":"winlogbeat","type":"_doc","version":"9.3.3"},"winlog":{"provider_guid":"{5770385F-C22A-43E0-BF4C-06F5698FFBD9}","event_data":{"Image":"C:\\Program Files\\Bandizip\\Bandizip.exe","TargetObject":"HKU\\S-1-5-21-3775872478-390322037-581647961-1001_Classes\\Bandizip.tar\\Shell\\Open\\Command\\(Default)","UtcTime":"2026-04-15 08:50:34.646","ProcessId":"568","Details":"\"C:\\Program Files\\Bandizip\\Bandizip.exe\" \"장치\"","RuleName":"T1042","EventType":"SetValue","User":"DESKTOP-H6FBQ5J\\windows","ProcessGuid":"{8F7AB6F6-5159-69DF-9801-000000000500}"},"error":{},"record_id":204,"computer_name":"DESKTOP-H6FBQ5J","user":{"name":"SYSTEM","type":"Well Known Group","identifier":"S-1-5-18","domain":"NT AUTHORITY"},"version":2,"process":{"pid":6668,"thread":{"id":6376}},"event_id":"13","opcode":"Info","channel":"Microsoft-Windows-Sysmon/Operational","provider_name":"Microsoft-Windows-Sysmon"},"ecs":{"version":"8.0.0"},"agent":{"ephemeral_id":"f8d845b8-8ac1-43f8-9a65-a6e7c2082e2f","id":"0ae603cf-457e-4a6f-bbde-51c28f1a031e","name":"DESKTOP-IKR997B","type":"winlogbeat","version":"9.3.3"},"event":{"kind":"event","provider":"Microsoft-Windows-Sysmon","created":"2026-04-15T13:13:46.590Z","code":"13"},"log":{"level":"information","file":{"path":"C:\\Users\\ivysa\\Downloads\\winlogbeat-9.3.3-windows-x86_64\\winlogbeat-9.3.3-windows-x86_64\\symon.evtx"}},"error":{"message":"failed to get the event message string: failed in EvtFormatMessage: The message resource is present but the message was not found in the message table."},"host":{"name":"DESKTOP-H6FBQ5J"}}
{"@timestamp":"2026-04-15T08:50:34.682Z","@metadata":{"beat":"winlogbeat","type":"_doc","version":"9.3.3"},"winlog":{"version":2,"event_data":{"EventType":"SetValue","Image":"C:\\Program Files\\Bandizip\\Bandizip.exe","TargetObject":"HKU\\S-1-5-21-3775872478-390322037-581647961-1001_Classes\\Bandizip.gz\\Shell\\Open\\Command\\(Default)","UtcTime":"2026-04-15 08:50:34.646","ProcessGuid":"{8F7AB6F6-5159-69DF-9801-000000000500}","User":"DESKTOP-H6FBQ5J\\windows","Details":"\"C:\\Program Files\\Bandizip\\Bandizip.exe\" \"장치\"","ProcessId":"568","RuleName":"T1042"},"channel":"Microsoft-Windows-Sysmon/Operational","record_id":205,"computer_name":"DESKTOP-H6FBQ5J","user":{"name":"SYSTEM","type":"Well Known Group","identifier":"S-1-5-18","domain":"NT AUTHORITY"},"provider_guid":"{5770385F-C22A-43E0-BF4C-06F5698FFBD9}","process":{"pid":6668,"thread":{"id":6376}},"error":{},"event_id":"13","provider_name":"Microsoft-Windows-Sysmon","opcode":"Info"},"event":{"created":"2026-04-15T13:13:46.590Z","code":"13","kind":"event","provider":"Microsoft-Windows-Sysmon"},"log":{"level":"information","file":{"path":"C:\\Users\\ivysa\\Downloads\\winlogbeat-9.3.3-windows-x86_64\\winlogbeat-9.3.3-windows-x86_64\\symon.evtx"}},"error":{"message":"failed to get the event message string: failed in EvtFormatMessage: The message resource is present but the message was not found in the message table."},"host":{"name":"DESKTOP-H6FBQ5J"},"ecs":{"version":"8.0.0"},"agent":{"name":"DESKTOP-IKR997B","type":"winlogbeat","version":"9.3.3","ephemeral_id":"f8d845b8-8ac1-43f8-9a65-a6e7c2082e2f","id":"0ae603cf-457e-4a6f-bbde-51c28f1a031e"}}
{"@timestamp":"2026-04-15T08:50:34.683Z","@metadata":{"beat":"winlogbeat","type":"_doc","version":"9.3.3"},"agent":{"ephemeral_id":"f8d845b8-8ac1-43f8-9a65-a6e7c2082e2f","id":"0ae603cf-457e-4a6f-bbde-51c28f1a031e","name":"DESKTOP-IKR997B","type":"winlogbeat","version":"9.3.3"},"event":{"kind":"event","provider":"Microsoft-Windows-Sysmon","created":"2026-04-15T13:13:46.590Z","code":"13"},"log":{"level":"information","file":{"path":"C:\\Users\\ivysa\\Downloads\\winlogbeat-9.3.3-windows-x86_64\\winlogbeat-9.3.3-windows-x86_64\\symon.evtx"}},"error":{"message":"failed to get the event message string: failed in EvtFormatMessage: The message resource is present but the message was not found in the message table."},"host":{"name":"DESKTOP-H6FBQ5J"},"winlog":{"version":2,"provider_guid":"{5770385F-C22A-43E0-BF4C-06F5698FFBD9}","user":{"identifier":"S-1-5-18","domain":"NT AUTHORITY","name":"SYSTEM","type":"Well Known Group"},"event_data":{"UtcTime":"2026-04-15 08:50:34.646","ProcessGuid":"{8F7AB6F6-5159-69DF-9801-000000000500}","Image":"C:\\Program Files\\Bandizip\\Bandizip.exe","ProcessId":"568","EventType":"SetValue","TargetObject":"HKU\\S-1-5-21-3775872478-390322037-581647961-1001_Classes\\Bandizip.gz\\Shell\\Open\\Command\\(Default)","Details":"\"C:\\Program Files\\Bandizip\\Bandizip.exe\" \"장치\"","User":"DESKTOP-H6FBQ5J\\windows","RuleName":"T1042"},"process":{"pid":6668,"thread":{"id":6376}},"channel":"Microsoft-Windows-Sysmon/Operational","computer_name":"DESKTOP-H6FBQ5J","error":{},"event_id":"13","provider_name":"Microsoft-Windows-Sysmon","record_id":206,"opcode":"Info"},"ecs":{"version":"8.0.0"}}
