{"@timestamp":"2026-04-15T08:45:40.724Z","@metadata":{"beat":"winlogbeat","type":"_doc","version":"9.3.3"},"log":{"file":{"path":"C:\\Users\\ivysa\\Downloads\\winlogbeat-9.3.3-windows-x86_64\\winlogbeat-9.3.3-windows-x86_64\\symon.evtx"},"level":"information"},"error":{"message":"failed to load publisher metadata for Microsoft-Windows-Sysmon (returning an empty metadata store): failed in EvtOpenPublisherMetadata: The system cannot find the file specified.\nfailed to get the event message string: failed in EvtFormatMessage: The message resource is present but the message was not found in the message table."},"ecs":{"version":"8.0.0"},"agent":{"version":"9.3.3","ephemeral_id":"f8d845b8-8ac1-43f8-9a65-a6e7c2082e2f","id":"0ae603cf-457e-4a6f-bbde-51c28f1a031e","name":"DESKTOP-IKR997B","type":"winlogbeat"},"host":{"name":"DESKTOP-H6FBQ5J"},"winlog":{"user":{"identifier":"S-1-5-21-3775872478-390322037-581647961-1001"},"error":{},"channel":"Microsoft-Windows-Sysmon/Operational","record_id":1,"opcode":"Info","version":3,"computer_name":"DESKTOP-H6FBQ5J","event_id":"16","event_data":{"UtcTime":"2026-04-15 08:45:40.723","Configuration":"C:\\Users\\windows\\Downloads\\sysmon-config-master\\sysmon-config-master\\sysmonconfig-export.xml","ConfigurationFileHash":"SHA256=055FEBC600E6D7448CDF3812307275912927A62B1F94D0D933B64B294BC87162"},"process":{"pid":7200,"thread":{"id":4800}},"provider_name":"Microsoft-Windows-Sysmon","provider_guid":"{5770385F-C22A-43E0-BF4C-06F5698FFBD9}"},"event":{"created":"2026-04-15T13:13:46.583Z","code":"16","kind":"event","provider":"Microsoft-Windows-Sysmon"}}
{"@timestamp":"2026-04-15T08:45:40.907Z","@metadata":{"beat":"winlogbeat","type":"_doc","version":"9.3.3"},"log":{"file":{"path":"C:\\Users\\ivysa\\Downloads\\winlogbeat-9.3.3-windows-x86_64\\winlogbeat-9.3.3-windows-x86_64\\symon.evtx"},"level":"information"},"error":{"message":"failed to get the event message string: failed in EvtFormatMessage: The message resource is present but the message was not found in the message table."},"host":{"name":"DESKTOP-H6FBQ5J"},"winlog":{"provider_guid":"{5770385F-C22A-43E0-BF4C-06F5698FFBD9}","error":{},"event_id":"4","user":{"domain":"NT AUTHORITY","name":"SYSTEM","type":"Well Known Group","identifier":"S-1-5-18"},"computer_name":"DESKTOP-H6FBQ5J","event_data":{"UtcTime":"2026-04-15 08:45:40.895","State":"Started","Version":"15.20","SchemaVersion":"4.91"},"process":{"pid":6668,"thread":{"id":6376}},"channel":"Microsoft-Windows-Sysmon/Operational","provider_name":"Microsoft-Windows-Sysmon","record_id":2,"version":3,"opcode":"Info"},"event":{"kind":"event","provider":"Microsoft-Windows-Sysmon","created":"2026-04-15T13:13:46.583Z","code":"4"},"ecs":{"version":"8.0.0"},"agent":{"ephemeral_id":"f8d845b8-8ac1-43f8-9a65-a6e7c2082e2f","id":"0ae603cf-457e-4a6f-bbde-51c28f1a031e","name":"DESKTOP-IKR997B","type":"winlogbeat","version":"9.3.3"}}
{"@timestamp":"2026-04-15T08:45:40.914Z","@metadata":{"beat":"winlogbeat","type":"_doc","version":"9.3.3"},"agent":{"ephemeral_id":"f8d845b8-8ac1-43f8-9a65-a6e7c2082e2f","id":"0ae603cf-457e-4a6f-bbde-51c28f1a031e","name":"DESKTOP-IKR997B","type":"winlogbeat","version":"9.3.3"},"winlog":{"error":{},"record_id":3,"provider_guid":"{5770385F-C22A-43E0-BF4C-06F5698FFBD9}","event_data":{"TerminalSessionId":"0","ParentCommandLine":"C:\\Windows\\system32\\services.exe","ProcessGuid":"{8F7AB6F6-5034-69DF-5301-000000000500}","OriginalFileName":"-","FileVersion":"15.20","Image":"C:\\Windows\\Sysmon64.exe","CommandLine":"C:\\Windows\\Sysmon64.exe","ParentProcessGuid":"{8F7AB6F6-4E81-69DF-0B00-000000000500}","Description":"System activity monitor","LogonId":"0x3e7","CurrentDirectory":"C:\\Windows\\system32\\","IntegrityLevel":"System","Hashes":"MD5=B1581E884727B450C4DBFA9360F3DB7C,SHA256=D8115212A7747010593DE813404B02D05B915E4B1D0231502B856B9ACE9274E8,IMPHASH=5C31CFDE3181A762CA91D21902DEF1B4","Company":"Sysinternals - www.sysinternals.com","ParentProcessId":"548","ProcessId":"6668","User":"NT AUTHORITY\\SYSTEM","RuleName":"-","UtcTime":"2026-04-15 08:45:40.767","LogonGuid":"{8F7AB6F6-4E81-69DF-E703-000000000000}","ParentImage":"C:\\Windows\\System32\\services.exe","ParentUser":"NT AUTHORITY\\SYSTEM","Product":"Sysinternals Sysmon"},"process":{"thread":{"id":6376},"pid":6668},"opcode":"Info","provider_name":"Microsoft-Windows-Sysmon","user":{"domain":"NT AUTHORITY","name":"SYSTEM","type":"Well Known Group","identifier":"S-1-5-18"},"channel":"Microsoft-Windows-Sysmon/Operational","event_id":"1","computer_name":"DESKTOP-H6FBQ5J","version":5},"event":{"created":"2026-04-15T13:13:46.583Z","code":"1","kind":"event","provider":"Microsoft-Windows-Sysmon"},"log":{"level":"information","file":{"path":"C:\\Users\\ivysa\\Downloads\\winlogbeat-9.3.3-windows-x86_64\\winlogbeat-9.3.3-windows-x86_64\\symon.evtx"}},"error":{"message":"failed to get the event message string: failed in EvtFormatMessage: The message resource is present but the message was not found in the message table."},"host":{"name":"DESKTOP-H6FBQ5J"},"ecs":{"version":"8.0.0"}}
{"@timestamp":"2026-04-15T08:45:40.914Z","@metadata":{"beat":"winlogbeat","type":"_doc","version":"9.3.3"},"error":{"message":"failed to get the event message string: failed in EvtFormatMessage: The message resource is present but the message was not found in the message table."},"host":{"name":"DESKTOP-H6FBQ5J"},"winlog":{"version":5,"user":{"type":"Well Known Group","identifier":"S-1-5-18","domain":"NT AUTHORITY","name":"SYSTEM"},"event_data":{"RuleName":"-","ProcessGuid":"{8F7AB6F6-5034-69DF-5401-000000000500}","CommandLine":"C:\\Windows\\system32\\wbem\\unsecapp.exe -Embedding","ParentUser":"NT AUTHORITY\\SYSTEM","ProcessId":"1068","Image":"C:\\Windows\\System32\\wbem\\unsecapp.exe","LogonId":"0x3e7","ParentProcessId":"720","TerminalSessionId":"0","User":"NT AUTHORITY\\SYSTEM","Company":"Microsoft Corporation","OriginalFileName":"unsecapp.dll","Hashes":"MD5=8B0E699F01BDD3B9AD741D1BD7343248,SHA256=8095D4D7726438F8665E00C1A405AB94DB6358DC14740783795CF8617A64F19E,IMPHASH=9E0E0DA3FF0E183298AEDC6F7ECB7E05","Description":"Sink to receive asynchronous callbacks for WMI client application","IntegrityLevel":"System","LogonGuid":"{8F7AB6F6-4E81-69DF-E703-000000000000}","ParentProcessGuid":"{8F7AB6F6-4E81-69DF-1000-000000000500}","Product":"Microsoft® Windows® Operating System","FileVersion":"10.0.17763.1 (WinBuild.160101.0800)","CurrentDirectory":"C:\\Windows\\system32\\","UtcTime":"2026-04-15 08:45:40.848","ParentImage":"C:\\Windows\\System32\\svchost.exe","ParentCommandLine":"C:\\Windows\\system32\\svchost.exe -k DcomLaunch -p"},"process":{"thread":{"id":6376},"pid":6668},"error":{},"opcode":"Info","provider_guid":"{5770385F-C22A-43E0-BF4C-06F5698FFBD9}","channel":"Microsoft-Windows-Sysmon/Operational","event_id":"1","provider_name":"Microsoft-Windows-Sysmon","record_id":4,"computer_name":"DESKTOP-H6FBQ5J"},"ecs":{"version":"8.0.0"},"agent":{"ephemeral_id":"f8d845b8-8ac1-43f8-9a65-a6e7c2082e2f","id":"0ae603cf-457e-4a6f-bbde-51c28f1a031e","name":"DESKTOP-IKR997B","type":"winlogbeat","version":"9.3.3"},"event":{"code":"1","kind":"event","provider":"Microsoft-Windows-Sysmon","created":"2026-04-15T13:13:46.583Z"},"log":{"level":"information","file":{"path":"C:\\Users\\ivysa\\Downloads\\winlogbeat-9.3.3-windows-x86_64\\winlogbeat-9.3.3-windows-x86_64\\symon.evtx"}}}
{"@timestamp":"2026-04-15T08:45:41.858Z","@metadata":{"beat":"winlogbeat","type":"_doc","version":"9.3.3"},"winlog":{"opcode":"Info","error":{},"provider_guid":"{5770385F-C22A-43E0-BF4C-06F5698FFBD9}","user":{"identifier":"S-1-5-18","domain":"NT AUTHORITY","name":"SYSTEM","type":"Well Known Group"},"channel":"Microsoft-Windows-Sysmon/Operational","provider_name":"Microsoft-Windows-Sysmon","process":{"pid":6668,"thread":{"id":6376}},"computer_name":"DESKTOP-H6FBQ5J","version":3,"event_data":{"ProcessId":"7200","Image":"C:\\Users\\windows\\Downloads\\Sysmon\\Sysmon64.exe","User":"DESKTOP-H6FBQ5J\\windows","RuleName":"-","UtcTime":"2026-04-15 08:45:41.848","ProcessGuid":"{8F7AB6F6-5030-69DF-4D01-000000000500}"},"event_id":"5","record_id":5},"event":{"created":"2026-04-15T13:13:46.583Z","code":"5","kind":"event","provider":"Microsoft-Windows-Sysmon"},"ecs":{"version":"8.0.0"},"agent":{"ephemeral_id":"f8d845b8-8ac1-43f8-9a65-a6e7c2082e2f","id":"0ae603cf-457e-4a6f-bbde-51c28f1a031e","name":"DESKTOP-IKR997B","type":"winlogbeat","version":"9.3.3"},"log":{"level":"information","file":{"path":"C:\\Users\\ivysa\\Downloads\\winlogbeat-9.3.3-windows-x86_64\\winlogbeat-9.3.3-windows-x86_64\\symon.evtx"}},"error":{"message":"failed to get the event message string: failed in EvtFormatMessage: The message resource is present but the message was not found in the message table."},"host":{"name":"DESKTOP-H6FBQ5J"}}
{"@timestamp":"2026-04-15T08:46:27.777Z","@metadata":{"beat":"winlogbeat","type":"_doc","version":"9.3.3"},"agent":{"ephemeral_id":"f8d845b8-8ac1-43f8-9a65-a6e7c2082e2f","id":"0ae603cf-457e-4a6f-bbde-51c28f1a031e","name":"DESKTOP-IKR997B","type":"winlogbeat","version":"9.3.3"},"winlog":{"error":{},"channel":"Microsoft-Windows-Sysmon/Operational","provider_guid":"{5770385F-C22A-43E0-BF4C-06F5698FFBD9}","version":5,"process":{"pid":6668,"thread":{"id":6376}},"event_id":"1","provider_name":"Microsoft-Windows-Sysmon","record_id":6,"computer_name":"DESKTOP-H6FBQ5J","event_data":{"Image":"C:\\Windows\\System32\\sc.exe","Description":"Service Control Manager Configuration Tool","ParentCommandLine":"C:\\Windows\\system32\\svchost.exe -k netsvcs -p -s Schedule","RuleName":"-","Company":"Microsoft Corporation","UtcTime":"2026-04-15 08:46:27.773","User":"NT AUTHORITY\\SYSTEM","FileVersion":"10.0.17763.1 (WinBuild.160101.0800)","LogonGuid":"{8F7AB6F6-4E81-69DF-E703-000000000000}","ParentImage":"C:\\Windows\\System32\\svchost.exe","TerminalSessionId":"0","ParentProcessId":"420","LogonId":"0x3e7","ParentUser":"NT AUTHORITY\\SYSTEM","ProcessGuid":"{8F7AB6F6-5063-69DF-5601-000000000500}","OriginalFileName":"sc.exe","Hashes":"MD5=ABB56882148DE65D53ABFC55544A49A8,SHA256=78097C7CD0E57902536C60B7FA17528C313DB20869E5F944223A0BA4C801D39B,IMPHASH=35A7FFDE18D444A92D32C8B2879450FF","IntegrityLevel":"System","ProcessId":"8800","Product":"Microsoft® Windows® Operating System","ParentProcessGuid":"{8F7AB6F6-4E82-69DF-1B00-000000000500}","CommandLine":"C:\\Windows\\system32\\sc.exe start pushtoinstall registration","CurrentDirectory":"C:\\Windows\\system32\\"},"opcode":"Info","user":{"identifier":"S-1-5-18","domain":"NT AUTHORITY","name":"SYSTEM","type":"Well Known Group"}},"event":{"created":"2026-04-15T13:13:46.583Z","code":"1","kind":"event","provider":"Microsoft-Windows-Sysmon"},"log":{"level":"information","file":{"path":"C:\\Users\\ivysa\\Downloads\\winlogbeat-9.3.3-windows-x86_64\\winlogbeat-9.3.3-windows-x86_64\\symon.evtx"}},"error":{"message":"failed to get the event message string: failed in EvtFormatMessage: The message resource is present but the message was not found in the message table."},"host":{"name":"DESKTOP-H6FBQ5J"},"ecs":{"version":"8.0.0"}}
{"@timestamp":"2026-04-15T08:46:27.847Z","@metadata":{"beat":"winlogbeat","type":"_doc","version":"9.3.3"},"host":{"name":"DESKTOP-H6FBQ5J"},"winlog":{"event_data":{"LogonId":"0x3e7","Company":"Microsoft Corporation","CurrentDirectory":"C:\\Windows\\system32\\","User":"NT AUTHORITY\\SYSTEM","FileVersion":"10.0.17763.1 (WinBuild.160101.0800)","TerminalSessionId":"0","Description":"Host Process for Windows Services","ParentImage":"C:\\Windows\\System32\\services.exe","ParentProcessGuid":"{8F7AB6F6-4E81-69DF-0B00-000000000500}","UtcTime":"2026-04-15 08:46:27.844","ProcessGuid":"{8F7AB6F6-5063-69DF-5801-000000000500}","LogonGuid":"{8F7AB6F6-4E81-69DF-E703-000000000000}","IntegrityLevel":"System","ParentCommandLine":"C:\\Windows\\system32\\services.exe","ProcessId":"6252","RuleName":"-","Product":"Microsoft® Windows® Operating System","ParentProcessId":"548","ParentUser":"NT AUTHORITY\\SYSTEM","Hashes":"MD5=8A0A29438052FAED8A2532DA50455756,SHA256=7FD065BAC18C5278777AE44908101CDFED72D26FA741367F0AD4D02020787AB6,IMPHASH=247B9220E5D9B720A82B2C8B5069AD69","Image":"C:\\Windows\\System32\\svchost.exe","OriginalFileName":"svchost.exe","CommandLine":"C:\\Windows\\System32\\svchost.exe -k netsvcs -p -s PushToInstall"},"record_id":7,"user":{"domain":"NT AUTHORITY","name":"SYSTEM","type":"Well Known Group","identifier":"S-1-5-18"},"error":{},"opcode":"Info","provider_guid":"{5770385F-C22A-43E0-BF4C-06F5698FFBD9}","version":5,"process":{"pid":6668,"thread":{"id":6376}},"event_id":"1","computer_name":"DESKTOP-H6FBQ5J","channel":"Microsoft-Windows-Sysmon/Operational","provider_name":"Microsoft-Windows-Sysmon"},"event":{"created":"2026-04-15T13:13:46.583Z","code":"1","kind":"event","provider":"Microsoft-Windows-Sysmon"},"ecs":{"version":"8.0.0"},"agent":{"ephemeral_id":"f8d845b8-8ac1-43f8-9a65-a6e7c2082e2f","id":"0ae603cf-457e-4a6f-bbde-51c28f1a031e","name":"DESKTOP-IKR997B","type":"winlogbeat","version":"9.3.3"},"log":{"level":"information","file":{"path":"C:\\Users\\ivysa\\Downloads\\winlogbeat-9.3.3-windows-x86_64\\winlogbeat-9.3.3-windows-x86_64\\symon.evtx"}},"error":{"message":"failed to get the event message string: failed in EvtFormatMessage: The message resource is present but the message was not found in the message table."}}
{"@timestamp":"2026-04-15T08:48:12.314Z","@metadata":{"beat":"winlogbeat","type":"_doc","version":"9.3.3"},"ecs":{"version":"8.0.0"},"agent":{"id":"0ae603cf-457e-4a6f-bbde-51c28f1a031e","name":"DESKTOP-IKR997B","type":"winlogbeat","version":"9.3.3","ephemeral_id":"f8d845b8-8ac1-43f8-9a65-a6e7c2082e2f"},"winlog":{"event_id":"1","provider_name":"Microsoft-Windows-Sysmon","user":{"identifier":"S-1-5-18","domain":"NT AUTHORITY","name":"SYSTEM","type":"Well Known Group"},"event_data":{"OriginalFileName":"OpenWith.exe","Hashes":"MD5=D57DC11AAD44C1A370128453497C6E95,SHA256=567DD48DF79A3AF4BAE2DDFEE7032CBE889C04E4C19414672CF9EE4543A7B8D3,IMPHASH=01127AB7F0C3DB972F554822D5100369","ProcessGuid":"{8F7AB6F6-50CC-69DF-5F01-000000000500}","FileVersion":"10.0.17763.1 (WinBuild.160101.0800)","LogonGuid":"{8F7AB6F6-4E83-69DF-582B-010000000000}","CommandLine":"C:\\Windows\\system32\\OpenWith.exe -Embedding","IntegrityLevel":"Medium","ParentImage":"C:\\Windows\\System32\\svchost.exe","Company":"Microsoft Corporation","LogonId":"0x12b58","ProcessId":"7576","ParentProcessGuid":"{8F7AB6F6-4E81-69DF-1000-000000000500}","ParentUser":"NT AUTHORITY\\SYSTEM","TerminalSessionId":"1","RuleName":"-","Product":"Microsoft® Windows® Operating System","ParentProcessId":"720","ParentCommandLine":"C:\\Windows\\system32\\svchost.exe -k DcomLaunch -p","Image":"C:\\Windows\\System32\\OpenWith.exe","Description":"Pick an app","CurrentDirectory":"C:\\Windows\\system32\\","User":"DESKTOP-H6FBQ5J\\windows","UtcTime":"2026-04-15 08:48:12.299"},"process":{"pid":6668,"thread":{"id":6376}},"channel":"Microsoft-Windows-Sysmon/Operational","version":5,"error":{},"opcode":"Info","provider_guid":"{5770385F-C22A-43E0-BF4C-06F5698FFBD9}","record_id":8,"computer_name":"DESKTOP-H6FBQ5J"},"event":{"created":"2026-04-15T13:13:46.583Z","code":"1","kind":"event","provider":"Microsoft-Windows-Sysmon"},"log":{"level":"information","file":{"path":"C:\\Users\\ivysa\\Downloads\\winlogbeat-9.3.3-windows-x86_64\\winlogbeat-9.3.3-windows-x86_64\\symon.evtx"}},"error":{"message":"failed to get the event message string: failed in EvtFormatMessage: The message resource is present but the message was not found in the message table."},"host":{"name":"DESKTOP-H6FBQ5J"}}
{"@timestamp":"2026-04-15T08:48:23.267Z","@metadata":{"beat":"winlogbeat","type":"_doc","version":"9.3.3"},"agent":{"ephemeral_id":"f8d845b8-8ac1-43f8-9a65-a6e7c2082e2f","id":"0ae603cf-457e-4a6f-bbde-51c28f1a031e","name":"DESKTOP-IKR997B","type":"winlogbeat","version":"9.3.3"},"winlog":{"process":{"pid":6668,"thread":{"id":6376}},"version":5,"event_data":{"ParentProcessId":"3952","ParentImage":"C:\\Windows\\explorer.exe","FileVersion":"10.0.17763.1 (WinBuild.160101.0800)","OriginalFileName":"NOTEPAD.EXE","CurrentDirectory":"C:\\Users\\windows\\","Image":"C:\\Windows\\System32\\notepad.exe","User":"DESKTOP-H6FBQ5J\\windows","ProcessGuid":"{8F7AB6F6-50D7-69DF-6001-000000000500}","ParentCommandLine":"C:\\Windows\\Explorer.EXE","ParentUser":"DESKTOP-H6FBQ5J\\windows","RuleName":"-","Description":"Notepad","Product":"Microsoft® Windows® Operating System","Hashes":"MD5=782877B30735ABD1EAE241F13145F664,SHA256=E46B3CA5A0EBB4A6979F852F50E22BD08C9F2D0206CC04383978BE0172AC88EE,IMPHASH=C8922BE3DCDFEB5994C9EEE7745DC22E","UtcTime":"2026-04-15 08:48:23.245","ProcessId":"7688","CommandLine":"\"C:\\Windows\\system32\\notepad.exe\" ","IntegrityLevel":"Medium","LogonId":"0x12b58","TerminalSessionId":"1","ParentProcessGuid":"{8F7AB6F6-4E8A-69DF-6700-000000000500}","Company":"Microsoft Corporation","LogonGuid":"{8F7AB6F6-4E83-69DF-582B-010000000000}"},"error":{},"channel":"Microsoft-Windows-Sysmon/Operational","opcode":"Info","user":{"identifier":"S-1-5-18","domain":"NT AUTHORITY","name":"SYSTEM","type":"Well Known Group"},"provider_name":"Microsoft-Windows-Sysmon","record_id":9,"computer_name":"DESKTOP-H6FBQ5J","event_id":"1","provider_guid":"{5770385F-C22A-43E0-BF4C-06F5698FFBD9}"},"event":{"code":"1","kind":"event","provider":"Microsoft-Windows-Sysmon","created":"2026-04-15T13:13:46.583Z"},"log":{"level":"information","file":{"path":"C:\\Users\\ivysa\\Downloads\\winlogbeat-9.3.3-windows-x86_64\\winlogbeat-9.3.3-windows-x86_64\\symon.evtx"}},"error":{"message":"failed to get the event message string: failed in EvtFormatMessage: The message resource is present but the message was not found in the message table."},"host":{"name":"DESKTOP-H6FBQ5J"},"ecs":{"version":"8.0.0"}}
{"@timestamp":"2026-04-15T08:48:33.678Z","@metadata":{"beat":"winlogbeat","type":"_doc","version":"9.3.3"},"host":{"name":"DESKTOP-H6FBQ5J"},"winlog":{"user":{"type":"Well Known Group","identifier":"S-1-5-18","domain":"NT AUTHORITY","name":"SYSTEM"},"error":{},"opcode":"Info","version":5,"event_data":{"Product":"Microsoft® Windows® Operating System","ParentUser":"NT AUTHORITY\\SYSTEM","LogonId":"0x3e7","ParentProcessId":"2032","User":"NT AUTHORITY\\SYSTEM","LogonGuid":"{8F7AB6F6-4E81-69DF-E703-000000000000}","RuleName":"-","Image":"C:\\Program Files\\Windows Defender\\MpCmdRun.exe","Hashes":"MD5=288D836B81E809EB33CDCCAA9D1AB395,SHA256=81F85A88DD1829663D5E748CA95709EFF5328444BBDB2C888F85124D939F6899,IMPHASH=FFAEA1E2634A3119C40B178379C9863F","UtcTime":"2026-04-15 08:48:33.662","ProcessId":"604","CurrentDirectory":"C:\\Windows\\system32\\","Company":"Microsoft Corporation","TerminalSessionId":"0","ParentImage":"C:\\Program Files\\Windows Defender\\MsMpEng.exe","ProcessGuid":"{8F7AB6F6-50E1-69DF-6301-000000000500}","CommandLine":"\"C:\\Program Files\\Windows Defender\\MpCmdRun.exe\" SignatureUpdate -ScheduleJob -RestrictPrivileges","FileVersion":"4.18.1807.18075 (GitEnlistment(winpbld).180719-0853)","OriginalFileName":"MpCmdRun.exe","ParentProcessGuid":"{8F7AB6F6-4E88-69DF-5600-000000000500}","IntegrityLevel":"System","Description":"Microsoft Malware Protection Command Line Utility","ParentCommandLine":"\"C:\\Program Files\\Windows Defender\\MsMpEng.exe\""},"event_id":"1","provider_name":"Microsoft-Windows-Sysmon","provider_guid":"{5770385F-C22A-43E0-BF4C-06F5698FFBD9}","process":{"pid":6668,"thread":{"id":6376}},"channel":"Microsoft-Windows-Sysmon/Operational","record_id":10,"computer_name":"DESKTOP-H6FBQ5J"},"event":{"code":"1","kind":"event","provider":"Microsoft-Windows-Sysmon","created":"2026-04-15T13:13:46.583Z"},"log":{"level":"information","file":{"path":"C:\\Users\\ivysa\\Downloads\\winlogbeat-9.3.3-windows-x86_64\\winlogbeat-9.3.3-windows-x86_64\\symon.evtx"}},"error":{"message":"failed to get the event message string: failed in EvtFormatMessage: The message resource is present but the message was not found in the message table."},"ecs":{"version":"8.0.0"},"agent":{"version":"9.3.3","ephemeral_id":"f8d845b8-8ac1-43f8-9a65-a6e7c2082e2f","id":"0ae603cf-457e-4a6f-bbde-51c28f1a031e","name":"DESKTOP-IKR997B","type":"winlogbeat"}}
{"@timestamp":"2026-04-15T08:48:33.772Z","@metadata":{"beat":"winlogbeat","type":"_doc","version":"9.3.3"},"agent":{"ephemeral_id":"f8d845b8-8ac1-43f8-9a65-a6e7c2082e2f","id":"0ae603cf-457e-4a6f-bbde-51c28f1a031e","name":"DESKTOP-IKR997B","type":"winlogbeat","version":"9.3.3"},"log":{"file":{"path":"C:\\Users\\ivysa\\Downloads\\winlogbeat-9.3.3-windows-x86_64\\winlogbeat-9.3.3-windows-x86_64\\symon.evtx"},"level":"information"},"error":{"message":"failed to get the event message string: failed in EvtFormatMessage: The message resource is present but the message was not found in the message table."},"host":{"name":"DESKTOP-H6FBQ5J"},"winlog":{"opcode":"Info","provider_guid":"{5770385F-C22A-43E0-BF4C-06F5698FFBD9}","user":{"identifier":"S-1-5-18","domain":"NT AUTHORITY","name":"SYSTEM","type":"Well Known Group"},"event_data":{"ParentImage":"C:\\Program Files\\Windows Defender\\MpCmdRun.exe","ParentProcessGuid":"{8F7AB6F6-50E1-69DF-6301-000000000500}","ProcessGuid":"{8F7AB6F6-50E1-69DF-6501-000000000500}","ParentUser":"NT AUTHORITY\\SYSTEM","Description":"Microsoft Malware Protection Command Line Utility","RuleName":"-","User":"NT AUTHORITY\\NETWORK SERVICE","Hashes":"MD5=288D836B81E809EB33CDCCAA9D1AB395,SHA256=81F85A88DD1829663D5E748CA95709EFF5328444BBDB2C888F85124D939F6899,IMPHASH=FFAEA1E2634A3119C40B178379C9863F","LogonId":"0x3e4","ParentCommandLine":"\"C:\\Program Files\\Windows Defender\\MpCmdRun.exe\" SignatureUpdate -ScheduleJob -RestrictPrivileges","UtcTime":"2026-04-15 08:48:33.769","Company":"Microsoft Corporation","CurrentDirectory":"C:\\Windows\\system32\\","ParentProcessId":"604","LogonGuid":"{8F7AB6F6-4E81-69DF-E403-000000000000}","Image":"C:\\Program Files\\Windows Defender\\MpCmdRun.exe","ProcessId":"4412","Product":"Microsoft® Windows® Operating System","IntegrityLevel":"System","CommandLine":"\"C:\\Program Files\\Windows Defender\\MpCmdRun.exe\" SignatureUpdate -ScheduleJob -RestrictPrivileges -Reinvoke","TerminalSessionId":"0","OriginalFileName":"MpCmdRun.exe","FileVersion":"4.18.1807.18075 (GitEnlistment(winpbld).180719-0853)"},"version":5,"process":{"pid":6668,"thread":{"id":6376}},"error":{},"provider_name":"Microsoft-Windows-Sysmon","record_id":11,"channel":"Microsoft-Windows-Sysmon/Operational","event_id":"1","computer_name":"DESKTOP-H6FBQ5J"},"event":{"code":"1","kind":"event","provider":"Microsoft-Windows-Sysmon","created":"2026-04-15T13:13:46.583Z"},"ecs":{"version":"8.0.0"}}
{"@timestamp":"2026-04-15T08:48:33.836Z","@metadata":{"beat":"winlogbeat","type":"_doc","version":"9.3.3"},"log":{"level":"information","file":{"path":"C:\\Users\\ivysa\\Downloads\\winlogbeat-9.3.3-windows-x86_64\\winlogbeat-9.3.3-windows-x86_64\\symon.evtx"}},"error":{"message":"failed to get the event message string: failed in EvtFormatMessage: The message resource is present but the message was not found in the message table."},"host":{"name":"DESKTOP-H6FBQ5J"},"winlog":{"provider_name":"Microsoft-Windows-Sysmon","channel":"Microsoft-Windows-Sysmon/Operational","event_id":"1","opcode":"Info","version":5,"record_id":12,"computer_name":"DESKTOP-H6FBQ5J","event_data":{"User":"NT AUTHORITY\\SYSTEM","Company":"Microsoft Corporation","Image":"C:\\Program Files\\Windows Defender\\MpCmdRun.exe","ParentImage":"C:\\Program Files\\Windows Defender\\MsMpEng.exe","ParentUser":"NT AUTHORITY\\SYSTEM","IntegrityLevel":"System","ParentProcessGuid":"{8F7AB6F6-4E88-69DF-5600-000000000500}","ParentCommandLine":"\"C:\\Program Files\\Windows Defender\\MsMpEng.exe\"","RuleName":"-","OriginalFileName":"MpCmdRun.exe","LogonId":"0x3e7","CommandLine":"\"C:\\Program Files\\Windows Defender\\MpCmdRun.exe\" SignaturesUpdateService -ScheduleJob -UnmanagedUpdate","ParentProcessId":"2032","Product":"Microsoft® Windows® Operating System","ProcessId":"5620","FileVersion":"4.18.1807.18075 (GitEnlistment(winpbld).180719-0853)","Hashes":"MD5=288D836B81E809EB33CDCCAA9D1AB395,SHA256=81F85A88DD1829663D5E748CA95709EFF5328444BBDB2C888F85124D939F6899,IMPHASH=FFAEA1E2634A3119C40B178379C9863F","CurrentDirectory":"C:\\Windows\\system32\\","TerminalSessionId":"0","Description":"Microsoft Malware Protection Command Line Utility","LogonGuid":"{8F7AB6F6-4E81-69DF-E703-000000000000}","UtcTime":"2026-04-15 08:48:33.834","ProcessGuid":"{8F7AB6F6-50E1-69DF-6601-000000000500}"},"process":{"pid":6668,"thread":{"id":6376}},"error":{},"provider_guid":"{5770385F-C22A-43E0-BF4C-06F5698FFBD9}","user":{"type":"Well Known Group","identifier":"S-1-5-18","domain":"NT AUTHORITY","name":"SYSTEM"}},"event":{"kind":"event","provider":"Microsoft-Windows-Sysmon","created":"2026-04-15T13:13:46.583Z","code":"1"},"agent":{"id":"0ae603cf-457e-4a6f-bbde-51c28f1a031e","name":"DESKTOP-IKR997B","type":"winlogbeat","version":"9.3.3","ephemeral_id":"f8d845b8-8ac1-43f8-9a65-a6e7c2082e2f"},"ecs":{"version":"8.0.0"}}
{"@timestamp":"2026-04-15T08:49:03.574Z","@metadata":{"beat":"winlogbeat","type":"_doc","version":"9.3.3"},"winlog":{"channel":"Microsoft-Windows-Sysmon/Operational","computer_name":"DESKTOP-H6FBQ5J","opcode":"Info","provider_guid":"{5770385F-C22A-43E0-BF4C-06F5698FFBD9}","event_id":"1","event_data":{"OriginalFileName":"taskhostw.exe","RuleName":"-","Image":"C:\\Windows\\System32\\taskhostw.exe","FileVersion":"10.0.17763.1 (WinBuild.160101.0800)","ParentUser":"NT AUTHORITY\\SYSTEM","CurrentDirectory":"C:\\Windows\\system32\\","IntegrityLevel":"System","ParentImage":"C:\\Windows\\System32\\svchost.exe","ProcessId":"3524","Company":"Microsoft Corporation","ParentProcessGuid":"{8F7AB6F6-4E82-69DF-1B00-000000000500}","Description":"Host Process for Windows Tasks","User":"NT AUTHORITY\\SYSTEM","ParentProcessId":"420","CommandLine":"taskhostw.exe -RegisterDevice -ProtectionStateChanged -FreeNetworkOnly","LogonGuid":"{8F7AB6F6-4E81-69DF-E703-000000000000}","ProcessGuid":"{8F7AB6F6-50FF-69DF-6D01-000000000500}","LogonId":"0x3e7","ParentCommandLine":"C:\\Windows\\system32\\svchost.exe -k netsvcs -p -s Schedule","UtcTime":"2026-04-15 08:49:03.544","TerminalSessionId":"0","Hashes":"MD5=F225F37717C8D714B56CF21C7C1E9C34,SHA256=E272D0E33299BCA60479683EAE0D9B5D880293C01B337D5759FEE812EA631A39,IMPHASH=9839C7FD9649496B162F72128209528A","Product":"Microsoft® Windows® Operating System"},"process":{"pid":6668,"thread":{"id":6376}},"error":{},"record_id":13,"version":5,"user":{"name":"SYSTEM","type":"Well Known Group","identifier":"S-1-5-18","domain":"NT AUTHORITY"},"provider_name":"Microsoft-Windows-Sysmon"},"event":{"kind":"event","provider":"Microsoft-Windows-Sysmon","created":"2026-04-15T13:13:46.583Z","code":"1"},"log":{"level":"information","file":{"path":"C:\\Users\\ivysa\\Downloads\\winlogbeat-9.3.3-windows-x86_64\\winlogbeat-9.3.3-windows-x86_64\\symon.evtx"}},"error":{"message":"failed to get the event message string: failed in EvtFormatMessage: The message resource is present but the message was not found in the message table."},"host":{"name":"DESKTOP-H6FBQ5J"},"agent":{"ephemeral_id":"f8d845b8-8ac1-43f8-9a65-a6e7c2082e2f","id":"0ae603cf-457e-4a6f-bbde-51c28f1a031e","name":"DESKTOP-IKR997B","type":"winlogbeat","version":"9.3.3"},"ecs":{"version":"8.0.0"}}
{"@timestamp":"2026-04-15T08:49:04.032Z","@metadata":{"beat":"winlogbeat","type":"_doc","version":"9.3.3"},"agent":{"type":"winlogbeat","version":"9.3.3","ephemeral_id":"f8d845b8-8ac1-43f8-9a65-a6e7c2082e2f","id":"0ae603cf-457e-4a6f-bbde-51c28f1a031e","name":"DESKTOP-IKR997B"},"ecs":{"version":"8.0.0"},"host":{"name":"DESKTOP-H6FBQ5J"},"winlog":{"computer_name":"DESKTOP-H6FBQ5J","event_id":"1","provider_guid":"{5770385F-C22A-43E0-BF4C-06F5698FFBD9}","version":5,"provider_name":"Microsoft-Windows-Sysmon","user":{"type":"Well Known Group","identifier":"S-1-5-18","domain":"NT AUTHORITY","name":"SYSTEM"},"error":{},"channel":"Microsoft-Windows-Sysmon/Operational","opcode":"Info","event_data":{"OriginalFileName":"FileCoAuth.exe","RuleName":"-","LogonId":"0x12b58","ProcessGuid":"{8F7AB6F6-50FF-69DF-7001-000000000500}","ParentCommandLine":"C:\\Windows\\system32\\svchost.exe -k DcomLaunch -p","ParentProcessId":"720","ParentUser":"NT AUTHORITY\\SYSTEM","CurrentDirectory":"C:\\Windows\\system32\\","User":"DESKTOP-H6FBQ5J\\windows","ParentImage":"C:\\Windows\\System32\\svchost.exe","LogonGuid":"{8F7AB6F6-4E83-69DF-582B-010000000000}","FileVersion":"26.051.0316.0004","CommandLine":"\"C:\\Users\\windows\\AppData\\Local\\Microsoft\\OneDrive\\26.051.0316.0004\\FileCoAuth.exe\" -Embedding","Image":"C:\\Users\\windows\\AppData\\Local\\Microsoft\\OneDrive\\26.051.0316.0004\\FileCoAuth.exe","ParentProcessGuid":"{8F7AB6F6-4E81-69DF-1000-000000000500}","UtcTime":"2026-04-15 08:49:03.963","Company":"Microsoft Corporation","IntegrityLevel":"Medium","Hashes":"MD5=4940CFC3F37E8D1F0C62EC189CF72730,SHA256=3310DED4CDD033B3F1B27BAC38C998983C57E5CFBCC549C3298EAAA76B37FD49,IMPHASH=65972A0597B9AADFFF345CFDF6D1DB79","Product":"Microsoft OneDrive","TerminalSessionId":"1","Description":"Microsoft OneDriveFile Co-Authoring Executable","ProcessId":"6588"},"process":{"thread":{"id":6376},"pid":6668},"record_id":14},"event":{"code":"1","kind":"event","provider":"Microsoft-Windows-Sysmon","created":"2026-04-15T13:13:46.583Z"},"log":{"level":"information","file":{"path":"C:\\Users\\ivysa\\Downloads\\winlogbeat-9.3.3-windows-x86_64\\winlogbeat-9.3.3-windows-x86_64\\symon.evtx"}},"error":{"message":"failed to get the event message string: failed in EvtFormatMessage: The message resource is present but the message was not found in the message table."}}
{"@timestamp":"2026-04-15T08:49:04.566Z","@metadata":{"beat":"winlogbeat","type":"_doc","version":"9.3.3"},"log":{"level":"information","file":{"path":"C:\\Users\\ivysa\\Downloads\\winlogbeat-9.3.3-windows-x86_64\\winlogbeat-9.3.3-windows-x86_64\\symon.evtx"}},"error":{"message":"failed to get the event message string: failed in EvtFormatMessage: The message resource is present but the message was not found in the message table."},"host":{"name":"DESKTOP-H6FBQ5J"},"winlog":{"computer_name":"DESKTOP-H6FBQ5J","channel":"Microsoft-Windows-Sysmon/Operational","provider_name":"Microsoft-Windows-Sysmon","opcode":"Info","event_data":{"Product":"Microsoft® Windows® Operating System","CurrentDirectory":"C:\\Windows\\system32\\","ParentProcessGuid":"{8F7AB6F6-4E81-69DF-0B00-000000000500}","ParentCommandLine":"C:\\Windows\\system32\\services.exe","RuleName":"-","Description":"Host Process for Windows Services","User":"NT AUTHORITY\\SYSTEM","ProcessGuid":"{8F7AB6F6-5100-69DF-7201-000000000500}","UtcTime":"2026-04-15 08:49:04.561","ProcessId":"9124","LogonGuid":"{8F7AB6F6-4E81-69DF-E703-000000000000}","ParentImage":"C:\\Windows\\System32\\services.exe","TerminalSessionId":"0","Image":"C:\\Windows\\System32\\svchost.exe","FileVersion":"10.0.17763.1 (WinBuild.160101.0800)","Company":"Microsoft Corporation","ParentProcessId":"548","CommandLine":"C:\\Windows\\system32\\svchost.exe -k netsvcs -p -s gpsvc","Hashes":"MD5=8A0A29438052FAED8A2532DA50455756,SHA256=7FD065BAC18C5278777AE44908101CDFED72D26FA741367F0AD4D02020787AB6,IMPHASH=247B9220E5D9B720A82B2C8B5069AD69","OriginalFileName":"svchost.exe","IntegrityLevel":"System","ParentUser":"NT AUTHORITY\\SYSTEM","LogonId":"0x3e7"},"process":{"pid":6668,"thread":{"id":6376}},"provider_guid":"{5770385F-C22A-43E0-BF4C-06F5698FFBD9}","user":{"name":"SYSTEM","type":"Well Known Group","identifier":"S-1-5-18","domain":"NT AUTHORITY"},"version":5,"error":{},"event_id":"1","record_id":15},"event":{"provider":"Microsoft-Windows-Sysmon","created":"2026-04-15T13:13:46.583Z","code":"1","kind":"event"},"ecs":{"version":"8.0.0"},"agent":{"version":"9.3.3","ephemeral_id":"f8d845b8-8ac1-43f8-9a65-a6e7c2082e2f","id":"0ae603cf-457e-4a6f-bbde-51c28f1a031e","name":"DESKTOP-IKR997B","type":"winlogbeat"}}
{"@timestamp":"2026-04-15T08:49:10.504Z","@metadata":{"beat":"winlogbeat","type":"_doc","version":"9.3.3"},"error":{"message":"failed to get the event message string: failed in EvtFormatMessage: The message resource is present but the message was not found in the message table."},"host":{"name":"DESKTOP-H6FBQ5J"},"ecs":{"version":"8.0.0"},"agent":{"ephemeral_id":"f8d845b8-8ac1-43f8-9a65-a6e7c2082e2f","id":"0ae603cf-457e-4a6f-bbde-51c28f1a031e","name":"DESKTOP-IKR997B","type":"winlogbeat","version":"9.3.3"},"winlog":{"record_id":16,"computer_name":"DESKTOP-H6FBQ5J","user":{"domain":"NT AUTHORITY","name":"SYSTEM","type":"Well Known Group","identifier":"S-1-5-18"},"channel":"Microsoft-Windows-Sysmon/Operational","provider_guid":"{5770385F-C22A-43E0-BF4C-06F5698FFBD9}","version":3,"event_data":{"RuleName":"-","UtcTime":"2026-04-15 08:49:10.503","ProcessGuid":"{8F7AB6F6-50FF-69DF-7001-000000000500}","ProcessId":"6588","Image":"C:\\Users\\windows\\AppData\\Local\\Microsoft\\OneDrive\\26.051.0316.0004\\FileCoAuth.exe","User":"DESKTOP-H6FBQ5J\\windows"},"process":{"pid":6668,"thread":{"id":6376}},"error":{},"event_id":"5","opcode":"Info","provider_name":"Microsoft-Windows-Sysmon"},"event":{"provider":"Microsoft-Windows-Sysmon","created":"2026-04-15T13:13:46.583Z","code":"5","kind":"event"},"log":{"level":"information","file":{"path":"C:\\Users\\ivysa\\Downloads\\winlogbeat-9.3.3-windows-x86_64\\winlogbeat-9.3.3-windows-x86_64\\symon.evtx"}}}
{"@timestamp":"2026-04-15T08:49:22.211Z","@metadata":{"beat":"winlogbeat","type":"_doc","version":"9.3.3"},"winlog":{"event_id":"11","provider_name":"Microsoft-Windows-Sysmon","record_id":17,"provider_guid":"{5770385F-C22A-43E0-BF4C-06F5698FFBD9}","version":2,"user":{"identifier":"S-1-5-18","domain":"NT AUTHORITY","name":"SYSTEM","type":"Well Known Group"},"event_data":{"CreationUtcTime":"2026-04-15 08:49:22.051","User":"DESKTOP-H6FBQ5J\\windows","RuleName":"Downloads","UtcTime":"2026-04-15 08:49:22.111","ProcessGuid":"{8F7AB6F6-4EAB-69DF-B300-000000000500}","ProcessId":"7728","Image":"C:\\Program Files\\Google\\Chrome\\Application\\chrome.exe","TargetFilename":"C:\\Users\\windows\\Downloads\\bca2aba1-a87d-49b1-ad67-713c9db9d6c6.tmp"},"error":{},"computer_name":"DESKTOP-H6FBQ5J","opcode":"Info","channel":"Microsoft-Windows-Sysmon/Operational","process":{"thread":{"id":6376},"pid":6668}},"event":{"kind":"event","provider":"Microsoft-Windows-Sysmon","created":"2026-04-15T13:13:46.584Z","code":"11"},"log":{"level":"information","file":{"path":"C:\\Users\\ivysa\\Downloads\\winlogbeat-9.3.3-windows-x86_64\\winlogbeat-9.3.3-windows-x86_64\\symon.evtx"}},"error":{"message":"failed to get the event message string: failed in EvtFormatMessage: The message resource is present but the message was not found in the message table."},"host":{"name":"DESKTOP-H6FBQ5J"},"ecs":{"version":"8.0.0"},"agent":{"ephemeral_id":"f8d845b8-8ac1-43f8-9a65-a6e7c2082e2f","id":"0ae603cf-457e-4a6f-bbde-51c28f1a031e","name":"DESKTOP-IKR997B","type":"winlogbeat","version":"9.3.3"}}
{"@timestamp":"2026-04-15T08:49:24.135Z","@metadata":{"beat":"winlogbeat","type":"_doc","version":"9.3.3"},"error":{"message":"failed to get the event message string: failed in EvtFormatMessage: The message resource is present but the message was not found in the message table."},"host":{"name":"DESKTOP-H6FBQ5J"},"winlog":{"opcode":"Info","version":2,"provider_guid":"{5770385F-C22A-43E0-BF4C-06F5698FFBD9}","process":{"pid":6668,"thread":{"id":6376}},"provider_name":"Microsoft-Windows-Sysmon","record_id":18,"event_data":{"User":"DESKTOP-H6FBQ5J\\windows","ProcessGuid":"{8F7AB6F6-5113-69DF-7501-000000000500}","Image":"C:\\Program Files\\Google\\Chrome\\Application\\chrome.exe","TargetFilename":"C:\\Users\\windows\\Downloads\\00202340108c101d59bbfb3daa4bbd6b4436c167e3c9734c07bfbdcb1402f746.zip","RuleName":"-","ProcessId":"7432","Hash":"MD5=F28114770CD1D853E4765379A0CA8769,SHA256=13708413C221355F5437D2ACC48B456E42BCB8E59D801A1EDF31253FCF0413D2,IMPHASH=00000000000000000000000000000000","Contents":"-","UtcTime":"2026-04-15 08:49:24.081","CreationUtcTime":"2026-04-15 08:49:22.051"},"channel":"Microsoft-Windows-Sysmon/Operational","user":{"domain":"NT AUTHORITY","name":"SYSTEM","type":"Well Known Group","identifier":"S-1-5-18"},"error":{},"event_id":"15","computer_name":"DESKTOP-H6FBQ5J"},"event":{"code":"15","kind":"event","provider":"Microsoft-Windows-Sysmon","created":"2026-04-15T13:13:46.584Z"},"ecs":{"version":"8.0.0"},"agent":{"name":"DESKTOP-IKR997B","type":"winlogbeat","version":"9.3.3","ephemeral_id":"f8d845b8-8ac1-43f8-9a65-a6e7c2082e2f","id":"0ae603cf-457e-4a6f-bbde-51c28f1a031e"},"log":{"level":"information","file":{"path":"C:\\Users\\ivysa\\Downloads\\winlogbeat-9.3.3-windows-x86_64\\winlogbeat-9.3.3-windows-x86_64\\symon.evtx"}}}
{"@timestamp":"2026-04-15T08:49:24.135Z","@metadata":{"beat":"winlogbeat","type":"_doc","version":"9.3.3"},"log":{"file":{"path":"C:\\Users\\ivysa\\Downloads\\winlogbeat-9.3.3-windows-x86_64\\winlogbeat-9.3.3-windows-x86_64\\symon.evtx"},"level":"information"},"error":{"message":"failed to get the event message string: failed in EvtFormatMessage: The message resource is present but the message was not found in the message table."},"host":{"name":"DESKTOP-H6FBQ5J"},"winlog":{"event_id":"11","error":{},"channel":"Microsoft-Windows-Sysmon/Operational","provider_name":"Microsoft-Windows-Sysmon","record_id":19,"version":2,"user":{"domain":"NT AUTHORITY","name":"SYSTEM","type":"Well Known Group","identifier":"S-1-5-18"},"event_data":{"ProcessId":"7432","Image":"C:\\Program Files\\Google\\Chrome\\Application\\chrome.exe","TargetFilename":"C:\\Users\\windows\\Downloads\\00202340108c101d59bbfb3daa4bbd6b4436c167e3c9734c07bfbdcb1402f746.zip:Zone.Identifier","CreationUtcTime":"2026-04-15 08:49:22.051","User":"DESKTOP-H6FBQ5J\\windows","RuleName":"Downloads","UtcTime":"2026-04-15 08:49:24.081","ProcessGuid":"{8F7AB6F6-5113-69DF-7501-000000000500}"},"provider_guid":"{5770385F-C22A-43E0-BF4C-06F5698FFBD9}","process":{"pid":6668,"thread":{"id":6376}},"computer_name":"DESKTOP-H6FBQ5J","opcode":"Info"},"event":{"created":"2026-04-15T13:13:46.584Z","code":"11","kind":"event","provider":"Microsoft-Windows-Sysmon"},"ecs":{"version":"8.0.0"},"agent":{"ephemeral_id":"f8d845b8-8ac1-43f8-9a65-a6e7c2082e2f","id":"0ae603cf-457e-4a6f-bbde-51c28f1a031e","name":"DESKTOP-IKR997B","type":"winlogbeat","version":"9.3.3"}}
{"@timestamp":"2026-04-15T08:49:24.186Z","@metadata":{"beat":"winlogbeat","type":"_doc","version":"9.3.3"},"agent":{"ephemeral_id":"f8d845b8-8ac1-43f8-9a65-a6e7c2082e2f","id":"0ae603cf-457e-4a6f-bbde-51c28f1a031e","name":"DESKTOP-IKR997B","type":"winlogbeat","version":"9.3.3"},"event":{"created":"2026-04-15T13:13:46.584Z","code":"15","kind":"event","provider":"Microsoft-Windows-Sysmon"},"log":{"level":"information","file":{"path":"C:\\Users\\ivysa\\Downloads\\winlogbeat-9.3.3-windows-x86_64\\winlogbeat-9.3.3-windows-x86_64\\symon.evtx"}},"error":{"message":"failed to get the event message string: failed in EvtFormatMessage: The message resource is present but the message was not found in the message table."},"host":{"name":"DESKTOP-H6FBQ5J"},"winlog":{"user":{"name":"SYSTEM","type":"Well Known Group","identifier":"S-1-5-18","domain":"NT AUTHORITY"},"event_data":{"User":"DESKTOP-H6FBQ5J\\windows","Image":"C:\\Program Files\\Google\\Chrome\\Application\\chrome.exe","CreationUtcTime":"2026-04-15 08:49:22.051","Hash":"MD5=FBCCF14D504B7B2DBCB5A5BDA75BD93B,SHA256=EACD09517CE90D34BA562171D15AC40D302F0E691B439F91BE1B6406E25F5913,IMPHASH=00000000000000000000000000000000","ProcessGuid":"{8F7AB6F6-5113-69DF-7501-000000000500}","TargetFilename":"C:\\Users\\windows\\Downloads\\00202340108c101d59bbfb3daa4bbd6b4436c167e3c9734c07bfbdcb1402f746.zip:Zone.Identifier","Contents":"[ZoneTransfer]  ZoneId=3  ","RuleName":"-","UtcTime":"2026-04-15 08:49:24.128","ProcessId":"7432"},"event_id":"15","computer_name":"DESKTOP-H6FBQ5J","provider_guid":"{5770385F-C22A-43E0-BF4C-06F5698FFBD9}","provider_name":"Microsoft-Windows-Sysmon","record_id":20,"opcode":"Info","channel":"Microsoft-Windows-Sysmon/Operational","process":{"thread":{"id":6376},"pid":6668},"error":{},"version":2},"ecs":{"version":"8.0.0"}}
{"@timestamp":"2026-04-15T08:49:24.186Z","@metadata":{"beat":"winlogbeat","type":"_doc","version":"9.3.3"},"log":{"file":{"path":"C:\\Users\\ivysa\\Downloads\\winlogbeat-9.3.3-windows-x86_64\\winlogbeat-9.3.3-windows-x86_64\\symon.evtx"},"level":"information"},"ecs":{"version":"8.0.0"},"agent":{"id":"0ae603cf-457e-4a6f-bbde-51c28f1a031e","name":"DESKTOP-IKR997B","type":"winlogbeat","version":"9.3.3","ephemeral_id":"f8d845b8-8ac1-43f8-9a65-a6e7c2082e2f"},"error":{"message":"failed to get the event message string: failed in EvtFormatMessage: The message resource is present but the message was not found in the message table."},"host":{"name":"DESKTOP-H6FBQ5J"},"winlog":{"process":{"pid":6668,"thread":{"id":6376}},"channel":"Microsoft-Windows-Sysmon/Operational","record_id":21,"user":{"identifier":"S-1-5-18","domain":"NT AUTHORITY","name":"SYSTEM","type":"Well Known Group"},"event_data":{"CreationUtcTime":"2026-04-15 08:49:22.051","Hash":"MD5=F28114770CD1D853E4765379A0CA8769,SHA256=13708413C221355F5437D2ACC48B456E42BCB8E59D801A1EDF31253FCF0413D2,IMPHASH=00000000000000000000000000000000","User":"DESKTOP-H6FBQ5J\\windows","TargetFilename":"C:\\Users\\windows\\Downloads\\00202340108c101d59bbfb3daa4bbd6b4436c167e3c9734c07bfbdcb1402f746.zip","RuleName":"-","ProcessId":"7432","Contents":"-","UtcTime":"2026-04-15 08:49:24.128","ProcessGuid":"{8F7AB6F6-5113-69DF-7501-000000000500}","Image":"C:\\Program Files\\Google\\Chrome\\Application\\chrome.exe"},"opcode":"Info","error":{},"event_id":"15","computer_name":"DESKTOP-H6FBQ5J","version":2,"provider_name":"Microsoft-Windows-Sysmon","provider_guid":"{5770385F-C22A-43E0-BF4C-06F5698FFBD9}"},"event":{"created":"2026-04-15T13:13:46.584Z","code":"15","kind":"event","provider":"Microsoft-Windows-Sysmon"}}
{"@timestamp":"2026-04-15T08:49:24.230Z","@metadata":{"beat":"winlogbeat","type":"_doc","version":"9.3.3"},"agent":{"ephemeral_id":"f8d845b8-8ac1-43f8-9a65-a6e7c2082e2f","id":"0ae603cf-457e-4a6f-bbde-51c28f1a031e","name":"DESKTOP-IKR997B","type":"winlogbeat","version":"9.3.3"},"host":{"name":"DESKTOP-H6FBQ5J"},"winlog":{"version":2,"event_data":{"RuleName":"-","UtcTime":"2026-04-15 08:49:24.175","ProcessGuid":"{8F7AB6F6-5113-69DF-7501-000000000500}","ProcessId":"7432","Image":"C:\\Program Files\\Google\\Chrome\\Application\\chrome.exe","TargetFilename":"C:\\Users\\windows\\Downloads\\00202340108c101d59bbfb3daa4bbd6b4436c167e3c9734c07bfbdcb1402f746.zip:Zone.Identifier","CreationUtcTime":"2026-04-15 08:49:22.051","Hash":"MD5=BAD2E2F47C6455639C43D72E6663752A,SHA256=FBF766B78A662C5ED1103E6E1CC8A30A2ADC341E388708A2E2C04617E401AC8B,IMPHASH=00000000000000000000000000000000","Contents":"[ZoneTransfer]  ZoneId=3  ReferrerUrl=https://bazaar.abuse.ch/download/00202340108c101d59bbfb3daa4bbd6b4436c167e3c9734c07bfbdcb1402f746/  ","User":"DESKTOP-H6FBQ5J\\windows"},"event_id":"15","provider_name":"Microsoft-Windows-Sysmon","record_id":22,"user":{"name":"SYSTEM","type":"Well Known Group","identifier":"S-1-5-18","domain":"NT AUTHORITY"},"computer_name":"DESKTOP-H6FBQ5J","opcode":"Info","process":{"pid":6668,"thread":{"id":6376}},"error":{},"channel":"Microsoft-Windows-Sysmon/Operational","provider_guid":"{5770385F-C22A-43E0-BF4C-06F5698FFBD9}"},"event":{"created":"2026-04-15T13:13:46.584Z","code":"15","kind":"event","provider":"Microsoft-Windows-Sysmon"},"log":{"level":"information","file":{"path":"C:\\Users\\ivysa\\Downloads\\winlogbeat-9.3.3-windows-x86_64\\winlogbeat-9.3.3-windows-x86_64\\symon.evtx"}},"error":{"message":"failed to get the event message string: failed in EvtFormatMessage: The message resource is present but the message was not found in the message table."},"ecs":{"version":"8.0.0"}}
{"@timestamp":"2026-04-15T08:49:24.230Z","@metadata":{"beat":"winlogbeat","type":"_doc","version":"9.3.3"},"agent":{"id":"0ae603cf-457e-4a6f-bbde-51c28f1a031e","name":"DESKTOP-IKR997B","type":"winlogbeat","version":"9.3.3","ephemeral_id":"f8d845b8-8ac1-43f8-9a65-a6e7c2082e2f"},"log":{"level":"information","file":{"path":"C:\\Users\\ivysa\\Downloads\\winlogbeat-9.3.3-windows-x86_64\\winlogbeat-9.3.3-windows-x86_64\\symon.evtx"}},"error":{"message":"failed to get the event message string: failed in EvtFormatMessage: The message resource is present but the message was not found in the message table."},"host":{"name":"DESKTOP-H6FBQ5J"},"winlog":{"event_id":"15","provider_name":"Microsoft-Windows-Sysmon","event_data":{"UtcTime":"2026-04-15 08:49:24.175","Hash":"MD5=F28114770CD1D853E4765379A0CA8769,SHA256=13708413C221355F5437D2ACC48B456E42BCB8E59D801A1EDF31253FCF0413D2,IMPHASH=00000000000000000000000000000000","User":"DESKTOP-H6FBQ5J\\windows","ProcessId":"7432","Image":"C:\\Program Files\\Google\\Chrome\\Application\\chrome.exe","CreationUtcTime":"2026-04-15 08:49:22.051","TargetFilename":"C:\\Users\\windows\\Downloads\\00202340108c101d59bbfb3daa4bbd6b4436c167e3c9734c07bfbdcb1402f746.zip","RuleName":"-","ProcessGuid":"{8F7AB6F6-5113-69DF-7501-000000000500}","Contents":"-"},"record_id":23,"computer_name":"DESKTOP-H6FBQ5J","provider_guid":"{5770385F-C22A-43E0-BF4C-06F5698FFBD9}","version":2,"user":{"type":"Well Known Group","identifier":"S-1-5-18","domain":"NT AUTHORITY","name":"SYSTEM"},"channel":"Microsoft-Windows-Sysmon/Operational","opcode":"Info","process":{"pid":6668,"thread":{"id":6376}},"error":{}},"event":{"kind":"event","provider":"Microsoft-Windows-Sysmon","created":"2026-04-15T13:13:46.584Z","code":"15"},"ecs":{"version":"8.0.0"}}
{"@timestamp":"2026-04-15T08:49:24.309Z","@metadata":{"beat":"winlogbeat","type":"_doc","version":"9.3.3"},"event":{"code":"15","kind":"event","provider":"Microsoft-Windows-Sysmon","created":"2026-04-15T13:13:46.584Z"},"log":{"level":"information","file":{"path":"C:\\Users\\ivysa\\Downloads\\winlogbeat-9.3.3-windows-x86_64\\winlogbeat-9.3.3-windows-x86_64\\symon.evtx"}},"ecs":{"version":"8.0.0"},"agent":{"version":"9.3.3","ephemeral_id":"f8d845b8-8ac1-43f8-9a65-a6e7c2082e2f","id":"0ae603cf-457e-4a6f-bbde-51c28f1a031e","name":"DESKTOP-IKR997B","type":"winlogbeat"},"error":{"message":"failed to get the event message string: failed in EvtFormatMessage: The message resource is present but the message was not found in the message table."},"host":{"name":"DESKTOP-H6FBQ5J"},"winlog":{"error":{},"event_id":"15","provider_name":"Microsoft-Windows-Sysmon","user":{"type":"Well Known Group","identifier":"S-1-5-18","domain":"NT AUTHORITY","name":"SYSTEM"},"process":{"pid":6668,"thread":{"id":6376}},"event_data":{"UtcTime":"2026-04-15 08:49:24.222","RuleName":"-","Hash":"MD5=6793E6B7FE0DB7ABE08ABD4D1BD33BD4,SHA256=C7DBA8BF29A47ADE93A492ADD0975D3E7A0485A17247B594FB3BD7CBA03BAECA,IMPHASH=00000000000000000000000000000000","ProcessId":"7432","Image":"C:\\Program Files\\Google\\Chrome\\Application\\chrome.exe","CreationUtcTime":"2026-04-15 08:49:22.051","User":"DESKTOP-H6FBQ5J\\windows","ProcessGuid":"{8F7AB6F6-5113-69DF-7501-000000000500}","TargetFilename":"C:\\Users\\windows\\Downloads\\00202340108c101d59bbfb3daa4bbd6b4436c167e3c9734c07bfbdcb1402f746.zip:Zone.Identifier","Contents":"[ZoneTransfer]  ZoneId=3  ReferrerUrl=https://bazaar.abuse.ch/download/00202340108c101d59bbfb3daa4bbd6b4436c167e3c9734c07bfbdcb1402f746/  HostUrl=https://bazaar.abuse.ch/download/87fed9dce6129509fc1a/  "},"record_id":24,"computer_name":"DESKTOP-H6FBQ5J","provider_guid":"{5770385F-C22A-43E0-BF4C-06F5698FFBD9}","channel":"Microsoft-Windows-Sysmon/Operational","opcode":"Info","version":2}}
{"@timestamp":"2026-04-15T08:49:25.316Z","@metadata":{"beat":"winlogbeat","type":"_doc","version":"9.3.3"},"host":{"name":"DESKTOP-H6FBQ5J"},"ecs":{"version":"8.0.0"},"agent":{"ephemeral_id":"f8d845b8-8ac1-43f8-9a65-a6e7c2082e2f","id":"0ae603cf-457e-4a6f-bbde-51c28f1a031e","name":"DESKTOP-IKR997B","type":"winlogbeat","version":"9.3.3"},"winlog":{"version":2,"user":{"domain":"NT AUTHORITY","name":"SYSTEM","type":"Well Known Group","identifier":"S-1-5-18"},"provider_name":"Microsoft-Windows-Sysmon","record_id":25,"computer_name":"DESKTOP-H6FBQ5J","event_data":{"TargetObject":"HKU\\S-1-5-21-3775872478-390322037-581647961-1001\\Software\\Microsoft\\Windows\\CurrentVersion\\Shell Extensions\\Cached\\{44090B31-CDF9-4AD1-8182-DB5DA3627974} {7F9185B0-CB92-43C5-80A9-92277A4F7B54} 0xFFFF","ProcessGuid":"{8F7AB6F6-4FBE-69DF-2501-000000000500}","Details":"Binary Data","RuleName":"-","ProcessId":"7512","EventType":"SetValue","UtcTime":"2026-04-15 08:49:25.287","User":"DESKTOP-H6FBQ5J\\windows","Image":"C:\\Windows\\System32\\RuntimeBroker.exe"},"event_id":"13","opcode":"Info","process":{"pid":6668,"thread":{"id":6376}},"error":{},"channel":"Microsoft-Windows-Sysmon/Operational","provider_guid":"{5770385F-C22A-43E0-BF4C-06F5698FFBD9}"},"event":{"provider":"Microsoft-Windows-Sysmon","created":"2026-04-15T13:13:46.584Z","code":"13","kind":"event"},"log":{"file":{"path":"C:\\Users\\ivysa\\Downloads\\winlogbeat-9.3.3-windows-x86_64\\winlogbeat-9.3.3-windows-x86_64\\symon.evtx"},"level":"information"},"error":{"message":"failed to get the event message string: failed in EvtFormatMessage: The message resource is present but the message was not found in the message table."}}
