{"@timestamp":"2026-04-15T08:51:41.309Z","@metadata":{"beat":"winlogbeat","type":"_doc","version":"9.3.3"},"agent":{"type":"winlogbeat","version":"9.3.3","ephemeral_id":"f8d845b8-8ac1-43f8-9a65-a6e7c2082e2f","id":"0ae603cf-457e-4a6f-bbde-51c28f1a031e","name":"DESKTOP-IKR997B"},"log":{"level":"information","file":{"path":"C:\\Users\\ivysa\\Downloads\\winlogbeat-9.3.3-windows-x86_64\\winlogbeat-9.3.3-windows-x86_64\\symon.evtx"}},"error":{"message":"failed to get the event message string: failed in EvtFormatMessage: The message resource is present but the message was not found in the message table."},"host":{"name":"DESKTOP-H6FBQ5J"},"winlog":{"record_id":535,"provider_guid":"{5770385F-C22A-43E0-BF4C-06F5698FFBD9}","event_data":{"ProcessId":"3952","User":"DESKTOP-H6FBQ5J\\windows","Image":"C:\\Windows\\Explorer.EXE","TargetObject":"HKU\\S-1-5-21-3775872478-390322037-581647961-1001\\Software\\Microsoft\\Windows\\CurrentVersion\\Shell Extensions\\Cached\\{5B69A6B4-393B-459C-8EBB-214237A9E7AC} {000214E4-0000-0000-C000-000000000046} 0xFFFF","EventType":"SetValue","ProcessGuid":"{8F7AB6F6-4E8A-69DF-6700-000000000500}","Details":"Binary Data","RuleName":"-","UtcTime":"2026-04-15 08:51:41.239"},"event_id":"13","provider_name":"Microsoft-Windows-Sysmon","error":{},"opcode":"Info","user":{"domain":"NT AUTHORITY","name":"SYSTEM","type":"Well Known Group","identifier":"S-1-5-18"},"channel":"Microsoft-Windows-Sysmon/Operational","computer_name":"DESKTOP-H6FBQ5J","version":2,"process":{"pid":6668,"thread":{"id":6376}}},"event":{"kind":"event","provider":"Microsoft-Windows-Sysmon","created":"2026-04-15T13:13:46.681Z","code":"13"},"ecs":{"version":"8.0.0"}}
{"@timestamp":"2026-04-15T08:51:42.867Z","@metadata":{"beat":"winlogbeat","type":"_doc","version":"9.3.3"},"ecs":{"version":"8.0.0"},"agent":{"ephemeral_id":"f8d845b8-8ac1-43f8-9a65-a6e7c2082e2f","id":"0ae603cf-457e-4a6f-bbde-51c28f1a031e","name":"DESKTOP-IKR997B","type":"winlogbeat","version":"9.3.3"},"winlog":{"computer_name":"DESKTOP-H6FBQ5J","opcode":"Info","event_data":{"ProcessGuid":"{8F7AB6F6-519E-69DF-AA01-000000000500}","Description":"Bandizip","ParentUser":"DESKTOP-H6FBQ5J\\windows","UtcTime":"2026-04-15 08:51:42.760","CurrentDirectory":"C:\\Users\\windows\\Downloads\\","IntegrityLevel":"Medium","ParentImage":"C:\\Windows\\explorer.exe","ParentCommandLine":"C:\\Windows\\Explorer.EXE","Hashes":"MD5=56B8AF15B7C218EF7F0174CC372EB05D,SHA256=06FC987D4CE54F2F5E342A9EFCF67CA88DB101F4694E8C03444903F9124C889A,IMPHASH=C9EEACD9FB5070A017158D1AE2F2986D","ParentProcessId":"3952","ParentProcessGuid":"{8F7AB6F6-4E8A-69DF-6700-000000000500}","Image":"C:\\Program Files\\Bandizip\\Bandizip.exe","TerminalSessionId":"1","RuleName":"-","FileVersion":"7.42.0.5","OriginalFileName":"Bandizip.exe","CommandLine":"\"C:\\Program Files\\Bandizip\\Bandizip.exe\" \"C:\\Users\\windows\\Downloads\\00202340108c101d59bbfb3daa4bbd6b4436c167e3c9734c07bfbdcb1402f746.zip\"","LogonId":"0x12b58","User":"DESKTOP-H6FBQ5J\\windows","LogonGuid":"{8F7AB6F6-4E83-69DF-582B-010000000000}","ProcessId":"7544","Company":"Bandisoft International Inc.","Product":"Bandizip"},"provider_name":"Microsoft-Windows-Sysmon","record_id":536,"provider_guid":"{5770385F-C22A-43E0-BF4C-06F5698FFBD9}","version":5,"event_id":"1","user":{"type":"Well Known Group","identifier":"S-1-5-18","domain":"NT AUTHORITY","name":"SYSTEM"},"process":{"pid":6668,"thread":{"id":6376}},"error":{},"channel":"Microsoft-Windows-Sysmon/Operational"},"event":{"created":"2026-04-15T13:13:46.681Z","code":"1","kind":"event","provider":"Microsoft-Windows-Sysmon"},"log":{"file":{"path":"C:\\Users\\ivysa\\Downloads\\winlogbeat-9.3.3-windows-x86_64\\winlogbeat-9.3.3-windows-x86_64\\symon.evtx"},"level":"information"},"error":{"message":"failed to get the event message string: failed in EvtFormatMessage: The message resource is present but the message was not found in the message table."},"host":{"name":"DESKTOP-H6FBQ5J"}}
{"@timestamp":"2026-04-15T08:51:50.062Z","@metadata":{"beat":"winlogbeat","type":"_doc","version":"9.3.3"},"winlog":{"event_data":{"Image":"C:\\Windows\\system32\\svchost.exe","Details":"Binary Data","User":"NT AUTHORITY\\SYSTEM","TargetObject":"HKU\\S-1-5-21-3775872478-390322037-581647961-1001\\Software\\Microsoft\\Windows NT\\CurrentVersion\\AppCompatFlags\\Compatibility Assistant\\Store\\C:\\Program Files\\Bandizip\\Bandizip.exe","RuleName":"InvDB","UtcTime":"2026-04-15 08:51:50.052","ProcessId":"3976","EventType":"SetValue","ProcessGuid":"{8F7AB6F6-4E8A-69DF-6800-000000000500}"},"opcode":"Info","process":{"pid":6668,"thread":{"id":6376}},"error":{},"record_id":537,"computer_name":"DESKTOP-H6FBQ5J","channel":"Microsoft-Windows-Sysmon/Operational","provider_name":"Microsoft-Windows-Sysmon","provider_guid":"{5770385F-C22A-43E0-BF4C-06F5698FFBD9}","version":2,"user":{"identifier":"S-1-5-18","domain":"NT AUTHORITY","name":"SYSTEM","type":"Well Known Group"},"event_id":"13"},"event":{"created":"2026-04-15T13:13:46.681Z","code":"13","kind":"event","provider":"Microsoft-Windows-Sysmon"},"log":{"level":"information","file":{"path":"C:\\Users\\ivysa\\Downloads\\winlogbeat-9.3.3-windows-x86_64\\winlogbeat-9.3.3-windows-x86_64\\symon.evtx"}},"error":{"message":"failed to get the event message string: failed in EvtFormatMessage: The message resource is present but the message was not found in the message table."},"host":{"name":"DESKTOP-H6FBQ5J"},"ecs":{"version":"8.0.0"},"agent":{"ephemeral_id":"f8d845b8-8ac1-43f8-9a65-a6e7c2082e2f","id":"0ae603cf-457e-4a6f-bbde-51c28f1a031e","name":"DESKTOP-IKR997B","type":"winlogbeat","version":"9.3.3"}}
{"@timestamp":"2026-04-15T08:51:51.123Z","@metadata":{"beat":"winlogbeat","type":"_doc","version":"9.3.3"},"host":{"name":"DESKTOP-H6FBQ5J"},"ecs":{"version":"8.0.0"},"agent":{"ephemeral_id":"f8d845b8-8ac1-43f8-9a65-a6e7c2082e2f","id":"0ae603cf-457e-4a6f-bbde-51c28f1a031e","name":"DESKTOP-IKR997B","type":"winlogbeat","version":"9.3.3"},"winlog":{"error":{},"channel":"Microsoft-Windows-Sysmon/Operational","event_id":"11","computer_name":"DESKTOP-H6FBQ5J","provider_name":"Microsoft-Windows-Sysmon","provider_guid":"{5770385F-C22A-43E0-BF4C-06F5698FFBD9}","version":2,"user":{"identifier":"S-1-5-18","domain":"NT AUTHORITY","name":"SYSTEM","type":"Well Known Group"},"event_data":{"User":"DESKTOP-H6FBQ5J\\windows","RuleName":"Downloads","UtcTime":"2026-04-15 08:51:51.114","ProcessGuid":"{8F7AB6F6-519E-69DF-AA01-000000000500}","ProcessId":"7544","Image":"C:\\Program Files\\Bandizip\\Bandizip.exe","TargetFilename":"C:\\Users\\windows\\Downloads\\00202340108c101d59bbfb3daa4bbd6b4436c167e3c9734c07bfbdcb1402f746.exe","CreationUtcTime":"2026-04-15 08:51:51.114"},"process":{"pid":6668,"thread":{"id":6376}},"record_id":538,"opcode":"Info"},"event":{"created":"2026-04-15T13:13:46.681Z","code":"11","kind":"event","provider":"Microsoft-Windows-Sysmon"},"log":{"level":"information","file":{"path":"C:\\Users\\ivysa\\Downloads\\winlogbeat-9.3.3-windows-x86_64\\winlogbeat-9.3.3-windows-x86_64\\symon.evtx"}},"error":{"message":"failed to get the event message string: failed in EvtFormatMessage: The message resource is present but the message was not found in the message table."}}
{"@timestamp":"2026-04-15T08:51:51.169Z","@metadata":{"beat":"winlogbeat","type":"_doc","version":"9.3.3"},"agent":{"ephemeral_id":"f8d845b8-8ac1-43f8-9a65-a6e7c2082e2f","id":"0ae603cf-457e-4a6f-bbde-51c28f1a031e","name":"DESKTOP-IKR997B","type":"winlogbeat","version":"9.3.3"},"winlog":{"computer_name":"DESKTOP-H6FBQ5J","user":{"identifier":"S-1-5-18","domain":"NT AUTHORITY","name":"SYSTEM","type":"Well Known Group"},"process":{"pid":6668,"thread":{"id":6376}},"provider_name":"Microsoft-Windows-Sysmon","provider_guid":"{5770385F-C22A-43E0-BF4C-06F5698FFBD9}","version":2,"error":{},"event_id":"15","record_id":539,"opcode":"Info","event_data":{"RuleName":"-","UtcTime":"2026-04-15 08:51:51.130","CreationUtcTime":"2026-04-15 08:51:51.114","Hash":"MD5=CF4840AE85D7ACBA4974D6DD55893D6C,SHA256=00202340108C101D59BBFB3DAA4BBD6B4436C167E3C9734C07BFBDCB1402F746,IMPHASH=22E7125B95ACF497B07E79559BDC556C","TargetFilename":"C:\\Users\\windows\\Downloads\\00202340108c101d59bbfb3daa4bbd6b4436c167e3c9734c07bfbdcb1402f746.exe","User":"DESKTOP-H6FBQ5J\\windows","ProcessId":"7544","Image":"C:\\Program Files\\Bandizip\\Bandizip.exe","ProcessGuid":"{8F7AB6F6-519E-69DF-AA01-000000000500}","Contents":"-"},"channel":"Microsoft-Windows-Sysmon/Operational"},"event":{"code":"15","kind":"event","provider":"Microsoft-Windows-Sysmon","created":"2026-04-15T13:13:46.681Z"},"log":{"level":"information","file":{"path":"C:\\Users\\ivysa\\Downloads\\winlogbeat-9.3.3-windows-x86_64\\winlogbeat-9.3.3-windows-x86_64\\symon.evtx"}},"error":{"message":"failed to get the event message string: failed in EvtFormatMessage: The message resource is present but the message was not found in the message table."},"host":{"name":"DESKTOP-H6FBQ5J"},"ecs":{"version":"8.0.0"}}
{"@timestamp":"2026-04-15T08:51:51.169Z","@metadata":{"beat":"winlogbeat","type":"_doc","version":"9.3.3"},"error":{"message":"failed to get the event message string: failed in EvtFormatMessage: The message resource is present but the message was not found in the message table."},"host":{"name":"DESKTOP-H6FBQ5J"},"ecs":{"version":"8.0.0"},"agent":{"ephemeral_id":"f8d845b8-8ac1-43f8-9a65-a6e7c2082e2f","id":"0ae603cf-457e-4a6f-bbde-51c28f1a031e","name":"DESKTOP-IKR997B","type":"winlogbeat","version":"9.3.3"},"winlog":{"user":{"name":"SYSTEM","type":"Well Known Group","identifier":"S-1-5-18","domain":"NT AUTHORITY"},"provider_name":"Microsoft-Windows-Sysmon","opcode":"Info","event_data":{"TargetFilename":"C:\\Users\\windows\\Downloads\\00202340108c101d59bbfb3daa4bbd6b4436c167e3c9734c07bfbdcb1402f746.exe:Zone.Identifier","CreationUtcTime":"2026-04-15 08:51:51.114","User":"DESKTOP-H6FBQ5J\\windows","RuleName":"Downloads","UtcTime":"2026-04-15 08:51:51.161","ProcessGuid":"{8F7AB6F6-519E-69DF-AA01-000000000500}","ProcessId":"7544","Image":"C:\\Program Files\\Bandizip\\Bandizip.exe"},"error":{},"channel":"Microsoft-Windows-Sysmon/Operational","event_id":"11","provider_guid":"{5770385F-C22A-43E0-BF4C-06F5698FFBD9}","process":{"thread":{"id":6376},"pid":6668},"record_id":540,"computer_name":"DESKTOP-H6FBQ5J","version":2},"event":{"kind":"event","provider":"Microsoft-Windows-Sysmon","created":"2026-04-15T13:13:46.681Z","code":"11"},"log":{"level":"information","file":{"path":"C:\\Users\\ivysa\\Downloads\\winlogbeat-9.3.3-windows-x86_64\\winlogbeat-9.3.3-windows-x86_64\\symon.evtx"}}}
{"@timestamp":"2026-04-15T08:51:51.174Z","@metadata":{"beat":"winlogbeat","type":"_doc","version":"9.3.3"},"agent":{"version":"9.3.3","ephemeral_id":"f8d845b8-8ac1-43f8-9a65-a6e7c2082e2f","id":"0ae603cf-457e-4a6f-bbde-51c28f1a031e","name":"DESKTOP-IKR997B","type":"winlogbeat"},"host":{"name":"DESKTOP-H6FBQ5J"},"winlog":{"record_id":541,"provider_guid":"{5770385F-C22A-43E0-BF4C-06F5698FFBD9}","process":{"thread":{"id":6376},"pid":6668},"channel":"Microsoft-Windows-Sysmon/Operational","version":2,"user":{"domain":"NT AUTHORITY","name":"SYSTEM","type":"Well Known Group","identifier":"S-1-5-18"},"computer_name":"DESKTOP-H6FBQ5J","event_data":{"ProcessGuid":"{8F7AB6F6-519E-69DF-AA01-000000000500}","UtcTime":"2026-04-15 08:51:51.161","TargetFilename":"C:\\Users\\windows\\Downloads\\00202340108c101d59bbfb3daa4bbd6b4436c167e3c9734c07bfbdcb1402f746.exe:Zone.Identifier","Hash":"MD5=6793E6B7FE0DB7ABE08ABD4D1BD33BD4,SHA256=C7DBA8BF29A47ADE93A492ADD0975D3E7A0485A17247B594FB3BD7CBA03BAECA,IMPHASH=00000000000000000000000000000000","Image":"C:\\Program Files\\Bandizip\\Bandizip.exe","CreationUtcTime":"2026-04-15 08:51:51.114","Contents":"[ZoneTransfer]  ZoneId=3  ReferrerUrl=https://bazaar.abuse.ch/download/00202340108c101d59bbfb3daa4bbd6b4436c167e3c9734c07bfbdcb1402f746/  HostUrl=https://bazaar.abuse.ch/download/87fed9dce6129509fc1a/  ","User":"DESKTOP-H6FBQ5J\\windows","ProcessId":"7544","RuleName":"-"},"event_id":"15","provider_name":"Microsoft-Windows-Sysmon","opcode":"Info","error":{}},"event":{"created":"2026-04-15T13:13:46.681Z","code":"15","kind":"event","provider":"Microsoft-Windows-Sysmon"},"log":{"level":"information","file":{"path":"C:\\Users\\ivysa\\Downloads\\winlogbeat-9.3.3-windows-x86_64\\winlogbeat-9.3.3-windows-x86_64\\symon.evtx"}},"error":{"message":"failed to get the event message string: failed in EvtFormatMessage: The message resource is present but the message was not found in the message table."},"ecs":{"version":"8.0.0"}}
{"@timestamp":"2026-04-15T08:52:07.907Z","@metadata":{"beat":"winlogbeat","type":"_doc","version":"9.3.3"},"error":{"message":"failed to get the event message string: failed in EvtFormatMessage: The message resource is present but the message was not found in the message table."},"agent":{"type":"winlogbeat","version":"9.3.3","ephemeral_id":"f8d845b8-8ac1-43f8-9a65-a6e7c2082e2f","id":"0ae603cf-457e-4a6f-bbde-51c28f1a031e","name":"DESKTOP-IKR997B"},"ecs":{"version":"8.0.0"},"host":{"name":"DESKTOP-H6FBQ5J"},"winlog":{"event_id":"13","user":{"type":"Well Known Group","identifier":"S-1-5-18","domain":"NT AUTHORITY","name":"SYSTEM"},"event_data":{"ProcessGuid":"{8F7AB6F6-4E8A-69DF-6700-000000000500}","ProcessId":"3952","UtcTime":"2026-04-15 08:52:07.880","TargetObject":"HKU\\S-1-5-21-3775872478-390322037-581647961-1001\\Software\\Microsoft\\Windows\\CurrentVersion\\Shell Extensions\\Cached\\{939D20AC-8036-406F-BD5C-BF672896BD71} {A08CE4D0-FA25-44AB-B57C-C7B1C323E0B9} 0xFFFF","Details":"Binary Data","RuleName":"-","EventType":"SetValue","Image":"C:\\Windows\\Explorer.EXE","User":"DESKTOP-H6FBQ5J\\windows"},"opcode":"Info","version":2,"computer_name":"DESKTOP-H6FBQ5J","process":{"pid":6668,"thread":{"id":6376}},"error":{},"channel":"Microsoft-Windows-Sysmon/Operational","provider_name":"Microsoft-Windows-Sysmon","record_id":542,"provider_guid":"{5770385F-C22A-43E0-BF4C-06F5698FFBD9}"},"event":{"kind":"event","provider":"Microsoft-Windows-Sysmon","created":"2026-04-15T13:13:46.681Z","code":"13"},"log":{"file":{"path":"C:\\Users\\ivysa\\Downloads\\winlogbeat-9.3.3-windows-x86_64\\winlogbeat-9.3.3-windows-x86_64\\symon.evtx"},"level":"information"}}
{"@timestamp":"2026-04-15T08:52:10.314Z","@metadata":{"beat":"winlogbeat","type":"_doc","version":"9.3.3"},"host":{"name":"DESKTOP-H6FBQ5J"},"ecs":{"version":"8.0.0"},"agent":{"ephemeral_id":"f8d845b8-8ac1-43f8-9a65-a6e7c2082e2f","id":"0ae603cf-457e-4a6f-bbde-51c28f1a031e","name":"DESKTOP-IKR997B","type":"winlogbeat","version":"9.3.3"},"winlog":{"channel":"Microsoft-Windows-Sysmon/Operational","event_id":"13","computer_name":"DESKTOP-H6FBQ5J","opcode":"Info","provider_guid":"{5770385F-C22A-43E0-BF4C-06F5698FFBD9}","record_id":543,"version":2,"user":{"identifier":"S-1-5-18","domain":"NT AUTHORITY","name":"SYSTEM","type":"Well Known Group"},"event_data":{"EventType":"SetValue","ProcessId":"3952","Image":"C:\\Windows\\Explorer.EXE","UtcTime":"2026-04-15 08:52:09.833","Details":"DWORD (0x00000002)","User":"DESKTOP-H6FBQ5J\\windows","RuleName":"T1158","ProcessGuid":"{8F7AB6F6-4E8A-69DF-6700-000000000500}","TargetObject":"HKU\\S-1-5-21-3775872478-390322037-581647961-1001\\Software\\Microsoft\\Windows\\CurrentVersion\\Explorer\\Advanced\\Hidden"},"process":{"pid":6668,"thread":{"id":6376}},"error":{},"provider_name":"Microsoft-Windows-Sysmon"},"event":{"kind":"event","provider":"Microsoft-Windows-Sysmon","created":"2026-04-15T13:13:46.681Z","code":"13"},"log":{"level":"information","file":{"path":"C:\\Users\\ivysa\\Downloads\\winlogbeat-9.3.3-windows-x86_64\\winlogbeat-9.3.3-windows-x86_64\\symon.evtx"}},"error":{"message":"failed to get the event message string: failed in EvtFormatMessage: The message resource is present but the message was not found in the message table."}}
{"@timestamp":"2026-04-15T08:52:10.314Z","@metadata":{"beat":"winlogbeat","type":"_doc","version":"9.3.3"},"event":{"created":"2026-04-15T13:13:46.681Z","code":"13","kind":"event","provider":"Microsoft-Windows-Sysmon"},"log":{"level":"information","file":{"path":"C:\\Users\\ivysa\\Downloads\\winlogbeat-9.3.3-windows-x86_64\\winlogbeat-9.3.3-windows-x86_64\\symon.evtx"}},"error":{"message":"failed to get the event message string: failed in EvtFormatMessage: The message resource is present but the message was not found in the message table."},"host":{"name":"DESKTOP-H6FBQ5J"},"agent":{"name":"DESKTOP-IKR997B","type":"winlogbeat","version":"9.3.3","ephemeral_id":"f8d845b8-8ac1-43f8-9a65-a6e7c2082e2f","id":"0ae603cf-457e-4a6f-bbde-51c28f1a031e"},"ecs":{"version":"8.0.0"},"winlog":{"record_id":544,"event_data":{"UtcTime":"2026-04-15 08:52:09.833","ProcessGuid":"{8F7AB6F6-4E8A-69DF-6700-000000000500}","Image":"C:\\Windows\\Explorer.EXE","TargetObject":"HKU\\S-1-5-21-3775872478-390322037-581647961-1001\\Software\\Microsoft\\Windows\\CurrentVersion\\Explorer\\Advanced\\HideFileExt","Details":"DWORD (0x00000000)","ProcessId":"3952","User":"DESKTOP-H6FBQ5J\\windows","RuleName":"T1158","EventType":"SetValue"},"error":{},"event_id":"13","provider_name":"Microsoft-Windows-Sysmon","version":2,"user":{"type":"Well Known Group","identifier":"S-1-5-18","domain":"NT AUTHORITY","name":"SYSTEM"},"computer_name":"DESKTOP-H6FBQ5J","opcode":"Info","provider_guid":"{5770385F-C22A-43E0-BF4C-06F5698FFBD9}","channel":"Microsoft-Windows-Sysmon/Operational","process":{"pid":6668,"thread":{"id":6376}}}}
{"@timestamp":"2026-04-15T08:52:10.314Z","@metadata":{"beat":"winlogbeat","type":"_doc","version":"9.3.3"},"host":{"name":"DESKTOP-H6FBQ5J"},"ecs":{"version":"8.0.0"},"agent":{"id":"0ae603cf-457e-4a6f-bbde-51c28f1a031e","name":"DESKTOP-IKR997B","type":"winlogbeat","version":"9.3.3","ephemeral_id":"f8d845b8-8ac1-43f8-9a65-a6e7c2082e2f"},"winlog":{"channel":"Microsoft-Windows-Sysmon/Operational","provider_name":"Microsoft-Windows-Sysmon","process":{"thread":{"id":6376},"pid":6668},"computer_name":"DESKTOP-H6FBQ5J","error":{},"event_id":"13","record_id":545,"opcode":"Info","provider_guid":"{5770385F-C22A-43E0-BF4C-06F5698FFBD9}","version":2,"user":{"domain":"NT AUTHORITY","name":"SYSTEM","type":"Well Known Group","identifier":"S-1-5-18"},"event_data":{"UtcTime":"2026-04-15 08:52:09.833","TargetObject":"HKU\\S-1-5-21-3775872478-390322037-581647961-1001\\Software\\Microsoft\\Windows\\CurrentVersion\\Explorer\\Advanced\\ShowSuperHidden","User":"DESKTOP-H6FBQ5J\\windows","RuleName":"T1158","ProcessId":"3952","Image":"C:\\Windows\\Explorer.EXE","Details":"DWORD (0x00000000)","EventType":"SetValue","ProcessGuid":"{8F7AB6F6-4E8A-69DF-6700-000000000500}"}},"event":{"created":"2026-04-15T13:13:46.681Z","code":"13","kind":"event","provider":"Microsoft-Windows-Sysmon"},"log":{"file":{"path":"C:\\Users\\ivysa\\Downloads\\winlogbeat-9.3.3-windows-x86_64\\winlogbeat-9.3.3-windows-x86_64\\symon.evtx"},"level":"information"},"error":{"message":"failed to get the event message string: failed in EvtFormatMessage: The message resource is present but the message was not found in the message table."}}
{"@timestamp":"2026-04-15T08:52:59.848Z","@metadata":{"beat":"winlogbeat","type":"_doc","version":"9.3.3"},"winlog":{"version":5,"error":{},"channel":"Microsoft-Windows-Sysmon/Operational","event_id":"1","process":{"thread":{"id":6376},"pid":6668},"event_data":{"ParentProcessId":"3952","OriginalFileName":"7ZSfxMod_x64.exe","TerminalSessionId":"1","RuleName":"-","Product":"7-Zip SFX","CurrentDirectory":"C:\\Users\\windows\\Downloads\\","ParentCommandLine":"C:\\Windows\\Explorer.EXE","ProcessGuid":"{8F7AB6F6-51EB-69DF-AE01-000000000500}","ProcessId":"6152","Description":"7z Setup SFX (x64)","CommandLine":"\"C:\\Users\\windows\\Downloads\\00202340108c101d59bbfb3daa4bbd6b4436c167e3c9734c07bfbdcb1402f746.exe\" ","Hashes":"MD5=CF4840AE85D7ACBA4974D6DD55893D6C,SHA256=00202340108C101D59BBFB3DAA4BBD6B4436C167E3C9734C07BFBDCB1402F746,IMPHASH=22E7125B95ACF497B07E79559BDC556C","LogonGuid":"{8F7AB6F6-4E83-69DF-582B-010000000000}","Company":"Oleg N. Scherbakov","User":"DESKTOP-H6FBQ5J\\windows","LogonId":"0x12b58","FileVersion":"1.7.1.3901","ParentUser":"DESKTOP-H6FBQ5J\\windows","IntegrityLevel":"Medium","ParentImage":"C:\\Windows\\explorer.exe","ParentProcessGuid":"{8F7AB6F6-4E8A-69DF-6700-000000000500}","UtcTime":"2026-04-15 08:52:59.807","Image":"C:\\Users\\windows\\Downloads\\00202340108c101d59bbfb3daa4bbd6b4436c167e3c9734c07bfbdcb1402f746.exe"},"provider_name":"Microsoft-Windows-Sysmon","opcode":"Info","user":{"type":"Well Known Group","identifier":"S-1-5-18","domain":"NT AUTHORITY","name":"SYSTEM"},"record_id":546,"computer_name":"DESKTOP-H6FBQ5J","provider_guid":"{5770385F-C22A-43E0-BF4C-06F5698FFBD9}"},"event":{"kind":"event","provider":"Microsoft-Windows-Sysmon","created":"2026-04-15T13:13:46.681Z","code":"1"},"log":{"level":"information","file":{"path":"C:\\Users\\ivysa\\Downloads\\winlogbeat-9.3.3-windows-x86_64\\winlogbeat-9.3.3-windows-x86_64\\symon.evtx"}},"error":{"message":"failed to get the event message string: failed in EvtFormatMessage: The message resource is present but the message was not found in the message table."},"ecs":{"version":"8.0.0"},"agent":{"id":"0ae603cf-457e-4a6f-bbde-51c28f1a031e","name":"DESKTOP-IKR997B","type":"winlogbeat","version":"9.3.3","ephemeral_id":"f8d845b8-8ac1-43f8-9a65-a6e7c2082e2f"},"host":{"name":"DESKTOP-H6FBQ5J"}}
{"@timestamp":"2026-04-15T08:52:59.861Z","@metadata":{"beat":"winlogbeat","type":"_doc","version":"9.3.3"},"event":{"provider":"Microsoft-Windows-Sysmon","created":"2026-04-15T13:13:46.681Z","code":"13","kind":"event"},"log":{"level":"information","file":{"path":"C:\\Users\\ivysa\\Downloads\\winlogbeat-9.3.3-windows-x86_64\\winlogbeat-9.3.3-windows-x86_64\\symon.evtx"}},"error":{"message":"failed to get the event message string: failed in EvtFormatMessage: The message resource is present but the message was not found in the message table."},"host":{"name":"DESKTOP-H6FBQ5J"},"ecs":{"version":"8.0.0"},"agent":{"id":"0ae603cf-457e-4a6f-bbde-51c28f1a031e","name":"DESKTOP-IKR997B","type":"winlogbeat","version":"9.3.3","ephemeral_id":"f8d845b8-8ac1-43f8-9a65-a6e7c2082e2f"},"winlog":{"record_id":547,"opcode":"Info","channel":"Microsoft-Windows-Sysmon/Operational","event_id":"13","computer_name":"DESKTOP-H6FBQ5J","user":{"identifier":"S-1-5-18","domain":"NT AUTHORITY","name":"SYSTEM","type":"Well Known Group"},"event_data":{"TargetObject":"HKU\\S-1-5-21-3775872478-390322037-581647961-1001\\Software\\Microsoft\\Windows NT\\CurrentVersion\\AppCompatFlags\\Compatibility Assistant\\Store\\C:\\Users\\windows\\Downloads\\00202340108c101d59bbfb3daa4bbd6b4436c167e3c9734c07bfbdcb1402f746.exe","User":"NT AUTHORITY\\SYSTEM","UtcTime":"2026-04-15 08:52:59.850","ProcessGuid":"{8F7AB6F6-4E8A-69DF-6800-000000000500}","ProcessId":"3976","RuleName":"InvDB","EventType":"SetValue","Image":"C:\\Windows\\system32\\svchost.exe","Details":"Binary Data"},"process":{"thread":{"id":6376},"pid":6668},"error":{},"provider_name":"Microsoft-Windows-Sysmon","provider_guid":"{5770385F-C22A-43E0-BF4C-06F5698FFBD9}","version":2}}
{"@timestamp":"2026-04-15T08:53:00.724Z","@metadata":{"beat":"winlogbeat","type":"_doc","version":"9.3.3"},"error":{"message":"failed to get the event message string: failed in EvtFormatMessage: The message resource is present but the message was not found in the message table."},"host":{"name":"DESKTOP-H6FBQ5J"},"ecs":{"version":"8.0.0"},"agent":{"ephemeral_id":"f8d845b8-8ac1-43f8-9a65-a6e7c2082e2f","id":"0ae603cf-457e-4a6f-bbde-51c28f1a031e","name":"DESKTOP-IKR997B","type":"winlogbeat","version":"9.3.3"},"winlog":{"process":{"thread":{"id":6376},"pid":6668},"computer_name":"DESKTOP-H6FBQ5J","version":5,"error":{},"provider_guid":"{5770385F-C22A-43E0-BF4C-06F5698FFBD9}","event_id":"1","provider_name":"Microsoft-Windows-Sysmon","opcode":"Info","channel":"Microsoft-Windows-Sysmon/Operational","record_id":548,"user":{"identifier":"S-1-5-18","domain":"NT AUTHORITY","name":"SYSTEM","type":"Well Known Group"},"event_data":{"OriginalFileName":"consent.exe","IntegrityLevel":"System","ParentProcessId":"964","ParentImage":"C:\\Windows\\System32\\svchost.exe","ProcessId":"1016","Description":"Consent UI for administrative applications","CurrentDirectory":"C:\\Windows\\system32\\","Hashes":"MD5=748E1969C6B7637AB39AD505DFE600C1,SHA256=6DF9BBEE22B10F164B6087F005BC0F7C8DC648AD68B80E62C48E1C0D18531A54,IMPHASH=522D83761201075834F05037F5307949","ParentProcessGuid":"{8F7AB6F6-4FF1-69DF-3A01-000000000500}","ParentCommandLine":"C:\\Windows\\system32\\svchost.exe -k netsvcs -p -s Appinfo","Image":"C:\\Windows\\System32\\consent.exe","RuleName":"-","LogonId":"0x3e7","CommandLine":"consent.exe 964 724 0000026B2DA36210","LogonGuid":"{8F7AB6F6-4E81-69DF-E703-000000000000}","ProcessGuid":"{8F7AB6F6-51EC-69DF-AF01-000000000500}","Product":"Microsoft® Windows® Operating System","TerminalSessionId":"1","UtcTime":"2026-04-15 08:53:00.722","FileVersion":"10.0.17763.1 (WinBuild.160101.0800)","ParentUser":"NT AUTHORITY\\SYSTEM","User":"NT AUTHORITY\\SYSTEM","Company":"Microsoft Corporation"}},"event":{"kind":"event","provider":"Microsoft-Windows-Sysmon","created":"2026-04-15T13:13:46.681Z","code":"1"},"log":{"level":"information","file":{"path":"C:\\Users\\ivysa\\Downloads\\winlogbeat-9.3.3-windows-x86_64\\winlogbeat-9.3.3-windows-x86_64\\symon.evtx"}}}
{"@timestamp":"2026-04-15T08:53:03.323Z","@metadata":{"beat":"winlogbeat","type":"_doc","version":"9.3.3"},"error":{"message":"failed to get the event message string: failed in EvtFormatMessage: The message resource is present but the message was not found in the message table."},"host":{"name":"DESKTOP-H6FBQ5J"},"winlog":{"process":{"thread":{"id":6376},"pid":6668},"record_id":549,"provider_guid":"{5770385F-C22A-43E0-BF4C-06F5698FFBD9}","provider_name":"Microsoft-Windows-Sysmon","user":{"identifier":"S-1-5-18","domain":"NT AUTHORITY","name":"SYSTEM","type":"Well Known Group"},"event_data":{"User":"DESKTOP-H6FBQ5J\\windows","CommandLine":"\"C:\\Users\\windows\\Downloads\\00202340108c101d59bbfb3daa4bbd6b4436c167e3c9734c07bfbdcb1402f746.exe\" -sfxelevation ","Image":"C:\\Users\\windows\\Downloads\\00202340108c101d59bbfb3daa4bbd6b4436c167e3c9734c07bfbdcb1402f746.exe","Company":"Oleg N. Scherbakov","LogonId":"0x12b19","ProcessId":"1848","Hashes":"MD5=CF4840AE85D7ACBA4974D6DD55893D6C,SHA256=00202340108C101D59BBFB3DAA4BBD6B4436C167E3C9734C07BFBDCB1402F746,IMPHASH=22E7125B95ACF497B07E79559BDC556C","ParentImage":"C:\\Users\\windows\\Downloads\\00202340108c101d59bbfb3daa4bbd6b4436c167e3c9734c07bfbdcb1402f746.exe","ParentUser":"DESKTOP-H6FBQ5J\\windows","Product":"7-Zip SFX","ParentCommandLine":"\"C:\\Users\\windows\\Downloads\\00202340108c101d59bbfb3daa4bbd6b4436c167e3c9734c07bfbdcb1402f746.exe\" ","Description":"7z Setup SFX (x64)","LogonGuid":"{8F7AB6F6-4E83-69DF-192B-010000000000}","TerminalSessionId":"1","CurrentDirectory":"C:\\Users\\windows\\Downloads\\","IntegrityLevel":"High","ParentProcessGuid":"{8F7AB6F6-51EB-69DF-AE01-000000000500}","ProcessGuid":"{8F7AB6F6-51EF-69DF-B201-000000000500}","FileVersion":"1.7.1.3901","OriginalFileName":"7ZSfxMod_x64.exe","RuleName":"-","UtcTime":"2026-04-15 08:53:03.306","ParentProcessId":"6152"},"error":{},"channel":"Microsoft-Windows-Sysmon/Operational","event_id":"1","computer_name":"DESKTOP-H6FBQ5J","version":5,"opcode":"Info"},"event":{"code":"1","kind":"event","provider":"Microsoft-Windows-Sysmon","created":"2026-04-15T13:13:46.681Z"},"ecs":{"version":"8.0.0"},"agent":{"id":"0ae603cf-457e-4a6f-bbde-51c28f1a031e","name":"DESKTOP-IKR997B","type":"winlogbeat","version":"9.3.3","ephemeral_id":"f8d845b8-8ac1-43f8-9a65-a6e7c2082e2f"},"log":{"level":"information","file":{"path":"C:\\Users\\ivysa\\Downloads\\winlogbeat-9.3.3-windows-x86_64\\winlogbeat-9.3.3-windows-x86_64\\symon.evtx"}}}
{"@timestamp":"2026-04-15T08:53:03.339Z","@metadata":{"beat":"winlogbeat","type":"_doc","version":"9.3.3"},"winlog":{"provider_guid":"{5770385F-C22A-43E0-BF4C-06F5698FFBD9}","user":{"type":"Well Known Group","identifier":"S-1-5-18","domain":"NT AUTHORITY","name":"SYSTEM"},"event_id":"13","provider_name":"Microsoft-Windows-Sysmon","event_data":{"User":"NT AUTHORITY\\SYSTEM","EventType":"SetValue","UtcTime":"2026-04-15 08:53:03.327","ProcessGuid":"{8F7AB6F6-4E8A-69DF-6800-000000000500}","Details":"c:\\users\\windows\\downloads\\00202340108c101d59bbfb3daa4bbd6b4436c167e3c9734c07bfbdcb1402f746.exe","RuleName":"InvDB-Path","Image":"C:\\Windows\\system32\\svchost.exe","TargetObject":"\\REGISTRY\\A\\{36189a49-2a78-032b-ac62-c77ad8e35341}\\Root\\InventoryApplicationFile\\00202340108c101d|c113ac3947c9ad86\\LowerCaseLongPath","ProcessId":"3976"},"computer_name":"DESKTOP-H6FBQ5J","opcode":"Info","version":2,"process":{"thread":{"id":6376},"pid":6668},"error":{},"channel":"Microsoft-Windows-Sysmon/Operational","record_id":550},"event":{"created":"2026-04-15T13:13:46.681Z","code":"13","kind":"event","provider":"Microsoft-Windows-Sysmon"},"log":{"level":"information","file":{"path":"C:\\Users\\ivysa\\Downloads\\winlogbeat-9.3.3-windows-x86_64\\winlogbeat-9.3.3-windows-x86_64\\symon.evtx"}},"error":{"message":"failed to get the event message string: failed in EvtFormatMessage: The message resource is present but the message was not found in the message table."},"host":{"name":"DESKTOP-H6FBQ5J"},"ecs":{"version":"8.0.0"},"agent":{"name":"DESKTOP-IKR997B","type":"winlogbeat","version":"9.3.3","ephemeral_id":"f8d845b8-8ac1-43f8-9a65-a6e7c2082e2f","id":"0ae603cf-457e-4a6f-bbde-51c28f1a031e"}}
{"@timestamp":"2026-04-15T08:53:03.339Z","@metadata":{"beat":"winlogbeat","type":"_doc","version":"9.3.3"},"winlog":{"provider_guid":"{5770385F-C22A-43E0-BF4C-06F5698FFBD9}","event_data":{"UtcTime":"2026-04-15 08:53:03.327","RuleName":"InvDB-Pub","TargetObject":"\\REGISTRY\\A\\{36189a49-2a78-032b-ac62-c77ad8e35341}\\Root\\InventoryApplicationFile\\00202340108c101d|c113ac3947c9ad86\\Publisher","User":"NT AUTHORITY\\SYSTEM","EventType":"SetValue","ProcessId":"3976","Details":"oleg n. scherbakov","ProcessGuid":"{8F7AB6F6-4E8A-69DF-6800-000000000500}","Image":"C:\\Windows\\system32\\svchost.exe"},"channel":"Microsoft-Windows-Sysmon/Operational","provider_name":"Microsoft-Windows-Sysmon","version":2,"process":{"pid":6668,"thread":{"id":6376}},"event_id":"13","user":{"domain":"NT AUTHORITY","name":"SYSTEM","type":"Well Known Group","identifier":"S-1-5-18"},"error":{},"computer_name":"DESKTOP-H6FBQ5J","opcode":"Info","record_id":551},"event":{"kind":"event","provider":"Microsoft-Windows-Sysmon","created":"2026-04-15T13:13:46.681Z","code":"13"},"log":{"file":{"path":"C:\\Users\\ivysa\\Downloads\\winlogbeat-9.3.3-windows-x86_64\\winlogbeat-9.3.3-windows-x86_64\\symon.evtx"},"level":"information"},"error":{"message":"failed to get the event message string: failed in EvtFormatMessage: The message resource is present but the message was not found in the message table."},"host":{"name":"DESKTOP-H6FBQ5J"},"ecs":{"version":"8.0.0"},"agent":{"ephemeral_id":"f8d845b8-8ac1-43f8-9a65-a6e7c2082e2f","id":"0ae603cf-457e-4a6f-bbde-51c28f1a031e","name":"DESKTOP-IKR997B","type":"winlogbeat","version":"9.3.3"}}
{"@timestamp":"2026-04-15T08:53:03.339Z","@metadata":{"beat":"winlogbeat","type":"_doc","version":"9.3.3"},"log":{"level":"information","file":{"path":"C:\\Users\\ivysa\\Downloads\\winlogbeat-9.3.3-windows-x86_64\\winlogbeat-9.3.3-windows-x86_64\\symon.evtx"}},"error":{"message":"failed to get the event message string: failed in EvtFormatMessage: The message resource is present but the message was not found in the message table."},"host":{"name":"DESKTOP-H6FBQ5J"},"agent":{"id":"0ae603cf-457e-4a6f-bbde-51c28f1a031e","name":"DESKTOP-IKR997B","type":"winlogbeat","version":"9.3.3","ephemeral_id":"f8d845b8-8ac1-43f8-9a65-a6e7c2082e2f"},"ecs":{"version":"8.0.0"},"winlog":{"opcode":"Info","event_data":{"Image":"C:\\Windows\\system32\\svchost.exe","EventType":"SetValue","Details":"06/15/2017 00:09:39","TargetObject":"\\REGISTRY\\A\\{36189a49-2a78-032b-ac62-c77ad8e35341}\\Root\\InventoryApplicationFile\\00202340108c101d|c113ac3947c9ad86\\LinkDate","User":"NT AUTHORITY\\SYSTEM","RuleName":"InvDB-CompileTimeClaim","UtcTime":"2026-04-15 08:53:03.327","ProcessGuid":"{8F7AB6F6-4E8A-69DF-6800-000000000500}","ProcessId":"3976"},"event_id":"13","record_id":552,"version":2,"error":{},"computer_name":"DESKTOP-H6FBQ5J","user":{"domain":"NT AUTHORITY","name":"SYSTEM","type":"Well Known Group","identifier":"S-1-5-18"},"process":{"pid":6668,"thread":{"id":6376}},"provider_name":"Microsoft-Windows-Sysmon","provider_guid":"{5770385F-C22A-43E0-BF4C-06F5698FFBD9}","channel":"Microsoft-Windows-Sysmon/Operational"},"event":{"provider":"Microsoft-Windows-Sysmon","created":"2026-04-15T13:13:46.681Z","code":"13","kind":"event"}}
{"@timestamp":"2026-04-15T08:53:03.339Z","@metadata":{"beat":"winlogbeat","type":"_doc","version":"9.3.3"},"error":{"message":"failed to get the event message string: failed in EvtFormatMessage: The message resource is present but the message was not found in the message table."},"host":{"name":"DESKTOP-H6FBQ5J"},"winlog":{"event_id":"13","provider_name":"Microsoft-Windows-Sysmon","opcode":"Info","version":2,"record_id":553,"process":{"pid":6668,"thread":{"id":6376}},"channel":"Microsoft-Windows-Sysmon/Operational","computer_name":"DESKTOP-H6FBQ5J","error":{},"provider_guid":"{5770385F-C22A-43E0-BF4C-06F5698FFBD9}","user":{"identifier":"S-1-5-18","domain":"NT AUTHORITY","name":"SYSTEM","type":"Well Known Group"},"event_data":{"ProcessId":"3976","EventType":"SetValue","UtcTime":"2026-04-15 08:53:03.327","ProcessGuid":"{8F7AB6F6-4E8A-69DF-6800-000000000500}","User":"NT AUTHORITY\\SYSTEM","RuleName":"InvDB-Ver","Details":"1.7.1.3901","Image":"C:\\Windows\\system32\\svchost.exe","TargetObject":"\\REGISTRY\\A\\{36189a49-2a78-032b-ac62-c77ad8e35341}\\Root\\InventoryApplicationFile\\00202340108c101d|c113ac3947c9ad86\\BinProductVersion"}},"event":{"provider":"Microsoft-Windows-Sysmon","created":"2026-04-15T13:13:46.681Z","code":"13","kind":"event"},"log":{"level":"information","file":{"path":"C:\\Users\\ivysa\\Downloads\\winlogbeat-9.3.3-windows-x86_64\\winlogbeat-9.3.3-windows-x86_64\\symon.evtx"}},"agent":{"version":"9.3.3","ephemeral_id":"f8d845b8-8ac1-43f8-9a65-a6e7c2082e2f","id":"0ae603cf-457e-4a6f-bbde-51c28f1a031e","name":"DESKTOP-IKR997B","type":"winlogbeat"},"ecs":{"version":"8.0.0"}}
{"@timestamp":"2026-04-15T08:53:03.735Z","@metadata":{"beat":"winlogbeat","type":"_doc","version":"9.3.3"},"log":{"level":"information","file":{"path":"C:\\Users\\ivysa\\Downloads\\winlogbeat-9.3.3-windows-x86_64\\winlogbeat-9.3.3-windows-x86_64\\symon.evtx"}},"error":{"message":"failed to get the event message string: failed in EvtFormatMessage: The message resource is present but the message was not found in the message table."},"host":{"name":"DESKTOP-H6FBQ5J"},"winlog":{"channel":"Microsoft-Windows-Sysmon/Operational","provider_guid":"{5770385F-C22A-43E0-BF4C-06F5698FFBD9}","event_id":"11","provider_name":"Microsoft-Windows-Sysmon","version":2,"record_id":554,"computer_name":"DESKTOP-H6FBQ5J","opcode":"Info","user":{"identifier":"S-1-5-18","domain":"NT AUTHORITY","name":"SYSTEM","type":"Well Known Group"},"event_data":{"UtcTime":"2026-04-15 08:53:03.670","ProcessGuid":"{8F7AB6F6-51EF-69DF-B201-000000000500}","ProcessId":"1848","Image":"C:\\Users\\windows\\Downloads\\00202340108c101d59bbfb3daa4bbd6b4436c167e3c9734c07bfbdcb1402f746.exe","TargetFilename":"C:\\ProgramData\\ClearWater_x64.exe","CreationUtcTime":"2026-04-15 08:53:03.670","User":"DESKTOP-H6FBQ5J\\windows","RuleName":"EXE"},"error":{},"process":{"pid":6668,"thread":{"id":6376}}},"ecs":{"version":"8.0.0"},"agent":{"ephemeral_id":"f8d845b8-8ac1-43f8-9a65-a6e7c2082e2f","id":"0ae603cf-457e-4a6f-bbde-51c28f1a031e","name":"DESKTOP-IKR997B","type":"winlogbeat","version":"9.3.3"},"event":{"kind":"event","provider":"Microsoft-Windows-Sysmon","created":"2026-04-15T13:13:46.681Z","code":"11"}}
{"@timestamp":"2026-04-15T08:53:03.823Z","@metadata":{"beat":"winlogbeat","type":"_doc","version":"9.3.3"},"winlog":{"event_id":"1","computer_name":"DESKTOP-H6FBQ5J","event_data":{"FileVersion":"-","ParentImage":"C:\\Users\\windows\\Downloads\\00202340108c101d59bbfb3daa4bbd6b4436c167e3c9734c07bfbdcb1402f746.exe","UtcTime":"2026-04-15 08:53:03.786","Image":"C:\\ProgramData\\ClearWater_x64.exe","CommandLine":"\"C:\\ProgramData\\ClearWater_x64.exe\" ","ParentProcessId":"1848","Product":"-","LogonGuid":"{8F7AB6F6-4E83-69DF-192B-010000000000}","Hashes":"MD5=29145CC1B1400B4B60743A21B075BAC7,SHA256=A1199A1E448EA1EE3CEAC6F77535E612CEC1279C496A314802E2E3DFC428D27D,IMPHASH=E63B963D425243D3E79B6D07E2842BA8","Company":"-","User":"DESKTOP-H6FBQ5J\\windows","ParentCommandLine":"\"C:\\Users\\windows\\Downloads\\00202340108c101d59bbfb3daa4bbd6b4436c167e3c9734c07bfbdcb1402f746.exe\" -sfxelevation ","ParentUser":"DESKTOP-H6FBQ5J\\windows","RuleName":"-","Description":"-","TerminalSessionId":"1","ProcessId":"7324","OriginalFileName":"-","CurrentDirectory":"C:\\ProgramData\\","ProcessGuid":"{8F7AB6F6-51EF-69DF-B301-000000000500}","LogonId":"0x12b19","IntegrityLevel":"High","ParentProcessGuid":"{8F7AB6F6-51EF-69DF-B201-000000000500}"},"process":{"pid":6668,"thread":{"id":6376}},"error":{},"record_id":555,"opcode":"Info","version":5,"provider_name":"Microsoft-Windows-Sysmon","user":{"name":"SYSTEM","type":"Well Known Group","identifier":"S-1-5-18","domain":"NT AUTHORITY"},"channel":"Microsoft-Windows-Sysmon/Operational","provider_guid":"{5770385F-C22A-43E0-BF4C-06F5698FFBD9}"},"ecs":{"version":"8.0.0"},"agent":{"ephemeral_id":"f8d845b8-8ac1-43f8-9a65-a6e7c2082e2f","id":"0ae603cf-457e-4a6f-bbde-51c28f1a031e","name":"DESKTOP-IKR997B","type":"winlogbeat","version":"9.3.3"},"event":{"provider":"Microsoft-Windows-Sysmon","created":"2026-04-15T13:13:46.681Z","code":"1","kind":"event"},"log":{"file":{"path":"C:\\Users\\ivysa\\Downloads\\winlogbeat-9.3.3-windows-x86_64\\winlogbeat-9.3.3-windows-x86_64\\symon.evtx"},"level":"information"},"error":{"message":"failed to get the event message string: failed in EvtFormatMessage: The message resource is present but the message was not found in the message table."},"host":{"name":"DESKTOP-H6FBQ5J"}}
{"@timestamp":"2026-04-15T08:53:04.261Z","@metadata":{"beat":"winlogbeat","type":"_doc","version":"9.3.3"},"error":{"message":"failed to get the event message string: failed in EvtFormatMessage: The message resource is present but the message was not found in the message table."},"host":{"name":"DESKTOP-H6FBQ5J"},"ecs":{"version":"8.0.0"},"agent":{"id":"0ae603cf-457e-4a6f-bbde-51c28f1a031e","name":"DESKTOP-IKR997B","type":"winlogbeat","version":"9.3.3","ephemeral_id":"f8d845b8-8ac1-43f8-9a65-a6e7c2082e2f"},"winlog":{"user":{"type":"Well Known Group","identifier":"S-1-5-18","domain":"NT AUTHORITY","name":"SYSTEM"},"event_id":"1","record_id":556,"error":{},"provider_name":"Microsoft-Windows-Sysmon","computer_name":"DESKTOP-H6FBQ5J","opcode":"Info","provider_guid":"{5770385F-C22A-43E0-BF4C-06F5698FFBD9}","event_data":{"ProcessGuid":"{8F7AB6F6-51F0-69DF-B501-000000000500}","Image":"C:\\Windows\\System32\\cmd.exe","LogonGuid":"{8F7AB6F6-4E83-69DF-192B-010000000000}","ParentProcessGuid":"{8F7AB6F6-51EF-69DF-B301-000000000500}","OriginalFileName":"Cmd.Exe","CommandLine":"cmd /C vssadmin Delete Shadows /All /Quiet","RuleName":"-","Description":"Windows Command Processor","Product":"Microsoft® Windows® Operating System","LogonId":"0x12b19","ParentUser":"DESKTOP-H6FBQ5J\\windows","User":"DESKTOP-H6FBQ5J\\windows","Hashes":"MD5=0D088F5BCFA8F086FBA163647CD80CAB,SHA256=9023F8AAEDA4A1DA45AC477A81B5BBE4128E413F19A0ABFA3715465AD66ED5CD,IMPHASH=272245E2988E1E430500B852C4FB5E18","ParentCommandLine":"\"C:\\ProgramData\\ClearWater_x64.exe\" ","ParentProcessId":"7324","Company":"Microsoft Corporation","CurrentDirectory":"C:\\ProgramData\\","IntegrityLevel":"High","ProcessId":"7692","TerminalSessionId":"1","FileVersion":"10.0.17763.1 (WinBuild.160101.0800)","ParentImage":"C:\\ProgramData\\ClearWater_x64.exe","UtcTime":"2026-04-15 08:53:04.111"},"process":{"pid":6668,"thread":{"id":6376}},"channel":"Microsoft-Windows-Sysmon/Operational","version":5},"event":{"kind":"event","provider":"Microsoft-Windows-Sysmon","created":"2026-04-15T13:13:46.681Z","code":"1"},"log":{"level":"information","file":{"path":"C:\\Users\\ivysa\\Downloads\\winlogbeat-9.3.3-windows-x86_64\\winlogbeat-9.3.3-windows-x86_64\\symon.evtx"}}}
{"@timestamp":"2026-04-15T08:53:04.262Z","@metadata":{"beat":"winlogbeat","type":"_doc","version":"9.3.3"},"error":{"message":"failed to get the event message string: failed in EvtFormatMessage: The message resource is present but the message was not found in the message table."},"host":{"name":"DESKTOP-H6FBQ5J"},"winlog":{"channel":"Microsoft-Windows-Sysmon/Operational","record_id":557,"computer_name":"DESKTOP-H6FBQ5J","provider_guid":"{5770385F-C22A-43E0-BF4C-06F5698FFBD9}","event_data":{"UtcTime":"2026-04-15 08:53:04.114","User":"DESKTOP-H6FBQ5J\\windows","Product":"Microsoft® Windows® Operating System","LogonId":"0x12b19","ParentProcessId":"7324","ParentProcessGuid":"{8F7AB6F6-51EF-69DF-B301-000000000500}","RuleName":"-","IntegrityLevel":"High","ProcessId":"4800","CurrentDirectory":"C:\\ProgramData\\","LogonGuid":"{8F7AB6F6-4E83-69DF-192B-010000000000}","FileVersion":"10.0.17763.1 (WinBuild.160101.0800)","ParentUser":"DESKTOP-H6FBQ5J\\windows","ProcessGuid":"{8F7AB6F6-51F0-69DF-B601-000000000500}","Description":"Windows Command Processor","Company":"Microsoft Corporation","Image":"C:\\Windows\\System32\\cmd.exe","ParentCommandLine":"\"C:\\ProgramData\\ClearWater_x64.exe\" ","CommandLine":"cmd /C wmic shadowcopy delete","TerminalSessionId":"1","ParentImage":"C:\\ProgramData\\ClearWater_x64.exe","Hashes":"MD5=0D088F5BCFA8F086FBA163647CD80CAB,SHA256=9023F8AAEDA4A1DA45AC477A81B5BBE4128E413F19A0ABFA3715465AD66ED5CD,IMPHASH=272245E2988E1E430500B852C4FB5E18","OriginalFileName":"Cmd.Exe"},"error":{},"opcode":"Info","version":5,"user":{"identifier":"S-1-5-18","domain":"NT AUTHORITY","name":"SYSTEM","type":"Well Known Group"},"process":{"pid":6668,"thread":{"id":6376}},"event_id":"1","provider_name":"Microsoft-Windows-Sysmon"},"ecs":{"version":"8.0.0"},"agent":{"ephemeral_id":"f8d845b8-8ac1-43f8-9a65-a6e7c2082e2f","id":"0ae603cf-457e-4a6f-bbde-51c28f1a031e","name":"DESKTOP-IKR997B","type":"winlogbeat","version":"9.3.3"},"event":{"code":"1","kind":"event","provider":"Microsoft-Windows-Sysmon","created":"2026-04-15T13:13:46.681Z"},"log":{"level":"information","file":{"path":"C:\\Users\\ivysa\\Downloads\\winlogbeat-9.3.3-windows-x86_64\\winlogbeat-9.3.3-windows-x86_64\\symon.evtx"}}}
{"@timestamp":"2026-04-15T08:53:04.365Z","@metadata":{"beat":"winlogbeat","type":"_doc","version":"9.3.3"},"error":{"message":"failed to get the event message string: failed in EvtFormatMessage: The message resource is present but the message was not found in the message table."},"host":{"name":"DESKTOP-H6FBQ5J"},"winlog":{"error":{},"channel":"Microsoft-Windows-Sysmon/Operational","computer_name":"DESKTOP-H6FBQ5J","event_data":{"RuleName":"-","CommandLine":"cmd /C wbadmin delete catalog -quiet","LogonGuid":"{8F7AB6F6-4E83-69DF-192B-010000000000}","CurrentDirectory":"C:\\ProgramData\\","ParentProcessId":"7324","ProcessGuid":"{8F7AB6F6-51F0-69DF-B701-000000000500}","LogonId":"0x12b19","Product":"Microsoft® Windows® Operating System","UtcTime":"2026-04-15 08:53:04.205","ProcessId":"2396","Hashes":"MD5=0D088F5BCFA8F086FBA163647CD80CAB,SHA256=9023F8AAEDA4A1DA45AC477A81B5BBE4128E413F19A0ABFA3715465AD66ED5CD,IMPHASH=272245E2988E1E430500B852C4FB5E18","Company":"Microsoft Corporation","Image":"C:\\Windows\\System32\\cmd.exe","FileVersion":"10.0.17763.1 (WinBuild.160101.0800)","ParentCommandLine":"\"C:\\ProgramData\\ClearWater_x64.exe\" ","Description":"Windows Command Processor","ParentProcessGuid":"{8F7AB6F6-51EF-69DF-B301-000000000500}","ParentImage":"C:\\ProgramData\\ClearWater_x64.exe","IntegrityLevel":"High","User":"DESKTOP-H6FBQ5J\\windows","OriginalFileName":"Cmd.Exe","TerminalSessionId":"1","ParentUser":"DESKTOP-H6FBQ5J\\windows"},"event_id":"1","opcode":"Info","user":{"identifier":"S-1-5-18","domain":"NT AUTHORITY","name":"SYSTEM","type":"Well Known Group"},"process":{"pid":6668,"thread":{"id":6376}},"provider_name":"Microsoft-Windows-Sysmon","record_id":558,"version":5,"provider_guid":"{5770385F-C22A-43E0-BF4C-06F5698FFBD9}"},"event":{"created":"2026-04-15T13:13:46.682Z","code":"1","kind":"event","provider":"Microsoft-Windows-Sysmon"},"log":{"level":"information","file":{"path":"C:\\Users\\ivysa\\Downloads\\winlogbeat-9.3.3-windows-x86_64\\winlogbeat-9.3.3-windows-x86_64\\symon.evtx"}},"ecs":{"version":"8.0.0"},"agent":{"ephemeral_id":"f8d845b8-8ac1-43f8-9a65-a6e7c2082e2f","id":"0ae603cf-457e-4a6f-bbde-51c28f1a031e","name":"DESKTOP-IKR997B","type":"winlogbeat","version":"9.3.3"}}
{"@timestamp":"2026-04-15T08:53:04.366Z","@metadata":{"beat":"winlogbeat","type":"_doc","version":"9.3.3"},"agent":{"id":"0ae603cf-457e-4a6f-bbde-51c28f1a031e","name":"DESKTOP-IKR997B","type":"winlogbeat","version":"9.3.3","ephemeral_id":"f8d845b8-8ac1-43f8-9a65-a6e7c2082e2f"},"error":{"message":"failed to get the event message string: failed in EvtFormatMessage: The message resource is present but the message was not found in the message table."},"host":{"name":"DESKTOP-H6FBQ5J"},"winlog":{"error":{},"event_id":"1","provider_name":"Microsoft-Windows-Sysmon","computer_name":"DESKTOP-H6FBQ5J","provider_guid":"{5770385F-C22A-43E0-BF4C-06F5698FFBD9}","version":5,"user":{"domain":"NT AUTHORITY","name":"SYSTEM","type":"Well Known Group","identifier":"S-1-5-18"},"record_id":559,"event_data":{"UtcTime":"2026-04-15 08:53:04.248","Company":"Microsoft Corporation","OriginalFileName":"Cmd.Exe","ProcessId":"3544","User":"DESKTOP-H6FBQ5J\\windows","TerminalSessionId":"1","Hashes":"MD5=0D088F5BCFA8F086FBA163647CD80CAB,SHA256=9023F8AAEDA4A1DA45AC477A81B5BBE4128E413F19A0ABFA3715465AD66ED5CD,IMPHASH=272245E2988E1E430500B852C4FB5E18","IntegrityLevel":"High","ParentImage":"C:\\ProgramData\\ClearWater_x64.exe","Product":"Microsoft® Windows® Operating System","ParentProcessId":"7324","RuleName":"-","CurrentDirectory":"C:\\ProgramData\\","ParentCommandLine":"\"C:\\ProgramData\\ClearWater_x64.exe\" ","ProcessGuid":"{8F7AB6F6-51F0-69DF-B901-000000000500}","LogonId":"0x12b19","FileVersion":"10.0.17763.1 (WinBuild.160101.0800)","Description":"Windows Command Processor","ParentProcessGuid":"{8F7AB6F6-51EF-69DF-B301-000000000500}","CommandLine":"cmd /C powershell.exe -Command \"Get-ComputerRestorePoint | Remove-ComputerRestorePoint -RestorePointType All\"","Image":"C:\\Windows\\System32\\cmd.exe","LogonGuid":"{8F7AB6F6-4E83-69DF-192B-010000000000}","ParentUser":"DESKTOP-H6FBQ5J\\windows"},"opcode":"Info","channel":"Microsoft-Windows-Sysmon/Operational","process":{"pid":6668,"thread":{"id":6376}}},"event":{"provider":"Microsoft-Windows-Sysmon","created":"2026-04-15T13:13:46.682Z","code":"1","kind":"event"},"log":{"level":"information","file":{"path":"C:\\Users\\ivysa\\Downloads\\winlogbeat-9.3.3-windows-x86_64\\winlogbeat-9.3.3-windows-x86_64\\symon.evtx"}},"ecs":{"version":"8.0.0"}}
{"@timestamp":"2026-04-15T08:53:04.418Z","@metadata":{"beat":"winlogbeat","type":"_doc","version":"9.3.3"},"agent":{"type":"winlogbeat","version":"9.3.3","ephemeral_id":"f8d845b8-8ac1-43f8-9a65-a6e7c2082e2f","id":"0ae603cf-457e-4a6f-bbde-51c28f1a031e","name":"DESKTOP-IKR997B"},"winlog":{"record_id":560,"computer_name":"DESKTOP-H6FBQ5J","user":{"type":"Well Known Group","identifier":"S-1-5-18","domain":"NT AUTHORITY","name":"SYSTEM"},"event_data":{"RuleName":"-","FileVersion":"10.0.17763.1 (WinBuild.160101.0800)","ParentUser":"DESKTOP-H6FBQ5J\\windows","User":"DESKTOP-H6FBQ5J\\windows","Description":"Windows Command Processor","Product":"Microsoft® Windows® Operating System","CurrentDirectory":"C:\\ProgramData\\","LogonId":"0x12b19","IntegrityLevel":"High","ParentProcessGuid":"{8F7AB6F6-51EF-69DF-B301-000000000500}","ProcessGuid":"{8F7AB6F6-51F0-69DF-BA01-000000000500}","TerminalSessionId":"1","UtcTime":"2026-04-15 08:53:04.256","CommandLine":"cmd /C powershell.exe -Command \"Disable-ComputerRestore -Drive C:\\\"","Hashes":"MD5=0D088F5BCFA8F086FBA163647CD80CAB,SHA256=9023F8AAEDA4A1DA45AC477A81B5BBE4128E413F19A0ABFA3715465AD66ED5CD,IMPHASH=272245E2988E1E430500B852C4FB5E18","ParentProcessId":"7324","Image":"C:\\Windows\\System32\\cmd.exe","Company":"Microsoft Corporation","LogonGuid":"{8F7AB6F6-4E83-69DF-192B-010000000000}","ProcessId":"604","OriginalFileName":"Cmd.Exe","ParentImage":"C:\\ProgramData\\ClearWater_x64.exe","ParentCommandLine":"\"C:\\ProgramData\\ClearWater_x64.exe\" "},"channel":"Microsoft-Windows-Sysmon/Operational","event_id":"1","provider_name":"Microsoft-Windows-Sysmon","process":{"pid":6668,"thread":{"id":6376}},"opcode":"Info","error":{},"provider_guid":"{5770385F-C22A-43E0-BF4C-06F5698FFBD9}","version":5},"event":{"provider":"Microsoft-Windows-Sysmon","created":"2026-04-15T13:13:46.682Z","code":"1","kind":"event"},"log":{"level":"information","file":{"path":"C:\\Users\\ivysa\\Downloads\\winlogbeat-9.3.3-windows-x86_64\\winlogbeat-9.3.3-windows-x86_64\\symon.evtx"}},"error":{"message":"failed to get the event message string: failed in EvtFormatMessage: The message resource is present but the message was not found in the message table."},"host":{"name":"DESKTOP-H6FBQ5J"},"ecs":{"version":"8.0.0"}}
