{"@timestamp":"2026-04-15T08:49:25.387Z","@metadata":{"beat":"winlogbeat","type":"_doc","version":"9.3.3"},"winlog":{"error":{},"event_id":"1","record_id":26,"process":{"pid":6668,"thread":{"id":6376}},"computer_name":"DESKTOP-H6FBQ5J","provider_guid":"{5770385F-C22A-43E0-BF4C-06F5698FFBD9}","version":5,"user":{"identifier":"S-1-5-18","domain":"NT AUTHORITY","name":"SYSTEM","type":"Well Known Group"},"event_data":{"UtcTime":"2026-04-15 08:49:25.381","OriginalFileName":"SystemSettings.exe","User":"DESKTOP-H6FBQ5J\\windows","RuleName":"-","ProcessId":"8380","LogonId":"0x12b58","ParentImage":"C:\\Windows\\System32\\svchost.exe","CommandLine":"\"C:\\Windows\\ImmersiveControlPanel\\SystemSettings.exe\" -ServerName:microsoft.windows.immersivecontrolpanel","CurrentDirectory":"C:\\Windows\\ImmersiveControlPanel\\","Company":"Microsoft Corporation","ParentUser":"NT AUTHORITY\\SYSTEM","FileVersion":"10.0.17763.1 (WinBuild.160101.0800)","Image":"C:\\Windows\\ImmersiveControlPanel\\SystemSettings.exe","Description":"Settings","Product":"Microsoft® Windows® Operating System","LogonGuid":"{8F7AB6F6-4E83-69DF-582B-010000000000}","ParentCommandLine":"C:\\Windows\\system32\\svchost.exe -k DcomLaunch -p","IntegrityLevel":"Medium","ParentProcessId":"720","ParentProcessGuid":"{8F7AB6F6-4E81-69DF-1000-000000000500}","ProcessGuid":"{8F7AB6F6-5115-69DF-7601-000000000500}","Hashes":"MD5=E0E092D4EFC15F25FD9C0923C52C33D6,SHA256=714BC26DA9CD95E6268A6A01AF211D76DE86DC7F2918630E69695D3944B11B12,IMPHASH=EC87C68A546FB4BDECF11BCB83E7D0E5","TerminalSessionId":"1"},"channel":"Microsoft-Windows-Sysmon/Operational","provider_name":"Microsoft-Windows-Sysmon","opcode":"Info"},"event":{"code":"1","kind":"event","provider":"Microsoft-Windows-Sysmon","created":"2026-04-15T13:13:46.584Z"},"log":{"level":"information","file":{"path":"C:\\Users\\ivysa\\Downloads\\winlogbeat-9.3.3-windows-x86_64\\winlogbeat-9.3.3-windows-x86_64\\symon.evtx"}},"error":{"message":"failed to get the event message string: failed in EvtFormatMessage: The message resource is present but the message was not found in the message table."},"host":{"name":"DESKTOP-H6FBQ5J"},"ecs":{"version":"8.0.0"},"agent":{"ephemeral_id":"f8d845b8-8ac1-43f8-9a65-a6e7c2082e2f","id":"0ae603cf-457e-4a6f-bbde-51c28f1a031e","name":"DESKTOP-IKR997B","type":"winlogbeat","version":"9.3.3"}}
{"@timestamp":"2026-04-15T08:49:26.356Z","@metadata":{"beat":"winlogbeat","type":"_doc","version":"9.3.3"},"ecs":{"version":"8.0.0"},"agent":{"ephemeral_id":"f8d845b8-8ac1-43f8-9a65-a6e7c2082e2f","id":"0ae603cf-457e-4a6f-bbde-51c28f1a031e","name":"DESKTOP-IKR997B","type":"winlogbeat","version":"9.3.3"},"winlog":{"record_id":27,"computer_name":"DESKTOP-H6FBQ5J","provider_guid":"{5770385F-C22A-43E0-BF4C-06F5698FFBD9}","user":{"name":"SYSTEM","type":"Well Known Group","identifier":"S-1-5-18","domain":"NT AUTHORITY"},"event_data":{"Company":"Microsoft Corporation","CurrentDirectory":"C:\\Windows\\system32\\","Description":"Host Process for Windows Services","Product":"Microsoft® Windows® Operating System","LogonGuid":"{8F7AB6F6-4E83-69DF-582B-010000000000}","ParentImage":"C:\\Windows\\System32\\services.exe","UtcTime":"2026-04-15 08:49:26.347","Image":"C:\\Windows\\System32\\svchost.exe","ProcessId":"6032","User":"DESKTOP-H6FBQ5J\\windows","Hashes":"MD5=8A0A29438052FAED8A2532DA50455756,SHA256=7FD065BAC18C5278777AE44908101CDFED72D26FA741367F0AD4D02020787AB6,IMPHASH=247B9220E5D9B720A82B2C8B5069AD69","ParentUser":"NT AUTHORITY\\SYSTEM","CommandLine":"C:\\Windows\\system32\\svchost.exe -k BcastDVRUserService -s BcastDVRUserService","TerminalSessionId":"1","ParentCommandLine":"C:\\Windows\\system32\\services.exe","ParentProcessGuid":"{8F7AB6F6-4E81-69DF-0B00-000000000500}","OriginalFileName":"svchost.exe","LogonId":"0x12b58","IntegrityLevel":"Medium","FileVersion":"10.0.17763.1 (WinBuild.160101.0800)","RuleName":"-","ProcessGuid":"{8F7AB6F6-5116-69DF-7701-000000000500}","ParentProcessId":"548"},"provider_name":"Microsoft-Windows-Sysmon","opcode":"Info","event_id":"1","version":5,"process":{"pid":6668,"thread":{"id":6376}},"error":{},"channel":"Microsoft-Windows-Sysmon/Operational"},"event":{"created":"2026-04-15T13:13:46.584Z","code":"1","kind":"event","provider":"Microsoft-Windows-Sysmon"},"log":{"level":"information","file":{"path":"C:\\Users\\ivysa\\Downloads\\winlogbeat-9.3.3-windows-x86_64\\winlogbeat-9.3.3-windows-x86_64\\symon.evtx"}},"error":{"message":"failed to get the event message string: failed in EvtFormatMessage: The message resource is present but the message was not found in the message table."},"host":{"name":"DESKTOP-H6FBQ5J"}}
{"@timestamp":"2026-04-15T08:49:26.855Z","@metadata":{"beat":"winlogbeat","type":"_doc","version":"9.3.3"},"ecs":{"version":"8.0.0"},"agent":{"ephemeral_id":"f8d845b8-8ac1-43f8-9a65-a6e7c2082e2f","id":"0ae603cf-457e-4a6f-bbde-51c28f1a031e","name":"DESKTOP-IKR997B","type":"winlogbeat","version":"9.3.3"},"winlog":{"provider_name":"Microsoft-Windows-Sysmon","provider_guid":"{5770385F-C22A-43E0-BF4C-06F5698FFBD9}","user":{"type":"Well Known Group","identifier":"S-1-5-18","domain":"NT AUTHORITY","name":"SYSTEM"},"channel":"Microsoft-Windows-Sysmon/Operational","event_id":"1","computer_name":"DESKTOP-H6FBQ5J","error":{},"record_id":28,"opcode":"Info","process":{"pid":6668,"thread":{"id":6376}},"version":5,"event_data":{"CurrentDirectory":"C:\\Windows\\system32\\","ParentUser":"NT AUTHORITY\\SYSTEM","IntegrityLevel":"Medium","ParentProcessId":"720","ParentCommandLine":"C:\\Windows\\system32\\svchost.exe -k DcomLaunch -p","ProcessGuid":"{8F7AB6F6-5116-69DF-7A01-000000000500}","LogonGuid":"{8F7AB6F6-4E83-69DF-582B-010000000000}","ProcessId":"2892","Company":"Microsoft Corporation","ParentProcessGuid":"{8F7AB6F6-4E81-69DF-1000-000000000500}","Description":"Microsoft OneDriveFile Co-Authoring Executable","LogonId":"0x12b58","User":"DESKTOP-H6FBQ5J\\windows","TerminalSessionId":"1","UtcTime":"2026-04-15 08:49:26.852","Image":"C:\\Users\\windows\\AppData\\Local\\Microsoft\\OneDrive\\26.051.0316.0004\\FileCoAuth.exe","RuleName":"-","FileVersion":"26.051.0316.0004","Product":"Microsoft OneDrive","CommandLine":"\"C:\\Users\\windows\\AppData\\Local\\Microsoft\\OneDrive\\26.051.0316.0004\\FileCoAuth.exe\" -Embedding","Hashes":"MD5=4940CFC3F37E8D1F0C62EC189CF72730,SHA256=3310DED4CDD033B3F1B27BAC38C998983C57E5CFBCC549C3298EAAA76B37FD49,IMPHASH=65972A0597B9AADFFF345CFDF6D1DB79","OriginalFileName":"FileCoAuth.exe","ParentImage":"C:\\Windows\\System32\\svchost.exe"}},"event":{"created":"2026-04-15T13:13:46.584Z","code":"1","kind":"event","provider":"Microsoft-Windows-Sysmon"},"log":{"level":"information","file":{"path":"C:\\Users\\ivysa\\Downloads\\winlogbeat-9.3.3-windows-x86_64\\winlogbeat-9.3.3-windows-x86_64\\symon.evtx"}},"error":{"message":"failed to get the event message string: failed in EvtFormatMessage: The message resource is present but the message was not found in the message table."},"host":{"name":"DESKTOP-H6FBQ5J"}}
{"@timestamp":"2026-04-15T08:49:27.395Z","@metadata":{"beat":"winlogbeat","type":"_doc","version":"9.3.3"},"host":{"name":"DESKTOP-H6FBQ5J"},"ecs":{"version":"8.0.0"},"agent":{"ephemeral_id":"f8d845b8-8ac1-43f8-9a65-a6e7c2082e2f","id":"0ae603cf-457e-4a6f-bbde-51c28f1a031e","name":"DESKTOP-IKR997B","type":"winlogbeat","version":"9.3.3"},"winlog":{"event_data":{"User":"DESKTOP-H6FBQ5J\\windows","FileVersion":"10.0.17763.1 (WinBuild.160101.0800)","ParentProcessGuid":"{8F7AB6F6-4E81-69DF-1000-000000000500}","Product":"Microsoft® Windows® Operating System","CommandLine":"C:\\Windows\\System32\\Speech_OneCore\\Common\\SpeechRuntime.exe -Embedding","Company":"Microsoft Corporation","OriginalFileName":"SpeechRuntime.exe","LogonId":"0x12b58","ParentProcessId":"720","ParentUser":"NT AUTHORITY\\SYSTEM","UtcTime":"2026-04-15 08:49:27.377","RuleName":"-","Description":"Speech Runtime Executable","TerminalSessionId":"1","CurrentDirectory":"C:\\Windows\\system32\\","ProcessGuid":"{8F7AB6F6-5117-69DF-7B01-000000000500}","IntegrityLevel":"Medium","ParentImage":"C:\\Windows\\System32\\svchost.exe","ParentCommandLine":"C:\\Windows\\system32\\svchost.exe -k DcomLaunch -p","Hashes":"MD5=3B26C408962AAB9C07499F4AC4528755,SHA256=19AE878E2A5C9ABEB915B950DA847FCD3A093E639B084B7297D1E65FBB300237,IMPHASH=1FFAEA722557C8FAF73FAC8B95E18295","ProcessId":"784","LogonGuid":"{8F7AB6F6-4E83-69DF-582B-010000000000}","Image":"C:\\Windows\\System32\\Speech_OneCore\\common\\SpeechRuntime.exe"},"process":{"pid":6668,"thread":{"id":6376}},"channel":"Microsoft-Windows-Sysmon/Operational","provider_name":"Microsoft-Windows-Sysmon","record_id":29,"version":5,"event_id":"1","opcode":"Info","provider_guid":"{5770385F-C22A-43E0-BF4C-06F5698FFBD9}","error":{},"computer_name":"DESKTOP-H6FBQ5J","user":{"identifier":"S-1-5-18","domain":"NT AUTHORITY","name":"SYSTEM","type":"Well Known Group"}},"event":{"created":"2026-04-15T13:13:46.584Z","code":"1","kind":"event","provider":"Microsoft-Windows-Sysmon"},"log":{"level":"information","file":{"path":"C:\\Users\\ivysa\\Downloads\\winlogbeat-9.3.3-windows-x86_64\\winlogbeat-9.3.3-windows-x86_64\\symon.evtx"}},"error":{"message":"failed to get the event message string: failed in EvtFormatMessage: The message resource is present but the message was not found in the message table."}}
{"@timestamp":"2026-04-15T08:49:29.070Z","@metadata":{"beat":"winlogbeat","type":"_doc","version":"9.3.3"},"error":{"message":"failed to get the event message string: failed in EvtFormatMessage: The message resource is present but the message was not found in the message table."},"host":{"name":"DESKTOP-H6FBQ5J"},"winlog":{"user":{"name":"SYSTEM","type":"Well Known Group","identifier":"S-1-5-18","domain":"NT AUTHORITY"},"record_id":30,"computer_name":"DESKTOP-H6FBQ5J","opcode":"Info","event_data":{"User":"DESKTOP-H6FBQ5J\\windows","UtcTime":"2026-04-15 08:49:28.297","QueryResults":"-","Image":"C:\\Windows\\ImmersiveControlPanel\\SystemSettings.exe","ProcessGuid":"{8F7AB6F6-5115-69DF-7601-000000000500}","RuleName":"-","ProcessId":"8380","QueryName":"onecs-live.azureedge.net","QueryStatus":"9003"},"event_id":"22","version":5,"process":{"pid":6668,"thread":{"id":3820}},"provider_guid":"{5770385F-C22A-43E0-BF4C-06F5698FFBD9}","error":{},"channel":"Microsoft-Windows-Sysmon/Operational","provider_name":"Microsoft-Windows-Sysmon"},"event":{"created":"2026-04-15T13:13:46.584Z","code":"22","kind":"event","provider":"Microsoft-Windows-Sysmon"},"log":{"file":{"path":"C:\\Users\\ivysa\\Downloads\\winlogbeat-9.3.3-windows-x86_64\\winlogbeat-9.3.3-windows-x86_64\\symon.evtx"},"level":"information"},"ecs":{"version":"8.0.0"},"agent":{"ephemeral_id":"f8d845b8-8ac1-43f8-9a65-a6e7c2082e2f","id":"0ae603cf-457e-4a6f-bbde-51c28f1a031e","name":"DESKTOP-IKR997B","type":"winlogbeat","version":"9.3.3"}}
{"@timestamp":"2026-04-15T08:49:36.066Z","@metadata":{"beat":"winlogbeat","type":"_doc","version":"9.3.3"},"ecs":{"version":"8.0.0"},"agent":{"version":"9.3.3","ephemeral_id":"f8d845b8-8ac1-43f8-9a65-a6e7c2082e2f","id":"0ae603cf-457e-4a6f-bbde-51c28f1a031e","name":"DESKTOP-IKR997B","type":"winlogbeat"},"log":{"level":"information","file":{"path":"C:\\Users\\ivysa\\Downloads\\winlogbeat-9.3.3-windows-x86_64\\winlogbeat-9.3.3-windows-x86_64\\symon.evtx"}},"error":{"message":"failed to get the event message string: failed in EvtFormatMessage: The message resource is present but the message was not found in the message table."},"host":{"name":"DESKTOP-H6FBQ5J"},"winlog":{"version":5,"event_id":"1","provider_name":"Microsoft-Windows-Sysmon","user":{"type":"Well Known Group","identifier":"S-1-5-18","domain":"NT AUTHORITY","name":"SYSTEM"},"event_data":{"LogonGuid":"{8F7AB6F6-4E81-69DF-E703-000000000000}","TerminalSessionId":"1","Description":"Consent UI for administrative applications","ParentProcessId":"964","Product":"Microsoft® Windows® Operating System","ParentCommandLine":"C:\\Windows\\system32\\svchost.exe -k netsvcs -p -s Appinfo","RuleName":"-","OriginalFileName":"consent.exe","ParentProcessGuid":"{8F7AB6F6-4FF1-69DF-3A01-000000000500}","Company":"Microsoft Corporation","User":"NT AUTHORITY\\SYSTEM","FileVersion":"10.0.17763.1 (WinBuild.160101.0800)","IntegrityLevel":"System","ProcessGuid":"{8F7AB6F6-5120-69DF-7E01-000000000500}","CommandLine":"consent.exe 964 386 0000026B2DA25AE0","LogonId":"0x3e7","ParentUser":"NT AUTHORITY\\SYSTEM","ProcessId":"9204","CurrentDirectory":"C:\\Windows\\system32\\","Hashes":"MD5=748E1969C6B7637AB39AD505DFE600C1,SHA256=6DF9BBEE22B10F164B6087F005BC0F7C8DC648AD68B80E62C48E1C0D18531A54,IMPHASH=522D83761201075834F05037F5307949","Image":"C:\\Windows\\System32\\consent.exe","ParentImage":"C:\\Windows\\System32\\svchost.exe","UtcTime":"2026-04-15 08:49:36.061"},"process":{"thread":{"id":6376},"pid":6668},"error":{},"channel":"Microsoft-Windows-Sysmon/Operational","opcode":"Info","provider_guid":"{5770385F-C22A-43E0-BF4C-06F5698FFBD9}","record_id":31,"computer_name":"DESKTOP-H6FBQ5J"},"event":{"created":"2026-04-15T13:13:46.584Z","code":"1","kind":"event","provider":"Microsoft-Windows-Sysmon"}}
{"@timestamp":"2026-04-15T08:49:37.648Z","@metadata":{"beat":"winlogbeat","type":"_doc","version":"9.3.3"},"host":{"name":"DESKTOP-H6FBQ5J"},"winlog":{"process":{"pid":6668,"thread":{"id":6376}},"error":{},"provider_name":"Microsoft-Windows-Sysmon","user":{"identifier":"S-1-5-18","domain":"NT AUTHORITY","name":"SYSTEM","type":"Well Known Group"},"event_data":{"RuleName":"-","UtcTime":"2026-04-15 08:49:37.616","ProcessGuid":"{8F7AB6F6-5116-69DF-7A01-000000000500}","ProcessId":"2892","Image":"C:\\Users\\windows\\AppData\\Local\\Microsoft\\OneDrive\\26.051.0316.0004\\FileCoAuth.exe","User":"DESKTOP-H6FBQ5J\\windows"},"computer_name":"DESKTOP-H6FBQ5J","opcode":"Info","event_id":"5","record_id":32,"version":3,"channel":"Microsoft-Windows-Sysmon/Operational","provider_guid":"{5770385F-C22A-43E0-BF4C-06F5698FFBD9}"},"event":{"kind":"event","provider":"Microsoft-Windows-Sysmon","created":"2026-04-15T13:13:46.584Z","code":"5"},"ecs":{"version":"8.0.0"},"agent":{"ephemeral_id":"f8d845b8-8ac1-43f8-9a65-a6e7c2082e2f","id":"0ae603cf-457e-4a6f-bbde-51c28f1a031e","name":"DESKTOP-IKR997B","type":"winlogbeat","version":"9.3.3"},"log":{"level":"information","file":{"path":"C:\\Users\\ivysa\\Downloads\\winlogbeat-9.3.3-windows-x86_64\\winlogbeat-9.3.3-windows-x86_64\\symon.evtx"}},"error":{"message":"failed to get the event message string: failed in EvtFormatMessage: The message resource is present but the message was not found in the message table."}}
{"@timestamp":"2026-04-15T08:49:37.782Z","@metadata":{"beat":"winlogbeat","type":"_doc","version":"9.3.3"},"agent":{"id":"0ae603cf-457e-4a6f-bbde-51c28f1a031e","name":"DESKTOP-IKR997B","type":"winlogbeat","version":"9.3.3","ephemeral_id":"f8d845b8-8ac1-43f8-9a65-a6e7c2082e2f"},"winlog":{"version":2,"error":{},"channel":"Microsoft-Windows-Sysmon/Operational","user":{"identifier":"S-1-5-18","domain":"NT AUTHORITY","name":"SYSTEM","type":"Well Known Group"},"provider_name":"Microsoft-Windows-Sysmon","opcode":"Info","process":{"thread":{"id":6376},"pid":6668},"event_id":"13","computer_name":"DESKTOP-H6FBQ5J","provider_guid":"{5770385F-C22A-43E0-BF4C-06F5698FFBD9}","event_data":{"RuleName":"T1089,Tamper-Defender","EventType":"SetValue","Image":"C:\\Program Files\\Windows Defender\\MsMpEng.exe","Details":"DWORD (0x00000001)","User":"NT AUTHORITY\\SYSTEM","UtcTime":"2026-04-15 08:49:37.772","TargetObject":"HKLM\\SOFTWARE\\Microsoft\\Windows Defender\\Real-Time Protection\\DisableRealtimeMonitoring","ProcessGuid":"{8F7AB6F6-4E88-69DF-5600-000000000500}","ProcessId":"2032"},"record_id":33},"event":{"created":"2026-04-15T13:13:46.584Z","code":"13","kind":"event","provider":"Microsoft-Windows-Sysmon"},"log":{"file":{"path":"C:\\Users\\ivysa\\Downloads\\winlogbeat-9.3.3-windows-x86_64\\winlogbeat-9.3.3-windows-x86_64\\symon.evtx"},"level":"information"},"error":{"message":"failed to get the event message string: failed in EvtFormatMessage: The message resource is present but the message was not found in the message table."},"host":{"name":"DESKTOP-H6FBQ5J"},"ecs":{"version":"8.0.0"}}
{"@timestamp":"2026-04-15T08:49:38.680Z","@metadata":{"beat":"winlogbeat","type":"_doc","version":"9.3.3"},"host":{"name":"DESKTOP-H6FBQ5J"},"agent":{"ephemeral_id":"f8d845b8-8ac1-43f8-9a65-a6e7c2082e2f","id":"0ae603cf-457e-4a6f-bbde-51c28f1a031e","name":"DESKTOP-IKR997B","type":"winlogbeat","version":"9.3.3"},"ecs":{"version":"8.0.0"},"winlog":{"version":5,"opcode":"Info","user":{"name":"SYSTEM","type":"Well Known Group","identifier":"S-1-5-18","domain":"NT AUTHORITY"},"process":{"pid":6668,"thread":{"id":6376}},"provider_name":"Microsoft-Windows-Sysmon","event_id":"1","event_data":{"ProcessId":"4720","CurrentDirectory":"C:\\Windows\\system32\\","ParentImage":"C:\\Windows\\System32\\svchost.exe","User":"NT AUTHORITY\\SYSTEM","ParentProcessGuid":"{8F7AB6F6-4FF1-69DF-3A01-000000000500}","LogonGuid":"{8F7AB6F6-4E81-69DF-E703-000000000000}","LogonId":"0x3e7","ParentUser":"NT AUTHORITY\\SYSTEM","RuleName":"-","ParentCommandLine":"C:\\Windows\\system32\\svchost.exe -k netsvcs -p -s Appinfo","ProcessGuid":"{8F7AB6F6-5122-69DF-8201-000000000500}","TerminalSessionId":"1","ParentProcessId":"964","Product":"Microsoft® Windows® Operating System","IntegrityLevel":"System","Hashes":"MD5=748E1969C6B7637AB39AD505DFE600C1,SHA256=6DF9BBEE22B10F164B6087F005BC0F7C8DC648AD68B80E62C48E1C0D18531A54,IMPHASH=522D83761201075834F05037F5307949","Description":"Consent UI for administrative applications","UtcTime":"2026-04-15 08:49:38.679","Image":"C:\\Windows\\System32\\consent.exe","FileVersion":"10.0.17763.1 (WinBuild.160101.0800)","Company":"Microsoft Corporation","OriginalFileName":"consent.exe","CommandLine":"consent.exe 964 386 0000026B2DA25AE0"},"error":{},"channel":"Microsoft-Windows-Sysmon/Operational","record_id":34,"computer_name":"DESKTOP-H6FBQ5J","provider_guid":"{5770385F-C22A-43E0-BF4C-06F5698FFBD9}"},"event":{"created":"2026-04-15T13:13:46.584Z","code":"1","kind":"event","provider":"Microsoft-Windows-Sysmon"},"log":{"file":{"path":"C:\\Users\\ivysa\\Downloads\\winlogbeat-9.3.3-windows-x86_64\\winlogbeat-9.3.3-windows-x86_64\\symon.evtx"},"level":"information"},"error":{"message":"failed to get the event message string: failed in EvtFormatMessage: The message resource is present but the message was not found in the message table."}}
{"@timestamp":"2026-04-15T08:49:40.021Z","@metadata":{"beat":"winlogbeat","type":"_doc","version":"9.3.3"},"ecs":{"version":"8.0.0"},"event":{"created":"2026-04-15T13:13:46.584Z","code":"13","kind":"event","provider":"Microsoft-Windows-Sysmon"},"log":{"level":"information","file":{"path":"C:\\Users\\ivysa\\Downloads\\winlogbeat-9.3.3-windows-x86_64\\winlogbeat-9.3.3-windows-x86_64\\symon.evtx"}},"error":{"message":"failed to get the event message string: failed in EvtFormatMessage: The message resource is present but the message was not found in the message table."},"host":{"name":"DESKTOP-H6FBQ5J"},"winlog":{"channel":"Microsoft-Windows-Sysmon/Operational","opcode":"Info","record_id":35,"user":{"type":"Well Known Group","identifier":"S-1-5-18","domain":"NT AUTHORITY","name":"SYSTEM"},"event_data":{"UtcTime":"2026-04-15 08:49:40.005","ProcessId":"2032","User":"NT AUTHORITY\\SYSTEM","RuleName":"T1089,Tamper-Defender","EventType":"SetValue","ProcessGuid":"{8F7AB6F6-4E88-69DF-5600-000000000500}","Image":"C:\\Program Files\\Windows Defender\\MsMpEng.exe","TargetObject":"HKLM\\SOFTWARE\\Microsoft\\Windows Defender\\Spynet\\SpyNetReporting","Details":"DWORD (0x00000000)"},"event_id":"13","error":{},"provider_name":"Microsoft-Windows-Sysmon","computer_name":"DESKTOP-H6FBQ5J","provider_guid":"{5770385F-C22A-43E0-BF4C-06F5698FFBD9}","version":2,"process":{"thread":{"id":6376},"pid":6668}},"agent":{"type":"winlogbeat","version":"9.3.3","ephemeral_id":"f8d845b8-8ac1-43f8-9a65-a6e7c2082e2f","id":"0ae603cf-457e-4a6f-bbde-51c28f1a031e","name":"DESKTOP-IKR997B"}}
{"@timestamp":"2026-04-15T08:49:40.532Z","@metadata":{"beat":"winlogbeat","type":"_doc","version":"9.3.3"},"winlog":{"opcode":"Info","process":{"pid":6668,"thread":{"id":6376}},"error":{},"channel":"Microsoft-Windows-Sysmon/Operational","event_id":"13","provider_name":"Microsoft-Windows-Sysmon","computer_name":"DESKTOP-H6FBQ5J","version":2,"user":{"identifier":"S-1-5-18","domain":"NT AUTHORITY","name":"SYSTEM","type":"Well Known Group"},"event_data":{"Image":"C:\\Windows\\system32\\services.exe","Details":"DWORD (0x00000003)","EventType":"SetValue","User":"NT AUTHORITY\\SYSTEM","RuleName":"T1031,T1050","ProcessId":"548","UtcTime":"2026-04-15 08:49:40.521","ProcessGuid":"{8F7AB6F6-4E81-69DF-0B00-000000000500}","TargetObject":"HKLM\\System\\CurrentControlSet\\Services\\WdNisDrv\\Start"},"provider_guid":"{5770385F-C22A-43E0-BF4C-06F5698FFBD9}","record_id":36},"event":{"created":"2026-04-15T13:13:46.584Z","code":"13","kind":"event","provider":"Microsoft-Windows-Sysmon"},"log":{"level":"information","file":{"path":"C:\\Users\\ivysa\\Downloads\\winlogbeat-9.3.3-windows-x86_64\\winlogbeat-9.3.3-windows-x86_64\\symon.evtx"}},"error":{"message":"failed to get the event message string: failed in EvtFormatMessage: The message resource is present but the message was not found in the message table."},"host":{"name":"DESKTOP-H6FBQ5J"},"ecs":{"version":"8.0.0"},"agent":{"ephemeral_id":"f8d845b8-8ac1-43f8-9a65-a6e7c2082e2f","id":"0ae603cf-457e-4a6f-bbde-51c28f1a031e","name":"DESKTOP-IKR997B","type":"winlogbeat","version":"9.3.3"}}
{"@timestamp":"2026-04-15T08:49:43.050Z","@metadata":{"beat":"winlogbeat","type":"_doc","version":"9.3.3"},"log":{"level":"information","file":{"path":"C:\\Users\\ivysa\\Downloads\\winlogbeat-9.3.3-windows-x86_64\\winlogbeat-9.3.3-windows-x86_64\\symon.evtx"}},"error":{"message":"failed to get the event message string: failed in EvtFormatMessage: The message resource is present but the message was not found in the message table."},"host":{"name":"DESKTOP-H6FBQ5J"},"ecs":{"version":"8.0.0"},"agent":{"ephemeral_id":"f8d845b8-8ac1-43f8-9a65-a6e7c2082e2f","id":"0ae603cf-457e-4a6f-bbde-51c28f1a031e","name":"DESKTOP-IKR997B","type":"winlogbeat","version":"9.3.3"},"winlog":{"process":{"pid":6668,"thread":{"id":6376}},"channel":"Microsoft-Windows-Sysmon/Operational","provider_name":"Microsoft-Windows-Sysmon","provider_guid":"{5770385F-C22A-43E0-BF4C-06F5698FFBD9}","error":{},"event_id":"1","record_id":37,"computer_name":"DESKTOP-H6FBQ5J","event_data":{"LogonId":"0x3e7","Image":"C:\\Windows\\System32\\consent.exe","Description":"Consent UI for administrative applications","Product":"Microsoft® Windows® Operating System","CurrentDirectory":"C:\\Windows\\system32\\","User":"NT AUTHORITY\\SYSTEM","TerminalSessionId":"1","IntegrityLevel":"System","UtcTime":"2026-04-15 08:49:43.048","Hashes":"MD5=748E1969C6B7637AB39AD505DFE600C1,SHA256=6DF9BBEE22B10F164B6087F005BC0F7C8DC648AD68B80E62C48E1C0D18531A54,IMPHASH=522D83761201075834F05037F5307949","ProcessGuid":"{8F7AB6F6-5127-69DF-8401-000000000500}","ParentUser":"NT AUTHORITY\\SYSTEM","RuleName":"-","FileVersion":"10.0.17763.1 (WinBuild.160101.0800)","CommandLine":"consent.exe 964 386 0000026B2DA25AE0","ParentProcessId":"964","OriginalFileName":"consent.exe","LogonGuid":"{8F7AB6F6-4E81-69DF-E703-000000000000}","ParentCommandLine":"C:\\Windows\\system32\\svchost.exe -k netsvcs -p -s Appinfo","Company":"Microsoft Corporation","ParentImage":"C:\\Windows\\System32\\svchost.exe","ProcessId":"8472","ParentProcessGuid":"{8F7AB6F6-4FF1-69DF-3A01-000000000500}"},"opcode":"Info","version":5,"user":{"domain":"NT AUTHORITY","name":"SYSTEM","type":"Well Known Group","identifier":"S-1-5-18"}},"event":{"created":"2026-04-15T13:13:46.584Z","code":"1","kind":"event","provider":"Microsoft-Windows-Sysmon"}}
{"@timestamp":"2026-04-15T08:49:45.932Z","@metadata":{"beat":"winlogbeat","type":"_doc","version":"9.3.3"},"agent":{"ephemeral_id":"f8d845b8-8ac1-43f8-9a65-a6e7c2082e2f","id":"0ae603cf-457e-4a6f-bbde-51c28f1a031e","name":"DESKTOP-IKR997B","type":"winlogbeat","version":"9.3.3"},"winlog":{"opcode":"Info","provider_guid":"{5770385F-C22A-43E0-BF4C-06F5698FFBD9}","user":{"identifier":"S-1-5-18","domain":"NT AUTHORITY","name":"SYSTEM","type":"Well Known Group"},"event_data":{"User":"NT AUTHORITY\\SYSTEM","ProcessId":"2032","EventType":"SetValue","UtcTime":"2026-04-15 08:49:45.920","TargetObject":"HKLM\\SOFTWARE\\Microsoft\\Windows Defender\\Spynet\\SubmitSamplesConsent","RuleName":"T1089,Tamper-Defender","ProcessGuid":"{8F7AB6F6-4E88-69DF-5600-000000000500}","Image":"C:\\Program Files\\Windows Defender\\MsMpEng.exe","Details":"DWORD (0x00000000)"},"version":2,"process":{"pid":6668,"thread":{"id":6376}},"record_id":38,"channel":"Microsoft-Windows-Sysmon/Operational","event_id":"13","error":{},"provider_name":"Microsoft-Windows-Sysmon","computer_name":"DESKTOP-H6FBQ5J"},"event":{"created":"2026-04-15T13:13:46.584Z","code":"13","kind":"event","provider":"Microsoft-Windows-Sysmon"},"log":{"file":{"path":"C:\\Users\\ivysa\\Downloads\\winlogbeat-9.3.3-windows-x86_64\\winlogbeat-9.3.3-windows-x86_64\\symon.evtx"},"level":"information"},"error":{"message":"failed to get the event message string: failed in EvtFormatMessage: The message resource is present but the message was not found in the message table."},"host":{"name":"DESKTOP-H6FBQ5J"},"ecs":{"version":"8.0.0"}}
{"@timestamp":"2026-04-15T08:49:46.447Z","@metadata":{"beat":"winlogbeat","type":"_doc","version":"9.3.3"},"winlog":{"version":2,"user":{"domain":"NT AUTHORITY","name":"SYSTEM","type":"Well Known Group","identifier":"S-1-5-18"},"process":{"thread":{"id":6376},"pid":6668},"error":{},"computer_name":"DESKTOP-H6FBQ5J","channel":"Microsoft-Windows-Sysmon/Operational","event_id":"13","opcode":"Info","provider_guid":"{5770385F-C22A-43E0-BF4C-06F5698FFBD9}","event_data":{"UtcTime":"2026-04-15 08:49:46.436","ProcessGuid":"{8F7AB6F6-4E81-69DF-0B00-000000000500}","Image":"C:\\Windows\\system32\\services.exe","Details":"DWORD (0x00000003)","User":"NT AUTHORITY\\SYSTEM","RuleName":"T1031,T1050","EventType":"SetValue","TargetObject":"HKLM\\System\\CurrentControlSet\\Services\\WdNisDrv\\Start","ProcessId":"548"},"provider_name":"Microsoft-Windows-Sysmon","record_id":39},"event":{"code":"13","kind":"event","provider":"Microsoft-Windows-Sysmon","created":"2026-04-15T13:13:46.584Z"},"log":{"file":{"path":"C:\\Users\\ivysa\\Downloads\\winlogbeat-9.3.3-windows-x86_64\\winlogbeat-9.3.3-windows-x86_64\\symon.evtx"},"level":"information"},"error":{"message":"failed to get the event message string: failed in EvtFormatMessage: The message resource is present but the message was not found in the message table."},"host":{"name":"DESKTOP-H6FBQ5J"},"ecs":{"version":"8.0.0"},"agent":{"ephemeral_id":"f8d845b8-8ac1-43f8-9a65-a6e7c2082e2f","id":"0ae603cf-457e-4a6f-bbde-51c28f1a031e","name":"DESKTOP-IKR997B","type":"winlogbeat","version":"9.3.3"}}
{"@timestamp":"2026-04-15T08:49:53.715Z","@metadata":{"beat":"winlogbeat","type":"_doc","version":"9.3.3"},"event":{"code":"11","kind":"event","provider":"Microsoft-Windows-Sysmon","created":"2026-04-15T13:13:46.584Z"},"log":{"level":"information","file":{"path":"C:\\Users\\ivysa\\Downloads\\winlogbeat-9.3.3-windows-x86_64\\winlogbeat-9.3.3-windows-x86_64\\symon.evtx"}},"error":{"message":"failed to get the event message string: failed in EvtFormatMessage: The message resource is present but the message was not found in the message table."},"host":{"name":"DESKTOP-H6FBQ5J"},"ecs":{"version":"8.0.0"},"agent":{"id":"0ae603cf-457e-4a6f-bbde-51c28f1a031e","name":"DESKTOP-IKR997B","type":"winlogbeat","version":"9.3.3","ephemeral_id":"f8d845b8-8ac1-43f8-9a65-a6e7c2082e2f"},"winlog":{"user":{"domain":"NT AUTHORITY","name":"SYSTEM","type":"Well Known Group","identifier":"S-1-5-18"},"event_id":"11","computer_name":"DESKTOP-H6FBQ5J","version":2,"process":{"thread":{"id":6376},"pid":6668},"provider_name":"Microsoft-Windows-Sysmon","event_data":{"RuleName":"Downloads","UtcTime":"2026-04-15 08:49:53.662","ProcessGuid":"{8F7AB6F6-4E8A-69DF-6700-000000000500}","ProcessId":"3952","Image":"C:\\Windows\\Explorer.EXE","TargetFilename":"C:\\Users\\windows\\Downloads\\00202340108c101d59bbfb3daa4bbd6b4436c167e3c9734c07bfbdcb1402f746","CreationUtcTime":"2026-04-15 08:49:53.662","User":"DESKTOP-H6FBQ5J\\windows"},"record_id":40,"opcode":"Info","error":{},"channel":"Microsoft-Windows-Sysmon/Operational","provider_guid":"{5770385F-C22A-43E0-BF4C-06F5698FFBD9}"}}
{"@timestamp":"2026-04-15T08:50:01.773Z","@metadata":{"beat":"winlogbeat","type":"_doc","version":"9.3.3"},"error":{"message":"failed to get the event message string: failed in EvtFormatMessage: The message resource is present but the message was not found in the message table."},"host":{"name":"DESKTOP-H6FBQ5J"},"ecs":{"version":"8.0.0"},"agent":{"ephemeral_id":"f8d845b8-8ac1-43f8-9a65-a6e7c2082e2f","id":"0ae603cf-457e-4a6f-bbde-51c28f1a031e","name":"DESKTOP-IKR997B","type":"winlogbeat","version":"9.3.3"},"winlog":{"user":{"name":"SYSTEM","type":"Well Known Group","identifier":"S-1-5-18","domain":"NT AUTHORITY"},"event_data":{"User":"NT AUTHORITY\\LOCAL SERVICE","RuleName":"-","Image":"C:\\Windows\\system32\\svchost.exe","ProcessGuid":"{8F7AB6F6-4E84-69DF-3400-000000000500}","QueryStatus":"123","UtcTime":"2026-04-15 08:50:00.783","ProcessId":"1976","QueryName":"wpad","QueryResults":"-"},"error":{},"channel":"Microsoft-Windows-Sysmon/Operational","record_id":41,"provider_guid":"{5770385F-C22A-43E0-BF4C-06F5698FFBD9}","version":5,"process":{"pid":6668,"thread":{"id":3820}},"provider_name":"Microsoft-Windows-Sysmon","opcode":"Info","event_id":"22","computer_name":"DESKTOP-H6FBQ5J"},"event":{"provider":"Microsoft-Windows-Sysmon","created":"2026-04-15T13:13:46.584Z","code":"22","kind":"event"},"log":{"level":"information","file":{"path":"C:\\Users\\ivysa\\Downloads\\winlogbeat-9.3.3-windows-x86_64\\winlogbeat-9.3.3-windows-x86_64\\symon.evtx"}}}
{"@timestamp":"2026-04-15T08:50:17.671Z","@metadata":{"beat":"winlogbeat","type":"_doc","version":"9.3.3"},"agent":{"ephemeral_id":"f8d845b8-8ac1-43f8-9a65-a6e7c2082e2f","id":"0ae603cf-457e-4a6f-bbde-51c28f1a031e","name":"DESKTOP-IKR997B","type":"winlogbeat","version":"9.3.3"},"event":{"created":"2026-04-15T13:13:46.584Z","code":"11","kind":"event","provider":"Microsoft-Windows-Sysmon"},"log":{"file":{"path":"C:\\Users\\ivysa\\Downloads\\winlogbeat-9.3.3-windows-x86_64\\winlogbeat-9.3.3-windows-x86_64\\symon.evtx"},"level":"information"},"error":{"message":"failed to get the event message string: failed in EvtFormatMessage: The message resource is present but the message was not found in the message table."},"host":{"name":"DESKTOP-H6FBQ5J"},"winlog":{"user":{"domain":"NT AUTHORITY","name":"SYSTEM","type":"Well Known Group","identifier":"S-1-5-18"},"event_data":{"TargetFilename":"C:\\Users\\windows\\Downloads\\4e6172d5-c7bf-48f2-8a10-032c6d037b54.tmp","CreationUtcTime":"2026-04-15 08:50:17.500","User":"DESKTOP-H6FBQ5J\\windows","RuleName":"Downloads","UtcTime":"2026-04-15 08:50:17.500","ProcessGuid":"{8F7AB6F6-4EAB-69DF-B300-000000000500}","ProcessId":"7728","Image":"C:\\Program Files\\Google\\Chrome\\Application\\chrome.exe"},"event_id":"11","provider_guid":"{5770385F-C22A-43E0-BF4C-06F5698FFBD9}","error":{},"provider_name":"Microsoft-Windows-Sysmon","record_id":42,"computer_name":"DESKTOP-H6FBQ5J","version":2,"process":{"pid":6668,"thread":{"id":6376}},"channel":"Microsoft-Windows-Sysmon/Operational","opcode":"Info"},"ecs":{"version":"8.0.0"}}
{"@timestamp":"2026-04-15T08:50:20.562Z","@metadata":{"beat":"winlogbeat","type":"_doc","version":"9.3.3"},"host":{"name":"DESKTOP-H6FBQ5J"},"ecs":{"version":"8.0.0"},"agent":{"type":"winlogbeat","version":"9.3.3","ephemeral_id":"f8d845b8-8ac1-43f8-9a65-a6e7c2082e2f","id":"0ae603cf-457e-4a6f-bbde-51c28f1a031e","name":"DESKTOP-IKR997B"},"winlog":{"user":{"name":"SYSTEM","type":"Well Known Group","identifier":"S-1-5-18","domain":"NT AUTHORITY"},"error":{},"channel":"Microsoft-Windows-Sysmon/Operational","event_id":"15","provider_name":"Microsoft-Windows-Sysmon","record_id":43,"opcode":"Info","version":2,"event_data":{"Contents":"-","RuleName":"-","ProcessId":"2656","TargetFilename":"C:\\Users\\windows\\Downloads\\BANDIZIP-SETUP-STD-X64.EXE","Hash":"MD5=872FC2ABAD786D2748C4128D5C478815,SHA256=BBE80322264A7A63530068B89621542A4809912C8EA77BC14C7C81B6FF75F357,IMPHASH=B1A586C098F67922FDF0073AA1B447F9","User":"DESKTOP-H6FBQ5J\\windows","Image":"C:\\Program Files\\Google\\Chrome\\Application\\chrome.exe","UtcTime":"2026-04-15 08:50:20.314","ProcessGuid":"{8F7AB6F6-514B-69DF-8E01-000000000500}","CreationUtcTime":"2026-04-15 08:50:17.500"},"process":{"pid":6668,"thread":{"id":6376}},"computer_name":"DESKTOP-H6FBQ5J","provider_guid":"{5770385F-C22A-43E0-BF4C-06F5698FFBD9}"},"event":{"code":"15","kind":"event","provider":"Microsoft-Windows-Sysmon","created":"2026-04-15T13:13:46.585Z"},"log":{"level":"information","file":{"path":"C:\\Users\\ivysa\\Downloads\\winlogbeat-9.3.3-windows-x86_64\\winlogbeat-9.3.3-windows-x86_64\\symon.evtx"}},"error":{"message":"failed to get the event message string: failed in EvtFormatMessage: The message resource is present but the message was not found in the message table."}}
{"@timestamp":"2026-04-15T08:50:20.562Z","@metadata":{"beat":"winlogbeat","type":"_doc","version":"9.3.3"},"ecs":{"version":"8.0.0"},"event":{"provider":"Microsoft-Windows-Sysmon","created":"2026-04-15T13:13:46.585Z","code":"11","kind":"event"},"log":{"level":"information","file":{"path":"C:\\Users\\ivysa\\Downloads\\winlogbeat-9.3.3-windows-x86_64\\winlogbeat-9.3.3-windows-x86_64\\symon.evtx"}},"error":{"message":"failed to get the event message string: failed in EvtFormatMessage: The message resource is present but the message was not found in the message table."},"host":{"name":"DESKTOP-H6FBQ5J"},"winlog":{"provider_name":"Microsoft-Windows-Sysmon","error":{},"record_id":44,"opcode":"Info","version":2,"event_data":{"TargetFilename":"C:\\Users\\windows\\Downloads\\BANDIZIP-SETUP-STD-X64.EXE:Zone.Identifier","CreationUtcTime":"2026-04-15 08:50:17.500","User":"DESKTOP-H6FBQ5J\\windows","RuleName":"Downloads","UtcTime":"2026-04-15 08:50:20.490","ProcessGuid":"{8F7AB6F6-514B-69DF-8E01-000000000500}","ProcessId":"2656","Image":"C:\\Program Files\\Google\\Chrome\\Application\\chrome.exe"},"computer_name":"DESKTOP-H6FBQ5J","provider_guid":"{5770385F-C22A-43E0-BF4C-06F5698FFBD9}","user":{"domain":"NT AUTHORITY","name":"SYSTEM","type":"Well Known Group","identifier":"S-1-5-18"},"process":{"pid":6668,"thread":{"id":6376}},"channel":"Microsoft-Windows-Sysmon/Operational","event_id":"11"},"agent":{"ephemeral_id":"f8d845b8-8ac1-43f8-9a65-a6e7c2082e2f","id":"0ae603cf-457e-4a6f-bbde-51c28f1a031e","name":"DESKTOP-IKR997B","type":"winlogbeat","version":"9.3.3"}}
{"@timestamp":"2026-04-15T08:50:20.619Z","@metadata":{"beat":"winlogbeat","type":"_doc","version":"9.3.3"},"log":{"level":"information","file":{"path":"C:\\Users\\ivysa\\Downloads\\winlogbeat-9.3.3-windows-x86_64\\winlogbeat-9.3.3-windows-x86_64\\symon.evtx"}},"error":{"message":"failed to get the event message string: failed in EvtFormatMessage: The message resource is present but the message was not found in the message table."},"host":{"name":"DESKTOP-H6FBQ5J"},"winlog":{"event_id":"15","process":{"pid":6668,"thread":{"id":6376}},"channel":"Microsoft-Windows-Sysmon/Operational","record_id":45,"computer_name":"DESKTOP-H6FBQ5J","event_data":{"User":"DESKTOP-H6FBQ5J\\windows","RuleName":"-","ProcessGuid":"{8F7AB6F6-514B-69DF-8E01-000000000500}","ProcessId":"2656","Contents":"[ZoneTransfer]  ZoneId=3  ","TargetFilename":"C:\\Users\\windows\\Downloads\\BANDIZIP-SETUP-STD-X64.EXE:Zone.Identifier","Hash":"MD5=FBCCF14D504B7B2DBCB5A5BDA75BD93B,SHA256=EACD09517CE90D34BA562171D15AC40D302F0E691B439F91BE1B6406E25F5913,IMPHASH=00000000000000000000000000000000","UtcTime":"2026-04-15 08:50:20.553","Image":"C:\\Program Files\\Google\\Chrome\\Application\\chrome.exe","CreationUtcTime":"2026-04-15 08:50:17.500"},"provider_guid":"{5770385F-C22A-43E0-BF4C-06F5698FFBD9}","version":2,"error":{},"provider_name":"Microsoft-Windows-Sysmon","opcode":"Info","user":{"type":"Well Known Group","identifier":"S-1-5-18","domain":"NT AUTHORITY","name":"SYSTEM"}},"event":{"created":"2026-04-15T13:13:46.585Z","code":"15","kind":"event","provider":"Microsoft-Windows-Sysmon"},"ecs":{"version":"8.0.0"},"agent":{"id":"0ae603cf-457e-4a6f-bbde-51c28f1a031e","name":"DESKTOP-IKR997B","type":"winlogbeat","version":"9.3.3","ephemeral_id":"f8d845b8-8ac1-43f8-9a65-a6e7c2082e2f"}}
{"@timestamp":"2026-04-15T08:50:20.741Z","@metadata":{"beat":"winlogbeat","type":"_doc","version":"9.3.3"},"ecs":{"version":"8.0.0"},"agent":{"name":"DESKTOP-IKR997B","type":"winlogbeat","version":"9.3.3","ephemeral_id":"f8d845b8-8ac1-43f8-9a65-a6e7c2082e2f","id":"0ae603cf-457e-4a6f-bbde-51c28f1a031e"},"winlog":{"version":2,"provider_guid":"{5770385F-C22A-43E0-BF4C-06F5698FFBD9}","user":{"domain":"NT AUTHORITY","name":"SYSTEM","type":"Well Known Group","identifier":"S-1-5-18"},"error":{},"channel":"Microsoft-Windows-Sysmon/Operational","event_id":"15","provider_name":"Microsoft-Windows-Sysmon","opcode":"Info","computer_name":"DESKTOP-H6FBQ5J","event_data":{"TargetFilename":"C:\\Users\\windows\\Downloads\\BANDIZIP-SETUP-STD-X64.EXE","CreationUtcTime":"2026-04-15 08:50:17.500","Hash":"MD5=872FC2ABAD786D2748C4128D5C478815,SHA256=BBE80322264A7A63530068B89621542A4809912C8EA77BC14C7C81B6FF75F357,IMPHASH=B1A586C098F67922FDF0073AA1B447F9","Contents":"-","User":"DESKTOP-H6FBQ5J\\windows","RuleName":"-","ProcessGuid":"{8F7AB6F6-514B-69DF-8E01-000000000500}","ProcessId":"2656","UtcTime":"2026-04-15 08:50:20.553","Image":"C:\\Program Files\\Google\\Chrome\\Application\\chrome.exe"},"process":{"pid":6668,"thread":{"id":6376}},"record_id":46},"event":{"code":"15","kind":"event","provider":"Microsoft-Windows-Sysmon","created":"2026-04-15T13:13:46.585Z"},"log":{"level":"information","file":{"path":"C:\\Users\\ivysa\\Downloads\\winlogbeat-9.3.3-windows-x86_64\\winlogbeat-9.3.3-windows-x86_64\\symon.evtx"}},"error":{"message":"failed to get the event message string: failed in EvtFormatMessage: The message resource is present but the message was not found in the message table."},"host":{"name":"DESKTOP-H6FBQ5J"}}
{"@timestamp":"2026-04-15T08:50:20.810Z","@metadata":{"beat":"winlogbeat","type":"_doc","version":"9.3.3"},"winlog":{"version":2,"user":{"domain":"NT AUTHORITY","name":"SYSTEM","type":"Well Known Group","identifier":"S-1-5-18"},"process":{"pid":6668,"thread":{"id":6376}},"opcode":"Info","channel":"Microsoft-Windows-Sysmon/Operational","event_id":"15","event_data":{"CreationUtcTime":"2026-04-15 08:50:17.500","ProcessGuid":"{8F7AB6F6-514B-69DF-8E01-000000000500}","ProcessId":"2656","Image":"C:\\Program Files\\Google\\Chrome\\Application\\chrome.exe","TargetFilename":"C:\\Users\\windows\\Downloads\\BANDIZIP-SETUP-STD-X64.EXE:Zone.Identifier","Contents":"[ZoneTransfer]  ZoneId=3  ReferrerUrl=https://www.bandisoft.com/  ","Hash":"MD5=1F8493D678D28F2BAA33CD815667E1B1,SHA256=F34B8FEB820349ADF488D75233B20243EE6D7E05224A93472B90F4B202720286,IMPHASH=00000000000000000000000000000000","User":"DESKTOP-H6FBQ5J\\windows","RuleName":"-","UtcTime":"2026-04-15 08:50:20.740"},"record_id":47,"computer_name":"DESKTOP-H6FBQ5J","provider_guid":"{5770385F-C22A-43E0-BF4C-06F5698FFBD9}","error":{},"provider_name":"Microsoft-Windows-Sysmon"},"ecs":{"version":"8.0.0"},"agent":{"name":"DESKTOP-IKR997B","type":"winlogbeat","version":"9.3.3","ephemeral_id":"f8d845b8-8ac1-43f8-9a65-a6e7c2082e2f","id":"0ae603cf-457e-4a6f-bbde-51c28f1a031e"},"event":{"kind":"event","provider":"Microsoft-Windows-Sysmon","created":"2026-04-15T13:13:46.585Z","code":"15"},"log":{"file":{"path":"C:\\Users\\ivysa\\Downloads\\winlogbeat-9.3.3-windows-x86_64\\winlogbeat-9.3.3-windows-x86_64\\symon.evtx"},"level":"information"},"error":{"message":"failed to get the event message string: failed in EvtFormatMessage: The message resource is present but the message was not found in the message table."},"host":{"name":"DESKTOP-H6FBQ5J"}}
{"@timestamp":"2026-04-15T08:50:20.928Z","@metadata":{"beat":"winlogbeat","type":"_doc","version":"9.3.3"},"winlog":{"opcode":"Info","version":2,"user":{"type":"Well Known Group","identifier":"S-1-5-18","domain":"NT AUTHORITY","name":"SYSTEM"},"process":{"pid":6668,"thread":{"id":6376}},"error":{},"computer_name":"DESKTOP-H6FBQ5J","provider_guid":"{5770385F-C22A-43E0-BF4C-06F5698FFBD9}","event_id":"15","record_id":48,"channel":"Microsoft-Windows-Sysmon/Operational","provider_name":"Microsoft-Windows-Sysmon","event_data":{"User":"DESKTOP-H6FBQ5J\\windows","ProcessGuid":"{8F7AB6F6-514B-69DF-8E01-000000000500}","Image":"C:\\Program Files\\Google\\Chrome\\Application\\chrome.exe","TargetFilename":"C:\\Users\\windows\\Downloads\\BANDIZIP-SETUP-STD-X64.EXE","CreationUtcTime":"2026-04-15 08:50:17.500","Hash":"MD5=872FC2ABAD786D2748C4128D5C478815,SHA256=BBE80322264A7A63530068B89621542A4809912C8EA77BC14C7C81B6FF75F357,IMPHASH=B1A586C098F67922FDF0073AA1B447F9","RuleName":"-","ProcessId":"2656","UtcTime":"2026-04-15 08:50:20.740","Contents":"-"}},"event":{"code":"15","kind":"event","provider":"Microsoft-Windows-Sysmon","created":"2026-04-15T13:13:46.585Z"},"log":{"level":"information","file":{"path":"C:\\Users\\ivysa\\Downloads\\winlogbeat-9.3.3-windows-x86_64\\winlogbeat-9.3.3-windows-x86_64\\symon.evtx"}},"error":{"message":"failed to get the event message string: failed in EvtFormatMessage: The message resource is present but the message was not found in the message table."},"host":{"name":"DESKTOP-H6FBQ5J"},"ecs":{"version":"8.0.0"},"agent":{"name":"DESKTOP-IKR997B","type":"winlogbeat","version":"9.3.3","ephemeral_id":"f8d845b8-8ac1-43f8-9a65-a6e7c2082e2f","id":"0ae603cf-457e-4a6f-bbde-51c28f1a031e"}}
{"@timestamp":"2026-04-15T08:50:21.060Z","@metadata":{"beat":"winlogbeat","type":"_doc","version":"9.3.3"},"ecs":{"version":"8.0.0"},"agent":{"name":"DESKTOP-IKR997B","type":"winlogbeat","version":"9.3.3","ephemeral_id":"f8d845b8-8ac1-43f8-9a65-a6e7c2082e2f","id":"0ae603cf-457e-4a6f-bbde-51c28f1a031e"},"log":{"file":{"path":"C:\\Users\\ivysa\\Downloads\\winlogbeat-9.3.3-windows-x86_64\\winlogbeat-9.3.3-windows-x86_64\\symon.evtx"},"level":"information"},"error":{"message":"failed to get the event message string: failed in EvtFormatMessage: The message resource is present but the message was not found in the message table."},"host":{"name":"DESKTOP-H6FBQ5J"},"winlog":{"computer_name":"DESKTOP-H6FBQ5J","user":{"name":"SYSTEM","type":"Well Known Group","identifier":"S-1-5-18","domain":"NT AUTHORITY"},"event_data":{"RuleName":"-","User":"DESKTOP-H6FBQ5J\\windows","UtcTime":"2026-04-15 08:50:20.922","Contents":"[ZoneTransfer]  ZoneId=3  ReferrerUrl=https://www.bandisoft.com/  HostUrl=https://bandisoft.app/bandizip/BANDIZIP-SETUP-STD-X64.EXE?20260415161100  ","ProcessGuid":"{8F7AB6F6-514B-69DF-8E01-000000000500}","CreationUtcTime":"2026-04-15 08:50:17.500","Hash":"MD5=D3DFB6C2102FA588A3D48719D2CDDF15,SHA256=EED50AA77ADC7BAAE10E590E86791FFE86D1EC1903ED86247AD56CC206688FD1,IMPHASH=00000000000000000000000000000000","ProcessId":"2656","Image":"C:\\Program Files\\Google\\Chrome\\Application\\chrome.exe","TargetFilename":"C:\\Users\\windows\\Downloads\\BANDIZIP-SETUP-STD-X64.EXE:Zone.Identifier"},"version":2,"process":{"thread":{"id":6376},"pid":6668},"error":{},"record_id":49,"provider_guid":"{5770385F-C22A-43E0-BF4C-06F5698FFBD9}","channel":"Microsoft-Windows-Sysmon/Operational","provider_name":"Microsoft-Windows-Sysmon","opcode":"Info","event_id":"15"},"event":{"provider":"Microsoft-Windows-Sysmon","created":"2026-04-15T13:13:46.585Z","code":"15","kind":"event"}}
{"@timestamp":"2026-04-15T08:50:24.506Z","@metadata":{"beat":"winlogbeat","type":"_doc","version":"9.3.3"},"agent":{"name":"DESKTOP-IKR997B","type":"winlogbeat","version":"9.3.3","ephemeral_id":"f8d845b8-8ac1-43f8-9a65-a6e7c2082e2f","id":"0ae603cf-457e-4a6f-bbde-51c28f1a031e"},"winlog":{"error":{},"event_id":"1","record_id":50,"user":{"identifier":"S-1-5-18","domain":"NT AUTHORITY","name":"SYSTEM","type":"Well Known Group"},"channel":"Microsoft-Windows-Sysmon/Operational","opcode":"Info","process":{"pid":6668,"thread":{"id":6376}},"version":5,"event_data":{"ParentCommandLine":"\"C:\\Program Files\\Google\\Chrome\\Application\\chrome.exe\" --restore-last-session --restart","Company":"Bandisoft","CommandLine":"\"C:\\Users\\windows\\Downloads\\BANDIZIP-SETUP-STD-X64.EXE\" ","Description":"Bandizip 7.42 0 Setup","UtcTime":"2026-04-15 08:50:24.395","Image":"C:\\Users\\windows\\Downloads\\BANDIZIP-SETUP-STD-X64.EXE","IntegrityLevel":"Medium","Product":"-","ParentProcessId":"7728","ProcessGuid":"{8F7AB6F6-5150-69DF-9101-000000000500}","ProcessId":"1248","OriginalFileName":"-","User":"DESKTOP-H6FBQ5J\\windows","Hashes":"MD5=872FC2ABAD786D2748C4128D5C478815,SHA256=BBE80322264A7A63530068B89621542A4809912C8EA77BC14C7C81B6FF75F357,IMPHASH=B1A586C098F67922FDF0073AA1B447F9","CurrentDirectory":"C:\\Users\\windows\\Downloads\\","LogonId":"0x12b58","ParentProcessGuid":"{8F7AB6F6-4EAB-69DF-B300-000000000500}","ParentImage":"C:\\Program Files\\Google\\Chrome\\Application\\chrome.exe","ParentUser":"DESKTOP-H6FBQ5J\\windows","RuleName":"-","FileVersion":"7.42","LogonGuid":"{8F7AB6F6-4E83-69DF-582B-010000000000}","TerminalSessionId":"1"},"provider_name":"Microsoft-Windows-Sysmon","computer_name":"DESKTOP-H6FBQ5J","provider_guid":"{5770385F-C22A-43E0-BF4C-06F5698FFBD9}"},"event":{"provider":"Microsoft-Windows-Sysmon","created":"2026-04-15T13:13:46.585Z","code":"1","kind":"event"},"log":{"level":"information","file":{"path":"C:\\Users\\ivysa\\Downloads\\winlogbeat-9.3.3-windows-x86_64\\winlogbeat-9.3.3-windows-x86_64\\symon.evtx"}},"error":{"message":"failed to get the event message string: failed in EvtFormatMessage: The message resource is present but the message was not found in the message table."},"host":{"name":"DESKTOP-H6FBQ5J"},"ecs":{"version":"8.0.0"}}
{"@timestamp":"2026-04-15T08:50:24.506Z","@metadata":{"beat":"winlogbeat","type":"_doc","version":"9.3.3"},"ecs":{"version":"8.0.0"},"agent":{"name":"DESKTOP-IKR997B","type":"winlogbeat","version":"9.3.3","ephemeral_id":"f8d845b8-8ac1-43f8-9a65-a6e7c2082e2f","id":"0ae603cf-457e-4a6f-bbde-51c28f1a031e"},"winlog":{"event_id":"5","provider_guid":"{5770385F-C22A-43E0-BF4C-06F5698FFBD9}","computer_name":"DESKTOP-H6FBQ5J","user":{"identifier":"S-1-5-18","domain":"NT AUTHORITY","name":"SYSTEM","type":"Well Known Group"},"error":{},"channel":"Microsoft-Windows-Sysmon/Operational","record_id":51,"opcode":"Info","version":3,"provider_name":"Microsoft-Windows-Sysmon","event_data":{"ProcessGuid":"{8F7AB6F6-5150-69DF-9101-000000000500}","ProcessId":"1248","Image":"C:\\Users\\windows\\Downloads\\BANDIZIP-SETUP-STD-X64.EXE","User":"DESKTOP-H6FBQ5J\\windows","RuleName":"-","UtcTime":"2026-04-15 08:50:24.492"},"process":{"pid":6668,"thread":{"id":6376}}},"event":{"created":"2026-04-15T13:13:46.585Z","code":"5","kind":"event","provider":"Microsoft-Windows-Sysmon"},"log":{"level":"information","file":{"path":"C:\\Users\\ivysa\\Downloads\\winlogbeat-9.3.3-windows-x86_64\\winlogbeat-9.3.3-windows-x86_64\\symon.evtx"}},"error":{"message":"failed to get the event message string: failed in EvtFormatMessage: The message resource is present but the message was not found in the message table."},"host":{"name":"DESKTOP-H6FBQ5J"}}
{"@timestamp":"2026-04-15T08:50:24.516Z","@metadata":{"beat":"winlogbeat","type":"_doc","version":"9.3.3"},"ecs":{"version":"8.0.0"},"agent":{"ephemeral_id":"f8d845b8-8ac1-43f8-9a65-a6e7c2082e2f","id":"0ae603cf-457e-4a6f-bbde-51c28f1a031e","name":"DESKTOP-IKR997B","type":"winlogbeat","version":"9.3.3"},"winlog":{"event_id":"1","provider_guid":"{5770385F-C22A-43E0-BF4C-06F5698FFBD9}","version":5,"record_id":52,"error":{},"provider_name":"Microsoft-Windows-Sysmon","computer_name":"DESKTOP-H6FBQ5J","opcode":"Info","user":{"identifier":"S-1-5-18","domain":"NT AUTHORITY","name":"SYSTEM","type":"Well Known Group"},"event_data":{"Company":"Microsoft Corporation","User":"NT AUTHORITY\\SYSTEM","LogonGuid":"{8F7AB6F6-4E81-69DF-E703-000000000000}","ProcessGuid":"{8F7AB6F6-5150-69DF-9201-000000000500}","LogonId":"0x3e7","ParentImage":"C:\\Windows\\System32\\svchost.exe","Product":"Microsoft® Windows® Operating System","IntegrityLevel":"System","CurrentDirectory":"C:\\Windows\\system32\\","TerminalSessionId":"1","ParentUser":"NT AUTHORITY\\SYSTEM","OriginalFileName":"consent.exe","CommandLine":"consent.exe 964 444 0000026B2DA21C90","ParentProcessId":"964","ProcessId":"2288","Hashes":"MD5=748E1969C6B7637AB39AD505DFE600C1,SHA256=6DF9BBEE22B10F164B6087F005BC0F7C8DC648AD68B80E62C48E1C0D18531A54,IMPHASH=522D83761201075834F05037F5307949","ParentCommandLine":"C:\\Windows\\system32\\svchost.exe -k netsvcs -p -s Appinfo","UtcTime":"2026-04-15 08:50:24.514","Description":"Consent UI for administrative applications","FileVersion":"10.0.17763.1 (WinBuild.160101.0800)","ParentProcessGuid":"{8F7AB6F6-4FF1-69DF-3A01-000000000500}","RuleName":"-","Image":"C:\\Windows\\System32\\consent.exe"},"process":{"pid":6668,"thread":{"id":6376}},"channel":"Microsoft-Windows-Sysmon/Operational"},"event":{"created":"2026-04-15T13:13:46.585Z","code":"1","kind":"event","provider":"Microsoft-Windows-Sysmon"},"log":{"level":"information","file":{"path":"C:\\Users\\ivysa\\Downloads\\winlogbeat-9.3.3-windows-x86_64\\winlogbeat-9.3.3-windows-x86_64\\symon.evtx"}},"error":{"message":"failed to get the event message string: failed in EvtFormatMessage: The message resource is present but the message was not found in the message table."},"host":{"name":"DESKTOP-H6FBQ5J"}}
