{"@timestamp":"2026-04-15T09:02:04.052Z","@metadata":{"beat":"winlogbeat","type":"_doc","version":"9.3.3"},"error":{"message":"failed to get the event message string: failed in EvtFormatMessage: The message resource is present but the message was not found in the message table."},"host":{"name":"DESKTOP-H6FBQ5J"},"agent":{"type":"winlogbeat","version":"9.3.3","ephemeral_id":"f8d845b8-8ac1-43f8-9a65-a6e7c2082e2f","id":"0ae603cf-457e-4a6f-bbde-51c28f1a031e","name":"DESKTOP-IKR997B"},"ecs":{"version":"8.0.0"},"winlog":{"record_id":659,"error":{},"opcode":"Info","computer_name":"DESKTOP-H6FBQ5J","provider_guid":"{5770385F-C22A-43E0-BF4C-06F5698FFBD9}","version":5,"process":{"pid":6668,"thread":{"id":6376}},"event_id":"1","provider_name":"Microsoft-Windows-Sysmon","user":{"identifier":"S-1-5-18","domain":"NT AUTHORITY","name":"SYSTEM","type":"Well Known Group"},"event_data":{"OriginalFileName":"NGenTask.exe","ProcessGuid":"{8F7AB6F6-540C-69DF-2B02-000000000500}","IntegrityLevel":"System","Image":"C:\\Windows\\Microsoft.NET\\Framework\\v4.0.30319\\ngentask.exe","ParentImage":"C:\\Windows\\System32\\taskhostw.exe","Description":"Microsoft .NET Framework optimization service","TerminalSessionId":"0","ProcessId":"8316","FileVersion":"4.7.3190.0 built by: NET472REL1LAST_C","LogonId":"0x3e7","ParentProcessGuid":"{8F7AB6F6-53CD-69DF-0D02-000000000500}","RuleName":"-","CurrentDirectory":"C:\\Windows\\system32\\","Product":"Microsoft® .NET Framework","Company":"Microsoft Corporation","LogonGuid":"{8F7AB6F6-4E81-69DF-E703-000000000000}","Hashes":"MD5=EAA932E150162183903568C20A667145,SHA256=1DE4EAD8FFE6AA2A2DF80A93D39B51804E187711DD28723B4F087605ACF21D33,IMPHASH=F34D5F2D4577ED6D9CEEC516C1F5A744","User":"NT AUTHORITY\\SYSTEM","ParentCommandLine":"taskhostw.exe SYSTEM","UtcTime":"2026-04-15 09:02:04.038","CommandLine":"\"C:\\Windows\\Microsoft.NET\\Framework\\v4.0.30319\\NGenTask.exe\" /RuntimeWide /StopEvent:1176","ParentProcessId":"640","ParentUser":"NT AUTHORITY\\SYSTEM"},"channel":"Microsoft-Windows-Sysmon/Operational"},"event":{"provider":"Microsoft-Windows-Sysmon","created":"2026-04-15T13:13:46.685Z","code":"1","kind":"event"},"log":{"level":"information","file":{"path":"C:\\Users\\ivysa\\Downloads\\winlogbeat-9.3.3-windows-x86_64\\winlogbeat-9.3.3-windows-x86_64\\symon.evtx"}}}
{"@timestamp":"2026-04-15T09:02:05.586Z","@metadata":{"beat":"winlogbeat","type":"_doc","version":"9.3.3"},"log":{"level":"information","file":{"path":"C:\\Users\\ivysa\\Downloads\\winlogbeat-9.3.3-windows-x86_64\\winlogbeat-9.3.3-windows-x86_64\\symon.evtx"}},"error":{"message":"failed to get the event message string: failed in EvtFormatMessage: The message resource is present but the message was not found in the message table."},"host":{"name":"DESKTOP-H6FBQ5J"},"ecs":{"version":"8.0.0"},"agent":{"ephemeral_id":"f8d845b8-8ac1-43f8-9a65-a6e7c2082e2f","id":"0ae603cf-457e-4a6f-bbde-51c28f1a031e","name":"DESKTOP-IKR997B","type":"winlogbeat","version":"9.3.3"},"winlog":{"opcode":"Info","provider_guid":"{5770385F-C22A-43E0-BF4C-06F5698FFBD9}","version":5,"process":{"pid":6668,"thread":{"id":6376}},"channel":"Microsoft-Windows-Sysmon/Operational","event_id":"1","computer_name":"DESKTOP-H6FBQ5J","user":{"type":"Well Known Group","identifier":"S-1-5-18","domain":"NT AUTHORITY","name":"SYSTEM"},"provider_name":"Microsoft-Windows-Sysmon","record_id":660,"event_data":{"ParentCommandLine":"C:\\Windows\\system32\\services.exe","LogonGuid":"{8F7AB6F6-4E81-69DF-E703-000000000000}","IntegrityLevel":"System","Product":"Microsoft® Windows® Operating System","Description":"Host Process for Windows Services","TerminalSessionId":"0","RuleName":"-","ProcessId":"300","ParentProcessGuid":"{8F7AB6F6-4E81-69DF-0B00-000000000500}","ParentUser":"NT AUTHORITY\\SYSTEM","ProcessGuid":"{8F7AB6F6-540D-69DF-2C02-000000000500}","User":"NT AUTHORITY\\SYSTEM","UtcTime":"2026-04-15 09:02:05.580","OriginalFileName":"svchost.exe","Hashes":"MD5=8A0A29438052FAED8A2532DA50455756,SHA256=7FD065BAC18C5278777AE44908101CDFED72D26FA741367F0AD4D02020787AB6,IMPHASH=247B9220E5D9B720A82B2C8B5069AD69","ParentImage":"C:\\Windows\\System32\\services.exe","Image":"C:\\Windows\\System32\\svchost.exe","ParentProcessId":"548","CommandLine":"C:\\Windows\\System32\\svchost.exe -k LocalSystemNetworkRestricted -p -s DsSvc","Company":"Microsoft Corporation","LogonId":"0x3e7","CurrentDirectory":"C:\\Windows\\system32\\","FileVersion":"10.0.17763.1 (WinBuild.160101.0800)"},"error":{}},"event":{"created":"2026-04-15T13:13:46.685Z","code":"1","kind":"event","provider":"Microsoft-Windows-Sysmon"}}
{"@timestamp":"2026-04-15T09:02:08.471Z","@metadata":{"beat":"winlogbeat","type":"_doc","version":"9.3.3"},"event":{"kind":"event","provider":"Microsoft-Windows-Sysmon","created":"2026-04-15T13:13:46.686Z","code":"13"},"log":{"level":"information","file":{"path":"C:\\Users\\ivysa\\Downloads\\winlogbeat-9.3.3-windows-x86_64\\winlogbeat-9.3.3-windows-x86_64\\symon.evtx"}},"error":{"message":"failed to get the event message string: failed in EvtFormatMessage: The message resource is present but the message was not found in the message table."},"host":{"name":"DESKTOP-H6FBQ5J"},"winlog":{"process":{"pid":6668,"thread":{"id":6376}},"error":{},"event_id":"13","computer_name":"DESKTOP-H6FBQ5J","opcode":"Info","user":{"type":"Well Known Group","identifier":"S-1-5-18","domain":"NT AUTHORITY","name":"SYSTEM"},"provider_guid":"{5770385F-C22A-43E0-BF4C-06F5698FFBD9}","event_data":{"Image":"C:\\Windows\\servicing\\TrustedInstaller.exe","RuleName":"Tamper-Winlogon","UtcTime":"2026-04-15 09:02:08.450","ProcessId":"6496","TargetObject":"HKLM\\System\\CurrentControlSet\\Control\\Winlogon\\Notifications\\Components\\TrustedInstaller\\Events","Details":"(Empty)","User":"NT AUTHORITY\\SYSTEM","EventType":"SetValue","ProcessGuid":"{8F7AB6F6-53E6-69DF-2802-000000000500}"},"channel":"Microsoft-Windows-Sysmon/Operational","record_id":661,"provider_name":"Microsoft-Windows-Sysmon","version":2},"ecs":{"version":"8.0.0"},"agent":{"id":"0ae603cf-457e-4a6f-bbde-51c28f1a031e","name":"DESKTOP-IKR997B","type":"winlogbeat","version":"9.3.3","ephemeral_id":"f8d845b8-8ac1-43f8-9a65-a6e7c2082e2f"}}
{"@timestamp":"2026-04-15T09:02:10.080Z","@metadata":{"beat":"winlogbeat","type":"_doc","version":"9.3.3"},"log":{"level":"information","file":{"path":"C:\\Users\\ivysa\\Downloads\\winlogbeat-9.3.3-windows-x86_64\\winlogbeat-9.3.3-windows-x86_64\\symon.evtx"}},"error":{"message":"failed to get the event message string: failed in EvtFormatMessage: The message resource is present but the message was not found in the message table."},"ecs":{"version":"8.0.0"},"agent":{"id":"0ae603cf-457e-4a6f-bbde-51c28f1a031e","name":"DESKTOP-IKR997B","type":"winlogbeat","version":"9.3.3","ephemeral_id":"f8d845b8-8ac1-43f8-9a65-a6e7c2082e2f"},"host":{"name":"DESKTOP-H6FBQ5J"},"winlog":{"channel":"Microsoft-Windows-Sysmon/Operational","event_id":"13","record_id":662,"computer_name":"DESKTOP-H6FBQ5J","event_data":{"RuleName":"Tamper-Winlogon","UtcTime":"2026-04-15 09:02:10.074","Image":"C:\\Windows\\servicing\\TrustedInstaller.exe","Details":"CreateSession","EventType":"SetValue","ProcessId":"6496","TargetObject":"HKLM\\System\\CurrentControlSet\\Control\\Winlogon\\Notifications\\Components\\TrustedInstaller\\Events","User":"NT AUTHORITY\\SYSTEM","ProcessGuid":"{8F7AB6F6-53E6-69DF-2802-000000000500}"},"process":{"pid":6668,"thread":{"id":6376}},"provider_name":"Microsoft-Windows-Sysmon","user":{"identifier":"S-1-5-18","domain":"NT AUTHORITY","name":"SYSTEM","type":"Well Known Group"},"provider_guid":"{5770385F-C22A-43E0-BF4C-06F5698FFBD9}","opcode":"Info","version":2,"error":{}},"event":{"provider":"Microsoft-Windows-Sysmon","created":"2026-04-15T13:13:46.686Z","code":"13","kind":"event"}}
{"@timestamp":"2026-04-15T09:03:00.359Z","@metadata":{"beat":"winlogbeat","type":"_doc","version":"9.3.3"},"error":{"message":"failed to get the event message string: failed in EvtFormatMessage: The message resource is present but the message was not found in the message table."},"host":{"name":"DESKTOP-H6FBQ5J"},"winlog":{"provider_guid":"{5770385F-C22A-43E0-BF4C-06F5698FFBD9}","version":2,"process":{"pid":6668,"thread":{"id":6376}},"channel":"Microsoft-Windows-Sysmon/Operational","event_data":{"ProcessGuid":"{8F7AB6F6-53E6-69DF-2802-000000000500}","Image":"C:\\Windows\\servicing\\TrustedInstaller.exe","Details":"(Empty)","User":"NT AUTHORITY\\SYSTEM","EventType":"SetValue","UtcTime":"2026-04-15 09:03:00.356","RuleName":"Tamper-Winlogon","ProcessId":"6496","TargetObject":"HKLM\\System\\CurrentControlSet\\Control\\Winlogon\\Notifications\\Components\\TrustedInstaller\\Events"},"error":{},"opcode":"Info","event_id":"13","provider_name":"Microsoft-Windows-Sysmon","user":{"name":"SYSTEM","type":"Well Known Group","identifier":"S-1-5-18","domain":"NT AUTHORITY"},"record_id":663,"computer_name":"DESKTOP-H6FBQ5J"},"event":{"code":"13","kind":"event","provider":"Microsoft-Windows-Sysmon","created":"2026-04-15T13:13:46.686Z"},"ecs":{"version":"8.0.0"},"agent":{"version":"9.3.3","ephemeral_id":"f8d845b8-8ac1-43f8-9a65-a6e7c2082e2f","id":"0ae603cf-457e-4a6f-bbde-51c28f1a031e","name":"DESKTOP-IKR997B","type":"winlogbeat"},"log":{"level":"information","file":{"path":"C:\\Users\\ivysa\\Downloads\\winlogbeat-9.3.3-windows-x86_64\\winlogbeat-9.3.3-windows-x86_64\\symon.evtx"}}}
{"@timestamp":"2026-04-15T09:03:15.259Z","@metadata":{"beat":"winlogbeat","type":"_doc","version":"9.3.3"},"host":{"name":"DESKTOP-H6FBQ5J"},"winlog":{"user":{"identifier":"S-1-5-18","domain":"NT AUTHORITY","name":"SYSTEM","type":"Well Known Group"},"process":{"pid":6668,"thread":{"id":6376}},"error":{},"computer_name":"DESKTOP-H6FBQ5J","version":2,"provider_guid":"{5770385F-C22A-43E0-BF4C-06F5698FFBD9}","event_data":{"RuleName":"ProcessHostingdotNETCode","UtcTime":"2026-04-15 09:03:15.246","ProcessGuid":"{8F7AB6F6-53CD-69DF-0E02-000000000500}","ProcessId":"916","Image":"C:\\Windows\\system32\\tzsync.exe","TargetFilename":"C:\\Windows\\System32\\config\\systemprofile\\AppData\\Local\\Microsoft\\CLR_v4.0\\UsageLogs\\tzsync.exe.log","CreationUtcTime":"2026-04-15 09:03:15.246","User":"NT AUTHORITY\\SYSTEM"},"channel":"Microsoft-Windows-Sysmon/Operational","event_id":"11","opcode":"Info","provider_name":"Microsoft-Windows-Sysmon","record_id":664},"event":{"created":"2026-04-15T13:13:46.686Z","code":"11","kind":"event","provider":"Microsoft-Windows-Sysmon"},"log":{"level":"information","file":{"path":"C:\\Users\\ivysa\\Downloads\\winlogbeat-9.3.3-windows-x86_64\\winlogbeat-9.3.3-windows-x86_64\\symon.evtx"}},"error":{"message":"failed to get the event message string: failed in EvtFormatMessage: The message resource is present but the message was not found in the message table."},"ecs":{"version":"8.0.0"},"agent":{"ephemeral_id":"f8d845b8-8ac1-43f8-9a65-a6e7c2082e2f","id":"0ae603cf-457e-4a6f-bbde-51c28f1a031e","name":"DESKTOP-IKR997B","type":"winlogbeat","version":"9.3.3"}}
{"@timestamp":"2026-04-15T09:03:21.278Z","@metadata":{"beat":"winlogbeat","type":"_doc","version":"9.3.3"},"agent":{"name":"DESKTOP-IKR997B","type":"winlogbeat","version":"9.3.3","ephemeral_id":"f8d845b8-8ac1-43f8-9a65-a6e7c2082e2f","id":"0ae603cf-457e-4a6f-bbde-51c28f1a031e"},"event":{"created":"2026-04-15T13:13:46.686Z","code":"11","kind":"event","provider":"Microsoft-Windows-Sysmon"},"log":{"level":"information","file":{"path":"C:\\Users\\ivysa\\Downloads\\winlogbeat-9.3.3-windows-x86_64\\winlogbeat-9.3.3-windows-x86_64\\symon.evtx"}},"error":{"message":"failed to get the event message string: failed in EvtFormatMessage: The message resource is present but the message was not found in the message table."},"host":{"name":"DESKTOP-H6FBQ5J"},"winlog":{"opcode":"Info","provider_guid":"{5770385F-C22A-43E0-BF4C-06F5698FFBD9}","event_data":{"RuleName":"DLL","UtcTime":"2026-04-15 09:03:21.278","ProcessGuid":"{8F7AB6F6-53CD-69DF-1302-000000000500}","ProcessId":"564","Image":"C:\\Windows\\system32\\cleanmgr.exe","TargetFilename":"C:\\Users\\windows\\AppData\\Local\\Temp\\C9117556-55FA-467C-BC75-DAE3896EF33F\\AppxProvider.dll","CreationUtcTime":"2026-04-15 09:03:21.278","User":"DESKTOP-H6FBQ5J\\windows"},"provider_name":"Microsoft-Windows-Sysmon","user":{"name":"SYSTEM","type":"Well Known Group","identifier":"S-1-5-18","domain":"NT AUTHORITY"},"event_id":"11","record_id":665,"computer_name":"DESKTOP-H6FBQ5J","process":{"pid":6668,"thread":{"id":6376}},"channel":"Microsoft-Windows-Sysmon/Operational","version":2,"error":{}},"ecs":{"version":"8.0.0"}}
{"@timestamp":"2026-04-15T09:03:21.405Z","@metadata":{"beat":"winlogbeat","type":"_doc","version":"9.3.3"},"error":{"message":"failed to get the event message string: failed in EvtFormatMessage: The message resource is present but the message was not found in the message table."},"host":{"name":"DESKTOP-H6FBQ5J"},"ecs":{"version":"8.0.0"},"agent":{"id":"0ae603cf-457e-4a6f-bbde-51c28f1a031e","name":"DESKTOP-IKR997B","type":"winlogbeat","version":"9.3.3","ephemeral_id":"f8d845b8-8ac1-43f8-9a65-a6e7c2082e2f"},"winlog":{"process":{"pid":6668,"thread":{"id":6376}},"opcode":"Info","channel":"Microsoft-Windows-Sysmon/Operational","event_id":"11","error":{},"computer_name":"DESKTOP-H6FBQ5J","version":2,"user":{"identifier":"S-1-5-18","domain":"NT AUTHORITY","name":"SYSTEM","type":"Well Known Group"},"provider_name":"Microsoft-Windows-Sysmon","record_id":666,"provider_guid":"{5770385F-C22A-43E0-BF4C-06F5698FFBD9}","event_data":{"RuleName":"DLL","UtcTime":"2026-04-15 09:03:21.403","ProcessGuid":"{8F7AB6F6-53CD-69DF-1302-000000000500}","ProcessId":"564","Image":"C:\\Windows\\system32\\cleanmgr.exe","TargetFilename":"C:\\Users\\windows\\AppData\\Local\\Temp\\C9117556-55FA-467C-BC75-DAE3896EF33F\\AssocProvider.dll","CreationUtcTime":"2026-04-15 09:03:21.403","User":"DESKTOP-H6FBQ5J\\windows"}},"event":{"kind":"event","provider":"Microsoft-Windows-Sysmon","created":"2026-04-15T13:13:46.686Z","code":"11"},"log":{"level":"information","file":{"path":"C:\\Users\\ivysa\\Downloads\\winlogbeat-9.3.3-windows-x86_64\\winlogbeat-9.3.3-windows-x86_64\\symon.evtx"}}}
{"@timestamp":"2026-04-15T09:03:21.497Z","@metadata":{"beat":"winlogbeat","type":"_doc","version":"9.3.3"},"event":{"provider":"Microsoft-Windows-Sysmon","created":"2026-04-15T13:13:46.686Z","code":"11","kind":"event"},"log":{"file":{"path":"C:\\Users\\ivysa\\Downloads\\winlogbeat-9.3.3-windows-x86_64\\winlogbeat-9.3.3-windows-x86_64\\symon.evtx"},"level":"information"},"error":{"message":"failed to get the event message string: failed in EvtFormatMessage: The message resource is present but the message was not found in the message table."},"host":{"name":"DESKTOP-H6FBQ5J"},"ecs":{"version":"8.0.0"},"agent":{"name":"DESKTOP-IKR997B","type":"winlogbeat","version":"9.3.3","ephemeral_id":"f8d845b8-8ac1-43f8-9a65-a6e7c2082e2f","id":"0ae603cf-457e-4a6f-bbde-51c28f1a031e"},"winlog":{"computer_name":"DESKTOP-H6FBQ5J","opcode":"Info","provider_name":"Microsoft-Windows-Sysmon","version":2,"user":{"identifier":"S-1-5-18","domain":"NT AUTHORITY","name":"SYSTEM","type":"Well Known Group"},"process":{"thread":{"id":6376},"pid":6668},"record_id":667,"provider_guid":"{5770385F-C22A-43E0-BF4C-06F5698FFBD9}","event_data":{"Image":"C:\\Windows\\system32\\cleanmgr.exe","TargetFilename":"C:\\Users\\windows\\AppData\\Local\\Temp\\C9117556-55FA-467C-BC75-DAE3896EF33F\\CbsProvider.dll","CreationUtcTime":"2026-04-15 09:03:21.449","User":"DESKTOP-H6FBQ5J\\windows","RuleName":"DLL","UtcTime":"2026-04-15 09:03:21.496","ProcessGuid":"{8F7AB6F6-53CD-69DF-1302-000000000500}","ProcessId":"564"},"error":{},"channel":"Microsoft-Windows-Sysmon/Operational","event_id":"11"}}
{"@timestamp":"2026-04-15T09:03:21.685Z","@metadata":{"beat":"winlogbeat","type":"_doc","version":"9.3.3"},"log":{"level":"information","file":{"path":"C:\\Users\\ivysa\\Downloads\\winlogbeat-9.3.3-windows-x86_64\\winlogbeat-9.3.3-windows-x86_64\\symon.evtx"}},"error":{"message":"failed to get the event message string: failed in EvtFormatMessage: The message resource is present but the message was not found in the message table."},"host":{"name":"DESKTOP-H6FBQ5J"},"ecs":{"version":"8.0.0"},"agent":{"id":"0ae603cf-457e-4a6f-bbde-51c28f1a031e","name":"DESKTOP-IKR997B","type":"winlogbeat","version":"9.3.3","ephemeral_id":"f8d845b8-8ac1-43f8-9a65-a6e7c2082e2f"},"winlog":{"process":{"pid":6668,"thread":{"id":6376}},"error":{},"channel":"Microsoft-Windows-Sysmon/Operational","provider_name":"Microsoft-Windows-Sysmon","record_id":668,"computer_name":"DESKTOP-H6FBQ5J","user":{"identifier":"S-1-5-18","domain":"NT AUTHORITY","name":"SYSTEM","type":"Well Known Group"},"event_data":{"User":"DESKTOP-H6FBQ5J\\windows","RuleName":"DLL","UtcTime":"2026-04-15 09:03:21.684","ProcessGuid":"{8F7AB6F6-53CD-69DF-1302-000000000500}","ProcessId":"564","Image":"C:\\Windows\\system32\\cleanmgr.exe","TargetFilename":"C:\\Users\\windows\\AppData\\Local\\Temp\\C9117556-55FA-467C-BC75-DAE3896EF33F\\CompatProvider.dll","CreationUtcTime":"2026-04-15 09:03:21.684"},"event_id":"11","opcode":"Info","provider_guid":"{5770385F-C22A-43E0-BF4C-06F5698FFBD9}","version":2},"event":{"created":"2026-04-15T13:13:46.686Z","code":"11","kind":"event","provider":"Microsoft-Windows-Sysmon"}}
{"@timestamp":"2026-04-15T09:03:21.780Z","@metadata":{"beat":"winlogbeat","type":"_doc","version":"9.3.3"},"agent":{"ephemeral_id":"f8d845b8-8ac1-43f8-9a65-a6e7c2082e2f","id":"0ae603cf-457e-4a6f-bbde-51c28f1a031e","name":"DESKTOP-IKR997B","type":"winlogbeat","version":"9.3.3"},"winlog":{"event_data":{"UtcTime":"2026-04-15 09:03:21.778","ProcessGuid":"{8F7AB6F6-53CD-69DF-1302-000000000500}","ProcessId":"564","Image":"C:\\Windows\\system32\\cleanmgr.exe","TargetFilename":"C:\\Users\\windows\\AppData\\Local\\Temp\\C9117556-55FA-467C-BC75-DAE3896EF33F\\DismCore.dll","CreationUtcTime":"2026-04-15 09:03:21.778","User":"DESKTOP-H6FBQ5J\\windows","RuleName":"DLL"},"record_id":669,"opcode":"Info","process":{"pid":6668,"thread":{"id":6376}},"error":{},"channel":"Microsoft-Windows-Sysmon/Operational","computer_name":"DESKTOP-H6FBQ5J","provider_guid":"{5770385F-C22A-43E0-BF4C-06F5698FFBD9}","version":2,"user":{"domain":"NT AUTHORITY","name":"SYSTEM","type":"Well Known Group","identifier":"S-1-5-18"},"event_id":"11","provider_name":"Microsoft-Windows-Sysmon"},"event":{"kind":"event","provider":"Microsoft-Windows-Sysmon","created":"2026-04-15T13:13:46.686Z","code":"11"},"log":{"file":{"path":"C:\\Users\\ivysa\\Downloads\\winlogbeat-9.3.3-windows-x86_64\\winlogbeat-9.3.3-windows-x86_64\\symon.evtx"},"level":"information"},"error":{"message":"failed to get the event message string: failed in EvtFormatMessage: The message resource is present but the message was not found in the message table."},"host":{"name":"DESKTOP-H6FBQ5J"},"ecs":{"version":"8.0.0"}}
{"@timestamp":"2026-04-15T09:03:21.920Z","@metadata":{"beat":"winlogbeat","type":"_doc","version":"9.3.3"},"agent":{"id":"0ae603cf-457e-4a6f-bbde-51c28f1a031e","name":"DESKTOP-IKR997B","type":"winlogbeat","version":"9.3.3","ephemeral_id":"f8d845b8-8ac1-43f8-9a65-a6e7c2082e2f"},"event":{"created":"2026-04-15T13:13:46.686Z","code":"11","kind":"event","provider":"Microsoft-Windows-Sysmon"},"log":{"level":"information","file":{"path":"C:\\Users\\ivysa\\Downloads\\winlogbeat-9.3.3-windows-x86_64\\winlogbeat-9.3.3-windows-x86_64\\symon.evtx"}},"error":{"message":"failed to get the event message string: failed in EvtFormatMessage: The message resource is present but the message was not found in the message table."},"host":{"name":"DESKTOP-H6FBQ5J"},"winlog":{"user":{"identifier":"S-1-5-18","domain":"NT AUTHORITY","name":"SYSTEM","type":"Well Known Group"},"channel":"Microsoft-Windows-Sysmon/Operational","record_id":670,"process":{"pid":6668,"thread":{"id":6376}},"computer_name":"DESKTOP-H6FBQ5J","version":2,"event_data":{"TargetFilename":"C:\\Users\\windows\\AppData\\Local\\Temp\\C9117556-55FA-467C-BC75-DAE3896EF33F\\DismCorePS.dll","CreationUtcTime":"2026-04-15 09:03:21.918","User":"DESKTOP-H6FBQ5J\\windows","RuleName":"DLL","UtcTime":"2026-04-15 09:03:21.918","ProcessGuid":"{8F7AB6F6-53CD-69DF-1302-000000000500}","ProcessId":"564","Image":"C:\\Windows\\system32\\cleanmgr.exe"},"error":{},"event_id":"11","provider_name":"Microsoft-Windows-Sysmon","opcode":"Info","provider_guid":"{5770385F-C22A-43E0-BF4C-06F5698FFBD9}"},"ecs":{"version":"8.0.0"}}
{"@timestamp":"2026-04-15T09:03:22.013Z","@metadata":{"beat":"winlogbeat","type":"_doc","version":"9.3.3"},"agent":{"ephemeral_id":"f8d845b8-8ac1-43f8-9a65-a6e7c2082e2f","id":"0ae603cf-457e-4a6f-bbde-51c28f1a031e","name":"DESKTOP-IKR997B","type":"winlogbeat","version":"9.3.3"},"winlog":{"error":{},"user":{"identifier":"S-1-5-18","domain":"NT AUTHORITY","name":"SYSTEM","type":"Well Known Group"},"opcode":"Info","provider_guid":"{5770385F-C22A-43E0-BF4C-06F5698FFBD9}","event_id":"11","record_id":671,"computer_name":"DESKTOP-H6FBQ5J","channel":"Microsoft-Windows-Sysmon/Operational","provider_name":"Microsoft-Windows-Sysmon","version":2,"event_data":{"ProcessGuid":"{8F7AB6F6-53CD-69DF-1302-000000000500}","ProcessId":"564","Image":"C:\\Windows\\system32\\cleanmgr.exe","TargetFilename":"C:\\Users\\windows\\AppData\\Local\\Temp\\C9117556-55FA-467C-BC75-DAE3896EF33F\\DismHost.exe","CreationUtcTime":"2026-04-15 09:03:22.012","User":"DESKTOP-H6FBQ5J\\windows","RuleName":"EXE","UtcTime":"2026-04-15 09:03:22.012"},"process":{"pid":6668,"thread":{"id":6376}}},"event":{"provider":"Microsoft-Windows-Sysmon","created":"2026-04-15T13:13:46.686Z","code":"11","kind":"event"},"log":{"file":{"path":"C:\\Users\\ivysa\\Downloads\\winlogbeat-9.3.3-windows-x86_64\\winlogbeat-9.3.3-windows-x86_64\\symon.evtx"},"level":"information"},"error":{"message":"failed to get the event message string: failed in EvtFormatMessage: The message resource is present but the message was not found in the message table."},"host":{"name":"DESKTOP-H6FBQ5J"},"ecs":{"version":"8.0.0"}}
{"@timestamp":"2026-04-15T09:03:22.107Z","@metadata":{"beat":"winlogbeat","type":"_doc","version":"9.3.3"},"winlog":{"process":{"thread":{"id":6376},"pid":6668},"error":{},"computer_name":"DESKTOP-H6FBQ5J","opcode":"Info","event_data":{"UtcTime":"2026-04-15 09:03:22.106","ProcessGuid":"{8F7AB6F6-53CD-69DF-1302-000000000500}","ProcessId":"564","Image":"C:\\Windows\\system32\\cleanmgr.exe","TargetFilename":"C:\\Users\\windows\\AppData\\Local\\Temp\\C9117556-55FA-467C-BC75-DAE3896EF33F\\DismProv.dll","CreationUtcTime":"2026-04-15 09:03:22.106","User":"DESKTOP-H6FBQ5J\\windows","RuleName":"DLL"},"channel":"Microsoft-Windows-Sysmon/Operational","event_id":"11","provider_name":"Microsoft-Windows-Sysmon","provider_guid":"{5770385F-C22A-43E0-BF4C-06F5698FFBD9}","version":2,"record_id":672,"user":{"name":"SYSTEM","type":"Well Known Group","identifier":"S-1-5-18","domain":"NT AUTHORITY"}},"event":{"code":"11","kind":"event","provider":"Microsoft-Windows-Sysmon","created":"2026-04-15T13:13:46.686Z"},"log":{"level":"information","file":{"path":"C:\\Users\\ivysa\\Downloads\\winlogbeat-9.3.3-windows-x86_64\\winlogbeat-9.3.3-windows-x86_64\\symon.evtx"}},"error":{"message":"failed to get the event message string: failed in EvtFormatMessage: The message resource is present but the message was not found in the message table."},"host":{"name":"DESKTOP-H6FBQ5J"},"ecs":{"version":"8.0.0"},"agent":{"version":"9.3.3","ephemeral_id":"f8d845b8-8ac1-43f8-9a65-a6e7c2082e2f","id":"0ae603cf-457e-4a6f-bbde-51c28f1a031e","name":"DESKTOP-IKR997B","type":"winlogbeat"}}
{"@timestamp":"2026-04-15T09:03:22.201Z","@metadata":{"beat":"winlogbeat","type":"_doc","version":"9.3.3"},"ecs":{"version":"8.0.0"},"agent":{"ephemeral_id":"f8d845b8-8ac1-43f8-9a65-a6e7c2082e2f","id":"0ae603cf-457e-4a6f-bbde-51c28f1a031e","name":"DESKTOP-IKR997B","type":"winlogbeat","version":"9.3.3"},"winlog":{"computer_name":"DESKTOP-H6FBQ5J","event_id":"11","process":{"pid":6668,"thread":{"id":6376}},"channel":"Microsoft-Windows-Sysmon/Operational","provider_name":"Microsoft-Windows-Sysmon","record_id":673,"opcode":"Info","provider_guid":"{5770385F-C22A-43E0-BF4C-06F5698FFBD9}","user":{"identifier":"S-1-5-18","domain":"NT AUTHORITY","name":"SYSTEM","type":"Well Known Group"},"version":2,"event_data":{"ProcessId":"564","Image":"C:\\Windows\\system32\\cleanmgr.exe","TargetFilename":"C:\\Users\\windows\\AppData\\Local\\Temp\\C9117556-55FA-467C-BC75-DAE3896EF33F\\DmiProvider.dll","CreationUtcTime":"2026-04-15 09:03:22.199","User":"DESKTOP-H6FBQ5J\\windows","RuleName":"DLL","UtcTime":"2026-04-15 09:03:22.199","ProcessGuid":"{8F7AB6F6-53CD-69DF-1302-000000000500}"},"error":{}},"event":{"created":"2026-04-15T13:13:46.686Z","code":"11","kind":"event","provider":"Microsoft-Windows-Sysmon"},"log":{"level":"information","file":{"path":"C:\\Users\\ivysa\\Downloads\\winlogbeat-9.3.3-windows-x86_64\\winlogbeat-9.3.3-windows-x86_64\\symon.evtx"}},"error":{"message":"failed to get the event message string: failed in EvtFormatMessage: The message resource is present but the message was not found in the message table."},"host":{"name":"DESKTOP-H6FBQ5J"}}
{"@timestamp":"2026-04-15T09:03:24.248Z","@metadata":{"beat":"winlogbeat","type":"_doc","version":"9.3.3"},"event":{"kind":"event","provider":"Microsoft-Windows-Sysmon","created":"2026-04-15T13:13:46.686Z","code":"11"},"log":{"level":"information","file":{"path":"C:\\Users\\ivysa\\Downloads\\winlogbeat-9.3.3-windows-x86_64\\winlogbeat-9.3.3-windows-x86_64\\symon.evtx"}},"error":{"message":"failed to get the event message string: failed in EvtFormatMessage: The message resource is present but the message was not found in the message table."},"host":{"name":"DESKTOP-H6FBQ5J"},"agent":{"type":"winlogbeat","version":"9.3.3","ephemeral_id":"f8d845b8-8ac1-43f8-9a65-a6e7c2082e2f","id":"0ae603cf-457e-4a6f-bbde-51c28f1a031e","name":"DESKTOP-IKR997B"},"ecs":{"version":"8.0.0"},"winlog":{"event_id":"11","opcode":"Info","version":2,"error":{},"record_id":674,"process":{"thread":{"id":6376},"pid":6668},"provider_name":"Microsoft-Windows-Sysmon","computer_name":"DESKTOP-H6FBQ5J","channel":"Microsoft-Windows-Sysmon/Operational","provider_guid":"{5770385F-C22A-43E0-BF4C-06F5698FFBD9}","user":{"identifier":"S-1-5-18","domain":"NT AUTHORITY","name":"SYSTEM","type":"Well Known Group"},"event_data":{"Image":"C:\\Windows\\system32\\cleanmgr.exe","TargetFilename":"C:\\Users\\windows\\AppData\\Local\\Temp\\C9117556-55FA-467C-BC75-DAE3896EF33F\\FfuProvider.dll","CreationUtcTime":"2026-04-15 09:03:24.246","User":"DESKTOP-H6FBQ5J\\windows","RuleName":"DLL","UtcTime":"2026-04-15 09:03:24.246","ProcessGuid":"{8F7AB6F6-53CD-69DF-1302-000000000500}","ProcessId":"564"}}}
{"@timestamp":"2026-04-15T09:03:24.388Z","@metadata":{"beat":"winlogbeat","type":"_doc","version":"9.3.3"},"winlog":{"event_id":"11","version":2,"error":{},"opcode":"Info","provider_guid":"{5770385F-C22A-43E0-BF4C-06F5698FFBD9}","process":{"pid":6668,"thread":{"id":6376}},"provider_name":"Microsoft-Windows-Sysmon","record_id":675,"computer_name":"DESKTOP-H6FBQ5J","user":{"name":"SYSTEM","type":"Well Known Group","identifier":"S-1-5-18","domain":"NT AUTHORITY"},"event_data":{"User":"DESKTOP-H6FBQ5J\\windows","RuleName":"DLL","UtcTime":"2026-04-15 09:03:24.387","ProcessGuid":"{8F7AB6F6-53CD-69DF-1302-000000000500}","ProcessId":"564","Image":"C:\\Windows\\system32\\cleanmgr.exe","TargetFilename":"C:\\Users\\windows\\AppData\\Local\\Temp\\C9117556-55FA-467C-BC75-DAE3896EF33F\\FolderProvider.dll","CreationUtcTime":"2026-04-15 09:03:24.387"},"channel":"Microsoft-Windows-Sysmon/Operational"},"event":{"kind":"event","provider":"Microsoft-Windows-Sysmon","created":"2026-04-15T13:13:46.686Z","code":"11"},"log":{"level":"information","file":{"path":"C:\\Users\\ivysa\\Downloads\\winlogbeat-9.3.3-windows-x86_64\\winlogbeat-9.3.3-windows-x86_64\\symon.evtx"}},"error":{"message":"failed to get the event message string: failed in EvtFormatMessage: The message resource is present but the message was not found in the message table."},"host":{"name":"DESKTOP-H6FBQ5J"},"ecs":{"version":"8.0.0"},"agent":{"id":"0ae603cf-457e-4a6f-bbde-51c28f1a031e","name":"DESKTOP-IKR997B","type":"winlogbeat","version":"9.3.3","ephemeral_id":"f8d845b8-8ac1-43f8-9a65-a6e7c2082e2f"}}
{"@timestamp":"2026-04-15T09:03:24.435Z","@metadata":{"beat":"winlogbeat","type":"_doc","version":"9.3.3"},"ecs":{"version":"8.0.0"},"agent":{"ephemeral_id":"f8d845b8-8ac1-43f8-9a65-a6e7c2082e2f","id":"0ae603cf-457e-4a6f-bbde-51c28f1a031e","name":"DESKTOP-IKR997B","type":"winlogbeat","version":"9.3.3"},"winlog":{"record_id":676,"opcode":"Info","provider_guid":"{5770385F-C22A-43E0-BF4C-06F5698FFBD9}","version":2,"provider_name":"Microsoft-Windows-Sysmon","user":{"type":"Well Known Group","identifier":"S-1-5-18","domain":"NT AUTHORITY","name":"SYSTEM"},"event_data":{"User":"DESKTOP-H6FBQ5J\\windows","RuleName":"DLL","UtcTime":"2026-04-15 09:03:24.434","ProcessGuid":"{8F7AB6F6-53CD-69DF-1302-000000000500}","ProcessId":"564","Image":"C:\\Windows\\system32\\cleanmgr.exe","TargetFilename":"C:\\Users\\windows\\AppData\\Local\\Temp\\C9117556-55FA-467C-BC75-DAE3896EF33F\\GenericProvider.dll","CreationUtcTime":"2026-04-15 09:03:24.434"},"process":{"pid":6668,"thread":{"id":6376}},"channel":"Microsoft-Windows-Sysmon/Operational","event_id":"11","computer_name":"DESKTOP-H6FBQ5J","error":{}},"event":{"created":"2026-04-15T13:13:46.686Z","code":"11","kind":"event","provider":"Microsoft-Windows-Sysmon"},"log":{"level":"information","file":{"path":"C:\\Users\\ivysa\\Downloads\\winlogbeat-9.3.3-windows-x86_64\\winlogbeat-9.3.3-windows-x86_64\\symon.evtx"}},"error":{"message":"failed to get the event message string: failed in EvtFormatMessage: The message resource is present but the message was not found in the message table."},"host":{"name":"DESKTOP-H6FBQ5J"}}
{"@timestamp":"2026-04-15T09:03:24.482Z","@metadata":{"beat":"winlogbeat","type":"_doc","version":"9.3.3"},"event":{"kind":"event","provider":"Microsoft-Windows-Sysmon","created":"2026-04-15T13:13:46.686Z","code":"11"},"ecs":{"version":"8.0.0"},"agent":{"ephemeral_id":"f8d845b8-8ac1-43f8-9a65-a6e7c2082e2f","id":"0ae603cf-457e-4a6f-bbde-51c28f1a031e","name":"DESKTOP-IKR997B","type":"winlogbeat","version":"9.3.3"},"log":{"level":"information","file":{"path":"C:\\Users\\ivysa\\Downloads\\winlogbeat-9.3.3-windows-x86_64\\winlogbeat-9.3.3-windows-x86_64\\symon.evtx"}},"error":{"message":"failed to get the event message string: failed in EvtFormatMessage: The message resource is present but the message was not found in the message table."},"host":{"name":"DESKTOP-H6FBQ5J"},"winlog":{"user":{"domain":"NT AUTHORITY","name":"SYSTEM","type":"Well Known Group","identifier":"S-1-5-18"},"record_id":677,"computer_name":"DESKTOP-H6FBQ5J","error":{},"channel":"Microsoft-Windows-Sysmon/Operational","opcode":"Info","event_data":{"ProcessId":"564","Image":"C:\\Windows\\system32\\cleanmgr.exe","TargetFilename":"C:\\Users\\windows\\AppData\\Local\\Temp\\C9117556-55FA-467C-BC75-DAE3896EF33F\\IBSProvider.dll","CreationUtcTime":"2026-04-15 09:03:24.481","User":"DESKTOP-H6FBQ5J\\windows","RuleName":"DLL","UtcTime":"2026-04-15 09:03:24.481","ProcessGuid":"{8F7AB6F6-53CD-69DF-1302-000000000500}"},"process":{"pid":6668,"thread":{"id":6376}},"event_id":"11","provider_guid":"{5770385F-C22A-43E0-BF4C-06F5698FFBD9}","version":2,"provider_name":"Microsoft-Windows-Sysmon"}}
{"@timestamp":"2026-04-15T09:03:24.529Z","@metadata":{"beat":"winlogbeat","type":"_doc","version":"9.3.3"},"error":{"message":"failed to get the event message string: failed in EvtFormatMessage: The message resource is present but the message was not found in the message table."},"host":{"name":"DESKTOP-H6FBQ5J"},"winlog":{"user":{"domain":"NT AUTHORITY","name":"SYSTEM","type":"Well Known Group","identifier":"S-1-5-18"},"record_id":678,"event_data":{"CreationUtcTime":"2026-04-15 09:03:24.528","User":"DESKTOP-H6FBQ5J\\windows","RuleName":"DLL","UtcTime":"2026-04-15 09:03:24.528","ProcessGuid":"{8F7AB6F6-53CD-69DF-1302-000000000500}","ProcessId":"564","Image":"C:\\Windows\\system32\\cleanmgr.exe","TargetFilename":"C:\\Users\\windows\\AppData\\Local\\Temp\\C9117556-55FA-467C-BC75-DAE3896EF33F\\ImagingProvider.dll"},"error":{},"event_id":"11","provider_name":"Microsoft-Windows-Sysmon","opcode":"Info","provider_guid":"{5770385F-C22A-43E0-BF4C-06F5698FFBD9}","version":2,"channel":"Microsoft-Windows-Sysmon/Operational","computer_name":"DESKTOP-H6FBQ5J","process":{"pid":6668,"thread":{"id":6376}}},"event":{"provider":"Microsoft-Windows-Sysmon","created":"2026-04-15T13:13:46.686Z","code":"11","kind":"event"},"log":{"level":"information","file":{"path":"C:\\Users\\ivysa\\Downloads\\winlogbeat-9.3.3-windows-x86_64\\winlogbeat-9.3.3-windows-x86_64\\symon.evtx"}},"ecs":{"version":"8.0.0"},"agent":{"ephemeral_id":"f8d845b8-8ac1-43f8-9a65-a6e7c2082e2f","id":"0ae603cf-457e-4a6f-bbde-51c28f1a031e","name":"DESKTOP-IKR997B","type":"winlogbeat","version":"9.3.3"}}
{"@timestamp":"2026-04-15T09:03:24.643Z","@metadata":{"beat":"winlogbeat","type":"_doc","version":"9.3.3"},"winlog":{"opcode":"Info","provider_guid":"{5770385F-C22A-43E0-BF4C-06F5698FFBD9}","version":2,"channel":"Microsoft-Windows-Sysmon/Operational","event_id":"11","user":{"identifier":"S-1-5-18","domain":"NT AUTHORITY","name":"SYSTEM","type":"Well Known Group"},"process":{"thread":{"id":6376},"pid":6668},"error":{},"record_id":679,"computer_name":"DESKTOP-H6FBQ5J","event_data":{"UtcTime":"2026-04-15 09:03:24.637","ProcessGuid":"{8F7AB6F6-53CD-69DF-1302-000000000500}","ProcessId":"564","Image":"C:\\Windows\\system32\\cleanmgr.exe","TargetFilename":"C:\\Users\\windows\\AppData\\Local\\Temp\\C9117556-55FA-467C-BC75-DAE3896EF33F\\IntlProvider.dll","CreationUtcTime":"2026-04-15 09:03:24.637","User":"DESKTOP-H6FBQ5J\\windows","RuleName":"DLL"},"provider_name":"Microsoft-Windows-Sysmon"},"event":{"created":"2026-04-15T13:13:46.686Z","code":"11","kind":"event","provider":"Microsoft-Windows-Sysmon"},"log":{"level":"information","file":{"path":"C:\\Users\\ivysa\\Downloads\\winlogbeat-9.3.3-windows-x86_64\\winlogbeat-9.3.3-windows-x86_64\\symon.evtx"}},"error":{"message":"failed to get the event message string: failed in EvtFormatMessage: The message resource is present but the message was not found in the message table."},"host":{"name":"DESKTOP-H6FBQ5J"},"ecs":{"version":"8.0.0"},"agent":{"type":"winlogbeat","version":"9.3.3","ephemeral_id":"f8d845b8-8ac1-43f8-9a65-a6e7c2082e2f","id":"0ae603cf-457e-4a6f-bbde-51c28f1a031e","name":"DESKTOP-IKR997B"}}
{"@timestamp":"2026-04-15T09:03:30.681Z","@metadata":{"beat":"winlogbeat","type":"_doc","version":"9.3.3"},"error":{"message":"failed to get the event message string: failed in EvtFormatMessage: The message resource is present but the message was not found in the message table."},"ecs":{"version":"8.0.0"},"agent":{"id":"0ae603cf-457e-4a6f-bbde-51c28f1a031e","name":"DESKTOP-IKR997B","type":"winlogbeat","version":"9.3.3","ephemeral_id":"f8d845b8-8ac1-43f8-9a65-a6e7c2082e2f"},"host":{"name":"DESKTOP-H6FBQ5J"},"winlog":{"user":{"identifier":"S-1-5-18","domain":"NT AUTHORITY","name":"SYSTEM","type":"Well Known Group"},"error":{},"channel":"Microsoft-Windows-Sysmon/Operational","computer_name":"DESKTOP-H6FBQ5J","provider_guid":"{5770385F-C22A-43E0-BF4C-06F5698FFBD9}","event_data":{"ProcessGuid":"{8F7AB6F6-53CD-69DF-1302-000000000500}","ProcessId":"564","Image":"C:\\Windows\\system32\\cleanmgr.exe","TargetFilename":"C:\\Users\\windows\\AppData\\Local\\Temp\\C9117556-55FA-467C-BC75-DAE3896EF33F\\LogProvider.dll","CreationUtcTime":"2026-04-15 09:03:30.668","User":"DESKTOP-H6FBQ5J\\windows","RuleName":"DLL","UtcTime":"2026-04-15 09:03:30.668"},"provider_name":"Microsoft-Windows-Sysmon","record_id":680,"opcode":"Info","process":{"pid":6668,"thread":{"id":6376}},"event_id":"11","version":2},"event":{"created":"2026-04-15T13:13:46.686Z","code":"11","kind":"event","provider":"Microsoft-Windows-Sysmon"},"log":{"level":"information","file":{"path":"C:\\Users\\ivysa\\Downloads\\winlogbeat-9.3.3-windows-x86_64\\winlogbeat-9.3.3-windows-x86_64\\symon.evtx"}}}
{"@timestamp":"2026-04-15T09:03:30.682Z","@metadata":{"beat":"winlogbeat","type":"_doc","version":"9.3.3"},"event":{"code":"11","kind":"event","provider":"Microsoft-Windows-Sysmon","created":"2026-04-15T13:13:46.686Z"},"log":{"level":"information","file":{"path":"C:\\Users\\ivysa\\Downloads\\winlogbeat-9.3.3-windows-x86_64\\winlogbeat-9.3.3-windows-x86_64\\symon.evtx"}},"error":{"message":"failed to get the event message string: failed in EvtFormatMessage: The message resource is present but the message was not found in the message table."},"host":{"name":"DESKTOP-H6FBQ5J"},"ecs":{"version":"8.0.0"},"agent":{"id":"0ae603cf-457e-4a6f-bbde-51c28f1a031e","name":"DESKTOP-IKR997B","type":"winlogbeat","version":"9.3.3","ephemeral_id":"f8d845b8-8ac1-43f8-9a65-a6e7c2082e2f"},"winlog":{"computer_name":"DESKTOP-H6FBQ5J","provider_guid":"{5770385F-C22A-43E0-BF4C-06F5698FFBD9}","process":{"pid":6668,"thread":{"id":6376}},"event_id":"11","error":{},"channel":"Microsoft-Windows-Sysmon/Operational","event_data":{"ProcessGuid":"{8F7AB6F6-53CD-69DF-1302-000000000500}","ProcessId":"564","Image":"C:\\Windows\\system32\\cleanmgr.exe","TargetFilename":"C:\\Users\\windows\\AppData\\Local\\Temp\\C9117556-55FA-467C-BC75-DAE3896EF33F\\MsiProvider.dll","CreationUtcTime":"2026-04-15 09:03:30.668","User":"DESKTOP-H6FBQ5J\\windows","RuleName":"DLL","UtcTime":"2026-04-15 09:03:30.668"},"provider_name":"Microsoft-Windows-Sysmon","record_id":681,"opcode":"Info","version":2,"user":{"type":"Well Known Group","identifier":"S-1-5-18","domain":"NT AUTHORITY","name":"SYSTEM"}}}
{"@timestamp":"2026-04-15T09:03:30.686Z","@metadata":{"beat":"winlogbeat","type":"_doc","version":"9.3.3"},"winlog":{"computer_name":"DESKTOP-H6FBQ5J","event_data":{"RuleName":"DLL","UtcTime":"2026-04-15 09:03:30.684","ProcessGuid":"{8F7AB6F6-53CD-69DF-1302-000000000500}","ProcessId":"564","Image":"C:\\Windows\\system32\\cleanmgr.exe","TargetFilename":"C:\\Users\\windows\\AppData\\Local\\Temp\\C9117556-55FA-467C-BC75-DAE3896EF33F\\OfflineSetupProvider.dll","CreationUtcTime":"2026-04-15 09:03:30.684","User":"DESKTOP-H6FBQ5J\\windows"},"error":{},"provider_name":"Microsoft-Windows-Sysmon","record_id":682,"opcode":"Info","provider_guid":"{5770385F-C22A-43E0-BF4C-06F5698FFBD9}","version":2,"process":{"thread":{"id":6376},"pid":6668},"user":{"identifier":"S-1-5-18","domain":"NT AUTHORITY","name":"SYSTEM","type":"Well Known Group"},"channel":"Microsoft-Windows-Sysmon/Operational","event_id":"11"},"event":{"provider":"Microsoft-Windows-Sysmon","created":"2026-04-15T13:13:46.686Z","code":"11","kind":"event"},"log":{"file":{"path":"C:\\Users\\ivysa\\Downloads\\winlogbeat-9.3.3-windows-x86_64\\winlogbeat-9.3.3-windows-x86_64\\symon.evtx"},"level":"information"},"error":{"message":"failed to get the event message string: failed in EvtFormatMessage: The message resource is present but the message was not found in the message table."},"host":{"name":"DESKTOP-H6FBQ5J"},"ecs":{"version":"8.0.0"},"agent":{"id":"0ae603cf-457e-4a6f-bbde-51c28f1a031e","name":"DESKTOP-IKR997B","type":"winlogbeat","version":"9.3.3","ephemeral_id":"f8d845b8-8ac1-43f8-9a65-a6e7c2082e2f"}}
{"@timestamp":"2026-04-15T09:03:30.689Z","@metadata":{"beat":"winlogbeat","type":"_doc","version":"9.3.3"},"host":{"name":"DESKTOP-H6FBQ5J"},"winlog":{"version":2,"process":{"pid":6668,"thread":{"id":6376}},"error":{},"opcode":"Info","user":{"identifier":"S-1-5-18","domain":"NT AUTHORITY","name":"SYSTEM","type":"Well Known Group"},"provider_name":"Microsoft-Windows-Sysmon","computer_name":"DESKTOP-H6FBQ5J","event_data":{"Image":"C:\\Windows\\system32\\cleanmgr.exe","TargetFilename":"C:\\Users\\windows\\AppData\\Local\\Temp\\C9117556-55FA-467C-BC75-DAE3896EF33F\\OSProvider.dll","CreationUtcTime":"2026-04-15 09:03:30.684","User":"DESKTOP-H6FBQ5J\\windows","RuleName":"DLL","UtcTime":"2026-04-15 09:03:30.684","ProcessGuid":"{8F7AB6F6-53CD-69DF-1302-000000000500}","ProcessId":"564"},"channel":"Microsoft-Windows-Sysmon/Operational","event_id":"11","record_id":683,"provider_guid":"{5770385F-C22A-43E0-BF4C-06F5698FFBD9}"},"ecs":{"version":"8.0.0"},"agent":{"name":"DESKTOP-IKR997B","type":"winlogbeat","version":"9.3.3","ephemeral_id":"f8d845b8-8ac1-43f8-9a65-a6e7c2082e2f","id":"0ae603cf-457e-4a6f-bbde-51c28f1a031e"},"event":{"created":"2026-04-15T13:13:46.686Z","code":"11","kind":"event","provider":"Microsoft-Windows-Sysmon"},"log":{"file":{"path":"C:\\Users\\ivysa\\Downloads\\winlogbeat-9.3.3-windows-x86_64\\winlogbeat-9.3.3-windows-x86_64\\symon.evtx"},"level":"information"},"error":{"message":"failed to get the event message string: failed in EvtFormatMessage: The message resource is present but the message was not found in the message table."}}
{"@timestamp":"2026-04-15T09:03:35.421Z","@metadata":{"beat":"winlogbeat","type":"_doc","version":"9.3.3"},"ecs":{"version":"8.0.0"},"agent":{"ephemeral_id":"f8d845b8-8ac1-43f8-9a65-a6e7c2082e2f","id":"0ae603cf-457e-4a6f-bbde-51c28f1a031e","name":"DESKTOP-IKR997B","type":"winlogbeat","version":"9.3.3"},"error":{"message":"failed to get the event message string: failed in EvtFormatMessage: The message resource is present but the message was not found in the message table."},"host":{"name":"DESKTOP-H6FBQ5J"},"winlog":{"process":{"pid":6668,"thread":{"id":6376}},"error":{},"event_id":"11","provider_name":"Microsoft-Windows-Sysmon","provider_guid":"{5770385F-C22A-43E0-BF4C-06F5698FFBD9}","computer_name":"DESKTOP-H6FBQ5J","user":{"domain":"NT AUTHORITY","name":"SYSTEM","type":"Well Known Group","identifier":"S-1-5-18"},"event_data":{"TargetFilename":"C:\\Users\\windows\\AppData\\Local\\Temp\\C9117556-55FA-467C-BC75-DAE3896EF33F\\ProvProvider.dll","CreationUtcTime":"2026-04-15 09:03:35.418","User":"DESKTOP-H6FBQ5J\\windows","RuleName":"DLL","UtcTime":"2026-04-15 09:03:35.418","ProcessGuid":"{8F7AB6F6-53CD-69DF-1302-000000000500}","ProcessId":"564","Image":"C:\\Windows\\system32\\cleanmgr.exe"},"channel":"Microsoft-Windows-Sysmon/Operational","record_id":684,"opcode":"Info","version":2},"event":{"kind":"event","provider":"Microsoft-Windows-Sysmon","created":"2026-04-15T13:13:46.686Z","code":"11"},"log":{"level":"information","file":{"path":"C:\\Users\\ivysa\\Downloads\\winlogbeat-9.3.3-windows-x86_64\\winlogbeat-9.3.3-windows-x86_64\\symon.evtx"}}}
{"@timestamp":"2026-04-15T09:03:35.425Z","@metadata":{"beat":"winlogbeat","type":"_doc","version":"9.3.3"},"event":{"code":"11","kind":"event","provider":"Microsoft-Windows-Sysmon","created":"2026-04-15T13:13:46.686Z"},"log":{"level":"information","file":{"path":"C:\\Users\\ivysa\\Downloads\\winlogbeat-9.3.3-windows-x86_64\\winlogbeat-9.3.3-windows-x86_64\\symon.evtx"}},"error":{"message":"failed to get the event message string: failed in EvtFormatMessage: The message resource is present but the message was not found in the message table."},"host":{"name":"DESKTOP-H6FBQ5J"},"ecs":{"version":"8.0.0"},"agent":{"ephemeral_id":"f8d845b8-8ac1-43f8-9a65-a6e7c2082e2f","id":"0ae603cf-457e-4a6f-bbde-51c28f1a031e","name":"DESKTOP-IKR997B","type":"winlogbeat","version":"9.3.3"},"winlog":{"error":{},"event_id":"11","provider_name":"Microsoft-Windows-Sysmon","record_id":685,"opcode":"Info","version":2,"event_data":{"CreationUtcTime":"2026-04-15 09:03:35.418","User":"DESKTOP-H6FBQ5J\\windows","RuleName":"DLL","UtcTime":"2026-04-15 09:03:35.418","ProcessGuid":"{8F7AB6F6-53CD-69DF-1302-000000000500}","ProcessId":"564","Image":"C:\\Windows\\system32\\cleanmgr.exe","TargetFilename":"C:\\Users\\windows\\AppData\\Local\\Temp\\C9117556-55FA-467C-BC75-DAE3896EF33F\\SetupPlatformProvider.dll"},"provider_guid":"{5770385F-C22A-43E0-BF4C-06F5698FFBD9}","channel":"Microsoft-Windows-Sysmon/Operational","process":{"pid":6668,"thread":{"id":6376}},"computer_name":"DESKTOP-H6FBQ5J","user":{"domain":"NT AUTHORITY","name":"SYSTEM","type":"Well Known Group","identifier":"S-1-5-18"}}}
{"@timestamp":"2026-04-15T09:03:35.427Z","@metadata":{"beat":"winlogbeat","type":"_doc","version":"9.3.3"},"log":{"level":"information","file":{"path":"C:\\Users\\ivysa\\Downloads\\winlogbeat-9.3.3-windows-x86_64\\winlogbeat-9.3.3-windows-x86_64\\symon.evtx"}},"error":{"message":"failed to get the event message string: failed in EvtFormatMessage: The message resource is present but the message was not found in the message table."},"host":{"name":"DESKTOP-H6FBQ5J"},"winlog":{"event_id":"11","event_data":{"ProcessGuid":"{8F7AB6F6-53CD-69DF-1302-000000000500}","ProcessId":"564","Image":"C:\\Windows\\system32\\cleanmgr.exe","TargetFilename":"C:\\Users\\windows\\AppData\\Local\\Temp\\C9117556-55FA-467C-BC75-DAE3896EF33F\\SmiProvider.dll","CreationUtcTime":"2026-04-15 09:03:35.418","User":"DESKTOP-H6FBQ5J\\windows","RuleName":"DLL","UtcTime":"2026-04-15 09:03:35.418"},"error":{},"version":2,"user":{"name":"SYSTEM","type":"Well Known Group","identifier":"S-1-5-18","domain":"NT AUTHORITY"},"provider_name":"Microsoft-Windows-Sysmon","record_id":686,"computer_name":"DESKTOP-H6FBQ5J","opcode":"Info","provider_guid":"{5770385F-C22A-43E0-BF4C-06F5698FFBD9}","process":{"pid":6668,"thread":{"id":6376}},"channel":"Microsoft-Windows-Sysmon/Operational"},"event":{"created":"2026-04-15T13:13:46.686Z","code":"11","kind":"event","provider":"Microsoft-Windows-Sysmon"},"ecs":{"version":"8.0.0"},"agent":{"type":"winlogbeat","version":"9.3.3","ephemeral_id":"f8d845b8-8ac1-43f8-9a65-a6e7c2082e2f","id":"0ae603cf-457e-4a6f-bbde-51c28f1a031e","name":"DESKTOP-IKR997B"}}
{"@timestamp":"2026-04-15T09:03:35.430Z","@metadata":{"beat":"winlogbeat","type":"_doc","version":"9.3.3"},"ecs":{"version":"8.0.0"},"agent":{"ephemeral_id":"f8d845b8-8ac1-43f8-9a65-a6e7c2082e2f","id":"0ae603cf-457e-4a6f-bbde-51c28f1a031e","name":"DESKTOP-IKR997B","type":"winlogbeat","version":"9.3.3"},"event":{"created":"2026-04-15T13:13:46.686Z","code":"11","kind":"event","provider":"Microsoft-Windows-Sysmon"},"log":{"level":"information","file":{"path":"C:\\Users\\ivysa\\Downloads\\winlogbeat-9.3.3-windows-x86_64\\winlogbeat-9.3.3-windows-x86_64\\symon.evtx"}},"error":{"message":"failed to get the event message string: failed in EvtFormatMessage: The message resource is present but the message was not found in the message table."},"host":{"name":"DESKTOP-H6FBQ5J"},"winlog":{"opcode":"Info","provider_guid":"{5770385F-C22A-43E0-BF4C-06F5698FFBD9}","error":{},"version":2,"record_id":687,"user":{"identifier":"S-1-5-18","domain":"NT AUTHORITY","name":"SYSTEM","type":"Well Known Group"},"event_data":{"ProcessGuid":"{8F7AB6F6-53CD-69DF-1302-000000000500}","ProcessId":"564","Image":"C:\\Windows\\system32\\cleanmgr.exe","TargetFilename":"C:\\Users\\windows\\AppData\\Local\\Temp\\C9117556-55FA-467C-BC75-DAE3896EF33F\\SysprepProvider.dll","CreationUtcTime":"2026-04-15 09:03:35.418","User":"DESKTOP-H6FBQ5J\\windows","RuleName":"DLL","UtcTime":"2026-04-15 09:03:35.418"},"process":{"pid":6668,"thread":{"id":6376}},"channel":"Microsoft-Windows-Sysmon/Operational","event_id":"11","provider_name":"Microsoft-Windows-Sysmon","computer_name":"DESKTOP-H6FBQ5J"}}
{"@timestamp":"2026-04-15T09:03:35.435Z","@metadata":{"beat":"winlogbeat","type":"_doc","version":"9.3.3"},"winlog":{"version":2,"error":{},"channel":"Microsoft-Windows-Sysmon/Operational","event_id":"11","user":{"identifier":"S-1-5-18","domain":"NT AUTHORITY","name":"SYSTEM","type":"Well Known Group"},"process":{"pid":6668,"thread":{"id":6376}},"provider_name":"Microsoft-Windows-Sysmon","record_id":688,"event_data":{"CreationUtcTime":"2026-04-15 09:03:35.434","User":"DESKTOP-H6FBQ5J\\windows","RuleName":"DLL","UtcTime":"2026-04-15 09:03:35.434","ProcessGuid":"{8F7AB6F6-53CD-69DF-1302-000000000500}","ProcessId":"564","Image":"C:\\Windows\\system32\\cleanmgr.exe","TargetFilename":"C:\\Users\\windows\\AppData\\Local\\Temp\\C9117556-55FA-467C-BC75-DAE3896EF33F\\TransmogProvider.dll"},"computer_name":"DESKTOP-H6FBQ5J","opcode":"Info","provider_guid":"{5770385F-C22A-43E0-BF4C-06F5698FFBD9}"},"event":{"kind":"event","provider":"Microsoft-Windows-Sysmon","created":"2026-04-15T13:13:46.686Z","code":"11"},"log":{"level":"information","file":{"path":"C:\\Users\\ivysa\\Downloads\\winlogbeat-9.3.3-windows-x86_64\\winlogbeat-9.3.3-windows-x86_64\\symon.evtx"}},"error":{"message":"failed to get the event message string: failed in EvtFormatMessage: The message resource is present but the message was not found in the message table."},"host":{"name":"DESKTOP-H6FBQ5J"},"ecs":{"version":"8.0.0"},"agent":{"ephemeral_id":"f8d845b8-8ac1-43f8-9a65-a6e7c2082e2f","id":"0ae603cf-457e-4a6f-bbde-51c28f1a031e","name":"DESKTOP-IKR997B","type":"winlogbeat","version":"9.3.3"}}
