{"@timestamp":"2026-04-15T08:51:26.834Z","@metadata":{"beat":"winlogbeat","type":"_doc","version":"9.3.3"},"event":{"provider":"Microsoft-Windows-Sysmon","created":"2026-04-15T13:13:46.602Z","code":"13","kind":"event"},"log":{"level":"information","file":{"path":"C:\\Users\\ivysa\\Downloads\\winlogbeat-9.3.3-windows-x86_64\\winlogbeat-9.3.3-windows-x86_64\\symon.evtx"}},"ecs":{"version":"8.0.0"},"agent":{"ephemeral_id":"f8d845b8-8ac1-43f8-9a65-a6e7c2082e2f","id":"0ae603cf-457e-4a6f-bbde-51c28f1a031e","name":"DESKTOP-IKR997B","type":"winlogbeat","version":"9.3.3"},"error":{"message":"failed to get the event message string: failed in EvtFormatMessage: The message resource is present but the message was not found in the message table."},"host":{"name":"DESKTOP-H6FBQ5J"},"winlog":{"computer_name":"DESKTOP-H6FBQ5J","opcode":"Info","version":2,"event_id":"13","provider_name":"Microsoft-Windows-Sysmon","error":{},"record_id":506,"process":{"pid":6668,"thread":{"id":6376}},"channel":"Microsoft-Windows-Sysmon/Operational","provider_guid":"{5770385F-C22A-43E0-BF4C-06F5698FFBD9}","user":{"identifier":"S-1-5-18","domain":"NT AUTHORITY","name":"SYSTEM","type":"Well Known Group"},"event_data":{"EventType":"SetValue","ProcessGuid":"{8F7AB6F6-5189-69DF-A301-000000000500}","ProcessId":"2860","RuleName":"T1042","UtcTime":"2026-04-15 08:51:26.756","TargetObject":"HKU\\S-1-5-21-3775872478-390322037-581647961-1001_Classes\\Bandizip.img\\Shell\\Open\\Command\\(Default)","User":"DESKTOP-H6FBQ5J\\windows","Image":"C:\\Program Files\\Bandizip\\Bandizip.exe","Details":"\"C:\\Program Files\\Bandizip\\Bandizip.exe\" \"장치\""}}}
{"@timestamp":"2026-04-15T08:51:26.838Z","@metadata":{"beat":"winlogbeat","type":"_doc","version":"9.3.3"},"host":{"name":"DESKTOP-H6FBQ5J"},"ecs":{"version":"8.0.0"},"agent":{"version":"9.3.3","ephemeral_id":"f8d845b8-8ac1-43f8-9a65-a6e7c2082e2f","id":"0ae603cf-457e-4a6f-bbde-51c28f1a031e","name":"DESKTOP-IKR997B","type":"winlogbeat"},"winlog":{"version":2,"record_id":507,"user":{"identifier":"S-1-5-18","domain":"NT AUTHORITY","name":"SYSTEM","type":"Well Known Group"},"process":{"pid":6668,"thread":{"id":6376}},"provider_name":"Microsoft-Windows-Sysmon","computer_name":"DESKTOP-H6FBQ5J","opcode":"Info","provider_guid":"{5770385F-C22A-43E0-BF4C-06F5698FFBD9}","event_data":{"Details":"\"C:\\Program Files\\Bandizip\\Bandizip.exe\" \"장치\"","UtcTime":"2026-04-15 08:51:26.756","RuleName":"T1042","EventType":"SetValue","Image":"C:\\Program Files\\Bandizip\\Bandizip.exe","ProcessGuid":"{8F7AB6F6-5189-69DF-A301-000000000500}","TargetObject":"HKU\\S-1-5-21-3775872478-390322037-581647961-1001_Classes\\Bandizip.isz\\Shell\\Open\\Command\\(Default)","User":"DESKTOP-H6FBQ5J\\windows","ProcessId":"2860"},"error":{},"channel":"Microsoft-Windows-Sysmon/Operational","event_id":"13"},"event":{"created":"2026-04-15T13:13:46.602Z","code":"13","kind":"event","provider":"Microsoft-Windows-Sysmon"},"log":{"level":"information","file":{"path":"C:\\Users\\ivysa\\Downloads\\winlogbeat-9.3.3-windows-x86_64\\winlogbeat-9.3.3-windows-x86_64\\symon.evtx"}},"error":{"message":"failed to get the event message string: failed in EvtFormatMessage: The message resource is present but the message was not found in the message table."}}
{"@timestamp":"2026-04-15T08:51:26.838Z","@metadata":{"beat":"winlogbeat","type":"_doc","version":"9.3.3"},"winlog":{"record_id":508,"event_data":{"ProcessId":"2860","Image":"C:\\Program Files\\Bandizip\\Bandizip.exe","User":"DESKTOP-H6FBQ5J\\windows","UtcTime":"2026-04-15 08:51:26.756","ProcessGuid":"{8F7AB6F6-5189-69DF-A301-000000000500}","TargetObject":"HKU\\S-1-5-21-3775872478-390322037-581647961-1001_Classes\\Bandizip.isz\\Shell\\Open\\Command\\(Default)","Details":"\"C:\\Program Files\\Bandizip\\Bandizip.exe\" \"장치\"","RuleName":"T1042","EventType":"SetValue"},"channel":"Microsoft-Windows-Sysmon/Operational","opcode":"Info","process":{"thread":{"id":6376},"pid":6668},"event_id":"13","provider_guid":"{5770385F-C22A-43E0-BF4C-06F5698FFBD9}","user":{"identifier":"S-1-5-18","domain":"NT AUTHORITY","name":"SYSTEM","type":"Well Known Group"},"error":{},"provider_name":"Microsoft-Windows-Sysmon","computer_name":"DESKTOP-H6FBQ5J","version":2},"event":{"provider":"Microsoft-Windows-Sysmon","created":"2026-04-15T13:13:46.602Z","code":"13","kind":"event"},"log":{"level":"information","file":{"path":"C:\\Users\\ivysa\\Downloads\\winlogbeat-9.3.3-windows-x86_64\\winlogbeat-9.3.3-windows-x86_64\\symon.evtx"}},"error":{"message":"failed to get the event message string: failed in EvtFormatMessage: The message resource is present but the message was not found in the message table."},"host":{"name":"DESKTOP-H6FBQ5J"},"ecs":{"version":"8.0.0"},"agent":{"name":"DESKTOP-IKR997B","type":"winlogbeat","version":"9.3.3","ephemeral_id":"f8d845b8-8ac1-43f8-9a65-a6e7c2082e2f","id":"0ae603cf-457e-4a6f-bbde-51c28f1a031e"}}
{"@timestamp":"2026-04-15T08:51:26.839Z","@metadata":{"beat":"winlogbeat","type":"_doc","version":"9.3.3"},"event":{"created":"2026-04-15T13:13:46.602Z","code":"13","kind":"event","provider":"Microsoft-Windows-Sysmon"},"agent":{"ephemeral_id":"f8d845b8-8ac1-43f8-9a65-a6e7c2082e2f","id":"0ae603cf-457e-4a6f-bbde-51c28f1a031e","name":"DESKTOP-IKR997B","type":"winlogbeat","version":"9.3.3"},"ecs":{"version":"8.0.0"},"log":{"level":"information","file":{"path":"C:\\Users\\ivysa\\Downloads\\winlogbeat-9.3.3-windows-x86_64\\winlogbeat-9.3.3-windows-x86_64\\symon.evtx"}},"error":{"message":"failed to get the event message string: failed in EvtFormatMessage: The message resource is present but the message was not found in the message table."},"host":{"name":"DESKTOP-H6FBQ5J"},"winlog":{"computer_name":"DESKTOP-H6FBQ5J","error":{},"event_id":"13","record_id":509,"opcode":"Info","version":2,"user":{"domain":"NT AUTHORITY","name":"SYSTEM","type":"Well Known Group","identifier":"S-1-5-18"},"provider_guid":"{5770385F-C22A-43E0-BF4C-06F5698FFBD9}","event_data":{"UtcTime":"2026-04-15 08:51:26.756","TargetObject":"HKU\\S-1-5-21-3775872478-390322037-581647961-1001_Classes\\Bandizip.udf\\Shell\\Open\\Command\\(Default)","ProcessGuid":"{8F7AB6F6-5189-69DF-A301-000000000500}","Image":"C:\\Program Files\\Bandizip\\Bandizip.exe","User":"DESKTOP-H6FBQ5J\\windows","RuleName":"T1042","ProcessId":"2860","EventType":"SetValue","Details":"\"C:\\Program Files\\Bandizip\\Bandizip.exe\" \"장치\""},"process":{"pid":6668,"thread":{"id":6376}},"channel":"Microsoft-Windows-Sysmon/Operational","provider_name":"Microsoft-Windows-Sysmon"}}
{"@timestamp":"2026-04-15T08:51:26.839Z","@metadata":{"beat":"winlogbeat","type":"_doc","version":"9.3.3"},"event":{"provider":"Microsoft-Windows-Sysmon","created":"2026-04-15T13:13:46.602Z","code":"13","kind":"event"},"log":{"level":"information","file":{"path":"C:\\Users\\ivysa\\Downloads\\winlogbeat-9.3.3-windows-x86_64\\winlogbeat-9.3.3-windows-x86_64\\symon.evtx"}},"error":{"message":"failed to get the event message string: failed in EvtFormatMessage: The message resource is present but the message was not found in the message table."},"host":{"name":"DESKTOP-H6FBQ5J"},"winlog":{"event_id":"13","provider_guid":"{5770385F-C22A-43E0-BF4C-06F5698FFBD9}","process":{"thread":{"id":6376},"pid":6668},"provider_name":"Microsoft-Windows-Sysmon","record_id":510,"user":{"identifier":"S-1-5-18","domain":"NT AUTHORITY","name":"SYSTEM","type":"Well Known Group"},"event_data":{"ProcessId":"2860","Image":"C:\\Program Files\\Bandizip\\Bandizip.exe","Details":"\"C:\\Program Files\\Bandizip\\Bandizip.exe\" \"장치\"","UtcTime":"2026-04-15 08:51:26.756","ProcessGuid":"{8F7AB6F6-5189-69DF-A301-000000000500}","TargetObject":"HKU\\S-1-5-21-3775872478-390322037-581647961-1001_Classes\\Bandizip.udf\\Shell\\Open\\Command\\(Default)","User":"DESKTOP-H6FBQ5J\\windows","RuleName":"T1042","EventType":"SetValue"},"error":{},"computer_name":"DESKTOP-H6FBQ5J","opcode":"Info","version":2,"channel":"Microsoft-Windows-Sysmon/Operational"},"ecs":{"version":"8.0.0"},"agent":{"type":"winlogbeat","version":"9.3.3","ephemeral_id":"f8d845b8-8ac1-43f8-9a65-a6e7c2082e2f","id":"0ae603cf-457e-4a6f-bbde-51c28f1a031e","name":"DESKTOP-IKR997B"}}
{"@timestamp":"2026-04-15T08:51:26.840Z","@metadata":{"beat":"winlogbeat","type":"_doc","version":"9.3.3"},"winlog":{"provider_name":"Microsoft-Windows-Sysmon","process":{"pid":6668,"thread":{"id":6376}},"channel":"Microsoft-Windows-Sysmon/Operational","provider_guid":"{5770385F-C22A-43E0-BF4C-06F5698FFBD9}","user":{"type":"Well Known Group","identifier":"S-1-5-18","domain":"NT AUTHORITY","name":"SYSTEM"},"event_data":{"Image":"C:\\Program Files\\Bandizip\\Bandizip.exe","Details":"\"C:\\Program Files\\Bandizip\\Bandizip.exe\" \"장치\"","User":"DESKTOP-H6FBQ5J\\windows","UtcTime":"2026-04-15 08:51:26.772","TargetObject":"HKU\\S-1-5-21-3775872478-390322037-581647961-1001_Classes\\Bandizip.wim\\Shell\\Open\\Command\\(Default)","ProcessGuid":"{8F7AB6F6-5189-69DF-A301-000000000500}","ProcessId":"2860","RuleName":"T1042","EventType":"SetValue"},"opcode":"Info","version":2,"error":{},"event_id":"13","record_id":511,"computer_name":"DESKTOP-H6FBQ5J"},"event":{"created":"2026-04-15T13:13:46.602Z","code":"13","kind":"event","provider":"Microsoft-Windows-Sysmon"},"log":{"level":"information","file":{"path":"C:\\Users\\ivysa\\Downloads\\winlogbeat-9.3.3-windows-x86_64\\winlogbeat-9.3.3-windows-x86_64\\symon.evtx"}},"error":{"message":"failed to get the event message string: failed in EvtFormatMessage: The message resource is present but the message was not found in the message table."},"host":{"name":"DESKTOP-H6FBQ5J"},"ecs":{"version":"8.0.0"},"agent":{"ephemeral_id":"f8d845b8-8ac1-43f8-9a65-a6e7c2082e2f","id":"0ae603cf-457e-4a6f-bbde-51c28f1a031e","name":"DESKTOP-IKR997B","type":"winlogbeat","version":"9.3.3"}}
{"@timestamp":"2026-04-15T08:51:26.840Z","@metadata":{"beat":"winlogbeat","type":"_doc","version":"9.3.3"},"host":{"name":"DESKTOP-H6FBQ5J"},"winlog":{"event_data":{"UtcTime":"2026-04-15 08:51:26.772","TargetObject":"HKU\\S-1-5-21-3775872478-390322037-581647961-1001_Classes\\Bandizip.wim\\Shell\\Open\\Command\\(Default)","User":"DESKTOP-H6FBQ5J\\windows","RuleName":"T1042","EventType":"SetValue","ProcessGuid":"{8F7AB6F6-5189-69DF-A301-000000000500}","ProcessId":"2860","Image":"C:\\Program Files\\Bandizip\\Bandizip.exe","Details":"\"C:\\Program Files\\Bandizip\\Bandizip.exe\" \"장치\""},"provider_name":"Microsoft-Windows-Sysmon","version":2,"user":{"name":"SYSTEM","type":"Well Known Group","identifier":"S-1-5-18","domain":"NT AUTHORITY"},"error":{},"channel":"Microsoft-Windows-Sysmon/Operational","computer_name":"DESKTOP-H6FBQ5J","event_id":"13","process":{"pid":6668,"thread":{"id":6376}},"record_id":512,"opcode":"Info","provider_guid":"{5770385F-C22A-43E0-BF4C-06F5698FFBD9}"},"ecs":{"version":"8.0.0"},"agent":{"id":"0ae603cf-457e-4a6f-bbde-51c28f1a031e","name":"DESKTOP-IKR997B","type":"winlogbeat","version":"9.3.3","ephemeral_id":"f8d845b8-8ac1-43f8-9a65-a6e7c2082e2f"},"event":{"kind":"event","provider":"Microsoft-Windows-Sysmon","created":"2026-04-15T13:13:46.602Z","code":"13"},"log":{"level":"information","file":{"path":"C:\\Users\\ivysa\\Downloads\\winlogbeat-9.3.3-windows-x86_64\\winlogbeat-9.3.3-windows-x86_64\\symon.evtx"}},"error":{"message":"failed to get the event message string: failed in EvtFormatMessage: The message resource is present but the message was not found in the message table."}}
{"@timestamp":"2026-04-15T08:51:26.841Z","@metadata":{"beat":"winlogbeat","type":"_doc","version":"9.3.3"},"ecs":{"version":"8.0.0"},"agent":{"id":"0ae603cf-457e-4a6f-bbde-51c28f1a031e","name":"DESKTOP-IKR997B","type":"winlogbeat","version":"9.3.3","ephemeral_id":"f8d845b8-8ac1-43f8-9a65-a6e7c2082e2f"},"winlog":{"event_id":"13","computer_name":"DESKTOP-H6FBQ5J","provider_guid":"{5770385F-C22A-43E0-BF4C-06F5698FFBD9}","provider_name":"Microsoft-Windows-Sysmon","version":2,"channel":"Microsoft-Windows-Sysmon/Operational","user":{"name":"SYSTEM","type":"Well Known Group","identifier":"S-1-5-18","domain":"NT AUTHORITY"},"record_id":513,"opcode":"Info","event_data":{"TargetObject":"HKU\\S-1-5-21-3775872478-390322037-581647961-1001_Classes\\Bandizip.bin\\Shell\\Open\\Command\\(Default)","User":"DESKTOP-H6FBQ5J\\windows","RuleName":"T1042","EventType":"SetValue","UtcTime":"2026-04-15 08:51:26.772","ProcessGuid":"{8F7AB6F6-5189-69DF-A301-000000000500}","Details":"\"C:\\Program Files\\Bandizip\\Bandizip.exe\" \"장치\"","ProcessId":"2860","Image":"C:\\Program Files\\Bandizip\\Bandizip.exe"},"process":{"thread":{"id":6376},"pid":6668},"error":{}},"event":{"code":"13","kind":"event","provider":"Microsoft-Windows-Sysmon","created":"2026-04-15T13:13:46.680Z"},"log":{"level":"information","file":{"path":"C:\\Users\\ivysa\\Downloads\\winlogbeat-9.3.3-windows-x86_64\\winlogbeat-9.3.3-windows-x86_64\\symon.evtx"}},"error":{"message":"failed to get the event message string: failed in EvtFormatMessage: The message resource is present but the message was not found in the message table."},"host":{"name":"DESKTOP-H6FBQ5J"}}
{"@timestamp":"2026-04-15T08:51:26.841Z","@metadata":{"beat":"winlogbeat","type":"_doc","version":"9.3.3"},"event":{"kind":"event","provider":"Microsoft-Windows-Sysmon","created":"2026-04-15T13:13:46.680Z","code":"13"},"log":{"level":"information","file":{"path":"C:\\Users\\ivysa\\Downloads\\winlogbeat-9.3.3-windows-x86_64\\winlogbeat-9.3.3-windows-x86_64\\symon.evtx"}},"error":{"message":"failed to get the event message string: failed in EvtFormatMessage: The message resource is present but the message was not found in the message table."},"host":{"name":"DESKTOP-H6FBQ5J"},"agent":{"name":"DESKTOP-IKR997B","type":"winlogbeat","version":"9.3.3","ephemeral_id":"f8d845b8-8ac1-43f8-9a65-a6e7c2082e2f","id":"0ae603cf-457e-4a6f-bbde-51c28f1a031e"},"ecs":{"version":"8.0.0"},"winlog":{"user":{"domain":"NT AUTHORITY","name":"SYSTEM","type":"Well Known Group","identifier":"S-1-5-18"},"provider_name":"Microsoft-Windows-Sysmon","computer_name":"DESKTOP-H6FBQ5J","provider_guid":"{5770385F-C22A-43E0-BF4C-06F5698FFBD9}","error":{},"channel":"Microsoft-Windows-Sysmon/Operational","event_id":"13","opcode":"Info","version":2,"event_data":{"ProcessGuid":"{8F7AB6F6-5189-69DF-A301-000000000500}","EventType":"SetValue","ProcessId":"2860","Details":"\"C:\\Program Files\\Bandizip\\Bandizip.exe\" \"장치\"","User":"DESKTOP-H6FBQ5J\\windows","UtcTime":"2026-04-15 08:51:26.772","Image":"C:\\Program Files\\Bandizip\\Bandizip.exe","TargetObject":"HKU\\S-1-5-21-3775872478-390322037-581647961-1001_Classes\\Bandizip.bin\\Shell\\Open\\Command\\(Default)","RuleName":"T1042"},"process":{"pid":6668,"thread":{"id":6376}},"record_id":514}}
{"@timestamp":"2026-04-15T08:51:26.842Z","@metadata":{"beat":"winlogbeat","type":"_doc","version":"9.3.3"},"ecs":{"version":"8.0.0"},"agent":{"ephemeral_id":"f8d845b8-8ac1-43f8-9a65-a6e7c2082e2f","id":"0ae603cf-457e-4a6f-bbde-51c28f1a031e","name":"DESKTOP-IKR997B","type":"winlogbeat","version":"9.3.3"},"winlog":{"error":{},"event_id":"13","event_data":{"Image":"C:\\Program Files\\Bandizip\\Bandizip.exe","TargetObject":"HKU\\S-1-5-21-3775872478-390322037-581647961-1001_Classes\\Bandizip.i00\\Shell\\Open\\Command\\(Default)","User":"DESKTOP-H6FBQ5J\\windows","ProcessGuid":"{8F7AB6F6-5189-69DF-A301-000000000500}","Details":"\"C:\\Program Files\\Bandizip\\Bandizip.exe\" \"장치\"","UtcTime":"2026-04-15 08:51:26.772","RuleName":"T1042","EventType":"SetValue","ProcessId":"2860"},"process":{"pid":6668,"thread":{"id":6376}},"provider_name":"Microsoft-Windows-Sysmon","record_id":515,"opcode":"Info","channel":"Microsoft-Windows-Sysmon/Operational","computer_name":"DESKTOP-H6FBQ5J","provider_guid":"{5770385F-C22A-43E0-BF4C-06F5698FFBD9}","version":2,"user":{"name":"SYSTEM","type":"Well Known Group","identifier":"S-1-5-18","domain":"NT AUTHORITY"}},"event":{"provider":"Microsoft-Windows-Sysmon","created":"2026-04-15T13:13:46.680Z","code":"13","kind":"event"},"log":{"level":"information","file":{"path":"C:\\Users\\ivysa\\Downloads\\winlogbeat-9.3.3-windows-x86_64\\winlogbeat-9.3.3-windows-x86_64\\symon.evtx"}},"error":{"message":"failed to get the event message string: failed in EvtFormatMessage: The message resource is present but the message was not found in the message table."},"host":{"name":"DESKTOP-H6FBQ5J"}}
{"@timestamp":"2026-04-15T08:51:26.842Z","@metadata":{"beat":"winlogbeat","type":"_doc","version":"9.3.3"},"log":{"level":"information","file":{"path":"C:\\Users\\ivysa\\Downloads\\winlogbeat-9.3.3-windows-x86_64\\winlogbeat-9.3.3-windows-x86_64\\symon.evtx"}},"error":{"message":"failed to get the event message string: failed in EvtFormatMessage: The message resource is present but the message was not found in the message table."},"host":{"name":"DESKTOP-H6FBQ5J"},"ecs":{"version":"8.0.0"},"agent":{"ephemeral_id":"f8d845b8-8ac1-43f8-9a65-a6e7c2082e2f","id":"0ae603cf-457e-4a6f-bbde-51c28f1a031e","name":"DESKTOP-IKR997B","type":"winlogbeat","version":"9.3.3"},"winlog":{"provider_guid":"{5770385F-C22A-43E0-BF4C-06F5698FFBD9}","event_id":"13","provider_name":"Microsoft-Windows-Sysmon","user":{"identifier":"S-1-5-18","domain":"NT AUTHORITY","name":"SYSTEM","type":"Well Known Group"},"process":{"pid":6668,"thread":{"id":6376}},"error":{},"channel":"Microsoft-Windows-Sysmon/Operational","record_id":516,"computer_name":"DESKTOP-H6FBQ5J","opcode":"Info","version":2,"event_data":{"ProcessGuid":"{8F7AB6F6-5189-69DF-A301-000000000500}","TargetObject":"HKU\\S-1-5-21-3775872478-390322037-581647961-1001_Classes\\Bandizip.i00\\Shell\\Open\\Command\\(Default)","RuleName":"T1042","EventType":"SetValue","UtcTime":"2026-04-15 08:51:26.772","ProcessId":"2860","Image":"C:\\Program Files\\Bandizip\\Bandizip.exe","Details":"\"C:\\Program Files\\Bandizip\\Bandizip.exe\" \"장치\"","User":"DESKTOP-H6FBQ5J\\windows"}},"event":{"provider":"Microsoft-Windows-Sysmon","created":"2026-04-15T13:13:46.680Z","code":"13","kind":"event"}}
{"@timestamp":"2026-04-15T08:51:32.047Z","@metadata":{"beat":"winlogbeat","type":"_doc","version":"9.3.3"},"host":{"name":"DESKTOP-H6FBQ5J"},"winlog":{"user":{"domain":"NT AUTHORITY","name":"SYSTEM","type":"Well Known Group","identifier":"S-1-5-18"},"error":{},"provider_name":"Microsoft-Windows-Sysmon","record_id":517,"provider_guid":"{5770385F-C22A-43E0-BF4C-06F5698FFBD9}","event_id":"1","computer_name":"DESKTOP-H6FBQ5J","version":5,"event_data":{"RuleName":"-","ParentProcessGuid":"{8F7AB6F6-5189-69DF-A301-000000000500}","UtcTime":"2026-04-15 08:51:32.009","ProcessId":"6528","LogonGuid":"{8F7AB6F6-4E83-69DF-582B-010000000000}","ParentUser":"DESKTOP-H6FBQ5J\\windows","OriginalFileName":"Bandizip.exe","CommandLine":"\"C:\\Program Files\\Bandizip\\Bandizip.exe\" ","IntegrityLevel":"Medium","Product":"Bandizip","CurrentDirectory":"C:\\Program Files\\Bandizip\\","User":"DESKTOP-H6FBQ5J\\windows","ParentProcessId":"2860","FileVersion":"7.42.0.5","ParentCommandLine":"\"C:\\Program Files\\Bandizip\\Bandizip.exe\" /setupiffirst","Company":"Bandisoft International Inc.","Image":"C:\\Program Files\\Bandizip\\Bandizip.exe","Description":"Bandizip","Hashes":"MD5=56B8AF15B7C218EF7F0174CC372EB05D,SHA256=06FC987D4CE54F2F5E342A9EFCF67CA88DB101F4694E8C03444903F9124C889A,IMPHASH=C9EEACD9FB5070A017158D1AE2F2986D","LogonId":"0x12b58","ParentImage":"C:\\Program Files\\Bandizip\\Bandizip.exe","ProcessGuid":"{8F7AB6F6-5194-69DF-A701-000000000500}","TerminalSessionId":"1"},"process":{"pid":6668,"thread":{"id":6376}},"channel":"Microsoft-Windows-Sysmon/Operational","opcode":"Info"},"ecs":{"version":"8.0.0"},"agent":{"type":"winlogbeat","version":"9.3.3","ephemeral_id":"f8d845b8-8ac1-43f8-9a65-a6e7c2082e2f","id":"0ae603cf-457e-4a6f-bbde-51c28f1a031e","name":"DESKTOP-IKR997B"},"event":{"created":"2026-04-15T13:13:46.680Z","code":"1","kind":"event","provider":"Microsoft-Windows-Sysmon"},"log":{"level":"information","file":{"path":"C:\\Users\\ivysa\\Downloads\\winlogbeat-9.3.3-windows-x86_64\\winlogbeat-9.3.3-windows-x86_64\\symon.evtx"}},"error":{"message":"failed to get the event message string: failed in EvtFormatMessage: The message resource is present but the message was not found in the message table."}}
{"@timestamp":"2026-04-15T08:51:32.300Z","@metadata":{"beat":"winlogbeat","type":"_doc","version":"9.3.3"},"event":{"kind":"event","provider":"Microsoft-Windows-Sysmon","created":"2026-04-15T13:13:46.680Z","code":"1"},"log":{"level":"information","file":{"path":"C:\\Users\\ivysa\\Downloads\\winlogbeat-9.3.3-windows-x86_64\\winlogbeat-9.3.3-windows-x86_64\\symon.evtx"}},"error":{"message":"failed to get the event message string: failed in EvtFormatMessage: The message resource is present but the message was not found in the message table."},"host":{"name":"DESKTOP-H6FBQ5J"},"ecs":{"version":"8.0.0"},"agent":{"name":"DESKTOP-IKR997B","type":"winlogbeat","version":"9.3.3","ephemeral_id":"f8d845b8-8ac1-43f8-9a65-a6e7c2082e2f","id":"0ae603cf-457e-4a6f-bbde-51c28f1a031e"},"winlog":{"provider_guid":"{5770385F-C22A-43E0-BF4C-06F5698FFBD9}","version":5,"event_data":{"User":"DESKTOP-H6FBQ5J\\windows","ProcessGuid":"{8F7AB6F6-5194-69DF-A801-000000000500}","LogonGuid":"{8F7AB6F6-4E83-69DF-582B-010000000000}","Description":"Bandizip","ParentProcessId":"6528","ParentUser":"DESKTOP-H6FBQ5J\\windows","Image":"C:\\Program Files\\Bandizip\\Bandizip.exe","LogonId":"0x12b58","ProcessId":"4872","TerminalSessionId":"1","Hashes":"MD5=56B8AF15B7C218EF7F0174CC372EB05D,SHA256=06FC987D4CE54F2F5E342A9EFCF67CA88DB101F4694E8C03444903F9124C889A,IMPHASH=C9EEACD9FB5070A017158D1AE2F2986D","Product":"Bandizip","CommandLine":"\"C:\\Program Files\\Bandizip\\Bandizip.exe\" /ad","IntegrityLevel":"Medium","ParentCommandLine":"\"C:\\Program Files\\Bandizip\\Bandizip.exe\" ","ParentProcessGuid":"{8F7AB6F6-5194-69DF-A701-000000000500}","UtcTime":"2026-04-15 08:51:32.293","FileVersion":"7.42.0.5","Company":"Bandisoft International Inc.","OriginalFileName":"Bandizip.exe","ParentImage":"C:\\Program Files\\Bandizip\\Bandizip.exe","RuleName":"-","CurrentDirectory":"C:\\Program Files\\Bandizip\\"},"channel":"Microsoft-Windows-Sysmon/Operational","opcode":"Info","process":{"pid":6668,"thread":{"id":6376}},"error":{},"provider_name":"Microsoft-Windows-Sysmon","record_id":518,"computer_name":"DESKTOP-H6FBQ5J","user":{"type":"Well Known Group","identifier":"S-1-5-18","domain":"NT AUTHORITY","name":"SYSTEM"},"event_id":"1"}}
{"@timestamp":"2026-04-15T08:51:32.340Z","@metadata":{"beat":"winlogbeat","type":"_doc","version":"9.3.3"},"host":{"name":"DESKTOP-H6FBQ5J"},"ecs":{"version":"8.0.0"},"agent":{"id":"0ae603cf-457e-4a6f-bbde-51c28f1a031e","name":"DESKTOP-IKR997B","type":"winlogbeat","version":"9.3.3","ephemeral_id":"f8d845b8-8ac1-43f8-9a65-a6e7c2082e2f"},"winlog":{"error":{},"event_id":"1","record_id":519,"provider_guid":"{5770385F-C22A-43E0-BF4C-06F5698FFBD9}","provider_name":"Microsoft-Windows-Sysmon","opcode":"Info","channel":"Microsoft-Windows-Sysmon/Operational","computer_name":"DESKTOP-H6FBQ5J","version":5,"user":{"name":"SYSTEM","type":"Well Known Group","identifier":"S-1-5-18","domain":"NT AUTHORITY"},"event_data":{"ParentImage":"C:\\Program Files\\Bandizip\\Bandizip.exe","Product":"-","ProcessGuid":"{8F7AB6F6-5194-69DF-A901-000000000500}","TerminalSessionId":"1","ParentProcessGuid":"{8F7AB6F6-5194-69DF-A701-000000000500}","ProcessId":"1504","LogonId":"0x12b58","Description":"-","Company":"-","CommandLine":"\"C:\\Program Files\\Bandizip\\data\\RegPackage.x86.exe\" /check Bandisoft.com.15700C60EE320","CurrentDirectory":"C:\\Program Files\\Bandizip\\","IntegrityLevel":"Medium","UtcTime":"2026-04-15 08:51:32.299","FileVersion":"-","User":"DESKTOP-H6FBQ5J\\windows","LogonGuid":"{8F7AB6F6-4E83-69DF-582B-010000000000}","Hashes":"MD5=E3DD4B96F80A2CDEA54F7050AABAF938,SHA256=6CDDDFFC72C5EE10C2D1A7C838B0F96733098A0DB80DF13D9ED4F4AB9BBA9B45,IMPHASH=D1C9D98E626EF14B1D024DCAAF6DE5E0","Image":"C:\\Program Files\\Bandizip\\data\\RegPackage.x86.exe","RuleName":"-","OriginalFileName":"-","ParentCommandLine":"\"C:\\Program Files\\Bandizip\\Bandizip.exe\" ","ParentUser":"DESKTOP-H6FBQ5J\\windows","ParentProcessId":"6528"},"process":{"thread":{"id":6376},"pid":6668}},"event":{"kind":"event","provider":"Microsoft-Windows-Sysmon","created":"2026-04-15T13:13:46.680Z","code":"1"},"log":{"file":{"path":"C:\\Users\\ivysa\\Downloads\\winlogbeat-9.3.3-windows-x86_64\\winlogbeat-9.3.3-windows-x86_64\\symon.evtx"},"level":"information"},"error":{"message":"failed to get the event message string: failed in EvtFormatMessage: The message resource is present but the message was not found in the message table."}}
{"@timestamp":"2026-04-15T08:51:34.136Z","@metadata":{"beat":"winlogbeat","type":"_doc","version":"9.3.3"},"host":{"name":"DESKTOP-H6FBQ5J"},"ecs":{"version":"8.0.0"},"agent":{"ephemeral_id":"f8d845b8-8ac1-43f8-9a65-a6e7c2082e2f","id":"0ae603cf-457e-4a6f-bbde-51c28f1a031e","name":"DESKTOP-IKR997B","type":"winlogbeat","version":"9.3.3"},"winlog":{"version":5,"event_data":{"UtcTime":"2026-04-15 08:51:32.860","ProcessGuid":"{8F7AB6F6-5194-69DF-A701-000000000500}","QueryResults":"::ffff:8.218.165.231;","RuleName":"-","ProcessId":"6528","QueryName":"www.bandisoft.com","User":"DESKTOP-H6FBQ5J\\windows","QueryStatus":"0","Image":"C:\\Program Files\\Bandizip\\Bandizip.exe"},"record_id":520,"opcode":"Info","user":{"type":"Well Known Group","identifier":"S-1-5-18","domain":"NT AUTHORITY","name":"SYSTEM"},"channel":"Microsoft-Windows-Sysmon/Operational","event_id":"22","computer_name":"DESKTOP-H6FBQ5J","process":{"pid":6668,"thread":{"id":3820}},"error":{},"provider_name":"Microsoft-Windows-Sysmon","provider_guid":"{5770385F-C22A-43E0-BF4C-06F5698FFBD9}"},"event":{"kind":"event","provider":"Microsoft-Windows-Sysmon","created":"2026-04-15T13:13:46.680Z","code":"22"},"log":{"file":{"path":"C:\\Users\\ivysa\\Downloads\\winlogbeat-9.3.3-windows-x86_64\\winlogbeat-9.3.3-windows-x86_64\\symon.evtx"},"level":"information"},"error":{"message":"failed to get the event message string: failed in EvtFormatMessage: The message resource is present but the message was not found in the message table."}}
{"@timestamp":"2026-04-15T08:51:34.136Z","@metadata":{"beat":"winlogbeat","type":"_doc","version":"9.3.3"},"agent":{"type":"winlogbeat","version":"9.3.3","ephemeral_id":"f8d845b8-8ac1-43f8-9a65-a6e7c2082e2f","id":"0ae603cf-457e-4a6f-bbde-51c28f1a031e","name":"DESKTOP-IKR997B"},"winlog":{"provider_name":"Microsoft-Windows-Sysmon","record_id":521,"opcode":"Info","user":{"name":"SYSTEM","type":"Well Known Group","identifier":"S-1-5-18","domain":"NT AUTHORITY"},"event_data":{"User":"DESKTOP-H6FBQ5J\\windows","RuleName":"-","UtcTime":"2026-04-15 08:51:33.437","ProcessGuid":"{8F7AB6F6-5194-69DF-A701-000000000500}","QueryName":"adv.bandi.so","ProcessId":"6528","QueryResults":"::ffff:52.78.169.250;","Image":"C:\\Program Files\\Bandizip\\Bandizip.exe","QueryStatus":"0"},"computer_name":"DESKTOP-H6FBQ5J","error":{},"event_id":"22","provider_guid":"{5770385F-C22A-43E0-BF4C-06F5698FFBD9}","version":5,"process":{"pid":6668,"thread":{"id":3820}},"channel":"Microsoft-Windows-Sysmon/Operational"},"event":{"provider":"Microsoft-Windows-Sysmon","created":"2026-04-15T13:13:46.680Z","code":"22","kind":"event"},"log":{"file":{"path":"C:\\Users\\ivysa\\Downloads\\winlogbeat-9.3.3-windows-x86_64\\winlogbeat-9.3.3-windows-x86_64\\symon.evtx"},"level":"information"},"error":{"message":"failed to get the event message string: failed in EvtFormatMessage: The message resource is present but the message was not found in the message table."},"host":{"name":"DESKTOP-H6FBQ5J"},"ecs":{"version":"8.0.0"}}
{"@timestamp":"2026-04-15T08:51:34.136Z","@metadata":{"beat":"winlogbeat","type":"_doc","version":"9.3.3"},"winlog":{"version":5,"event_data":{"QueryStatus":"0","Image":"C:\\Program Files\\Bandizip\\Bandizip.exe","User":"DESKTOP-H6FBQ5J\\windows","RuleName":"-","ProcessId":"4872","QueryResults":"::ffff:8.218.165.231;","UtcTime":"2026-04-15 08:51:33.679","ProcessGuid":"{8F7AB6F6-5194-69DF-A801-000000000500}","QueryName":"www.bandisoft.com"},"event_id":"22","record_id":522,"user":{"name":"SYSTEM","type":"Well Known Group","identifier":"S-1-5-18","domain":"NT AUTHORITY"},"error":{},"channel":"Microsoft-Windows-Sysmon/Operational","computer_name":"DESKTOP-H6FBQ5J","provider_guid":"{5770385F-C22A-43E0-BF4C-06F5698FFBD9}","process":{"thread":{"id":3820},"pid":6668},"provider_name":"Microsoft-Windows-Sysmon","opcode":"Info"},"event":{"code":"22","kind":"event","provider":"Microsoft-Windows-Sysmon","created":"2026-04-15T13:13:46.680Z"},"ecs":{"version":"8.0.0"},"agent":{"ephemeral_id":"f8d845b8-8ac1-43f8-9a65-a6e7c2082e2f","id":"0ae603cf-457e-4a6f-bbde-51c28f1a031e","name":"DESKTOP-IKR997B","type":"winlogbeat","version":"9.3.3"},"log":{"level":"information","file":{"path":"C:\\Users\\ivysa\\Downloads\\winlogbeat-9.3.3-windows-x86_64\\winlogbeat-9.3.3-windows-x86_64\\symon.evtx"}},"error":{"message":"failed to get the event message string: failed in EvtFormatMessage: The message resource is present but the message was not found in the message table."},"host":{"name":"DESKTOP-H6FBQ5J"}}
{"@timestamp":"2026-04-15T08:51:34.826Z","@metadata":{"beat":"winlogbeat","type":"_doc","version":"9.3.3"},"ecs":{"version":"8.0.0"},"agent":{"ephemeral_id":"f8d845b8-8ac1-43f8-9a65-a6e7c2082e2f","id":"0ae603cf-457e-4a6f-bbde-51c28f1a031e","name":"DESKTOP-IKR997B","type":"winlogbeat","version":"9.3.3"},"error":{"message":"failed to get the event message string: failed in EvtFormatMessage: The message resource is present but the message was not found in the message table."},"host":{"name":"DESKTOP-H6FBQ5J"},"winlog":{"error":{},"event_id":"22","provider_name":"Microsoft-Windows-Sysmon","computer_name":"DESKTOP-H6FBQ5J","opcode":"Info","version":5,"user":{"domain":"NT AUTHORITY","name":"SYSTEM","type":"Well Known Group","identifier":"S-1-5-18"},"process":{"pid":6668,"thread":{"id":3820}},"record_id":523,"channel":"Microsoft-Windows-Sysmon/Operational","provider_guid":"{5770385F-C22A-43E0-BF4C-06F5698FFBD9}","event_data":{"RuleName":"-","ProcessId":"4872","QueryName":"bandisoft.app","UtcTime":"2026-04-15 08:51:34.634","ProcessGuid":"{8F7AB6F6-5194-69DF-A801-000000000500}","QueryStatus":"0","QueryResults":"::ffff:104.26.5.28;::ffff:104.26.4.28;::ffff:172.67.69.58;","Image":"C:\\Program Files\\Bandizip\\Bandizip.exe","User":"DESKTOP-H6FBQ5J\\windows"}},"event":{"code":"22","kind":"event","provider":"Microsoft-Windows-Sysmon","created":"2026-04-15T13:13:46.680Z"},"log":{"level":"information","file":{"path":"C:\\Users\\ivysa\\Downloads\\winlogbeat-9.3.3-windows-x86_64\\winlogbeat-9.3.3-windows-x86_64\\symon.evtx"}}}
{"@timestamp":"2026-04-15T08:51:38.033Z","@metadata":{"beat":"winlogbeat","type":"_doc","version":"9.3.3"},"ecs":{"version":"8.0.0"},"agent":{"name":"DESKTOP-IKR997B","type":"winlogbeat","version":"9.3.3","ephemeral_id":"f8d845b8-8ac1-43f8-9a65-a6e7c2082e2f","id":"0ae603cf-457e-4a6f-bbde-51c28f1a031e"},"event":{"created":"2026-04-15T13:13:46.680Z","code":"22","kind":"event","provider":"Microsoft-Windows-Sysmon"},"log":{"level":"information","file":{"path":"C:\\Users\\ivysa\\Downloads\\winlogbeat-9.3.3-windows-x86_64\\winlogbeat-9.3.3-windows-x86_64\\symon.evtx"}},"error":{"message":"failed to get the event message string: failed in EvtFormatMessage: The message resource is present but the message was not found in the message table."},"host":{"name":"DESKTOP-H6FBQ5J"},"winlog":{"opcode":"Info","process":{"pid":6668,"thread":{"id":3820}},"event_id":"22","provider_name":"Microsoft-Windows-Sysmon","computer_name":"DESKTOP-H6FBQ5J","version":5,"record_id":524,"provider_guid":"{5770385F-C22A-43E0-BF4C-06F5698FFBD9}","user":{"identifier":"S-1-5-18","domain":"NT AUTHORITY","name":"SYSTEM","type":"Well Known Group"},"event_data":{"QueryStatus":"0","QueryResults":"::ffff:142.251.118.157;::ffff:142.251.118.156;::ffff:142.251.118.154;::ffff:142.251.118.155;","User":"DESKTOP-H6FBQ5J\\windows","ProcessGuid":"{8F7AB6F6-5194-69DF-A801-000000000500}","ProcessId":"4872","QueryName":"ep1.adtrafficquality.google","RuleName":"-","Image":"C:\\Program Files\\Bandizip\\Bandizip.exe","UtcTime":"2026-04-15 08:51:37.166"},"error":{},"channel":"Microsoft-Windows-Sysmon/Operational"}}
{"@timestamp":"2026-04-15T08:51:38.033Z","@metadata":{"beat":"winlogbeat","type":"_doc","version":"9.3.3"},"agent":{"name":"DESKTOP-IKR997B","type":"winlogbeat","version":"9.3.3","ephemeral_id":"f8d845b8-8ac1-43f8-9a65-a6e7c2082e2f","id":"0ae603cf-457e-4a6f-bbde-51c28f1a031e"},"error":{"message":"failed to get the event message string: failed in EvtFormatMessage: The message resource is present but the message was not found in the message table."},"host":{"name":"DESKTOP-H6FBQ5J"},"winlog":{"process":{"pid":6668,"thread":{"id":3820}},"computer_name":"DESKTOP-H6FBQ5J","provider_guid":"{5770385F-C22A-43E0-BF4C-06F5698FFBD9}","user":{"type":"Well Known Group","identifier":"S-1-5-18","domain":"NT AUTHORITY","name":"SYSTEM"},"event_data":{"ProcessGuid":"{8F7AB6F6-5194-69DF-A801-000000000500}","ProcessId":"4872","RuleName":"-","UtcTime":"2026-04-15 08:51:37.547","QueryResults":"type:  5 www3.l.google.com;::ffff:172.217.211.139;::ffff:172.217.211.101;::ffff:172.217.211.102;::ffff:172.217.211.100;::ffff:172.217.211.113;::ffff:172.217.211.138;","QueryName":"fundingchoicesmessages.google.com","User":"DESKTOP-H6FBQ5J\\windows","QueryStatus":"0","Image":"C:\\Program Files\\Bandizip\\Bandizip.exe"},"error":{},"channel":"Microsoft-Windows-Sysmon/Operational","record_id":525,"event_id":"22","version":5,"provider_name":"Microsoft-Windows-Sysmon","opcode":"Info"},"event":{"provider":"Microsoft-Windows-Sysmon","created":"2026-04-15T13:13:46.680Z","code":"22","kind":"event"},"log":{"level":"information","file":{"path":"C:\\Users\\ivysa\\Downloads\\winlogbeat-9.3.3-windows-x86_64\\winlogbeat-9.3.3-windows-x86_64\\symon.evtx"}},"ecs":{"version":"8.0.0"}}
{"@timestamp":"2026-04-15T08:51:38.033Z","@metadata":{"beat":"winlogbeat","type":"_doc","version":"9.3.3"},"winlog":{"user":{"identifier":"S-1-5-18","domain":"NT AUTHORITY","name":"SYSTEM","type":"Well Known Group"},"event_data":{"ProcessGuid":"{8F7AB6F6-5194-69DF-A801-000000000500}","ProcessId":"4872","Image":"C:\\Program Files\\Bandizip\\Bandizip.exe","QueryName":"abr.ge","QueryResults":"::ffff:3.168.178.111;::ffff:3.168.178.3;::ffff:3.168.178.34;::ffff:3.168.178.21;","RuleName":"-","UtcTime":"2026-04-15 08:51:37.562","QueryStatus":"0","User":"DESKTOP-H6FBQ5J\\windows"},"process":{"thread":{"id":3820},"pid":6668},"record_id":526,"opcode":"Info","provider_guid":"{5770385F-C22A-43E0-BF4C-06F5698FFBD9}","error":{},"event_id":"22","provider_name":"Microsoft-Windows-Sysmon","channel":"Microsoft-Windows-Sysmon/Operational","computer_name":"DESKTOP-H6FBQ5J","version":5},"agent":{"version":"9.3.3","ephemeral_id":"f8d845b8-8ac1-43f8-9a65-a6e7c2082e2f","id":"0ae603cf-457e-4a6f-bbde-51c28f1a031e","name":"DESKTOP-IKR997B","type":"winlogbeat"},"ecs":{"version":"8.0.0"},"event":{"code":"22","kind":"event","provider":"Microsoft-Windows-Sysmon","created":"2026-04-15T13:13:46.680Z"},"log":{"level":"information","file":{"path":"C:\\Users\\ivysa\\Downloads\\winlogbeat-9.3.3-windows-x86_64\\winlogbeat-9.3.3-windows-x86_64\\symon.evtx"}},"error":{"message":"failed to get the event message string: failed in EvtFormatMessage: The message resource is present but the message was not found in the message table."},"host":{"name":"DESKTOP-H6FBQ5J"}}
{"@timestamp":"2026-04-15T08:51:38.033Z","@metadata":{"beat":"winlogbeat","type":"_doc","version":"9.3.3"},"winlog":{"computer_name":"DESKTOP-H6FBQ5J","user":{"type":"Well Known Group","identifier":"S-1-5-18","domain":"NT AUTHORITY","name":"SYSTEM"},"event_id":"22","opcode":"Info","provider_guid":"{5770385F-C22A-43E0-BF4C-06F5698FFBD9}","version":5,"event_data":{"QueryResults":"type:  5 ss-sg.appiersig.com.akadns.net;::ffff:23.106.253.22;::ffff:23.106.54.147;::ffff:103.254.153.198;::ffff:23.106.54.145;::ffff:23.106.54.148;::ffff:23.106.54.146;","ProcessId":"4872","QueryStatus":"0","Image":"C:\\Program Files\\Bandizip\\Bandizip.exe","RuleName":"-","User":"DESKTOP-H6FBQ5J\\windows","UtcTime":"2026-04-15 08:51:37.571","ProcessGuid":"{8F7AB6F6-5194-69DF-A801-000000000500}","QueryName":"ss-sg.appiersig.com"},"record_id":527,"process":{"pid":6668,"thread":{"id":3820}},"error":{},"channel":"Microsoft-Windows-Sysmon/Operational","provider_name":"Microsoft-Windows-Sysmon"},"agent":{"version":"9.3.3","ephemeral_id":"f8d845b8-8ac1-43f8-9a65-a6e7c2082e2f","id":"0ae603cf-457e-4a6f-bbde-51c28f1a031e","name":"DESKTOP-IKR997B","type":"winlogbeat"},"ecs":{"version":"8.0.0"},"event":{"provider":"Microsoft-Windows-Sysmon","created":"2026-04-15T13:13:46.680Z","code":"22","kind":"event"},"log":{"level":"information","file":{"path":"C:\\Users\\ivysa\\Downloads\\winlogbeat-9.3.3-windows-x86_64\\winlogbeat-9.3.3-windows-x86_64\\symon.evtx"}},"error":{"message":"failed to get the event message string: failed in EvtFormatMessage: The message resource is present but the message was not found in the message table."},"host":{"name":"DESKTOP-H6FBQ5J"}}
{"@timestamp":"2026-04-15T08:51:38.033Z","@metadata":{"beat":"winlogbeat","type":"_doc","version":"9.3.3"},"log":{"file":{"path":"C:\\Users\\ivysa\\Downloads\\winlogbeat-9.3.3-windows-x86_64\\winlogbeat-9.3.3-windows-x86_64\\symon.evtx"},"level":"information"},"error":{"message":"failed to get the event message string: failed in EvtFormatMessage: The message resource is present but the message was not found in the message table."},"host":{"name":"DESKTOP-H6FBQ5J"},"winlog":{"provider_guid":"{5770385F-C22A-43E0-BF4C-06F5698FFBD9}","event_data":{"QueryName":"mt-usw.appiersig.com","User":"DESKTOP-H6FBQ5J\\windows","UtcTime":"2026-04-15 08:51:37.587","ProcessId":"4872","QueryStatus":"0","QueryResults":"::ffff:34.36.231.211;","Image":"C:\\Program Files\\Bandizip\\Bandizip.exe","ProcessGuid":"{8F7AB6F6-5194-69DF-A801-000000000500}","RuleName":"-"},"process":{"pid":6668,"thread":{"id":3820}},"event_id":"22","computer_name":"DESKTOP-H6FBQ5J","channel":"Microsoft-Windows-Sysmon/Operational","version":5,"error":{},"record_id":528,"opcode":"Info","user":{"identifier":"S-1-5-18","domain":"NT AUTHORITY","name":"SYSTEM","type":"Well Known Group"},"provider_name":"Microsoft-Windows-Sysmon"},"event":{"code":"22","kind":"event","provider":"Microsoft-Windows-Sysmon","created":"2026-04-15T13:13:46.680Z"},"ecs":{"version":"8.0.0"},"agent":{"ephemeral_id":"f8d845b8-8ac1-43f8-9a65-a6e7c2082e2f","id":"0ae603cf-457e-4a6f-bbde-51c28f1a031e","name":"DESKTOP-IKR997B","type":"winlogbeat","version":"9.3.3"}}
{"@timestamp":"2026-04-15T08:51:38.033Z","@metadata":{"beat":"winlogbeat","type":"_doc","version":"9.3.3"},"event":{"code":"22","kind":"event","provider":"Microsoft-Windows-Sysmon","created":"2026-04-15T13:13:46.680Z"},"log":{"level":"information","file":{"path":"C:\\Users\\ivysa\\Downloads\\winlogbeat-9.3.3-windows-x86_64\\winlogbeat-9.3.3-windows-x86_64\\symon.evtx"}},"error":{"message":"failed to get the event message string: failed in EvtFormatMessage: The message resource is present but the message was not found in the message table."},"ecs":{"version":"8.0.0"},"agent":{"id":"0ae603cf-457e-4a6f-bbde-51c28f1a031e","name":"DESKTOP-IKR997B","type":"winlogbeat","version":"9.3.3","ephemeral_id":"f8d845b8-8ac1-43f8-9a65-a6e7c2082e2f"},"host":{"name":"DESKTOP-H6FBQ5J"},"winlog":{"provider_guid":"{5770385F-C22A-43E0-BF4C-06F5698FFBD9}","user":{"identifier":"S-1-5-18","domain":"NT AUTHORITY","name":"SYSTEM","type":"Well Known Group"},"computer_name":"DESKTOP-H6FBQ5J","process":{"pid":6668,"thread":{"id":3820}},"event_id":"22","record_id":529,"version":5,"provider_name":"Microsoft-Windows-Sysmon","opcode":"Info","event_data":{"ProcessGuid":"{8F7AB6F6-5194-69DF-A801-000000000500}","ProcessId":"4872","QueryStatus":"0","QueryResults":"type:  5 ss.c.appier.net;type:  5 ss.c.appier.net.akadns.net;type:  5 ss-jp2.c.appier.net.akadns.net;::ffff:23.106.227.136;::ffff:23.81.46.82;::ffff:23.106.228.4;::ffff:23.106.228.3;::ffff:23.106.228.5;::ffff:23.106.227.7;::ffff:23.81.41.199;::ffff:23.81.41.162;::ffff:23.106.227.71;::ffff:23.106.226.198;","RuleName":"-","QueryName":"vst.c.appier.net","Image":"C:\\Program Files\\Bandizip\\Bandizip.exe","User":"DESKTOP-H6FBQ5J\\windows","UtcTime":"2026-04-15 08:51:37.600"},"error":{},"channel":"Microsoft-Windows-Sysmon/Operational"}}
{"@timestamp":"2026-04-15T08:51:38.033Z","@metadata":{"beat":"winlogbeat","type":"_doc","version":"9.3.3"},"winlog":{"provider_guid":"{5770385F-C22A-43E0-BF4C-06F5698FFBD9}","user":{"identifier":"S-1-5-18","domain":"NT AUTHORITY","name":"SYSTEM","type":"Well Known Group"},"event_data":{"ProcessGuid":"{8F7AB6F6-5194-69DF-A801-000000000500}","ProcessId":"4872","QueryName":"cr.adsappier.com","RuleName":"-","UtcTime":"2026-04-15 08:51:37.643","QueryResults":"type:  5 cr.adsappier.com.akamaized.net;type:  5 a1413.dscw39.akamai.net;::ffff:23.220.75.243;::ffff:23.217.118.134;::ffff:23.217.118.150;","Image":"C:\\Program Files\\Bandizip\\Bandizip.exe","User":"DESKTOP-H6FBQ5J\\windows","QueryStatus":"0"},"process":{"pid":6668,"thread":{"id":3820}},"error":{},"channel":"Microsoft-Windows-Sysmon/Operational","event_id":"22","record_id":530,"computer_name":"DESKTOP-H6FBQ5J","opcode":"Info","version":5,"provider_name":"Microsoft-Windows-Sysmon"},"event":{"code":"22","kind":"event","provider":"Microsoft-Windows-Sysmon","created":"2026-04-15T13:13:46.680Z"},"log":{"level":"information","file":{"path":"C:\\Users\\ivysa\\Downloads\\winlogbeat-9.3.3-windows-x86_64\\winlogbeat-9.3.3-windows-x86_64\\symon.evtx"}},"error":{"message":"failed to get the event message string: failed in EvtFormatMessage: The message resource is present but the message was not found in the message table."},"host":{"name":"DESKTOP-H6FBQ5J"},"ecs":{"version":"8.0.0"},"agent":{"ephemeral_id":"f8d845b8-8ac1-43f8-9a65-a6e7c2082e2f","id":"0ae603cf-457e-4a6f-bbde-51c28f1a031e","name":"DESKTOP-IKR997B","type":"winlogbeat","version":"9.3.3"}}
{"@timestamp":"2026-04-15T08:51:38.033Z","@metadata":{"beat":"winlogbeat","type":"_doc","version":"9.3.3"},"agent":{"ephemeral_id":"f8d845b8-8ac1-43f8-9a65-a6e7c2082e2f","id":"0ae603cf-457e-4a6f-bbde-51c28f1a031e","name":"DESKTOP-IKR997B","type":"winlogbeat","version":"9.3.3"},"winlog":{"event_data":{"QueryResults":"type:  5 gocm-geo.c.appier.net.akadns.net;type:  5 gocm-jp.c.appier.net.akadns.net;::ffff:172.105.221.29;::ffff:139.162.117.143;::ffff:172.105.235.90;::ffff:172.104.105.5;::ffff:172.105.221.240;::ffff:139.162.84.221;::ffff:172.105.220.23;::ffff:172.104.121.22;::ffff:172.104.70.67;::ffff:139.162.78.222;::ffff:172.105.213.147;::ffff:172.105.203.31;::ffff:172.104.64.149;::ffff:172.105.232.22;::ffff:172.105.199.172;","RuleName":"-","QueryName":"a.c.appier.net","UtcTime":"2026-04-15 08:51:37.665","ProcessId":"4872","Image":"C:\\Program Files\\Bandizip\\Bandizip.exe","User":"DESKTOP-H6FBQ5J\\windows","ProcessGuid":"{8F7AB6F6-5194-69DF-A801-000000000500}","QueryStatus":"0"},"error":{},"channel":"Microsoft-Windows-Sysmon/Operational","event_id":"22","version":5,"user":{"domain":"NT AUTHORITY","name":"SYSTEM","type":"Well Known Group","identifier":"S-1-5-18"},"process":{"pid":6668,"thread":{"id":3820}},"record_id":531,"opcode":"Info","provider_name":"Microsoft-Windows-Sysmon","computer_name":"DESKTOP-H6FBQ5J","provider_guid":"{5770385F-C22A-43E0-BF4C-06F5698FFBD9}"},"event":{"kind":"event","provider":"Microsoft-Windows-Sysmon","created":"2026-04-15T13:13:46.680Z","code":"22"},"log":{"file":{"path":"C:\\Users\\ivysa\\Downloads\\winlogbeat-9.3.3-windows-x86_64\\winlogbeat-9.3.3-windows-x86_64\\symon.evtx"},"level":"information"},"error":{"message":"failed to get the event message string: failed in EvtFormatMessage: The message resource is present but the message was not found in the message table."},"host":{"name":"DESKTOP-H6FBQ5J"},"ecs":{"version":"8.0.0"}}
{"@timestamp":"2026-04-15T08:51:38.033Z","@metadata":{"beat":"winlogbeat","type":"_doc","version":"9.3.3"},"event":{"kind":"event","provider":"Microsoft-Windows-Sysmon","created":"2026-04-15T13:13:46.680Z","code":"22"},"log":{"level":"information","file":{"path":"C:\\Users\\ivysa\\Downloads\\winlogbeat-9.3.3-windows-x86_64\\winlogbeat-9.3.3-windows-x86_64\\symon.evtx"}},"error":{"message":"failed to get the event message string: failed in EvtFormatMessage: The message resource is present but the message was not found in the message table."},"host":{"name":"DESKTOP-H6FBQ5J"},"ecs":{"version":"8.0.0"},"agent":{"ephemeral_id":"f8d845b8-8ac1-43f8-9a65-a6e7c2082e2f","id":"0ae603cf-457e-4a6f-bbde-51c28f1a031e","name":"DESKTOP-IKR997B","type":"winlogbeat","version":"9.3.3"},"winlog":{"record_id":532,"computer_name":"DESKTOP-H6FBQ5J","error":{},"channel":"Microsoft-Windows-Sysmon/Operational","opcode":"Info","provider_guid":"{5770385F-C22A-43E0-BF4C-06F5698FFBD9}","user":{"identifier":"S-1-5-18","domain":"NT AUTHORITY","name":"SYSTEM","type":"Well Known Group"},"event_id":"22","event_data":{"RuleName":"-","ProcessGuid":"{8F7AB6F6-5194-69DF-A801-000000000500}","UtcTime":"2026-04-15 08:51:37.666","QueryName":"ep2.adtrafficquality.google","QueryStatus":"0","ProcessId":"4872","User":"DESKTOP-H6FBQ5J\\windows","QueryResults":"::ffff:142.251.118.132;","Image":"C:\\Program Files\\Bandizip\\Bandizip.exe"},"process":{"pid":6668,"thread":{"id":3820}},"provider_name":"Microsoft-Windows-Sysmon","version":5}}
{"@timestamp":"2026-04-15T08:51:38.959Z","@metadata":{"beat":"winlogbeat","type":"_doc","version":"9.3.3"},"host":{"name":"DESKTOP-H6FBQ5J"},"winlog":{"event_data":{"QueryName":"www.google.com","QueryStatus":"0","QueryResults":"::ffff:142.251.151.119;::ffff:142.251.156.119;::ffff:142.251.157.119;::ffff:142.251.155.119;::ffff:142.251.152.119;::ffff:142.251.150.119;::ffff:142.251.154.119;::ffff:142.251.153.119;","UtcTime":"2026-04-15 08:51:37.995","ProcessGuid":"{8F7AB6F6-5194-69DF-A801-000000000500}","ProcessId":"4872","Image":"C:\\Program Files\\Bandizip\\Bandizip.exe","RuleName":"-","User":"DESKTOP-H6FBQ5J\\windows"},"process":{"thread":{"id":3820},"pid":6668},"channel":"Microsoft-Windows-Sysmon/Operational","opcode":"Info","provider_guid":"{5770385F-C22A-43E0-BF4C-06F5698FFBD9}","user":{"domain":"NT AUTHORITY","name":"SYSTEM","type":"Well Known Group","identifier":"S-1-5-18"},"computer_name":"DESKTOP-H6FBQ5J","version":5,"provider_name":"Microsoft-Windows-Sysmon","error":{},"event_id":"22","record_id":533},"event":{"created":"2026-04-15T13:13:46.680Z","code":"22","kind":"event","provider":"Microsoft-Windows-Sysmon"},"log":{"level":"information","file":{"path":"C:\\Users\\ivysa\\Downloads\\winlogbeat-9.3.3-windows-x86_64\\winlogbeat-9.3.3-windows-x86_64\\symon.evtx"}},"error":{"message":"failed to get the event message string: failed in EvtFormatMessage: The message resource is present but the message was not found in the message table."},"ecs":{"version":"8.0.0"},"agent":{"version":"9.3.3","ephemeral_id":"f8d845b8-8ac1-43f8-9a65-a6e7c2082e2f","id":"0ae603cf-457e-4a6f-bbde-51c28f1a031e","name":"DESKTOP-IKR997B","type":"winlogbeat"}}
{"@timestamp":"2026-04-15T08:51:38.959Z","@metadata":{"beat":"winlogbeat","type":"_doc","version":"9.3.3"},"error":{"message":"failed to get the event message string: failed in EvtFormatMessage: The message resource is present but the message was not found in the message table."},"ecs":{"version":"8.0.0"},"agent":{"id":"0ae603cf-457e-4a6f-bbde-51c28f1a031e","name":"DESKTOP-IKR997B","type":"winlogbeat","version":"9.3.3","ephemeral_id":"f8d845b8-8ac1-43f8-9a65-a6e7c2082e2f"},"host":{"name":"DESKTOP-H6FBQ5J"},"winlog":{"provider_guid":"{5770385F-C22A-43E0-BF4C-06F5698FFBD9}","version":5,"user":{"type":"Well Known Group","identifier":"S-1-5-18","domain":"NT AUTHORITY","name":"SYSTEM"},"error":{},"process":{"thread":{"id":3820},"pid":6668},"event_id":"22","computer_name":"DESKTOP-H6FBQ5J","opcode":"Info","event_data":{"QueryResults":"type:  5 gocm-geo.c.appier.net.akadns.net;type:  5 gocm-jp.c.appier.net.akadns.net;::ffff:172.105.221.240;::ffff:172.104.121.22;::ffff:172.104.105.5;::ffff:139.162.117.143;::ffff:172.105.221.29;::ffff:172.104.70.67;::ffff:172.105.232.22;::ffff:139.162.78.222;::ffff:172.105.235.90;::ffff:172.105.213.147;::ffff:172.104.64.149;::ffff:139.162.84.221;::ffff:172.105.220.23;::ffff:172.105.199.172;::ffff:172.105.203.31;","RuleName":"-","ProcessId":"4872","QueryName":"s.c.appier.net","QueryStatus":"0","Image":"C:\\Program Files\\Bandizip\\Bandizip.exe","User":"DESKTOP-H6FBQ5J\\windows","UtcTime":"2026-04-15 08:51:38.395","ProcessGuid":"{8F7AB6F6-5194-69DF-A801-000000000500}"},"channel":"Microsoft-Windows-Sysmon/Operational","provider_name":"Microsoft-Windows-Sysmon","record_id":534},"event":{"code":"22","kind":"event","provider":"Microsoft-Windows-Sysmon","created":"2026-04-15T13:13:46.681Z"},"log":{"level":"information","file":{"path":"C:\\Users\\ivysa\\Downloads\\winlogbeat-9.3.3-windows-x86_64\\winlogbeat-9.3.3-windows-x86_64\\symon.evtx"}}}
