{"@timestamp":"2026-04-15T08:53:18.817Z","@metadata":{"beat":"winlogbeat","type":"_doc","version":"9.3.3"},"log":{"file":{"path":"C:\\Users\\ivysa\\Downloads\\winlogbeat-9.3.3-windows-x86_64\\winlogbeat-9.3.3-windows-x86_64\\symon.evtx"},"level":"information"},"error":{"message":"failed to get the event message string: failed in EvtFormatMessage: The message resource is present but the message was not found in the message table."},"host":{"name":"DESKTOP-H6FBQ5J"},"ecs":{"version":"8.0.0"},"agent":{"ephemeral_id":"f8d845b8-8ac1-43f8-9a65-a6e7c2082e2f","id":"0ae603cf-457e-4a6f-bbde-51c28f1a031e","name":"DESKTOP-IKR997B","type":"winlogbeat","version":"9.3.3"},"winlog":{"user":{"identifier":"S-1-5-18","domain":"NT AUTHORITY","name":"SYSTEM","type":"Well Known Group"},"provider_guid":"{5770385F-C22A-43E0-BF4C-06F5698FFBD9}","version":2,"provider_name":"Microsoft-Windows-Sysmon","opcode":"Info","event_data":{"UtcTime":"2026-04-15 08:53:18.803","ProcessId":"7324","TargetObject":"HKLM\\SOFTWARE\\Microsoft\\Windows\\CurrentVersion\\Run\\MyNotepadAutoOpen","Details":"notepad.exe \"C:\\ProgramData\\CLEARWATER_README.txt\"","User":"DESKTOP-H6FBQ5J\\windows","EventType":"SetValue","ProcessGuid":"{8F7AB6F6-51EF-69DF-B301-000000000500}","RuleName":"T1060,RunKey","Image":"C:\\ProgramData\\ClearWater_x64.exe"},"channel":"Microsoft-Windows-Sysmon/Operational","event_id":"13","computer_name":"DESKTOP-H6FBQ5J","process":{"pid":6668,"thread":{"id":6376}},"error":{},"record_id":585},"event":{"kind":"event","provider":"Microsoft-Windows-Sysmon","created":"2026-04-15T13:13:46.683Z","code":"13"}}
{"@timestamp":"2026-04-15T08:53:18.825Z","@metadata":{"beat":"winlogbeat","type":"_doc","version":"9.3.3"},"winlog":{"record_id":586,"provider_guid":"{5770385F-C22A-43E0-BF4C-06F5698FFBD9}","user":{"domain":"NT AUTHORITY","name":"SYSTEM","type":"Well Known Group","identifier":"S-1-5-18"},"event_data":{"RuleName":"-","ProcessId":"9040","FileVersion":"10.0.17763.1 (WinBuild.160101.0800)","Description":"Notepad","Company":"Microsoft Corporation","OriginalFileName":"NOTEPAD.EXE","Image":"C:\\Windows\\System32\\notepad.exe","Product":"Microsoft® Windows® Operating System","IntegrityLevel":"High","ParentProcessId":"7324","ParentImage":"C:\\ProgramData\\ClearWater_x64.exe","ParentUser":"DESKTOP-H6FBQ5J\\windows","LogonId":"0x12b19","CommandLine":"notepad.exe \"C:\\Users\\windows\\Desktop\\CLEARWATER_README.txt\"","CurrentDirectory":"C:\\ProgramData\\","User":"DESKTOP-H6FBQ5J\\windows","LogonGuid":"{8F7AB6F6-4E83-69DF-192B-010000000000}","ProcessGuid":"{8F7AB6F6-51FE-69DF-D801-000000000500}","TerminalSessionId":"1","Hashes":"MD5=782877B30735ABD1EAE241F13145F664,SHA256=E46B3CA5A0EBB4A6979F852F50E22BD08C9F2D0206CC04383978BE0172AC88EE,IMPHASH=C8922BE3DCDFEB5994C9EEE7745DC22E","ParentCommandLine":"\"C:\\ProgramData\\ClearWater_x64.exe\" ","UtcTime":"2026-04-15 08:53:18.813","ParentProcessGuid":"{8F7AB6F6-51EF-69DF-B301-000000000500}"},"process":{"pid":6668,"thread":{"id":6376}},"error":{},"opcode":"Info","event_id":"1","computer_name":"DESKTOP-H6FBQ5J","version":5,"channel":"Microsoft-Windows-Sysmon/Operational","provider_name":"Microsoft-Windows-Sysmon"},"event":{"created":"2026-04-15T13:13:46.683Z","code":"1","kind":"event","provider":"Microsoft-Windows-Sysmon"},"log":{"level":"information","file":{"path":"C:\\Users\\ivysa\\Downloads\\winlogbeat-9.3.3-windows-x86_64\\winlogbeat-9.3.3-windows-x86_64\\symon.evtx"}},"error":{"message":"failed to get the event message string: failed in EvtFormatMessage: The message resource is present but the message was not found in the message table."},"host":{"name":"DESKTOP-H6FBQ5J"},"ecs":{"version":"8.0.0"},"agent":{"name":"DESKTOP-IKR997B","type":"winlogbeat","version":"9.3.3","ephemeral_id":"f8d845b8-8ac1-43f8-9a65-a6e7c2082e2f","id":"0ae603cf-457e-4a6f-bbde-51c28f1a031e"}}
{"@timestamp":"2026-04-15T08:53:21.620Z","@metadata":{"beat":"winlogbeat","type":"_doc","version":"9.3.3"},"log":{"level":"information","file":{"path":"C:\\Users\\ivysa\\Downloads\\winlogbeat-9.3.3-windows-x86_64\\winlogbeat-9.3.3-windows-x86_64\\symon.evtx"}},"error":{"message":"failed to get the event message string: failed in EvtFormatMessage: The message resource is present but the message was not found in the message table."},"host":{"name":"DESKTOP-H6FBQ5J"},"winlog":{"error":{},"event_id":"11","provider_name":"Microsoft-Windows-Sysmon","record_id":587,"provider_guid":"{5770385F-C22A-43E0-BF4C-06F5698FFBD9}","opcode":"Info","version":2,"computer_name":"DESKTOP-H6FBQ5J","event_data":{"CreationUtcTime":"2026-04-15 08:53:21.615","User":"DESKTOP-H6FBQ5J\\windows","RuleName":"-","UtcTime":"2026-04-15 08:53:21.615","ProcessGuid":"{8F7AB6F6-51EF-69DF-B201-000000000500}","ProcessId":"1848","Image":"C:\\Users\\windows\\Downloads\\00202340108c101d59bbfb3daa4bbd6b4436c167e3c9734c07bfbdcb1402f746.exe","TargetFilename":"C:\\Users\\windows\\AppData\\Local\\Temp\\7ZSfx000.cmd"},"process":{"thread":{"id":6376},"pid":6668},"channel":"Microsoft-Windows-Sysmon/Operational","user":{"identifier":"S-1-5-18","domain":"NT AUTHORITY","name":"SYSTEM","type":"Well Known Group"}},"event":{"created":"2026-04-15T13:13:46.683Z","code":"11","kind":"event","provider":"Microsoft-Windows-Sysmon"},"agent":{"ephemeral_id":"f8d845b8-8ac1-43f8-9a65-a6e7c2082e2f","id":"0ae603cf-457e-4a6f-bbde-51c28f1a031e","name":"DESKTOP-IKR997B","type":"winlogbeat","version":"9.3.3"},"ecs":{"version":"8.0.0"}}
{"@timestamp":"2026-04-15T08:53:21.655Z","@metadata":{"beat":"winlogbeat","type":"_doc","version":"9.3.3"},"event":{"kind":"event","provider":"Microsoft-Windows-Sysmon","created":"2026-04-15T13:13:46.683Z","code":"1"},"log":{"file":{"path":"C:\\Users\\ivysa\\Downloads\\winlogbeat-9.3.3-windows-x86_64\\winlogbeat-9.3.3-windows-x86_64\\symon.evtx"},"level":"information"},"error":{"message":"failed to get the event message string: failed in EvtFormatMessage: The message resource is present but the message was not found in the message table."},"ecs":{"version":"8.0.0"},"agent":{"ephemeral_id":"f8d845b8-8ac1-43f8-9a65-a6e7c2082e2f","id":"0ae603cf-457e-4a6f-bbde-51c28f1a031e","name":"DESKTOP-IKR997B","type":"winlogbeat","version":"9.3.3"},"host":{"name":"DESKTOP-H6FBQ5J"},"winlog":{"event_data":{"ParentUser":"DESKTOP-H6FBQ5J\\windows","RuleName":"-","IntegrityLevel":"High","FileVersion":"10.0.17763.1 (WinBuild.160101.0800)","CurrentDirectory":"C:\\Users\\windows\\Downloads\\","TerminalSessionId":"1","LogonGuid":"{8F7AB6F6-4E83-69DF-192B-010000000000}","Hashes":"MD5=0D088F5BCFA8F086FBA163647CD80CAB,SHA256=9023F8AAEDA4A1DA45AC477A81B5BBE4128E413F19A0ABFA3715465AD66ED5CD,IMPHASH=272245E2988E1E430500B852C4FB5E18","ParentProcessId":"1848","ParentImage":"C:\\Users\\windows\\Downloads\\00202340108c101d59bbfb3daa4bbd6b4436c167e3c9734c07bfbdcb1402f746.exe","User":"DESKTOP-H6FBQ5J\\windows","OriginalFileName":"Cmd.Exe","Company":"Microsoft Corporation","CommandLine":"C:\\Windows\\system32\\cmd.exe /c \"\"C:\\Users\\windows\\AppData\\Local\\Temp\\7ZSfx000.cmd\" \"","UtcTime":"2026-04-15 08:53:21.648","ProcessGuid":"{8F7AB6F6-5201-69DF-D901-000000000500}","Description":"Windows Command Processor","Product":"Microsoft® Windows® Operating System","ParentProcessGuid":"{8F7AB6F6-51EF-69DF-B201-000000000500}","ParentCommandLine":"\"C:\\Users\\windows\\Downloads\\00202340108c101d59bbfb3daa4bbd6b4436c167e3c9734c07bfbdcb1402f746.exe\" -sfxelevation ","Image":"C:\\Windows\\System32\\cmd.exe","ProcessId":"8476","LogonId":"0x12b19"},"error":{},"provider_name":"Microsoft-Windows-Sysmon","record_id":588,"user":{"identifier":"S-1-5-18","domain":"NT AUTHORITY","name":"SYSTEM","type":"Well Known Group"},"process":{"pid":6668,"thread":{"id":6376}},"event_id":"1","computer_name":"DESKTOP-H6FBQ5J","opcode":"Info","provider_guid":"{5770385F-C22A-43E0-BF4C-06F5698FFBD9}","version":5,"channel":"Microsoft-Windows-Sysmon/Operational"}}
{"@timestamp":"2026-04-15T08:53:21.675Z","@metadata":{"beat":"winlogbeat","type":"_doc","version":"9.3.3"},"host":{"name":"DESKTOP-H6FBQ5J"},"ecs":{"version":"8.0.0"},"agent":{"ephemeral_id":"f8d845b8-8ac1-43f8-9a65-a6e7c2082e2f","id":"0ae603cf-457e-4a6f-bbde-51c28f1a031e","name":"DESKTOP-IKR997B","type":"winlogbeat","version":"9.3.3"},"winlog":{"user":{"name":"SYSTEM","type":"Well Known Group","identifier":"S-1-5-18","domain":"NT AUTHORITY"},"process":{"pid":6668,"thread":{"id":6376}},"provider_name":"Microsoft-Windows-Sysmon","computer_name":"DESKTOP-H6FBQ5J","provider_guid":"{5770385F-C22A-43E0-BF4C-06F5698FFBD9}","version":3,"event_data":{"RuleName":"-","UtcTime":"2026-04-15 08:53:21.662","ProcessGuid":"{8F7AB6F6-51EF-69DF-B201-000000000500}","ProcessId":"1848","Image":"C:\\Users\\windows\\Downloads\\00202340108c101d59bbfb3daa4bbd6b4436c167e3c9734c07bfbdcb1402f746.exe","User":"DESKTOP-H6FBQ5J\\windows"},"channel":"Microsoft-Windows-Sysmon/Operational","record_id":589,"error":{},"event_id":"5","opcode":"Info"},"event":{"created":"2026-04-15T13:13:46.683Z","code":"5","kind":"event","provider":"Microsoft-Windows-Sysmon"},"log":{"level":"information","file":{"path":"C:\\Users\\ivysa\\Downloads\\winlogbeat-9.3.3-windows-x86_64\\winlogbeat-9.3.3-windows-x86_64\\symon.evtx"}},"error":{"message":"failed to get the event message string: failed in EvtFormatMessage: The message resource is present but the message was not found in the message table."}}
{"@timestamp":"2026-04-15T08:53:21.701Z","@metadata":{"beat":"winlogbeat","type":"_doc","version":"9.3.3"},"host":{"name":"DESKTOP-H6FBQ5J"},"winlog":{"computer_name":"DESKTOP-H6FBQ5J","opcode":"Info","provider_guid":"{5770385F-C22A-43E0-BF4C-06F5698FFBD9}","event_data":{"User":"DESKTOP-H6FBQ5J\\windows","RuleName":"-","UtcTime":"2026-04-15 08:53:21.693","ProcessGuid":"{8F7AB6F6-51EB-69DF-AE01-000000000500}","ProcessId":"6152","Image":"C:\\Users\\windows\\Downloads\\00202340108c101d59bbfb3daa4bbd6b4436c167e3c9734c07bfbdcb1402f746.exe"},"channel":"Microsoft-Windows-Sysmon/Operational","event_id":"5","provider_name":"Microsoft-Windows-Sysmon","user":{"name":"SYSTEM","type":"Well Known Group","identifier":"S-1-5-18","domain":"NT AUTHORITY"},"process":{"pid":6668,"thread":{"id":6376}},"version":3,"error":{},"record_id":590},"ecs":{"version":"8.0.0"},"agent":{"version":"9.3.3","ephemeral_id":"f8d845b8-8ac1-43f8-9a65-a6e7c2082e2f","id":"0ae603cf-457e-4a6f-bbde-51c28f1a031e","name":"DESKTOP-IKR997B","type":"winlogbeat"},"event":{"created":"2026-04-15T13:13:46.683Z","code":"5","kind":"event","provider":"Microsoft-Windows-Sysmon"},"log":{"level":"information","file":{"path":"C:\\Users\\ivysa\\Downloads\\winlogbeat-9.3.3-windows-x86_64\\winlogbeat-9.3.3-windows-x86_64\\symon.evtx"}},"error":{"message":"failed to get the event message string: failed in EvtFormatMessage: The message resource is present but the message was not found in the message table."}}
{"@timestamp":"2026-04-15T08:53:22.299Z","@metadata":{"beat":"winlogbeat","type":"_doc","version":"9.3.3"},"log":{"level":"information","file":{"path":"C:\\Users\\ivysa\\Downloads\\winlogbeat-9.3.3-windows-x86_64\\winlogbeat-9.3.3-windows-x86_64\\symon.evtx"}},"ecs":{"version":"8.0.0"},"agent":{"ephemeral_id":"f8d845b8-8ac1-43f8-9a65-a6e7c2082e2f","id":"0ae603cf-457e-4a6f-bbde-51c28f1a031e","name":"DESKTOP-IKR997B","type":"winlogbeat","version":"9.3.3"},"error":{"message":"failed to get the event message string: failed in EvtFormatMessage: The message resource is present but the message was not found in the message table."},"host":{"name":"DESKTOP-H6FBQ5J"},"winlog":{"event_id":"11","computer_name":"DESKTOP-H6FBQ5J","version":2,"user":{"identifier":"S-1-5-18","domain":"NT AUTHORITY","name":"SYSTEM","type":"Well Known Group"},"record_id":591,"opcode":"Info","provider_guid":"{5770385F-C22A-43E0-BF4C-06F5698FFBD9}","process":{"pid":6668,"thread":{"id":6376}},"event_data":{"User":"DESKTOP-H6FBQ5J\\windows","RuleName":"-","UtcTime":"2026-04-15 08:53:22.240","ProcessGuid":"{8F7AB6F6-4EAB-69DF-B500-000000000500}","ProcessId":"7748","Image":"C:\\Program Files\\Google\\Chrome\\Application\\chrome.exe","TargetFilename":"C:\\Users\\windows\\AppData\\Local\\Google\\Chrome\\User Data\\Crashpad\\reports\\df16907f-0142-44b5-acd5-d5c13ac6b5ae.dmp","CreationUtcTime":"2026-04-15 08:53:22.225"},"error":{},"channel":"Microsoft-Windows-Sysmon/Operational","provider_name":"Microsoft-Windows-Sysmon"},"event":{"created":"2026-04-15T13:13:46.683Z","code":"11","kind":"event","provider":"Microsoft-Windows-Sysmon"}}
{"@timestamp":"2026-04-15T08:53:23.725Z","@metadata":{"beat":"winlogbeat","type":"_doc","version":"9.3.3"},"log":{"level":"information","file":{"path":"C:\\Users\\ivysa\\Downloads\\winlogbeat-9.3.3-windows-x86_64\\winlogbeat-9.3.3-windows-x86_64\\symon.evtx"}},"error":{"message":"failed to get the event message string: failed in EvtFormatMessage: The message resource is present but the message was not found in the message table."},"ecs":{"version":"8.0.0"},"agent":{"name":"DESKTOP-IKR997B","type":"winlogbeat","version":"9.3.3","ephemeral_id":"f8d845b8-8ac1-43f8-9a65-a6e7c2082e2f","id":"0ae603cf-457e-4a6f-bbde-51c28f1a031e"},"host":{"name":"DESKTOP-H6FBQ5J"},"winlog":{"channel":"Microsoft-Windows-Sysmon/Operational","event_id":"13","version":2,"event_data":{"RuleName":"InvDB","EventType":"SetValue","Image":"C:\\Windows\\system32\\svchost.exe","Details":"Binary Data","ProcessGuid":"{8F7AB6F6-4E8A-69DF-6800-000000000500}","UtcTime":"2026-04-15 08:53:23.724","ProcessId":"3976","TargetObject":"HKU\\S-1-5-21-3775872478-390322037-581647961-1001\\Software\\Microsoft\\Windows NT\\CurrentVersion\\AppCompatFlags\\Compatibility Assistant\\Store\\C:\\Users\\windows\\Downloads\\00202340108c101d59bbfb3daa4bbd6b4436c167e3c9734c07bfbdcb1402f746.exe","User":"NT AUTHORITY\\SYSTEM"},"error":{},"provider_name":"Microsoft-Windows-Sysmon","opcode":"Info","record_id":592,"computer_name":"DESKTOP-H6FBQ5J","provider_guid":"{5770385F-C22A-43E0-BF4C-06F5698FFBD9}","user":{"name":"SYSTEM","type":"Well Known Group","identifier":"S-1-5-18","domain":"NT AUTHORITY"},"process":{"pid":6668,"thread":{"id":6376}}},"event":{"code":"13","kind":"event","provider":"Microsoft-Windows-Sysmon","created":"2026-04-15T13:13:46.683Z"}}
{"@timestamp":"2026-04-15T08:53:29.671Z","@metadata":{"beat":"winlogbeat","type":"_doc","version":"9.3.3"},"event":{"provider":"Microsoft-Windows-Sysmon","created":"2026-04-15T13:13:46.683Z","code":"1","kind":"event"},"log":{"level":"information","file":{"path":"C:\\Users\\ivysa\\Downloads\\winlogbeat-9.3.3-windows-x86_64\\winlogbeat-9.3.3-windows-x86_64\\symon.evtx"}},"error":{"message":"failed to get the event message string: failed in EvtFormatMessage: The message resource is present but the message was not found in the message table."},"host":{"name":"DESKTOP-H6FBQ5J"},"ecs":{"version":"8.0.0"},"agent":{"ephemeral_id":"f8d845b8-8ac1-43f8-9a65-a6e7c2082e2f","id":"0ae603cf-457e-4a6f-bbde-51c28f1a031e","name":"DESKTOP-IKR997B","type":"winlogbeat","version":"9.3.3"},"winlog":{"provider_guid":"{5770385F-C22A-43E0-BF4C-06F5698FFBD9}","channel":"Microsoft-Windows-Sysmon/Operational","user":{"domain":"NT AUTHORITY","name":"SYSTEM","type":"Well Known Group","identifier":"S-1-5-18"},"event_data":{"ParentProcessGuid":"{8F7AB6F6-4E82-69DF-1B00-000000000500}","RuleName":"-","CommandLine":"taskhostw.exe Install $(Arg0)","LogonGuid":"{8F7AB6F6-4E83-69DF-582B-010000000000}","Company":"Microsoft Corporation","ParentUser":"NT AUTHORITY\\SYSTEM","OriginalFileName":"taskhostw.exe","Hashes":"MD5=F225F37717C8D714B56CF21C7C1E9C34,SHA256=E272D0E33299BCA60479683EAE0D9B5D880293C01B337D5759FEE812EA631A39,IMPHASH=9839C7FD9649496B162F72128209528A","ParentImage":"C:\\Windows\\System32\\svchost.exe","ProcessGuid":"{8F7AB6F6-5209-69DF-DD01-000000000500}","User":"DESKTOP-H6FBQ5J\\windows","LogonId":"0x12b58","TerminalSessionId":"1","Image":"C:\\Windows\\System32\\taskhostw.exe","UtcTime":"2026-04-15 08:53:29.666","IntegrityLevel":"Medium","ProcessId":"6188","ParentProcessId":"420","ParentCommandLine":"C:\\Windows\\system32\\svchost.exe -k netsvcs -p -s Schedule","Description":"Host Process for Windows Tasks","CurrentDirectory":"C:\\Windows\\system32\\","FileVersion":"10.0.17763.1 (WinBuild.160101.0800)","Product":"Microsoft® Windows® Operating System"},"error":{},"provider_name":"Microsoft-Windows-Sysmon","computer_name":"DESKTOP-H6FBQ5J","opcode":"Info","version":5,"process":{"pid":6668,"thread":{"id":6376}},"event_id":"1","record_id":593}}
{"@timestamp":"2026-04-15T08:53:29.673Z","@metadata":{"beat":"winlogbeat","type":"_doc","version":"9.3.3"},"ecs":{"version":"8.0.0"},"agent":{"ephemeral_id":"f8d845b8-8ac1-43f8-9a65-a6e7c2082e2f","id":"0ae603cf-457e-4a6f-bbde-51c28f1a031e","name":"DESKTOP-IKR997B","type":"winlogbeat","version":"9.3.3"},"winlog":{"error":{},"channel":"Microsoft-Windows-Sysmon/Operational","event_id":"1","computer_name":"DESKTOP-H6FBQ5J","version":5,"user":{"name":"SYSTEM","type":"Well Known Group","identifier":"S-1-5-18","domain":"NT AUTHORITY"},"process":{"pid":6668,"thread":{"id":6376}},"provider_name":"Microsoft-Windows-Sysmon","record_id":594,"opcode":"Info","provider_guid":"{5770385F-C22A-43E0-BF4C-06F5698FFBD9}","event_data":{"ParentCommandLine":"C:\\Windows\\system32\\svchost.exe -k netsvcs -p -s Schedule","ProcessId":"7596","RuleName":"-","Description":"Host Process for Windows Tasks","ProcessGuid":"{8F7AB6F6-5209-69DF-DE01-000000000500}","TerminalSessionId":"0","IntegrityLevel":"System","Image":"C:\\Windows\\System32\\taskhostw.exe","Company":"Microsoft Corporation","Hashes":"MD5=F225F37717C8D714B56CF21C7C1E9C34,SHA256=E272D0E33299BCA60479683EAE0D9B5D880293C01B337D5759FEE812EA631A39,IMPHASH=9839C7FD9649496B162F72128209528A","OriginalFileName":"taskhostw.exe","UtcTime":"2026-04-15 08:53:29.670","FileVersion":"10.0.17763.1 (WinBuild.160101.0800)","ParentImage":"C:\\Windows\\System32\\svchost.exe","CommandLine":"taskhostw.exe","ParentProcessGuid":"{8F7AB6F6-4E82-69DF-1B00-000000000500}","CurrentDirectory":"C:\\Windows\\system32\\","User":"NT AUTHORITY\\SYSTEM","Product":"Microsoft® Windows® Operating System","LogonId":"0x3e7","ParentProcessId":"420","LogonGuid":"{8F7AB6F6-4E81-69DF-E703-000000000000}","ParentUser":"NT AUTHORITY\\SYSTEM"}},"event":{"kind":"event","provider":"Microsoft-Windows-Sysmon","created":"2026-04-15T13:13:46.683Z","code":"1"},"log":{"level":"information","file":{"path":"C:\\Users\\ivysa\\Downloads\\winlogbeat-9.3.3-windows-x86_64\\winlogbeat-9.3.3-windows-x86_64\\symon.evtx"}},"error":{"message":"failed to get the event message string: failed in EvtFormatMessage: The message resource is present but the message was not found in the message table."},"host":{"name":"DESKTOP-H6FBQ5J"}}
{"@timestamp":"2026-04-15T08:53:29.732Z","@metadata":{"beat":"winlogbeat","type":"_doc","version":"9.3.3"},"event":{"created":"2026-04-15T13:13:46.683Z","code":"1","kind":"event","provider":"Microsoft-Windows-Sysmon"},"log":{"level":"information","file":{"path":"C:\\Users\\ivysa\\Downloads\\winlogbeat-9.3.3-windows-x86_64\\winlogbeat-9.3.3-windows-x86_64\\symon.evtx"}},"error":{"message":"failed to get the event message string: failed in EvtFormatMessage: The message resource is present but the message was not found in the message table."},"agent":{"type":"winlogbeat","version":"9.3.3","ephemeral_id":"f8d845b8-8ac1-43f8-9a65-a6e7c2082e2f","id":"0ae603cf-457e-4a6f-bbde-51c28f1a031e","name":"DESKTOP-IKR997B"},"ecs":{"version":"8.0.0"},"host":{"name":"DESKTOP-H6FBQ5J"},"winlog":{"version":5,"user":{"identifier":"S-1-5-18","domain":"NT AUTHORITY","name":"SYSTEM","type":"Well Known Group"},"process":{"pid":6668,"thread":{"id":6376}},"channel":"Microsoft-Windows-Sysmon/Operational","computer_name":"DESKTOP-H6FBQ5J","provider_guid":"{5770385F-C22A-43E0-BF4C-06F5698FFBD9}","event_data":{"ParentImage":"C:\\Windows\\System32\\services.exe","Product":"Microsoft® Windows® Operating System","ParentProcessGuid":"{8F7AB6F6-4E81-69DF-0B00-000000000500}","Image":"C:\\Windows\\servicing\\TrustedInstaller.exe","FileVersion":"10.0.17763.1 (WinBuild.160101.0800)","Company":"Microsoft Corporation","CurrentDirectory":"C:\\Windows\\system32\\","LogonGuid":"{8F7AB6F6-4E81-69DF-E703-000000000000}","ProcessId":"5392","ParentProcessId":"548","IntegrityLevel":"System","ProcessGuid":"{8F7AB6F6-5209-69DF-DF01-000000000500}","OriginalFileName":"TrustedInstaller.exe","Hashes":"MD5=59D38A41008A7A229273D8AF693ADBAC,SHA256=8E0D841929ECD6E1223205E0163E1F5B4938973F7BD743A6094A84C3D4DB9F56,IMPHASH=5A5A505BA4F93DA92EB564DA19258843","RuleName":"-","CommandLine":"C:\\Windows\\servicing\\TrustedInstaller.exe","LogonId":"0x3e7","ParentCommandLine":"C:\\Windows\\system32\\services.exe","Description":"Windows Modules Installer","User":"NT AUTHORITY\\SYSTEM","UtcTime":"2026-04-15 08:53:29.727","TerminalSessionId":"0","ParentUser":"NT AUTHORITY\\SYSTEM"},"error":{},"event_id":"1","provider_name":"Microsoft-Windows-Sysmon","record_id":595,"opcode":"Info"}}
{"@timestamp":"2026-04-15T08:53:29.792Z","@metadata":{"beat":"winlogbeat","type":"_doc","version":"9.3.3"},"log":{"level":"information","file":{"path":"C:\\Users\\ivysa\\Downloads\\winlogbeat-9.3.3-windows-x86_64\\winlogbeat-9.3.3-windows-x86_64\\symon.evtx"}},"error":{"message":"failed to get the event message string: failed in EvtFormatMessage: The message resource is present but the message was not found in the message table."},"host":{"name":"DESKTOP-H6FBQ5J"},"ecs":{"version":"8.0.0"},"agent":{"ephemeral_id":"f8d845b8-8ac1-43f8-9a65-a6e7c2082e2f","id":"0ae603cf-457e-4a6f-bbde-51c28f1a031e","name":"DESKTOP-IKR997B","type":"winlogbeat","version":"9.3.3"},"winlog":{"user":{"identifier":"S-1-5-18","domain":"NT AUTHORITY","name":"SYSTEM","type":"Well Known Group"},"event_id":"1","event_data":{"Company":"Microsoft Corporation","CommandLine":"C:\\Windows\\winsxs\\amd64_microsoft-windows-servicingstack_31bf3856ad364e35_10.0.17763.1_none_fa254b2e1f73e660\\TiWorker.exe -Embedding","TerminalSessionId":"0","ParentProcessGuid":"{8F7AB6F6-4E81-69DF-1000-000000000500}","UtcTime":"2026-04-15 08:53:29.784","ParentImage":"C:\\Windows\\System32\\svchost.exe","ParentCommandLine":"C:\\Windows\\system32\\svchost.exe -k DcomLaunch -p","ParentUser":"NT AUTHORITY\\SYSTEM","Description":"Windows Modules Installer Worker","LogonGuid":"{8F7AB6F6-4E81-69DF-E703-000000000000}","ParentProcessId":"720","Image":"C:\\Windows\\WinSxS\\amd64_microsoft-windows-servicingstack_31bf3856ad364e35_10.0.17763.1_none_fa254b2e1f73e660\\TiWorker.exe","LogonId":"0x3e7","OriginalFileName":"TiWorker.exe","IntegrityLevel":"System","Product":"Microsoft® Windows® Operating System","RuleName":"-","CurrentDirectory":"C:\\Windows\\system32\\","FileVersion":"10.0.17763.1 (WinBuild.160101.0800)","User":"NT AUTHORITY\\SYSTEM","Hashes":"MD5=A925D158B68DA0F861F8738D827E6317,SHA256=138435960F0717184F933AED18CB27773A6ACB4F6028C14A7381EFBD343185BA,IMPHASH=B045F8044A45DF3E16BBE244FE078DAA","ProcessGuid":"{8F7AB6F6-5209-69DF-E001-000000000500}","ProcessId":"5336"},"channel":"Microsoft-Windows-Sysmon/Operational","opcode":"Info","provider_guid":"{5770385F-C22A-43E0-BF4C-06F5698FFBD9}","record_id":596,"version":5,"process":{"pid":6668,"thread":{"id":6376}},"error":{},"provider_name":"Microsoft-Windows-Sysmon","computer_name":"DESKTOP-H6FBQ5J"},"event":{"provider":"Microsoft-Windows-Sysmon","created":"2026-04-15T13:13:46.683Z","code":"1","kind":"event"}}
{"@timestamp":"2026-04-15T08:53:30.691Z","@metadata":{"beat":"winlogbeat","type":"_doc","version":"9.3.3"},"log":{"file":{"path":"C:\\Users\\ivysa\\Downloads\\winlogbeat-9.3.3-windows-x86_64\\winlogbeat-9.3.3-windows-x86_64\\symon.evtx"},"level":"information"},"error":{"message":"failed to get the event message string: failed in EvtFormatMessage: The message resource is present but the message was not found in the message table."},"host":{"name":"DESKTOP-H6FBQ5J"},"ecs":{"version":"8.0.0"},"agent":{"id":"0ae603cf-457e-4a6f-bbde-51c28f1a031e","name":"DESKTOP-IKR997B","type":"winlogbeat","version":"9.3.3","ephemeral_id":"f8d845b8-8ac1-43f8-9a65-a6e7c2082e2f"},"winlog":{"channel":"Microsoft-Windows-Sysmon/Operational","event_id":"1","opcode":"Info","provider_guid":"{5770385F-C22A-43E0-BF4C-06F5698FFBD9}","version":5,"provider_name":"Microsoft-Windows-Sysmon","error":{},"record_id":597,"computer_name":"DESKTOP-H6FBQ5J","user":{"identifier":"S-1-5-18","domain":"NT AUTHORITY","name":"SYSTEM","type":"Well Known Group"},"event_data":{"CommandLine":"C:\\Windows\\System32\\svchost.exe -k netsvcs -p","Hashes":"MD5=8A0A29438052FAED8A2532DA50455756,SHA256=7FD065BAC18C5278777AE44908101CDFED72D26FA741367F0AD4D02020787AB6,IMPHASH=247B9220E5D9B720A82B2C8B5069AD69","ParentCommandLine":"C:\\Windows\\system32\\services.exe","Company":"Microsoft Corporation","LogonId":"0x3e7","ProcessId":"3968","Description":"Host Process for Windows Services","OriginalFileName":"svchost.exe","LogonGuid":"{8F7AB6F6-4E81-69DF-E703-000000000000}","ProcessGuid":"{8F7AB6F6-520A-69DF-E101-000000000500}","FileVersion":"10.0.17763.1 (WinBuild.160101.0800)","Product":"Microsoft® Windows® Operating System","RuleName":"-","IntegrityLevel":"System","ParentUser":"NT AUTHORITY\\SYSTEM","TerminalSessionId":"0","CurrentDirectory":"C:\\Windows\\system32\\","Image":"C:\\Windows\\System32\\svchost.exe","ParentProcessGuid":"{8F7AB6F6-4E81-69DF-0B00-000000000500}","ParentImage":"C:\\Windows\\System32\\services.exe","UtcTime":"2026-04-15 08:53:30.683","User":"NT AUTHORITY\\SYSTEM","ParentProcessId":"548"},"process":{"pid":6668,"thread":{"id":6376}}},"event":{"provider":"Microsoft-Windows-Sysmon","created":"2026-04-15T13:13:46.683Z","code":"1","kind":"event"}}
{"@timestamp":"2026-04-15T08:53:51.704Z","@metadata":{"beat":"winlogbeat","type":"_doc","version":"9.3.3"},"winlog":{"channel":"Microsoft-Windows-Sysmon/Operational","opcode":"Info","event_data":{"RuleName":"-","UtcTime":"2026-04-15 08:53:51.646","ProcessGuid":"{8F7AB6F6-4EAB-69DF-B500-000000000500}","ProcessId":"7748","Image":"C:\\Program Files\\Google\\Chrome\\Application\\chrome.exe","TargetFilename":"C:\\Users\\windows\\AppData\\Local\\Google\\Chrome\\User Data\\Crashpad\\reports\\6792b30d-f19d-4820-b3ad-ecff318ce7ae.dmp","CreationUtcTime":"2026-04-15 08:53:51.646","User":"DESKTOP-H6FBQ5J\\windows"},"process":{"pid":6668,"thread":{"id":6376}},"error":{},"provider_name":"Microsoft-Windows-Sysmon","record_id":598,"computer_name":"DESKTOP-H6FBQ5J","version":2,"user":{"identifier":"S-1-5-18","domain":"NT AUTHORITY","name":"SYSTEM","type":"Well Known Group"},"event_id":"11","provider_guid":"{5770385F-C22A-43E0-BF4C-06F5698FFBD9}"},"event":{"provider":"Microsoft-Windows-Sysmon","created":"2026-04-15T13:13:46.683Z","code":"11","kind":"event"},"log":{"level":"information","file":{"path":"C:\\Users\\ivysa\\Downloads\\winlogbeat-9.3.3-windows-x86_64\\winlogbeat-9.3.3-windows-x86_64\\symon.evtx"}},"error":{"message":"failed to get the event message string: failed in EvtFormatMessage: The message resource is present but the message was not found in the message table."},"host":{"name":"DESKTOP-H6FBQ5J"},"ecs":{"version":"8.0.0"},"agent":{"version":"9.3.3","ephemeral_id":"f8d845b8-8ac1-43f8-9a65-a6e7c2082e2f","id":"0ae603cf-457e-4a6f-bbde-51c28f1a031e","name":"DESKTOP-IKR997B","type":"winlogbeat"}}
{"@timestamp":"2026-04-15T08:54:09.288Z","@metadata":{"beat":"winlogbeat","type":"_doc","version":"9.3.3"},"error":{"message":"failed to get the event message string: failed in EvtFormatMessage: The message resource is present but the message was not found in the message table."},"host":{"name":"DESKTOP-H6FBQ5J"},"winlog":{"provider_name":"Microsoft-Windows-Sysmon","record_id":599,"computer_name":"DESKTOP-H6FBQ5J","provider_guid":"{5770385F-C22A-43E0-BF4C-06F5698FFBD9}","version":2,"channel":"Microsoft-Windows-Sysmon/Operational","opcode":"Info","event_id":"11","user":{"identifier":"S-1-5-18","domain":"NT AUTHORITY","name":"SYSTEM","type":"Well Known Group"},"event_data":{"Image":"C:\\Program Files\\Google\\Chrome\\Application\\chrome.exe","TargetFilename":"C:\\Users\\windows\\AppData\\Local\\Google\\Chrome\\User Data\\Crashpad\\reports\\2e44a052-e4ad-4d94-a38c-16ba2de23c4e.dmp","CreationUtcTime":"2026-04-15 08:54:09.255","User":"DESKTOP-H6FBQ5J\\windows","RuleName":"-","UtcTime":"2026-04-15 08:54:09.255","ProcessGuid":"{8F7AB6F6-4EAB-69DF-B500-000000000500}","ProcessId":"7748"},"process":{"pid":6668,"thread":{"id":6376}},"error":{}},"event":{"kind":"event","provider":"Microsoft-Windows-Sysmon","created":"2026-04-15T13:13:46.683Z","code":"11"},"ecs":{"version":"8.0.0"},"agent":{"ephemeral_id":"f8d845b8-8ac1-43f8-9a65-a6e7c2082e2f","id":"0ae603cf-457e-4a6f-bbde-51c28f1a031e","name":"DESKTOP-IKR997B","type":"winlogbeat","version":"9.3.3"},"log":{"file":{"path":"C:\\Users\\ivysa\\Downloads\\winlogbeat-9.3.3-windows-x86_64\\winlogbeat-9.3.3-windows-x86_64\\symon.evtx"},"level":"information"}}
{"@timestamp":"2026-04-15T08:54:31.962Z","@metadata":{"beat":"winlogbeat","type":"_doc","version":"9.3.3"},"winlog":{"process":{"pid":6668,"thread":{"id":3820}},"event_id":"22","provider_name":"Microsoft-Windows-Sysmon","record_id":600,"opcode":"Info","computer_name":"DESKTOP-H6FBQ5J","provider_guid":"{5770385F-C22A-43E0-BF4C-06F5698FFBD9}","event_data":{"RuleName":"-","UtcTime":"2026-04-15 08:54:30.962","QueryName":"wpad","User":"NT AUTHORITY\\LOCAL SERVICE","ProcessId":"1976","QueryStatus":"9852","QueryResults":"-","ProcessGuid":"{8F7AB6F6-4E84-69DF-3400-000000000500}","Image":"C:\\Windows\\System32\\svchost.exe"},"error":{},"channel":"Microsoft-Windows-Sysmon/Operational","version":5,"user":{"identifier":"S-1-5-18","domain":"NT AUTHORITY","name":"SYSTEM","type":"Well Known Group"}},"event":{"kind":"event","provider":"Microsoft-Windows-Sysmon","created":"2026-04-15T13:13:46.683Z","code":"22"},"log":{"level":"information","file":{"path":"C:\\Users\\ivysa\\Downloads\\winlogbeat-9.3.3-windows-x86_64\\winlogbeat-9.3.3-windows-x86_64\\symon.evtx"}},"error":{"message":"failed to get the event message string: failed in EvtFormatMessage: The message resource is present but the message was not found in the message table."},"ecs":{"version":"8.0.0"},"agent":{"type":"winlogbeat","version":"9.3.3","ephemeral_id":"f8d845b8-8ac1-43f8-9a65-a6e7c2082e2f","id":"0ae603cf-457e-4a6f-bbde-51c28f1a031e","name":"DESKTOP-IKR997B"},"host":{"name":"DESKTOP-H6FBQ5J"}}
{"@timestamp":"2026-04-15T08:54:32.964Z","@metadata":{"beat":"winlogbeat","type":"_doc","version":"9.3.3"},"host":{"name":"DESKTOP-H6FBQ5J"},"ecs":{"version":"8.0.0"},"agent":{"ephemeral_id":"f8d845b8-8ac1-43f8-9a65-a6e7c2082e2f","id":"0ae603cf-457e-4a6f-bbde-51c28f1a031e","name":"DESKTOP-IKR997B","type":"winlogbeat","version":"9.3.3"},"winlog":{"provider_guid":"{5770385F-C22A-43E0-BF4C-06F5698FFBD9}","user":{"domain":"NT AUTHORITY","name":"SYSTEM","type":"Well Known Group","identifier":"S-1-5-18"},"error":{},"channel":"Microsoft-Windows-Sysmon/Operational","record_id":601,"event_data":{"QueryName":"dns.google","QueryResults":"-","User":"DESKTOP-H6FBQ5J\\windows","UtcTime":"2026-04-15 08:54:32.022","RuleName":"-","ProcessId":"8008","QueryStatus":"9852","Image":"C:\\Program Files\\Google\\Chrome\\Application\\chrome.exe","ProcessGuid":"{8F7AB6F6-4EAD-69DF-B700-000000000500}"},"event_id":"22","version":5,"process":{"thread":{"id":3820},"pid":6668},"provider_name":"Microsoft-Windows-Sysmon","opcode":"Info","computer_name":"DESKTOP-H6FBQ5J"},"event":{"created":"2026-04-15T13:13:46.683Z","code":"22","kind":"event","provider":"Microsoft-Windows-Sysmon"},"log":{"level":"information","file":{"path":"C:\\Users\\ivysa\\Downloads\\winlogbeat-9.3.3-windows-x86_64\\winlogbeat-9.3.3-windows-x86_64\\symon.evtx"}},"error":{"message":"failed to get the event message string: failed in EvtFormatMessage: The message resource is present but the message was not found in the message table."}}
{"@timestamp":"2026-04-15T08:54:32.964Z","@metadata":{"beat":"winlogbeat","type":"_doc","version":"9.3.3"},"log":{"file":{"path":"C:\\Users\\ivysa\\Downloads\\winlogbeat-9.3.3-windows-x86_64\\winlogbeat-9.3.3-windows-x86_64\\symon.evtx"},"level":"information"},"error":{"message":"failed to get the event message string: failed in EvtFormatMessage: The message resource is present but the message was not found in the message table."},"host":{"name":"DESKTOP-H6FBQ5J"},"winlog":{"user":{"identifier":"S-1-5-18","domain":"NT AUTHORITY","name":"SYSTEM","type":"Well Known Group"},"channel":"Microsoft-Windows-Sysmon/Operational","version":5,"provider_name":"Microsoft-Windows-Sysmon","record_id":602,"error":{},"computer_name":"DESKTOP-H6FBQ5J","opcode":"Info","provider_guid":"{5770385F-C22A-43E0-BF4C-06F5698FFBD9}","event_data":{"UtcTime":"2026-04-15 08:54:32.023","ProcessGuid":"{8F7AB6F6-4EAD-69DF-B700-000000000500}","QueryStatus":"9852","Image":"C:\\Program Files\\Google\\Chrome\\Application\\chrome.exe","User":"DESKTOP-H6FBQ5J\\windows","RuleName":"-","QueryName":"dns.google","QueryResults":"-","ProcessId":"8008"},"process":{"thread":{"id":3820},"pid":6668},"event_id":"22"},"event":{"kind":"event","provider":"Microsoft-Windows-Sysmon","created":"2026-04-15T13:13:46.683Z","code":"22"},"ecs":{"version":"8.0.0"},"agent":{"id":"0ae603cf-457e-4a6f-bbde-51c28f1a031e","name":"DESKTOP-IKR997B","type":"winlogbeat","version":"9.3.3","ephemeral_id":"f8d845b8-8ac1-43f8-9a65-a6e7c2082e2f"}}
{"@timestamp":"2026-04-15T08:54:33.974Z","@metadata":{"beat":"winlogbeat","type":"_doc","version":"9.3.3"},"host":{"name":"DESKTOP-H6FBQ5J"},"winlog":{"process":{"pid":6668,"thread":{"id":3820}},"event_id":"22","error":{},"channel":"Microsoft-Windows-Sysmon/Operational","version":5,"user":{"type":"Well Known Group","identifier":"S-1-5-18","domain":"NT AUTHORITY","name":"SYSTEM"},"computer_name":"DESKTOP-H6FBQ5J","opcode":"Info","provider_guid":"{5770385F-C22A-43E0-BF4C-06F5698FFBD9}","provider_name":"Microsoft-Windows-Sysmon","record_id":603,"event_data":{"UtcTime":"2026-04-15 08:54:33.017","QueryStatus":"9852","Image":"C:\\Program Files\\Google\\Chrome\\Application\\chrome.exe","QueryName":"wpad","RuleName":"-","ProcessGuid":"{8F7AB6F6-4EAD-69DF-B700-000000000500}","ProcessId":"8008","QueryResults":"-","User":"DESKTOP-H6FBQ5J\\windows"}},"event":{"created":"2026-04-15T13:13:46.684Z","code":"22","kind":"event","provider":"Microsoft-Windows-Sysmon"},"ecs":{"version":"8.0.0"},"agent":{"type":"winlogbeat","version":"9.3.3","ephemeral_id":"f8d845b8-8ac1-43f8-9a65-a6e7c2082e2f","id":"0ae603cf-457e-4a6f-bbde-51c28f1a031e","name":"DESKTOP-IKR997B"},"log":{"file":{"path":"C:\\Users\\ivysa\\Downloads\\winlogbeat-9.3.3-windows-x86_64\\winlogbeat-9.3.3-windows-x86_64\\symon.evtx"},"level":"information"},"error":{"message":"failed to get the event message string: failed in EvtFormatMessage: The message resource is present but the message was not found in the message table."}}
{"@timestamp":"2026-04-15T08:54:51.225Z","@metadata":{"beat":"winlogbeat","type":"_doc","version":"9.3.3"},"event":{"code":"13","kind":"event","provider":"Microsoft-Windows-Sysmon","created":"2026-04-15T13:13:46.684Z"},"log":{"level":"information","file":{"path":"C:\\Users\\ivysa\\Downloads\\winlogbeat-9.3.3-windows-x86_64\\winlogbeat-9.3.3-windows-x86_64\\symon.evtx"}},"error":{"message":"failed to get the event message string: failed in EvtFormatMessage: The message resource is present but the message was not found in the message table."},"host":{"name":"DESKTOP-H6FBQ5J"},"agent":{"ephemeral_id":"f8d845b8-8ac1-43f8-9a65-a6e7c2082e2f","id":"0ae603cf-457e-4a6f-bbde-51c28f1a031e","name":"DESKTOP-IKR997B","type":"winlogbeat","version":"9.3.3"},"ecs":{"version":"8.0.0"},"winlog":{"provider_guid":"{5770385F-C22A-43E0-BF4C-06F5698FFBD9}","user":{"domain":"NT AUTHORITY","name":"SYSTEM","type":"Well Known Group","identifier":"S-1-5-18"},"event_data":{"ProcessId":"3976","TargetObject":"HKU\\S-1-5-21-3775872478-390322037-581647961-1001\\Software\\Microsoft\\Windows NT\\CurrentVersion\\AppCompatFlags\\Compatibility Assistant\\Store\\C:\\Program Files\\Bandizip\\Bandizip.exe","User":"NT AUTHORITY\\SYSTEM","RuleName":"InvDB","UtcTime":"2026-04-15 08:54:51.224","Image":"C:\\Windows\\system32\\svchost.exe","Details":"Binary Data","ProcessGuid":"{8F7AB6F6-4E8A-69DF-6800-000000000500}","EventType":"SetValue"},"channel":"Microsoft-Windows-Sysmon/Operational","record_id":604,"process":{"thread":{"id":6376},"pid":6668},"event_id":"13","computer_name":"DESKTOP-H6FBQ5J","version":2,"provider_name":"Microsoft-Windows-Sysmon","error":{},"opcode":"Info"}}
{"@timestamp":"2026-04-15T08:55:03.201Z","@metadata":{"beat":"winlogbeat","type":"_doc","version":"9.3.3"},"error":{"message":"failed to get the event message string: failed in EvtFormatMessage: The message resource is present but the message was not found in the message table."},"host":{"name":"DESKTOP-H6FBQ5J"},"ecs":{"version":"8.0.0"},"agent":{"ephemeral_id":"f8d845b8-8ac1-43f8-9a65-a6e7c2082e2f","id":"0ae603cf-457e-4a6f-bbde-51c28f1a031e","name":"DESKTOP-IKR997B","type":"winlogbeat","version":"9.3.3"},"winlog":{"channel":"Microsoft-Windows-Sysmon/Operational","user":{"identifier":"S-1-5-18","domain":"NT AUTHORITY","name":"SYSTEM","type":"Well Known Group"},"event_id":"1","provider_name":"Microsoft-Windows-Sysmon","record_id":605,"provider_guid":"{5770385F-C22A-43E0-BF4C-06F5698FFBD9}","process":{"pid":6668,"thread":{"id":6376}},"computer_name":"DESKTOP-H6FBQ5J","error":{},"opcode":"Info","version":5,"event_data":{"IntegrityLevel":"System","User":"NT AUTHORITY\\SYSTEM","Hashes":"MD5=288D836B81E809EB33CDCCAA9D1AB395,SHA256=81F85A88DD1829663D5E748CA95709EFF5328444BBDB2C888F85124D939F6899,IMPHASH=FFAEA1E2634A3119C40B178379C9863F","CurrentDirectory":"C:\\Windows\\system32\\","ParentProcessGuid":"{8F7AB6F6-4E88-69DF-5600-000000000500}","ProcessGuid":"{8F7AB6F6-5267-69DF-E801-000000000500}","CommandLine":"\"C:\\Program Files\\Windows Defender\\MpCmdRun.exe\" SignaturesUpdateService -ScheduleJob -HttpDownload -RestrictPrivileges","ParentCommandLine":"\"C:\\Program Files\\Windows Defender\\MsMpEng.exe\"","LogonGuid":"{8F7AB6F6-4E81-69DF-E703-000000000000}","ProcessId":"7532","FileVersion":"4.18.1807.18075 (GitEnlistment(winpbld).180719-0853)","TerminalSessionId":"0","ParentImage":"C:\\Program Files\\Windows Defender\\MsMpEng.exe","UtcTime":"2026-04-15 08:55:03.199","Description":"Microsoft Malware Protection Command Line Utility","LogonId":"0x3e7","RuleName":"-","Product":"Microsoft® Windows® Operating System","OriginalFileName":"MpCmdRun.exe","Image":"C:\\Program Files\\Windows Defender\\MpCmdRun.exe","ParentProcessId":"2032","ParentUser":"NT AUTHORITY\\SYSTEM","Company":"Microsoft Corporation"}},"event":{"kind":"event","provider":"Microsoft-Windows-Sysmon","created":"2026-04-15T13:13:46.684Z","code":"1"},"log":{"file":{"path":"C:\\Users\\ivysa\\Downloads\\winlogbeat-9.3.3-windows-x86_64\\winlogbeat-9.3.3-windows-x86_64\\symon.evtx"},"level":"information"}}
{"@timestamp":"2026-04-15T08:55:03.267Z","@metadata":{"beat":"winlogbeat","type":"_doc","version":"9.3.3"},"host":{"name":"DESKTOP-H6FBQ5J"},"ecs":{"version":"8.0.0"},"agent":{"ephemeral_id":"f8d845b8-8ac1-43f8-9a65-a6e7c2082e2f","id":"0ae603cf-457e-4a6f-bbde-51c28f1a031e","name":"DESKTOP-IKR997B","type":"winlogbeat","version":"9.3.3"},"winlog":{"process":{"pid":6668,"thread":{"id":6376}},"provider_name":"Microsoft-Windows-Sysmon","version":5,"user":{"identifier":"S-1-5-18","domain":"NT AUTHORITY","name":"SYSTEM","type":"Well Known Group"},"opcode":"Info","error":{},"channel":"Microsoft-Windows-Sysmon/Operational","event_id":"1","record_id":606,"provider_guid":"{5770385F-C22A-43E0-BF4C-06F5698FFBD9}","event_data":{"ProcessGuid":"{8F7AB6F6-5267-69DF-EA01-000000000500}","CurrentDirectory":"C:\\Windows\\system32\\","LogonId":"0x3e4","RuleName":"-","IntegrityLevel":"System","ParentProcessId":"7532","FileVersion":"4.18.1807.18075 (GitEnlistment(winpbld).180719-0853)","Description":"Microsoft Malware Protection Command Line Utility","LogonGuid":"{8F7AB6F6-4E81-69DF-E403-000000000000}","Image":"C:\\Program Files\\Windows Defender\\MpCmdRun.exe","Hashes":"MD5=288D836B81E809EB33CDCCAA9D1AB395,SHA256=81F85A88DD1829663D5E748CA95709EFF5328444BBDB2C888F85124D939F6899,IMPHASH=FFAEA1E2634A3119C40B178379C9863F","ParentCommandLine":"\"C:\\Program Files\\Windows Defender\\MpCmdRun.exe\" SignaturesUpdateService -ScheduleJob -HttpDownload -RestrictPrivileges","TerminalSessionId":"0","ParentUser":"NT AUTHORITY\\SYSTEM","ParentImage":"C:\\Program Files\\Windows Defender\\MpCmdRun.exe","UtcTime":"2026-04-15 08:55:03.264","CommandLine":"\"C:\\Program Files\\Windows Defender\\MpCmdRun.exe\" SignaturesUpdateService -ScheduleJob -HttpDownload -RestrictPrivileges -Reinvoke","OriginalFileName":"MpCmdRun.exe","Product":"Microsoft® Windows® Operating System","User":"NT AUTHORITY\\NETWORK SERVICE","Company":"Microsoft Corporation","ParentProcessGuid":"{8F7AB6F6-5267-69DF-E801-000000000500}","ProcessId":"7516"},"computer_name":"DESKTOP-H6FBQ5J"},"event":{"kind":"event","provider":"Microsoft-Windows-Sysmon","created":"2026-04-15T13:13:46.684Z","code":"1"},"log":{"level":"information","file":{"path":"C:\\Users\\ivysa\\Downloads\\winlogbeat-9.3.3-windows-x86_64\\winlogbeat-9.3.3-windows-x86_64\\symon.evtx"}},"error":{"message":"failed to get the event message string: failed in EvtFormatMessage: The message resource is present but the message was not found in the message table."}}
{"@timestamp":"2026-04-15T08:55:03.312Z","@metadata":{"beat":"winlogbeat","type":"_doc","version":"9.3.3"},"event":{"created":"2026-04-15T13:13:46.684Z","code":"11","kind":"event","provider":"Microsoft-Windows-Sysmon"},"log":{"file":{"path":"C:\\Users\\ivysa\\Downloads\\winlogbeat-9.3.3-windows-x86_64\\winlogbeat-9.3.3-windows-x86_64\\symon.evtx"},"level":"information"},"ecs":{"version":"8.0.0"},"agent":{"ephemeral_id":"f8d845b8-8ac1-43f8-9a65-a6e7c2082e2f","id":"0ae603cf-457e-4a6f-bbde-51c28f1a031e","name":"DESKTOP-IKR997B","type":"winlogbeat","version":"9.3.3"},"error":{"message":"failed to get the event message string: failed in EvtFormatMessage: The message resource is present but the message was not found in the message table."},"host":{"name":"DESKTOP-H6FBQ5J"},"winlog":{"computer_name":"DESKTOP-H6FBQ5J","version":2,"event_data":{"RuleName":"EXE","UtcTime":"2026-04-15 08:55:03.306","ProcessGuid":"{8F7AB6F6-5267-69DF-EA01-000000000500}","ProcessId":"7516","Image":"C:\\Program Files\\Windows Defender\\MpCmdRun.exe","TargetFilename":"C:\\Windows\\SERVIC~1\\NETWOR~1\\AppData\\Local\\Temp\\mpam-7f8848c5.exe","CreationUtcTime":"2026-04-15 08:55:03.306","User":"NT AUTHORITY\\NETWORK SERVICE"},"provider_name":"Microsoft-Windows-Sysmon","opcode":"Info","provider_guid":"{5770385F-C22A-43E0-BF4C-06F5698FFBD9}","process":{"pid":6668,"thread":{"id":6376}},"channel":"Microsoft-Windows-Sysmon/Operational","event_id":"11","record_id":607,"user":{"domain":"NT AUTHORITY","name":"SYSTEM","type":"Well Known Group","identifier":"S-1-5-18"},"error":{}}}
{"@timestamp":"2026-04-15T08:55:03.342Z","@metadata":{"beat":"winlogbeat","type":"_doc","version":"9.3.3"},"winlog":{"record_id":608,"opcode":"Info","provider_guid":"{5770385F-C22A-43E0-BF4C-06F5698FFBD9}","event_data":{"UtcTime":"2026-04-15 08:55:03.337","ProcessGuid":"{8F7AB6F6-5267-69DF-EA01-000000000500}","ProcessId":"7516","Image":"C:\\Program Files\\Windows Defender\\MpCmdRun.exe","TargetFilename":"C:\\Windows\\SERVIC~1\\NETWOR~1\\AppData\\Local\\Temp\\mpam-c0a877aa.exe","CreationUtcTime":"2026-04-15 08:55:03.337","User":"NT AUTHORITY\\NETWORK SERVICE","RuleName":"EXE"},"channel":"Microsoft-Windows-Sysmon/Operational","version":2,"user":{"identifier":"S-1-5-18","domain":"NT AUTHORITY","name":"SYSTEM","type":"Well Known Group"},"process":{"pid":6668,"thread":{"id":6376}},"computer_name":"DESKTOP-H6FBQ5J","event_id":"11","error":{},"provider_name":"Microsoft-Windows-Sysmon"},"event":{"created":"2026-04-15T13:13:46.684Z","code":"11","kind":"event","provider":"Microsoft-Windows-Sysmon"},"log":{"level":"information","file":{"path":"C:\\Users\\ivysa\\Downloads\\winlogbeat-9.3.3-windows-x86_64\\winlogbeat-9.3.3-windows-x86_64\\symon.evtx"}},"error":{"message":"failed to get the event message string: failed in EvtFormatMessage: The message resource is present but the message was not found in the message table."},"ecs":{"version":"8.0.0"},"agent":{"ephemeral_id":"f8d845b8-8ac1-43f8-9a65-a6e7c2082e2f","id":"0ae603cf-457e-4a6f-bbde-51c28f1a031e","name":"DESKTOP-IKR997B","type":"winlogbeat","version":"9.3.3"},"host":{"name":"DESKTOP-H6FBQ5J"}}
{"@timestamp":"2026-04-15T08:55:03.945Z","@metadata":{"beat":"winlogbeat","type":"_doc","version":"9.3.3"},"host":{"name":"DESKTOP-H6FBQ5J"},"ecs":{"version":"8.0.0"},"agent":{"version":"9.3.3","ephemeral_id":"f8d845b8-8ac1-43f8-9a65-a6e7c2082e2f","id":"0ae603cf-457e-4a6f-bbde-51c28f1a031e","name":"DESKTOP-IKR997B","type":"winlogbeat"},"winlog":{"record_id":609,"version":5,"process":{"pid":6668,"thread":{"id":6376}},"error":{},"channel":"Microsoft-Windows-Sysmon/Operational","event_id":"1","provider_name":"Microsoft-Windows-Sysmon","computer_name":"DESKTOP-H6FBQ5J","opcode":"Info","provider_guid":"{5770385F-C22A-43E0-BF4C-06F5698FFBD9}","user":{"type":"Well Known Group","identifier":"S-1-5-18","domain":"NT AUTHORITY","name":"SYSTEM"},"event_data":{"ParentProcessGuid":"{8F7AB6F6-4E88-69DF-5600-000000000500}","CurrentDirectory":"C:\\Windows\\system32\\","ParentImage":"C:\\Program Files\\Windows Defender\\MsMpEng.exe","Image":"C:\\Program Files\\Windows Defender\\MpCmdRun.exe","CommandLine":"\"C:\\Program Files\\Windows Defender\\MpCmdRun.exe\" SignaturesUpdateService -ScheduleJob -UnmanagedUpdate","Product":"Microsoft® Windows® Operating System","IntegrityLevel":"System","ParentProcessId":"2032","User":"NT AUTHORITY\\SYSTEM","LogonId":"0x3e7","ParentUser":"NT AUTHORITY\\SYSTEM","Description":"Microsoft Malware Protection Command Line Utility","UtcTime":"2026-04-15 08:55:03.943","Company":"Microsoft Corporation","Hashes":"MD5=288D836B81E809EB33CDCCAA9D1AB395,SHA256=81F85A88DD1829663D5E748CA95709EFF5328444BBDB2C888F85124D939F6899,IMPHASH=FFAEA1E2634A3119C40B178379C9863F","ProcessId":"1768","FileVersion":"4.18.1807.18075 (GitEnlistment(winpbld).180719-0853)","OriginalFileName":"MpCmdRun.exe","TerminalSessionId":"0","RuleName":"-","ParentCommandLine":"\"C:\\Program Files\\Windows Defender\\MsMpEng.exe\"","ProcessGuid":"{8F7AB6F6-5267-69DF-EB01-000000000500}","LogonGuid":"{8F7AB6F6-4E81-69DF-E703-000000000000}"}},"event":{"code":"1","kind":"event","provider":"Microsoft-Windows-Sysmon","created":"2026-04-15T13:13:46.684Z"},"log":{"level":"information","file":{"path":"C:\\Users\\ivysa\\Downloads\\winlogbeat-9.3.3-windows-x86_64\\winlogbeat-9.3.3-windows-x86_64\\symon.evtx"}},"error":{"message":"failed to get the event message string: failed in EvtFormatMessage: The message resource is present but the message was not found in the message table."}}
{"@timestamp":"2026-04-15T08:55:13.900Z","@metadata":{"beat":"winlogbeat","type":"_doc","version":"9.3.3"},"winlog":{"record_id":610,"opcode":"Info","user":{"type":"Well Known Group","identifier":"S-1-5-18","domain":"NT AUTHORITY","name":"SYSTEM"},"process":{"pid":6668,"thread":{"id":6376}},"error":{},"channel":"Microsoft-Windows-Sysmon/Operational","provider_guid":"{5770385F-C22A-43E0-BF4C-06F5698FFBD9}","event_data":{"FileVersion":"4.18.1807.18075 (GitEnlistment(winpbld).180719-0853)","RuleName":"-","ProcessGuid":"{8F7AB6F6-5271-69DF-EF01-000000000500}","Description":"Microsoft Malware Protection Command Line Utility","Hashes":"MD5=288D836B81E809EB33CDCCAA9D1AB395,SHA256=81F85A88DD1829663D5E748CA95709EFF5328444BBDB2C888F85124D939F6899,IMPHASH=FFAEA1E2634A3119C40B178379C9863F","OriginalFileName":"MpCmdRun.exe","CurrentDirectory":"C:\\Windows\\system32\\","ParentProcessId":"2032","Product":"Microsoft® Windows® Operating System","Company":"Microsoft Corporation","LogonGuid":"{8F7AB6F6-4E81-69DF-E703-000000000000}","LogonId":"0x3e7","Image":"C:\\Program Files\\Windows Defender\\MpCmdRun.exe","UtcTime":"2026-04-15 08:55:13.896","ParentUser":"NT AUTHORITY\\SYSTEM","ProcessId":"1252","User":"NT AUTHORITY\\SYSTEM","IntegrityLevel":"System","ParentImage":"C:\\Program Files\\Windows Defender\\MsMpEng.exe","TerminalSessionId":"0","ParentProcessGuid":"{8F7AB6F6-4E88-69DF-5600-000000000500}","ParentCommandLine":"\"C:\\Program Files\\Windows Defender\\MsMpEng.exe\"","CommandLine":"\"C:\\Program Files\\Windows Defender\\MpCmdRun.exe\" SignaturesUpdateService -ScheduleJob -HttpDownload -RestrictPrivileges"},"computer_name":"DESKTOP-H6FBQ5J","version":5,"event_id":"1","provider_name":"Microsoft-Windows-Sysmon"},"event":{"kind":"event","provider":"Microsoft-Windows-Sysmon","created":"2026-04-15T13:13:46.684Z","code":"1"},"log":{"level":"information","file":{"path":"C:\\Users\\ivysa\\Downloads\\winlogbeat-9.3.3-windows-x86_64\\winlogbeat-9.3.3-windows-x86_64\\symon.evtx"}},"error":{"message":"failed to get the event message string: failed in EvtFormatMessage: The message resource is present but the message was not found in the message table."},"host":{"name":"DESKTOP-H6FBQ5J"},"ecs":{"version":"8.0.0"},"agent":{"ephemeral_id":"f8d845b8-8ac1-43f8-9a65-a6e7c2082e2f","id":"0ae603cf-457e-4a6f-bbde-51c28f1a031e","name":"DESKTOP-IKR997B","type":"winlogbeat","version":"9.3.3"}}
