{"@timestamp":"2026-04-15T08:55:13.963Z","@metadata":{"beat":"winlogbeat","type":"_doc","version":"9.3.3"},"agent":{"version":"9.3.3","ephemeral_id":"f8d845b8-8ac1-43f8-9a65-a6e7c2082e2f","id":"0ae603cf-457e-4a6f-bbde-51c28f1a031e","name":"DESKTOP-IKR997B","type":"winlogbeat"},"ecs":{"version":"8.0.0"},"log":{"level":"information","file":{"path":"C:\\Users\\ivysa\\Downloads\\winlogbeat-9.3.3-windows-x86_64\\winlogbeat-9.3.3-windows-x86_64\\symon.evtx"}},"error":{"message":"failed to get the event message string: failed in EvtFormatMessage: The message resource is present but the message was not found in the message table."},"host":{"name":"DESKTOP-H6FBQ5J"},"winlog":{"computer_name":"DESKTOP-H6FBQ5J","provider_guid":"{5770385F-C22A-43E0-BF4C-06F5698FFBD9}","version":5,"user":{"type":"Well Known Group","identifier":"S-1-5-18","domain":"NT AUTHORITY","name":"SYSTEM"},"event_data":{"RuleName":"-","ParentCommandLine":"\"C:\\Program Files\\Windows Defender\\MpCmdRun.exe\" SignaturesUpdateService -ScheduleJob -HttpDownload -RestrictPrivileges","IntegrityLevel":"System","ProcessGuid":"{8F7AB6F6-5271-69DF-F101-000000000500}","CommandLine":"\"C:\\Program Files\\Windows Defender\\MpCmdRun.exe\" SignaturesUpdateService -ScheduleJob -HttpDownload -RestrictPrivileges -Reinvoke","UtcTime":"2026-04-15 08:55:13.957","ProcessId":"7044","OriginalFileName":"MpCmdRun.exe","ParentProcessGuid":"{8F7AB6F6-5271-69DF-EF01-000000000500}","Company":"Microsoft Corporation","LogonGuid":"{8F7AB6F6-4E81-69DF-E403-000000000000}","Description":"Microsoft Malware Protection Command Line Utility","ParentUser":"NT AUTHORITY\\SYSTEM","Image":"C:\\Program Files\\Windows Defender\\MpCmdRun.exe","Hashes":"MD5=288D836B81E809EB33CDCCAA9D1AB395,SHA256=81F85A88DD1829663D5E748CA95709EFF5328444BBDB2C888F85124D939F6899,IMPHASH=FFAEA1E2634A3119C40B178379C9863F","ParentImage":"C:\\Program Files\\Windows Defender\\MpCmdRun.exe","TerminalSessionId":"0","ParentProcessId":"1252","FileVersion":"4.18.1807.18075 (GitEnlistment(winpbld).180719-0853)","User":"NT AUTHORITY\\NETWORK SERVICE","CurrentDirectory":"C:\\Windows\\system32\\","LogonId":"0x3e4","Product":"Microsoft® Windows® Operating System"},"error":{},"event_id":"1","opcode":"Info","record_id":611,"process":{"pid":6668,"thread":{"id":6376}},"channel":"Microsoft-Windows-Sysmon/Operational","provider_name":"Microsoft-Windows-Sysmon"},"event":{"kind":"event","provider":"Microsoft-Windows-Sysmon","created":"2026-04-15T13:13:46.684Z","code":"1"}}
{"@timestamp":"2026-04-15T08:55:14.006Z","@metadata":{"beat":"winlogbeat","type":"_doc","version":"9.3.3"},"ecs":{"version":"8.0.0"},"agent":{"ephemeral_id":"f8d845b8-8ac1-43f8-9a65-a6e7c2082e2f","id":"0ae603cf-457e-4a6f-bbde-51c28f1a031e","name":"DESKTOP-IKR997B","type":"winlogbeat","version":"9.3.3"},"winlog":{"error":{},"channel":"Microsoft-Windows-Sysmon/Operational","provider_name":"Microsoft-Windows-Sysmon","computer_name":"DESKTOP-H6FBQ5J","process":{"pid":6668,"thread":{"id":6376}},"event_id":"11","record_id":612,"version":2,"opcode":"Info","user":{"identifier":"S-1-5-18","domain":"NT AUTHORITY","name":"SYSTEM","type":"Well Known Group"},"provider_guid":"{5770385F-C22A-43E0-BF4C-06F5698FFBD9}","event_data":{"UtcTime":"2026-04-15 08:55:14.005","ProcessGuid":"{8F7AB6F6-5271-69DF-F101-000000000500}","ProcessId":"7044","Image":"C:\\Program Files\\Windows Defender\\MpCmdRun.exe","TargetFilename":"C:\\Windows\\SERVIC~1\\NETWOR~1\\AppData\\Local\\Temp\\mpam-d19bd186.exe","CreationUtcTime":"2026-04-15 08:55:14.005","User":"NT AUTHORITY\\NETWORK SERVICE","RuleName":"EXE"}},"event":{"created":"2026-04-15T13:13:46.684Z","code":"11","kind":"event","provider":"Microsoft-Windows-Sysmon"},"log":{"level":"information","file":{"path":"C:\\Users\\ivysa\\Downloads\\winlogbeat-9.3.3-windows-x86_64\\winlogbeat-9.3.3-windows-x86_64\\symon.evtx"}},"error":{"message":"failed to get the event message string: failed in EvtFormatMessage: The message resource is present but the message was not found in the message table."},"host":{"name":"DESKTOP-H6FBQ5J"}}
{"@timestamp":"2026-04-15T08:55:14.033Z","@metadata":{"beat":"winlogbeat","type":"_doc","version":"9.3.3"},"winlog":{"error":{},"provider_name":"Microsoft-Windows-Sysmon","record_id":613,"user":{"domain":"NT AUTHORITY","name":"SYSTEM","type":"Well Known Group","identifier":"S-1-5-18"},"process":{"thread":{"id":6376},"pid":6668},"computer_name":"DESKTOP-H6FBQ5J","event_id":"11","opcode":"Info","event_data":{"ProcessGuid":"{8F7AB6F6-5271-69DF-F101-000000000500}","ProcessId":"7044","Image":"C:\\Program Files\\Windows Defender\\MpCmdRun.exe","TargetFilename":"C:\\Windows\\SERVIC~1\\NETWOR~1\\AppData\\Local\\Temp\\mpam-c88f4101.exe","CreationUtcTime":"2026-04-15 08:55:14.021","User":"NT AUTHORITY\\NETWORK SERVICE","RuleName":"EXE","UtcTime":"2026-04-15 08:55:14.021"},"channel":"Microsoft-Windows-Sysmon/Operational","provider_guid":"{5770385F-C22A-43E0-BF4C-06F5698FFBD9}","version":2},"event":{"created":"2026-04-15T13:13:46.684Z","code":"11","kind":"event","provider":"Microsoft-Windows-Sysmon"},"log":{"level":"information","file":{"path":"C:\\Users\\ivysa\\Downloads\\winlogbeat-9.3.3-windows-x86_64\\winlogbeat-9.3.3-windows-x86_64\\symon.evtx"}},"error":{"message":"failed to get the event message string: failed in EvtFormatMessage: The message resource is present but the message was not found in the message table."},"host":{"name":"DESKTOP-H6FBQ5J"},"agent":{"type":"winlogbeat","version":"9.3.3","ephemeral_id":"f8d845b8-8ac1-43f8-9a65-a6e7c2082e2f","id":"0ae603cf-457e-4a6f-bbde-51c28f1a031e","name":"DESKTOP-IKR997B"},"ecs":{"version":"8.0.0"}}
{"@timestamp":"2026-04-15T08:55:28.915Z","@metadata":{"beat":"winlogbeat","type":"_doc","version":"9.3.3"},"error":{"message":"failed to get the event message string: failed in EvtFormatMessage: The message resource is present but the message was not found in the message table."},"host":{"name":"DESKTOP-H6FBQ5J"},"winlog":{"event_id":"1","provider_name":"Microsoft-Windows-Sysmon","record_id":614,"user":{"name":"SYSTEM","type":"Well Known Group","identifier":"S-1-5-18","domain":"NT AUTHORITY"},"process":{"pid":6668,"thread":{"id":6376}},"computer_name":"DESKTOP-H6FBQ5J","opcode":"Info","provider_guid":"{5770385F-C22A-43E0-BF4C-06F5698FFBD9}","version":5,"event_data":{"LogonGuid":"{8F7AB6F6-4E83-69DF-582B-010000000000}","ParentUser":"DESKTOP-H6FBQ5J\\windows","Description":"Microsoft Management Console","LogonId":"0x12b58","ProcessId":"7524","CurrentDirectory":"C:\\Windows\\system32\\","ParentProcessId":"3952","FileVersion":"10.0.17763.1 (WinBuild.160101.0800)","ProcessGuid":"{8F7AB6F6-5280-69DF-F401-000000000500}","Product":"Microsoft® Windows® Operating System","User":"DESKTOP-H6FBQ5J\\windows","RuleName":"-","UtcTime":"2026-04-15 08:55:28.875","Hashes":"MD5=0ED2577AA82A30B1C1C55843F23B7C69,SHA256=5DC0EFC7CF971F9DA9BD183F4BC5707176F7F829133B3EF90FFBB603516AF921,IMPHASH=B8EE2D6252332A68B70B22E3D6E377D2","ParentImage":"C:\\Windows\\explorer.exe","OriginalFileName":"mmc.exe","IntegrityLevel":"Medium","ParentCommandLine":"C:\\Windows\\Explorer.EXE","Image":"C:\\Windows\\System32\\mmc.exe","CommandLine":"\"C:\\Windows\\system32\\mmc.exe\" \"C:\\Windows\\system32\\eventvwr.msc\" /s","Company":"Microsoft Corporation","ParentProcessGuid":"{8F7AB6F6-4E8A-69DF-6700-000000000500}","TerminalSessionId":"1"},"error":{},"channel":"Microsoft-Windows-Sysmon/Operational"},"ecs":{"version":"8.0.0"},"agent":{"ephemeral_id":"f8d845b8-8ac1-43f8-9a65-a6e7c2082e2f","id":"0ae603cf-457e-4a6f-bbde-51c28f1a031e","name":"DESKTOP-IKR997B","type":"winlogbeat","version":"9.3.3"},"event":{"code":"1","kind":"event","provider":"Microsoft-Windows-Sysmon","created":"2026-04-15T13:13:46.684Z"},"log":{"file":{"path":"C:\\Users\\ivysa\\Downloads\\winlogbeat-9.3.3-windows-x86_64\\winlogbeat-9.3.3-windows-x86_64\\symon.evtx"},"level":"information"}}
{"@timestamp":"2026-04-15T08:55:29.166Z","@metadata":{"beat":"winlogbeat","type":"_doc","version":"9.3.3"},"ecs":{"version":"8.0.0"},"log":{"level":"information","file":{"path":"C:\\Users\\ivysa\\Downloads\\winlogbeat-9.3.3-windows-x86_64\\winlogbeat-9.3.3-windows-x86_64\\symon.evtx"}},"error":{"message":"failed to get the event message string: failed in EvtFormatMessage: The message resource is present but the message was not found in the message table."},"host":{"name":"DESKTOP-H6FBQ5J"},"winlog":{"opcode":"Info","version":5,"user":{"identifier":"S-1-5-18","domain":"NT AUTHORITY","name":"SYSTEM","type":"Well Known Group"},"record_id":615,"process":{"pid":6668,"thread":{"id":6376}},"channel":"Microsoft-Windows-Sysmon/Operational","computer_name":"DESKTOP-H6FBQ5J","provider_guid":"{5770385F-C22A-43E0-BF4C-06F5698FFBD9}","event_id":"1","provider_name":"Microsoft-Windows-Sysmon","event_data":{"RuleName":"-","CurrentDirectory":"C:\\Windows\\system32\\","ParentProcessGuid":"{8F7AB6F6-4FF1-69DF-3A01-000000000500}","ParentImage":"C:\\Windows\\System32\\svchost.exe","ProcessId":"8464","IntegrityLevel":"System","Image":"C:\\Windows\\System32\\consent.exe","LogonGuid":"{8F7AB6F6-4E81-69DF-E703-000000000000}","UtcTime":"2026-04-15 08:55:29.148","Hashes":"MD5=748E1969C6B7637AB39AD505DFE600C1,SHA256=6DF9BBEE22B10F164B6087F005BC0F7C8DC648AD68B80E62C48E1C0D18531A54,IMPHASH=522D83761201075834F05037F5307949","ParentCommandLine":"C:\\Windows\\system32\\svchost.exe -k netsvcs -p -s Appinfo","Product":"Microsoft® Windows® Operating System","LogonId":"0x3e7","ParentProcessId":"964","ParentUser":"NT AUTHORITY\\SYSTEM","FileVersion":"10.0.17763.1 (WinBuild.160101.0800)","OriginalFileName":"consent.exe","CommandLine":"consent.exe 964 426 0000026B2DAA5570","ProcessGuid":"{8F7AB6F6-5281-69DF-F501-000000000500}","Description":"Consent UI for administrative applications","Company":"Microsoft Corporation","User":"NT AUTHORITY\\SYSTEM","TerminalSessionId":"1"},"error":{}},"event":{"created":"2026-04-15T13:13:46.684Z","code":"1","kind":"event","provider":"Microsoft-Windows-Sysmon"},"agent":{"ephemeral_id":"f8d845b8-8ac1-43f8-9a65-a6e7c2082e2f","id":"0ae603cf-457e-4a6f-bbde-51c28f1a031e","name":"DESKTOP-IKR997B","type":"winlogbeat","version":"9.3.3"}}
{"@timestamp":"2026-04-15T08:55:29.365Z","@metadata":{"beat":"winlogbeat","type":"_doc","version":"9.3.3"},"ecs":{"version":"8.0.0"},"agent":{"id":"0ae603cf-457e-4a6f-bbde-51c28f1a031e","name":"DESKTOP-IKR997B","type":"winlogbeat","version":"9.3.3","ephemeral_id":"f8d845b8-8ac1-43f8-9a65-a6e7c2082e2f"},"winlog":{"user":{"identifier":"S-1-5-18","domain":"NT AUTHORITY","name":"SYSTEM","type":"Well Known Group"},"event_data":{"Description":"Microsoft Management Console","OriginalFileName":"mmc.exe","TerminalSessionId":"1","ParentImage":"C:\\Windows\\explorer.exe","RuleName":"-","CommandLine":"\"C:\\Windows\\system32\\mmc.exe\" \"C:\\Windows\\system32\\eventvwr.msc\" /s","ParentProcessId":"3952","LogonGuid":"{8F7AB6F6-4E83-69DF-192B-010000000000}","Company":"Microsoft Corporation","ParentUser":"DESKTOP-H6FBQ5J\\windows","ProcessId":"5576","CurrentDirectory":"C:\\Windows\\system32\\","Product":"Microsoft® Windows® Operating System","IntegrityLevel":"High","LogonId":"0x12b19","ParentProcessGuid":"{8F7AB6F6-4E8A-69DF-6700-000000000500}","UtcTime":"2026-04-15 08:55:29.363","Hashes":"MD5=0ED2577AA82A30B1C1C55843F23B7C69,SHA256=5DC0EFC7CF971F9DA9BD183F4BC5707176F7F829133B3EF90FFBB603516AF921,IMPHASH=B8EE2D6252332A68B70B22E3D6E377D2","ProcessGuid":"{8F7AB6F6-5281-69DF-F801-000000000500}","FileVersion":"10.0.17763.1 (WinBuild.160101.0800)","ParentCommandLine":"C:\\Windows\\Explorer.EXE","Image":"C:\\Windows\\System32\\mmc.exe","User":"DESKTOP-H6FBQ5J\\windows"},"record_id":616,"version":5,"error":{},"provider_name":"Microsoft-Windows-Sysmon","opcode":"Info","provider_guid":"{5770385F-C22A-43E0-BF4C-06F5698FFBD9}","process":{"pid":6668,"thread":{"id":6376}},"channel":"Microsoft-Windows-Sysmon/Operational","computer_name":"DESKTOP-H6FBQ5J","event_id":"1"},"event":{"created":"2026-04-15T13:13:46.684Z","code":"1","kind":"event","provider":"Microsoft-Windows-Sysmon"},"log":{"level":"information","file":{"path":"C:\\Users\\ivysa\\Downloads\\winlogbeat-9.3.3-windows-x86_64\\winlogbeat-9.3.3-windows-x86_64\\symon.evtx"}},"error":{"message":"failed to get the event message string: failed in EvtFormatMessage: The message resource is present but the message was not found in the message table."},"host":{"name":"DESKTOP-H6FBQ5J"}}
{"@timestamp":"2026-04-15T09:00:01.256Z","@metadata":{"beat":"winlogbeat","type":"_doc","version":"9.3.3"},"error":{"message":"failed to get the event message string: failed in EvtFormatMessage: The message resource is present but the message was not found in the message table."},"host":{"name":"DESKTOP-H6FBQ5J"},"winlog":{"process":{"pid":6668,"thread":{"id":6376}},"error":{},"channel":"Microsoft-Windows-Sysmon/Operational","provider_name":"Microsoft-Windows-Sysmon","provider_guid":"{5770385F-C22A-43E0-BF4C-06F5698FFBD9}","version":5,"user":{"domain":"NT AUTHORITY","name":"SYSTEM","type":"Well Known Group","identifier":"S-1-5-18"},"event_data":{"IntegrityLevel":"System","LogonGuid":"{8F7AB6F6-4E81-69DF-E703-000000000000}","Company":"Microsoft Corporation","OriginalFileName":"wsqmcons.exe","TerminalSessionId":"0","CurrentDirectory":"C:\\Windows\\system32\\","CommandLine":"C:\\Windows\\System32\\wsqmcons.exe","User":"NT AUTHORITY\\SYSTEM","ProcessGuid":"{8F7AB6F6-5391-69DF-FC01-000000000500}","LogonId":"0x3e7","ParentProcessGuid":"{8F7AB6F6-4E82-69DF-1B00-000000000500}","ParentUser":"NT AUTHORITY\\SYSTEM","Image":"C:\\Windows\\System32\\wsqmcons.exe","Description":"Windows SQM Consolidator","Hashes":"MD5=AF9974196D2A646DD08811F1178A57D8,SHA256=AEF5BF320220B76E88A53A23A8C7CAA535C7D5656A66612DA6A60A344869DF12,IMPHASH=DEA799E75F7FB563C8AB1970137A9895","ParentProcessId":"420","UtcTime":"2026-04-15 09:00:01.247","ProcessId":"6968","ParentImage":"C:\\Windows\\System32\\svchost.exe","ParentCommandLine":"C:\\Windows\\system32\\svchost.exe -k netsvcs -p -s Schedule","RuleName":"-","FileVersion":"10.0.17763.1 (WinBuild.160101.0800)","Product":"Microsoft® Windows® Operating System"},"event_id":"1","opcode":"Info","record_id":617,"computer_name":"DESKTOP-H6FBQ5J"},"event":{"kind":"event","provider":"Microsoft-Windows-Sysmon","created":"2026-04-15T13:13:46.684Z","code":"1"},"log":{"level":"information","file":{"path":"C:\\Users\\ivysa\\Downloads\\winlogbeat-9.3.3-windows-x86_64\\winlogbeat-9.3.3-windows-x86_64\\symon.evtx"}},"agent":{"name":"DESKTOP-IKR997B","type":"winlogbeat","version":"9.3.3","ephemeral_id":"f8d845b8-8ac1-43f8-9a65-a6e7c2082e2f","id":"0ae603cf-457e-4a6f-bbde-51c28f1a031e"},"ecs":{"version":"8.0.0"}}
{"@timestamp":"2026-04-15T09:00:14.040Z","@metadata":{"beat":"winlogbeat","type":"_doc","version":"9.3.3"},"event":{"created":"2026-04-15T13:13:46.684Z","code":"1","kind":"event","provider":"Microsoft-Windows-Sysmon"},"log":{"level":"information","file":{"path":"C:\\Users\\ivysa\\Downloads\\winlogbeat-9.3.3-windows-x86_64\\winlogbeat-9.3.3-windows-x86_64\\symon.evtx"}},"error":{"message":"failed to get the event message string: failed in EvtFormatMessage: The message resource is present but the message was not found in the message table."},"host":{"name":"DESKTOP-H6FBQ5J"},"ecs":{"version":"8.0.0"},"agent":{"name":"DESKTOP-IKR997B","type":"winlogbeat","version":"9.3.3","ephemeral_id":"f8d845b8-8ac1-43f8-9a65-a6e7c2082e2f","id":"0ae603cf-457e-4a6f-bbde-51c28f1a031e"},"winlog":{"record_id":618,"provider_guid":"{5770385F-C22A-43E0-BF4C-06F5698FFBD9}","process":{"pid":6668,"thread":{"id":6376}},"channel":"Microsoft-Windows-Sysmon/Operational","event_id":"1","provider_name":"Microsoft-Windows-Sysmon","opcode":"Info","error":{},"computer_name":"DESKTOP-H6FBQ5J","version":5,"user":{"type":"Well Known Group","identifier":"S-1-5-18","domain":"NT AUTHORITY","name":"SYSTEM"},"event_data":{"LogonId":"0x3e7","ParentCommandLine":"\"C:\\Program Files\\Windows Defender\\MsMpEng.exe\"","ParentUser":"NT AUTHORITY\\SYSTEM","ParentImage":"C:\\Program Files\\Windows Defender\\MsMpEng.exe","UtcTime":"2026-04-15 09:00:14.038","Company":"Microsoft Corporation","IntegrityLevel":"System","ParentProcessGuid":"{8F7AB6F6-4E88-69DF-5600-000000000500}","RuleName":"-","FileVersion":"4.18.1807.18075 (GitEnlistment(winpbld).180719-0853)","TerminalSessionId":"0","LogonGuid":"{8F7AB6F6-4E81-69DF-E703-000000000000}","CurrentDirectory":"C:\\Windows\\system32\\","ParentProcessId":"2032","Product":"Microsoft® Windows® Operating System","Image":"C:\\Program Files\\Windows Defender\\MpCmdRun.exe","User":"NT AUTHORITY\\SYSTEM","ProcessGuid":"{8F7AB6F6-539E-69DF-FD01-000000000500}","ProcessId":"5880","Description":"Microsoft Malware Protection Command Line Utility","OriginalFileName":"MpCmdRun.exe","Hashes":"MD5=288D836B81E809EB33CDCCAA9D1AB395,SHA256=81F85A88DD1829663D5E748CA95709EFF5328444BBDB2C888F85124D939F6899,IMPHASH=FFAEA1E2634A3119C40B178379C9863F","CommandLine":"\"C:\\Program Files\\Windows Defender\\MpCmdRun.exe\" SignaturesUpdateService -ScheduleJob -UnmanagedUpdate"}}}
{"@timestamp":"2026-04-15T09:01:00.552Z","@metadata":{"beat":"winlogbeat","type":"_doc","version":"9.3.3"},"log":{"level":"information","file":{"path":"C:\\Users\\ivysa\\Downloads\\winlogbeat-9.3.3-windows-x86_64\\winlogbeat-9.3.3-windows-x86_64\\symon.evtx"}},"error":{"message":"failed to get the event message string: failed in EvtFormatMessage: The message resource is present but the message was not found in the message table."},"ecs":{"version":"8.0.0"},"agent":{"ephemeral_id":"f8d845b8-8ac1-43f8-9a65-a6e7c2082e2f","id":"0ae603cf-457e-4a6f-bbde-51c28f1a031e","name":"DESKTOP-IKR997B","type":"winlogbeat","version":"9.3.3"},"host":{"name":"DESKTOP-H6FBQ5J"},"winlog":{"opcode":"Info","version":5,"event_id":"1","process":{"pid":6668,"thread":{"id":6376}},"channel":"Microsoft-Windows-Sysmon/Operational","provider_name":"Microsoft-Windows-Sysmon","provider_guid":"{5770385F-C22A-43E0-BF4C-06F5698FFBD9}","user":{"name":"SYSTEM","type":"Well Known Group","identifier":"S-1-5-18","domain":"NT AUTHORITY"},"event_data":{"UtcTime":"2026-04-15 09:01:00.528","ProcessGuid":"{8F7AB6F6-53CC-69DF-0102-000000000500}","ParentCommandLine":"C:\\Windows\\system32\\svchost.exe -k netsvcs -p -s Schedule","TerminalSessionId":"0","OriginalFileName":"provtool","ParentImage":"C:\\Windows\\System32\\svchost.exe","FileVersion":"10.0.17763.1 (WinBuild.160101.0800)","CurrentDirectory":"C:\\Windows\\system32\\","ParentUser":"NT AUTHORITY\\SYSTEM","User":"NT AUTHORITY\\SYSTEM","ParentProcessId":"420","LogonGuid":"{8F7AB6F6-4E81-69DF-E703-000000000000}","IntegrityLevel":"System","Hashes":"MD5=7803670AFA69D4A1EF79C22301184F5A,SHA256=AAE863550210D4CAAFA8FAB54B08820850FB2099F20CB0171CAFD10ECA6D59EE,IMPHASH=F7E4CB1D938025DAF4D359E1A9BC607E","Description":"Provisioning package runtime processing tool","Company":"Microsoft Corporation","RuleName":"-","LogonId":"0x3e7","Product":"Microsoft® Windows® Operating System","ParentProcessGuid":"{8F7AB6F6-4E82-69DF-1B00-000000000500}","ProcessId":"4152","Image":"C:\\Windows\\System32\\provtool.exe","CommandLine":"C:\\Windows\\system32\\ProvTool.exe /turn 5 /source LogonIdleTask"},"error":{},"record_id":619,"computer_name":"DESKTOP-H6FBQ5J"},"event":{"provider":"Microsoft-Windows-Sysmon","created":"2026-04-15T13:13:46.684Z","code":"1","kind":"event"}}
{"@timestamp":"2026-04-15T09:01:00.557Z","@metadata":{"beat":"winlogbeat","type":"_doc","version":"9.3.3"},"winlog":{"event_data":{"CurrentDirectory":"C:\\Windows\\system32\\","ParentCommandLine":"C:\\Windows\\system32\\svchost.exe -k netsvcs -p -s Schedule","CommandLine":"taskhostw.exe -IntegrityCheck","TerminalSessionId":"0","ProcessGuid":"{8F7AB6F6-53CC-69DF-0202-000000000500}","Product":"Microsoft® Windows® Operating System","IntegrityLevel":"System","LogonId":"0x3e7","ParentProcessId":"420","RuleName":"-","ProcessId":"3572","ParentUser":"NT AUTHORITY\\SYSTEM","Company":"Microsoft Corporation","Description":"Host Process for Windows Tasks","LogonGuid":"{8F7AB6F6-4E81-69DF-E703-000000000000}","Hashes":"MD5=F225F37717C8D714B56CF21C7C1E9C34,SHA256=E272D0E33299BCA60479683EAE0D9B5D880293C01B337D5759FEE812EA631A39,IMPHASH=9839C7FD9649496B162F72128209528A","UtcTime":"2026-04-15 09:01:00.555","ParentProcessGuid":"{8F7AB6F6-4E82-69DF-1B00-000000000500}","ParentImage":"C:\\Windows\\System32\\svchost.exe","User":"NT AUTHORITY\\SYSTEM","Image":"C:\\Windows\\System32\\taskhostw.exe","FileVersion":"10.0.17763.1 (WinBuild.160101.0800)","OriginalFileName":"taskhostw.exe"},"process":{"pid":6668,"thread":{"id":6376}},"channel":"Microsoft-Windows-Sysmon/Operational","record_id":620,"computer_name":"DESKTOP-H6FBQ5J","opcode":"Info","provider_name":"Microsoft-Windows-Sysmon","error":{},"event_id":"1","provider_guid":"{5770385F-C22A-43E0-BF4C-06F5698FFBD9}","version":5,"user":{"identifier":"S-1-5-18","domain":"NT AUTHORITY","name":"SYSTEM","type":"Well Known Group"}},"ecs":{"version":"8.0.0"},"agent":{"name":"DESKTOP-IKR997B","type":"winlogbeat","version":"9.3.3","ephemeral_id":"f8d845b8-8ac1-43f8-9a65-a6e7c2082e2f","id":"0ae603cf-457e-4a6f-bbde-51c28f1a031e"},"event":{"kind":"event","provider":"Microsoft-Windows-Sysmon","created":"2026-04-15T13:13:46.684Z","code":"1"},"log":{"level":"information","file":{"path":"C:\\Users\\ivysa\\Downloads\\winlogbeat-9.3.3-windows-x86_64\\winlogbeat-9.3.3-windows-x86_64\\symon.evtx"}},"error":{"message":"failed to get the event message string: failed in EvtFormatMessage: The message resource is present but the message was not found in the message table."},"host":{"name":"DESKTOP-H6FBQ5J"}}
{"@timestamp":"2026-04-15T09:01:00.867Z","@metadata":{"beat":"winlogbeat","type":"_doc","version":"9.3.3"},"ecs":{"version":"8.0.0"},"agent":{"ephemeral_id":"f8d845b8-8ac1-43f8-9a65-a6e7c2082e2f","id":"0ae603cf-457e-4a6f-bbde-51c28f1a031e","name":"DESKTOP-IKR997B","type":"winlogbeat","version":"9.3.3"},"log":{"level":"information","file":{"path":"C:\\Users\\ivysa\\Downloads\\winlogbeat-9.3.3-windows-x86_64\\winlogbeat-9.3.3-windows-x86_64\\symon.evtx"}},"error":{"message":"failed to get the event message string: failed in EvtFormatMessage: The message resource is present but the message was not found in the message table."},"host":{"name":"DESKTOP-H6FBQ5J"},"winlog":{"process":{"pid":6668,"thread":{"id":6376}},"opcode":"Info","event_data":{"ParentUser":"NT AUTHORITY\\SYSTEM","OriginalFileName":"Defrag.EXE","ParentProcessId":"1324","Company":"Microsoft Corp.","CommandLine":"\"C:\\Windows\\system32\\defrag.exe\" -p 52c -s 00000000000002EC -b C:","User":"NT AUTHORITY\\SYSTEM","Hashes":"MD5=FA37796FF14096BE3D8CA226601E823F,SHA256=F3653821E5DBB52C9B7F62A36A810EED6CA16CEF6372B3C91518CB92D2932BA8,IMPHASH=C451FEB9457D50EB689BA55A85F91B2C","ParentImage":"C:\\Windows\\System32\\svchost.exe","TerminalSessionId":"0","Product":"Windows Drive Optimizer","LogonGuid":"{8F7AB6F6-4E81-69DF-E703-000000000000}","ProcessId":"2492","IntegrityLevel":"System","RuleName":"-","UtcTime":"2026-04-15 09:01:00.858","Image":"C:\\Windows\\System32\\Defrag.exe","ProcessGuid":"{8F7AB6F6-53CC-69DF-0402-000000000500}","FileVersion":"10.0.17763.1 (WinBuild.160101.0800)","Description":"Disk Defragmenter Module","CurrentDirectory":"C:\\Windows\\system32\\","LogonId":"0x3e7","ParentCommandLine":"C:\\Windows\\system32\\svchost.exe -k LocalSystemNetworkRestricted -p -s SysMain","ParentProcessGuid":"{8F7AB6F6-4E83-69DF-2500-000000000500}"},"record_id":621,"channel":"Microsoft-Windows-Sysmon/Operational","event_id":"1","user":{"domain":"NT AUTHORITY","name":"SYSTEM","type":"Well Known Group","identifier":"S-1-5-18"},"error":{},"provider_name":"Microsoft-Windows-Sysmon","computer_name":"DESKTOP-H6FBQ5J","provider_guid":"{5770385F-C22A-43E0-BF4C-06F5698FFBD9}","version":5},"event":{"created":"2026-04-15T13:13:46.684Z","code":"1","kind":"event","provider":"Microsoft-Windows-Sysmon"}}
{"@timestamp":"2026-04-15T09:01:01.143Z","@metadata":{"beat":"winlogbeat","type":"_doc","version":"9.3.3"},"host":{"name":"DESKTOP-H6FBQ5J"},"ecs":{"version":"8.0.0"},"agent":{"type":"winlogbeat","version":"9.3.3","ephemeral_id":"f8d845b8-8ac1-43f8-9a65-a6e7c2082e2f","id":"0ae603cf-457e-4a6f-bbde-51c28f1a031e","name":"DESKTOP-IKR997B"},"winlog":{"channel":"Microsoft-Windows-Sysmon/Operational","computer_name":"DESKTOP-H6FBQ5J","user":{"type":"Well Known Group","identifier":"S-1-5-18","domain":"NT AUTHORITY","name":"SYSTEM"},"provider_name":"Microsoft-Windows-Sysmon","record_id":622,"opcode":"Info","event_data":{"ParentCommandLine":"C:\\Windows\\system32\\services.exe","ParentUser":"NT AUTHORITY\\SYSTEM","LogonId":"0x3e7","Company":"Microsoft Corporation","Product":"Microsoft® Windows® Operating System","OriginalFileName":"svchost.exe","Hashes":"MD5=8A0A29438052FAED8A2532DA50455756,SHA256=7FD065BAC18C5278777AE44908101CDFED72D26FA741367F0AD4D02020787AB6,IMPHASH=247B9220E5D9B720A82B2C8B5069AD69","ParentProcessGuid":"{8F7AB6F6-4E81-69DF-0B00-000000000500}","User":"NT AUTHORITY\\SYSTEM","IntegrityLevel":"System","ParentProcessId":"548","RuleName":"-","FileVersion":"10.0.17763.1 (WinBuild.160101.0800)","ProcessGuid":"{8F7AB6F6-53CD-69DF-0702-000000000500}","ProcessId":"1720","Description":"Host Process for Windows Services","CurrentDirectory":"C:\\Windows\\system32\\","ParentImage":"C:\\Windows\\System32\\services.exe","UtcTime":"2026-04-15 09:01:01.141","CommandLine":"C:\\Windows\\system32\\svchost.exe -k netsvcs -p -s dmwappushservice","LogonGuid":"{8F7AB6F6-4E81-69DF-E703-000000000000}","TerminalSessionId":"0","Image":"C:\\Windows\\System32\\svchost.exe"},"error":{},"provider_guid":"{5770385F-C22A-43E0-BF4C-06F5698FFBD9}","process":{"thread":{"id":6376},"pid":6668},"event_id":"1","version":5},"event":{"created":"2026-04-15T13:13:46.684Z","code":"1","kind":"event","provider":"Microsoft-Windows-Sysmon"},"log":{"level":"information","file":{"path":"C:\\Users\\ivysa\\Downloads\\winlogbeat-9.3.3-windows-x86_64\\winlogbeat-9.3.3-windows-x86_64\\symon.evtx"}},"error":{"message":"failed to get the event message string: failed in EvtFormatMessage: The message resource is present but the message was not found in the message table."}}
{"@timestamp":"2026-04-15T09:01:01.240Z","@metadata":{"beat":"winlogbeat","type":"_doc","version":"9.3.3"},"event":{"kind":"event","provider":"Microsoft-Windows-Sysmon","created":"2026-04-15T13:13:46.684Z","code":"1"},"log":{"file":{"path":"C:\\Users\\ivysa\\Downloads\\winlogbeat-9.3.3-windows-x86_64\\winlogbeat-9.3.3-windows-x86_64\\symon.evtx"},"level":"information"},"error":{"message":"failed to get the event message string: failed in EvtFormatMessage: The message resource is present but the message was not found in the message table."},"host":{"name":"DESKTOP-H6FBQ5J"},"ecs":{"version":"8.0.0"},"agent":{"id":"0ae603cf-457e-4a6f-bbde-51c28f1a031e","name":"DESKTOP-IKR997B","type":"winlogbeat","version":"9.3.3","ephemeral_id":"f8d845b8-8ac1-43f8-9a65-a6e7c2082e2f"},"winlog":{"process":{"pid":6668,"thread":{"id":6376}},"error":{},"channel":"Microsoft-Windows-Sysmon/Operational","event_id":"1","provider_name":"Microsoft-Windows-Sysmon","event_data":{"Company":"Microsoft Corporation","CommandLine":"C:\\Windows\\system32\\svchost.exe -k LocalServiceNetworkRestricted -p -s SmsRouter","Hashes":"MD5=8A0A29438052FAED8A2532DA50455756,SHA256=7FD065BAC18C5278777AE44908101CDFED72D26FA741367F0AD4D02020787AB6,IMPHASH=247B9220E5D9B720A82B2C8B5069AD69","IntegrityLevel":"System","RuleName":"-","OriginalFileName":"svchost.exe","ParentCommandLine":"C:\\Windows\\system32\\services.exe","ParentUser":"NT AUTHORITY\\SYSTEM","LogonId":"0x3e5","ProcessGuid":"{8F7AB6F6-53CD-69DF-0802-000000000500}","ParentProcessId":"548","UtcTime":"2026-04-15 09:01:01.236","CurrentDirectory":"C:\\Windows\\system32\\","Description":"Host Process for Windows Services","ProcessId":"6868","Product":"Microsoft® Windows® Operating System","LogonGuid":"{8F7AB6F6-4E82-69DF-E503-000000000000}","ParentImage":"C:\\Windows\\System32\\services.exe","User":"NT AUTHORITY\\LOCAL SERVICE","TerminalSessionId":"0","FileVersion":"10.0.17763.1 (WinBuild.160101.0800)","ParentProcessGuid":"{8F7AB6F6-4E81-69DF-0B00-000000000500}","Image":"C:\\Windows\\System32\\svchost.exe"},"computer_name":"DESKTOP-H6FBQ5J","opcode":"Info","provider_guid":"{5770385F-C22A-43E0-BF4C-06F5698FFBD9}","version":5,"record_id":623,"user":{"type":"Well Known Group","identifier":"S-1-5-18","domain":"NT AUTHORITY","name":"SYSTEM"}}}
{"@timestamp":"2026-04-15T09:01:01.565Z","@metadata":{"beat":"winlogbeat","type":"_doc","version":"9.3.3"},"host":{"name":"DESKTOP-H6FBQ5J"},"winlog":{"process":{"pid":6668,"thread":{"id":6376}},"computer_name":"DESKTOP-H6FBQ5J","version":5,"error":{},"event_id":"1","provider_name":"Microsoft-Windows-Sysmon","record_id":624,"opcode":"Info","provider_guid":"{5770385F-C22A-43E0-BF4C-06F5698FFBD9}","user":{"identifier":"S-1-5-18","domain":"NT AUTHORITY","name":"SYSTEM","type":"Well Known Group"},"channel":"Microsoft-Windows-Sysmon/Operational","event_data":{"ParentCommandLine":"C:\\Windows\\system32\\svchost.exe -k netsvcs -p -s Schedule","CurrentDirectory":"C:\\Windows\\system32\\","ProcessGuid":"{8F7AB6F6-53CD-69DF-0902-000000000500}","CommandLine":"taskhostw.exe","LogonId":"0x12b58","Company":"Microsoft Corporation","ParentProcessGuid":"{8F7AB6F6-4E82-69DF-1B00-000000000500}","UtcTime":"2026-04-15 09:01:01.563","IntegrityLevel":"Medium","OriginalFileName":"taskhostw.exe","Description":"Host Process for Windows Tasks","ProcessId":"2036","ParentProcessId":"420","ParentUser":"NT AUTHORITY\\SYSTEM","LogonGuid":"{8F7AB6F6-4E83-69DF-582B-010000000000}","TerminalSessionId":"1","RuleName":"-","FileVersion":"10.0.17763.1 (WinBuild.160101.0800)","Product":"Microsoft® Windows® Operating System","User":"DESKTOP-H6FBQ5J\\windows","Hashes":"MD5=F225F37717C8D714B56CF21C7C1E9C34,SHA256=E272D0E33299BCA60479683EAE0D9B5D880293C01B337D5759FEE812EA631A39,IMPHASH=9839C7FD9649496B162F72128209528A","ParentImage":"C:\\Windows\\System32\\svchost.exe","Image":"C:\\Windows\\System32\\taskhostw.exe"}},"ecs":{"version":"8.0.0"},"agent":{"ephemeral_id":"f8d845b8-8ac1-43f8-9a65-a6e7c2082e2f","id":"0ae603cf-457e-4a6f-bbde-51c28f1a031e","name":"DESKTOP-IKR997B","type":"winlogbeat","version":"9.3.3"},"event":{"code":"1","kind":"event","provider":"Microsoft-Windows-Sysmon","created":"2026-04-15T13:13:46.684Z"},"log":{"file":{"path":"C:\\Users\\ivysa\\Downloads\\winlogbeat-9.3.3-windows-x86_64\\winlogbeat-9.3.3-windows-x86_64\\symon.evtx"},"level":"information"},"error":{"message":"failed to get the event message string: failed in EvtFormatMessage: The message resource is present but the message was not found in the message table."}}
{"@timestamp":"2026-04-15T09:01:01.588Z","@metadata":{"beat":"winlogbeat","type":"_doc","version":"9.3.3"},"log":{"level":"information","file":{"path":"C:\\Users\\ivysa\\Downloads\\winlogbeat-9.3.3-windows-x86_64\\winlogbeat-9.3.3-windows-x86_64\\symon.evtx"}},"error":{"message":"failed to get the event message string: failed in EvtFormatMessage: The message resource is present but the message was not found in the message table."},"host":{"name":"DESKTOP-H6FBQ5J"},"ecs":{"version":"8.0.0"},"agent":{"ephemeral_id":"f8d845b8-8ac1-43f8-9a65-a6e7c2082e2f","id":"0ae603cf-457e-4a6f-bbde-51c28f1a031e","name":"DESKTOP-IKR997B","type":"winlogbeat","version":"9.3.3"},"winlog":{"opcode":"Info","version":5,"error":{},"provider_guid":"{5770385F-C22A-43E0-BF4C-06F5698FFBD9}","user":{"type":"Well Known Group","identifier":"S-1-5-18","domain":"NT AUTHORITY","name":"SYSTEM"},"record_id":625,"event_data":{"ProcessGuid":"{8F7AB6F6-53CD-69DF-0A02-000000000500}","CurrentDirectory":"C:\\Windows\\system32\\","UtcTime":"2026-04-15 09:01:01.581","FileVersion":"10.0.17763.1 (WinBuild.160101.0800)","CommandLine":"C:\\Windows\\system32\\rundll32.exe C:\\Windows\\system32\\AppxDeploymentClient.dll,AppxPreStageCleanupRunTask","User":"NT AUTHORITY\\SYSTEM","ParentProcessGuid":"{8F7AB6F6-4E82-69DF-1B00-000000000500}","Company":"Microsoft Corporation","Hashes":"MD5=C73BA51880F5A7FB20C84185A23212EF,SHA256=01B407AF0200B66A34D9B1FA6D9EAAB758EFA36A36BB99B554384F59F8690B1A,IMPHASH=F27A7FC3A53E74F45BE370131953896A","Image":"C:\\Windows\\System32\\rundll32.exe","LogonId":"0x3e7","ParentUser":"NT AUTHORITY\\SYSTEM","Description":"Windows host process (Rundll32)","TerminalSessionId":"0","ParentCommandLine":"C:\\Windows\\system32\\svchost.exe -k netsvcs -p -s Schedule","IntegrityLevel":"System","Product":"Microsoft® Windows® Operating System","LogonGuid":"{8F7AB6F6-4E81-69DF-E703-000000000000}","ProcessId":"6396","OriginalFileName":"RUNDLL32.EXE","RuleName":"-","ParentImage":"C:\\Windows\\System32\\svchost.exe","ParentProcessId":"420"},"channel":"Microsoft-Windows-Sysmon/Operational","event_id":"1","provider_name":"Microsoft-Windows-Sysmon","process":{"pid":6668,"thread":{"id":6376}},"computer_name":"DESKTOP-H6FBQ5J"},"event":{"created":"2026-04-15T13:13:46.684Z","code":"1","kind":"event","provider":"Microsoft-Windows-Sysmon"}}
{"@timestamp":"2026-04-15T09:01:01.600Z","@metadata":{"beat":"winlogbeat","type":"_doc","version":"9.3.3"},"winlog":{"provider_guid":"{5770385F-C22A-43E0-BF4C-06F5698FFBD9}","provider_name":"Microsoft-Windows-Sysmon","version":5,"event_data":{"Hashes":"MD5=C73BA51880F5A7FB20C84185A23212EF,SHA256=01B407AF0200B66A34D9B1FA6D9EAAB758EFA36A36BB99B554384F59F8690B1A,IMPHASH=F27A7FC3A53E74F45BE370131953896A","CommandLine":"C:\\Windows\\system32\\rundll32.exe dfdts.dll,DfdGetDefaultPolicyAndSMART","ParentCommandLine":"C:\\Windows\\system32\\svchost.exe -k netsvcs -p -s Schedule","LogonId":"0x3e7","Image":"C:\\Windows\\System32\\rundll32.exe","ProcessGuid":"{8F7AB6F6-53CD-69DF-0B02-000000000500}","UtcTime":"2026-04-15 09:01:01.589","LogonGuid":"{8F7AB6F6-4E81-69DF-E703-000000000000}","Product":"Microsoft® Windows® Operating System","ParentProcessId":"420","ParentUser":"NT AUTHORITY\\SYSTEM","Description":"Windows host process (Rundll32)","CurrentDirectory":"C:\\Windows\\system32\\","FileVersion":"10.0.17763.1 (WinBuild.160101.0800)","User":"NT AUTHORITY\\SYSTEM","IntegrityLevel":"System","RuleName":"-","ParentImage":"C:\\Windows\\System32\\svchost.exe","ProcessId":"2720","Company":"Microsoft Corporation","OriginalFileName":"RUNDLL32.EXE","TerminalSessionId":"0","ParentProcessGuid":"{8F7AB6F6-4E82-69DF-1B00-000000000500}"},"error":{},"opcode":"Info","user":{"type":"Well Known Group","identifier":"S-1-5-18","domain":"NT AUTHORITY","name":"SYSTEM"},"process":{"thread":{"id":6376},"pid":6668},"record_id":626,"computer_name":"DESKTOP-H6FBQ5J","channel":"Microsoft-Windows-Sysmon/Operational","event_id":"1"},"event":{"created":"2026-04-15T13:13:46.684Z","code":"1","kind":"event","provider":"Microsoft-Windows-Sysmon"},"log":{"file":{"path":"C:\\Users\\ivysa\\Downloads\\winlogbeat-9.3.3-windows-x86_64\\winlogbeat-9.3.3-windows-x86_64\\symon.evtx"},"level":"information"},"error":{"message":"failed to get the event message string: failed in EvtFormatMessage: The message resource is present but the message was not found in the message table."},"host":{"name":"DESKTOP-H6FBQ5J"},"ecs":{"version":"8.0.0"},"agent":{"ephemeral_id":"f8d845b8-8ac1-43f8-9a65-a6e7c2082e2f","id":"0ae603cf-457e-4a6f-bbde-51c28f1a031e","name":"DESKTOP-IKR997B","type":"winlogbeat","version":"9.3.3"}}
{"@timestamp":"2026-04-15T09:01:01.631Z","@metadata":{"beat":"winlogbeat","type":"_doc","version":"9.3.3"},"host":{"name":"DESKTOP-H6FBQ5J"},"ecs":{"version":"8.0.0"},"agent":{"ephemeral_id":"f8d845b8-8ac1-43f8-9a65-a6e7c2082e2f","id":"0ae603cf-457e-4a6f-bbde-51c28f1a031e","name":"DESKTOP-IKR997B","type":"winlogbeat","version":"9.3.3"},"winlog":{"provider_guid":"{5770385F-C22A-43E0-BF4C-06F5698FFBD9}","process":{"pid":6668,"thread":{"id":6376}},"channel":"Microsoft-Windows-Sysmon/Operational","event_id":"1","record_id":627,"opcode":"Info","user":{"identifier":"S-1-5-18","domain":"NT AUTHORITY","name":"SYSTEM","type":"Well Known Group"},"event_data":{"OriginalFileName":"dstokenclean.exe","ParentProcessGuid":"{8F7AB6F6-4E82-69DF-1B00-000000000500}","ParentUser":"NT AUTHORITY\\SYSTEM","ProcessGuid":"{8F7AB6F6-53CD-69DF-0C02-000000000500}","ProcessId":"6208","RuleName":"-","UtcTime":"2026-04-15 09:01:01.613","User":"NT AUTHORITY\\SYSTEM","TerminalSessionId":"0","CommandLine":"C:\\Windows\\system32\\dstokenclean.exe","CurrentDirectory":"C:\\Windows\\system32\\","LogonId":"0x3e7","Product":"Microsoft® Windows® Operating System","LogonGuid":"{8F7AB6F6-4E81-69DF-E703-000000000000}","Image":"C:\\Windows\\System32\\dstokenclean.exe","Description":"Data Sharing Service Maintenance Driver","IntegrityLevel":"System","ParentProcessId":"420","ParentImage":"C:\\Windows\\System32\\svchost.exe","FileVersion":"10.0.17763.1 (WinBuild.160101.0800)","Hashes":"MD5=6A7D8561BCBA33ED64E3BEFD67C10CA0,SHA256=066AEB24EC4007483EDB2AC0893236069F463E598FC18FF5646B28D067A74F58,IMPHASH=F1D06B8C52F369E9C51A17B21E2BD700","ParentCommandLine":"C:\\Windows\\system32\\svchost.exe -k netsvcs -p -s Schedule","Company":"Microsoft Corporation"},"version":5,"error":{},"provider_name":"Microsoft-Windows-Sysmon","computer_name":"DESKTOP-H6FBQ5J"},"event":{"provider":"Microsoft-Windows-Sysmon","created":"2026-04-15T13:13:46.684Z","code":"1","kind":"event"},"log":{"file":{"path":"C:\\Users\\ivysa\\Downloads\\winlogbeat-9.3.3-windows-x86_64\\winlogbeat-9.3.3-windows-x86_64\\symon.evtx"},"level":"information"},"error":{"message":"failed to get the event message string: failed in EvtFormatMessage: The message resource is present but the message was not found in the message table."}}
{"@timestamp":"2026-04-15T09:01:01.754Z","@metadata":{"beat":"winlogbeat","type":"_doc","version":"9.3.3"},"winlog":{"provider_name":"Microsoft-Windows-Sysmon","computer_name":"DESKTOP-H6FBQ5J","provider_guid":"{5770385F-C22A-43E0-BF4C-06F5698FFBD9}","user":{"identifier":"S-1-5-18","domain":"NT AUTHORITY","name":"SYSTEM","type":"Well Known Group"},"process":{"thread":{"id":6376},"pid":6668},"channel":"Microsoft-Windows-Sysmon/Operational","record_id":628,"opcode":"Info","version":5,"event_data":{"OriginalFileName":"taskhostw.exe","CommandLine":"taskhostw.exe SYSTEM","Description":"Host Process for Windows Tasks","ParentUser":"NT AUTHORITY\\SYSTEM","ProcessGuid":"{8F7AB6F6-53CD-69DF-0D02-000000000500}","TerminalSessionId":"0","RuleName":"-","ParentProcessId":"420","CurrentDirectory":"C:\\Windows\\system32\\","ParentProcessGuid":"{8F7AB6F6-4E82-69DF-1B00-000000000500}","ParentImage":"C:\\Windows\\System32\\svchost.exe","ProcessId":"640","FileVersion":"10.0.17763.1 (WinBuild.160101.0800)","LogonId":"0x3e7","IntegrityLevel":"System","UtcTime":"2026-04-15 09:01:01.652","Company":"Microsoft Corporation","User":"NT AUTHORITY\\SYSTEM","LogonGuid":"{8F7AB6F6-4E81-69DF-E703-000000000000}","Image":"C:\\Windows\\System32\\taskhostw.exe","Hashes":"MD5=F225F37717C8D714B56CF21C7C1E9C34,SHA256=E272D0E33299BCA60479683EAE0D9B5D880293C01B337D5759FEE812EA631A39,IMPHASH=9839C7FD9649496B162F72128209528A","ParentCommandLine":"C:\\Windows\\system32\\svchost.exe -k netsvcs -p -s Schedule","Product":"Microsoft® Windows® Operating System"},"error":{},"event_id":"1"},"event":{"code":"1","kind":"event","provider":"Microsoft-Windows-Sysmon","created":"2026-04-15T13:13:46.684Z"},"log":{"level":"information","file":{"path":"C:\\Users\\ivysa\\Downloads\\winlogbeat-9.3.3-windows-x86_64\\winlogbeat-9.3.3-windows-x86_64\\symon.evtx"}},"error":{"message":"failed to get the event message string: failed in EvtFormatMessage: The message resource is present but the message was not found in the message table."},"host":{"name":"DESKTOP-H6FBQ5J"},"ecs":{"version":"8.0.0"},"agent":{"ephemeral_id":"f8d845b8-8ac1-43f8-9a65-a6e7c2082e2f","id":"0ae603cf-457e-4a6f-bbde-51c28f1a031e","name":"DESKTOP-IKR997B","type":"winlogbeat","version":"9.3.3"}}
{"@timestamp":"2026-04-15T09:01:01.780Z","@metadata":{"beat":"winlogbeat","type":"_doc","version":"9.3.3"},"winlog":{"provider_name":"Microsoft-Windows-Sysmon","provider_guid":"{5770385F-C22A-43E0-BF4C-06F5698FFBD9}","version":5,"process":{"pid":6668,"thread":{"id":6376}},"error":{},"record_id":629,"event_data":{"Company":"Microsoft Corporation","IntegrityLevel":"System","UtcTime":"2026-04-15 09:01:01.776","ProcessId":"916","FileVersion":"10.0.17763.1 (WinBuild.160101.0800)","Hashes":"MD5=5BB8DEB569B92CAE95617286BD25ED99,SHA256=26A12639EF4893A2A9FB3970661956B21C500B8A61D8B07DDE53100A17970559,IMPHASH=00000000000000000000000000000000","ParentUser":"NT AUTHORITY\\SYSTEM","LogonId":"0x3e7","CurrentDirectory":"C:\\Windows\\system32\\","ParentProcessId":"420","Product":"Microsoft® Windows® Operating System","ParentProcessGuid":"{8F7AB6F6-4E82-69DF-1B00-000000000500}","User":"NT AUTHORITY\\SYSTEM","ProcessGuid":"{8F7AB6F6-53CD-69DF-0E02-000000000500}","Description":"TimeZone Sync Task","ParentCommandLine":"C:\\Windows\\system32\\svchost.exe -k netsvcs -p -s Schedule","RuleName":"-","CommandLine":"C:\\Windows\\system32\\tzsync.exe","TerminalSessionId":"0","LogonGuid":"{8F7AB6F6-4E81-69DF-E703-000000000000}","OriginalFileName":"tzsync.exe","ParentImage":"C:\\Windows\\System32\\svchost.exe","Image":"C:\\Windows\\System32\\tzsync.exe"},"computer_name":"DESKTOP-H6FBQ5J","opcode":"Info","user":{"domain":"NT AUTHORITY","name":"SYSTEM","type":"Well Known Group","identifier":"S-1-5-18"},"channel":"Microsoft-Windows-Sysmon/Operational","event_id":"1"},"ecs":{"version":"8.0.0"},"agent":{"ephemeral_id":"f8d845b8-8ac1-43f8-9a65-a6e7c2082e2f","id":"0ae603cf-457e-4a6f-bbde-51c28f1a031e","name":"DESKTOP-IKR997B","type":"winlogbeat","version":"9.3.3"},"event":{"created":"2026-04-15T13:13:46.684Z","code":"1","kind":"event","provider":"Microsoft-Windows-Sysmon"},"log":{"file":{"path":"C:\\Users\\ivysa\\Downloads\\winlogbeat-9.3.3-windows-x86_64\\winlogbeat-9.3.3-windows-x86_64\\symon.evtx"},"level":"information"},"error":{"message":"failed to get the event message string: failed in EvtFormatMessage: The message resource is present but the message was not found in the message table."},"host":{"name":"DESKTOP-H6FBQ5J"}}
{"@timestamp":"2026-04-15T09:01:01.785Z","@metadata":{"beat":"winlogbeat","type":"_doc","version":"9.3.3"},"ecs":{"version":"8.0.0"},"host":{"name":"DESKTOP-H6FBQ5J"},"winlog":{"provider_guid":"{5770385F-C22A-43E0-BF4C-06F5698FFBD9}","process":{"pid":6668,"thread":{"id":6376}},"error":{},"provider_name":"Microsoft-Windows-Sysmon","record_id":630,"opcode":"Info","event_data":{"CurrentDirectory":"C:\\Windows\\system32\\","RuleName":"-","UtcTime":"2026-04-15 09:01:01.783","FileVersion":"4.18.1807.18075 (GitEnlistment(winpbld).180719-0853)","LogonGuid":"{8F7AB6F6-4E81-69DF-E703-000000000000}","ParentProcessGuid":"{8F7AB6F6-4E82-69DF-1B00-000000000500}","ParentProcessId":"420","ParentUser":"NT AUTHORITY\\SYSTEM","LogonId":"0x3e7","User":"NT AUTHORITY\\SYSTEM","CommandLine":"\"C:\\Program Files\\Windows Defender\\MpCmdRun.exe\" -IdleTask -TaskName WdCacheMaintenance","ProcessId":"6936","TerminalSessionId":"0","ProcessGuid":"{8F7AB6F6-53CD-69DF-0F02-000000000500}","Image":"C:\\Program Files\\Windows Defender\\MpCmdRun.exe","ParentImage":"C:\\Windows\\System32\\svchost.exe","Description":"Microsoft Malware Protection Command Line Utility","IntegrityLevel":"System","Hashes":"MD5=288D836B81E809EB33CDCCAA9D1AB395,SHA256=81F85A88DD1829663D5E748CA95709EFF5328444BBDB2C888F85124D939F6899,IMPHASH=FFAEA1E2634A3119C40B178379C9863F","ParentCommandLine":"C:\\Windows\\system32\\svchost.exe -k netsvcs -p -s Schedule","OriginalFileName":"MpCmdRun.exe","Product":"Microsoft® Windows® Operating System","Company":"Microsoft Corporation"},"channel":"Microsoft-Windows-Sysmon/Operational","event_id":"1","computer_name":"DESKTOP-H6FBQ5J","version":5,"user":{"identifier":"S-1-5-18","domain":"NT AUTHORITY","name":"SYSTEM","type":"Well Known Group"}},"event":{"code":"1","kind":"event","provider":"Microsoft-Windows-Sysmon","created":"2026-04-15T13:13:46.684Z"},"log":{"file":{"path":"C:\\Users\\ivysa\\Downloads\\winlogbeat-9.3.3-windows-x86_64\\winlogbeat-9.3.3-windows-x86_64\\symon.evtx"},"level":"information"},"error":{"message":"failed to get the event message string: failed in EvtFormatMessage: The message resource is present but the message was not found in the message table."},"agent":{"ephemeral_id":"f8d845b8-8ac1-43f8-9a65-a6e7c2082e2f","id":"0ae603cf-457e-4a6f-bbde-51c28f1a031e","name":"DESKTOP-IKR997B","type":"winlogbeat","version":"9.3.3"}}
{"@timestamp":"2026-04-15T09:01:01.797Z","@metadata":{"beat":"winlogbeat","type":"_doc","version":"9.3.3"},"log":{"level":"information","file":{"path":"C:\\Users\\ivysa\\Downloads\\winlogbeat-9.3.3-windows-x86_64\\winlogbeat-9.3.3-windows-x86_64\\symon.evtx"}},"error":{"message":"failed to get the event message string: failed in EvtFormatMessage: The message resource is present but the message was not found in the message table."},"host":{"name":"DESKTOP-H6FBQ5J"},"agent":{"name":"DESKTOP-IKR997B","type":"winlogbeat","version":"9.3.3","ephemeral_id":"f8d845b8-8ac1-43f8-9a65-a6e7c2082e2f","id":"0ae603cf-457e-4a6f-bbde-51c28f1a031e"},"ecs":{"version":"8.0.0"},"winlog":{"computer_name":"DESKTOP-H6FBQ5J","provider_guid":"{5770385F-C22A-43E0-BF4C-06F5698FFBD9}","version":5,"process":{"pid":6668,"thread":{"id":6376}},"opcode":"Info","event_id":"1","error":{},"channel":"Microsoft-Windows-Sysmon/Operational","provider_name":"Microsoft-Windows-Sysmon","record_id":631,"user":{"domain":"NT AUTHORITY","name":"SYSTEM","type":"Well Known Group","identifier":"S-1-5-18"},"event_data":{"User":"NT AUTHORITY\\SYSTEM","ParentProcessGuid":"{8F7AB6F6-4E82-69DF-1B00-000000000500}","ParentCommandLine":"C:\\Windows\\system32\\svchost.exe -k netsvcs -p -s Schedule","ParentUser":"NT AUTHORITY\\SYSTEM","CommandLine":"C:\\Windows\\system32\\lpremove.exe","LogonGuid":"{8F7AB6F6-4E81-69DF-E703-000000000000}","FileVersion":"10.0.17763.1 (WinBuild.160101.0800)","Image":"C:\\Windows\\System32\\lpremove.exe","IntegrityLevel":"System","CurrentDirectory":"C:\\Windows\\system32\\","LogonId":"0x3e7","ParentImage":"C:\\Windows\\System32\\svchost.exe","RuleName":"-","ProcessGuid":"{8F7AB6F6-53CD-69DF-1002-000000000500}","TerminalSessionId":"0","Product":"Microsoft® Windows® Operating System","Company":"Microsoft Corporation","Hashes":"MD5=C1C6A67FA093B4218E20D7339039F09C,SHA256=148B7B678FE8E74F8D92412B14EFF11496D7B1AB7B8A548B327594F806DF77AF,IMPHASH=BC8B53A40E2042348C46E384FDE1F769","OriginalFileName":"lpremove.exe","Description":"MUI Language pack cleanup","UtcTime":"2026-04-15 09:01:01.789","ParentProcessId":"420","ProcessId":"6612"}},"event":{"created":"2026-04-15T13:13:46.685Z","code":"1","kind":"event","provider":"Microsoft-Windows-Sysmon"}}
{"@timestamp":"2026-04-15T09:01:01.807Z","@metadata":{"beat":"winlogbeat","type":"_doc","version":"9.3.3"},"error":{"message":"failed to get the event message string: failed in EvtFormatMessage: The message resource is present but the message was not found in the message table."},"host":{"name":"DESKTOP-H6FBQ5J"},"winlog":{"opcode":"Info","provider_name":"Microsoft-Windows-Sysmon","provider_guid":"{5770385F-C22A-43E0-BF4C-06F5698FFBD9}","user":{"identifier":"S-1-5-18","domain":"NT AUTHORITY","name":"SYSTEM","type":"Well Known Group"},"event_id":"1","record_id":632,"version":5,"event_data":{"Product":"Microsoft® Windows® Operating System","UtcTime":"2026-04-15 09:01:01.801","ParentProcessId":"420","ParentUser":"NT AUTHORITY\\SYSTEM","TerminalSessionId":"0","RuleName":"-","OriginalFileName":"DiskSnapshot.exe","CurrentDirectory":"C:\\Windows\\system32\\","Image":"C:\\Windows\\System32\\DiskSnapshot.exe","ParentImage":"C:\\Windows\\System32\\svchost.exe","ParentCommandLine":"C:\\Windows\\system32\\svchost.exe -k netsvcs -p -s Schedule","ProcessGuid":"{8F7AB6F6-53CD-69DF-1102-000000000500}","CommandLine":"C:\\Windows\\system32\\disksnapshot.exe -z","ProcessId":"6448","LogonGuid":"{8F7AB6F6-4E81-69DF-E703-000000000000}","Description":"DiskSnapshot.exe","Company":"Microsoft Corporation","LogonId":"0x3e7","IntegrityLevel":"System","Hashes":"MD5=1F3FDB34E276FDC78AF419D9896600D8,SHA256=660F45568EFFE4564725702DDAA6B36113EE99FB9AD4C0FABCA88CCDF06B3D76,IMPHASH=69BDABB73B409F40AD05F057CEC29380","ParentProcessGuid":"{8F7AB6F6-4E82-69DF-1B00-000000000500}","User":"NT AUTHORITY\\SYSTEM","FileVersion":"10.0.17763.1 (WinBuild.160101.0800)"},"process":{"pid":6668,"thread":{"id":6376}},"error":{},"channel":"Microsoft-Windows-Sysmon/Operational","computer_name":"DESKTOP-H6FBQ5J"},"event":{"kind":"event","provider":"Microsoft-Windows-Sysmon","created":"2026-04-15T13:13:46.685Z","code":"1"},"log":{"file":{"path":"C:\\Users\\ivysa\\Downloads\\winlogbeat-9.3.3-windows-x86_64\\winlogbeat-9.3.3-windows-x86_64\\symon.evtx"},"level":"information"},"agent":{"name":"DESKTOP-IKR997B","type":"winlogbeat","version":"9.3.3","ephemeral_id":"f8d845b8-8ac1-43f8-9a65-a6e7c2082e2f","id":"0ae603cf-457e-4a6f-bbde-51c28f1a031e"},"ecs":{"version":"8.0.0"}}
