{"@timestamp":"2026-04-15T08:51:11.537Z","@metadata":{"beat":"winlogbeat","type":"_doc","version":"9.3.3"},"error":{"message":"failed to get the event message string: failed in EvtFormatMessage: The message resource is present but the message was not found in the message table."},"host":{"name":"DESKTOP-H6FBQ5J"},"ecs":{"version":"8.0.0"},"agent":{"name":"DESKTOP-IKR997B","type":"winlogbeat","version":"9.3.3","ephemeral_id":"f8d845b8-8ac1-43f8-9a65-a6e7c2082e2f","id":"0ae603cf-457e-4a6f-bbde-51c28f1a031e"},"winlog":{"event_id":"13","record_id":357,"user":{"identifier":"S-1-5-18","domain":"NT AUTHORITY","name":"SYSTEM","type":"Well Known Group"},"event_data":{"RuleName":"InvDB-Pub","Image":"C:\\Windows\\system32\\svchost.exe","TargetObject":"\\REGISTRY\\A\\{36189a49-2a78-032b-ac62-c77ad8e35341}\\Root\\InventoryApplicationFile\\regdll.x64.exe|a2112b0789b0437a\\Publisher","Details":"(Empty)","EventType":"SetValue","UtcTime":"2026-04-15 08:51:11.503","User":"NT AUTHORITY\\SYSTEM","ProcessGuid":"{8F7AB6F6-4E8A-69DF-6800-000000000500}","ProcessId":"3976"},"computer_name":"DESKTOP-H6FBQ5J","opcode":"Info","provider_guid":"{5770385F-C22A-43E0-BF4C-06F5698FFBD9}","error":{},"channel":"Microsoft-Windows-Sysmon/Operational","provider_name":"Microsoft-Windows-Sysmon","version":2,"process":{"thread":{"id":6376},"pid":6668}},"event":{"code":"13","kind":"event","provider":"Microsoft-Windows-Sysmon","created":"2026-04-15T13:13:46.596Z"},"log":{"file":{"path":"C:\\Users\\ivysa\\Downloads\\winlogbeat-9.3.3-windows-x86_64\\winlogbeat-9.3.3-windows-x86_64\\symon.evtx"},"level":"information"}}
{"@timestamp":"2026-04-15T08:51:11.538Z","@metadata":{"beat":"winlogbeat","type":"_doc","version":"9.3.3"},"agent":{"type":"winlogbeat","version":"9.3.3","ephemeral_id":"f8d845b8-8ac1-43f8-9a65-a6e7c2082e2f","id":"0ae603cf-457e-4a6f-bbde-51c28f1a031e","name":"DESKTOP-IKR997B"},"log":{"level":"information","file":{"path":"C:\\Users\\ivysa\\Downloads\\winlogbeat-9.3.3-windows-x86_64\\winlogbeat-9.3.3-windows-x86_64\\symon.evtx"}},"error":{"message":"failed to get the event message string: failed in EvtFormatMessage: The message resource is present but the message was not found in the message table."},"host":{"name":"DESKTOP-H6FBQ5J"},"winlog":{"provider_name":"Microsoft-Windows-Sysmon","record_id":358,"opcode":"Info","provider_guid":"{5770385F-C22A-43E0-BF4C-06F5698FFBD9}","computer_name":"DESKTOP-H6FBQ5J","version":2,"channel":"Microsoft-Windows-Sysmon/Operational","event_id":"13","user":{"identifier":"S-1-5-18","domain":"NT AUTHORITY","name":"SYSTEM","type":"Well Known Group"},"event_data":{"Image":"C:\\Windows\\system32\\svchost.exe","TargetObject":"\\REGISTRY\\A\\{36189a49-2a78-032b-ac62-c77ad8e35341}\\Root\\InventoryApplicationFile\\regdll.x64.exe|a2112b0789b0437a\\LinkDate","User":"NT AUTHORITY\\SYSTEM","RuleName":"InvDB-CompileTimeClaim","ProcessGuid":"{8F7AB6F6-4E8A-69DF-6800-000000000500}","Details":"(Empty)","UtcTime":"2026-04-15 08:51:11.503","EventType":"SetValue","ProcessId":"3976"},"process":{"pid":6668,"thread":{"id":6376}},"error":{}},"event":{"created":"2026-04-15T13:13:46.596Z","code":"13","kind":"event","provider":"Microsoft-Windows-Sysmon"},"ecs":{"version":"8.0.0"}}
{"@timestamp":"2026-04-15T08:51:11.538Z","@metadata":{"beat":"winlogbeat","type":"_doc","version":"9.3.3"},"log":{"level":"information","file":{"path":"C:\\Users\\ivysa\\Downloads\\winlogbeat-9.3.3-windows-x86_64\\winlogbeat-9.3.3-windows-x86_64\\symon.evtx"}},"error":{"message":"failed to get the event message string: failed in EvtFormatMessage: The message resource is present but the message was not found in the message table."},"host":{"name":"DESKTOP-H6FBQ5J"},"winlog":{"channel":"Microsoft-Windows-Sysmon/Operational","computer_name":"DESKTOP-H6FBQ5J","user":{"identifier":"S-1-5-18","domain":"NT AUTHORITY","name":"SYSTEM","type":"Well Known Group"},"error":{},"provider_name":"Microsoft-Windows-Sysmon","record_id":359,"opcode":"Info","provider_guid":"{5770385F-C22A-43E0-BF4C-06F5698FFBD9}","process":{"pid":6668,"thread":{"id":6376}},"event_id":"13","event_data":{"TargetObject":"\\REGISTRY\\A\\{36189a49-2a78-032b-ac62-c77ad8e35341}\\Root\\InventoryApplicationFile\\regdll.x64.exe|a2112b0789b0437a\\BinProductVersion","User":"NT AUTHORITY\\SYSTEM","EventType":"SetValue","ProcessGuid":"{8F7AB6F6-4E8A-69DF-6800-000000000500}","Image":"C:\\Windows\\system32\\svchost.exe","Details":"(Empty)","UtcTime":"2026-04-15 08:51:11.503","RuleName":"InvDB-Ver","ProcessId":"3976"},"version":2},"event":{"code":"13","kind":"event","provider":"Microsoft-Windows-Sysmon","created":"2026-04-15T13:13:46.596Z"},"ecs":{"version":"8.0.0"},"agent":{"type":"winlogbeat","version":"9.3.3","ephemeral_id":"f8d845b8-8ac1-43f8-9a65-a6e7c2082e2f","id":"0ae603cf-457e-4a6f-bbde-51c28f1a031e","name":"DESKTOP-IKR997B"}}
{"@timestamp":"2026-04-15T08:51:11.631Z","@metadata":{"beat":"winlogbeat","type":"_doc","version":"9.3.3"},"winlog":{"process":{"pid":6668,"thread":{"id":6376}},"event_id":"13","opcode":"Info","error":{},"channel":"Microsoft-Windows-Sysmon/Operational","record_id":360,"event_data":{"EventType":"SetValue","ProcessGuid":"{8F7AB6F6-4E8A-69DF-6800-000000000500}","UtcTime":"2026-04-15 08:51:11.550","ProcessId":"3976","User":"NT AUTHORITY\\SYSTEM","RuleName":"InvDB-Pub","Image":"C:\\Windows\\system32\\svchost.exe","TargetObject":"\\REGISTRY\\A\\{36189a49-2a78-032b-ac62-c77ad8e35341}\\Root\\InventoryApplication\\0000ea7fce52735645d210faea65a330828f0000ffff\\Publisher","Details":"Bandisoft.com"},"computer_name":"DESKTOP-H6FBQ5J","provider_guid":"{5770385F-C22A-43E0-BF4C-06F5698FFBD9}","provider_name":"Microsoft-Windows-Sysmon","version":2,"user":{"domain":"NT AUTHORITY","name":"SYSTEM","type":"Well Known Group","identifier":"S-1-5-18"}},"event":{"created":"2026-04-15T13:13:46.596Z","code":"13","kind":"event","provider":"Microsoft-Windows-Sysmon"},"log":{"file":{"path":"C:\\Users\\ivysa\\Downloads\\winlogbeat-9.3.3-windows-x86_64\\winlogbeat-9.3.3-windows-x86_64\\symon.evtx"},"level":"information"},"error":{"message":"failed to get the event message string: failed in EvtFormatMessage: The message resource is present but the message was not found in the message table."},"host":{"name":"DESKTOP-H6FBQ5J"},"agent":{"type":"winlogbeat","version":"9.3.3","ephemeral_id":"f8d845b8-8ac1-43f8-9a65-a6e7c2082e2f","id":"0ae603cf-457e-4a6f-bbde-51c28f1a031e","name":"DESKTOP-IKR997B"},"ecs":{"version":"8.0.0"}}
{"@timestamp":"2026-04-15T08:51:11.632Z","@metadata":{"beat":"winlogbeat","type":"_doc","version":"9.3.3"},"error":{"message":"failed to get the event message string: failed in EvtFormatMessage: The message resource is present but the message was not found in the message table."},"host":{"name":"DESKTOP-H6FBQ5J"},"winlog":{"computer_name":"DESKTOP-H6FBQ5J","provider_guid":"{5770385F-C22A-43E0-BF4C-06F5698FFBD9}","record_id":361,"version":2,"opcode":"Info","user":{"name":"SYSTEM","type":"Well Known Group","identifier":"S-1-5-18","domain":"NT AUTHORITY"},"event_data":{"UtcTime":"2026-04-15 08:51:11.550","ProcessId":"3976","User":"NT AUTHORITY\\SYSTEM","TargetObject":"\\REGISTRY\\A\\{36189a49-2a78-032b-ac62-c77ad8e35341}\\Root\\InventoryApplicationFile\\amsiman.x64.exe|cc7d1e4ee45af3e2\\LowerCaseLongPath","RuleName":"InvDB-Path","EventType":"SetValue","ProcessGuid":"{8F7AB6F6-4E8A-69DF-6800-000000000500}","Image":"C:\\Windows\\system32\\svchost.exe","Details":"c:\\program files\\bandizip\\data\\amsiman.x64.exe"},"process":{"pid":6668,"thread":{"id":6376}},"provider_name":"Microsoft-Windows-Sysmon","error":{},"channel":"Microsoft-Windows-Sysmon/Operational","event_id":"13"},"event":{"created":"2026-04-15T13:13:46.596Z","code":"13","kind":"event","provider":"Microsoft-Windows-Sysmon"},"ecs":{"version":"8.0.0"},"agent":{"version":"9.3.3","ephemeral_id":"f8d845b8-8ac1-43f8-9a65-a6e7c2082e2f","id":"0ae603cf-457e-4a6f-bbde-51c28f1a031e","name":"DESKTOP-IKR997B","type":"winlogbeat"},"log":{"file":{"path":"C:\\Users\\ivysa\\Downloads\\winlogbeat-9.3.3-windows-x86_64\\winlogbeat-9.3.3-windows-x86_64\\symon.evtx"},"level":"information"}}
{"@timestamp":"2026-04-15T08:51:11.633Z","@metadata":{"beat":"winlogbeat","type":"_doc","version":"9.3.3"},"ecs":{"version":"8.0.0"},"log":{"level":"information","file":{"path":"C:\\Users\\ivysa\\Downloads\\winlogbeat-9.3.3-windows-x86_64\\winlogbeat-9.3.3-windows-x86_64\\symon.evtx"}},"error":{"message":"failed to get the event message string: failed in EvtFormatMessage: The message resource is present but the message was not found in the message table."},"host":{"name":"DESKTOP-H6FBQ5J"},"winlog":{"record_id":362,"opcode":"Info","version":2,"event_data":{"TargetObject":"\\REGISTRY\\A\\{36189a49-2a78-032b-ac62-c77ad8e35341}\\Root\\InventoryApplicationFile\\amsiman.x64.exe|cc7d1e4ee45af3e2\\Publisher","EventType":"SetValue","UtcTime":"2026-04-15 08:51:11.550","ProcessGuid":"{8F7AB6F6-4E8A-69DF-6800-000000000500}","User":"NT AUTHORITY\\SYSTEM","Image":"C:\\Windows\\system32\\svchost.exe","Details":"bandisoft international inc.","RuleName":"InvDB-Pub","ProcessId":"3976"},"channel":"Microsoft-Windows-Sysmon/Operational","error":{},"event_id":"13","user":{"domain":"NT AUTHORITY","name":"SYSTEM","type":"Well Known Group","identifier":"S-1-5-18"},"computer_name":"DESKTOP-H6FBQ5J","provider_guid":"{5770385F-C22A-43E0-BF4C-06F5698FFBD9}","process":{"pid":6668,"thread":{"id":6376}},"provider_name":"Microsoft-Windows-Sysmon"},"event":{"created":"2026-04-15T13:13:46.596Z","code":"13","kind":"event","provider":"Microsoft-Windows-Sysmon"},"agent":{"ephemeral_id":"f8d845b8-8ac1-43f8-9a65-a6e7c2082e2f","id":"0ae603cf-457e-4a6f-bbde-51c28f1a031e","name":"DESKTOP-IKR997B","type":"winlogbeat","version":"9.3.3"}}
{"@timestamp":"2026-04-15T08:51:11.633Z","@metadata":{"beat":"winlogbeat","type":"_doc","version":"9.3.3"},"error":{"message":"failed to get the event message string: failed in EvtFormatMessage: The message resource is present but the message was not found in the message table."},"host":{"name":"DESKTOP-H6FBQ5J"},"winlog":{"version":2,"computer_name":"DESKTOP-H6FBQ5J","process":{"thread":{"id":6376},"pid":6668},"error":{},"channel":"Microsoft-Windows-Sysmon/Operational","provider_name":"Microsoft-Windows-Sysmon","record_id":363,"opcode":"Info","user":{"type":"Well Known Group","identifier":"S-1-5-18","domain":"NT AUTHORITY","name":"SYSTEM"},"event_id":"13","provider_guid":"{5770385F-C22A-43E0-BF4C-06F5698FFBD9}","event_data":{"Image":"C:\\Windows\\system32\\svchost.exe","User":"NT AUTHORITY\\SYSTEM","UtcTime":"2026-04-15 08:51:11.550","ProcessGuid":"{8F7AB6F6-4E8A-69DF-6800-000000000500}","ProcessId":"3976","Details":"04/15/2026 04:21:56","EventType":"SetValue","RuleName":"InvDB-CompileTimeClaim","TargetObject":"\\REGISTRY\\A\\{36189a49-2a78-032b-ac62-c77ad8e35341}\\Root\\InventoryApplicationFile\\amsiman.x64.exe|cc7d1e4ee45af3e2\\LinkDate"}},"ecs":{"version":"8.0.0"},"agent":{"name":"DESKTOP-IKR997B","type":"winlogbeat","version":"9.3.3","ephemeral_id":"f8d845b8-8ac1-43f8-9a65-a6e7c2082e2f","id":"0ae603cf-457e-4a6f-bbde-51c28f1a031e"},"event":{"created":"2026-04-15T13:13:46.596Z","code":"13","kind":"event","provider":"Microsoft-Windows-Sysmon"},"log":{"file":{"path":"C:\\Users\\ivysa\\Downloads\\winlogbeat-9.3.3-windows-x86_64\\winlogbeat-9.3.3-windows-x86_64\\symon.evtx"},"level":"information"}}
{"@timestamp":"2026-04-15T08:51:11.633Z","@metadata":{"beat":"winlogbeat","type":"_doc","version":"9.3.3"},"host":{"name":"DESKTOP-H6FBQ5J"},"winlog":{"process":{"pid":6668,"thread":{"id":6376}},"event_id":"13","version":2,"user":{"name":"SYSTEM","type":"Well Known Group","identifier":"S-1-5-18","domain":"NT AUTHORITY"},"record_id":364,"event_data":{"RuleName":"InvDB-Ver","EventType":"SetValue","User":"NT AUTHORITY\\SYSTEM","UtcTime":"2026-04-15 08:51:11.550","ProcessGuid":"{8F7AB6F6-4E8A-69DF-6800-000000000500}","ProcessId":"3976","Image":"C:\\Windows\\system32\\svchost.exe","TargetObject":"\\REGISTRY\\A\\{36189a49-2a78-032b-ac62-c77ad8e35341}\\Root\\InventoryApplicationFile\\amsiman.x64.exe|cc7d1e4ee45af3e2\\BinProductVersion","Details":"7.17.0.4"},"error":{},"channel":"Microsoft-Windows-Sysmon/Operational","provider_name":"Microsoft-Windows-Sysmon","opcode":"Info","computer_name":"DESKTOP-H6FBQ5J","provider_guid":"{5770385F-C22A-43E0-BF4C-06F5698FFBD9}"},"event":{"kind":"event","provider":"Microsoft-Windows-Sysmon","created":"2026-04-15T13:13:46.596Z","code":"13"},"log":{"file":{"path":"C:\\Users\\ivysa\\Downloads\\winlogbeat-9.3.3-windows-x86_64\\winlogbeat-9.3.3-windows-x86_64\\symon.evtx"},"level":"information"},"ecs":{"version":"8.0.0"},"agent":{"ephemeral_id":"f8d845b8-8ac1-43f8-9a65-a6e7c2082e2f","id":"0ae603cf-457e-4a6f-bbde-51c28f1a031e","name":"DESKTOP-IKR997B","type":"winlogbeat","version":"9.3.3"},"error":{"message":"failed to get the event message string: failed in EvtFormatMessage: The message resource is present but the message was not found in the message table."}}
{"@timestamp":"2026-04-15T08:51:11.634Z","@metadata":{"beat":"winlogbeat","type":"_doc","version":"9.3.3"},"event":{"provider":"Microsoft-Windows-Sysmon","created":"2026-04-15T13:13:46.596Z","code":"13","kind":"event"},"log":{"file":{"path":"C:\\Users\\ivysa\\Downloads\\winlogbeat-9.3.3-windows-x86_64\\winlogbeat-9.3.3-windows-x86_64\\symon.evtx"},"level":"information"},"ecs":{"version":"8.0.0"},"agent":{"version":"9.3.3","ephemeral_id":"f8d845b8-8ac1-43f8-9a65-a6e7c2082e2f","id":"0ae603cf-457e-4a6f-bbde-51c28f1a031e","name":"DESKTOP-IKR997B","type":"winlogbeat"},"error":{"message":"failed to get the event message string: failed in EvtFormatMessage: The message resource is present but the message was not found in the message table."},"host":{"name":"DESKTOP-H6FBQ5J"},"winlog":{"user":{"name":"SYSTEM","type":"Well Known Group","identifier":"S-1-5-18","domain":"NT AUTHORITY"},"provider_name":"Microsoft-Windows-Sysmon","opcode":"Info","version":2,"channel":"Microsoft-Windows-Sysmon/Operational","computer_name":"DESKTOP-H6FBQ5J","provider_guid":"{5770385F-C22A-43E0-BF4C-06F5698FFBD9}","event_data":{"Details":"c:\\program files\\bandizip\\arkview.x64.exe","RuleName":"InvDB-Path","EventType":"SetValue","Image":"C:\\Windows\\system32\\svchost.exe","UtcTime":"2026-04-15 08:51:11.550","ProcessGuid":"{8F7AB6F6-4E8A-69DF-6800-000000000500}","TargetObject":"\\REGISTRY\\A\\{36189a49-2a78-032b-ac62-c77ad8e35341}\\Root\\InventoryApplicationFile\\arkview.x64.exe|c5fcff87b3ef9c53\\LowerCaseLongPath","User":"NT AUTHORITY\\SYSTEM","ProcessId":"3976"},"record_id":365,"process":{"thread":{"id":6376},"pid":6668},"error":{},"event_id":"13"}}
{"@timestamp":"2026-04-15T08:51:11.634Z","@metadata":{"beat":"winlogbeat","type":"_doc","version":"9.3.3"},"winlog":{"opcode":"Info","user":{"type":"Well Known Group","identifier":"S-1-5-18","domain":"NT AUTHORITY","name":"SYSTEM"},"event_data":{"TargetObject":"\\REGISTRY\\A\\{36189a49-2a78-032b-ac62-c77ad8e35341}\\Root\\InventoryApplicationFile\\arkview.x64.exe|c5fcff87b3ef9c53\\Publisher","Details":"bandisoft international inc.","User":"NT AUTHORITY\\SYSTEM","RuleName":"InvDB-Pub","EventType":"SetValue","ProcessGuid":"{8F7AB6F6-4E8A-69DF-6800-000000000500}","ProcessId":"3976","Image":"C:\\Windows\\system32\\svchost.exe","UtcTime":"2026-04-15 08:51:11.550"},"process":{"thread":{"id":6376},"pid":6668},"computer_name":"DESKTOP-H6FBQ5J","provider_guid":"{5770385F-C22A-43E0-BF4C-06F5698FFBD9}","version":2,"error":{},"channel":"Microsoft-Windows-Sysmon/Operational","provider_name":"Microsoft-Windows-Sysmon","record_id":366,"event_id":"13"},"event":{"created":"2026-04-15T13:13:46.596Z","code":"13","kind":"event","provider":"Microsoft-Windows-Sysmon"},"log":{"level":"information","file":{"path":"C:\\Users\\ivysa\\Downloads\\winlogbeat-9.3.3-windows-x86_64\\winlogbeat-9.3.3-windows-x86_64\\symon.evtx"}},"error":{"message":"failed to get the event message string: failed in EvtFormatMessage: The message resource is present but the message was not found in the message table."},"host":{"name":"DESKTOP-H6FBQ5J"},"ecs":{"version":"8.0.0"},"agent":{"ephemeral_id":"f8d845b8-8ac1-43f8-9a65-a6e7c2082e2f","id":"0ae603cf-457e-4a6f-bbde-51c28f1a031e","name":"DESKTOP-IKR997B","type":"winlogbeat","version":"9.3.3"}}
{"@timestamp":"2026-04-15T08:51:11.635Z","@metadata":{"beat":"winlogbeat","type":"_doc","version":"9.3.3"},"ecs":{"version":"8.0.0"},"agent":{"ephemeral_id":"f8d845b8-8ac1-43f8-9a65-a6e7c2082e2f","id":"0ae603cf-457e-4a6f-bbde-51c28f1a031e","name":"DESKTOP-IKR997B","type":"winlogbeat","version":"9.3.3"},"event":{"created":"2026-04-15T13:13:46.596Z","code":"13","kind":"event","provider":"Microsoft-Windows-Sysmon"},"log":{"level":"information","file":{"path":"C:\\Users\\ivysa\\Downloads\\winlogbeat-9.3.3-windows-x86_64\\winlogbeat-9.3.3-windows-x86_64\\symon.evtx"}},"error":{"message":"failed to get the event message string: failed in EvtFormatMessage: The message resource is present but the message was not found in the message table."},"host":{"name":"DESKTOP-H6FBQ5J"},"winlog":{"provider_guid":"{5770385F-C22A-43E0-BF4C-06F5698FFBD9}","event_data":{"User":"NT AUTHORITY\\SYSTEM","EventType":"SetValue","UtcTime":"2026-04-15 08:51:11.550","ProcessId":"3976","RuleName":"InvDB-CompileTimeClaim","ProcessGuid":"{8F7AB6F6-4E8A-69DF-6800-000000000500}","Image":"C:\\Windows\\system32\\svchost.exe","TargetObject":"\\REGISTRY\\A\\{36189a49-2a78-032b-ac62-c77ad8e35341}\\Root\\InventoryApplicationFile\\arkview.x64.exe|c5fcff87b3ef9c53\\LinkDate","Details":"04/15/2026 04:21:55"},"channel":"Microsoft-Windows-Sysmon/Operational","provider_name":"Microsoft-Windows-Sysmon","error":{},"user":{"identifier":"S-1-5-18","domain":"NT AUTHORITY","name":"SYSTEM","type":"Well Known Group"},"event_id":"13","opcode":"Info","version":2,"process":{"pid":6668,"thread":{"id":6376}},"record_id":367,"computer_name":"DESKTOP-H6FBQ5J"}}
{"@timestamp":"2026-04-15T08:51:11.635Z","@metadata":{"beat":"winlogbeat","type":"_doc","version":"9.3.3"},"event":{"kind":"event","provider":"Microsoft-Windows-Sysmon","created":"2026-04-15T13:13:46.596Z","code":"13"},"log":{"level":"information","file":{"path":"C:\\Users\\ivysa\\Downloads\\winlogbeat-9.3.3-windows-x86_64\\winlogbeat-9.3.3-windows-x86_64\\symon.evtx"}},"error":{"message":"failed to get the event message string: failed in EvtFormatMessage: The message resource is present but the message was not found in the message table."},"host":{"name":"DESKTOP-H6FBQ5J"},"ecs":{"version":"8.0.0"},"agent":{"ephemeral_id":"f8d845b8-8ac1-43f8-9a65-a6e7c2082e2f","id":"0ae603cf-457e-4a6f-bbde-51c28f1a031e","name":"DESKTOP-IKR997B","type":"winlogbeat","version":"9.3.3"},"winlog":{"user":{"domain":"NT AUTHORITY","name":"SYSTEM","type":"Well Known Group","identifier":"S-1-5-18"},"opcode":"Info","version":2,"event_data":{"TargetObject":"\\REGISTRY\\A\\{36189a49-2a78-032b-ac62-c77ad8e35341}\\Root\\InventoryApplicationFile\\arkview.x64.exe|c5fcff87b3ef9c53\\BinProductVersion","Details":"7.42.0.5","EventType":"SetValue","ProcessGuid":"{8F7AB6F6-4E8A-69DF-6800-000000000500}","ProcessId":"3976","User":"NT AUTHORITY\\SYSTEM","RuleName":"InvDB-Ver","UtcTime":"2026-04-15 08:51:11.550","Image":"C:\\Windows\\system32\\svchost.exe"},"error":{},"channel":"Microsoft-Windows-Sysmon/Operational","event_id":"13","computer_name":"DESKTOP-H6FBQ5J","process":{"pid":6668,"thread":{"id":6376}},"provider_name":"Microsoft-Windows-Sysmon","record_id":368,"provider_guid":"{5770385F-C22A-43E0-BF4C-06F5698FFBD9}"}}
{"@timestamp":"2026-04-15T08:51:11.636Z","@metadata":{"beat":"winlogbeat","type":"_doc","version":"9.3.3"},"error":{"message":"failed to get the event message string: failed in EvtFormatMessage: The message resource is present but the message was not found in the message table."},"host":{"name":"DESKTOP-H6FBQ5J"},"ecs":{"version":"8.0.0"},"agent":{"ephemeral_id":"f8d845b8-8ac1-43f8-9a65-a6e7c2082e2f","id":"0ae603cf-457e-4a6f-bbde-51c28f1a031e","name":"DESKTOP-IKR997B","type":"winlogbeat","version":"9.3.3"},"winlog":{"provider_guid":"{5770385F-C22A-43E0-BF4C-06F5698FFBD9}","process":{"thread":{"id":6376},"pid":6668},"event_id":"13","record_id":369,"user":{"name":"SYSTEM","type":"Well Known Group","identifier":"S-1-5-18","domain":"NT AUTHORITY"},"event_data":{"Image":"C:\\Windows\\system32\\svchost.exe","TargetObject":"\\REGISTRY\\A\\{36189a49-2a78-032b-ac62-c77ad8e35341}\\Root\\InventoryApplicationFile\\bandizip.exe|e3141464ce9a98eb\\LowerCaseLongPath","User":"NT AUTHORITY\\SYSTEM","RuleName":"InvDB-Path","EventType":"SetValue","Details":"c:\\program files\\bandizip\\bandizip.exe","UtcTime":"2026-04-15 08:51:11.550","ProcessGuid":"{8F7AB6F6-4E8A-69DF-6800-000000000500}","ProcessId":"3976"},"channel":"Microsoft-Windows-Sysmon/Operational","opcode":"Info","error":{},"provider_name":"Microsoft-Windows-Sysmon","computer_name":"DESKTOP-H6FBQ5J","version":2},"event":{"code":"13","kind":"event","provider":"Microsoft-Windows-Sysmon","created":"2026-04-15T13:13:46.596Z"},"log":{"level":"information","file":{"path":"C:\\Users\\ivysa\\Downloads\\winlogbeat-9.3.3-windows-x86_64\\winlogbeat-9.3.3-windows-x86_64\\symon.evtx"}}}
{"@timestamp":"2026-04-15T08:51:11.636Z","@metadata":{"beat":"winlogbeat","type":"_doc","version":"9.3.3"},"log":{"level":"information","file":{"path":"C:\\Users\\ivysa\\Downloads\\winlogbeat-9.3.3-windows-x86_64\\winlogbeat-9.3.3-windows-x86_64\\symon.evtx"}},"ecs":{"version":"8.0.0"},"agent":{"name":"DESKTOP-IKR997B","type":"winlogbeat","version":"9.3.3","ephemeral_id":"f8d845b8-8ac1-43f8-9a65-a6e7c2082e2f","id":"0ae603cf-457e-4a6f-bbde-51c28f1a031e"},"error":{"message":"failed to get the event message string: failed in EvtFormatMessage: The message resource is present but the message was not found in the message table."},"host":{"name":"DESKTOP-H6FBQ5J"},"winlog":{"version":2,"user":{"name":"SYSTEM","type":"Well Known Group","identifier":"S-1-5-18","domain":"NT AUTHORITY"},"event_data":{"Image":"C:\\Windows\\system32\\svchost.exe","ProcessGuid":"{8F7AB6F6-4E8A-69DF-6800-000000000500}","Details":"bandisoft international inc.","RuleName":"InvDB-Pub","ProcessId":"3976","TargetObject":"\\REGISTRY\\A\\{36189a49-2a78-032b-ac62-c77ad8e35341}\\Root\\InventoryApplicationFile\\bandizip.exe|e3141464ce9a98eb\\Publisher","EventType":"SetValue","UtcTime":"2026-04-15 08:51:11.550","User":"NT AUTHORITY\\SYSTEM"},"process":{"pid":6668,"thread":{"id":6376}},"provider_name":"Microsoft-Windows-Sysmon","opcode":"Info","error":{},"channel":"Microsoft-Windows-Sysmon/Operational","event_id":"13","record_id":370,"provider_guid":"{5770385F-C22A-43E0-BF4C-06F5698FFBD9}","computer_name":"DESKTOP-H6FBQ5J"},"event":{"kind":"event","provider":"Microsoft-Windows-Sysmon","created":"2026-04-15T13:13:46.596Z","code":"13"}}
{"@timestamp":"2026-04-15T08:51:11.637Z","@metadata":{"beat":"winlogbeat","type":"_doc","version":"9.3.3"},"error":{"message":"failed to get the event message string: failed in EvtFormatMessage: The message resource is present but the message was not found in the message table."},"host":{"name":"DESKTOP-H6FBQ5J"},"ecs":{"version":"8.0.0"},"agent":{"id":"0ae603cf-457e-4a6f-bbde-51c28f1a031e","name":"DESKTOP-IKR997B","type":"winlogbeat","version":"9.3.3","ephemeral_id":"f8d845b8-8ac1-43f8-9a65-a6e7c2082e2f"},"winlog":{"opcode":"Info","process":{"thread":{"id":6376},"pid":6668},"error":{},"event_id":"13","provider_name":"Microsoft-Windows-Sysmon","record_id":371,"computer_name":"DESKTOP-H6FBQ5J","user":{"type":"Well Known Group","identifier":"S-1-5-18","domain":"NT AUTHORITY","name":"SYSTEM"},"event_data":{"TargetObject":"\\REGISTRY\\A\\{36189a49-2a78-032b-ac62-c77ad8e35341}\\Root\\InventoryApplicationFile\\bandizip.exe|e3141464ce9a98eb\\LinkDate","UtcTime":"2026-04-15 08:51:11.550","Details":"04/15/2026 04:22:01","RuleName":"InvDB-CompileTimeClaim","User":"NT AUTHORITY\\SYSTEM","EventType":"SetValue","ProcessGuid":"{8F7AB6F6-4E8A-69DF-6800-000000000500}","ProcessId":"3976","Image":"C:\\Windows\\system32\\svchost.exe"},"provider_guid":"{5770385F-C22A-43E0-BF4C-06F5698FFBD9}","version":2,"channel":"Microsoft-Windows-Sysmon/Operational"},"event":{"code":"13","kind":"event","provider":"Microsoft-Windows-Sysmon","created":"2026-04-15T13:13:46.596Z"},"log":{"file":{"path":"C:\\Users\\ivysa\\Downloads\\winlogbeat-9.3.3-windows-x86_64\\winlogbeat-9.3.3-windows-x86_64\\symon.evtx"},"level":"information"}}
{"@timestamp":"2026-04-15T08:51:11.637Z","@metadata":{"beat":"winlogbeat","type":"_doc","version":"9.3.3"},"log":{"level":"information","file":{"path":"C:\\Users\\ivysa\\Downloads\\winlogbeat-9.3.3-windows-x86_64\\winlogbeat-9.3.3-windows-x86_64\\symon.evtx"}},"error":{"message":"failed to get the event message string: failed in EvtFormatMessage: The message resource is present but the message was not found in the message table."},"host":{"name":"DESKTOP-H6FBQ5J"},"ecs":{"version":"8.0.0"},"agent":{"ephemeral_id":"f8d845b8-8ac1-43f8-9a65-a6e7c2082e2f","id":"0ae603cf-457e-4a6f-bbde-51c28f1a031e","name":"DESKTOP-IKR997B","type":"winlogbeat","version":"9.3.3"},"winlog":{"record_id":372,"process":{"thread":{"id":6376},"pid":6668},"error":{},"channel":"Microsoft-Windows-Sysmon/Operational","event_id":"13","computer_name":"DESKTOP-H6FBQ5J","opcode":"Info","version":2,"user":{"type":"Well Known Group","identifier":"S-1-5-18","domain":"NT AUTHORITY","name":"SYSTEM"},"event_data":{"EventType":"SetValue","ProcessGuid":"{8F7AB6F6-4E8A-69DF-6800-000000000500}","Image":"C:\\Windows\\system32\\svchost.exe","RuleName":"InvDB-Ver","UtcTime":"2026-04-15 08:51:11.550","ProcessId":"3976","User":"NT AUTHORITY\\SYSTEM","TargetObject":"\\REGISTRY\\A\\{36189a49-2a78-032b-ac62-c77ad8e35341}\\Root\\InventoryApplicationFile\\bandizip.exe|e3141464ce9a98eb\\BinProductVersion","Details":"7.42.0.5"},"provider_guid":"{5770385F-C22A-43E0-BF4C-06F5698FFBD9}","provider_name":"Microsoft-Windows-Sysmon"},"event":{"code":"13","kind":"event","provider":"Microsoft-Windows-Sysmon","created":"2026-04-15T13:13:46.597Z"}}
{"@timestamp":"2026-04-15T08:51:11.638Z","@metadata":{"beat":"winlogbeat","type":"_doc","version":"9.3.3"},"host":{"name":"DESKTOP-H6FBQ5J"},"ecs":{"version":"8.0.0"},"agent":{"id":"0ae603cf-457e-4a6f-bbde-51c28f1a031e","name":"DESKTOP-IKR997B","type":"winlogbeat","version":"9.3.3","ephemeral_id":"f8d845b8-8ac1-43f8-9a65-a6e7c2082e2f"},"winlog":{"provider_name":"Microsoft-Windows-Sysmon","record_id":373,"opcode":"Info","process":{"pid":6668,"thread":{"id":6376}},"channel":"Microsoft-Windows-Sysmon/Operational","event_data":{"Details":"c:\\program files\\bandizip\\bz.exe","UtcTime":"2026-04-15 08:51:11.550","ProcessGuid":"{8F7AB6F6-4E8A-69DF-6800-000000000500}","User":"NT AUTHORITY\\SYSTEM","EventType":"SetValue","TargetObject":"\\REGISTRY\\A\\{36189a49-2a78-032b-ac62-c77ad8e35341}\\Root\\InventoryApplicationFile\\bz.exe|895dbda4158a4275\\LowerCaseLongPath","RuleName":"InvDB-Path","Image":"C:\\Windows\\system32\\svchost.exe","ProcessId":"3976"},"computer_name":"DESKTOP-H6FBQ5J","version":2,"provider_guid":"{5770385F-C22A-43E0-BF4C-06F5698FFBD9}","user":{"type":"Well Known Group","identifier":"S-1-5-18","domain":"NT AUTHORITY","name":"SYSTEM"},"error":{},"event_id":"13"},"event":{"provider":"Microsoft-Windows-Sysmon","created":"2026-04-15T13:13:46.597Z","code":"13","kind":"event"},"log":{"level":"information","file":{"path":"C:\\Users\\ivysa\\Downloads\\winlogbeat-9.3.3-windows-x86_64\\winlogbeat-9.3.3-windows-x86_64\\symon.evtx"}},"error":{"message":"failed to get the event message string: failed in EvtFormatMessage: The message resource is present but the message was not found in the message table."}}
{"@timestamp":"2026-04-15T08:51:11.638Z","@metadata":{"beat":"winlogbeat","type":"_doc","version":"9.3.3"},"winlog":{"event_data":{"EventType":"SetValue","ProcessGuid":"{8F7AB6F6-4E8A-69DF-6800-000000000500}","User":"NT AUTHORITY\\SYSTEM","TargetObject":"\\REGISTRY\\A\\{36189a49-2a78-032b-ac62-c77ad8e35341}\\Root\\InventoryApplicationFile\\bz.exe|895dbda4158a4275\\Publisher","RuleName":"InvDB-Pub","UtcTime":"2026-04-15 08:51:11.550","ProcessId":"3976","Details":"bandisoft international inc.","Image":"C:\\Windows\\system32\\svchost.exe"},"error":{},"event_id":"13","opcode":"Info","process":{"pid":6668,"thread":{"id":6376}},"version":2,"user":{"type":"Well Known Group","identifier":"S-1-5-18","domain":"NT AUTHORITY","name":"SYSTEM"},"computer_name":"DESKTOP-H6FBQ5J","provider_guid":"{5770385F-C22A-43E0-BF4C-06F5698FFBD9}","channel":"Microsoft-Windows-Sysmon/Operational","provider_name":"Microsoft-Windows-Sysmon","record_id":374},"event":{"provider":"Microsoft-Windows-Sysmon","created":"2026-04-15T13:13:46.597Z","code":"13","kind":"event"},"log":{"level":"information","file":{"path":"C:\\Users\\ivysa\\Downloads\\winlogbeat-9.3.3-windows-x86_64\\winlogbeat-9.3.3-windows-x86_64\\symon.evtx"}},"error":{"message":"failed to get the event message string: failed in EvtFormatMessage: The message resource is present but the message was not found in the message table."},"host":{"name":"DESKTOP-H6FBQ5J"},"ecs":{"version":"8.0.0"},"agent":{"ephemeral_id":"f8d845b8-8ac1-43f8-9a65-a6e7c2082e2f","id":"0ae603cf-457e-4a6f-bbde-51c28f1a031e","name":"DESKTOP-IKR997B","type":"winlogbeat","version":"9.3.3"}}
{"@timestamp":"2026-04-15T08:51:11.639Z","@metadata":{"beat":"winlogbeat","type":"_doc","version":"9.3.3"},"agent":{"ephemeral_id":"f8d845b8-8ac1-43f8-9a65-a6e7c2082e2f","id":"0ae603cf-457e-4a6f-bbde-51c28f1a031e","name":"DESKTOP-IKR997B","type":"winlogbeat","version":"9.3.3"},"event":{"kind":"event","provider":"Microsoft-Windows-Sysmon","created":"2026-04-15T13:13:46.597Z","code":"13"},"log":{"level":"information","file":{"path":"C:\\Users\\ivysa\\Downloads\\winlogbeat-9.3.3-windows-x86_64\\winlogbeat-9.3.3-windows-x86_64\\symon.evtx"}},"error":{"message":"failed to get the event message string: failed in EvtFormatMessage: The message resource is present but the message was not found in the message table."},"host":{"name":"DESKTOP-H6FBQ5J"},"winlog":{"error":{},"event_id":"13","computer_name":"DESKTOP-H6FBQ5J","provider_guid":"{5770385F-C22A-43E0-BF4C-06F5698FFBD9}","record_id":375,"user":{"type":"Well Known Group","identifier":"S-1-5-18","domain":"NT AUTHORITY","name":"SYSTEM"},"event_data":{"EventType":"SetValue","UtcTime":"2026-04-15 08:51:11.597","ProcessId":"3976","TargetObject":"\\REGISTRY\\A\\{36189a49-2a78-032b-ac62-c77ad8e35341}\\Root\\InventoryApplicationFile\\bz.exe|895dbda4158a4275\\LinkDate","ProcessGuid":"{8F7AB6F6-4E8A-69DF-6800-000000000500}","Image":"C:\\Windows\\system32\\svchost.exe","RuleName":"InvDB-CompileTimeClaim","Details":"04/15/2026 04:21:51","User":"NT AUTHORITY\\SYSTEM"},"opcode":"Info","process":{"pid":6668,"thread":{"id":6376}},"channel":"Microsoft-Windows-Sysmon/Operational","provider_name":"Microsoft-Windows-Sysmon","version":2},"ecs":{"version":"8.0.0"}}
{"@timestamp":"2026-04-15T08:51:11.639Z","@metadata":{"beat":"winlogbeat","type":"_doc","version":"9.3.3"},"error":{"message":"failed to get the event message string: failed in EvtFormatMessage: The message resource is present but the message was not found in the message table."},"host":{"name":"DESKTOP-H6FBQ5J"},"winlog":{"version":2,"user":{"domain":"NT AUTHORITY","name":"SYSTEM","type":"Well Known Group","identifier":"S-1-5-18"},"provider_name":"Microsoft-Windows-Sysmon","opcode":"Info","channel":"Microsoft-Windows-Sysmon/Operational","event_id":"13","record_id":376,"event_data":{"ProcessId":"3976","Image":"C:\\Windows\\system32\\svchost.exe","Details":"7.42.0.5","User":"NT AUTHORITY\\SYSTEM","RuleName":"InvDB-Ver","ProcessGuid":"{8F7AB6F6-4E8A-69DF-6800-000000000500}","EventType":"SetValue","UtcTime":"2026-04-15 08:51:11.597","TargetObject":"\\REGISTRY\\A\\{36189a49-2a78-032b-ac62-c77ad8e35341}\\Root\\InventoryApplicationFile\\bz.exe|895dbda4158a4275\\BinProductVersion"},"process":{"thread":{"id":6376},"pid":6668},"error":{},"computer_name":"DESKTOP-H6FBQ5J","provider_guid":"{5770385F-C22A-43E0-BF4C-06F5698FFBD9}"},"event":{"kind":"event","provider":"Microsoft-Windows-Sysmon","created":"2026-04-15T13:13:46.597Z","code":"13"},"log":{"level":"information","file":{"path":"C:\\Users\\ivysa\\Downloads\\winlogbeat-9.3.3-windows-x86_64\\winlogbeat-9.3.3-windows-x86_64\\symon.evtx"}},"ecs":{"version":"8.0.0"},"agent":{"ephemeral_id":"f8d845b8-8ac1-43f8-9a65-a6e7c2082e2f","id":"0ae603cf-457e-4a6f-bbde-51c28f1a031e","name":"DESKTOP-IKR997B","type":"winlogbeat","version":"9.3.3"}}
{"@timestamp":"2026-04-15T08:51:11.639Z","@metadata":{"beat":"winlogbeat","type":"_doc","version":"9.3.3"},"host":{"name":"DESKTOP-H6FBQ5J"},"winlog":{"event_id":"13","provider_guid":"{5770385F-C22A-43E0-BF4C-06F5698FFBD9}","error":{},"channel":"Microsoft-Windows-Sysmon/Operational","record_id":377,"version":2,"event_data":{"RuleName":"InvDB-Path","UtcTime":"2026-04-15 08:51:11.597","TargetObject":"\\REGISTRY\\A\\{36189a49-2a78-032b-ac62-c77ad8e35341}\\Root\\InventoryApplicationFile\\coupang.exe|1b1f49a042a81e80\\LowerCaseLongPath","ProcessGuid":"{8F7AB6F6-4E8A-69DF-6800-000000000500}","ProcessId":"3976","Details":"c:\\program files\\bandizip\\data\\coupang.exe","User":"NT AUTHORITY\\SYSTEM","Image":"C:\\Windows\\system32\\svchost.exe","EventType":"SetValue"},"provider_name":"Microsoft-Windows-Sysmon","computer_name":"DESKTOP-H6FBQ5J","process":{"thread":{"id":6376},"pid":6668},"opcode":"Info","user":{"name":"SYSTEM","type":"Well Known Group","identifier":"S-1-5-18","domain":"NT AUTHORITY"}},"event":{"created":"2026-04-15T13:13:46.597Z","code":"13","kind":"event","provider":"Microsoft-Windows-Sysmon"},"log":{"level":"information","file":{"path":"C:\\Users\\ivysa\\Downloads\\winlogbeat-9.3.3-windows-x86_64\\winlogbeat-9.3.3-windows-x86_64\\symon.evtx"}},"error":{"message":"failed to get the event message string: failed in EvtFormatMessage: The message resource is present but the message was not found in the message table."},"agent":{"name":"DESKTOP-IKR997B","type":"winlogbeat","version":"9.3.3","ephemeral_id":"f8d845b8-8ac1-43f8-9a65-a6e7c2082e2f","id":"0ae603cf-457e-4a6f-bbde-51c28f1a031e"},"ecs":{"version":"8.0.0"}}
{"@timestamp":"2026-04-15T08:51:11.640Z","@metadata":{"beat":"winlogbeat","type":"_doc","version":"9.3.3"},"ecs":{"version":"8.0.0"},"agent":{"version":"9.3.3","ephemeral_id":"f8d845b8-8ac1-43f8-9a65-a6e7c2082e2f","id":"0ae603cf-457e-4a6f-bbde-51c28f1a031e","name":"DESKTOP-IKR997B","type":"winlogbeat"},"error":{"message":"failed to get the event message string: failed in EvtFormatMessage: The message resource is present but the message was not found in the message table."},"host":{"name":"DESKTOP-H6FBQ5J"},"winlog":{"error":{},"event_id":"13","opcode":"Info","version":2,"user":{"name":"SYSTEM","type":"Well Known Group","identifier":"S-1-5-18","domain":"NT AUTHORITY"},"channel":"Microsoft-Windows-Sysmon/Operational","provider_name":"Microsoft-Windows-Sysmon","record_id":378,"computer_name":"DESKTOP-H6FBQ5J","provider_guid":"{5770385F-C22A-43E0-BF4C-06F5698FFBD9}","event_data":{"EventType":"SetValue","User":"NT AUTHORITY\\SYSTEM","UtcTime":"2026-04-15 08:51:11.597","ProcessId":"3976","Image":"C:\\Windows\\system32\\svchost.exe","RuleName":"InvDB-Pub","ProcessGuid":"{8F7AB6F6-4E8A-69DF-6800-000000000500}","TargetObject":"\\REGISTRY\\A\\{36189a49-2a78-032b-ac62-c77ad8e35341}\\Root\\InventoryApplicationFile\\coupang.exe|1b1f49a042a81e80\\Publisher","Details":"(Empty)"},"process":{"pid":6668,"thread":{"id":6376}}},"event":{"kind":"event","provider":"Microsoft-Windows-Sysmon","created":"2026-04-15T13:13:46.597Z","code":"13"},"log":{"level":"information","file":{"path":"C:\\Users\\ivysa\\Downloads\\winlogbeat-9.3.3-windows-x86_64\\winlogbeat-9.3.3-windows-x86_64\\symon.evtx"}}}
{"@timestamp":"2026-04-15T08:51:11.640Z","@metadata":{"beat":"winlogbeat","type":"_doc","version":"9.3.3"},"ecs":{"version":"8.0.0"},"agent":{"type":"winlogbeat","version":"9.3.3","ephemeral_id":"f8d845b8-8ac1-43f8-9a65-a6e7c2082e2f","id":"0ae603cf-457e-4a6f-bbde-51c28f1a031e","name":"DESKTOP-IKR997B"},"winlog":{"user":{"identifier":"S-1-5-18","domain":"NT AUTHORITY","name":"SYSTEM","type":"Well Known Group"},"process":{"pid":6668,"thread":{"id":6376}},"event_id":"13","computer_name":"DESKTOP-H6FBQ5J","provider_guid":"{5770385F-C22A-43E0-BF4C-06F5698FFBD9}","event_data":{"Details":"03/13/2026 06:24:39","User":"NT AUTHORITY\\SYSTEM","EventType":"SetValue","UtcTime":"2026-04-15 08:51:11.597","ProcessGuid":"{8F7AB6F6-4E8A-69DF-6800-000000000500}","ProcessId":"3976","Image":"C:\\Windows\\system32\\svchost.exe","RuleName":"InvDB-CompileTimeClaim","TargetObject":"\\REGISTRY\\A\\{36189a49-2a78-032b-ac62-c77ad8e35341}\\Root\\InventoryApplicationFile\\coupang.exe|1b1f49a042a81e80\\LinkDate"},"channel":"Microsoft-Windows-Sysmon/Operational","provider_name":"Microsoft-Windows-Sysmon","record_id":379,"opcode":"Info","error":{},"version":2},"event":{"kind":"event","provider":"Microsoft-Windows-Sysmon","created":"2026-04-15T13:13:46.597Z","code":"13"},"log":{"level":"information","file":{"path":"C:\\Users\\ivysa\\Downloads\\winlogbeat-9.3.3-windows-x86_64\\winlogbeat-9.3.3-windows-x86_64\\symon.evtx"}},"error":{"message":"failed to get the event message string: failed in EvtFormatMessage: The message resource is present but the message was not found in the message table."},"host":{"name":"DESKTOP-H6FBQ5J"}}
{"@timestamp":"2026-04-15T08:51:11.640Z","@metadata":{"beat":"winlogbeat","type":"_doc","version":"9.3.3"},"winlog":{"process":{"pid":6668,"thread":{"id":6376}},"event_id":"13","provider_guid":"{5770385F-C22A-43E0-BF4C-06F5698FFBD9}","version":2,"provider_name":"Microsoft-Windows-Sysmon","channel":"Microsoft-Windows-Sysmon/Operational","computer_name":"DESKTOP-H6FBQ5J","error":{},"record_id":380,"opcode":"Info","user":{"identifier":"S-1-5-18","domain":"NT AUTHORITY","name":"SYSTEM","type":"Well Known Group"},"event_data":{"ProcessId":"3976","ProcessGuid":"{8F7AB6F6-4E8A-69DF-6800-000000000500}","Details":"(Empty)","User":"NT AUTHORITY\\SYSTEM","EventType":"SetValue","RuleName":"InvDB-Ver","UtcTime":"2026-04-15 08:51:11.597","Image":"C:\\Windows\\system32\\svchost.exe","TargetObject":"\\REGISTRY\\A\\{36189a49-2a78-032b-ac62-c77ad8e35341}\\Root\\InventoryApplicationFile\\coupang.exe|1b1f49a042a81e80\\BinProductVersion"}},"event":{"created":"2026-04-15T13:13:46.597Z","code":"13","kind":"event","provider":"Microsoft-Windows-Sysmon"},"log":{"file":{"path":"C:\\Users\\ivysa\\Downloads\\winlogbeat-9.3.3-windows-x86_64\\winlogbeat-9.3.3-windows-x86_64\\symon.evtx"},"level":"information"},"error":{"message":"failed to get the event message string: failed in EvtFormatMessage: The message resource is present but the message was not found in the message table."},"host":{"name":"DESKTOP-H6FBQ5J"},"ecs":{"version":"8.0.0"},"agent":{"ephemeral_id":"f8d845b8-8ac1-43f8-9a65-a6e7c2082e2f","id":"0ae603cf-457e-4a6f-bbde-51c28f1a031e","name":"DESKTOP-IKR997B","type":"winlogbeat","version":"9.3.3"}}
{"@timestamp":"2026-04-15T08:51:11.641Z","@metadata":{"beat":"winlogbeat","type":"_doc","version":"9.3.3"},"winlog":{"record_id":381,"channel":"Microsoft-Windows-Sysmon/Operational","provider_guid":"{5770385F-C22A-43E0-BF4C-06F5698FFBD9}","version":2,"event_data":{"ProcessId":"3976","TargetObject":"\\REGISTRY\\A\\{36189a49-2a78-032b-ac62-c77ad8e35341}\\Root\\InventoryApplicationFile\\regdll.x64.exe|a2112b0789b0437a\\LowerCaseLongPath","Details":"c:\\program files\\bandizip\\data\\regdll.x64.exe","User":"NT AUTHORITY\\SYSTEM","EventType":"SetValue","RuleName":"InvDB-Path","ProcessGuid":"{8F7AB6F6-4E8A-69DF-6800-000000000500}","Image":"C:\\Windows\\system32\\svchost.exe","UtcTime":"2026-04-15 08:51:11.597"},"provider_name":"Microsoft-Windows-Sysmon","computer_name":"DESKTOP-H6FBQ5J","user":{"identifier":"S-1-5-18","domain":"NT AUTHORITY","name":"SYSTEM","type":"Well Known Group"},"event_id":"13","opcode":"Info","process":{"pid":6668,"thread":{"id":6376}},"error":{}},"event":{"created":"2026-04-15T13:13:46.597Z","code":"13","kind":"event","provider":"Microsoft-Windows-Sysmon"},"log":{"level":"information","file":{"path":"C:\\Users\\ivysa\\Downloads\\winlogbeat-9.3.3-windows-x86_64\\winlogbeat-9.3.3-windows-x86_64\\symon.evtx"}},"error":{"message":"failed to get the event message string: failed in EvtFormatMessage: The message resource is present but the message was not found in the message table."},"host":{"name":"DESKTOP-H6FBQ5J"},"ecs":{"version":"8.0.0"},"agent":{"ephemeral_id":"f8d845b8-8ac1-43f8-9a65-a6e7c2082e2f","id":"0ae603cf-457e-4a6f-bbde-51c28f1a031e","name":"DESKTOP-IKR997B","type":"winlogbeat","version":"9.3.3"}}
{"@timestamp":"2026-04-15T08:51:11.641Z","@metadata":{"beat":"winlogbeat","type":"_doc","version":"9.3.3"},"ecs":{"version":"8.0.0"},"agent":{"version":"9.3.3","ephemeral_id":"f8d845b8-8ac1-43f8-9a65-a6e7c2082e2f","id":"0ae603cf-457e-4a6f-bbde-51c28f1a031e","name":"DESKTOP-IKR997B","type":"winlogbeat"},"host":{"name":"DESKTOP-H6FBQ5J"},"winlog":{"record_id":382,"provider_name":"Microsoft-Windows-Sysmon","provider_guid":"{5770385F-C22A-43E0-BF4C-06F5698FFBD9}","user":{"identifier":"S-1-5-18","domain":"NT AUTHORITY","name":"SYSTEM","type":"Well Known Group"},"event_data":{"EventType":"SetValue","UtcTime":"2026-04-15 08:51:11.612","ProcessGuid":"{8F7AB6F6-4E8A-69DF-6800-000000000500}","ProcessId":"3976","User":"NT AUTHORITY\\SYSTEM","Image":"C:\\Windows\\system32\\svchost.exe","TargetObject":"\\REGISTRY\\A\\{36189a49-2a78-032b-ac62-c77ad8e35341}\\Root\\InventoryApplicationFile\\regdll.x64.exe|a2112b0789b0437a\\Publisher","RuleName":"InvDB-Pub","Details":"(Empty)"},"computer_name":"DESKTOP-H6FBQ5J","process":{"pid":6668,"thread":{"id":6376}},"error":{},"event_id":"13","opcode":"Info","version":2,"channel":"Microsoft-Windows-Sysmon/Operational"},"event":{"created":"2026-04-15T13:13:46.597Z","code":"13","kind":"event","provider":"Microsoft-Windows-Sysmon"},"log":{"level":"information","file":{"path":"C:\\Users\\ivysa\\Downloads\\winlogbeat-9.3.3-windows-x86_64\\winlogbeat-9.3.3-windows-x86_64\\symon.evtx"}},"error":{"message":"failed to get the event message string: failed in EvtFormatMessage: The message resource is present but the message was not found in the message table."}}
{"@timestamp":"2026-04-15T08:51:11.642Z","@metadata":{"beat":"winlogbeat","type":"_doc","version":"9.3.3"},"log":{"level":"information","file":{"path":"C:\\Users\\ivysa\\Downloads\\winlogbeat-9.3.3-windows-x86_64\\winlogbeat-9.3.3-windows-x86_64\\symon.evtx"}},"error":{"message":"failed to get the event message string: failed in EvtFormatMessage: The message resource is present but the message was not found in the message table."},"host":{"name":"DESKTOP-H6FBQ5J"},"ecs":{"version":"8.0.0"},"agent":{"id":"0ae603cf-457e-4a6f-bbde-51c28f1a031e","name":"DESKTOP-IKR997B","type":"winlogbeat","version":"9.3.3","ephemeral_id":"f8d845b8-8ac1-43f8-9a65-a6e7c2082e2f"},"winlog":{"user":{"name":"SYSTEM","type":"Well Known Group","identifier":"S-1-5-18","domain":"NT AUTHORITY"},"error":{},"record_id":383,"opcode":"Info","event_data":{"RuleName":"InvDB-CompileTimeClaim","UtcTime":"2026-04-15 08:51:11.612","Image":"C:\\Windows\\system32\\svchost.exe","TargetObject":"\\REGISTRY\\A\\{36189a49-2a78-032b-ac62-c77ad8e35341}\\Root\\InventoryApplicationFile\\regdll.x64.exe|a2112b0789b0437a\\LinkDate","Details":"09/22/2023 07:28:33","EventType":"SetValue","User":"NT AUTHORITY\\SYSTEM","ProcessGuid":"{8F7AB6F6-4E8A-69DF-6800-000000000500}","ProcessId":"3976"},"process":{"thread":{"id":6376},"pid":6668},"channel":"Microsoft-Windows-Sysmon/Operational","event_id":"13","provider_name":"Microsoft-Windows-Sysmon","computer_name":"DESKTOP-H6FBQ5J","version":2,"provider_guid":"{5770385F-C22A-43E0-BF4C-06F5698FFBD9}"},"event":{"created":"2026-04-15T13:13:46.597Z","code":"13","kind":"event","provider":"Microsoft-Windows-Sysmon"}}
{"@timestamp":"2026-04-15T08:51:11.642Z","@metadata":{"beat":"winlogbeat","type":"_doc","version":"9.3.3"},"host":{"name":"DESKTOP-H6FBQ5J"},"winlog":{"computer_name":"DESKTOP-H6FBQ5J","opcode":"Info","version":2,"channel":"Microsoft-Windows-Sysmon/Operational","event_id":"13","provider_name":"Microsoft-Windows-Sysmon","process":{"pid":6668,"thread":{"id":6376}},"error":{},"record_id":384,"provider_guid":"{5770385F-C22A-43E0-BF4C-06F5698FFBD9}","event_data":{"Image":"C:\\Windows\\system32\\svchost.exe","Details":"(Empty)","RuleName":"InvDB-Ver","UtcTime":"2026-04-15 08:51:11.612","TargetObject":"\\REGISTRY\\A\\{36189a49-2a78-032b-ac62-c77ad8e35341}\\Root\\InventoryApplicationFile\\regdll.x64.exe|a2112b0789b0437a\\BinProductVersion","User":"NT AUTHORITY\\SYSTEM","ProcessGuid":"{8F7AB6F6-4E8A-69DF-6800-000000000500}","ProcessId":"3976","EventType":"SetValue"},"user":{"type":"Well Known Group","identifier":"S-1-5-18","domain":"NT AUTHORITY","name":"SYSTEM"}},"ecs":{"version":"8.0.0"},"agent":{"id":"0ae603cf-457e-4a6f-bbde-51c28f1a031e","name":"DESKTOP-IKR997B","type":"winlogbeat","version":"9.3.3","ephemeral_id":"f8d845b8-8ac1-43f8-9a65-a6e7c2082e2f"},"event":{"created":"2026-04-15T13:13:46.597Z","code":"13","kind":"event","provider":"Microsoft-Windows-Sysmon"},"log":{"level":"information","file":{"path":"C:\\Users\\ivysa\\Downloads\\winlogbeat-9.3.3-windows-x86_64\\winlogbeat-9.3.3-windows-x86_64\\symon.evtx"}},"error":{"message":"failed to get the event message string: failed in EvtFormatMessage: The message resource is present but the message was not found in the message table."}}
{"@timestamp":"2026-04-15T08:51:11.643Z","@metadata":{"beat":"winlogbeat","type":"_doc","version":"9.3.3"},"log":{"level":"information","file":{"path":"C:\\Users\\ivysa\\Downloads\\winlogbeat-9.3.3-windows-x86_64\\winlogbeat-9.3.3-windows-x86_64\\symon.evtx"}},"error":{"message":"failed to get the event message string: failed in EvtFormatMessage: The message resource is present but the message was not found in the message table."},"host":{"name":"DESKTOP-H6FBQ5J"},"ecs":{"version":"8.0.0"},"agent":{"ephemeral_id":"f8d845b8-8ac1-43f8-9a65-a6e7c2082e2f","id":"0ae603cf-457e-4a6f-bbde-51c28f1a031e","name":"DESKTOP-IKR997B","type":"winlogbeat","version":"9.3.3"},"winlog":{"version":2,"user":{"identifier":"S-1-5-18","domain":"NT AUTHORITY","name":"SYSTEM","type":"Well Known Group"},"error":{},"event_id":"13","provider_name":"Microsoft-Windows-Sysmon","channel":"Microsoft-Windows-Sysmon/Operational","record_id":385,"opcode":"Info","provider_guid":"{5770385F-C22A-43E0-BF4C-06F5698FFBD9}","event_data":{"Image":"C:\\Windows\\system32\\svchost.exe","User":"NT AUTHORITY\\SYSTEM","RuleName":"InvDB-Path","UtcTime":"2026-04-15 08:51:11.612","TargetObject":"\\REGISTRY\\A\\{36189a49-2a78-032b-ac62-c77ad8e35341}\\Root\\InventoryApplicationFile\\regdll.x86.exe|da15e467718601fb\\LowerCaseLongPath","Details":"c:\\program files\\bandizip\\data\\regdll.x86.exe","EventType":"SetValue","ProcessGuid":"{8F7AB6F6-4E8A-69DF-6800-000000000500}","ProcessId":"3976"},"process":{"pid":6668,"thread":{"id":6376}},"computer_name":"DESKTOP-H6FBQ5J"},"event":{"provider":"Microsoft-Windows-Sysmon","created":"2026-04-15T13:13:46.597Z","code":"13","kind":"event"}}
{"@timestamp":"2026-04-15T08:51:11.643Z","@metadata":{"beat":"winlogbeat","type":"_doc","version":"9.3.3"},"error":{"message":"failed to get the event message string: failed in EvtFormatMessage: The message resource is present but the message was not found in the message table."},"host":{"name":"DESKTOP-H6FBQ5J"},"winlog":{"process":{"pid":6668,"thread":{"id":6376}},"error":{},"provider_name":"Microsoft-Windows-Sysmon","provider_guid":"{5770385F-C22A-43E0-BF4C-06F5698FFBD9}","event_id":"13","record_id":386,"computer_name":"DESKTOP-H6FBQ5J","opcode":"Info","user":{"identifier":"S-1-5-18","domain":"NT AUTHORITY","name":"SYSTEM","type":"Well Known Group"},"event_data":{"Details":"(Empty)","EventType":"SetValue","ProcessId":"3976","Image":"C:\\Windows\\system32\\svchost.exe","TargetObject":"\\REGISTRY\\A\\{36189a49-2a78-032b-ac62-c77ad8e35341}\\Root\\InventoryApplicationFile\\regdll.x86.exe|da15e467718601fb\\Publisher","UtcTime":"2026-04-15 08:51:11.612","ProcessGuid":"{8F7AB6F6-4E8A-69DF-6800-000000000500}","User":"NT AUTHORITY\\SYSTEM","RuleName":"InvDB-Pub"},"channel":"Microsoft-Windows-Sysmon/Operational","version":2},"event":{"kind":"event","provider":"Microsoft-Windows-Sysmon","created":"2026-04-15T13:13:46.597Z","code":"13"},"agent":{"type":"winlogbeat","version":"9.3.3","ephemeral_id":"f8d845b8-8ac1-43f8-9a65-a6e7c2082e2f","id":"0ae603cf-457e-4a6f-bbde-51c28f1a031e","name":"DESKTOP-IKR997B"},"ecs":{"version":"8.0.0"},"log":{"level":"information","file":{"path":"C:\\Users\\ivysa\\Downloads\\winlogbeat-9.3.3-windows-x86_64\\winlogbeat-9.3.3-windows-x86_64\\symon.evtx"}}}
