{"@timestamp":"2026-04-15T08:53:04.418Z","@metadata":{"beat":"winlogbeat","type":"_doc","version":"9.3.3"},"agent":{"ephemeral_id":"f8d845b8-8ac1-43f8-9a65-a6e7c2082e2f","id":"0ae603cf-457e-4a6f-bbde-51c28f1a031e","name":"DESKTOP-IKR997B","type":"winlogbeat","version":"9.3.3"},"winlog":{"event_data":{"Hashes":"MD5=0D088F5BCFA8F086FBA163647CD80CAB,SHA256=9023F8AAEDA4A1DA45AC477A81B5BBE4128E413F19A0ABFA3715465AD66ED5CD,IMPHASH=272245E2988E1E430500B852C4FB5E18","IntegrityLevel":"High","Company":"Microsoft Corporation","LogonGuid":"{8F7AB6F6-4E83-69DF-192B-010000000000}","Product":"Microsoft® Windows® Operating System","ParentProcessId":"7324","FileVersion":"10.0.17763.1 (WinBuild.160101.0800)","CommandLine":"cmd /C bcdedit /set {default} bootstatuspolicy ignoreallfailures","CurrentDirectory":"C:\\ProgramData\\","ProcessId":"9044","Image":"C:\\Windows\\System32\\cmd.exe","ParentUser":"DESKTOP-H6FBQ5J\\windows","Description":"Windows Command Processor","ProcessGuid":"{8F7AB6F6-51F0-69DF-BB01-000000000500}","User":"DESKTOP-H6FBQ5J\\windows","TerminalSessionId":"1","ParentProcessGuid":"{8F7AB6F6-51EF-69DF-B301-000000000500}","UtcTime":"2026-04-15 08:53:04.257","OriginalFileName":"Cmd.Exe","LogonId":"0x12b19","ParentImage":"C:\\ProgramData\\ClearWater_x64.exe","ParentCommandLine":"\"C:\\ProgramData\\ClearWater_x64.exe\" ","RuleName":"-"},"provider_name":"Microsoft-Windows-Sysmon","version":5,"user":{"name":"SYSTEM","type":"Well Known Group","identifier":"S-1-5-18","domain":"NT AUTHORITY"},"process":{"pid":6668,"thread":{"id":6376}},"event_id":"1","record_id":561,"provider_guid":"{5770385F-C22A-43E0-BF4C-06F5698FFBD9}","opcode":"Info","error":{},"channel":"Microsoft-Windows-Sysmon/Operational","computer_name":"DESKTOP-H6FBQ5J"},"event":{"created":"2026-04-15T13:13:46.682Z","code":"1","kind":"event","provider":"Microsoft-Windows-Sysmon"},"log":{"file":{"path":"C:\\Users\\ivysa\\Downloads\\winlogbeat-9.3.3-windows-x86_64\\winlogbeat-9.3.3-windows-x86_64\\symon.evtx"},"level":"information"},"error":{"message":"failed to get the event message string: failed in EvtFormatMessage: The message resource is present but the message was not found in the message table."},"host":{"name":"DESKTOP-H6FBQ5J"},"ecs":{"version":"8.0.0"}}
{"@timestamp":"2026-04-15T08:53:04.499Z","@metadata":{"beat":"winlogbeat","type":"_doc","version":"9.3.3"},"host":{"name":"DESKTOP-H6FBQ5J"},"winlog":{"event_id":"1","computer_name":"DESKTOP-H6FBQ5J","version":5,"user":{"identifier":"S-1-5-18","domain":"NT AUTHORITY","name":"SYSTEM","type":"Well Known Group"},"process":{"pid":6668,"thread":{"id":6376}},"channel":"Microsoft-Windows-Sysmon/Operational","record_id":562,"opcode":"Info","error":{},"provider_name":"Microsoft-Windows-Sysmon","provider_guid":"{5770385F-C22A-43E0-BF4C-06F5698FFBD9}","event_data":{"Description":"Windows Command Processor","OriginalFileName":"Cmd.Exe","User":"DESKTOP-H6FBQ5J\\windows","TerminalSessionId":"1","Image":"C:\\Windows\\System32\\cmd.exe","CurrentDirectory":"C:\\ProgramData\\","ParentUser":"DESKTOP-H6FBQ5J\\windows","RuleName":"-","Product":"Microsoft® Windows® Operating System","Hashes":"MD5=0D088F5BCFA8F086FBA163647CD80CAB,SHA256=9023F8AAEDA4A1DA45AC477A81B5BBE4128E413F19A0ABFA3715465AD66ED5CD,IMPHASH=272245E2988E1E430500B852C4FB5E18","ParentProcessGuid":"{8F7AB6F6-51EF-69DF-B301-000000000500}","CommandLine":"cmd /C bcdedit /set {default} recoveryenabled No","ParentProcessId":"7324","UtcTime":"2026-04-15 08:53:04.206","ParentCommandLine":"\"C:\\ProgramData\\ClearWater_x64.exe\" ","IntegrityLevel":"High","FileVersion":"10.0.17763.1 (WinBuild.160101.0800)","ParentImage":"C:\\ProgramData\\ClearWater_x64.exe","ProcessGuid":"{8F7AB6F6-51F0-69DF-B801-000000000500}","ProcessId":"7432","Company":"Microsoft Corporation","LogonGuid":"{8F7AB6F6-4E83-69DF-192B-010000000000}","LogonId":"0x12b19"}},"ecs":{"version":"8.0.0"},"agent":{"version":"9.3.3","ephemeral_id":"f8d845b8-8ac1-43f8-9a65-a6e7c2082e2f","id":"0ae603cf-457e-4a6f-bbde-51c28f1a031e","name":"DESKTOP-IKR997B","type":"winlogbeat"},"event":{"kind":"event","provider":"Microsoft-Windows-Sysmon","created":"2026-04-15T13:13:46.682Z","code":"1"},"log":{"level":"information","file":{"path":"C:\\Users\\ivysa\\Downloads\\winlogbeat-9.3.3-windows-x86_64\\winlogbeat-9.3.3-windows-x86_64\\symon.evtx"}},"error":{"message":"failed to get the event message string: failed in EvtFormatMessage: The message resource is present but the message was not found in the message table."}}
{"@timestamp":"2026-04-15T08:53:05.501Z","@metadata":{"beat":"winlogbeat","type":"_doc","version":"9.3.3"},"log":{"level":"information","file":{"path":"C:\\Users\\ivysa\\Downloads\\winlogbeat-9.3.3-windows-x86_64\\winlogbeat-9.3.3-windows-x86_64\\symon.evtx"}},"ecs":{"version":"8.0.0"},"agent":{"ephemeral_id":"f8d845b8-8ac1-43f8-9a65-a6e7c2082e2f","id":"0ae603cf-457e-4a6f-bbde-51c28f1a031e","name":"DESKTOP-IKR997B","type":"winlogbeat","version":"9.3.3"},"error":{"message":"failed to get the event message string: failed in EvtFormatMessage: The message resource is present but the message was not found in the message table."},"host":{"name":"DESKTOP-H6FBQ5J"},"winlog":{"opcode":"Info","process":{"pid":6668,"thread":{"id":6376}},"computer_name":"DESKTOP-H6FBQ5J","event_data":{"User":"DESKTOP-H6FBQ5J\\windows","LogonGuid":"{8F7AB6F6-4E83-69DF-192B-010000000000}","CommandLine":"wmic  shadowcopy delete","CurrentDirectory":"C:\\ProgramData\\","IntegrityLevel":"High","ParentImage":"C:\\Windows\\System32\\cmd.exe","ProcessGuid":"{8F7AB6F6-51F1-69DF-C301-000000000500}","ProcessId":"7864","ParentProcessId":"4800","ParentUser":"DESKTOP-H6FBQ5J\\windows","UtcTime":"2026-04-15 08:53:05.392","FileVersion":"10.0.17763.1 (WinBuild.160101.0800)","Product":"Microsoft® Windows® Operating System","TerminalSessionId":"1","RuleName":"-","Image":"C:\\Windows\\System32\\wbem\\WMIC.exe","Company":"Microsoft Corporation","LogonId":"0x12b19","OriginalFileName":"wmic.exe","Hashes":"MD5=390B2038C9ED2C94AB505921BC827FC7,SHA256=34C4ED50A3441BD7CB6411749771C637A8C18C791525D8FCB5AE71B0B1969BA6,IMPHASH=AF8CD6625FCE3244397EE550EFF4091E","ParentCommandLine":"cmd /C wmic shadowcopy delete","ParentProcessGuid":"{8F7AB6F6-51F0-69DF-B601-000000000500}","Description":"WMI Commandline Utility"},"channel":"Microsoft-Windows-Sysmon/Operational","event_id":"1","provider_name":"Microsoft-Windows-Sysmon","version":5,"record_id":563,"provider_guid":"{5770385F-C22A-43E0-BF4C-06F5698FFBD9}","user":{"type":"Well Known Group","identifier":"S-1-5-18","domain":"NT AUTHORITY","name":"SYSTEM"},"error":{}},"event":{"created":"2026-04-15T13:13:46.682Z","code":"1","kind":"event","provider":"Microsoft-Windows-Sysmon"}}
{"@timestamp":"2026-04-15T08:53:05.502Z","@metadata":{"beat":"winlogbeat","type":"_doc","version":"9.3.3"},"winlog":{"opcode":"Info","process":{"pid":6668,"thread":{"id":6376}},"event_id":"1","computer_name":"DESKTOP-H6FBQ5J","version":5,"error":{},"channel":"Microsoft-Windows-Sysmon/Operational","record_id":564,"provider_guid":"{5770385F-C22A-43E0-BF4C-06F5698FFBD9}","user":{"name":"SYSTEM","type":"Well Known Group","identifier":"S-1-5-18","domain":"NT AUTHORITY"},"event_data":{"TerminalSessionId":"1","RuleName":"-","LogonId":"0x12b19","IntegrityLevel":"High","ParentProcessId":"3544","Company":"Microsoft Corporation","User":"DESKTOP-H6FBQ5J\\windows","UtcTime":"2026-04-15 08:53:05.414","ParentProcessGuid":"{8F7AB6F6-51F0-69DF-B901-000000000500}","ParentImage":"C:\\Windows\\System32\\cmd.exe","ParentUser":"DESKTOP-H6FBQ5J\\windows","ProcessId":"6500","FileVersion":"10.0.17763.1 (WinBuild.160101.0800)","OriginalFileName":"PowerShell.EXE","Image":"C:\\Windows\\System32\\WindowsPowerShell\\v1.0\\powershell.exe","Description":"Windows PowerShell","LogonGuid":"{8F7AB6F6-4E83-69DF-192B-010000000000}","ProcessGuid":"{8F7AB6F6-51F1-69DF-C401-000000000500}","Product":"Microsoft® Windows® Operating System","CurrentDirectory":"C:\\ProgramData\\","CommandLine":"powershell.exe  -Command \"Get-ComputerRestorePoint | Remove-ComputerRestorePoint -RestorePointType All\"","Hashes":"MD5=7353F60B1739074EB17C5F4DDDEFE239,SHA256=DE96A6E69944335375DC1AC238336066889D9FFC7D73628EF4FE1B1B160AB32C,IMPHASH=741776AACCFC5B71FF59832DCDCACE0F","ParentCommandLine":"cmd /C powershell.exe -Command \"Get-ComputerRestorePoint | Remove-ComputerRestorePoint -RestorePointType All\""},"provider_name":"Microsoft-Windows-Sysmon"},"event":{"provider":"Microsoft-Windows-Sysmon","created":"2026-04-15T13:13:46.682Z","code":"1","kind":"event"},"log":{"level":"information","file":{"path":"C:\\Users\\ivysa\\Downloads\\winlogbeat-9.3.3-windows-x86_64\\winlogbeat-9.3.3-windows-x86_64\\symon.evtx"}},"error":{"message":"failed to get the event message string: failed in EvtFormatMessage: The message resource is present but the message was not found in the message table."},"host":{"name":"DESKTOP-H6FBQ5J"},"ecs":{"version":"8.0.0"},"agent":{"ephemeral_id":"f8d845b8-8ac1-43f8-9a65-a6e7c2082e2f","id":"0ae603cf-457e-4a6f-bbde-51c28f1a031e","name":"DESKTOP-IKR997B","type":"winlogbeat","version":"9.3.3"}}
{"@timestamp":"2026-04-15T08:53:05.661Z","@metadata":{"beat":"winlogbeat","type":"_doc","version":"9.3.3"},"log":{"level":"information","file":{"path":"C:\\Users\\ivysa\\Downloads\\winlogbeat-9.3.3-windows-x86_64\\winlogbeat-9.3.3-windows-x86_64\\symon.evtx"}},"error":{"message":"failed to get the event message string: failed in EvtFormatMessage: The message resource is present but the message was not found in the message table."},"host":{"name":"DESKTOP-H6FBQ5J"},"ecs":{"version":"8.0.0"},"agent":{"version":"9.3.3","ephemeral_id":"f8d845b8-8ac1-43f8-9a65-a6e7c2082e2f","id":"0ae603cf-457e-4a6f-bbde-51c28f1a031e","name":"DESKTOP-IKR997B","type":"winlogbeat"},"winlog":{"computer_name":"DESKTOP-H6FBQ5J","event_data":{"UtcTime":"2026-04-15 08:53:05.502","LogonGuid":"{8F7AB6F6-4E83-69DF-192B-010000000000}","ParentProcessGuid":"{8F7AB6F6-51F0-69DF-BB01-000000000500}","RuleName":"-","IntegrityLevel":"High","Description":"Boot Configuration Data Editor","Product":"Microsoft® Windows® Operating System","FileVersion":"10.0.17763.1 (WinBuild.160101.0800)","LogonId":"0x12b19","ParentImage":"C:\\Windows\\System32\\cmd.exe","ProcessId":"3360","ParentUser":"DESKTOP-H6FBQ5J\\windows","ProcessGuid":"{8F7AB6F6-51F1-69DF-C501-000000000500}","CurrentDirectory":"C:\\ProgramData\\","TerminalSessionId":"1","CommandLine":"bcdedit  /set {default} bootstatuspolicy ignoreallfailures","OriginalFileName":"bcdedit.exe","ParentCommandLine":"cmd /C bcdedit /set {default} bootstatuspolicy ignoreallfailures","Image":"C:\\Windows\\System32\\bcdedit.exe","Company":"Microsoft Corporation","ParentProcessId":"9044","User":"DESKTOP-H6FBQ5J\\windows","Hashes":"MD5=F65CF759D395C729AD510A94883A804D,SHA256=8D1B94DC685F7763099680F52F0518FB37FD1AFFF9E20379447D49015A65E762,IMPHASH=2137581C3B28D7B500B0C8EB08EE2057"},"event_id":"1","opcode":"Info","provider_guid":"{5770385F-C22A-43E0-BF4C-06F5698FFBD9}","channel":"Microsoft-Windows-Sysmon/Operational","version":5,"error":{},"provider_name":"Microsoft-Windows-Sysmon","user":{"name":"SYSTEM","type":"Well Known Group","identifier":"S-1-5-18","domain":"NT AUTHORITY"},"process":{"thread":{"id":6376},"pid":6668},"record_id":565},"event":{"code":"1","kind":"event","provider":"Microsoft-Windows-Sysmon","created":"2026-04-15T13:13:46.682Z"}}
{"@timestamp":"2026-04-15T08:53:05.851Z","@metadata":{"beat":"winlogbeat","type":"_doc","version":"9.3.3"},"event":{"created":"2026-04-15T13:13:46.682Z","code":"1","kind":"event","provider":"Microsoft-Windows-Sysmon"},"log":{"level":"information","file":{"path":"C:\\Users\\ivysa\\Downloads\\winlogbeat-9.3.3-windows-x86_64\\winlogbeat-9.3.3-windows-x86_64\\symon.evtx"}},"error":{"message":"failed to get the event message string: failed in EvtFormatMessage: The message resource is present but the message was not found in the message table."},"host":{"name":"DESKTOP-H6FBQ5J"},"winlog":{"record_id":566,"provider_guid":"{5770385F-C22A-43E0-BF4C-06F5698FFBD9}","event_data":{"UtcTime":"2026-04-15 08:53:05.764","OriginalFileName":"WBADMIN.EXE","Description":"Command Line Interface for Microsoft® BLB Backup","CurrentDirectory":"C:\\ProgramData\\","Product":"Microsoft® Windows® Operating System","CommandLine":"wbadmin  delete catalog -quiet","LogonGuid":"{8F7AB6F6-4E83-69DF-192B-010000000000}","User":"DESKTOP-H6FBQ5J\\windows","TerminalSessionId":"1","ParentUser":"DESKTOP-H6FBQ5J\\windows","ProcessGuid":"{8F7AB6F6-51F1-69DF-C601-000000000500}","FileVersion":"10.0.17763.1 (WinBuild.160101.0800)","RuleName":"-","ParentCommandLine":"cmd /C wbadmin delete catalog -quiet","ProcessId":"4244","IntegrityLevel":"High","ParentProcessId":"2396","Image":"C:\\Windows\\System32\\wbadmin.exe","Company":"Microsoft Corporation","ParentImage":"C:\\Windows\\System32\\cmd.exe","LogonId":"0x12b19","Hashes":"MD5=063E992231AC66ABD61E3188A27EC8CB,SHA256=3F31A25ABBF5E75F49C2B596034BA12F95D92FE5AC06D62F15995AF8499908EF,IMPHASH=D72A8A096458529EDF54E67F5F212651","ParentProcessGuid":"{8F7AB6F6-51F0-69DF-B701-000000000500}"},"computer_name":"DESKTOP-H6FBQ5J","version":5,"error":{},"provider_name":"Microsoft-Windows-Sysmon","opcode":"Info","user":{"identifier":"S-1-5-18","domain":"NT AUTHORITY","name":"SYSTEM","type":"Well Known Group"},"process":{"pid":6668,"thread":{"id":6376}},"channel":"Microsoft-Windows-Sysmon/Operational","event_id":"1"},"ecs":{"version":"8.0.0"},"agent":{"type":"winlogbeat","version":"9.3.3","ephemeral_id":"f8d845b8-8ac1-43f8-9a65-a6e7c2082e2f","id":"0ae603cf-457e-4a6f-bbde-51c28f1a031e","name":"DESKTOP-IKR997B"}}
{"@timestamp":"2026-04-15T08:53:06.007Z","@metadata":{"beat":"winlogbeat","type":"_doc","version":"9.3.3"},"log":{"level":"information","file":{"path":"C:\\Users\\ivysa\\Downloads\\winlogbeat-9.3.3-windows-x86_64\\winlogbeat-9.3.3-windows-x86_64\\symon.evtx"}},"error":{"message":"failed to get the event message string: failed in EvtFormatMessage: The message resource is present but the message was not found in the message table."},"host":{"name":"DESKTOP-H6FBQ5J"},"winlog":{"process":{"pid":6668,"thread":{"id":6376}},"opcode":"Info","provider_guid":"{5770385F-C22A-43E0-BF4C-06F5698FFBD9}","user":{"identifier":"S-1-5-18","domain":"NT AUTHORITY","name":"SYSTEM","type":"Well Known Group"},"record_id":567,"event_data":{"IntegrityLevel":"High","OriginalFileName":"PowerShell.EXE","ParentProcessGuid":"{8F7AB6F6-51F0-69DF-BA01-000000000500}","UtcTime":"2026-04-15 08:53:05.765","Product":"Microsoft® Windows® Operating System","Company":"Microsoft Corporation","ParentImage":"C:\\Windows\\System32\\cmd.exe","LogonId":"0x12b19","ProcessId":"5444","FileVersion":"10.0.17763.1 (WinBuild.160101.0800)","CurrentDirectory":"C:\\ProgramData\\","LogonGuid":"{8F7AB6F6-4E83-69DF-192B-010000000000}","ProcessGuid":"{8F7AB6F6-51F1-69DF-C701-000000000500}","CommandLine":"powershell.exe  -Command \"Disable-ComputerRestore -Drive C:\\\"","TerminalSessionId":"1","ParentProcessId":"604","User":"DESKTOP-H6FBQ5J\\windows","Description":"Windows PowerShell","ParentCommandLine":"cmd /C powershell.exe -Command \"Disable-ComputerRestore -Drive C:\\\"","Hashes":"MD5=7353F60B1739074EB17C5F4DDDEFE239,SHA256=DE96A6E69944335375DC1AC238336066889D9FFC7D73628EF4FE1B1B160AB32C,IMPHASH=741776AACCFC5B71FF59832DCDCACE0F","ParentUser":"DESKTOP-H6FBQ5J\\windows","RuleName":"-","Image":"C:\\Windows\\System32\\WindowsPowerShell\\v1.0\\powershell.exe"},"error":{},"event_id":"1","provider_name":"Microsoft-Windows-Sysmon","computer_name":"DESKTOP-H6FBQ5J","version":5,"channel":"Microsoft-Windows-Sysmon/Operational"},"ecs":{"version":"8.0.0"},"agent":{"ephemeral_id":"f8d845b8-8ac1-43f8-9a65-a6e7c2082e2f","id":"0ae603cf-457e-4a6f-bbde-51c28f1a031e","name":"DESKTOP-IKR997B","type":"winlogbeat","version":"9.3.3"},"event":{"code":"1","kind":"event","provider":"Microsoft-Windows-Sysmon","created":"2026-04-15T13:13:46.682Z"}}
{"@timestamp":"2026-04-15T08:53:06.033Z","@metadata":{"beat":"winlogbeat","type":"_doc","version":"9.3.3"},"agent":{"ephemeral_id":"f8d845b8-8ac1-43f8-9a65-a6e7c2082e2f","id":"0ae603cf-457e-4a6f-bbde-51c28f1a031e","name":"DESKTOP-IKR997B","type":"winlogbeat","version":"9.3.3"},"event":{"created":"2026-04-15T13:13:46.682Z","code":"1","kind":"event","provider":"Microsoft-Windows-Sysmon"},"log":{"level":"information","file":{"path":"C:\\Users\\ivysa\\Downloads\\winlogbeat-9.3.3-windows-x86_64\\winlogbeat-9.3.3-windows-x86_64\\symon.evtx"}},"error":{"message":"failed to get the event message string: failed in EvtFormatMessage: The message resource is present but the message was not found in the message table."},"host":{"name":"DESKTOP-H6FBQ5J"},"winlog":{"channel":"Microsoft-Windows-Sysmon/Operational","record_id":568,"opcode":"Info","process":{"pid":6668,"thread":{"id":6376}},"event_data":{"TerminalSessionId":"1","ParentProcessId":"7432","ParentCommandLine":"cmd /C bcdedit /set {default} recoveryenabled No","Description":"Boot Configuration Data Editor","CurrentDirectory":"C:\\ProgramData\\","ParentUser":"DESKTOP-H6FBQ5J\\windows","Company":"Microsoft Corporation","ParentImage":"C:\\Windows\\System32\\cmd.exe","LogonGuid":"{8F7AB6F6-4E83-69DF-192B-010000000000}","Hashes":"MD5=F65CF759D395C729AD510A94883A804D,SHA256=8D1B94DC685F7763099680F52F0518FB37FD1AFFF9E20379447D49015A65E762,IMPHASH=2137581C3B28D7B500B0C8EB08EE2057","UtcTime":"2026-04-15 08:53:05.842","ProcessId":"4392","IntegrityLevel":"High","User":"DESKTOP-H6FBQ5J\\windows","Image":"C:\\Windows\\System32\\bcdedit.exe","CommandLine":"bcdedit  /set {default} recoveryenabled No","FileVersion":"10.0.17763.1 (WinBuild.160101.0800)","LogonId":"0x12b19","RuleName":"-","ParentProcessGuid":"{8F7AB6F6-51F0-69DF-B801-000000000500}","ProcessGuid":"{8F7AB6F6-51F1-69DF-C801-000000000500}","Product":"Microsoft® Windows® Operating System","OriginalFileName":"bcdedit.exe"},"error":{},"event_id":"1","provider_name":"Microsoft-Windows-Sysmon","computer_name":"DESKTOP-H6FBQ5J","provider_guid":"{5770385F-C22A-43E0-BF4C-06F5698FFBD9}","version":5,"user":{"identifier":"S-1-5-18","domain":"NT AUTHORITY","name":"SYSTEM","type":"Well Known Group"}},"ecs":{"version":"8.0.0"}}
{"@timestamp":"2026-04-15T08:53:06.292Z","@metadata":{"beat":"winlogbeat","type":"_doc","version":"9.3.3"},"winlog":{"error":{},"event_id":"1","user":{"name":"SYSTEM","type":"Well Known Group","identifier":"S-1-5-18","domain":"NT AUTHORITY"},"event_data":{"FileVersion":"10.0.17763.1 (WinBuild.160101.0800)","ParentImage":"C:\\Windows\\System32\\cmd.exe","ParentCommandLine":"cmd /C vssadmin Delete Shadows /All /Quiet","CurrentDirectory":"C:\\ProgramData\\","User":"DESKTOP-H6FBQ5J\\windows","LogonId":"0x12b19","TerminalSessionId":"1","LogonGuid":"{8F7AB6F6-4E83-69DF-192B-010000000000}","ParentProcessGuid":"{8F7AB6F6-51F0-69DF-B501-000000000500}","CommandLine":"vssadmin  Delete Shadows /All /Quiet","RuleName":"-","Image":"C:\\Windows\\System32\\vssadmin.exe","ParentProcessId":"7692","ProcessGuid":"{8F7AB6F6-51F2-69DF-C901-000000000500}","Description":"Command Line Interface for Microsoft® Volume Shadow Copy Service ","OriginalFileName":"VSSADMIN.EXE","ParentUser":"DESKTOP-H6FBQ5J\\windows","Product":"Microsoft® Windows® Operating System","IntegrityLevel":"High","Hashes":"MD5=614B5C4238977130AA2270C8AD58CE6C,SHA256=D7577FB88CCA3169C7931DC0D8EC9A444227DC14F6C71D6D39D86A0C5CAD1976,IMPHASH=C1EDC431CD345F0A0F32019895D13FCE","Company":"Microsoft Corporation","UtcTime":"2026-04-15 08:53:06.171","ProcessId":"7400"},"provider_name":"Microsoft-Windows-Sysmon","computer_name":"DESKTOP-H6FBQ5J","provider_guid":"{5770385F-C22A-43E0-BF4C-06F5698FFBD9}","process":{"pid":6668,"thread":{"id":6376}},"channel":"Microsoft-Windows-Sysmon/Operational","record_id":569,"opcode":"Info","version":5},"event":{"code":"1","kind":"event","provider":"Microsoft-Windows-Sysmon","created":"2026-04-15T13:13:46.682Z"},"log":{"level":"information","file":{"path":"C:\\Users\\ivysa\\Downloads\\winlogbeat-9.3.3-windows-x86_64\\winlogbeat-9.3.3-windows-x86_64\\symon.evtx"}},"error":{"message":"failed to get the event message string: failed in EvtFormatMessage: The message resource is present but the message was not found in the message table."},"host":{"name":"DESKTOP-H6FBQ5J"},"agent":{"type":"winlogbeat","version":"9.3.3","ephemeral_id":"f8d845b8-8ac1-43f8-9a65-a6e7c2082e2f","id":"0ae603cf-457e-4a6f-bbde-51c28f1a031e","name":"DESKTOP-IKR997B"},"ecs":{"version":"8.0.0"}}
{"@timestamp":"2026-04-15T08:53:07.012Z","@metadata":{"beat":"winlogbeat","type":"_doc","version":"9.3.3"},"error":{"message":"failed to get the event message string: failed in EvtFormatMessage: The message resource is present but the message was not found in the message table."},"host":{"name":"DESKTOP-H6FBQ5J"},"ecs":{"version":"8.0.0"},"agent":{"type":"winlogbeat","version":"9.3.3","ephemeral_id":"f8d845b8-8ac1-43f8-9a65-a6e7c2082e2f","id":"0ae603cf-457e-4a6f-bbde-51c28f1a031e","name":"DESKTOP-IKR997B"},"winlog":{"opcode":"Info","event_data":{"Description":"Microsoft® Volume Shadow Copy Service","Company":"Microsoft Corporation","TerminalSessionId":"0","RuleName":"-","UtcTime":"2026-04-15 08:53:06.961","ProcessGuid":"{8F7AB6F6-51F2-69DF-CA01-000000000500}","Product":"Microsoft® Windows® Operating System","CurrentDirectory":"C:\\Windows\\system32\\","ParentCommandLine":"C:\\Windows\\system32\\services.exe","OriginalFileName":"VSSVC.EXE","ProcessId":"8516","User":"NT AUTHORITY\\SYSTEM","ParentProcessId":"548","ParentUser":"NT AUTHORITY\\SYSTEM","Image":"C:\\Windows\\System32\\VSSVC.exe","CommandLine":"C:\\Windows\\system32\\vssvc.exe","LogonGuid":"{8F7AB6F6-4E81-69DF-E703-000000000000}","ParentImage":"C:\\Windows\\System32\\services.exe","Hashes":"MD5=70757EE40A3DFC19BFEE29E67100C708,SHA256=83B1F49FE9EC6D5EB109B36FBECF36984B3AAF06ACDE67F329876A6B69EE6278,IMPHASH=D013BBE605003724306CBF26BE73548F","IntegrityLevel":"System","FileVersion":"10.0.17763.1 (WinBuild.160101.0800)","ParentProcessGuid":"{8F7AB6F6-4E81-69DF-0B00-000000000500}","LogonId":"0x3e7"},"event_id":"1","record_id":570,"version":5,"channel":"Microsoft-Windows-Sysmon/Operational","provider_guid":"{5770385F-C22A-43E0-BF4C-06F5698FFBD9}","user":{"type":"Well Known Group","identifier":"S-1-5-18","domain":"NT AUTHORITY","name":"SYSTEM"},"process":{"pid":6668,"thread":{"id":6376}},"error":{},"provider_name":"Microsoft-Windows-Sysmon","computer_name":"DESKTOP-H6FBQ5J"},"event":{"kind":"event","provider":"Microsoft-Windows-Sysmon","created":"2026-04-15T13:13:46.682Z","code":"1"},"log":{"file":{"path":"C:\\Users\\ivysa\\Downloads\\winlogbeat-9.3.3-windows-x86_64\\winlogbeat-9.3.3-windows-x86_64\\symon.evtx"},"level":"information"}}
{"@timestamp":"2026-04-15T08:53:07.211Z","@metadata":{"beat":"winlogbeat","type":"_doc","version":"9.3.3"},"log":{"file":{"path":"C:\\Users\\ivysa\\Downloads\\winlogbeat-9.3.3-windows-x86_64\\winlogbeat-9.3.3-windows-x86_64\\symon.evtx"},"level":"information"},"error":{"message":"failed to get the event message string: failed in EvtFormatMessage: The message resource is present but the message was not found in the message table."},"host":{"name":"DESKTOP-H6FBQ5J"},"winlog":{"provider_name":"Microsoft-Windows-Sysmon","version":5,"user":{"identifier":"S-1-5-18","domain":"NT AUTHORITY","name":"SYSTEM","type":"Well Known Group"},"channel":"Microsoft-Windows-Sysmon/Operational","event_id":"1","opcode":"Info","event_data":{"FileVersion":"10.0.17763.1 (WinBuild.160101.0800)","User":"NT AUTHORITY\\SYSTEM","ParentProcessGuid":"{8F7AB6F6-4E81-69DF-0B00-000000000500}","ParentCommandLine":"C:\\Windows\\system32\\services.exe","Description":"Microsoft® Block Level Backup Engine Service EXE","RuleName":"-","Product":"Microsoft® Windows® Operating System","Hashes":"MD5=CD9EA97E282A5229E66202312DC021BB,SHA256=E05CD6D7AEA164BFC9C258052A63B4A214833B0D3AA4AF89F171DFF19AD3CDA1,IMPHASH=D5A2B84D352AA4650498C09CF2F108A8","OriginalFileName":"wbengine.exe","CommandLine":"\"C:\\Windows\\system32\\wbengine.exe\"","LogonGuid":"{8F7AB6F6-4E81-69DF-E703-000000000000}","IntegrityLevel":"System","ParentUser":"NT AUTHORITY\\SYSTEM","UtcTime":"2026-04-15 08:53:07.111","ProcessGuid":"{8F7AB6F6-51F3-69DF-CB01-000000000500}","LogonId":"0x3e7","CurrentDirectory":"C:\\Windows\\system32\\","ParentProcessId":"548","ParentImage":"C:\\Windows\\System32\\services.exe","Company":"Microsoft Corporation","TerminalSessionId":"0","ProcessId":"4828","Image":"C:\\Windows\\System32\\wbengine.exe"},"process":{"pid":6668,"thread":{"id":6376}},"provider_guid":"{5770385F-C22A-43E0-BF4C-06F5698FFBD9}","error":{},"record_id":571,"computer_name":"DESKTOP-H6FBQ5J"},"event":{"kind":"event","provider":"Microsoft-Windows-Sysmon","created":"2026-04-15T13:13:46.682Z","code":"1"},"ecs":{"version":"8.0.0"},"agent":{"type":"winlogbeat","version":"9.3.3","ephemeral_id":"f8d845b8-8ac1-43f8-9a65-a6e7c2082e2f","id":"0ae603cf-457e-4a6f-bbde-51c28f1a031e","name":"DESKTOP-IKR997B"}}
{"@timestamp":"2026-04-15T08:53:07.489Z","@metadata":{"beat":"winlogbeat","type":"_doc","version":"9.3.3"},"winlog":{"opcode":"Info","provider_guid":"{5770385F-C22A-43E0-BF4C-06F5698FFBD9}","version":2,"record_id":572,"user":{"type":"Well Known Group","identifier":"S-1-5-18","domain":"NT AUTHORITY","name":"SYSTEM"},"event_data":{"ProcessGuid":"{8F7AB6F6-51F1-69DF-C401-000000000500}","ProcessId":"6500","Image":"C:\\Windows\\System32\\WindowsPowerShell\\v1.0\\powershell.exe","TargetFilename":"C:\\Users\\windows\\AppData\\Local\\Temp\\__PSScriptPolicyTest_h4ajangs.0xu.ps1","CreationUtcTime":"2026-04-15 08:53:07.420","User":"DESKTOP-H6FBQ5J\\windows","RuleName":"-","UtcTime":"2026-04-15 08:53:07.420"},"process":{"pid":6668,"thread":{"id":6376}},"error":{},"event_id":"11","provider_name":"Microsoft-Windows-Sysmon","computer_name":"DESKTOP-H6FBQ5J","channel":"Microsoft-Windows-Sysmon/Operational"},"event":{"created":"2026-04-15T13:13:46.682Z","code":"11","kind":"event","provider":"Microsoft-Windows-Sysmon"},"log":{"level":"information","file":{"path":"C:\\Users\\ivysa\\Downloads\\winlogbeat-9.3.3-windows-x86_64\\winlogbeat-9.3.3-windows-x86_64\\symon.evtx"}},"error":{"message":"failed to get the event message string: failed in EvtFormatMessage: The message resource is present but the message was not found in the message table."},"host":{"name":"DESKTOP-H6FBQ5J"},"ecs":{"version":"8.0.0"},"agent":{"type":"winlogbeat","version":"9.3.3","ephemeral_id":"f8d845b8-8ac1-43f8-9a65-a6e7c2082e2f","id":"0ae603cf-457e-4a6f-bbde-51c28f1a031e","name":"DESKTOP-IKR997B"}}
{"@timestamp":"2026-04-15T08:53:07.595Z","@metadata":{"beat":"winlogbeat","type":"_doc","version":"9.3.3"},"event":{"provider":"Microsoft-Windows-Sysmon","created":"2026-04-15T13:13:46.682Z","code":"11","kind":"event"},"log":{"level":"information","file":{"path":"C:\\Users\\ivysa\\Downloads\\winlogbeat-9.3.3-windows-x86_64\\winlogbeat-9.3.3-windows-x86_64\\symon.evtx"}},"error":{"message":"failed to get the event message string: failed in EvtFormatMessage: The message resource is present but the message was not found in the message table."},"host":{"name":"DESKTOP-H6FBQ5J"},"ecs":{"version":"8.0.0"},"agent":{"name":"DESKTOP-IKR997B","type":"winlogbeat","version":"9.3.3","ephemeral_id":"f8d845b8-8ac1-43f8-9a65-a6e7c2082e2f","id":"0ae603cf-457e-4a6f-bbde-51c28f1a031e"},"winlog":{"record_id":573,"opcode":"Info","version":2,"channel":"Microsoft-Windows-Sysmon/Operational","event_data":{"ProcessId":"5444","Image":"C:\\Windows\\System32\\WindowsPowerShell\\v1.0\\powershell.exe","TargetFilename":"C:\\Users\\windows\\AppData\\Local\\Temp\\__PSScriptPolicyTest_ifmyhlec.our.ps1","CreationUtcTime":"2026-04-15 08:53:07.545","User":"DESKTOP-H6FBQ5J\\windows","RuleName":"-","UtcTime":"2026-04-15 08:53:07.545","ProcessGuid":"{8F7AB6F6-51F1-69DF-C701-000000000500}"},"process":{"pid":6668,"thread":{"id":6376}},"error":{},"event_id":"11","computer_name":"DESKTOP-H6FBQ5J","provider_guid":"{5770385F-C22A-43E0-BF4C-06F5698FFBD9}","user":{"type":"Well Known Group","identifier":"S-1-5-18","domain":"NT AUTHORITY","name":"SYSTEM"},"provider_name":"Microsoft-Windows-Sysmon"}}
{"@timestamp":"2026-04-15T08:53:07.968Z","@metadata":{"beat":"winlogbeat","type":"_doc","version":"9.3.3"},"event":{"provider":"Microsoft-Windows-Sysmon","created":"2026-04-15T13:13:46.682Z","code":"1","kind":"event"},"ecs":{"version":"8.0.0"},"agent":{"type":"winlogbeat","version":"9.3.3","ephemeral_id":"f8d845b8-8ac1-43f8-9a65-a6e7c2082e2f","id":"0ae603cf-457e-4a6f-bbde-51c28f1a031e","name":"DESKTOP-IKR997B"},"log":{"level":"information","file":{"path":"C:\\Users\\ivysa\\Downloads\\winlogbeat-9.3.3-windows-x86_64\\winlogbeat-9.3.3-windows-x86_64\\symon.evtx"}},"error":{"message":"failed to get the event message string: failed in EvtFormatMessage: The message resource is present but the message was not found in the message table."},"host":{"name":"DESKTOP-H6FBQ5J"},"winlog":{"provider_guid":"{5770385F-C22A-43E0-BF4C-06F5698FFBD9}","event_data":{"RuleName":"-","User":"NT AUTHORITY\\SYSTEM","Image":"C:\\Windows\\System32\\vdsldr.exe","CurrentDirectory":"C:\\Windows\\system32\\","TerminalSessionId":"0","Product":"Microsoft® Windows® Operating System","CommandLine":"C:\\Windows\\System32\\vdsldr.exe -Embedding","FileVersion":"10.0.17763.1 (WinBuild.160101.0800)","ProcessGuid":"{8F7AB6F6-51F3-69DF-CC01-000000000500}","LogonId":"0x3e7","ParentCommandLine":"C:\\Windows\\system32\\svchost.exe -k DcomLaunch -p","UtcTime":"2026-04-15 08:53:07.908","Hashes":"MD5=2FEAB32458F981DF0D9688DA2F22F663,SHA256=DDC920ACFDB76DD6DFDC0CAE7714C1D2995FD6042D1FC2EFB1CC1DF9478FA26F,IMPHASH=C25737B6F6D492CDA69D7F8126F4755B","ParentProcessGuid":"{8F7AB6F6-4E81-69DF-1000-000000000500}","Description":"Virtual Disk Service Loader","OriginalFileName":"vdsldr.exe","LogonGuid":"{8F7AB6F6-4E81-69DF-E703-000000000000}","ParentProcessId":"720","Company":"Microsoft Corporation","ParentImage":"C:\\Windows\\System32\\svchost.exe","ParentUser":"NT AUTHORITY\\SYSTEM","ProcessId":"8888","IntegrityLevel":"System"},"opcode":"Info","user":{"type":"Well Known Group","identifier":"S-1-5-18","domain":"NT AUTHORITY","name":"SYSTEM"},"process":{"thread":{"id":6376},"pid":6668},"error":{},"channel":"Microsoft-Windows-Sysmon/Operational","version":5,"provider_name":"Microsoft-Windows-Sysmon","computer_name":"DESKTOP-H6FBQ5J","event_id":"1","record_id":574}}
{"@timestamp":"2026-04-15T08:53:08.319Z","@metadata":{"beat":"winlogbeat","type":"_doc","version":"9.3.3"},"winlog":{"event_id":"1","record_id":575,"opcode":"Info","version":5,"error":{},"channel":"Microsoft-Windows-Sysmon/Operational","provider_name":"Microsoft-Windows-Sysmon","event_data":{"ParentUser":"NT AUTHORITY\\SYSTEM","UtcTime":"2026-04-15 08:53:08.261","CommandLine":"C:\\Windows\\System32\\vds.exe","ProcessId":"7636","Description":"Virtual Disk Service","ParentProcessId":"548","ParentProcessGuid":"{8F7AB6F6-4E81-69DF-0B00-000000000500}","FileVersion":"10.0.17763.1 (WinBuild.160101.0800)","CurrentDirectory":"C:\\Windows\\system32\\","LogonId":"0x3e7","IntegrityLevel":"System","RuleName":"-","ProcessGuid":"{8F7AB6F6-51F4-69DF-CD01-000000000500}","OriginalFileName":"vds.exe","Image":"C:\\Windows\\System32\\vds.exe","LogonGuid":"{8F7AB6F6-4E81-69DF-E703-000000000000}","TerminalSessionId":"0","User":"NT AUTHORITY\\SYSTEM","ParentImage":"C:\\Windows\\System32\\services.exe","ParentCommandLine":"C:\\Windows\\system32\\services.exe","Hashes":"MD5=E845A556FC6574216078A02FE53189C1,SHA256=9CECFC7977BAA23A840F987A28813227BAB3F2DFDF1D571B51327107B5AA8CE2,IMPHASH=E2F880E899B5A451B9B030D7BCFA2EAE","Product":"Microsoft® Windows® Operating System","Company":"Microsoft Corporation"},"process":{"pid":6668,"thread":{"id":6376}},"computer_name":"DESKTOP-H6FBQ5J","provider_guid":"{5770385F-C22A-43E0-BF4C-06F5698FFBD9}","user":{"type":"Well Known Group","identifier":"S-1-5-18","domain":"NT AUTHORITY","name":"SYSTEM"}},"event":{"created":"2026-04-15T13:13:46.682Z","code":"1","kind":"event","provider":"Microsoft-Windows-Sysmon"},"log":{"level":"information","file":{"path":"C:\\Users\\ivysa\\Downloads\\winlogbeat-9.3.3-windows-x86_64\\winlogbeat-9.3.3-windows-x86_64\\symon.evtx"}},"error":{"message":"failed to get the event message string: failed in EvtFormatMessage: The message resource is present but the message was not found in the message table."},"host":{"name":"DESKTOP-H6FBQ5J"},"ecs":{"version":"8.0.0"},"agent":{"version":"9.3.3","ephemeral_id":"f8d845b8-8ac1-43f8-9a65-a6e7c2082e2f","id":"0ae603cf-457e-4a6f-bbde-51c28f1a031e","name":"DESKTOP-IKR997B","type":"winlogbeat"}}
{"@timestamp":"2026-04-15T08:53:10.516Z","@metadata":{"beat":"winlogbeat","type":"_doc","version":"9.3.3"},"event":{"code":"1","kind":"event","provider":"Microsoft-Windows-Sysmon","created":"2026-04-15T13:13:46.682Z"},"log":{"level":"information","file":{"path":"C:\\Users\\ivysa\\Downloads\\winlogbeat-9.3.3-windows-x86_64\\winlogbeat-9.3.3-windows-x86_64\\symon.evtx"}},"error":{"message":"failed to get the event message string: failed in EvtFormatMessage: The message resource is present but the message was not found in the message table."},"host":{"name":"DESKTOP-H6FBQ5J"},"ecs":{"version":"8.0.0"},"agent":{"type":"winlogbeat","version":"9.3.3","ephemeral_id":"f8d845b8-8ac1-43f8-9a65-a6e7c2082e2f","id":"0ae603cf-457e-4a6f-bbde-51c28f1a031e","name":"DESKTOP-IKR997B"},"winlog":{"process":{"pid":6668,"thread":{"id":6376}},"provider_name":"Microsoft-Windows-Sysmon","opcode":"Info","provider_guid":"{5770385F-C22A-43E0-BF4C-06F5698FFBD9}","event_id":"1","record_id":576,"computer_name":"DESKTOP-H6FBQ5J","event_data":{"ProcessGuid":"{8F7AB6F6-51F6-69DF-CF01-000000000500}","ParentImage":"C:\\Windows\\explorer.exe","UtcTime":"2026-04-15 08:53:10.457","FileVersion":"10.0.17763.1 (WinBuild.160101.0800)","CurrentDirectory":"C:\\Windows\\system32\\","IntegrityLevel":"Medium","Image":"C:\\Windows\\System32\\Taskmgr.exe","User":"DESKTOP-H6FBQ5J\\windows","LogonGuid":"{8F7AB6F6-4E83-69DF-582B-010000000000}","ParentUser":"DESKTOP-H6FBQ5J\\windows","OriginalFileName":"Taskmgr.exe","Description":"Task Manager","CommandLine":"\"C:\\Windows\\system32\\taskmgr.exe\" /4","LogonId":"0x12b58","ProcessId":"1076","ParentProcessGuid":"{8F7AB6F6-4E8A-69DF-6700-000000000500}","ParentCommandLine":"C:\\Windows\\Explorer.EXE","Company":"Microsoft Corporation","Product":"Microsoft® Windows® Operating System","Hashes":"MD5=BDC6F41710F85FC5752DF132484FD98C,SHA256=FC39AC56B0C6A9D0385443AE4E2932420379438C33594B051F6A4238931FE896,IMPHASH=3F35F91EF5B9CEF172C014E51D8AC4D6","RuleName":"-","TerminalSessionId":"1","ParentProcessId":"3952"},"channel":"Microsoft-Windows-Sysmon/Operational","version":5,"user":{"identifier":"S-1-5-18","domain":"NT AUTHORITY","name":"SYSTEM","type":"Well Known Group"},"error":{}}}
{"@timestamp":"2026-04-15T08:53:10.793Z","@metadata":{"beat":"winlogbeat","type":"_doc","version":"9.3.3"},"ecs":{"version":"8.0.0"},"event":{"created":"2026-04-15T13:13:46.682Z","code":"1","kind":"event","provider":"Microsoft-Windows-Sysmon"},"log":{"level":"information","file":{"path":"C:\\Users\\ivysa\\Downloads\\winlogbeat-9.3.3-windows-x86_64\\winlogbeat-9.3.3-windows-x86_64\\symon.evtx"}},"error":{"message":"failed to get the event message string: failed in EvtFormatMessage: The message resource is present but the message was not found in the message table."},"host":{"name":"DESKTOP-H6FBQ5J"},"winlog":{"channel":"Microsoft-Windows-Sysmon/Operational","provider_name":"Microsoft-Windows-Sysmon","computer_name":"DESKTOP-H6FBQ5J","opcode":"Info","error":{},"provider_guid":"{5770385F-C22A-43E0-BF4C-06F5698FFBD9}","version":5,"user":{"identifier":"S-1-5-18","domain":"NT AUTHORITY","name":"SYSTEM","type":"Well Known Group"},"process":{"pid":6668,"thread":{"id":6376}},"event_id":"1","record_id":577,"event_data":{"Image":"C:\\Windows\\System32\\consent.exe","LogonGuid":"{8F7AB6F6-4E81-69DF-E703-000000000000}","ParentUser":"NT AUTHORITY\\SYSTEM","TerminalSessionId":"1","Hashes":"MD5=748E1969C6B7637AB39AD505DFE600C1,SHA256=6DF9BBEE22B10F164B6087F005BC0F7C8DC648AD68B80E62C48E1C0D18531A54,IMPHASH=522D83761201075834F05037F5307949","ParentProcessGuid":"{8F7AB6F6-4FF1-69DF-3A01-000000000500}","ParentCommandLine":"C:\\Windows\\system32\\svchost.exe -k netsvcs -p -s Appinfo","RuleName":"-","CurrentDirectory":"C:\\Windows\\system32\\","IntegrityLevel":"System","Product":"Microsoft® Windows® Operating System","OriginalFileName":"consent.exe","CommandLine":"consent.exe 964 316 0000026B2DA282E0","User":"NT AUTHORITY\\SYSTEM","UtcTime":"2026-04-15 08:53:10.724","ParentProcessId":"964","FileVersion":"10.0.17763.1 (WinBuild.160101.0800)","Company":"Microsoft Corporation","LogonId":"0x3e7","ParentImage":"C:\\Windows\\System32\\svchost.exe","ProcessId":"4340","ProcessGuid":"{8F7AB6F6-51F6-69DF-D001-000000000500}","Description":"Consent UI for administrative applications"}},"agent":{"version":"9.3.3","ephemeral_id":"f8d845b8-8ac1-43f8-9a65-a6e7c2082e2f","id":"0ae603cf-457e-4a6f-bbde-51c28f1a031e","name":"DESKTOP-IKR997B","type":"winlogbeat"}}
{"@timestamp":"2026-04-15T08:53:12.380Z","@metadata":{"beat":"winlogbeat","type":"_doc","version":"9.3.3"},"error":{"message":"failed to get the event message string: failed in EvtFormatMessage: The message resource is present but the message was not found in the message table."},"host":{"name":"DESKTOP-H6FBQ5J"},"ecs":{"version":"8.0.0"},"agent":{"ephemeral_id":"f8d845b8-8ac1-43f8-9a65-a6e7c2082e2f","id":"0ae603cf-457e-4a6f-bbde-51c28f1a031e","name":"DESKTOP-IKR997B","type":"winlogbeat","version":"9.3.3"},"winlog":{"event_id":"1","provider_name":"Microsoft-Windows-Sysmon","record_id":578,"provider_guid":"{5770385F-C22A-43E0-BF4C-06F5698FFBD9}","version":5,"user":{"type":"Well Known Group","identifier":"S-1-5-18","domain":"NT AUTHORITY","name":"SYSTEM"},"channel":"Microsoft-Windows-Sysmon/Operational","computer_name":"DESKTOP-H6FBQ5J","process":{"pid":6668,"thread":{"id":6376}},"opcode":"Info","event_data":{"CommandLine":"\"C:\\Windows\\system32\\taskmgr.exe\" /4","User":"DESKTOP-H6FBQ5J\\windows","IntegrityLevel":"High","Product":"Microsoft® Windows® Operating System","ProcessId":"3252","FileVersion":"10.0.17763.1 (WinBuild.160101.0800)","OriginalFileName":"Taskmgr.exe","Image":"C:\\Windows\\System32\\Taskmgr.exe","LogonId":"0x12b19","TerminalSessionId":"1","ParentCommandLine":"C:\\Windows\\Explorer.EXE","ParentUser":"DESKTOP-H6FBQ5J\\windows","RuleName":"-","Company":"Microsoft Corporation","Hashes":"MD5=BDC6F41710F85FC5752DF132484FD98C,SHA256=FC39AC56B0C6A9D0385443AE4E2932420379438C33594B051F6A4238931FE896,IMPHASH=3F35F91EF5B9CEF172C014E51D8AC4D6","ParentImage":"C:\\Windows\\explorer.exe","CurrentDirectory":"C:\\Windows\\system32\\","ParentProcessId":"3952","UtcTime":"2026-04-15 08:53:12.274","Description":"Task Manager","ProcessGuid":"{8F7AB6F6-51F8-69DF-D301-000000000500}","LogonGuid":"{8F7AB6F6-4E83-69DF-192B-010000000000}","ParentProcessGuid":"{8F7AB6F6-4E8A-69DF-6700-000000000500}"},"error":{}},"event":{"code":"1","kind":"event","provider":"Microsoft-Windows-Sysmon","created":"2026-04-15T13:13:46.682Z"},"log":{"level":"information","file":{"path":"C:\\Users\\ivysa\\Downloads\\winlogbeat-9.3.3-windows-x86_64\\winlogbeat-9.3.3-windows-x86_64\\symon.evtx"}}}
{"@timestamp":"2026-04-15T08:53:15.396Z","@metadata":{"beat":"winlogbeat","type":"_doc","version":"9.3.3"},"error":{"message":"failed to get the event message string: failed in EvtFormatMessage: The message resource is present but the message was not found in the message table."},"host":{"name":"DESKTOP-H6FBQ5J"},"winlog":{"record_id":579,"version":2,"opcode":"Info","event_data":{"RuleName":"ProcessHostingdotNETCode","UtcTime":"2026-04-15 08:53:15.311","ProcessGuid":"{8F7AB6F6-51F1-69DF-C701-000000000500}","ProcessId":"5444","Image":"C:\\Windows\\System32\\WindowsPowerShell\\v1.0\\powershell.exe","TargetFilename":"C:\\Users\\windows\\AppData\\Local\\Microsoft\\CLR_v4.0\\UsageLogs\\powershell.exe.log","CreationUtcTime":"2026-04-15 08:53:15.295","User":"DESKTOP-H6FBQ5J\\windows"},"computer_name":"DESKTOP-H6FBQ5J","provider_guid":"{5770385F-C22A-43E0-BF4C-06F5698FFBD9}","user":{"identifier":"S-1-5-18","domain":"NT AUTHORITY","name":"SYSTEM","type":"Well Known Group"},"process":{"pid":6668,"thread":{"id":6376}},"error":{},"channel":"Microsoft-Windows-Sysmon/Operational","event_id":"11","provider_name":"Microsoft-Windows-Sysmon"},"event":{"created":"2026-04-15T13:13:46.682Z","code":"11","kind":"event","provider":"Microsoft-Windows-Sysmon"},"log":{"level":"information","file":{"path":"C:\\Users\\ivysa\\Downloads\\winlogbeat-9.3.3-windows-x86_64\\winlogbeat-9.3.3-windows-x86_64\\symon.evtx"}},"ecs":{"version":"8.0.0"},"agent":{"ephemeral_id":"f8d845b8-8ac1-43f8-9a65-a6e7c2082e2f","id":"0ae603cf-457e-4a6f-bbde-51c28f1a031e","name":"DESKTOP-IKR997B","type":"winlogbeat","version":"9.3.3"}}
{"@timestamp":"2026-04-15T08:53:17.667Z","@metadata":{"beat":"winlogbeat","type":"_doc","version":"9.3.3"},"agent":{"ephemeral_id":"f8d845b8-8ac1-43f8-9a65-a6e7c2082e2f","id":"0ae603cf-457e-4a6f-bbde-51c28f1a031e","name":"DESKTOP-IKR997B","type":"winlogbeat","version":"9.3.3"},"winlog":{"event_data":{"Image":"C:\\ProgramData\\ClearWater_x64.exe","TargetFilename":"C:\\Users\\Default\\AppData\\Local\\CLEARWATER_README.txt","CreationUtcTime":"2026-04-15 08:53:17.655","User":"DESKTOP-H6FBQ5J\\windows","RuleName":"DefaultUserModified","UtcTime":"2026-04-15 08:53:17.655","ProcessGuid":"{8F7AB6F6-51EF-69DF-B301-000000000500}","ProcessId":"7324"},"process":{"pid":6668,"thread":{"id":6376}},"event_id":"11","opcode":"Info","user":{"identifier":"S-1-5-18","domain":"NT AUTHORITY","name":"SYSTEM","type":"Well Known Group"},"computer_name":"DESKTOP-H6FBQ5J","provider_guid":"{5770385F-C22A-43E0-BF4C-06F5698FFBD9}","version":2,"error":{},"channel":"Microsoft-Windows-Sysmon/Operational","provider_name":"Microsoft-Windows-Sysmon","record_id":580},"event":{"created":"2026-04-15T13:13:46.683Z","code":"11","kind":"event","provider":"Microsoft-Windows-Sysmon"},"log":{"file":{"path":"C:\\Users\\ivysa\\Downloads\\winlogbeat-9.3.3-windows-x86_64\\winlogbeat-9.3.3-windows-x86_64\\symon.evtx"},"level":"information"},"error":{"message":"failed to get the event message string: failed in EvtFormatMessage: The message resource is present but the message was not found in the message table."},"host":{"name":"DESKTOP-H6FBQ5J"},"ecs":{"version":"8.0.0"}}
{"@timestamp":"2026-04-15T08:53:17.668Z","@metadata":{"beat":"winlogbeat","type":"_doc","version":"9.3.3"},"log":{"level":"information","file":{"path":"C:\\Users\\ivysa\\Downloads\\winlogbeat-9.3.3-windows-x86_64\\winlogbeat-9.3.3-windows-x86_64\\symon.evtx"}},"error":{"message":"failed to get the event message string: failed in EvtFormatMessage: The message resource is present but the message was not found in the message table."},"host":{"name":"DESKTOP-H6FBQ5J"},"winlog":{"version":2,"opcode":"Info","event_data":{"ProcessGuid":"{8F7AB6F6-51EF-69DF-B301-000000000500}","ProcessId":"7324","Image":"C:\\ProgramData\\ClearWater_x64.exe","TargetFilename":"C:\\Users\\Default\\AppData\\CLEARWATER_README.txt","CreationUtcTime":"2026-04-15 08:53:17.655","User":"DESKTOP-H6FBQ5J\\windows","RuleName":"DefaultUserModified","UtcTime":"2026-04-15 08:53:17.655"},"error":{},"provider_name":"Microsoft-Windows-Sysmon","channel":"Microsoft-Windows-Sysmon/Operational","user":{"type":"Well Known Group","identifier":"S-1-5-18","domain":"NT AUTHORITY","name":"SYSTEM"},"process":{"thread":{"id":6376},"pid":6668},"event_id":"11","record_id":581,"computer_name":"DESKTOP-H6FBQ5J","provider_guid":"{5770385F-C22A-43E0-BF4C-06F5698FFBD9}"},"event":{"created":"2026-04-15T13:13:46.683Z","code":"11","kind":"event","provider":"Microsoft-Windows-Sysmon"},"ecs":{"version":"8.0.0"},"agent":{"version":"9.3.3","ephemeral_id":"f8d845b8-8ac1-43f8-9a65-a6e7c2082e2f","id":"0ae603cf-457e-4a6f-bbde-51c28f1a031e","name":"DESKTOP-IKR997B","type":"winlogbeat"}}
{"@timestamp":"2026-04-15T08:53:17.668Z","@metadata":{"beat":"winlogbeat","type":"_doc","version":"9.3.3"},"log":{"level":"information","file":{"path":"C:\\Users\\ivysa\\Downloads\\winlogbeat-9.3.3-windows-x86_64\\winlogbeat-9.3.3-windows-x86_64\\symon.evtx"}},"error":{"message":"failed to get the event message string: failed in EvtFormatMessage: The message resource is present but the message was not found in the message table."},"ecs":{"version":"8.0.0"},"agent":{"id":"0ae603cf-457e-4a6f-bbde-51c28f1a031e","name":"DESKTOP-IKR997B","type":"winlogbeat","version":"9.3.3","ephemeral_id":"f8d845b8-8ac1-43f8-9a65-a6e7c2082e2f"},"host":{"name":"DESKTOP-H6FBQ5J"},"winlog":{"record_id":582,"computer_name":"DESKTOP-H6FBQ5J","version":2,"error":{},"provider_name":"Microsoft-Windows-Sysmon","provider_guid":"{5770385F-C22A-43E0-BF4C-06F5698FFBD9}","user":{"identifier":"S-1-5-18","domain":"NT AUTHORITY","name":"SYSTEM","type":"Well Known Group"},"event_data":{"CreationUtcTime":"2026-04-15 08:53:17.655","User":"DESKTOP-H6FBQ5J\\windows","RuleName":"DefaultUserModified","UtcTime":"2026-04-15 08:53:17.655","ProcessGuid":"{8F7AB6F6-51EF-69DF-B301-000000000500}","ProcessId":"7324","Image":"C:\\ProgramData\\ClearWater_x64.exe","TargetFilename":"C:\\Users\\Default\\CLEARWATER_README.txt"},"channel":"Microsoft-Windows-Sysmon/Operational","event_id":"11","opcode":"Info","process":{"pid":6668,"thread":{"id":6376}}},"event":{"created":"2026-04-15T13:13:46.683Z","code":"11","kind":"event","provider":"Microsoft-Windows-Sysmon"}}
{"@timestamp":"2026-04-15T08:53:18.170Z","@metadata":{"beat":"winlogbeat","type":"_doc","version":"9.3.3"},"event":{"created":"2026-04-15T13:13:46.683Z","code":"1","kind":"event","provider":"Microsoft-Windows-Sysmon"},"log":{"level":"information","file":{"path":"C:\\Users\\ivysa\\Downloads\\winlogbeat-9.3.3-windows-x86_64\\winlogbeat-9.3.3-windows-x86_64\\symon.evtx"}},"error":{"message":"failed to get the event message string: failed in EvtFormatMessage: The message resource is present but the message was not found in the message table."},"ecs":{"version":"8.0.0"},"agent":{"ephemeral_id":"f8d845b8-8ac1-43f8-9a65-a6e7c2082e2f","id":"0ae603cf-457e-4a6f-bbde-51c28f1a031e","name":"DESKTOP-IKR997B","type":"winlogbeat","version":"9.3.3"},"host":{"name":"DESKTOP-H6FBQ5J"},"winlog":{"user":{"type":"Well Known Group","identifier":"S-1-5-18","domain":"NT AUTHORITY","name":"SYSTEM"},"event_id":"1","computer_name":"DESKTOP-H6FBQ5J","version":5,"record_id":583,"event_data":{"UtcTime":"2026-04-15 08:53:18.121","Image":"C:\\Windows\\System32\\cmd.exe","ParentCommandLine":"\"C:\\ProgramData\\ClearWater_x64.exe\" ","FileVersion":"10.0.17763.1 (WinBuild.160101.0800)","ParentProcessId":"7324","Company":"Microsoft Corporation","ParentUser":"DESKTOP-H6FBQ5J\\windows","Product":"Microsoft® Windows® Operating System","LogonGuid":"{8F7AB6F6-4E83-69DF-192B-010000000000}","ProcessGuid":"{8F7AB6F6-51FE-69DF-D501-000000000500}","User":"DESKTOP-H6FBQ5J\\windows","IntegrityLevel":"High","Hashes":"MD5=0D088F5BCFA8F086FBA163647CD80CAB,SHA256=9023F8AAEDA4A1DA45AC477A81B5BBE4128E413F19A0ABFA3715465AD66ED5CD,IMPHASH=272245E2988E1E430500B852C4FB5E18","RuleName":"-","Description":"Windows Command Processor","CurrentDirectory":"C:\\ProgramData\\","TerminalSessionId":"1","ParentProcessGuid":"{8F7AB6F6-51EF-69DF-B301-000000000500}","LogonId":"0x12b19","ParentImage":"C:\\ProgramData\\ClearWater_x64.exe","ProcessId":"4668","OriginalFileName":"Cmd.Exe","CommandLine":"C:\\Windows\\system32\\cmd.exe /c net view"},"process":{"pid":6668,"thread":{"id":6376}},"error":{},"channel":"Microsoft-Windows-Sysmon/Operational","provider_name":"Microsoft-Windows-Sysmon","opcode":"Info","provider_guid":"{5770385F-C22A-43E0-BF4C-06F5698FFBD9}"}}
{"@timestamp":"2026-04-15T08:53:18.668Z","@metadata":{"beat":"winlogbeat","type":"_doc","version":"9.3.3"},"winlog":{"user":{"name":"SYSTEM","type":"Well Known Group","identifier":"S-1-5-18","domain":"NT AUTHORITY"},"process":{"pid":6668,"thread":{"id":6376}},"error":{},"provider_name":"Microsoft-Windows-Sysmon","provider_guid":"{5770385F-C22A-43E0-BF4C-06F5698FFBD9}","event_data":{"OriginalFileName":"net.exe","CommandLine":"net  view","LogonGuid":"{8F7AB6F6-4E83-69DF-192B-010000000000}","IntegrityLevel":"High","ProcessId":"5468","FileVersion":"10.0.17763.1 (WinBuild.160101.0800)","Product":"Microsoft® Windows® Operating System","Company":"Microsoft Corporation","ParentProcessGuid":"{8F7AB6F6-51FE-69DF-D501-000000000500}","ParentProcessId":"4668","Description":"Net Command","UtcTime":"2026-04-15 08:53:18.583","Image":"C:\\Windows\\System32\\net.exe","ParentCommandLine":"C:\\Windows\\system32\\cmd.exe /c net view","CurrentDirectory":"C:\\ProgramData\\","ParentUser":"DESKTOP-H6FBQ5J\\windows","RuleName":"-","Hashes":"MD5=AE61D8F04BCDE8158304067913160B31,SHA256=25C8266D2BC1D5626DCDF72419838B397D28D44D00AC09F02FF4E421B43EC369,IMPHASH=57F0C47AE2A1A2C06C8B987372AB0B07","LogonId":"0x12b19","ParentImage":"C:\\Windows\\System32\\cmd.exe","User":"DESKTOP-H6FBQ5J\\windows","ProcessGuid":"{8F7AB6F6-51FE-69DF-D701-000000000500}","TerminalSessionId":"1"},"record_id":584,"computer_name":"DESKTOP-H6FBQ5J","opcode":"Info","version":5,"channel":"Microsoft-Windows-Sysmon/Operational","event_id":"1"},"ecs":{"version":"8.0.0"},"agent":{"ephemeral_id":"f8d845b8-8ac1-43f8-9a65-a6e7c2082e2f","id":"0ae603cf-457e-4a6f-bbde-51c28f1a031e","name":"DESKTOP-IKR997B","type":"winlogbeat","version":"9.3.3"},"event":{"provider":"Microsoft-Windows-Sysmon","created":"2026-04-15T13:13:46.683Z","code":"1","kind":"event"},"log":{"level":"information","file":{"path":"C:\\Users\\ivysa\\Downloads\\winlogbeat-9.3.3-windows-x86_64\\winlogbeat-9.3.3-windows-x86_64\\symon.evtx"}},"error":{"message":"failed to get the event message string: failed in EvtFormatMessage: The message resource is present but the message was not found in the message table."},"host":{"name":"DESKTOP-H6FBQ5J"}}
