{"@timestamp":"2026-04-15T08:51:26.808Z","@metadata":{"beat":"winlogbeat","type":"_doc","version":"9.3.3"},"winlog":{"channel":"Microsoft-Windows-Sysmon/Operational","event_id":"13","process":{"pid":6668,"thread":{"id":6376}},"user":{"identifier":"S-1-5-18","domain":"NT AUTHORITY","name":"SYSTEM","type":"Well Known Group"},"event_data":{"ProcessGuid":"{8F7AB6F6-5189-69DF-A301-000000000500}","ProcessId":"2860","Image":"C:\\Program Files\\Bandizip\\Bandizip.exe","Details":"\"C:\\Program Files\\Bandizip\\Bandizip.exe\" \"장치\"","User":"DESKTOP-H6FBQ5J\\windows","RuleName":"T1042","EventType":"SetValue","TargetObject":"HKU\\S-1-5-21-3775872478-390322037-581647961-1001_Classes\\Bandizip.aes\\Shell\\Open\\Command\\(Default)","UtcTime":"2026-04-15 08:51:26.678"},"provider_name":"Microsoft-Windows-Sysmon","opcode":"Info","provider_guid":"{5770385F-C22A-43E0-BF4C-06F5698FFBD9}","version":2,"record_id":446,"computer_name":"DESKTOP-H6FBQ5J","error":{}},"event":{"created":"2026-04-15T13:13:46.600Z","code":"13","kind":"event","provider":"Microsoft-Windows-Sysmon"},"ecs":{"version":"8.0.0"},"agent":{"ephemeral_id":"f8d845b8-8ac1-43f8-9a65-a6e7c2082e2f","id":"0ae603cf-457e-4a6f-bbde-51c28f1a031e","name":"DESKTOP-IKR997B","type":"winlogbeat","version":"9.3.3"},"log":{"level":"information","file":{"path":"C:\\Users\\ivysa\\Downloads\\winlogbeat-9.3.3-windows-x86_64\\winlogbeat-9.3.3-windows-x86_64\\symon.evtx"}},"error":{"message":"failed to get the event message string: failed in EvtFormatMessage: The message resource is present but the message was not found in the message table."},"host":{"name":"DESKTOP-H6FBQ5J"}}
{"@timestamp":"2026-04-15T08:51:26.809Z","@metadata":{"beat":"winlogbeat","type":"_doc","version":"9.3.3"},"ecs":{"version":"8.0.0"},"agent":{"ephemeral_id":"f8d845b8-8ac1-43f8-9a65-a6e7c2082e2f","id":"0ae603cf-457e-4a6f-bbde-51c28f1a031e","name":"DESKTOP-IKR997B","type":"winlogbeat","version":"9.3.3"},"host":{"name":"DESKTOP-H6FBQ5J"},"winlog":{"record_id":447,"computer_name":"DESKTOP-H6FBQ5J","provider_guid":"{5770385F-C22A-43E0-BF4C-06F5698FFBD9}","channel":"Microsoft-Windows-Sysmon/Operational","error":{},"event_id":"13","opcode":"Info","event_data":{"RuleName":"T1042","EventType":"SetValue","UtcTime":"2026-04-15 08:51:26.678","TargetObject":"HKU\\S-1-5-21-3775872478-390322037-581647961-1001_Classes\\Bandizip.zpaq\\Shell\\Open\\Command\\(Default)","ProcessGuid":"{8F7AB6F6-5189-69DF-A301-000000000500}","Details":"\"C:\\Program Files\\Bandizip\\Bandizip.exe\" \"장치\"","ProcessId":"2860","Image":"C:\\Program Files\\Bandizip\\Bandizip.exe","User":"DESKTOP-H6FBQ5J\\windows"},"provider_name":"Microsoft-Windows-Sysmon","version":2,"user":{"name":"SYSTEM","type":"Well Known Group","identifier":"S-1-5-18","domain":"NT AUTHORITY"},"process":{"thread":{"id":6376},"pid":6668}},"event":{"provider":"Microsoft-Windows-Sysmon","created":"2026-04-15T13:13:46.600Z","code":"13","kind":"event"},"log":{"level":"information","file":{"path":"C:\\Users\\ivysa\\Downloads\\winlogbeat-9.3.3-windows-x86_64\\winlogbeat-9.3.3-windows-x86_64\\symon.evtx"}},"error":{"message":"failed to get the event message string: failed in EvtFormatMessage: The message resource is present but the message was not found in the message table."}}
{"@timestamp":"2026-04-15T08:51:26.809Z","@metadata":{"beat":"winlogbeat","type":"_doc","version":"9.3.3"},"event":{"code":"13","kind":"event","provider":"Microsoft-Windows-Sysmon","created":"2026-04-15T13:13:46.600Z"},"log":{"file":{"path":"C:\\Users\\ivysa\\Downloads\\winlogbeat-9.3.3-windows-x86_64\\winlogbeat-9.3.3-windows-x86_64\\symon.evtx"},"level":"information"},"error":{"message":"failed to get the event message string: failed in EvtFormatMessage: The message resource is present but the message was not found in the message table."},"host":{"name":"DESKTOP-H6FBQ5J"},"winlog":{"version":2,"event_data":{"EventType":"SetValue","Details":"\"C:\\Program Files\\Bandizip\\Bandizip.exe\" \"장치\"","RuleName":"T1042","TargetObject":"HKU\\S-1-5-21-3775872478-390322037-581647961-1001_Classes\\Bandizip.zpaq\\Shell\\Open\\Command\\(Default)","ProcessGuid":"{8F7AB6F6-5189-69DF-A301-000000000500}","User":"DESKTOP-H6FBQ5J\\windows","UtcTime":"2026-04-15 08:51:26.678","ProcessId":"2860","Image":"C:\\Program Files\\Bandizip\\Bandizip.exe"},"process":{"pid":6668,"thread":{"id":6376}},"error":{},"event_id":"13","record_id":448,"opcode":"Info","channel":"Microsoft-Windows-Sysmon/Operational","computer_name":"DESKTOP-H6FBQ5J","provider_guid":"{5770385F-C22A-43E0-BF4C-06F5698FFBD9}","user":{"name":"SYSTEM","type":"Well Known Group","identifier":"S-1-5-18","domain":"NT AUTHORITY"},"provider_name":"Microsoft-Windows-Sysmon"},"ecs":{"version":"8.0.0"},"agent":{"version":"9.3.3","ephemeral_id":"f8d845b8-8ac1-43f8-9a65-a6e7c2082e2f","id":"0ae603cf-457e-4a6f-bbde-51c28f1a031e","name":"DESKTOP-IKR997B","type":"winlogbeat"}}
{"@timestamp":"2026-04-15T08:51:26.809Z","@metadata":{"beat":"winlogbeat","type":"_doc","version":"9.3.3"},"winlog":{"user":{"domain":"NT AUTHORITY","name":"SYSTEM","type":"Well Known Group","identifier":"S-1-5-18"},"provider_guid":"{5770385F-C22A-43E0-BF4C-06F5698FFBD9}","event_data":{"EventType":"SetValue","ProcessId":"2860","Image":"C:\\Program Files\\Bandizip\\Bandizip.exe","Details":"\"C:\\Program Files\\Bandizip\\Bandizip.exe\" \"장치\"","TargetObject":"HKU\\S-1-5-21-3775872478-390322037-581647961-1001_Classes\\Bandizip.zst\\Shell\\Open\\Command\\(Default)","User":"DESKTOP-H6FBQ5J\\windows","RuleName":"T1042","UtcTime":"2026-04-15 08:51:26.678","ProcessGuid":"{8F7AB6F6-5189-69DF-A301-000000000500}"},"process":{"pid":6668,"thread":{"id":6376}},"error":{},"channel":"Microsoft-Windows-Sysmon/Operational","event_id":"13","record_id":449,"provider_name":"Microsoft-Windows-Sysmon","computer_name":"DESKTOP-H6FBQ5J","opcode":"Info","version":2},"event":{"provider":"Microsoft-Windows-Sysmon","created":"2026-04-15T13:13:46.600Z","code":"13","kind":"event"},"log":{"file":{"path":"C:\\Users\\ivysa\\Downloads\\winlogbeat-9.3.3-windows-x86_64\\winlogbeat-9.3.3-windows-x86_64\\symon.evtx"},"level":"information"},"error":{"message":"failed to get the event message string: failed in EvtFormatMessage: The message resource is present but the message was not found in the message table."},"ecs":{"version":"8.0.0"},"agent":{"ephemeral_id":"f8d845b8-8ac1-43f8-9a65-a6e7c2082e2f","id":"0ae603cf-457e-4a6f-bbde-51c28f1a031e","name":"DESKTOP-IKR997B","type":"winlogbeat","version":"9.3.3"},"host":{"name":"DESKTOP-H6FBQ5J"}}
{"@timestamp":"2026-04-15T08:51:26.810Z","@metadata":{"beat":"winlogbeat","type":"_doc","version":"9.3.3"},"ecs":{"version":"8.0.0"},"agent":{"version":"9.3.3","ephemeral_id":"f8d845b8-8ac1-43f8-9a65-a6e7c2082e2f","id":"0ae603cf-457e-4a6f-bbde-51c28f1a031e","name":"DESKTOP-IKR997B","type":"winlogbeat"},"winlog":{"opcode":"Info","channel":"Microsoft-Windows-Sysmon/Operational","record_id":450,"computer_name":"DESKTOP-H6FBQ5J","provider_guid":"{5770385F-C22A-43E0-BF4C-06F5698FFBD9}","version":2,"provider_name":"Microsoft-Windows-Sysmon","user":{"name":"SYSTEM","type":"Well Known Group","identifier":"S-1-5-18","domain":"NT AUTHORITY"},"event_data":{"User":"DESKTOP-H6FBQ5J\\windows","UtcTime":"2026-04-15 08:51:26.678","ProcessGuid":"{8F7AB6F6-5189-69DF-A301-000000000500}","ProcessId":"2860","Details":"\"C:\\Program Files\\Bandizip\\Bandizip.exe\" \"장치\"","EventType":"SetValue","RuleName":"T1042","Image":"C:\\Program Files\\Bandizip\\Bandizip.exe","TargetObject":"HKU\\S-1-5-21-3775872478-390322037-581647961-1001_Classes\\Bandizip.zst\\Shell\\Open\\Command\\(Default)"},"process":{"pid":6668,"thread":{"id":6376}},"error":{},"event_id":"13"},"event":{"created":"2026-04-15T13:13:46.600Z","code":"13","kind":"event","provider":"Microsoft-Windows-Sysmon"},"log":{"level":"information","file":{"path":"C:\\Users\\ivysa\\Downloads\\winlogbeat-9.3.3-windows-x86_64\\winlogbeat-9.3.3-windows-x86_64\\symon.evtx"}},"error":{"message":"failed to get the event message string: failed in EvtFormatMessage: The message resource is present but the message was not found in the message table."},"host":{"name":"DESKTOP-H6FBQ5J"}}
{"@timestamp":"2026-04-15T08:51:26.810Z","@metadata":{"beat":"winlogbeat","type":"_doc","version":"9.3.3"},"host":{"name":"DESKTOP-H6FBQ5J"},"winlog":{"event_data":{"TargetObject":"HKU\\S-1-5-21-3775872478-390322037-581647961-1001_Classes\\Bandizip.br\\Shell\\Open\\Command\\(Default)","EventType":"SetValue","UtcTime":"2026-04-15 08:51:26.678","Image":"C:\\Program Files\\Bandizip\\Bandizip.exe","Details":"\"C:\\Program Files\\Bandizip\\Bandizip.exe\" \"장치\"","User":"DESKTOP-H6FBQ5J\\windows","ProcessId":"2860","RuleName":"T1042","ProcessGuid":"{8F7AB6F6-5189-69DF-A301-000000000500}"},"process":{"pid":6668,"thread":{"id":6376}},"error":{},"event_id":"13","computer_name":"DESKTOP-H6FBQ5J","opcode":"Info","provider_guid":"{5770385F-C22A-43E0-BF4C-06F5698FFBD9}","user":{"identifier":"S-1-5-18","domain":"NT AUTHORITY","name":"SYSTEM","type":"Well Known Group"},"provider_name":"Microsoft-Windows-Sysmon","record_id":451,"channel":"Microsoft-Windows-Sysmon/Operational","version":2},"event":{"created":"2026-04-15T13:13:46.600Z","code":"13","kind":"event","provider":"Microsoft-Windows-Sysmon"},"log":{"level":"information","file":{"path":"C:\\Users\\ivysa\\Downloads\\winlogbeat-9.3.3-windows-x86_64\\winlogbeat-9.3.3-windows-x86_64\\symon.evtx"}},"ecs":{"version":"8.0.0"},"agent":{"ephemeral_id":"f8d845b8-8ac1-43f8-9a65-a6e7c2082e2f","id":"0ae603cf-457e-4a6f-bbde-51c28f1a031e","name":"DESKTOP-IKR997B","type":"winlogbeat","version":"9.3.3"},"error":{"message":"failed to get the event message string: failed in EvtFormatMessage: The message resource is present but the message was not found in the message table."}}
{"@timestamp":"2026-04-15T08:51:26.811Z","@metadata":{"beat":"winlogbeat","type":"_doc","version":"9.3.3"},"host":{"name":"DESKTOP-H6FBQ5J"},"winlog":{"user":{"type":"Well Known Group","identifier":"S-1-5-18","domain":"NT AUTHORITY","name":"SYSTEM"},"computer_name":"DESKTOP-H6FBQ5J","event_data":{"RuleName":"T1042","ProcessGuid":"{8F7AB6F6-5189-69DF-A301-000000000500}","Image":"C:\\Program Files\\Bandizip\\Bandizip.exe","UtcTime":"2026-04-15 08:51:26.678","TargetObject":"HKU\\S-1-5-21-3775872478-390322037-581647961-1001_Classes\\Bandizip.br\\Shell\\Open\\Command\\(Default)","User":"DESKTOP-H6FBQ5J\\windows","EventType":"SetValue","ProcessId":"2860","Details":"\"C:\\Program Files\\Bandizip\\Bandizip.exe\" \"장치\""},"error":{},"opcode":"Info","provider_guid":"{5770385F-C22A-43E0-BF4C-06F5698FFBD9}","process":{"thread":{"id":6376},"pid":6668},"event_id":"13","record_id":452,"version":2,"channel":"Microsoft-Windows-Sysmon/Operational","provider_name":"Microsoft-Windows-Sysmon"},"event":{"kind":"event","provider":"Microsoft-Windows-Sysmon","created":"2026-04-15T13:13:46.600Z","code":"13"},"log":{"level":"information","file":{"path":"C:\\Users\\ivysa\\Downloads\\winlogbeat-9.3.3-windows-x86_64\\winlogbeat-9.3.3-windows-x86_64\\symon.evtx"}},"error":{"message":"failed to get the event message string: failed in EvtFormatMessage: The message resource is present but the message was not found in the message table."},"agent":{"version":"9.3.3","ephemeral_id":"f8d845b8-8ac1-43f8-9a65-a6e7c2082e2f","id":"0ae603cf-457e-4a6f-bbde-51c28f1a031e","name":"DESKTOP-IKR997B","type":"winlogbeat"},"ecs":{"version":"8.0.0"}}
{"@timestamp":"2026-04-15T08:51:26.811Z","@metadata":{"beat":"winlogbeat","type":"_doc","version":"9.3.3"},"log":{"level":"information","file":{"path":"C:\\Users\\ivysa\\Downloads\\winlogbeat-9.3.3-windows-x86_64\\winlogbeat-9.3.3-windows-x86_64\\symon.evtx"}},"error":{"message":"failed to get the event message string: failed in EvtFormatMessage: The message resource is present but the message was not found in the message table."},"host":{"name":"DESKTOP-H6FBQ5J"},"winlog":{"user":{"domain":"NT AUTHORITY","name":"SYSTEM","type":"Well Known Group","identifier":"S-1-5-18"},"event_id":"13","opcode":"Info","provider_guid":"{5770385F-C22A-43E0-BF4C-06F5698FFBD9}","process":{"pid":6668,"thread":{"id":6376}},"channel":"Microsoft-Windows-Sysmon/Operational","version":2,"event_data":{"User":"DESKTOP-H6FBQ5J\\windows","RuleName":"T1042","UtcTime":"2026-04-15 08:51:26.678","ProcessId":"2860","ProcessGuid":"{8F7AB6F6-5189-69DF-A301-000000000500}","Image":"C:\\Program Files\\Bandizip\\Bandizip.exe","TargetObject":"HKU\\S-1-5-21-3775872478-390322037-581647961-1001_Classes\\Bandizip.pea\\Shell\\Open\\Command\\(Default)","EventType":"SetValue","Details":"\"C:\\Program Files\\Bandizip\\Bandizip.exe\" \"장치\""},"error":{},"provider_name":"Microsoft-Windows-Sysmon","record_id":453,"computer_name":"DESKTOP-H6FBQ5J"},"event":{"code":"13","kind":"event","provider":"Microsoft-Windows-Sysmon","created":"2026-04-15T13:13:46.600Z"},"ecs":{"version":"8.0.0"},"agent":{"type":"winlogbeat","version":"9.3.3","ephemeral_id":"f8d845b8-8ac1-43f8-9a65-a6e7c2082e2f","id":"0ae603cf-457e-4a6f-bbde-51c28f1a031e","name":"DESKTOP-IKR997B"}}
{"@timestamp":"2026-04-15T08:51:26.811Z","@metadata":{"beat":"winlogbeat","type":"_doc","version":"9.3.3"},"log":{"level":"information","file":{"path":"C:\\Users\\ivysa\\Downloads\\winlogbeat-9.3.3-windows-x86_64\\winlogbeat-9.3.3-windows-x86_64\\symon.evtx"}},"ecs":{"version":"8.0.0"},"agent":{"id":"0ae603cf-457e-4a6f-bbde-51c28f1a031e","name":"DESKTOP-IKR997B","type":"winlogbeat","version":"9.3.3","ephemeral_id":"f8d845b8-8ac1-43f8-9a65-a6e7c2082e2f"},"error":{"message":"failed to get the event message string: failed in EvtFormatMessage: The message resource is present but the message was not found in the message table."},"host":{"name":"DESKTOP-H6FBQ5J"},"winlog":{"version":2,"user":{"type":"Well Known Group","identifier":"S-1-5-18","domain":"NT AUTHORITY","name":"SYSTEM"},"error":{},"provider_name":"Microsoft-Windows-Sysmon","provider_guid":"{5770385F-C22A-43E0-BF4C-06F5698FFBD9}","event_data":{"ProcessGuid":"{8F7AB6F6-5189-69DF-A301-000000000500}","TargetObject":"HKU\\S-1-5-21-3775872478-390322037-581647961-1001_Classes\\Bandizip.pea\\Shell\\Open\\Command\\(Default)","Image":"C:\\Program Files\\Bandizip\\Bandizip.exe","Details":"\"C:\\Program Files\\Bandizip\\Bandizip.exe\" \"장치\"","User":"DESKTOP-H6FBQ5J\\windows","RuleName":"T1042","EventType":"SetValue","ProcessId":"2860","UtcTime":"2026-04-15 08:51:26.678"},"channel":"Microsoft-Windows-Sysmon/Operational","record_id":454,"opcode":"Info","process":{"pid":6668,"thread":{"id":6376}},"event_id":"13","computer_name":"DESKTOP-H6FBQ5J"},"event":{"code":"13","kind":"event","provider":"Microsoft-Windows-Sysmon","created":"2026-04-15T13:13:46.600Z"}}
{"@timestamp":"2026-04-15T08:51:26.812Z","@metadata":{"beat":"winlogbeat","type":"_doc","version":"9.3.3"},"ecs":{"version":"8.0.0"},"agent":{"version":"9.3.3","ephemeral_id":"f8d845b8-8ac1-43f8-9a65-a6e7c2082e2f","id":"0ae603cf-457e-4a6f-bbde-51c28f1a031e","name":"DESKTOP-IKR997B","type":"winlogbeat"},"event":{"provider":"Microsoft-Windows-Sysmon","created":"2026-04-15T13:13:46.601Z","code":"13","kind":"event"},"log":{"level":"information","file":{"path":"C:\\Users\\ivysa\\Downloads\\winlogbeat-9.3.3-windows-x86_64\\winlogbeat-9.3.3-windows-x86_64\\symon.evtx"}},"error":{"message":"failed to get the event message string: failed in EvtFormatMessage: The message resource is present but the message was not found in the message table."},"host":{"name":"DESKTOP-H6FBQ5J"},"winlog":{"event_id":"13","provider_name":"Microsoft-Windows-Sysmon","version":2,"record_id":455,"event_data":{"EventType":"SetValue","Image":"C:\\Program Files\\Bandizip\\Bandizip.exe","Details":"\"C:\\Program Files\\Bandizip\\Bandizip.exe\" \"장치\"","User":"DESKTOP-H6FBQ5J\\windows","UtcTime":"2026-04-15 08:51:26.678","ProcessGuid":"{8F7AB6F6-5189-69DF-A301-000000000500}","ProcessId":"2860","TargetObject":"HKU\\S-1-5-21-3775872478-390322037-581647961-1001_Classes\\Bandizip.tar\\Shell\\Open\\Command\\(Default)","RuleName":"T1042"},"opcode":"Info","error":{},"channel":"Microsoft-Windows-Sysmon/Operational","computer_name":"DESKTOP-H6FBQ5J","provider_guid":"{5770385F-C22A-43E0-BF4C-06F5698FFBD9}","user":{"name":"SYSTEM","type":"Well Known Group","identifier":"S-1-5-18","domain":"NT AUTHORITY"},"process":{"pid":6668,"thread":{"id":6376}}}}
{"@timestamp":"2026-04-15T08:51:26.812Z","@metadata":{"beat":"winlogbeat","type":"_doc","version":"9.3.3"},"ecs":{"version":"8.0.0"},"winlog":{"channel":"Microsoft-Windows-Sysmon/Operational","opcode":"Info","provider_guid":"{5770385F-C22A-43E0-BF4C-06F5698FFBD9}","version":2,"user":{"type":"Well Known Group","identifier":"S-1-5-18","domain":"NT AUTHORITY","name":"SYSTEM"},"event_id":"13","provider_name":"Microsoft-Windows-Sysmon","record_id":456,"process":{"pid":6668,"thread":{"id":6376}},"computer_name":"DESKTOP-H6FBQ5J","event_data":{"ProcessId":"2860","Image":"C:\\Program Files\\Bandizip\\Bandizip.exe","User":"DESKTOP-H6FBQ5J\\windows","EventType":"SetValue","ProcessGuid":"{8F7AB6F6-5189-69DF-A301-000000000500}","TargetObject":"HKU\\S-1-5-21-3775872478-390322037-581647961-1001_Classes\\Bandizip.tar\\Shell\\Open\\Command\\(Default)","RuleName":"T1042","Details":"\"C:\\Program Files\\Bandizip\\Bandizip.exe\" \"장치\"","UtcTime":"2026-04-15 08:51:26.694"},"error":{}},"event":{"provider":"Microsoft-Windows-Sysmon","created":"2026-04-15T13:13:46.601Z","code":"13","kind":"event"},"log":{"level":"information","file":{"path":"C:\\Users\\ivysa\\Downloads\\winlogbeat-9.3.3-windows-x86_64\\winlogbeat-9.3.3-windows-x86_64\\symon.evtx"}},"error":{"message":"failed to get the event message string: failed in EvtFormatMessage: The message resource is present but the message was not found in the message table."},"host":{"name":"DESKTOP-H6FBQ5J"},"agent":{"id":"0ae603cf-457e-4a6f-bbde-51c28f1a031e","name":"DESKTOP-IKR997B","type":"winlogbeat","version":"9.3.3","ephemeral_id":"f8d845b8-8ac1-43f8-9a65-a6e7c2082e2f"}}
{"@timestamp":"2026-04-15T08:51:26.813Z","@metadata":{"beat":"winlogbeat","type":"_doc","version":"9.3.3"},"error":{"message":"failed to get the event message string: failed in EvtFormatMessage: The message resource is present but the message was not found in the message table."},"host":{"name":"DESKTOP-H6FBQ5J"},"winlog":{"opcode":"Info","provider_guid":"{5770385F-C22A-43E0-BF4C-06F5698FFBD9}","event_id":"13","version":2,"event_data":{"User":"DESKTOP-H6FBQ5J\\windows","RuleName":"T1042","UtcTime":"2026-04-15 08:51:26.694","ProcessGuid":"{8F7AB6F6-5189-69DF-A301-000000000500}","TargetObject":"HKU\\S-1-5-21-3775872478-390322037-581647961-1001_Classes\\Bandizip.gz\\Shell\\Open\\Command\\(Default)","EventType":"SetValue","ProcessId":"2860","Image":"C:\\Program Files\\Bandizip\\Bandizip.exe","Details":"\"C:\\Program Files\\Bandizip\\Bandizip.exe\" \"장치\""},"error":{},"provider_name":"Microsoft-Windows-Sysmon","record_id":457,"computer_name":"DESKTOP-H6FBQ5J","channel":"Microsoft-Windows-Sysmon/Operational","user":{"name":"SYSTEM","type":"Well Known Group","identifier":"S-1-5-18","domain":"NT AUTHORITY"},"process":{"thread":{"id":6376},"pid":6668}},"event":{"kind":"event","provider":"Microsoft-Windows-Sysmon","created":"2026-04-15T13:13:46.601Z","code":"13"},"log":{"file":{"path":"C:\\Users\\ivysa\\Downloads\\winlogbeat-9.3.3-windows-x86_64\\winlogbeat-9.3.3-windows-x86_64\\symon.evtx"},"level":"information"},"ecs":{"version":"8.0.0"},"agent":{"ephemeral_id":"f8d845b8-8ac1-43f8-9a65-a6e7c2082e2f","id":"0ae603cf-457e-4a6f-bbde-51c28f1a031e","name":"DESKTOP-IKR997B","type":"winlogbeat","version":"9.3.3"}}
{"@timestamp":"2026-04-15T08:51:26.813Z","@metadata":{"beat":"winlogbeat","type":"_doc","version":"9.3.3"},"agent":{"id":"0ae603cf-457e-4a6f-bbde-51c28f1a031e","name":"DESKTOP-IKR997B","type":"winlogbeat","version":"9.3.3","ephemeral_id":"f8d845b8-8ac1-43f8-9a65-a6e7c2082e2f"},"error":{"message":"failed to get the event message string: failed in EvtFormatMessage: The message resource is present but the message was not found in the message table."},"host":{"name":"DESKTOP-H6FBQ5J"},"winlog":{"record_id":458,"opcode":"Info","channel":"Microsoft-Windows-Sysmon/Operational","event_id":"13","computer_name":"DESKTOP-H6FBQ5J","event_data":{"RuleName":"T1042","ProcessGuid":"{8F7AB6F6-5189-69DF-A301-000000000500}","ProcessId":"2860","Image":"C:\\Program Files\\Bandizip\\Bandizip.exe","TargetObject":"HKU\\S-1-5-21-3775872478-390322037-581647961-1001_Classes\\Bandizip.gz\\Shell\\Open\\Command\\(Default)","Details":"\"C:\\Program Files\\Bandizip\\Bandizip.exe\" \"장치\"","User":"DESKTOP-H6FBQ5J\\windows","EventType":"SetValue","UtcTime":"2026-04-15 08:51:26.694"},"process":{"pid":6668,"thread":{"id":6376}},"provider_guid":"{5770385F-C22A-43E0-BF4C-06F5698FFBD9}","version":2,"user":{"domain":"NT AUTHORITY","name":"SYSTEM","type":"Well Known Group","identifier":"S-1-5-18"},"error":{},"provider_name":"Microsoft-Windows-Sysmon"},"event":{"provider":"Microsoft-Windows-Sysmon","created":"2026-04-15T13:13:46.601Z","code":"13","kind":"event"},"log":{"level":"information","file":{"path":"C:\\Users\\ivysa\\Downloads\\winlogbeat-9.3.3-windows-x86_64\\winlogbeat-9.3.3-windows-x86_64\\symon.evtx"}},"ecs":{"version":"8.0.0"}}
{"@timestamp":"2026-04-15T08:51:26.813Z","@metadata":{"beat":"winlogbeat","type":"_doc","version":"9.3.3"},"host":{"name":"DESKTOP-H6FBQ5J"},"winlog":{"channel":"Microsoft-Windows-Sysmon/Operational","record_id":459,"opcode":"Info","provider_guid":"{5770385F-C22A-43E0-BF4C-06F5698FFBD9}","version":2,"event_data":{"ProcessId":"2860","RuleName":"T1042","EventType":"SetValue","Image":"C:\\Program Files\\Bandizip\\Bandizip.exe","TargetObject":"HKU\\S-1-5-21-3775872478-390322037-581647961-1001_Classes\\Bandizip.tgz\\Shell\\Open\\Command\\(Default)","ProcessGuid":"{8F7AB6F6-5189-69DF-A301-000000000500}","Details":"\"C:\\Program Files\\Bandizip\\Bandizip.exe\" \"장치\"","User":"DESKTOP-H6FBQ5J\\windows","UtcTime":"2026-04-15 08:51:26.694"},"process":{"pid":6668,"thread":{"id":6376}},"error":{},"event_id":"13","provider_name":"Microsoft-Windows-Sysmon","computer_name":"DESKTOP-H6FBQ5J","user":{"identifier":"S-1-5-18","domain":"NT AUTHORITY","name":"SYSTEM","type":"Well Known Group"}},"event":{"kind":"event","provider":"Microsoft-Windows-Sysmon","created":"2026-04-15T13:13:46.601Z","code":"13"},"log":{"file":{"path":"C:\\Users\\ivysa\\Downloads\\winlogbeat-9.3.3-windows-x86_64\\winlogbeat-9.3.3-windows-x86_64\\symon.evtx"},"level":"information"},"error":{"message":"failed to get the event message string: failed in EvtFormatMessage: The message resource is present but the message was not found in the message table."},"ecs":{"version":"8.0.0"},"agent":{"version":"9.3.3","ephemeral_id":"f8d845b8-8ac1-43f8-9a65-a6e7c2082e2f","id":"0ae603cf-457e-4a6f-bbde-51c28f1a031e","name":"DESKTOP-IKR997B","type":"winlogbeat"}}
{"@timestamp":"2026-04-15T08:51:26.814Z","@metadata":{"beat":"winlogbeat","type":"_doc","version":"9.3.3"},"error":{"message":"failed to get the event message string: failed in EvtFormatMessage: The message resource is present but the message was not found in the message table."},"host":{"name":"DESKTOP-H6FBQ5J"},"ecs":{"version":"8.0.0"},"agent":{"ephemeral_id":"f8d845b8-8ac1-43f8-9a65-a6e7c2082e2f","id":"0ae603cf-457e-4a6f-bbde-51c28f1a031e","name":"DESKTOP-IKR997B","type":"winlogbeat","version":"9.3.3"},"winlog":{"event_data":{"Details":"\"C:\\Program Files\\Bandizip\\Bandizip.exe\" \"장치\"","EventType":"SetValue","ProcessGuid":"{8F7AB6F6-5189-69DF-A301-000000000500}","ProcessId":"2860","User":"DESKTOP-H6FBQ5J\\windows","RuleName":"T1042","UtcTime":"2026-04-15 08:51:26.694","Image":"C:\\Program Files\\Bandizip\\Bandizip.exe","TargetObject":"HKU\\S-1-5-21-3775872478-390322037-581647961-1001_Classes\\Bandizip.tgz\\Shell\\Open\\Command\\(Default)"},"error":{},"channel":"Microsoft-Windows-Sysmon/Operational","event_id":"13","provider_name":"Microsoft-Windows-Sysmon","record_id":460,"computer_name":"DESKTOP-H6FBQ5J","opcode":"Info","provider_guid":"{5770385F-C22A-43E0-BF4C-06F5698FFBD9}","process":{"pid":6668,"thread":{"id":6376}},"version":2,"user":{"name":"SYSTEM","type":"Well Known Group","identifier":"S-1-5-18","domain":"NT AUTHORITY"}},"event":{"provider":"Microsoft-Windows-Sysmon","created":"2026-04-15T13:13:46.601Z","code":"13","kind":"event"},"log":{"level":"information","file":{"path":"C:\\Users\\ivysa\\Downloads\\winlogbeat-9.3.3-windows-x86_64\\winlogbeat-9.3.3-windows-x86_64\\symon.evtx"}}}
{"@timestamp":"2026-04-15T08:51:26.814Z","@metadata":{"beat":"winlogbeat","type":"_doc","version":"9.3.3"},"ecs":{"version":"8.0.0"},"agent":{"name":"DESKTOP-IKR997B","type":"winlogbeat","version":"9.3.3","ephemeral_id":"f8d845b8-8ac1-43f8-9a65-a6e7c2082e2f","id":"0ae603cf-457e-4a6f-bbde-51c28f1a031e"},"winlog":{"error":{},"opcode":"Info","version":2,"provider_name":"Microsoft-Windows-Sysmon","process":{"thread":{"id":6376},"pid":6668},"channel":"Microsoft-Windows-Sysmon/Operational","record_id":461,"computer_name":"DESKTOP-H6FBQ5J","event_id":"13","provider_guid":"{5770385F-C22A-43E0-BF4C-06F5698FFBD9}","user":{"type":"Well Known Group","identifier":"S-1-5-18","domain":"NT AUTHORITY","name":"SYSTEM"},"event_data":{"ProcessGuid":"{8F7AB6F6-5189-69DF-A301-000000000500}","ProcessId":"2860","User":"DESKTOP-H6FBQ5J\\windows","EventType":"SetValue","Image":"C:\\Program Files\\Bandizip\\Bandizip.exe","TargetObject":"HKU\\S-1-5-21-3775872478-390322037-581647961-1001_Classes\\Bandizip.bz\\Shell\\Open\\Command\\(Default)","Details":"\"C:\\Program Files\\Bandizip\\Bandizip.exe\" \"장치\"","RuleName":"T1042","UtcTime":"2026-04-15 08:51:26.694"}},"event":{"code":"13","kind":"event","provider":"Microsoft-Windows-Sysmon","created":"2026-04-15T13:13:46.601Z"},"log":{"level":"information","file":{"path":"C:\\Users\\ivysa\\Downloads\\winlogbeat-9.3.3-windows-x86_64\\winlogbeat-9.3.3-windows-x86_64\\symon.evtx"}},"error":{"message":"failed to get the event message string: failed in EvtFormatMessage: The message resource is present but the message was not found in the message table."},"host":{"name":"DESKTOP-H6FBQ5J"}}
{"@timestamp":"2026-04-15T08:51:26.815Z","@metadata":{"beat":"winlogbeat","type":"_doc","version":"9.3.3"},"agent":{"type":"winlogbeat","version":"9.3.3","ephemeral_id":"f8d845b8-8ac1-43f8-9a65-a6e7c2082e2f","id":"0ae603cf-457e-4a6f-bbde-51c28f1a031e","name":"DESKTOP-IKR997B"},"error":{"message":"failed to get the event message string: failed in EvtFormatMessage: The message resource is present but the message was not found in the message table."},"host":{"name":"DESKTOP-H6FBQ5J"},"winlog":{"error":{},"provider_guid":"{5770385F-C22A-43E0-BF4C-06F5698FFBD9}","opcode":"Info","version":2,"process":{"pid":6668,"thread":{"id":6376}},"event_id":"13","record_id":462,"computer_name":"DESKTOP-H6FBQ5J","channel":"Microsoft-Windows-Sysmon/Operational","provider_name":"Microsoft-Windows-Sysmon","user":{"name":"SYSTEM","type":"Well Known Group","identifier":"S-1-5-18","domain":"NT AUTHORITY"},"event_data":{"UtcTime":"2026-04-15 08:51:26.694","ProcessGuid":"{8F7AB6F6-5189-69DF-A301-000000000500}","EventType":"SetValue","ProcessId":"2860","Image":"C:\\Program Files\\Bandizip\\Bandizip.exe","User":"DESKTOP-H6FBQ5J\\windows","RuleName":"T1042","TargetObject":"HKU\\S-1-5-21-3775872478-390322037-581647961-1001_Classes\\Bandizip.bz\\Shell\\Open\\Command\\(Default)","Details":"\"C:\\Program Files\\Bandizip\\Bandizip.exe\" \"장치\""}},"event":{"created":"2026-04-15T13:13:46.601Z","code":"13","kind":"event","provider":"Microsoft-Windows-Sysmon"},"log":{"level":"information","file":{"path":"C:\\Users\\ivysa\\Downloads\\winlogbeat-9.3.3-windows-x86_64\\winlogbeat-9.3.3-windows-x86_64\\symon.evtx"}},"ecs":{"version":"8.0.0"}}
{"@timestamp":"2026-04-15T08:51:26.815Z","@metadata":{"beat":"winlogbeat","type":"_doc","version":"9.3.3"},"winlog":{"record_id":463,"event_data":{"ProcessGuid":"{8F7AB6F6-5189-69DF-A301-000000000500}","Image":"C:\\Program Files\\Bandizip\\Bandizip.exe","RuleName":"T1042","TargetObject":"HKU\\S-1-5-21-3775872478-390322037-581647961-1001_Classes\\Bandizip.bz2\\Shell\\Open\\Command\\(Default)","Details":"\"C:\\Program Files\\Bandizip\\Bandizip.exe\" \"장치\"","UtcTime":"2026-04-15 08:51:26.694","ProcessId":"2860","User":"DESKTOP-H6FBQ5J\\windows","EventType":"SetValue"},"process":{"pid":6668,"thread":{"id":6376}},"channel":"Microsoft-Windows-Sysmon/Operational","computer_name":"DESKTOP-H6FBQ5J","error":{},"provider_name":"Microsoft-Windows-Sysmon","opcode":"Info","version":2,"event_id":"13","provider_guid":"{5770385F-C22A-43E0-BF4C-06F5698FFBD9}","user":{"identifier":"S-1-5-18","domain":"NT AUTHORITY","name":"SYSTEM","type":"Well Known Group"}},"event":{"created":"2026-04-15T13:13:46.601Z","code":"13","kind":"event","provider":"Microsoft-Windows-Sysmon"},"log":{"file":{"path":"C:\\Users\\ivysa\\Downloads\\winlogbeat-9.3.3-windows-x86_64\\winlogbeat-9.3.3-windows-x86_64\\symon.evtx"},"level":"information"},"error":{"message":"failed to get the event message string: failed in EvtFormatMessage: The message resource is present but the message was not found in the message table."},"host":{"name":"DESKTOP-H6FBQ5J"},"ecs":{"version":"8.0.0"},"agent":{"ephemeral_id":"f8d845b8-8ac1-43f8-9a65-a6e7c2082e2f","id":"0ae603cf-457e-4a6f-bbde-51c28f1a031e","name":"DESKTOP-IKR997B","type":"winlogbeat","version":"9.3.3"}}
{"@timestamp":"2026-04-15T08:51:26.815Z","@metadata":{"beat":"winlogbeat","type":"_doc","version":"9.3.3"},"winlog":{"record_id":464,"provider_guid":"{5770385F-C22A-43E0-BF4C-06F5698FFBD9}","version":2,"user":{"domain":"NT AUTHORITY","name":"SYSTEM","type":"Well Known Group","identifier":"S-1-5-18"},"error":{},"provider_name":"Microsoft-Windows-Sysmon","event_id":"13","computer_name":"DESKTOP-H6FBQ5J","opcode":"Info","event_data":{"EventType":"SetValue","UtcTime":"2026-04-15 08:51:26.694","Image":"C:\\Program Files\\Bandizip\\Bandizip.exe","TargetObject":"HKU\\S-1-5-21-3775872478-390322037-581647961-1001_Classes\\Bandizip.bz2\\Shell\\Open\\Command\\(Default)","User":"DESKTOP-H6FBQ5J\\windows","ProcessGuid":"{8F7AB6F6-5189-69DF-A301-000000000500}","RuleName":"T1042","ProcessId":"2860","Details":"\"C:\\Program Files\\Bandizip\\Bandizip.exe\" \"장치\""},"process":{"thread":{"id":6376},"pid":6668},"channel":"Microsoft-Windows-Sysmon/Operational"},"event":{"kind":"event","provider":"Microsoft-Windows-Sysmon","created":"2026-04-15T13:13:46.601Z","code":"13"},"log":{"level":"information","file":{"path":"C:\\Users\\ivysa\\Downloads\\winlogbeat-9.3.3-windows-x86_64\\winlogbeat-9.3.3-windows-x86_64\\symon.evtx"}},"error":{"message":"failed to get the event message string: failed in EvtFormatMessage: The message resource is present but the message was not found in the message table."},"ecs":{"version":"8.0.0"},"agent":{"id":"0ae603cf-457e-4a6f-bbde-51c28f1a031e","name":"DESKTOP-IKR997B","type":"winlogbeat","version":"9.3.3","ephemeral_id":"f8d845b8-8ac1-43f8-9a65-a6e7c2082e2f"},"host":{"name":"DESKTOP-H6FBQ5J"}}
{"@timestamp":"2026-04-15T08:51:26.816Z","@metadata":{"beat":"winlogbeat","type":"_doc","version":"9.3.3"},"ecs":{"version":"8.0.0"},"agent":{"ephemeral_id":"f8d845b8-8ac1-43f8-9a65-a6e7c2082e2f","id":"0ae603cf-457e-4a6f-bbde-51c28f1a031e","name":"DESKTOP-IKR997B","type":"winlogbeat","version":"9.3.3"},"winlog":{"provider_guid":"{5770385F-C22A-43E0-BF4C-06F5698FFBD9}","error":{},"record_id":465,"computer_name":"DESKTOP-H6FBQ5J","user":{"domain":"NT AUTHORITY","name":"SYSTEM","type":"Well Known Group","identifier":"S-1-5-18"},"event_data":{"UtcTime":"2026-04-15 08:51:26.694","TargetObject":"HKU\\S-1-5-21-3775872478-390322037-581647961-1001_Classes\\Bandizip.tbz\\Shell\\Open\\Command\\(Default)","User":"DESKTOP-H6FBQ5J\\windows","Image":"C:\\Program Files\\Bandizip\\Bandizip.exe","Details":"\"C:\\Program Files\\Bandizip\\Bandizip.exe\" \"장치\"","RuleName":"T1042","ProcessGuid":"{8F7AB6F6-5189-69DF-A301-000000000500}","ProcessId":"2860","EventType":"SetValue"},"event_id":"13","provider_name":"Microsoft-Windows-Sysmon","version":2,"process":{"pid":6668,"thread":{"id":6376}},"channel":"Microsoft-Windows-Sysmon/Operational","opcode":"Info"},"event":{"code":"13","kind":"event","provider":"Microsoft-Windows-Sysmon","created":"2026-04-15T13:13:46.601Z"},"log":{"level":"information","file":{"path":"C:\\Users\\ivysa\\Downloads\\winlogbeat-9.3.3-windows-x86_64\\winlogbeat-9.3.3-windows-x86_64\\symon.evtx"}},"error":{"message":"failed to get the event message string: failed in EvtFormatMessage: The message resource is present but the message was not found in the message table."},"host":{"name":"DESKTOP-H6FBQ5J"}}
{"@timestamp":"2026-04-15T08:51:26.816Z","@metadata":{"beat":"winlogbeat","type":"_doc","version":"9.3.3"},"winlog":{"opcode":"Info","provider_guid":"{5770385F-C22A-43E0-BF4C-06F5698FFBD9}","provider_name":"Microsoft-Windows-Sysmon","error":{},"event_id":"13","computer_name":"DESKTOP-H6FBQ5J","version":2,"user":{"domain":"NT AUTHORITY","name":"SYSTEM","type":"Well Known Group","identifier":"S-1-5-18"},"event_data":{"UtcTime":"2026-04-15 08:51:26.694","ProcessId":"2860","Details":"\"C:\\Program Files\\Bandizip\\Bandizip.exe\" \"장치\"","User":"DESKTOP-H6FBQ5J\\windows","EventType":"SetValue","ProcessGuid":"{8F7AB6F6-5189-69DF-A301-000000000500}","Image":"C:\\Program Files\\Bandizip\\Bandizip.exe","RuleName":"T1042","TargetObject":"HKU\\S-1-5-21-3775872478-390322037-581647961-1001_Classes\\Bandizip.tbz\\Shell\\Open\\Command\\(Default)"},"process":{"pid":6668,"thread":{"id":6376}},"channel":"Microsoft-Windows-Sysmon/Operational","record_id":466},"ecs":{"version":"8.0.0"},"agent":{"type":"winlogbeat","version":"9.3.3","ephemeral_id":"f8d845b8-8ac1-43f8-9a65-a6e7c2082e2f","id":"0ae603cf-457e-4a6f-bbde-51c28f1a031e","name":"DESKTOP-IKR997B"},"event":{"provider":"Microsoft-Windows-Sysmon","created":"2026-04-15T13:13:46.601Z","code":"13","kind":"event"},"log":{"level":"information","file":{"path":"C:\\Users\\ivysa\\Downloads\\winlogbeat-9.3.3-windows-x86_64\\winlogbeat-9.3.3-windows-x86_64\\symon.evtx"}},"error":{"message":"failed to get the event message string: failed in EvtFormatMessage: The message resource is present but the message was not found in the message table."},"host":{"name":"DESKTOP-H6FBQ5J"}}
{"@timestamp":"2026-04-15T08:51:26.817Z","@metadata":{"beat":"winlogbeat","type":"_doc","version":"9.3.3"},"winlog":{"error":{},"provider_name":"Microsoft-Windows-Sysmon","opcode":"Info","user":{"type":"Well Known Group","identifier":"S-1-5-18","domain":"NT AUTHORITY","name":"SYSTEM"},"event_data":{"TargetObject":"HKU\\S-1-5-21-3775872478-390322037-581647961-1001_Classes\\Bandizip.tbz2\\Shell\\Open\\Command\\(Default)","Details":"\"C:\\Program Files\\Bandizip\\Bandizip.exe\" \"장치\"","User":"DESKTOP-H6FBQ5J\\windows","UtcTime":"2026-04-15 08:51:26.694","ProcessId":"2860","ProcessGuid":"{8F7AB6F6-5189-69DF-A301-000000000500}","RuleName":"T1042","Image":"C:\\Program Files\\Bandizip\\Bandizip.exe","EventType":"SetValue"},"process":{"pid":6668,"thread":{"id":6376}},"channel":"Microsoft-Windows-Sysmon/Operational","computer_name":"DESKTOP-H6FBQ5J","event_id":"13","record_id":467,"provider_guid":"{5770385F-C22A-43E0-BF4C-06F5698FFBD9}","version":2},"event":{"code":"13","kind":"event","provider":"Microsoft-Windows-Sysmon","created":"2026-04-15T13:13:46.601Z"},"log":{"level":"information","file":{"path":"C:\\Users\\ivysa\\Downloads\\winlogbeat-9.3.3-windows-x86_64\\winlogbeat-9.3.3-windows-x86_64\\symon.evtx"}},"error":{"message":"failed to get the event message string: failed in EvtFormatMessage: The message resource is present but the message was not found in the message table."},"host":{"name":"DESKTOP-H6FBQ5J"},"ecs":{"version":"8.0.0"},"agent":{"ephemeral_id":"f8d845b8-8ac1-43f8-9a65-a6e7c2082e2f","id":"0ae603cf-457e-4a6f-bbde-51c28f1a031e","name":"DESKTOP-IKR997B","type":"winlogbeat","version":"9.3.3"}}
{"@timestamp":"2026-04-15T08:51:26.817Z","@metadata":{"beat":"winlogbeat","type":"_doc","version":"9.3.3"},"agent":{"id":"0ae603cf-457e-4a6f-bbde-51c28f1a031e","name":"DESKTOP-IKR997B","type":"winlogbeat","version":"9.3.3","ephemeral_id":"f8d845b8-8ac1-43f8-9a65-a6e7c2082e2f"},"ecs":{"version":"8.0.0"},"error":{"message":"failed to get the event message string: failed in EvtFormatMessage: The message resource is present but the message was not found in the message table."},"host":{"name":"DESKTOP-H6FBQ5J"},"winlog":{"event_id":"13","record_id":468,"computer_name":"DESKTOP-H6FBQ5J","user":{"domain":"NT AUTHORITY","name":"SYSTEM","type":"Well Known Group","identifier":"S-1-5-18"},"error":{},"channel":"Microsoft-Windows-Sysmon/Operational","provider_name":"Microsoft-Windows-Sysmon","opcode":"Info","event_data":{"UtcTime":"2026-04-15 08:51:26.694","Details":"\"C:\\Program Files\\Bandizip\\Bandizip.exe\" \"장치\"","User":"DESKTOP-H6FBQ5J\\windows","RuleName":"T1042","EventType":"SetValue","ProcessId":"2860","Image":"C:\\Program Files\\Bandizip\\Bandizip.exe","TargetObject":"HKU\\S-1-5-21-3775872478-390322037-581647961-1001_Classes\\Bandizip.tbz2\\Shell\\Open\\Command\\(Default)","ProcessGuid":"{8F7AB6F6-5189-69DF-A301-000000000500}"},"provider_guid":"{5770385F-C22A-43E0-BF4C-06F5698FFBD9}","version":2,"process":{"thread":{"id":6376},"pid":6668}},"event":{"kind":"event","provider":"Microsoft-Windows-Sysmon","created":"2026-04-15T13:13:46.601Z","code":"13"},"log":{"level":"information","file":{"path":"C:\\Users\\ivysa\\Downloads\\winlogbeat-9.3.3-windows-x86_64\\winlogbeat-9.3.3-windows-x86_64\\symon.evtx"}}}
{"@timestamp":"2026-04-15T08:51:26.817Z","@metadata":{"beat":"winlogbeat","type":"_doc","version":"9.3.3"},"host":{"name":"DESKTOP-H6FBQ5J"},"winlog":{"event_id":"13","provider_name":"Microsoft-Windows-Sysmon","version":2,"user":{"domain":"NT AUTHORITY","name":"SYSTEM","type":"Well Known Group","identifier":"S-1-5-18"},"error":{},"record_id":469,"computer_name":"DESKTOP-H6FBQ5J","opcode":"Info","process":{"pid":6668,"thread":{"id":6376}},"channel":"Microsoft-Windows-Sysmon/Operational","provider_guid":"{5770385F-C22A-43E0-BF4C-06F5698FFBD9}","event_data":{"RuleName":"T1042","Image":"C:\\Program Files\\Bandizip\\Bandizip.exe","ProcessGuid":"{8F7AB6F6-5189-69DF-A301-000000000500}","EventType":"SetValue","UtcTime":"2026-04-15 08:51:26.694","Details":"\"C:\\Program Files\\Bandizip\\Bandizip.exe\" \"장치\"","User":"DESKTOP-H6FBQ5J\\windows","ProcessId":"2860","TargetObject":"HKU\\S-1-5-21-3775872478-390322037-581647961-1001_Classes\\Bandizip.xz\\Shell\\Open\\Command\\(Default)"}},"event":{"kind":"event","provider":"Microsoft-Windows-Sysmon","created":"2026-04-15T13:13:46.601Z","code":"13"},"agent":{"version":"9.3.3","ephemeral_id":"f8d845b8-8ac1-43f8-9a65-a6e7c2082e2f","id":"0ae603cf-457e-4a6f-bbde-51c28f1a031e","name":"DESKTOP-IKR997B","type":"winlogbeat"},"ecs":{"version":"8.0.0"},"log":{"level":"information","file":{"path":"C:\\Users\\ivysa\\Downloads\\winlogbeat-9.3.3-windows-x86_64\\winlogbeat-9.3.3-windows-x86_64\\symon.evtx"}},"error":{"message":"failed to get the event message string: failed in EvtFormatMessage: The message resource is present but the message was not found in the message table."}}
{"@timestamp":"2026-04-15T08:51:26.818Z","@metadata":{"beat":"winlogbeat","type":"_doc","version":"9.3.3"},"agent":{"ephemeral_id":"f8d845b8-8ac1-43f8-9a65-a6e7c2082e2f","id":"0ae603cf-457e-4a6f-bbde-51c28f1a031e","name":"DESKTOP-IKR997B","type":"winlogbeat","version":"9.3.3"},"host":{"name":"DESKTOP-H6FBQ5J"},"winlog":{"computer_name":"DESKTOP-H6FBQ5J","provider_guid":"{5770385F-C22A-43E0-BF4C-06F5698FFBD9}","channel":"Microsoft-Windows-Sysmon/Operational","record_id":470,"opcode":"Info","version":2,"user":{"identifier":"S-1-5-18","domain":"NT AUTHORITY","name":"SYSTEM","type":"Well Known Group"},"event_data":{"ProcessGuid":"{8F7AB6F6-5189-69DF-A301-000000000500}","UtcTime":"2026-04-15 08:51:26.709","TargetObject":"HKU\\S-1-5-21-3775872478-390322037-581647961-1001_Classes\\Bandizip.xz\\Shell\\Open\\Command\\(Default)","Details":"\"C:\\Program Files\\Bandizip\\Bandizip.exe\" \"장치\"","User":"DESKTOP-H6FBQ5J\\windows","RuleName":"T1042","Image":"C:\\Program Files\\Bandizip\\Bandizip.exe","EventType":"SetValue","ProcessId":"2860"},"process":{"pid":6668,"thread":{"id":6376}},"error":{},"event_id":"13","provider_name":"Microsoft-Windows-Sysmon"},"event":{"created":"2026-04-15T13:13:46.601Z","code":"13","kind":"event","provider":"Microsoft-Windows-Sysmon"},"log":{"file":{"path":"C:\\Users\\ivysa\\Downloads\\winlogbeat-9.3.3-windows-x86_64\\winlogbeat-9.3.3-windows-x86_64\\symon.evtx"},"level":"information"},"error":{"message":"failed to get the event message string: failed in EvtFormatMessage: The message resource is present but the message was not found in the message table."},"ecs":{"version":"8.0.0"}}
{"@timestamp":"2026-04-15T08:51:26.818Z","@metadata":{"beat":"winlogbeat","type":"_doc","version":"9.3.3"},"agent":{"id":"0ae603cf-457e-4a6f-bbde-51c28f1a031e","name":"DESKTOP-IKR997B","type":"winlogbeat","version":"9.3.3","ephemeral_id":"f8d845b8-8ac1-43f8-9a65-a6e7c2082e2f"},"event":{"kind":"event","provider":"Microsoft-Windows-Sysmon","created":"2026-04-15T13:13:46.601Z","code":"13"},"log":{"level":"information","file":{"path":"C:\\Users\\ivysa\\Downloads\\winlogbeat-9.3.3-windows-x86_64\\winlogbeat-9.3.3-windows-x86_64\\symon.evtx"}},"error":{"message":"failed to get the event message string: failed in EvtFormatMessage: The message resource is present but the message was not found in the message table."},"host":{"name":"DESKTOP-H6FBQ5J"},"winlog":{"opcode":"Info","version":2,"process":{"thread":{"id":6376},"pid":6668},"channel":"Microsoft-Windows-Sysmon/Operational","record_id":471,"user":{"identifier":"S-1-5-18","domain":"NT AUTHORITY","name":"SYSTEM","type":"Well Known Group"},"event_data":{"ProcessId":"2860","Image":"C:\\Program Files\\Bandizip\\Bandizip.exe","Details":"\"C:\\Program Files\\Bandizip\\Bandizip.exe\" \"장치\"","EventType":"SetValue","TargetObject":"HKU\\S-1-5-21-3775872478-390322037-581647961-1001_Classes\\Bandizip.txz\\Shell\\Open\\Command\\(Default)","RuleName":"T1042","ProcessGuid":"{8F7AB6F6-5189-69DF-A301-000000000500}","UtcTime":"2026-04-15 08:51:26.709","User":"DESKTOP-H6FBQ5J\\windows"},"event_id":"13","provider_name":"Microsoft-Windows-Sysmon","computer_name":"DESKTOP-H6FBQ5J","provider_guid":"{5770385F-C22A-43E0-BF4C-06F5698FFBD9}","error":{}},"ecs":{"version":"8.0.0"}}
{"@timestamp":"2026-04-15T08:51:26.818Z","@metadata":{"beat":"winlogbeat","type":"_doc","version":"9.3.3"},"event":{"kind":"event","provider":"Microsoft-Windows-Sysmon","created":"2026-04-15T13:13:46.601Z","code":"13"},"log":{"file":{"path":"C:\\Users\\ivysa\\Downloads\\winlogbeat-9.3.3-windows-x86_64\\winlogbeat-9.3.3-windows-x86_64\\symon.evtx"},"level":"information"},"error":{"message":"failed to get the event message string: failed in EvtFormatMessage: The message resource is present but the message was not found in the message table."},"host":{"name":"DESKTOP-H6FBQ5J"},"winlog":{"user":{"type":"Well Known Group","identifier":"S-1-5-18","domain":"NT AUTHORITY","name":"SYSTEM"},"record_id":472,"opcode":"Info","version":2,"error":{},"computer_name":"DESKTOP-H6FBQ5J","event_data":{"UtcTime":"2026-04-15 08:51:26.709","TargetObject":"HKU\\S-1-5-21-3775872478-390322037-581647961-1001_Classes\\Bandizip.txz\\Shell\\Open\\Command\\(Default)","User":"DESKTOP-H6FBQ5J\\windows","RuleName":"T1042","EventType":"SetValue","ProcessGuid":"{8F7AB6F6-5189-69DF-A301-000000000500}","ProcessId":"2860","Details":"\"C:\\Program Files\\Bandizip\\Bandizip.exe\" \"장치\"","Image":"C:\\Program Files\\Bandizip\\Bandizip.exe"},"provider_guid":"{5770385F-C22A-43E0-BF4C-06F5698FFBD9}","process":{"thread":{"id":6376},"pid":6668},"channel":"Microsoft-Windows-Sysmon/Operational","event_id":"13","provider_name":"Microsoft-Windows-Sysmon"},"ecs":{"version":"8.0.0"},"agent":{"id":"0ae603cf-457e-4a6f-bbde-51c28f1a031e","name":"DESKTOP-IKR997B","type":"winlogbeat","version":"9.3.3","ephemeral_id":"f8d845b8-8ac1-43f8-9a65-a6e7c2082e2f"}}
{"@timestamp":"2026-04-15T08:51:26.820Z","@metadata":{"beat":"winlogbeat","type":"_doc","version":"9.3.3"},"event":{"created":"2026-04-15T13:13:46.601Z","code":"13","kind":"event","provider":"Microsoft-Windows-Sysmon"},"log":{"level":"information","file":{"path":"C:\\Users\\ivysa\\Downloads\\winlogbeat-9.3.3-windows-x86_64\\winlogbeat-9.3.3-windows-x86_64\\symon.evtx"}},"error":{"message":"failed to get the event message string: failed in EvtFormatMessage: The message resource is present but the message was not found in the message table."},"host":{"name":"DESKTOP-H6FBQ5J"},"ecs":{"version":"8.0.0"},"agent":{"type":"winlogbeat","version":"9.3.3","ephemeral_id":"f8d845b8-8ac1-43f8-9a65-a6e7c2082e2f","id":"0ae603cf-457e-4a6f-bbde-51c28f1a031e","name":"DESKTOP-IKR997B"},"winlog":{"user":{"identifier":"S-1-5-18","domain":"NT AUTHORITY","name":"SYSTEM","type":"Well Known Group"},"event_data":{"UtcTime":"2026-04-15 08:51:26.709","ProcessId":"2860","RuleName":"T1042","EventType":"SetValue","ProcessGuid":"{8F7AB6F6-5189-69DF-A301-000000000500}","Image":"C:\\Program Files\\Bandizip\\Bandizip.exe","TargetObject":"HKU\\S-1-5-21-3775872478-390322037-581647961-1001_Classes\\Bandizip.lzma\\Shell\\Open\\Command\\(Default)","Details":"\"C:\\Program Files\\Bandizip\\Bandizip.exe\" \"장치\"","User":"DESKTOP-H6FBQ5J\\windows"},"provider_name":"Microsoft-Windows-Sysmon","record_id":473,"error":{},"channel":"Microsoft-Windows-Sysmon/Operational","event_id":"13","computer_name":"DESKTOP-H6FBQ5J","opcode":"Info","provider_guid":"{5770385F-C22A-43E0-BF4C-06F5698FFBD9}","process":{"pid":6668,"thread":{"id":6376}},"version":2}}
{"@timestamp":"2026-04-15T08:51:26.820Z","@metadata":{"beat":"winlogbeat","type":"_doc","version":"9.3.3"},"log":{"level":"information","file":{"path":"C:\\Users\\ivysa\\Downloads\\winlogbeat-9.3.3-windows-x86_64\\winlogbeat-9.3.3-windows-x86_64\\symon.evtx"}},"error":{"message":"failed to get the event message string: failed in EvtFormatMessage: The message resource is present but the message was not found in the message table."},"host":{"name":"DESKTOP-H6FBQ5J"},"winlog":{"event_data":{"Image":"C:\\Program Files\\Bandizip\\Bandizip.exe","Details":"\"C:\\Program Files\\Bandizip\\Bandizip.exe\" \"장치\"","UtcTime":"2026-04-15 08:51:26.709","TargetObject":"HKU\\S-1-5-21-3775872478-390322037-581647961-1001_Classes\\Bandizip.lzma\\Shell\\Open\\Command\\(Default)","User":"DESKTOP-H6FBQ5J\\windows","EventType":"SetValue","RuleName":"T1042","ProcessGuid":"{8F7AB6F6-5189-69DF-A301-000000000500}","ProcessId":"2860"},"channel":"Microsoft-Windows-Sysmon/Operational","provider_name":"Microsoft-Windows-Sysmon","process":{"pid":6668,"thread":{"id":6376}},"error":{},"event_id":"13","opcode":"Info","version":2,"user":{"identifier":"S-1-5-18","domain":"NT AUTHORITY","name":"SYSTEM","type":"Well Known Group"},"record_id":474,"computer_name":"DESKTOP-H6FBQ5J","provider_guid":"{5770385F-C22A-43E0-BF4C-06F5698FFBD9}"},"ecs":{"version":"8.0.0"},"agent":{"ephemeral_id":"f8d845b8-8ac1-43f8-9a65-a6e7c2082e2f","id":"0ae603cf-457e-4a6f-bbde-51c28f1a031e","name":"DESKTOP-IKR997B","type":"winlogbeat","version":"9.3.3"},"event":{"code":"13","kind":"event","provider":"Microsoft-Windows-Sysmon","created":"2026-04-15T13:13:46.601Z"}}
{"@timestamp":"2026-04-15T08:51:26.820Z","@metadata":{"beat":"winlogbeat","type":"_doc","version":"9.3.3"},"error":{"message":"failed to get the event message string: failed in EvtFormatMessage: The message resource is present but the message was not found in the message table."},"host":{"name":"DESKTOP-H6FBQ5J"},"winlog":{"provider_guid":"{5770385F-C22A-43E0-BF4C-06F5698FFBD9}","event_id":"13","record_id":475,"version":2,"user":{"name":"SYSTEM","type":"Well Known Group","identifier":"S-1-5-18","domain":"NT AUTHORITY"},"opcode":"Info","process":{"pid":6668,"thread":{"id":6376}},"error":{},"channel":"Microsoft-Windows-Sysmon/Operational","provider_name":"Microsoft-Windows-Sysmon","computer_name":"DESKTOP-H6FBQ5J","event_data":{"ProcessId":"2860","Image":"C:\\Program Files\\Bandizip\\Bandizip.exe","UtcTime":"2026-04-15 08:51:26.709","RuleName":"T1042","EventType":"SetValue","TargetObject":"HKU\\S-1-5-21-3775872478-390322037-581647961-1001_Classes\\Bandizip.tlz\\Shell\\Open\\Command\\(Default)","Details":"\"C:\\Program Files\\Bandizip\\Bandizip.exe\" \"장치\"","User":"DESKTOP-H6FBQ5J\\windows","ProcessGuid":"{8F7AB6F6-5189-69DF-A301-000000000500}"}},"ecs":{"version":"8.0.0"},"agent":{"type":"winlogbeat","version":"9.3.3","ephemeral_id":"f8d845b8-8ac1-43f8-9a65-a6e7c2082e2f","id":"0ae603cf-457e-4a6f-bbde-51c28f1a031e","name":"DESKTOP-IKR997B"},"event":{"created":"2026-04-15T13:13:46.601Z","code":"13","kind":"event","provider":"Microsoft-Windows-Sysmon"},"log":{"level":"information","file":{"path":"C:\\Users\\ivysa\\Downloads\\winlogbeat-9.3.3-windows-x86_64\\winlogbeat-9.3.3-windows-x86_64\\symon.evtx"}}}
