{"@timestamp":"2026-04-15T08:50:33.096Z","@metadata":{"beat":"winlogbeat","type":"_doc","version":"9.3.3"},"error":{"message":"failed to get the event message string: failed in EvtFormatMessage: The message resource is present but the message was not found in the message table."},"host":{"name":"DESKTOP-H6FBQ5J"},"ecs":{"version":"8.0.0"},"agent":{"ephemeral_id":"f8d845b8-8ac1-43f8-9a65-a6e7c2082e2f","id":"0ae603cf-457e-4a6f-bbde-51c28f1a031e","name":"DESKTOP-IKR997B","type":"winlogbeat","version":"9.3.3"},"winlog":{"provider_guid":"{5770385F-C22A-43E0-BF4C-06F5698FFBD9}","user":{"name":"SYSTEM","type":"Well Known Group","identifier":"S-1-5-18","domain":"NT AUTHORITY"},"process":{"pid":6668,"thread":{"id":6376}},"error":{},"channel":"Microsoft-Windows-Sysmon/Operational","event_id":"11","provider_name":"Microsoft-Windows-Sysmon","opcode":"Info","event_data":{"ProcessId":"6432","Image":"C:\\Users\\windows\\Downloads\\BANDIZIP-SETUP-STD-X64.EXE","TargetFilename":"C:\\ProgramData\\Microsoft\\Windows\\Start Menu\\Programs\\반디집","CreationUtcTime":"2026-04-15 08:50:33.053","User":"DESKTOP-H6FBQ5J\\windows","RuleName":"T1023","UtcTime":"2026-04-15 08:50:33.053","ProcessGuid":"{8F7AB6F6-5152-69DF-9501-000000000500}"},"record_id":84,"version":2,"computer_name":"DESKTOP-H6FBQ5J"},"event":{"created":"2026-04-15T13:13:46.586Z","code":"11","kind":"event","provider":"Microsoft-Windows-Sysmon"},"log":{"level":"information","file":{"path":"C:\\Users\\ivysa\\Downloads\\winlogbeat-9.3.3-windows-x86_64\\winlogbeat-9.3.3-windows-x86_64\\symon.evtx"}}}
{"@timestamp":"2026-04-15T08:50:33.180Z","@metadata":{"beat":"winlogbeat","type":"_doc","version":"9.3.3"},"ecs":{"version":"8.0.0"},"agent":{"ephemeral_id":"f8d845b8-8ac1-43f8-9a65-a6e7c2082e2f","id":"0ae603cf-457e-4a6f-bbde-51c28f1a031e","name":"DESKTOP-IKR997B","type":"winlogbeat","version":"9.3.3"},"winlog":{"channel":"Microsoft-Windows-Sysmon/Operational","provider_name":"Microsoft-Windows-Sysmon","record_id":85,"opcode":"Info","provider_guid":"{5770385F-C22A-43E0-BF4C-06F5698FFBD9}","user":{"name":"SYSTEM","type":"Well Known Group","identifier":"S-1-5-18","domain":"NT AUTHORITY"},"process":{"pid":6668,"thread":{"id":6376}},"error":{},"event_id":"11","computer_name":"DESKTOP-H6FBQ5J","version":2,"event_data":{"ProcessGuid":"{8F7AB6F6-5152-69DF-9501-000000000500}","ProcessId":"6432","Image":"C:\\Users\\windows\\Downloads\\BANDIZIP-SETUP-STD-X64.EXE","TargetFilename":"C:\\ProgramData\\Microsoft\\Windows\\Start Menu\\Programs\\반디집\\반디집.lnk","CreationUtcTime":"2026-04-15 08:50:33.100","User":"DESKTOP-H6FBQ5J\\windows","RuleName":"T1023","UtcTime":"2026-04-15 08:50:33.100"}},"event":{"created":"2026-04-15T13:13:46.586Z","code":"11","kind":"event","provider":"Microsoft-Windows-Sysmon"},"log":{"level":"information","file":{"path":"C:\\Users\\ivysa\\Downloads\\winlogbeat-9.3.3-windows-x86_64\\winlogbeat-9.3.3-windows-x86_64\\symon.evtx"}},"error":{"message":"failed to get the event message string: failed in EvtFormatMessage: The message resource is present but the message was not found in the message table."},"host":{"name":"DESKTOP-H6FBQ5J"}}
{"@timestamp":"2026-04-15T08:50:33.181Z","@metadata":{"beat":"winlogbeat","type":"_doc","version":"9.3.3"},"log":{"level":"information","file":{"path":"C:\\Users\\ivysa\\Downloads\\winlogbeat-9.3.3-windows-x86_64\\winlogbeat-9.3.3-windows-x86_64\\symon.evtx"}},"error":{"message":"failed to get the event message string: failed in EvtFormatMessage: The message resource is present but the message was not found in the message table."},"host":{"name":"DESKTOP-H6FBQ5J"},"winlog":{"event_data":{"ProcessGuid":"{8F7AB6F6-5159-69DF-9801-000000000500}","Description":"Bandizip","LogonId":"0x12b19","User":"DESKTOP-H6FBQ5J\\windows","ParentImage":"C:\\Users\\windows\\Downloads\\BANDIZIP-SETUP-STD-X64.EXE","ProcessId":"568","ParentCommandLine":"\"C:\\Users\\windows\\Downloads\\BANDIZIP-SETUP-STD-X64.EXE\" ","Hashes":"MD5=56B8AF15B7C218EF7F0174CC372EB05D,SHA256=06FC987D4CE54F2F5E342A9EFCF67CA88DB101F4694E8C03444903F9124C889A,IMPHASH=C9EEACD9FB5070A017158D1AE2F2986D","Product":"Bandizip","LogonGuid":"{8F7AB6F6-4E83-69DF-192B-010000000000}","OriginalFileName":"Bandizip.exe","ParentProcessId":"6432","ParentUser":"DESKTOP-H6FBQ5J\\windows","UtcTime":"2026-04-15 08:50:33.136","CurrentDirectory":"C:\\Users\\windows\\Downloads\\","ParentProcessGuid":"{8F7AB6F6-5152-69DF-9501-000000000500}","FileVersion":"7.42.0.5","CommandLine":"\"C:\\Program Files\\Bandizip\\Bandizip.exe\" /regmandatoryadmin","IntegrityLevel":"High","Image":"C:\\Program Files\\Bandizip\\Bandizip.exe","Company":"Bandisoft International Inc.","RuleName":"-","TerminalSessionId":"1"},"error":{},"channel":"Microsoft-Windows-Sysmon/Operational","provider_name":"Microsoft-Windows-Sysmon","process":{"pid":6668,"thread":{"id":6376}},"computer_name":"DESKTOP-H6FBQ5J","opcode":"Info","provider_guid":"{5770385F-C22A-43E0-BF4C-06F5698FFBD9}","user":{"identifier":"S-1-5-18","domain":"NT AUTHORITY","name":"SYSTEM","type":"Well Known Group"},"event_id":"1","record_id":86,"version":5},"ecs":{"version":"8.0.0"},"agent":{"ephemeral_id":"f8d845b8-8ac1-43f8-9a65-a6e7c2082e2f","id":"0ae603cf-457e-4a6f-bbde-51c28f1a031e","name":"DESKTOP-IKR997B","type":"winlogbeat","version":"9.3.3"},"event":{"created":"2026-04-15T13:13:46.586Z","code":"1","kind":"event","provider":"Microsoft-Windows-Sysmon"}}
{"@timestamp":"2026-04-15T08:50:33.231Z","@metadata":{"beat":"winlogbeat","type":"_doc","version":"9.3.3"},"ecs":{"version":"8.0.0"},"agent":{"id":"0ae603cf-457e-4a6f-bbde-51c28f1a031e","name":"DESKTOP-IKR997B","type":"winlogbeat","version":"9.3.3","ephemeral_id":"f8d845b8-8ac1-43f8-9a65-a6e7c2082e2f"},"event":{"created":"2026-04-15T13:13:46.586Z","code":"13","kind":"event","provider":"Microsoft-Windows-Sysmon"},"log":{"level":"information","file":{"path":"C:\\Users\\ivysa\\Downloads\\winlogbeat-9.3.3-windows-x86_64\\winlogbeat-9.3.3-windows-x86_64\\symon.evtx"}},"error":{"message":"failed to get the event message string: failed in EvtFormatMessage: The message resource is present but the message was not found in the message table."},"host":{"name":"DESKTOP-H6FBQ5J"},"winlog":{"provider_guid":"{5770385F-C22A-43E0-BF4C-06F5698FFBD9}","version":2,"record_id":87,"computer_name":"DESKTOP-H6FBQ5J","channel":"Microsoft-Windows-Sysmon/Operational","provider_name":"Microsoft-Windows-Sysmon","opcode":"Info","user":{"identifier":"S-1-5-18","domain":"NT AUTHORITY","name":"SYSTEM","type":"Well Known Group"},"event_data":{"UtcTime":"2026-04-15 08:50:33.225","ProcessId":"568","Image":"C:\\Program Files\\Bandizip\\Bandizip.exe","User":"DESKTOP-H6FBQ5J\\windows","Details":"\"C:\\Program Files\\Bandizip\\Bandizip.exe\" /iconpack \"장치\"","ProcessGuid":"{8F7AB6F6-5159-69DF-9801-000000000500}","TargetObject":"HKCR\\Bandizip.iconpack\\Shell\\Open\\Command\\(Default)","RuleName":"T1042","EventType":"SetValue"},"process":{"pid":6668,"thread":{"id":6376}},"error":{},"event_id":"13"}}
{"@timestamp":"2026-04-15T08:50:33.231Z","@metadata":{"beat":"winlogbeat","type":"_doc","version":"9.3.3"},"ecs":{"version":"8.0.0"},"agent":{"type":"winlogbeat","version":"9.3.3","ephemeral_id":"f8d845b8-8ac1-43f8-9a65-a6e7c2082e2f","id":"0ae603cf-457e-4a6f-bbde-51c28f1a031e","name":"DESKTOP-IKR997B"},"error":{"message":"failed to get the event message string: failed in EvtFormatMessage: The message resource is present but the message was not found in the message table."},"host":{"name":"DESKTOP-H6FBQ5J"},"winlog":{"record_id":88,"opcode":"Info","process":{"pid":6668,"thread":{"id":6376}},"event_id":"13","version":2,"user":{"identifier":"S-1-5-18","domain":"NT AUTHORITY","name":"SYSTEM","type":"Well Known Group"},"error":{},"provider_guid":"{5770385F-C22A-43E0-BF4C-06F5698FFBD9}","channel":"Microsoft-Windows-Sysmon/Operational","computer_name":"DESKTOP-H6FBQ5J","event_data":{"TargetObject":"HKCR\\Bandizip.iconpack\\Shell\\Open\\Command\\(Default)","User":"DESKTOP-H6FBQ5J\\windows","EventType":"SetValue","ProcessId":"568","Details":"\"C:\\Program Files\\Bandizip\\Bandizip.exe\" /iconpack \"장치\"","RuleName":"T1042","UtcTime":"2026-04-15 08:50:33.225","Image":"C:\\Program Files\\Bandizip\\Bandizip.exe","ProcessGuid":"{8F7AB6F6-5159-69DF-9801-000000000500}"},"provider_name":"Microsoft-Windows-Sysmon"},"event":{"code":"13","kind":"event","provider":"Microsoft-Windows-Sysmon","created":"2026-04-15T13:13:46.586Z"},"log":{"level":"information","file":{"path":"C:\\Users\\ivysa\\Downloads\\winlogbeat-9.3.3-windows-x86_64\\winlogbeat-9.3.3-windows-x86_64\\symon.evtx"}}}
{"@timestamp":"2026-04-15T08:50:33.234Z","@metadata":{"beat":"winlogbeat","type":"_doc","version":"9.3.3"},"host":{"name":"DESKTOP-H6FBQ5J"},"ecs":{"version":"8.0.0"},"agent":{"version":"9.3.3","ephemeral_id":"f8d845b8-8ac1-43f8-9a65-a6e7c2082e2f","id":"0ae603cf-457e-4a6f-bbde-51c28f1a031e","name":"DESKTOP-IKR997B","type":"winlogbeat"},"winlog":{"computer_name":"DESKTOP-H6FBQ5J","event_data":{"User":"DESKTOP-H6FBQ5J\\windows","EventType":"SetValue","UtcTime":"2026-04-15 08:50:33.225","ProcessGuid":"{8F7AB6F6-5159-69DF-9801-000000000500}","TargetObject":"HKCR\\Bandizip.zip\\Shell\\Open\\Command\\(Default)","RuleName":"T1042","Details":"\"C:\\Program Files\\Bandizip\\Bandizip.exe\" \"장치\"","ProcessId":"568","Image":"C:\\Program Files\\Bandizip\\Bandizip.exe"},"user":{"identifier":"S-1-5-18","domain":"NT AUTHORITY","name":"SYSTEM","type":"Well Known Group"},"process":{"thread":{"id":6376},"pid":6668},"channel":"Microsoft-Windows-Sysmon/Operational","record_id":89,"opcode":"Info","provider_name":"Microsoft-Windows-Sysmon","provider_guid":"{5770385F-C22A-43E0-BF4C-06F5698FFBD9}","version":2,"error":{},"event_id":"13"},"event":{"kind":"event","provider":"Microsoft-Windows-Sysmon","created":"2026-04-15T13:13:46.586Z","code":"13"},"log":{"level":"information","file":{"path":"C:\\Users\\ivysa\\Downloads\\winlogbeat-9.3.3-windows-x86_64\\winlogbeat-9.3.3-windows-x86_64\\symon.evtx"}},"error":{"message":"failed to get the event message string: failed in EvtFormatMessage: The message resource is present but the message was not found in the message table."}}
{"@timestamp":"2026-04-15T08:50:33.234Z","@metadata":{"beat":"winlogbeat","type":"_doc","version":"9.3.3"},"winlog":{"version":2,"user":{"domain":"NT AUTHORITY","name":"SYSTEM","type":"Well Known Group","identifier":"S-1-5-18"},"event_data":{"Image":"C:\\Program Files\\Bandizip\\Bandizip.exe","RuleName":"T1042","ProcessGuid":"{8F7AB6F6-5159-69DF-9801-000000000500}","Details":"\"C:\\Program Files\\Bandizip\\Bandizip.exe\" \"장치\"","User":"DESKTOP-H6FBQ5J\\windows","EventType":"SetValue","TargetObject":"HKCR\\Bandizip.zip\\Shell\\Open\\Command\\(Default)","UtcTime":"2026-04-15 08:50:33.225","ProcessId":"568"},"process":{"thread":{"id":6376},"pid":6668},"event_id":"13","opcode":"Info","error":{},"channel":"Microsoft-Windows-Sysmon/Operational","record_id":90,"computer_name":"DESKTOP-H6FBQ5J","provider_name":"Microsoft-Windows-Sysmon","provider_guid":"{5770385F-C22A-43E0-BF4C-06F5698FFBD9}"},"event":{"provider":"Microsoft-Windows-Sysmon","created":"2026-04-15T13:13:46.586Z","code":"13","kind":"event"},"log":{"level":"information","file":{"path":"C:\\Users\\ivysa\\Downloads\\winlogbeat-9.3.3-windows-x86_64\\winlogbeat-9.3.3-windows-x86_64\\symon.evtx"}},"agent":{"ephemeral_id":"f8d845b8-8ac1-43f8-9a65-a6e7c2082e2f","id":"0ae603cf-457e-4a6f-bbde-51c28f1a031e","name":"DESKTOP-IKR997B","type":"winlogbeat","version":"9.3.3"},"ecs":{"version":"8.0.0"},"error":{"message":"failed to get the event message string: failed in EvtFormatMessage: The message resource is present but the message was not found in the message table."},"host":{"name":"DESKTOP-H6FBQ5J"}}
{"@timestamp":"2026-04-15T08:50:33.237Z","@metadata":{"beat":"winlogbeat","type":"_doc","version":"9.3.3"},"error":{"message":"failed to get the event message string: failed in EvtFormatMessage: The message resource is present but the message was not found in the message table."},"host":{"name":"DESKTOP-H6FBQ5J"},"winlog":{"error":{},"event_id":"13","computer_name":"DESKTOP-H6FBQ5J","user":{"type":"Well Known Group","identifier":"S-1-5-18","domain":"NT AUTHORITY","name":"SYSTEM"},"record_id":91,"version":2,"channel":"Microsoft-Windows-Sysmon/Operational","opcode":"Info","provider_guid":"{5770385F-C22A-43E0-BF4C-06F5698FFBD9}","process":{"pid":6668,"thread":{"id":6376}},"provider_name":"Microsoft-Windows-Sysmon","event_data":{"UtcTime":"2026-04-15 08:50:33.225","ProcessId":"568","EventType":"SetValue","ProcessGuid":"{8F7AB6F6-5159-69DF-9801-000000000500}","Details":"\"C:\\Program Files\\Bandizip\\Bandizip.exe\" \"장치\"","RuleName":"T1042","Image":"C:\\Program Files\\Bandizip\\Bandizip.exe","User":"DESKTOP-H6FBQ5J\\windows","TargetObject":"HKCR\\Bandizip.zipx\\Shell\\Open\\Command\\(Default)"}},"event":{"kind":"event","provider":"Microsoft-Windows-Sysmon","created":"2026-04-15T13:13:46.586Z","code":"13"},"ecs":{"version":"8.0.0"},"agent":{"id":"0ae603cf-457e-4a6f-bbde-51c28f1a031e","name":"DESKTOP-IKR997B","type":"winlogbeat","version":"9.3.3","ephemeral_id":"f8d845b8-8ac1-43f8-9a65-a6e7c2082e2f"},"log":{"level":"information","file":{"path":"C:\\Users\\ivysa\\Downloads\\winlogbeat-9.3.3-windows-x86_64\\winlogbeat-9.3.3-windows-x86_64\\symon.evtx"}}}
{"@timestamp":"2026-04-15T08:50:33.237Z","@metadata":{"beat":"winlogbeat","type":"_doc","version":"9.3.3"},"winlog":{"error":{},"event_id":"13","opcode":"Info","provider_guid":"{5770385F-C22A-43E0-BF4C-06F5698FFBD9}","event_data":{"EventType":"SetValue","Details":"\"C:\\Program Files\\Bandizip\\Bandizip.exe\" \"장치\"","ProcessId":"568","TargetObject":"HKCR\\Bandizip.zipx\\Shell\\Open\\Command\\(Default)","RuleName":"T1042","ProcessGuid":"{8F7AB6F6-5159-69DF-9801-000000000500}","User":"DESKTOP-H6FBQ5J\\windows","UtcTime":"2026-04-15 08:50:33.225","Image":"C:\\Program Files\\Bandizip\\Bandizip.exe"},"provider_name":"Microsoft-Windows-Sysmon","computer_name":"DESKTOP-H6FBQ5J","version":2,"user":{"name":"SYSTEM","type":"Well Known Group","identifier":"S-1-5-18","domain":"NT AUTHORITY"},"record_id":92,"channel":"Microsoft-Windows-Sysmon/Operational","process":{"pid":6668,"thread":{"id":6376}}},"event":{"created":"2026-04-15T13:13:46.586Z","code":"13","kind":"event","provider":"Microsoft-Windows-Sysmon"},"log":{"level":"information","file":{"path":"C:\\Users\\ivysa\\Downloads\\winlogbeat-9.3.3-windows-x86_64\\winlogbeat-9.3.3-windows-x86_64\\symon.evtx"}},"error":{"message":"failed to get the event message string: failed in EvtFormatMessage: The message resource is present but the message was not found in the message table."},"ecs":{"version":"8.0.0"},"agent":{"ephemeral_id":"f8d845b8-8ac1-43f8-9a65-a6e7c2082e2f","id":"0ae603cf-457e-4a6f-bbde-51c28f1a031e","name":"DESKTOP-IKR997B","type":"winlogbeat","version":"9.3.3"},"host":{"name":"DESKTOP-H6FBQ5J"}}
{"@timestamp":"2026-04-15T08:50:33.240Z","@metadata":{"beat":"winlogbeat","type":"_doc","version":"9.3.3"},"error":{"message":"failed to get the event message string: failed in EvtFormatMessage: The message resource is present but the message was not found in the message table."},"host":{"name":"DESKTOP-H6FBQ5J"},"ecs":{"version":"8.0.0"},"agent":{"name":"DESKTOP-IKR997B","type":"winlogbeat","version":"9.3.3","ephemeral_id":"f8d845b8-8ac1-43f8-9a65-a6e7c2082e2f","id":"0ae603cf-457e-4a6f-bbde-51c28f1a031e"},"winlog":{"error":{},"channel":"Microsoft-Windows-Sysmon/Operational","event_id":"13","process":{"pid":6668,"thread":{"id":6376}},"provider_name":"Microsoft-Windows-Sysmon","record_id":93,"computer_name":"DESKTOP-H6FBQ5J","opcode":"Info","provider_guid":"{5770385F-C22A-43E0-BF4C-06F5698FFBD9}","version":2,"user":{"domain":"NT AUTHORITY","name":"SYSTEM","type":"Well Known Group","identifier":"S-1-5-18"},"event_data":{"Details":"\"C:\\Program Files\\Bandizip\\Bandizip.exe\" \"장치\"","User":"DESKTOP-H6FBQ5J\\windows","EventType":"SetValue","UtcTime":"2026-04-15 08:50:33.225","ProcessGuid":"{8F7AB6F6-5159-69DF-9801-000000000500}","Image":"C:\\Program Files\\Bandizip\\Bandizip.exe","TargetObject":"HKCR\\Bandizip.rar\\Shell\\Open\\Command\\(Default)","RuleName":"T1042","ProcessId":"568"}},"event":{"created":"2026-04-15T13:13:46.586Z","code":"13","kind":"event","provider":"Microsoft-Windows-Sysmon"},"log":{"level":"information","file":{"path":"C:\\Users\\ivysa\\Downloads\\winlogbeat-9.3.3-windows-x86_64\\winlogbeat-9.3.3-windows-x86_64\\symon.evtx"}}}
{"@timestamp":"2026-04-15T08:50:33.240Z","@metadata":{"beat":"winlogbeat","type":"_doc","version":"9.3.3"},"ecs":{"version":"8.0.0"},"agent":{"ephemeral_id":"f8d845b8-8ac1-43f8-9a65-a6e7c2082e2f","id":"0ae603cf-457e-4a6f-bbde-51c28f1a031e","name":"DESKTOP-IKR997B","type":"winlogbeat","version":"9.3.3"},"host":{"name":"DESKTOP-H6FBQ5J"},"winlog":{"opcode":"Info","version":2,"event_data":{"ProcessGuid":"{8F7AB6F6-5159-69DF-9801-000000000500}","RuleName":"T1042","TargetObject":"HKCR\\Bandizip.rar\\Shell\\Open\\Command\\(Default)","User":"DESKTOP-H6FBQ5J\\windows","EventType":"SetValue","UtcTime":"2026-04-15 08:50:33.225","ProcessId":"568","Image":"C:\\Program Files\\Bandizip\\Bandizip.exe","Details":"\"C:\\Program Files\\Bandizip\\Bandizip.exe\" \"장치\""},"channel":"Microsoft-Windows-Sysmon/Operational","provider_name":"Microsoft-Windows-Sysmon","record_id":94,"provider_guid":"{5770385F-C22A-43E0-BF4C-06F5698FFBD9}","computer_name":"DESKTOP-H6FBQ5J","user":{"name":"SYSTEM","type":"Well Known Group","identifier":"S-1-5-18","domain":"NT AUTHORITY"},"process":{"pid":6668,"thread":{"id":6376}},"error":{},"event_id":"13"},"event":{"kind":"event","provider":"Microsoft-Windows-Sysmon","created":"2026-04-15T13:13:46.586Z","code":"13"},"log":{"level":"information","file":{"path":"C:\\Users\\ivysa\\Downloads\\winlogbeat-9.3.3-windows-x86_64\\winlogbeat-9.3.3-windows-x86_64\\symon.evtx"}},"error":{"message":"failed to get the event message string: failed in EvtFormatMessage: The message resource is present but the message was not found in the message table."}}
{"@timestamp":"2026-04-15T08:50:33.243Z","@metadata":{"beat":"winlogbeat","type":"_doc","version":"9.3.3"},"ecs":{"version":"8.0.0"},"winlog":{"opcode":"Info","computer_name":"DESKTOP-H6FBQ5J","error":{},"event_id":"13","version":2,"event_data":{"Details":"\"C:\\Program Files\\Bandizip\\Bandizip.exe\" \"장치\"","User":"DESKTOP-H6FBQ5J\\windows","UtcTime":"2026-04-15 08:50:33.240","ProcessGuid":"{8F7AB6F6-5159-69DF-9801-000000000500}","ProcessId":"568","RuleName":"T1042","EventType":"SetValue","Image":"C:\\Program Files\\Bandizip\\Bandizip.exe","TargetObject":"HKCR\\Bandizip.7z\\Shell\\Open\\Command\\(Default)"},"provider_guid":"{5770385F-C22A-43E0-BF4C-06F5698FFBD9}","user":{"type":"Well Known Group","identifier":"S-1-5-18","domain":"NT AUTHORITY","name":"SYSTEM"},"process":{"thread":{"id":6376},"pid":6668},"channel":"Microsoft-Windows-Sysmon/Operational","provider_name":"Microsoft-Windows-Sysmon","record_id":95},"event":{"code":"13","kind":"event","provider":"Microsoft-Windows-Sysmon","created":"2026-04-15T13:13:46.586Z"},"log":{"level":"information","file":{"path":"C:\\Users\\ivysa\\Downloads\\winlogbeat-9.3.3-windows-x86_64\\winlogbeat-9.3.3-windows-x86_64\\symon.evtx"}},"error":{"message":"failed to get the event message string: failed in EvtFormatMessage: The message resource is present but the message was not found in the message table."},"host":{"name":"DESKTOP-H6FBQ5J"},"agent":{"type":"winlogbeat","version":"9.3.3","ephemeral_id":"f8d845b8-8ac1-43f8-9a65-a6e7c2082e2f","id":"0ae603cf-457e-4a6f-bbde-51c28f1a031e","name":"DESKTOP-IKR997B"}}
{"@timestamp":"2026-04-15T08:50:33.243Z","@metadata":{"beat":"winlogbeat","type":"_doc","version":"9.3.3"},"log":{"level":"information","file":{"path":"C:\\Users\\ivysa\\Downloads\\winlogbeat-9.3.3-windows-x86_64\\winlogbeat-9.3.3-windows-x86_64\\symon.evtx"}},"error":{"message":"failed to get the event message string: failed in EvtFormatMessage: The message resource is present but the message was not found in the message table."},"host":{"name":"DESKTOP-H6FBQ5J"},"winlog":{"provider_guid":"{5770385F-C22A-43E0-BF4C-06F5698FFBD9}","event_data":{"RuleName":"T1042","ProcessId":"568","TargetObject":"HKCR\\Bandizip.7z\\Shell\\Open\\Command\\(Default)","UtcTime":"2026-04-15 08:50:33.240","EventType":"SetValue","ProcessGuid":"{8F7AB6F6-5159-69DF-9801-000000000500}","Image":"C:\\Program Files\\Bandizip\\Bandizip.exe","Details":"\"C:\\Program Files\\Bandizip\\Bandizip.exe\" \"장치\"","User":"DESKTOP-H6FBQ5J\\windows"},"channel":"Microsoft-Windows-Sysmon/Operational","provider_name":"Microsoft-Windows-Sysmon","computer_name":"DESKTOP-H6FBQ5J","version":2,"user":{"identifier":"S-1-5-18","domain":"NT AUTHORITY","name":"SYSTEM","type":"Well Known Group"},"process":{"pid":6668,"thread":{"id":6376}},"error":{},"record_id":96,"event_id":"13","opcode":"Info"},"event":{"created":"2026-04-15T13:13:46.587Z","code":"13","kind":"event","provider":"Microsoft-Windows-Sysmon"},"agent":{"version":"9.3.3","ephemeral_id":"f8d845b8-8ac1-43f8-9a65-a6e7c2082e2f","id":"0ae603cf-457e-4a6f-bbde-51c28f1a031e","name":"DESKTOP-IKR997B","type":"winlogbeat"},"ecs":{"version":"8.0.0"}}
{"@timestamp":"2026-04-15T08:50:33.246Z","@metadata":{"beat":"winlogbeat","type":"_doc","version":"9.3.3"},"agent":{"ephemeral_id":"f8d845b8-8ac1-43f8-9a65-a6e7c2082e2f","id":"0ae603cf-457e-4a6f-bbde-51c28f1a031e","name":"DESKTOP-IKR997B","type":"winlogbeat","version":"9.3.3"},"winlog":{"event_id":"13","version":2,"user":{"identifier":"S-1-5-18","domain":"NT AUTHORITY","name":"SYSTEM","type":"Well Known Group"},"channel":"Microsoft-Windows-Sysmon/Operational","provider_name":"Microsoft-Windows-Sysmon","process":{"pid":6668,"thread":{"id":6376}},"error":{},"record_id":97,"computer_name":"DESKTOP-H6FBQ5J","opcode":"Info","event_data":{"RuleName":"T1042","EventType":"SetValue","UtcTime":"2026-04-15 08:50:33.240","ProcessGuid":"{8F7AB6F6-5159-69DF-9801-000000000500}","ProcessId":"568","User":"DESKTOP-H6FBQ5J\\windows","TargetObject":"HKCR\\Bandizip.alz\\Shell\\Open\\Command\\(Default)","Image":"C:\\Program Files\\Bandizip\\Bandizip.exe","Details":"\"C:\\Program Files\\Bandizip\\Bandizip.exe\" \"장치\""},"provider_guid":"{5770385F-C22A-43E0-BF4C-06F5698FFBD9}"},"event":{"kind":"event","provider":"Microsoft-Windows-Sysmon","created":"2026-04-15T13:13:46.587Z","code":"13"},"log":{"level":"information","file":{"path":"C:\\Users\\ivysa\\Downloads\\winlogbeat-9.3.3-windows-x86_64\\winlogbeat-9.3.3-windows-x86_64\\symon.evtx"}},"error":{"message":"failed to get the event message string: failed in EvtFormatMessage: The message resource is present but the message was not found in the message table."},"host":{"name":"DESKTOP-H6FBQ5J"},"ecs":{"version":"8.0.0"}}
{"@timestamp":"2026-04-15T08:50:33.246Z","@metadata":{"beat":"winlogbeat","type":"_doc","version":"9.3.3"},"host":{"name":"DESKTOP-H6FBQ5J"},"ecs":{"version":"8.0.0"},"agent":{"ephemeral_id":"f8d845b8-8ac1-43f8-9a65-a6e7c2082e2f","id":"0ae603cf-457e-4a6f-bbde-51c28f1a031e","name":"DESKTOP-IKR997B","type":"winlogbeat","version":"9.3.3"},"winlog":{"record_id":98,"user":{"identifier":"S-1-5-18","domain":"NT AUTHORITY","name":"SYSTEM","type":"Well Known Group"},"event_id":"13","opcode":"Info","process":{"pid":6668,"thread":{"id":6376}},"error":{},"version":2,"event_data":{"ProcessId":"568","Image":"C:\\Program Files\\Bandizip\\Bandizip.exe","Details":"\"C:\\Program Files\\Bandizip\\Bandizip.exe\" \"장치\"","User":"DESKTOP-H6FBQ5J\\windows","ProcessGuid":"{8F7AB6F6-5159-69DF-9801-000000000500}","TargetObject":"HKCR\\Bandizip.alz\\Shell\\Open\\Command\\(Default)","UtcTime":"2026-04-15 08:50:33.240","RuleName":"T1042","EventType":"SetValue"},"computer_name":"DESKTOP-H6FBQ5J","provider_guid":"{5770385F-C22A-43E0-BF4C-06F5698FFBD9}","channel":"Microsoft-Windows-Sysmon/Operational","provider_name":"Microsoft-Windows-Sysmon"},"event":{"kind":"event","provider":"Microsoft-Windows-Sysmon","created":"2026-04-15T13:13:46.587Z","code":"13"},"log":{"level":"information","file":{"path":"C:\\Users\\ivysa\\Downloads\\winlogbeat-9.3.3-windows-x86_64\\winlogbeat-9.3.3-windows-x86_64\\symon.evtx"}},"error":{"message":"failed to get the event message string: failed in EvtFormatMessage: The message resource is present but the message was not found in the message table."}}
{"@timestamp":"2026-04-15T08:50:33.249Z","@metadata":{"beat":"winlogbeat","type":"_doc","version":"9.3.3"},"log":{"level":"information","file":{"path":"C:\\Users\\ivysa\\Downloads\\winlogbeat-9.3.3-windows-x86_64\\winlogbeat-9.3.3-windows-x86_64\\symon.evtx"}},"error":{"message":"failed to get the event message string: failed in EvtFormatMessage: The message resource is present but the message was not found in the message table."},"host":{"name":"DESKTOP-H6FBQ5J"},"agent":{"ephemeral_id":"f8d845b8-8ac1-43f8-9a65-a6e7c2082e2f","id":"0ae603cf-457e-4a6f-bbde-51c28f1a031e","name":"DESKTOP-IKR997B","type":"winlogbeat","version":"9.3.3"},"ecs":{"version":"8.0.0"},"winlog":{"provider_guid":"{5770385F-C22A-43E0-BF4C-06F5698FFBD9}","record_id":99,"version":2,"user":{"identifier":"S-1-5-18","domain":"NT AUTHORITY","name":"SYSTEM","type":"Well Known Group"},"event_data":{"Details":"\"C:\\Program Files\\Bandizip\\Bandizip.exe\" \"장치\"","RuleName":"T1042","UtcTime":"2026-04-15 08:50:33.240","ProcessGuid":"{8F7AB6F6-5159-69DF-9801-000000000500}","ProcessId":"568","User":"DESKTOP-H6FBQ5J\\windows","EventType":"SetValue","Image":"C:\\Program Files\\Bandizip\\Bandizip.exe","TargetObject":"HKCR\\Bandizip.egg\\Shell\\Open\\Command\\(Default)"},"process":{"pid":6668,"thread":{"id":6376}},"error":{},"channel":"Microsoft-Windows-Sysmon/Operational","event_id":"13","provider_name":"Microsoft-Windows-Sysmon","computer_name":"DESKTOP-H6FBQ5J","opcode":"Info"},"event":{"created":"2026-04-15T13:13:46.587Z","code":"13","kind":"event","provider":"Microsoft-Windows-Sysmon"}}
{"@timestamp":"2026-04-15T08:50:33.250Z","@metadata":{"beat":"winlogbeat","type":"_doc","version":"9.3.3"},"error":{"message":"failed to get the event message string: failed in EvtFormatMessage: The message resource is present but the message was not found in the message table."},"host":{"name":"DESKTOP-H6FBQ5J"},"ecs":{"version":"8.0.0"},"agent":{"ephemeral_id":"f8d845b8-8ac1-43f8-9a65-a6e7c2082e2f","id":"0ae603cf-457e-4a6f-bbde-51c28f1a031e","name":"DESKTOP-IKR997B","type":"winlogbeat","version":"9.3.3"},"winlog":{"event_id":"13","record_id":100,"opcode":"Info","user":{"name":"SYSTEM","type":"Well Known Group","identifier":"S-1-5-18","domain":"NT AUTHORITY"},"computer_name":"DESKTOP-H6FBQ5J","version":2,"event_data":{"UtcTime":"2026-04-15 08:50:33.240","ProcessGuid":"{8F7AB6F6-5159-69DF-9801-000000000500}","Image":"C:\\Program Files\\Bandizip\\Bandizip.exe","RuleName":"T1042","Details":"\"C:\\Program Files\\Bandizip\\Bandizip.exe\" \"장치\"","EventType":"SetValue","ProcessId":"568","TargetObject":"HKCR\\Bandizip.egg\\Shell\\Open\\Command\\(Default)","User":"DESKTOP-H6FBQ5J\\windows"},"process":{"thread":{"id":6376},"pid":6668},"error":{},"channel":"Microsoft-Windows-Sysmon/Operational","provider_name":"Microsoft-Windows-Sysmon","provider_guid":"{5770385F-C22A-43E0-BF4C-06F5698FFBD9}"},"event":{"provider":"Microsoft-Windows-Sysmon","created":"2026-04-15T13:13:46.587Z","code":"13","kind":"event"},"log":{"level":"information","file":{"path":"C:\\Users\\ivysa\\Downloads\\winlogbeat-9.3.3-windows-x86_64\\winlogbeat-9.3.3-windows-x86_64\\symon.evtx"}}}
{"@timestamp":"2026-04-15T08:50:33.252Z","@metadata":{"beat":"winlogbeat","type":"_doc","version":"9.3.3"},"ecs":{"version":"8.0.0"},"winlog":{"user":{"domain":"NT AUTHORITY","name":"SYSTEM","type":"Well Known Group","identifier":"S-1-5-18"},"event_id":"13","provider_guid":"{5770385F-C22A-43E0-BF4C-06F5698FFBD9}","event_data":{"User":"DESKTOP-H6FBQ5J\\windows","UtcTime":"2026-04-15 08:50:33.240","ProcessGuid":"{8F7AB6F6-5159-69DF-9801-000000000500}","EventType":"SetValue","RuleName":"T1042","ProcessId":"568","TargetObject":"HKCR\\Bandizip.cab\\Shell\\Open\\Command\\(Default)","Image":"C:\\Program Files\\Bandizip\\Bandizip.exe","Details":"\"C:\\Program Files\\Bandizip\\Bandizip.exe\" \"장치\""},"process":{"pid":6668,"thread":{"id":6376}},"error":{},"provider_name":"Microsoft-Windows-Sysmon","computer_name":"DESKTOP-H6FBQ5J","version":2,"channel":"Microsoft-Windows-Sysmon/Operational","record_id":101,"opcode":"Info"},"event":{"provider":"Microsoft-Windows-Sysmon","created":"2026-04-15T13:13:46.587Z","code":"13","kind":"event"},"log":{"level":"information","file":{"path":"C:\\Users\\ivysa\\Downloads\\winlogbeat-9.3.3-windows-x86_64\\winlogbeat-9.3.3-windows-x86_64\\symon.evtx"}},"error":{"message":"failed to get the event message string: failed in EvtFormatMessage: The message resource is present but the message was not found in the message table."},"host":{"name":"DESKTOP-H6FBQ5J"},"agent":{"id":"0ae603cf-457e-4a6f-bbde-51c28f1a031e","name":"DESKTOP-IKR997B","type":"winlogbeat","version":"9.3.3","ephemeral_id":"f8d845b8-8ac1-43f8-9a65-a6e7c2082e2f"}}
{"@timestamp":"2026-04-15T08:50:33.252Z","@metadata":{"beat":"winlogbeat","type":"_doc","version":"9.3.3"},"ecs":{"version":"8.0.0"},"agent":{"name":"DESKTOP-IKR997B","type":"winlogbeat","version":"9.3.3","ephemeral_id":"f8d845b8-8ac1-43f8-9a65-a6e7c2082e2f","id":"0ae603cf-457e-4a6f-bbde-51c28f1a031e"},"winlog":{"error":{},"opcode":"Info","version":2,"event_data":{"Image":"C:\\Program Files\\Bandizip\\Bandizip.exe","ProcessId":"568","TargetObject":"HKCR\\Bandizip.cab\\Shell\\Open\\Command\\(Default)","EventType":"SetValue","RuleName":"T1042","ProcessGuid":"{8F7AB6F6-5159-69DF-9801-000000000500}","Details":"\"C:\\Program Files\\Bandizip\\Bandizip.exe\" \"장치\"","User":"DESKTOP-H6FBQ5J\\windows","UtcTime":"2026-04-15 08:50:33.240"},"process":{"pid":6668,"thread":{"id":6376}},"user":{"identifier":"S-1-5-18","domain":"NT AUTHORITY","name":"SYSTEM","type":"Well Known Group"},"event_id":"13","record_id":102,"channel":"Microsoft-Windows-Sysmon/Operational","provider_name":"Microsoft-Windows-Sysmon","computer_name":"DESKTOP-H6FBQ5J","provider_guid":"{5770385F-C22A-43E0-BF4C-06F5698FFBD9}"},"event":{"created":"2026-04-15T13:13:46.587Z","code":"13","kind":"event","provider":"Microsoft-Windows-Sysmon"},"log":{"level":"information","file":{"path":"C:\\Users\\ivysa\\Downloads\\winlogbeat-9.3.3-windows-x86_64\\winlogbeat-9.3.3-windows-x86_64\\symon.evtx"}},"error":{"message":"failed to get the event message string: failed in EvtFormatMessage: The message resource is present but the message was not found in the message table."},"host":{"name":"DESKTOP-H6FBQ5J"}}
{"@timestamp":"2026-04-15T08:50:33.255Z","@metadata":{"beat":"winlogbeat","type":"_doc","version":"9.3.3"},"event":{"code":"13","kind":"event","provider":"Microsoft-Windows-Sysmon","created":"2026-04-15T13:13:46.587Z"},"log":{"level":"information","file":{"path":"C:\\Users\\ivysa\\Downloads\\winlogbeat-9.3.3-windows-x86_64\\winlogbeat-9.3.3-windows-x86_64\\symon.evtx"}},"error":{"message":"failed to get the event message string: failed in EvtFormatMessage: The message resource is present but the message was not found in the message table."},"host":{"name":"DESKTOP-H6FBQ5J"},"ecs":{"version":"8.0.0"},"agent":{"ephemeral_id":"f8d845b8-8ac1-43f8-9a65-a6e7c2082e2f","id":"0ae603cf-457e-4a6f-bbde-51c28f1a031e","name":"DESKTOP-IKR997B","type":"winlogbeat","version":"9.3.3"},"winlog":{"user":{"identifier":"S-1-5-18","domain":"NT AUTHORITY","name":"SYSTEM","type":"Well Known Group"},"event_data":{"EventType":"SetValue","ProcessId":"568","TargetObject":"HKCR\\Bandizip.bh\\Shell\\Open\\Command\\(Default)","User":"DESKTOP-H6FBQ5J\\windows","RuleName":"T1042","UtcTime":"2026-04-15 08:50:33.240","Image":"C:\\Program Files\\Bandizip\\Bandizip.exe","ProcessGuid":"{8F7AB6F6-5159-69DF-9801-000000000500}","Details":"\"C:\\Program Files\\Bandizip\\Bandizip.exe\" \"장치\""},"channel":"Microsoft-Windows-Sysmon/Operational","provider_name":"Microsoft-Windows-Sysmon","record_id":103,"version":2,"process":{"pid":6668,"thread":{"id":6376}},"error":{},"event_id":"13","computer_name":"DESKTOP-H6FBQ5J","opcode":"Info","provider_guid":"{5770385F-C22A-43E0-BF4C-06F5698FFBD9}"}}
{"@timestamp":"2026-04-15T08:50:33.255Z","@metadata":{"beat":"winlogbeat","type":"_doc","version":"9.3.3"},"host":{"name":"DESKTOP-H6FBQ5J"},"ecs":{"version":"8.0.0"},"agent":{"ephemeral_id":"f8d845b8-8ac1-43f8-9a65-a6e7c2082e2f","id":"0ae603cf-457e-4a6f-bbde-51c28f1a031e","name":"DESKTOP-IKR997B","type":"winlogbeat","version":"9.3.3"},"winlog":{"process":{"pid":6668,"thread":{"id":6376}},"record_id":104,"version":2,"user":{"identifier":"S-1-5-18","domain":"NT AUTHORITY","name":"SYSTEM","type":"Well Known Group"},"error":{},"channel":"Microsoft-Windows-Sysmon/Operational","event_id":"13","provider_guid":"{5770385F-C22A-43E0-BF4C-06F5698FFBD9}","provider_name":"Microsoft-Windows-Sysmon","opcode":"Info","computer_name":"DESKTOP-H6FBQ5J","event_data":{"ProcessGuid":"{8F7AB6F6-5159-69DF-9801-000000000500}","UtcTime":"2026-04-15 08:50:33.240","ProcessId":"568","Image":"C:\\Program Files\\Bandizip\\Bandizip.exe","TargetObject":"HKCR\\Bandizip.bh\\Shell\\Open\\Command\\(Default)","User":"DESKTOP-H6FBQ5J\\windows","RuleName":"T1042","EventType":"SetValue","Details":"\"C:\\Program Files\\Bandizip\\Bandizip.exe\" \"장치\""}},"event":{"created":"2026-04-15T13:13:46.587Z","code":"13","kind":"event","provider":"Microsoft-Windows-Sysmon"},"log":{"level":"information","file":{"path":"C:\\Users\\ivysa\\Downloads\\winlogbeat-9.3.3-windows-x86_64\\winlogbeat-9.3.3-windows-x86_64\\symon.evtx"}},"error":{"message":"failed to get the event message string: failed in EvtFormatMessage: The message resource is present but the message was not found in the message table."}}
{"@timestamp":"2026-04-15T08:50:33.258Z","@metadata":{"beat":"winlogbeat","type":"_doc","version":"9.3.3"},"event":{"code":"13","kind":"event","provider":"Microsoft-Windows-Sysmon","created":"2026-04-15T13:13:46.587Z"},"log":{"level":"information","file":{"path":"C:\\Users\\ivysa\\Downloads\\winlogbeat-9.3.3-windows-x86_64\\winlogbeat-9.3.3-windows-x86_64\\symon.evtx"}},"ecs":{"version":"8.0.0"},"agent":{"name":"DESKTOP-IKR997B","type":"winlogbeat","version":"9.3.3","ephemeral_id":"f8d845b8-8ac1-43f8-9a65-a6e7c2082e2f","id":"0ae603cf-457e-4a6f-bbde-51c28f1a031e"},"error":{"message":"failed to get the event message string: failed in EvtFormatMessage: The message resource is present but the message was not found in the message table."},"host":{"name":"DESKTOP-H6FBQ5J"},"winlog":{"channel":"Microsoft-Windows-Sysmon/Operational","error":{},"version":2,"event_data":{"Details":"\"C:\\Program Files\\Bandizip\\Bandizip.exe\" \"장치\"","EventType":"SetValue","ProcessId":"568","Image":"C:\\Program Files\\Bandizip\\Bandizip.exe","TargetObject":"HKCR\\Bandizip.001\\Shell\\Open\\Command\\(Default)","RuleName":"T1042","UtcTime":"2026-04-15 08:50:33.256","User":"DESKTOP-H6FBQ5J\\windows","ProcessGuid":"{8F7AB6F6-5159-69DF-9801-000000000500}"},"process":{"pid":6668,"thread":{"id":6376}},"computer_name":"DESKTOP-H6FBQ5J","provider_guid":"{5770385F-C22A-43E0-BF4C-06F5698FFBD9}","user":{"type":"Well Known Group","identifier":"S-1-5-18","domain":"NT AUTHORITY","name":"SYSTEM"},"event_id":"13","provider_name":"Microsoft-Windows-Sysmon","record_id":105,"opcode":"Info"}}
{"@timestamp":"2026-04-15T08:50:33.258Z","@metadata":{"beat":"winlogbeat","type":"_doc","version":"9.3.3"},"log":{"level":"information","file":{"path":"C:\\Users\\ivysa\\Downloads\\winlogbeat-9.3.3-windows-x86_64\\winlogbeat-9.3.3-windows-x86_64\\symon.evtx"}},"error":{"message":"failed to get the event message string: failed in EvtFormatMessage: The message resource is present but the message was not found in the message table."},"host":{"name":"DESKTOP-H6FBQ5J"},"ecs":{"version":"8.0.0"},"agent":{"ephemeral_id":"f8d845b8-8ac1-43f8-9a65-a6e7c2082e2f","id":"0ae603cf-457e-4a6f-bbde-51c28f1a031e","name":"DESKTOP-IKR997B","type":"winlogbeat","version":"9.3.3"},"winlog":{"provider_name":"Microsoft-Windows-Sysmon","record_id":106,"computer_name":"DESKTOP-H6FBQ5J","opcode":"Info","user":{"name":"SYSTEM","type":"Well Known Group","identifier":"S-1-5-18","domain":"NT AUTHORITY"},"event_data":{"EventType":"SetValue","UtcTime":"2026-04-15 08:50:33.256","Image":"C:\\Program Files\\Bandizip\\Bandizip.exe","RuleName":"T1042","ProcessGuid":"{8F7AB6F6-5159-69DF-9801-000000000500}","ProcessId":"568","TargetObject":"HKCR\\Bandizip.001\\Shell\\Open\\Command\\(Default)","User":"DESKTOP-H6FBQ5J\\windows","Details":"\"C:\\Program Files\\Bandizip\\Bandizip.exe\" \"장치\""},"channel":"Microsoft-Windows-Sysmon/Operational","provider_guid":"{5770385F-C22A-43E0-BF4C-06F5698FFBD9}","version":2,"process":{"thread":{"id":6376},"pid":6668},"error":{},"event_id":"13"},"event":{"kind":"event","provider":"Microsoft-Windows-Sysmon","created":"2026-04-15T13:13:46.587Z","code":"13"}}
{"@timestamp":"2026-04-15T08:50:33.260Z","@metadata":{"beat":"winlogbeat","type":"_doc","version":"9.3.3"},"log":{"level":"information","file":{"path":"C:\\Users\\ivysa\\Downloads\\winlogbeat-9.3.3-windows-x86_64\\winlogbeat-9.3.3-windows-x86_64\\symon.evtx"}},"error":{"message":"failed to get the event message string: failed in EvtFormatMessage: The message resource is present but the message was not found in the message table."},"host":{"name":"DESKTOP-H6FBQ5J"},"ecs":{"version":"8.0.0"},"agent":{"name":"DESKTOP-IKR997B","type":"winlogbeat","version":"9.3.3","ephemeral_id":"f8d845b8-8ac1-43f8-9a65-a6e7c2082e2f","id":"0ae603cf-457e-4a6f-bbde-51c28f1a031e"},"winlog":{"version":2,"user":{"identifier":"S-1-5-18","domain":"NT AUTHORITY","name":"SYSTEM","type":"Well Known Group"},"process":{"thread":{"id":6376},"pid":6668},"error":{},"provider_name":"Microsoft-Windows-Sysmon","record_id":107,"event_data":{"ProcessId":"568","UtcTime":"2026-04-15 08:50:33.256","Image":"C:\\Program Files\\Bandizip\\Bandizip.exe","TargetObject":"HKCR\\Bandizip.arj\\Shell\\Open\\Command\\(Default)","Details":"\"C:\\Program Files\\Bandizip\\Bandizip.exe\" \"장치\"","User":"DESKTOP-H6FBQ5J\\windows","RuleName":"T1042","EventType":"SetValue","ProcessGuid":"{8F7AB6F6-5159-69DF-9801-000000000500}"},"event_id":"13","provider_guid":"{5770385F-C22A-43E0-BF4C-06F5698FFBD9}","channel":"Microsoft-Windows-Sysmon/Operational","computer_name":"DESKTOP-H6FBQ5J","opcode":"Info"},"event":{"provider":"Microsoft-Windows-Sysmon","created":"2026-04-15T13:13:46.587Z","code":"13","kind":"event"}}
{"@timestamp":"2026-04-15T08:50:33.261Z","@metadata":{"beat":"winlogbeat","type":"_doc","version":"9.3.3"},"ecs":{"version":"8.0.0"},"agent":{"ephemeral_id":"f8d845b8-8ac1-43f8-9a65-a6e7c2082e2f","id":"0ae603cf-457e-4a6f-bbde-51c28f1a031e","name":"DESKTOP-IKR997B","type":"winlogbeat","version":"9.3.3"},"winlog":{"event_data":{"User":"DESKTOP-H6FBQ5J\\windows","RuleName":"T1042","UtcTime":"2026-04-15 08:50:33.256","ProcessId":"568","Image":"C:\\Program Files\\Bandizip\\Bandizip.exe","EventType":"SetValue","ProcessGuid":"{8F7AB6F6-5159-69DF-9801-000000000500}","TargetObject":"HKCR\\Bandizip.arj\\Shell\\Open\\Command\\(Default)","Details":"\"C:\\Program Files\\Bandizip\\Bandizip.exe\" \"장치\""},"channel":"Microsoft-Windows-Sysmon/Operational","record_id":108,"provider_guid":"{5770385F-C22A-43E0-BF4C-06F5698FFBD9}","error":{},"event_id":"13","provider_name":"Microsoft-Windows-Sysmon","computer_name":"DESKTOP-H6FBQ5J","process":{"pid":6668,"thread":{"id":6376}},"opcode":"Info","version":2,"user":{"type":"Well Known Group","identifier":"S-1-5-18","domain":"NT AUTHORITY","name":"SYSTEM"}},"event":{"provider":"Microsoft-Windows-Sysmon","created":"2026-04-15T13:13:46.587Z","code":"13","kind":"event"},"log":{"file":{"path":"C:\\Users\\ivysa\\Downloads\\winlogbeat-9.3.3-windows-x86_64\\winlogbeat-9.3.3-windows-x86_64\\symon.evtx"},"level":"information"},"error":{"message":"failed to get the event message string: failed in EvtFormatMessage: The message resource is present but the message was not found in the message table."},"host":{"name":"DESKTOP-H6FBQ5J"}}
{"@timestamp":"2026-04-15T08:50:33.264Z","@metadata":{"beat":"winlogbeat","type":"_doc","version":"9.3.3"},"error":{"message":"failed to get the event message string: failed in EvtFormatMessage: The message resource is present but the message was not found in the message table."},"host":{"name":"DESKTOP-H6FBQ5J"},"agent":{"ephemeral_id":"f8d845b8-8ac1-43f8-9a65-a6e7c2082e2f","id":"0ae603cf-457e-4a6f-bbde-51c28f1a031e","name":"DESKTOP-IKR997B","type":"winlogbeat","version":"9.3.3"},"ecs":{"version":"8.0.0"},"winlog":{"process":{"thread":{"id":6376},"pid":6668},"event_id":"13","provider_name":"Microsoft-Windows-Sysmon","record_id":109,"computer_name":"DESKTOP-H6FBQ5J","version":2,"channel":"Microsoft-Windows-Sysmon/Operational","opcode":"Info","event_data":{"EventType":"SetValue","ProcessGuid":"{8F7AB6F6-5159-69DF-9801-000000000500}","ProcessId":"568","Details":"\"C:\\Program Files\\Bandizip\\Bandizip.exe\" \"장치\"","RuleName":"T1042","UtcTime":"2026-04-15 08:50:33.256","Image":"C:\\Program Files\\Bandizip\\Bandizip.exe","TargetObject":"HKCR\\Bandizip.lha\\Shell\\Open\\Command\\(Default)","User":"DESKTOP-H6FBQ5J\\windows"},"error":{},"provider_guid":"{5770385F-C22A-43E0-BF4C-06F5698FFBD9}","user":{"type":"Well Known Group","identifier":"S-1-5-18","domain":"NT AUTHORITY","name":"SYSTEM"}},"event":{"provider":"Microsoft-Windows-Sysmon","created":"2026-04-15T13:13:46.587Z","code":"13","kind":"event"},"log":{"level":"information","file":{"path":"C:\\Users\\ivysa\\Downloads\\winlogbeat-9.3.3-windows-x86_64\\winlogbeat-9.3.3-windows-x86_64\\symon.evtx"}}}
{"@timestamp":"2026-04-15T08:50:33.264Z","@metadata":{"beat":"winlogbeat","type":"_doc","version":"9.3.3"},"agent":{"type":"winlogbeat","version":"9.3.3","ephemeral_id":"f8d845b8-8ac1-43f8-9a65-a6e7c2082e2f","id":"0ae603cf-457e-4a6f-bbde-51c28f1a031e","name":"DESKTOP-IKR997B"},"winlog":{"provider_guid":"{5770385F-C22A-43E0-BF4C-06F5698FFBD9}","user":{"identifier":"S-1-5-18","domain":"NT AUTHORITY","name":"SYSTEM","type":"Well Known Group"},"event_data":{"UtcTime":"2026-04-15 08:50:33.256","ProcessGuid":"{8F7AB6F6-5159-69DF-9801-000000000500}","Image":"C:\\Program Files\\Bandizip\\Bandizip.exe","User":"DESKTOP-H6FBQ5J\\windows","RuleName":"T1042","ProcessId":"568","TargetObject":"HKCR\\Bandizip.lha\\Shell\\Open\\Command\\(Default)","EventType":"SetValue","Details":"\"C:\\Program Files\\Bandizip\\Bandizip.exe\" \"장치\""},"channel":"Microsoft-Windows-Sysmon/Operational","event_id":"13","process":{"pid":6668,"thread":{"id":6376}},"error":{},"provider_name":"Microsoft-Windows-Sysmon","record_id":110,"opcode":"Info","version":2,"computer_name":"DESKTOP-H6FBQ5J"},"event":{"created":"2026-04-15T13:13:46.587Z","code":"13","kind":"event","provider":"Microsoft-Windows-Sysmon"},"log":{"level":"information","file":{"path":"C:\\Users\\ivysa\\Downloads\\winlogbeat-9.3.3-windows-x86_64\\winlogbeat-9.3.3-windows-x86_64\\symon.evtx"}},"error":{"message":"failed to get the event message string: failed in EvtFormatMessage: The message resource is present but the message was not found in the message table."},"host":{"name":"DESKTOP-H6FBQ5J"},"ecs":{"version":"8.0.0"}}
{"@timestamp":"2026-04-15T08:50:33.266Z","@metadata":{"beat":"winlogbeat","type":"_doc","version":"9.3.3"},"winlog":{"user":{"identifier":"S-1-5-18","domain":"NT AUTHORITY","name":"SYSTEM","type":"Well Known Group"},"event_data":{"UtcTime":"2026-04-15 08:50:33.256","ProcessId":"568","Image":"C:\\Program Files\\Bandizip\\Bandizip.exe","EventType":"SetValue","TargetObject":"HKCR\\Bandizip.lzh\\Shell\\Open\\Command\\(Default)","User":"DESKTOP-H6FBQ5J\\windows","ProcessGuid":"{8F7AB6F6-5159-69DF-9801-000000000500}","Details":"\"C:\\Program Files\\Bandizip\\Bandizip.exe\" \"장치\"","RuleName":"T1042"},"process":{"pid":6668,"thread":{"id":6376}},"record_id":111,"computer_name":"DESKTOP-H6FBQ5J","provider_guid":"{5770385F-C22A-43E0-BF4C-06F5698FFBD9}","version":2,"error":{},"provider_name":"Microsoft-Windows-Sysmon","channel":"Microsoft-Windows-Sysmon/Operational","event_id":"13","opcode":"Info"},"event":{"provider":"Microsoft-Windows-Sysmon","created":"2026-04-15T13:13:46.587Z","code":"13","kind":"event"},"log":{"level":"information","file":{"path":"C:\\Users\\ivysa\\Downloads\\winlogbeat-9.3.3-windows-x86_64\\winlogbeat-9.3.3-windows-x86_64\\symon.evtx"}},"error":{"message":"failed to get the event message string: failed in EvtFormatMessage: The message resource is present but the message was not found in the message table."},"host":{"name":"DESKTOP-H6FBQ5J"},"agent":{"id":"0ae603cf-457e-4a6f-bbde-51c28f1a031e","name":"DESKTOP-IKR997B","type":"winlogbeat","version":"9.3.3","ephemeral_id":"f8d845b8-8ac1-43f8-9a65-a6e7c2082e2f"},"ecs":{"version":"8.0.0"}}
{"@timestamp":"2026-04-15T08:50:33.266Z","@metadata":{"beat":"winlogbeat","type":"_doc","version":"9.3.3"},"winlog":{"computer_name":"DESKTOP-H6FBQ5J","opcode":"Info","process":{"pid":6668,"thread":{"id":6376}},"error":{},"event_id":"13","record_id":112,"provider_guid":"{5770385F-C22A-43E0-BF4C-06F5698FFBD9}","version":2,"provider_name":"Microsoft-Windows-Sysmon","user":{"identifier":"S-1-5-18","domain":"NT AUTHORITY","name":"SYSTEM","type":"Well Known Group"},"event_data":{"Image":"C:\\Program Files\\Bandizip\\Bandizip.exe","RuleName":"T1042","EventType":"SetValue","TargetObject":"HKCR\\Bandizip.lzh\\Shell\\Open\\Command\\(Default)","UtcTime":"2026-04-15 08:50:33.256","Details":"\"C:\\Program Files\\Bandizip\\Bandizip.exe\" \"장치\"","ProcessGuid":"{8F7AB6F6-5159-69DF-9801-000000000500}","User":"DESKTOP-H6FBQ5J\\windows","ProcessId":"568"},"channel":"Microsoft-Windows-Sysmon/Operational"},"event":{"created":"2026-04-15T13:13:46.587Z","code":"13","kind":"event","provider":"Microsoft-Windows-Sysmon"},"log":{"level":"information","file":{"path":"C:\\Users\\ivysa\\Downloads\\winlogbeat-9.3.3-windows-x86_64\\winlogbeat-9.3.3-windows-x86_64\\symon.evtx"}},"error":{"message":"failed to get the event message string: failed in EvtFormatMessage: The message resource is present but the message was not found in the message table."},"host":{"name":"DESKTOP-H6FBQ5J"},"ecs":{"version":"8.0.0"},"agent":{"version":"9.3.3","ephemeral_id":"f8d845b8-8ac1-43f8-9a65-a6e7c2082e2f","id":"0ae603cf-457e-4a6f-bbde-51c28f1a031e","name":"DESKTOP-IKR997B","type":"winlogbeat"}}
{"@timestamp":"2026-04-15T08:50:33.268Z","@metadata":{"beat":"winlogbeat","type":"_doc","version":"9.3.3"},"log":{"level":"information","file":{"path":"C:\\Users\\ivysa\\Downloads\\winlogbeat-9.3.3-windows-x86_64\\winlogbeat-9.3.3-windows-x86_64\\symon.evtx"}},"error":{"message":"failed to get the event message string: failed in EvtFormatMessage: The message resource is present but the message was not found in the message table."},"host":{"name":"DESKTOP-H6FBQ5J"},"winlog":{"provider_guid":"{5770385F-C22A-43E0-BF4C-06F5698FFBD9}","version":2,"error":{},"provider_name":"Microsoft-Windows-Sysmon","user":{"identifier":"S-1-5-18","domain":"NT AUTHORITY","name":"SYSTEM","type":"Well Known Group"},"event_data":{"ProcessGuid":"{8F7AB6F6-5159-69DF-9801-000000000500}","ProcessId":"568","RuleName":"T1042","UtcTime":"2026-04-15 08:50:33.256","Image":"C:\\Program Files\\Bandizip\\Bandizip.exe","TargetObject":"HKCR\\Bandizip.pma\\Shell\\Open\\Command\\(Default)","User":"DESKTOP-H6FBQ5J\\windows","EventType":"SetValue","Details":"\"C:\\Program Files\\Bandizip\\Bandizip.exe\" \"장치\""},"process":{"thread":{"id":6376},"pid":6668},"channel":"Microsoft-Windows-Sysmon/Operational","record_id":113,"computer_name":"DESKTOP-H6FBQ5J","opcode":"Info","event_id":"13"},"agent":{"name":"DESKTOP-IKR997B","type":"winlogbeat","version":"9.3.3","ephemeral_id":"f8d845b8-8ac1-43f8-9a65-a6e7c2082e2f","id":"0ae603cf-457e-4a6f-bbde-51c28f1a031e"},"ecs":{"version":"8.0.0"},"event":{"created":"2026-04-15T13:13:46.587Z","code":"13","kind":"event","provider":"Microsoft-Windows-Sysmon"}}
{"@timestamp":"2026-04-15T08:50:33.269Z","@metadata":{"beat":"winlogbeat","type":"_doc","version":"9.3.3"},"log":{"level":"information","file":{"path":"C:\\Users\\ivysa\\Downloads\\winlogbeat-9.3.3-windows-x86_64\\winlogbeat-9.3.3-windows-x86_64\\symon.evtx"}},"error":{"message":"failed to get the event message string: failed in EvtFormatMessage: The message resource is present but the message was not found in the message table."},"host":{"name":"DESKTOP-H6FBQ5J"},"ecs":{"version":"8.0.0"},"agent":{"type":"winlogbeat","version":"9.3.3","ephemeral_id":"f8d845b8-8ac1-43f8-9a65-a6e7c2082e2f","id":"0ae603cf-457e-4a6f-bbde-51c28f1a031e","name":"DESKTOP-IKR997B"},"winlog":{"event_data":{"User":"DESKTOP-H6FBQ5J\\windows","ProcessGuid":"{8F7AB6F6-5159-69DF-9801-000000000500}","ProcessId":"568","Image":"C:\\Program Files\\Bandizip\\Bandizip.exe","Details":"\"C:\\Program Files\\Bandizip\\Bandizip.exe\" \"장치\"","RuleName":"T1042","EventType":"SetValue","TargetObject":"HKCR\\Bandizip.pma\\Shell\\Open\\Command\\(Default)","UtcTime":"2026-04-15 08:50:33.256"},"process":{"pid":6668,"thread":{"id":6376}},"event_id":"13","version":2,"record_id":114,"provider_guid":"{5770385F-C22A-43E0-BF4C-06F5698FFBD9}","user":{"identifier":"S-1-5-18","domain":"NT AUTHORITY","name":"SYSTEM","type":"Well Known Group"},"channel":"Microsoft-Windows-Sysmon/Operational","computer_name":"DESKTOP-H6FBQ5J","error":{},"provider_name":"Microsoft-Windows-Sysmon","opcode":"Info"},"event":{"provider":"Microsoft-Windows-Sysmon","created":"2026-04-15T13:13:46.587Z","code":"13","kind":"event"}}
