[
  {
    "timestamp": "2026-03-22T05:13:28.589Z",
    "message": "\"Registry\" 공급자가 Started입니다. \n\n세부 정보: \n\tProviderName=Registry\n\tNewProviderState=Started\n\n\tSequenceNumber=1\n\n\tHostName=ConsoleHost\n\tHostVersion=5.1.26100.7920\n\tHostId=73fe9d4e-9c4a-49a5-9183-415deeed608c\n\tHostApplication=powershell.exe -ExecutionPolicy Restricted -Command write-host Final result: $([math]::min((Get-PnpDevice -Class `display` | where-object { $_.InstanceId.ToLower().Contains(`HOST\\USER`) } | Measure).Count, 1))\n\tEngineVersion=\n\tRunspaceId=\n\tPipelineId=\n\tCommandName=\n\tCommandType=\n\tScriptName=\n\tCommandPath=\n\tCommandLine=",
    "event_code": "600",
    "event_action": "공급자 수명 주기",
    "event_kind": "event",
    "provider": "PowerShell",
    "channel": "Windows PowerShell",
    "event_id": "600",
    "record_id": 1,
    "computer_name": "HOST-REDACTED",
    "provider_name": "PowerShell",
    "log_level": "information",
    "host_name": "HOST-REDACTED",
    "host_hostname": "HOST-REDACTED",
    "host_os": "Windows 11 Pro",
    "agent_type": "winlogbeat",
    "agent_version": "9.3.2",
    "process_pid": 4204,
    "raw_event_data": {
      "param2": "Started",
      "param1": "Registry",
      "param3": "\tProviderName=Registry\n\tNewProviderState=Started\n\n\tSequenceNumber=1\n\n\tHostName=ConsoleHost\n\tHostVersion=5.1.26100.7920\n\tHostId=73fe9d4e-9c4a-49a5-9183-415deeed608c\n\tHostApplication=powershell.exe -ExecutionPolicy Restricted -Command write-host Final result: $([math]::min((Get-PnpDevice -Class `display` | where-object { $_.InstanceId.ToLower().Contains(`HOST\\USER`) } | Measure).Count, 1))\n\tEngineVersion=\n\tRunspaceId=\n\tPipelineId=\n\tCommandName=\n\tCommandType=\n\tScriptName=\n\tCommandPath=\n\tCommandLine="
    },
    "raw": {
      "@timestamp": "2026-03-22T05:13:28.589Z",
      "log": {
        "level": "information"
      },
      "message": "\"Registry\" 공급자가 Started입니다. \n\n세부 정보: \n\tProviderName=Registry\n\tNewProviderState=Started\n\n\tSequenceNumber=1\n\n\tHostName=ConsoleHost\n\tHostVersion=5.1.26100.7920\n\tHostId=73fe9d4e-9c4a-49a5-9183-415deeed608c\n\tHostApplication=powershell.exe -ExecutionPolicy Restricted -Command write-host Final result: $([math]::min((Get-PnpDevice -Class `display` | where-object { $_.InstanceId.ToLower().Contains(`HOST\\USER`) } | Measure).Count, 1))\n\tEngineVersion=\n\tRunspaceId=\n\tPipelineId=\n\tCommandName=\n\tCommandType=\n\tScriptName=\n\tCommandPath=\n\tCommandLine=",
      "host": {
        "architecture": "x86_64",
        "id": "4c1ea299-cc74-49b5-ac0a-1138d9d08387",
        "name": "HOST-REDACTED",
        "ip": [
          "fe80::1eac:376c:1bd5:f979",
          "IP-REDACTED"
        ],
        "os": {
          "type": "windows",
          "name": "Windows 11 Pro",
          "kernel": "10.0.26100.8036 (WinBuild.160101.0800)",
          "version": "10.0",
          "family": "windows",
          "build": "26200.8037",
          "platform": "windows"
        },
        "mac": [
          "MAC-REDACTED"
        ],
        "hostname": "HOST-REDACTED"
      },
      "ecs": {
        "version": "8.0.0"
      },
      "@version": "1",
      "winlog": {
        "task": "공급자 수명 주기",
        "opcode": "Info",
        "computer_name": "HOST-REDACTED",
        "process": {
          "pid": 4204
        },
        "keywords": [
          "Classic"
        ],
        "event_id": "600",
        "record_id": 1,
        "channel": "Windows PowerShell",
        "provider_name": "PowerShell",
        "event_data": {
          "param2": "Started",
          "param1": "Registry",
          "param3": "\tProviderName=Registry\n\tNewProviderState=Started\n\n\tSequenceNumber=1\n\n\tHostName=ConsoleHost\n\tHostVersion=5.1.26100.7920\n\tHostId=73fe9d4e-9c4a-49a5-9183-415deeed608c\n\tHostApplication=powershell.exe -ExecutionPolicy Restricted -Command write-host Final result: $([math]::min((Get-PnpDevice -Class `display` | where-object { $_.InstanceId.ToLower().Contains(`HOST\\USER`) } | Measure).Count, 1))\n\tEngineVersion=\n\tRunspaceId=\n\tPipelineId=\n\tCommandName=\n\tCommandType=\n\tScriptName=\n\tCommandPath=\n\tCommandLine="
        }
      },
      "tags": [
        "beats_input_codec_plain_applied"
      ],
      "agent": {
        "type": "winlogbeat",
        "id": "e914dd33-e7be-4a91-b774-394d715855f5",
        "name": "HOST-REDACTED",
        "ephemeral_id": "b8267783-8d43-4086-8074-c2f96b9f9dae",
        "version": "9.3.2"
      },
      "event": {
        "kind": "event",
        "created": "2026-03-29T09:11:38.540Z",
        "code": "600",
        "action": "공급자 수명 주기",
        "original": "\"Registry\" 공급자가 Started입니다. \n\n세부 정보: \n\tProviderName=Registry\n\tNewProviderState=Started\n\n\tSequenceNumber=1\n\n\tHostName=ConsoleHost\n\tHostVersion=5.1.26100.7920\n\tHostId=73fe9d4e-9c4a-49a5-9183-415deeed608c\n\tHostApplication=powershell.exe -ExecutionPolicy Restricted -Command write-host Final result: $([math]::min((Get-PnpDevice -Class `display` | where-object { $_.InstanceId.ToLower().Contains(`HOST\\USER`) } | Measure).Count, 1))\n\tEngineVersion=\n\tRunspaceId=\n\tPipelineId=\n\tCommandName=\n\tCommandType=\n\tScriptName=\n\tCommandPath=\n\tCommandLine=",
        "provider": "PowerShell"
      }
    },
    "parsed_type": "powershell",
    "ps_param1": "Registry",
    "ps_param2": "Started",
    "ps_detail": "\tProviderName=Registry\n\tNewProviderState=Started\n\n\tSequenceNumber=1\n\n\tHostName=ConsoleHost\n\tHostVersion=5.1.26100.7920\n\tHostId=73fe9d4e-9c4a-49a5-9183-415deeed608c\n\tHostApplication=powershell.exe -ExecutionPolicy Restricted -Command write-host Final result: $([math]::min((Get-PnpDevice -Class `display` | where-object { $_.InstanceId.ToLower().Contains(`HOST\\USER`) } | Measure).Count, 1))\n\tEngineVersion=\n\tRunspaceId=\n\tPipelineId=\n\tCommandName=\n\tCommandType=\n\tScriptName=\n\tCommandPath=\n\tCommandLine=",
    "script_block_text": null,
    "script_block_id": null,
    "path": null
  },
  {
    "timestamp": "2026-03-22T05:13:28.591Z",
    "message": "\"Alias\" 공급자가 Started입니다. \n\n세부 정보: \n\tProviderName=Alias\n\tNewProviderState=Started\n\n\tSequenceNumber=3\n\n\tHostName=ConsoleHost\n\tHostVersion=5.1.26100.7920\n\tHostId=73fe9d4e-9c4a-49a5-9183-415deeed608c\n\tHostApplication=powershell.exe -ExecutionPolicy Restricted -Command write-host Final result: $([math]::min((Get-PnpDevice -Class `display` | where-object { $_.InstanceId.ToLower().Contains(`HOST\\USER`) } | Measure).Count, 1))\n\tEngineVersion=\n\tRunspaceId=\n\tPipelineId=\n\tCommandName=\n\tCommandType=\n\tScriptName=\n\tCommandPath=\n\tCommandLine=",
    "event_code": "600",
    "event_action": "공급자 수명 주기",
    "event_kind": "event",
    "provider": "PowerShell",
    "channel": "Windows PowerShell",
    "event_id": "600",
    "record_id": 2,
    "computer_name": "HOST-REDACTED",
    "provider_name": "PowerShell",
    "log_level": "information",
    "host_name": "HOST-REDACTED",
    "host_hostname": "HOST-REDACTED",
    "host_os": "Windows 11 Pro",
    "agent_type": "winlogbeat",
    "agent_version": "9.3.2",
    "process_pid": 4204,
    "raw_event_data": {
      "param2": "Started",
      "param1": "Alias",
      "param3": "\tProviderName=Alias\n\tNewProviderState=Started\n\n\tSequenceNumber=3\n\n\tHostName=ConsoleHost\n\tHostVersion=5.1.26100.7920\n\tHostId=73fe9d4e-9c4a-49a5-9183-415deeed608c\n\tHostApplication=powershell.exe -ExecutionPolicy Restricted -Command write-host Final result: $([math]::min((Get-PnpDevice -Class `display` | where-object { $_.InstanceId.ToLower().Contains(`HOST\\USER`) } | Measure).Count, 1))\n\tEngineVersion=\n\tRunspaceId=\n\tPipelineId=\n\tCommandName=\n\tCommandType=\n\tScriptName=\n\tCommandPath=\n\tCommandLine="
    },
    "raw": {
      "@timestamp": "2026-03-22T05:13:28.591Z",
      "message": "\"Alias\" 공급자가 Started입니다. \n\n세부 정보: \n\tProviderName=Alias\n\tNewProviderState=Started\n\n\tSequenceNumber=3\n\n\tHostName=ConsoleHost\n\tHostVersion=5.1.26100.7920\n\tHostId=73fe9d4e-9c4a-49a5-9183-415deeed608c\n\tHostApplication=powershell.exe -ExecutionPolicy Restricted -Command write-host Final result: $([math]::min((Get-PnpDevice -Class `display` | where-object { $_.InstanceId.ToLower().Contains(`HOST\\USER`) } | Measure).Count, 1))\n\tEngineVersion=\n\tRunspaceId=\n\tPipelineId=\n\tCommandName=\n\tCommandType=\n\tScriptName=\n\tCommandPath=\n\tCommandLine=",
      "ecs": {
        "version": "8.0.0"
      },
      "log": {
        "level": "information"
      },
      "host": {
        "architecture": "x86_64",
        "id": "4c1ea299-cc74-49b5-ac0a-1138d9d08387",
        "ip": [
          "fe80::1eac:376c:1bd5:f979",
          "IP-REDACTED"
        ],
        "os": {
          "type": "windows",
          "version": "10.0",
          "name": "Windows 11 Pro",
          "kernel": "10.0.26100.8036 (WinBuild.160101.0800)",
          "family": "windows",
          "build": "26200.8037",
          "platform": "windows"
        },
        "name": "HOST-REDACTED",
        "mac": [
          "MAC-REDACTED"
        ],
        "hostname": "HOST-REDACTED"
      },
      "@version": "1",
      "winlog": {
        "task": "공급자 수명 주기",
        "opcode": "Info",
        "process": {
          "pid": 4204
        },
        "computer_name": "HOST-REDACTED",
        "keywords": [
          "Classic"
        ],
        "event_id": "600",
        "record_id": 2,
        "channel": "Windows PowerShell",
        "provider_name": "PowerShell",
        "event_data": {
          "param2": "Started",
          "param1": "Alias",
          "param3": "\tProviderName=Alias\n\tNewProviderState=Started\n\n\tSequenceNumber=3\n\n\tHostName=ConsoleHost\n\tHostVersion=5.1.26100.7920\n\tHostId=73fe9d4e-9c4a-49a5-9183-415deeed608c\n\tHostApplication=powershell.exe -ExecutionPolicy Restricted -Command write-host Final result: $([math]::min((Get-PnpDevice -Class `display` | where-object { $_.InstanceId.ToLower().Contains(`HOST\\USER`) } | Measure).Count, 1))\n\tEngineVersion=\n\tRunspaceId=\n\tPipelineId=\n\tCommandName=\n\tCommandType=\n\tScriptName=\n\tCommandPath=\n\tCommandLine="
        }
      },
      "tags": [
        "beats_input_codec_plain_applied"
      ],
      "agent": {
        "type": "winlogbeat",
        "id": "e914dd33-e7be-4a91-b774-394d715855f5",
        "name": "HOST-REDACTED",
        "version": "9.3.2",
        "ephemeral_id": "b8267783-8d43-4086-8074-c2f96b9f9dae"
      },
      "event": {
        "kind": "event",
        "created": "2026-03-29T09:11:41.440Z",
        "code": "600",
        "action": "공급자 수명 주기",
        "original": "\"Alias\" 공급자가 Started입니다. \n\n세부 정보: \n\tProviderName=Alias\n\tNewProviderState=Started\n\n\tSequenceNumber=3\n\n\tHostName=ConsoleHost\n\tHostVersion=5.1.26100.7920\n\tHostId=73fe9d4e-9c4a-49a5-9183-415deeed608c\n\tHostApplication=powershell.exe -ExecutionPolicy Restricted -Command write-host Final result: $([math]::min((Get-PnpDevice -Class `display` | where-object { $_.InstanceId.ToLower().Contains(`HOST\\USER`) } | Measure).Count, 1))\n\tEngineVersion=\n\tRunspaceId=\n\tPipelineId=\n\tCommandName=\n\tCommandType=\n\tScriptName=\n\tCommandPath=\n\tCommandLine=",
        "provider": "PowerShell"
      }
    },
    "parsed_type": "powershell",
    "ps_param1": "Alias",
    "ps_param2": "Started",
    "ps_detail": "\tProviderName=Alias\n\tNewProviderState=Started\n\n\tSequenceNumber=3\n\n\tHostName=ConsoleHost\n\tHostVersion=5.1.26100.7920\n\tHostId=73fe9d4e-9c4a-49a5-9183-415deeed608c\n\tHostApplication=powershell.exe -ExecutionPolicy Restricted -Command write-host Final result: $([math]::min((Get-PnpDevice -Class `display` | where-object { $_.InstanceId.ToLower().Contains(`HOST\\USER`) } | Measure).Count, 1))\n\tEngineVersion=\n\tRunspaceId=\n\tPipelineId=\n\tCommandName=\n\tCommandType=\n\tScriptName=\n\tCommandPath=\n\tCommandLine=",
    "script_block_text": null,
    "script_block_id": null,
    "path": null
  },
  {
    "timestamp": "2026-03-22T05:13:28.591Z",
    "message": "\"Environment\" 공급자가 Started입니다. \n\n세부 정보: \n\tProviderName=Environment\n\tNewProviderState=Started\n\n\tSequenceNumber=5\n\n\tHostName=ConsoleHost\n\tHostVersion=5.1.26100.7920\n\tHostId=73fe9d4e-9c4a-49a5-9183-415deeed608c\n\tHostApplication=powershell.exe -ExecutionPolicy Restricted -Command write-host Final result: $([math]::min((Get-PnpDevice -Class `display` | where-object { $_.InstanceId.ToLower().Contains(`HOST\\USER`) } | Measure).Count, 1))\n\tEngineVersion=\n\tRunspaceId=\n\tPipelineId=\n\tCommandName=\n\tCommandType=\n\tScriptName=\n\tCommandPath=\n\tCommandLine=",
    "event_code": "600",
    "event_action": "공급자 수명 주기",
    "event_kind": "event",
    "provider": "PowerShell",
    "channel": "Windows PowerShell",
    "event_id": "600",
    "record_id": 3,
    "computer_name": "HOST-REDACTED",
    "provider_name": "PowerShell",
    "log_level": "information",
    "host_name": "HOST-REDACTED",
    "host_hostname": "HOST-REDACTED",
    "host_os": "Windows 11 Pro",
    "agent_type": "winlogbeat",
    "agent_version": "9.3.2",
    "process_pid": 4204,
    "raw_event_data": {
      "param2": "Started",
      "param1": "Environment",
      "param3": "\tProviderName=Environment\n\tNewProviderState=Started\n\n\tSequenceNumber=5\n\n\tHostName=ConsoleHost\n\tHostVersion=5.1.26100.7920\n\tHostId=73fe9d4e-9c4a-49a5-9183-415deeed608c\n\tHostApplication=powershell.exe -ExecutionPolicy Restricted -Command write-host Final result: $([math]::min((Get-PnpDevice -Class `display` | where-object { $_.InstanceId.ToLower().Contains(`HOST\\USER`) } | Measure).Count, 1))\n\tEngineVersion=\n\tRunspaceId=\n\tPipelineId=\n\tCommandName=\n\tCommandType=\n\tScriptName=\n\tCommandPath=\n\tCommandLine="
    },
    "raw": {
      "@timestamp": "2026-03-22T05:13:28.591Z",
      "log": {
        "level": "information"
      },
      "message": "\"Environment\" 공급자가 Started입니다. \n\n세부 정보: \n\tProviderName=Environment\n\tNewProviderState=Started\n\n\tSequenceNumber=5\n\n\tHostName=ConsoleHost\n\tHostVersion=5.1.26100.7920\n\tHostId=73fe9d4e-9c4a-49a5-9183-415deeed608c\n\tHostApplication=powershell.exe -ExecutionPolicy Restricted -Command write-host Final result: $([math]::min((Get-PnpDevice -Class `display` | where-object { $_.InstanceId.ToLower().Contains(`HOST\\USER`) } | Measure).Count, 1))\n\tEngineVersion=\n\tRunspaceId=\n\tPipelineId=\n\tCommandName=\n\tCommandType=\n\tScriptName=\n\tCommandPath=\n\tCommandLine=",
      "ecs": {
        "version": "8.0.0"
      },
      "host": {
        "architecture": "x86_64",
        "id": "4c1ea299-cc74-49b5-ac0a-1138d9d08387",
        "ip": [
          "fe80::1eac:376c:1bd5:f979",
          "IP-REDACTED"
        ],
        "os": {
          "type": "windows",
          "version": "10.0",
          "name": "Windows 11 Pro",
          "kernel": "10.0.26100.8036 (WinBuild.160101.0800)",
          "family": "windows",
          "build": "26200.8037",
          "platform": "windows"
        },
        "name": "HOST-REDACTED",
        "mac": [
          "MAC-REDACTED"
        ],
        "hostname": "HOST-REDACTED"
      },
      "@version": "1",
      "winlog": {
        "event_data": {
          "param2": "Started",
          "param1": "Environment",
          "param3": "\tProviderName=Environment\n\tNewProviderState=Started\n\n\tSequenceNumber=5\n\n\tHostName=ConsoleHost\n\tHostVersion=5.1.26100.7920\n\tHostId=73fe9d4e-9c4a-49a5-9183-415deeed608c\n\tHostApplication=powershell.exe -ExecutionPolicy Restricted -Command write-host Final result: $([math]::min((Get-PnpDevice -Class `display` | where-object { $_.InstanceId.ToLower().Contains(`HOST\\USER`) } | Measure).Count, 1))\n\tEngineVersion=\n\tRunspaceId=\n\tPipelineId=\n\tCommandName=\n\tCommandType=\n\tScriptName=\n\tCommandPath=\n\tCommandLine="
        },
        "opcode": "Info",
        "computer_name": "HOST-REDACTED",
        "keywords": [
          "Classic"
        ],
        "process": {
          "pid": 4204
        },
        "event_id": "600",
        "record_id": 3,
        "channel": "Windows PowerShell",
        "provider_name": "PowerShell",
        "task": "공급자 수명 주기"
      },
      "tags": [
        "beats_input_codec_plain_applied"
      ],
      "agent": {
        "type": "winlogbeat",
        "id": "e914dd33-e7be-4a91-b774-394d715855f5",
        "name": "HOST-REDACTED",
        "ephemeral_id": "b8267783-8d43-4086-8074-c2f96b9f9dae",
        "version": "9.3.2"
      },
      "event": {
        "kind": "event",
        "created": "2026-03-29T09:11:41.440Z",
        "action": "공급자 수명 주기",
        "code": "600",
        "original": "\"Environment\" 공급자가 Started입니다. \n\n세부 정보: \n\tProviderName=Environment\n\tNewProviderState=Started\n\n\tSequenceNumber=5\n\n\tHostName=ConsoleHost\n\tHostVersion=5.1.26100.7920\n\tHostId=73fe9d4e-9c4a-49a5-9183-415deeed608c\n\tHostApplication=powershell.exe -ExecutionPolicy Restricted -Command write-host Final result: $([math]::min((Get-PnpDevice -Class `display` | where-object { $_.InstanceId.ToLower().Contains(`HOST\\USER`) } | Measure).Count, 1))\n\tEngineVersion=\n\tRunspaceId=\n\tPipelineId=\n\tCommandName=\n\tCommandType=\n\tScriptName=\n\tCommandPath=\n\tCommandLine=",
        "provider": "PowerShell"
      }
    },
    "parsed_type": "powershell",
    "ps_param1": "Environment",
    "ps_param2": "Started",
    "ps_detail": "\tProviderName=Environment\n\tNewProviderState=Started\n\n\tSequenceNumber=5\n\n\tHostName=ConsoleHost\n\tHostVersion=5.1.26100.7920\n\tHostId=73fe9d4e-9c4a-49a5-9183-415deeed608c\n\tHostApplication=powershell.exe -ExecutionPolicy Restricted -Command write-host Final result: $([math]::min((Get-PnpDevice -Class `display` | where-object { $_.InstanceId.ToLower().Contains(`HOST\\USER`) } | Measure).Count, 1))\n\tEngineVersion=\n\tRunspaceId=\n\tPipelineId=\n\tCommandName=\n\tCommandType=\n\tScriptName=\n\tCommandPath=\n\tCommandLine=",
    "script_block_text": null,
    "script_block_id": null,
    "path": null
  },
  {
    "timestamp": "2026-03-22T05:13:28.600Z",
    "message": "\"FileSystem\" 공급자가 Started입니다. \n\n세부 정보: \n\tProviderName=FileSystem\n\tNewProviderState=Started\n\n\tSequenceNumber=7\n\n\tHostName=ConsoleHost\n\tHostVersion=5.1.26100.7920\n\tHostId=73fe9d4e-9c4a-49a5-9183-415deeed608c\n\tHostApplication=powershell.exe -ExecutionPolicy Restricted -Command write-host Final result: $([math]::min((Get-PnpDevice -Class `display` | where-object { $_.InstanceId.ToLower().Contains(`HOST\\USER`) } | Measure).Count, 1))\n\tEngineVersion=\n\tRunspaceId=\n\tPipelineId=\n\tCommandName=\n\tCommandType=\n\tScriptName=\n\tCommandPath=\n\tCommandLine=",
    "event_code": "600",
    "event_action": "공급자 수명 주기",
    "event_kind": "event",
    "provider": "PowerShell",
    "channel": "Windows PowerShell",
    "event_id": "600",
    "record_id": 4,
    "computer_name": "HOST-REDACTED",
    "provider_name": "PowerShell",
    "log_level": "information",
    "host_name": "HOST-REDACTED",
    "host_hostname": "HOST-REDACTED",
    "host_os": "Windows 11 Pro",
    "agent_type": "winlogbeat",
    "agent_version": "9.3.2",
    "process_pid": 4204,
    "raw_event_data": {
      "param2": "Started",
      "param1": "FileSystem",
      "param3": "\tProviderName=FileSystem\n\tNewProviderState=Started\n\n\tSequenceNumber=7\n\n\tHostName=ConsoleHost\n\tHostVersion=5.1.26100.7920\n\tHostId=73fe9d4e-9c4a-49a5-9183-415deeed608c\n\tHostApplication=powershell.exe -ExecutionPolicy Restricted -Command write-host Final result: $([math]::min((Get-PnpDevice -Class `display` | where-object { $_.InstanceId.ToLower().Contains(`HOST\\USER`) } | Measure).Count, 1))\n\tEngineVersion=\n\tRunspaceId=\n\tPipelineId=\n\tCommandName=\n\tCommandType=\n\tScriptName=\n\tCommandPath=\n\tCommandLine="
    },
    "raw": {
      "@timestamp": "2026-03-22T05:13:28.600Z",
      "ecs": {
        "version": "8.0.0"
      },
      "message": "\"FileSystem\" 공급자가 Started입니다. \n\n세부 정보: \n\tProviderName=FileSystem\n\tNewProviderState=Started\n\n\tSequenceNumber=7\n\n\tHostName=ConsoleHost\n\tHostVersion=5.1.26100.7920\n\tHostId=73fe9d4e-9c4a-49a5-9183-415deeed608c\n\tHostApplication=powershell.exe -ExecutionPolicy Restricted -Command write-host Final result: $([math]::min((Get-PnpDevice -Class `display` | where-object { $_.InstanceId.ToLower().Contains(`HOST\\USER`) } | Measure).Count, 1))\n\tEngineVersion=\n\tRunspaceId=\n\tPipelineId=\n\tCommandName=\n\tCommandType=\n\tScriptName=\n\tCommandPath=\n\tCommandLine=",
      "log": {
        "level": "information"
      },
      "host": {
        "architecture": "x86_64",
        "id": "4c1ea299-cc74-49b5-ac0a-1138d9d08387",
        "ip": [
          "fe80::1eac:376c:1bd5:f979",
          "IP-REDACTED"
        ],
        "name": "HOST-REDACTED",
        "os": {
          "type": "windows",
          "name": "Windows 11 Pro",
          "kernel": "10.0.26100.8036 (WinBuild.160101.0800)",
          "version": "10.0",
          "family": "windows",
          "build": "26200.8037",
          "platform": "windows"
        },
        "mac": [
          "MAC-REDACTED"
        ],
        "hostname": "HOST-REDACTED"
      },
      "@version": "1",
      "winlog": {
        "task": "공급자 수명 주기",
        "opcode": "Info",
        "process": {
          "pid": 4204
        },
        "computer_name": "HOST-REDACTED",
        "keywords": [
          "Classic"
        ],
        "event_id": "600",
        "record_id": 4,
        "channel": "Windows PowerShell",
        "provider_name": "PowerShell",
        "event_data": {
          "param2": "Started",
          "param1": "FileSystem",
          "param3": "\tProviderName=FileSystem\n\tNewProviderState=Started\n\n\tSequenceNumber=7\n\n\tHostName=ConsoleHost\n\tHostVersion=5.1.26100.7920\n\tHostId=73fe9d4e-9c4a-49a5-9183-415deeed608c\n\tHostApplication=powershell.exe -ExecutionPolicy Restricted -Command write-host Final result: $([math]::min((Get-PnpDevice -Class `display` | where-object { $_.InstanceId.ToLower().Contains(`HOST\\USER`) } | Measure).Count, 1))\n\tEngineVersion=\n\tRunspaceId=\n\tPipelineId=\n\tCommandName=\n\tCommandType=\n\tScriptName=\n\tCommandPath=\n\tCommandLine="
        }
      },
      "tags": [
        "beats_input_codec_plain_applied"
      ],
      "agent": {
        "type": "winlogbeat",
        "id": "e914dd33-e7be-4a91-b774-394d715855f5",
        "name": "HOST-REDACTED",
        "version": "9.3.2",
        "ephemeral_id": "b8267783-8d43-4086-8074-c2f96b9f9dae"
      },
      "event": {
        "kind": "event",
        "created": "2026-03-29T09:11:41.440Z",
        "action": "공급자 수명 주기",
        "code": "600",
        "original": "\"FileSystem\" 공급자가 Started입니다. \n\n세부 정보: \n\tProviderName=FileSystem\n\tNewProviderState=Started\n\n\tSequenceNumber=7\n\n\tHostName=ConsoleHost\n\tHostVersion=5.1.26100.7920\n\tHostId=73fe9d4e-9c4a-49a5-9183-415deeed608c\n\tHostApplication=powershell.exe -ExecutionPolicy Restricted -Command write-host Final result: $([math]::min((Get-PnpDevice -Class `display` | where-object { $_.InstanceId.ToLower().Contains(`HOST\\USER`) } | Measure).Count, 1))\n\tEngineVersion=\n\tRunspaceId=\n\tPipelineId=\n\tCommandName=\n\tCommandType=\n\tScriptName=\n\tCommandPath=\n\tCommandLine=",
        "provider": "PowerShell"
      }
    },
    "parsed_type": "powershell",
    "ps_param1": "FileSystem",
    "ps_param2": "Started",
    "ps_detail": "\tProviderName=FileSystem\n\tNewProviderState=Started\n\n\tSequenceNumber=7\n\n\tHostName=ConsoleHost\n\tHostVersion=5.1.26100.7920\n\tHostId=73fe9d4e-9c4a-49a5-9183-415deeed608c\n\tHostApplication=powershell.exe -ExecutionPolicy Restricted -Command write-host Final result: $([math]::min((Get-PnpDevice -Class `display` | where-object { $_.InstanceId.ToLower().Contains(`HOST\\USER`) } | Measure).Count, 1))\n\tEngineVersion=\n\tRunspaceId=\n\tPipelineId=\n\tCommandName=\n\tCommandType=\n\tScriptName=\n\tCommandPath=\n\tCommandLine=",
    "script_block_text": null,
    "script_block_id": null,
    "path": null
  },
  {
    "timestamp": "2026-03-22T05:13:28.601Z",
    "message": "\"Variable\" 공급자가 Started입니다. \n\n세부 정보: \n\tProviderName=Variable\n\tNewProviderState=Started\n\n\tSequenceNumber=11\n\n\tHostName=ConsoleHost\n\tHostVersion=5.1.26100.7920\n\tHostId=73fe9d4e-9c4a-49a5-9183-415deeed608c\n\tHostApplication=powershell.exe -ExecutionPolicy Restricted -Command write-host Final result: $([math]::min((Get-PnpDevice -Class `display` | where-object { $_.InstanceId.ToLower().Contains(`HOST\\USER`) } | Measure).Count, 1))\n\tEngineVersion=\n\tRunspaceId=\n\tPipelineId=\n\tCommandName=\n\tCommandType=\n\tScriptName=\n\tCommandPath=\n\tCommandLine=",
    "event_code": "600",
    "event_action": "공급자 수명 주기",
    "event_kind": "event",
    "provider": "PowerShell",
    "channel": "Windows PowerShell",
    "event_id": "600",
    "record_id": 6,
    "computer_name": "HOST-REDACTED",
    "provider_name": "PowerShell",
    "log_level": "information",
    "host_name": "HOST-REDACTED",
    "host_hostname": "HOST-REDACTED",
    "host_os": "Windows 11 Pro",
    "agent_type": "winlogbeat",
    "agent_version": "9.3.2",
    "process_pid": 4204,
    "raw_event_data": {
      "param2": "Started",
      "param1": "Variable",
      "param3": "\tProviderName=Variable\n\tNewProviderState=Started\n\n\tSequenceNumber=11\n\n\tHostName=ConsoleHost\n\tHostVersion=5.1.26100.7920\n\tHostId=73fe9d4e-9c4a-49a5-9183-415deeed608c\n\tHostApplication=powershell.exe -ExecutionPolicy Restricted -Command write-host Final result: $([math]::min((Get-PnpDevice -Class `display` | where-object { $_.InstanceId.ToLower().Contains(`HOST\\USER`) } | Measure).Count, 1))\n\tEngineVersion=\n\tRunspaceId=\n\tPipelineId=\n\tCommandName=\n\tCommandType=\n\tScriptName=\n\tCommandPath=\n\tCommandLine="
    },
    "raw": {
      "@timestamp": "2026-03-22T05:13:28.601Z",
      "message": "\"Variable\" 공급자가 Started입니다. \n\n세부 정보: \n\tProviderName=Variable\n\tNewProviderState=Started\n\n\tSequenceNumber=11\n\n\tHostName=ConsoleHost\n\tHostVersion=5.1.26100.7920\n\tHostId=73fe9d4e-9c4a-49a5-9183-415deeed608c\n\tHostApplication=powershell.exe -ExecutionPolicy Restricted -Command write-host Final result: $([math]::min((Get-PnpDevice -Class `display` | where-object { $_.InstanceId.ToLower().Contains(`HOST\\USER`) } | Measure).Count, 1))\n\tEngineVersion=\n\tRunspaceId=\n\tPipelineId=\n\tCommandName=\n\tCommandType=\n\tScriptName=\n\tCommandPath=\n\tCommandLine=",
      "ecs": {
        "version": "8.0.0"
      },
      "log": {
        "level": "information"
      },
      "host": {
        "architecture": "x86_64",
        "name": "HOST-REDACTED",
        "id": "4c1ea299-cc74-49b5-ac0a-1138d9d08387",
        "os": {
          "type": "windows",
          "name": "Windows 11 Pro",
          "kernel": "10.0.26100.8036 (WinBuild.160101.0800)",
          "version": "10.0",
          "family": "windows",
          "build": "26200.8037",
          "platform": "windows"
        },
        "ip": [
          "fe80::1eac:376c:1bd5:f979",
          "IP-REDACTED"
        ],
        "mac": [
          "MAC-REDACTED"
        ],
        "hostname": "HOST-REDACTED"
      },
      "@version": "1",
      "winlog": {
        "event_data": {
          "param2": "Started",
          "param1": "Variable",
          "param3": "\tProviderName=Variable\n\tNewProviderState=Started\n\n\tSequenceNumber=11\n\n\tHostName=ConsoleHost\n\tHostVersion=5.1.26100.7920\n\tHostId=73fe9d4e-9c4a-49a5-9183-415deeed608c\n\tHostApplication=powershell.exe -ExecutionPolicy Restricted -Command write-host Final result: $([math]::min((Get-PnpDevice -Class `display` | where-object { $_.InstanceId.ToLower().Contains(`HOST\\USER`) } | Measure).Count, 1))\n\tEngineVersion=\n\tRunspaceId=\n\tPipelineId=\n\tCommandName=\n\tCommandType=\n\tScriptName=\n\tCommandPath=\n\tCommandLine="
        },
        "opcode": "Info",
        "computer_name": "HOST-REDACTED",
        "process": {
          "pid": 4204
        },
        "keywords": [
          "Classic"
        ],
        "event_id": "600",
        "record_id": 6,
        "channel": "Windows PowerShell",
        "provider_name": "PowerShell",
        "task": "공급자 수명 주기"
      },
      "tags": [
        "beats_input_codec_plain_applied"
      ],
      "agent": {
        "type": "winlogbeat",
        "name": "HOST-REDACTED",
        "version": "9.3.2",
        "ephemeral_id": "b8267783-8d43-4086-8074-c2f96b9f9dae",
        "id": "e914dd33-e7be-4a91-b774-394d715855f5"
      },
      "event": {
        "kind": "event",
        "created": "2026-03-29T09:11:41.440Z",
        "code": "600",
        "action": "공급자 수명 주기",
        "original": "\"Variable\" 공급자가 Started입니다. \n\n세부 정보: \n\tProviderName=Variable\n\tNewProviderState=Started\n\n\tSequenceNumber=11\n\n\tHostName=ConsoleHost\n\tHostVersion=5.1.26100.7920\n\tHostId=73fe9d4e-9c4a-49a5-9183-415deeed608c\n\tHostApplication=powershell.exe -ExecutionPolicy Restricted -Command write-host Final result: $([math]::min((Get-PnpDevice -Class `display` | where-object { $_.InstanceId.ToLower().Contains(`HOST\\USER`) } | Measure).Count, 1))\n\tEngineVersion=\n\tRunspaceId=\n\tPipelineId=\n\tCommandName=\n\tCommandType=\n\tScriptName=\n\tCommandPath=\n\tCommandLine=",
        "provider": "PowerShell"
      }
    },
    "parsed_type": "powershell",
    "ps_param1": "Variable",
    "ps_param2": "Started",
    "ps_detail": "\tProviderName=Variable\n\tNewProviderState=Started\n\n\tSequenceNumber=11\n\n\tHostName=ConsoleHost\n\tHostVersion=5.1.26100.7920\n\tHostId=73fe9d4e-9c4a-49a5-9183-415deeed608c\n\tHostApplication=powershell.exe -ExecutionPolicy Restricted -Command write-host Final result: $([math]::min((Get-PnpDevice -Class `display` | where-object { $_.InstanceId.ToLower().Contains(`HOST\\USER`) } | Measure).Count, 1))\n\tEngineVersion=\n\tRunspaceId=\n\tPipelineId=\n\tCommandName=\n\tCommandType=\n\tScriptName=\n\tCommandPath=\n\tCommandLine=",
    "script_block_text": null,
    "script_block_id": null,
    "path": null
  },
  {
    "timestamp": "2026-03-22T05:13:28.601Z",
    "message": "\"Function\" 공급자가 Started입니다. \n\n세부 정보: \n\tProviderName=Function\n\tNewProviderState=Started\n\n\tSequenceNumber=9\n\n\tHostName=ConsoleHost\n\tHostVersion=5.1.26100.7920\n\tHostId=73fe9d4e-9c4a-49a5-9183-415deeed608c\n\tHostApplication=powershell.exe -ExecutionPolicy Restricted -Command write-host Final result: $([math]::min((Get-PnpDevice -Class `display` | where-object { $_.InstanceId.ToLower().Contains(`HOST\\USER`) } | Measure).Count, 1))\n\tEngineVersion=\n\tRunspaceId=\n\tPipelineId=\n\tCommandName=\n\tCommandType=\n\tScriptName=\n\tCommandPath=\n\tCommandLine=",
    "event_code": "600",
    "event_action": "공급자 수명 주기",
    "event_kind": "event",
    "provider": "PowerShell",
    "channel": "Windows PowerShell",
    "event_id": "600",
    "record_id": 5,
    "computer_name": "HOST-REDACTED",
    "provider_name": "PowerShell",
    "log_level": "information",
    "host_name": "HOST-REDACTED",
    "host_hostname": "HOST-REDACTED",
    "host_os": "Windows 11 Pro",
    "agent_type": "winlogbeat",
    "agent_version": "9.3.2",
    "process_pid": 4204,
    "raw_event_data": {
      "param2": "Started",
      "param1": "Function",
      "param3": "\tProviderName=Function\n\tNewProviderState=Started\n\n\tSequenceNumber=9\n\n\tHostName=ConsoleHost\n\tHostVersion=5.1.26100.7920\n\tHostId=73fe9d4e-9c4a-49a5-9183-415deeed608c\n\tHostApplication=powershell.exe -ExecutionPolicy Restricted -Command write-host Final result: $([math]::min((Get-PnpDevice -Class `display` | where-object { $_.InstanceId.ToLower().Contains(`HOST\\USER`) } | Measure).Count, 1))\n\tEngineVersion=\n\tRunspaceId=\n\tPipelineId=\n\tCommandName=\n\tCommandType=\n\tScriptName=\n\tCommandPath=\n\tCommandLine="
    },
    "raw": {
      "@timestamp": "2026-03-22T05:13:28.601Z",
      "log": {
        "level": "information"
      },
      "message": "\"Function\" 공급자가 Started입니다. \n\n세부 정보: \n\tProviderName=Function\n\tNewProviderState=Started\n\n\tSequenceNumber=9\n\n\tHostName=ConsoleHost\n\tHostVersion=5.1.26100.7920\n\tHostId=73fe9d4e-9c4a-49a5-9183-415deeed608c\n\tHostApplication=powershell.exe -ExecutionPolicy Restricted -Command write-host Final result: $([math]::min((Get-PnpDevice -Class `display` | where-object { $_.InstanceId.ToLower().Contains(`HOST\\USER`) } | Measure).Count, 1))\n\tEngineVersion=\n\tRunspaceId=\n\tPipelineId=\n\tCommandName=\n\tCommandType=\n\tScriptName=\n\tCommandPath=\n\tCommandLine=",
      "ecs": {
        "version": "8.0.0"
      },
      "host": {
        "architecture": "x86_64",
        "name": "HOST-REDACTED",
        "ip": [
          "fe80::1eac:376c:1bd5:f979",
          "IP-REDACTED"
        ],
        "os": {
          "type": "windows",
          "version": "10.0",
          "name": "Windows 11 Pro",
          "kernel": "10.0.26100.8036 (WinBuild.160101.0800)",
          "family": "windows",
          "build": "26200.8037",
          "platform": "windows"
        },
        "id": "4c1ea299-cc74-49b5-ac0a-1138d9d08387",
        "mac": [
          "MAC-REDACTED"
        ],
        "hostname": "HOST-REDACTED"
      },
      "@version": "1",
      "winlog": {
        "event_data": {
          "param2": "Started",
          "param1": "Function",
          "param3": "\tProviderName=Function\n\tNewProviderState=Started\n\n\tSequenceNumber=9\n\n\tHostName=ConsoleHost\n\tHostVersion=5.1.26100.7920\n\tHostId=73fe9d4e-9c4a-49a5-9183-415deeed608c\n\tHostApplication=powershell.exe -ExecutionPolicy Restricted -Command write-host Final result: $([math]::min((Get-PnpDevice -Class `display` | where-object { $_.InstanceId.ToLower().Contains(`HOST\\USER`) } | Measure).Count, 1))\n\tEngineVersion=\n\tRunspaceId=\n\tPipelineId=\n\tCommandName=\n\tCommandType=\n\tScriptName=\n\tCommandPath=\n\tCommandLine="
        },
        "opcode": "Info",
        "process": {
          "pid": 4204
        },
        "keywords": [
          "Classic"
        ],
        "computer_name": "HOST-REDACTED",
        "event_id": "600",
        "record_id": 5,
        "channel": "Windows PowerShell",
        "provider_name": "PowerShell",
        "task": "공급자 수명 주기"
      },
      "tags": [
        "beats_input_codec_plain_applied"
      ],
      "agent": {
        "type": "winlogbeat",
        "id": "e914dd33-e7be-4a91-b774-394d715855f5",
        "name": "HOST-REDACTED",
        "version": "9.3.2",
        "ephemeral_id": "b8267783-8d43-4086-8074-c2f96b9f9dae"
      },
      "event": {
        "kind": "event",
        "created": "2026-03-29T09:11:41.440Z",
        "code": "600",
        "action": "공급자 수명 주기",
        "original": "\"Function\" 공급자가 Started입니다. \n\n세부 정보: \n\tProviderName=Function\n\tNewProviderState=Started\n\n\tSequenceNumber=9\n\n\tHostName=ConsoleHost\n\tHostVersion=5.1.26100.7920\n\tHostId=73fe9d4e-9c4a-49a5-9183-415deeed608c\n\tHostApplication=powershell.exe -ExecutionPolicy Restricted -Command write-host Final result: $([math]::min((Get-PnpDevice -Class `display` | where-object { $_.InstanceId.ToLower().Contains(`HOST\\USER`) } | Measure).Count, 1))\n\tEngineVersion=\n\tRunspaceId=\n\tPipelineId=\n\tCommandName=\n\tCommandType=\n\tScriptName=\n\tCommandPath=\n\tCommandLine=",
        "provider": "PowerShell"
      }
    },
    "parsed_type": "powershell",
    "ps_param1": "Function",
    "ps_param2": "Started",
    "ps_detail": "\tProviderName=Function\n\tNewProviderState=Started\n\n\tSequenceNumber=9\n\n\tHostName=ConsoleHost\n\tHostVersion=5.1.26100.7920\n\tHostId=73fe9d4e-9c4a-49a5-9183-415deeed608c\n\tHostApplication=powershell.exe -ExecutionPolicy Restricted -Command write-host Final result: $([math]::min((Get-PnpDevice -Class `display` | where-object { $_.InstanceId.ToLower().Contains(`HOST\\USER`) } | Measure).Count, 1))\n\tEngineVersion=\n\tRunspaceId=\n\tPipelineId=\n\tCommandName=\n\tCommandType=\n\tScriptName=\n\tCommandPath=\n\tCommandLine=",
    "script_block_text": null,
    "script_block_id": null,
    "path": null
  },
  {
    "timestamp": "2026-03-22T05:13:28.660Z",
    "message": "엔진 상태가 None에서 Available(으)로 변경되었습니다. \n\n세부 정보: \n\tNewEngineState=Available\n\tPreviousEngineState=None\n\n\tSequenceNumber=13\n\n\tHostName=ConsoleHost\n\tHostVersion=5.1.26100.7920\n\tHostId=73fe9d4e-9c4a-49a5-9183-415deeed608c\n\tHostApplication=powershell.exe -ExecutionPolicy Restricted -Command write-host Final result: $([math]::min((Get-PnpDevice -Class `display` | where-object { $_.InstanceId.ToLower().Contains(`HOST\\USER`) } | Measure).Count, 1))\n\tEngineVersion=5.1.26100.7920\n\tRunspaceId=a50204b4-eef2-49cd-9da2-0e8ff4b941b3\n\tPipelineId=\n\tCommandName=\n\tCommandType=\n\tScriptName=\n\tCommandPath=\n\tCommandLine=",
    "event_code": "400",
    "event_action": "엔진 수명 주기",
    "event_kind": "event",
    "provider": "PowerShell",
    "channel": "Windows PowerShell",
    "event_id": "400",
    "record_id": 7,
    "computer_name": "HOST-REDACTED",
    "provider_name": "PowerShell",
    "log_level": "information",
    "host_name": "HOST-REDACTED",
    "host_hostname": "HOST-REDACTED",
    "host_os": "Windows 11 Pro",
    "agent_type": "winlogbeat",
    "agent_version": "9.3.2",
    "process_pid": 4204,
    "raw_event_data": {
      "param2": "None",
      "param1": "Available",
      "param3": "\tNewEngineState=Available\n\tPreviousEngineState=None\n\n\tSequenceNumber=13\n\n\tHostName=ConsoleHost\n\tHostVersion=5.1.26100.7920\n\tHostId=73fe9d4e-9c4a-49a5-9183-415deeed608c\n\tHostApplication=powershell.exe -ExecutionPolicy Restricted -Command write-host Final result: $([math]::min((Get-PnpDevice -Class `display` | where-object { $_.InstanceId.ToLower().Contains(`HOST\\USER`) } | Measure).Count, 1))\n\tEngineVersion=5.1.26100.7920\n\tRunspaceId=a50204b4-eef2-49cd-9da2-0e8ff4b941b3\n\tPipelineId=\n\tCommandName=\n\tCommandType=\n\tScriptName=\n\tCommandPath=\n\tCommandLine="
    },
    "raw": {
      "@timestamp": "2026-03-22T05:13:28.660Z",
      "host": {
        "architecture": "x86_64",
        "id": "4c1ea299-cc74-49b5-ac0a-1138d9d08387",
        "ip": [
          "fe80::1eac:376c:1bd5:f979",
          "IP-REDACTED"
        ],
        "os": {
          "type": "windows",
          "version": "10.0",
          "name": "Windows 11 Pro",
          "kernel": "10.0.26100.8036 (WinBuild.160101.0800)",
          "family": "windows",
          "build": "26200.8037",
          "platform": "windows"
        },
        "name": "HOST-REDACTED",
        "mac": [
          "MAC-REDACTED"
        ],
        "hostname": "HOST-REDACTED"
      },
      "message": "엔진 상태가 None에서 Available(으)로 변경되었습니다. \n\n세부 정보: \n\tNewEngineState=Available\n\tPreviousEngineState=None\n\n\tSequenceNumber=13\n\n\tHostName=ConsoleHost\n\tHostVersion=5.1.26100.7920\n\tHostId=73fe9d4e-9c4a-49a5-9183-415deeed608c\n\tHostApplication=powershell.exe -ExecutionPolicy Restricted -Command write-host Final result: $([math]::min((Get-PnpDevice -Class `display` | where-object { $_.InstanceId.ToLower().Contains(`HOST\\USER`) } | Measure).Count, 1))\n\tEngineVersion=5.1.26100.7920\n\tRunspaceId=a50204b4-eef2-49cd-9da2-0e8ff4b941b3\n\tPipelineId=\n\tCommandName=\n\tCommandType=\n\tScriptName=\n\tCommandPath=\n\tCommandLine=",
      "ecs": {
        "version": "8.0.0"
      },
      "log": {
        "level": "information"
      },
      "@version": "1",
      "winlog": {
        "task": "엔진 수명 주기",
        "opcode": "Info",
        "process": {
          "pid": 4204
        },
        "computer_name": "HOST-REDACTED",
        "keywords": [
          "Classic"
        ],
        "event_id": "400",
        "record_id": 7,
        "channel": "Windows PowerShell",
        "provider_name": "PowerShell",
        "event_data": {
          "param2": "None",
          "param1": "Available",
          "param3": "\tNewEngineState=Available\n\tPreviousEngineState=None\n\n\tSequenceNumber=13\n\n\tHostName=ConsoleHost\n\tHostVersion=5.1.26100.7920\n\tHostId=73fe9d4e-9c4a-49a5-9183-415deeed608c\n\tHostApplication=powershell.exe -ExecutionPolicy Restricted -Command write-host Final result: $([math]::min((Get-PnpDevice -Class `display` | where-object { $_.InstanceId.ToLower().Contains(`HOST\\USER`) } | Measure).Count, 1))\n\tEngineVersion=5.1.26100.7920\n\tRunspaceId=a50204b4-eef2-49cd-9da2-0e8ff4b941b3\n\tPipelineId=\n\tCommandName=\n\tCommandType=\n\tScriptName=\n\tCommandPath=\n\tCommandLine="
        }
      },
      "tags": [
        "beats_input_codec_plain_applied"
      ],
      "agent": {
        "type": "winlogbeat",
        "name": "HOST-REDACTED",
        "version": "9.3.2",
        "ephemeral_id": "b8267783-8d43-4086-8074-c2f96b9f9dae",
        "id": "e914dd33-e7be-4a91-b774-394d715855f5"
      },
      "event": {
        "kind": "event",
        "created": "2026-03-29T09:11:41.440Z",
        "code": "400",
        "action": "엔진 수명 주기",
        "original": "엔진 상태가 None에서 Available(으)로 변경되었습니다. \n\n세부 정보: \n\tNewEngineState=Available\n\tPreviousEngineState=None\n\n\tSequenceNumber=13\n\n\tHostName=ConsoleHost\n\tHostVersion=5.1.26100.7920\n\tHostId=73fe9d4e-9c4a-49a5-9183-415deeed608c\n\tHostApplication=powershell.exe -ExecutionPolicy Restricted -Command write-host Final result: $([math]::min((Get-PnpDevice -Class `display` | where-object { $_.InstanceId.ToLower().Contains(`HOST\\USER`) } | Measure).Count, 1))\n\tEngineVersion=5.1.26100.7920\n\tRunspaceId=a50204b4-eef2-49cd-9da2-0e8ff4b941b3\n\tPipelineId=\n\tCommandName=\n\tCommandType=\n\tScriptName=\n\tCommandPath=\n\tCommandLine=",
        "provider": "PowerShell"
      }
    },
    "parsed_type": "powershell",
    "ps_param1": "Available",
    "ps_param2": "None",
    "ps_detail": "\tNewEngineState=Available\n\tPreviousEngineState=None\n\n\tSequenceNumber=13\n\n\tHostName=ConsoleHost\n\tHostVersion=5.1.26100.7920\n\tHostId=73fe9d4e-9c4a-49a5-9183-415deeed608c\n\tHostApplication=powershell.exe -ExecutionPolicy Restricted -Command write-host Final result: $([math]::min((Get-PnpDevice -Class `display` | where-object { $_.InstanceId.ToLower().Contains(`HOST\\USER`) } | Measure).Count, 1))\n\tEngineVersion=5.1.26100.7920\n\tRunspaceId=a50204b4-eef2-49cd-9da2-0e8ff4b941b3\n\tPipelineId=\n\tCommandName=\n\tCommandType=\n\tScriptName=\n\tCommandPath=\n\tCommandLine=",
    "script_block_text": null,
    "script_block_id": null,
    "path": null
  },
  {
    "timestamp": "2026-03-22T05:13:29.835Z",
    "message": "엔진 상태가 Available에서 Stopped(으)로 변경되었습니다. \n\n세부 정보: \n\tNewEngineState=Stopped\n\tPreviousEngineState=Available\n\n\tSequenceNumber=15\n\n\tHostName=ConsoleHost\n\tHostVersion=5.1.26100.7920\n\tHostId=73fe9d4e-9c4a-49a5-9183-415deeed608c\n\tHostApplication=powershell.exe -ExecutionPolicy Restricted -Command write-host Final result: $([math]::min((Get-PnpDevice -Class `display` | where-object { $_.InstanceId.ToLower().Contains(`HOST\\USER`) } | Measure).Count, 1))\n\tEngineVersion=5.1.26100.7920\n\tRunspaceId=a50204b4-eef2-49cd-9da2-0e8ff4b941b3\n\tPipelineId=\n\tCommandName=\n\tCommandType=\n\tScriptName=\n\tCommandPath=\n\tCommandLine=",
    "event_code": "403",
    "event_action": "엔진 수명 주기",
    "event_kind": "event",
    "provider": "PowerShell",
    "channel": "Windows PowerShell",
    "event_id": "403",
    "record_id": 8,
    "computer_name": "HOST-REDACTED",
    "provider_name": "PowerShell",
    "log_level": "information",
    "host_name": "HOST-REDACTED",
    "host_hostname": "HOST-REDACTED",
    "host_os": "Windows 11 Pro",
    "agent_type": "winlogbeat",
    "agent_version": "9.3.2",
    "process_pid": 4204,
    "raw_event_data": {
      "param2": "Available",
      "param1": "Stopped",
      "param3": "\tNewEngineState=Stopped\n\tPreviousEngineState=Available\n\n\tSequenceNumber=15\n\n\tHostName=ConsoleHost\n\tHostVersion=5.1.26100.7920\n\tHostId=73fe9d4e-9c4a-49a5-9183-415deeed608c\n\tHostApplication=powershell.exe -ExecutionPolicy Restricted -Command write-host Final result: $([math]::min((Get-PnpDevice -Class `display` | where-object { $_.InstanceId.ToLower().Contains(`HOST\\USER`) } | Measure).Count, 1))\n\tEngineVersion=5.1.26100.7920\n\tRunspaceId=a50204b4-eef2-49cd-9da2-0e8ff4b941b3\n\tPipelineId=\n\tCommandName=\n\tCommandType=\n\tScriptName=\n\tCommandPath=\n\tCommandLine="
    },
    "raw": {
      "@timestamp": "2026-03-22T05:13:29.835Z",
      "log": {
        "level": "information"
      },
      "message": "엔진 상태가 Available에서 Stopped(으)로 변경되었습니다. \n\n세부 정보: \n\tNewEngineState=Stopped\n\tPreviousEngineState=Available\n\n\tSequenceNumber=15\n\n\tHostName=ConsoleHost\n\tHostVersion=5.1.26100.7920\n\tHostId=73fe9d4e-9c4a-49a5-9183-415deeed608c\n\tHostApplication=powershell.exe -ExecutionPolicy Restricted -Command write-host Final result: $([math]::min((Get-PnpDevice -Class `display` | where-object { $_.InstanceId.ToLower().Contains(`HOST\\USER`) } | Measure).Count, 1))\n\tEngineVersion=5.1.26100.7920\n\tRunspaceId=a50204b4-eef2-49cd-9da2-0e8ff4b941b3\n\tPipelineId=\n\tCommandName=\n\tCommandType=\n\tScriptName=\n\tCommandPath=\n\tCommandLine=",
      "host": {
        "architecture": "x86_64",
        "name": "HOST-REDACTED",
        "id": "4c1ea299-cc74-49b5-ac0a-1138d9d08387",
        "os": {
          "type": "windows",
          "version": "10.0",
          "name": "Windows 11 Pro",
          "kernel": "10.0.26100.8036 (WinBuild.160101.0800)",
          "family": "windows",
          "build": "26200.8037",
          "platform": "windows"
        },
        "ip": [
          "fe80::1eac:376c:1bd5:f979",
          "IP-REDACTED"
        ],
        "mac": [
          "MAC-REDACTED"
        ],
        "hostname": "HOST-REDACTED"
      },
      "ecs": {
        "version": "8.0.0"
      },
      "@version": "1",
      "winlog": {
        "event_data": {
          "param2": "Available",
          "param1": "Stopped",
          "param3": "\tNewEngineState=Stopped\n\tPreviousEngineState=Available\n\n\tSequenceNumber=15\n\n\tHostName=ConsoleHost\n\tHostVersion=5.1.26100.7920\n\tHostId=73fe9d4e-9c4a-49a5-9183-415deeed608c\n\tHostApplication=powershell.exe -ExecutionPolicy Restricted -Command write-host Final result: $([math]::min((Get-PnpDevice -Class `display` | where-object { $_.InstanceId.ToLower().Contains(`HOST\\USER`) } | Measure).Count, 1))\n\tEngineVersion=5.1.26100.7920\n\tRunspaceId=a50204b4-eef2-49cd-9da2-0e8ff4b941b3\n\tPipelineId=\n\tCommandName=\n\tCommandType=\n\tScriptName=\n\tCommandPath=\n\tCommandLine="
        },
        "opcode": "Info",
        "computer_name": "HOST-REDACTED",
        "keywords": [
          "Classic"
        ],
        "process": {
          "pid": 4204
        },
        "event_id": "403",
        "record_id": 8,
        "channel": "Windows PowerShell",
        "provider_name": "PowerShell",
        "task": "엔진 수명 주기"
      },
      "tags": [
        "beats_input_codec_plain_applied"
      ],
      "agent": {
        "type": "winlogbeat",
        "name": "HOST-REDACTED",
        "version": "9.3.2",
        "ephemeral_id": "b8267783-8d43-4086-8074-c2f96b9f9dae",
        "id": "e914dd33-e7be-4a91-b774-394d715855f5"
      },
      "event": {
        "kind": "event",
        "created": "2026-03-29T09:11:41.440Z",
        "code": "403",
        "action": "엔진 수명 주기",
        "original": "엔진 상태가 Available에서 Stopped(으)로 변경되었습니다. \n\n세부 정보: \n\tNewEngineState=Stopped\n\tPreviousEngineState=Available\n\n\tSequenceNumber=15\n\n\tHostName=ConsoleHost\n\tHostVersion=5.1.26100.7920\n\tHostId=73fe9d4e-9c4a-49a5-9183-415deeed608c\n\tHostApplication=powershell.exe -ExecutionPolicy Restricted -Command write-host Final result: $([math]::min((Get-PnpDevice -Class `display` | where-object { $_.InstanceId.ToLower().Contains(`HOST\\USER`) } | Measure).Count, 1))\n\tEngineVersion=5.1.26100.7920\n\tRunspaceId=a50204b4-eef2-49cd-9da2-0e8ff4b941b3\n\tPipelineId=\n\tCommandName=\n\tCommandType=\n\tScriptName=\n\tCommandPath=\n\tCommandLine=",
        "provider": "PowerShell"
      }
    },
    "parsed_type": "powershell",
    "ps_param1": "Stopped",
    "ps_param2": "Available",
    "ps_detail": "\tNewEngineState=Stopped\n\tPreviousEngineState=Available\n\n\tSequenceNumber=15\n\n\tHostName=ConsoleHost\n\tHostVersion=5.1.26100.7920\n\tHostId=73fe9d4e-9c4a-49a5-9183-415deeed608c\n\tHostApplication=powershell.exe -ExecutionPolicy Restricted -Command write-host Final result: $([math]::min((Get-PnpDevice -Class `display` | where-object { $_.InstanceId.ToLower().Contains(`HOST\\USER`) } | Measure).Count, 1))\n\tEngineVersion=5.1.26100.7920\n\tRunspaceId=a50204b4-eef2-49cd-9da2-0e8ff4b941b3\n\tPipelineId=\n\tCommandName=\n\tCommandType=\n\tScriptName=\n\tCommandPath=\n\tCommandLine=",
    "script_block_text": null,
    "script_block_id": null,
    "path": null
  },
