  {
    "timestamp": "2026-03-29T08:42:17.468Z",
    "message": "\"Variable\" 공급자가 Started입니다. \n\n세부 정보: \n\tProviderName=Variable\n\tNewProviderState=Started\n\n\tSequenceNumber=11\n\n\tHostName=ConsoleHost\n\tHostVersion=5.1.26100.7920\n\tHostId=fb57fa3c-2cc5-431f-932f-0977ed4bb413\n\tHostApplication=C:\\HOST\\USER\\powershell.exe\n\tEngineVersion=\n\tRunspaceId=\n\tPipelineId=\n\tCommandName=\n\tCommandType=\n\tScriptName=\n\tCommandPath=\n\tCommandLine=",
    "event_code": "600",
    "event_action": "공급자 수명 주기",
    "event_kind": "event",
    "provider": "PowerShell",
    "channel": "Windows PowerShell",
    "event_id": "600",
    "record_id": 89,
    "computer_name": "HOST-REDACTED",
    "provider_name": "PowerShell",
    "log_level": "information",
    "host_name": "HOST-REDACTED",
    "host_hostname": "HOST-REDACTED",
    "host_os": "Windows 11 Pro",
    "agent_type": "winlogbeat",
    "agent_version": "9.3.2",
    "process_pid": 8636,
    "raw_event_data": {
      "param2": "Started",
      "param1": "Variable",
      "param3": "\tProviderName=Variable\n\tNewProviderState=Started\n\n\tSequenceNumber=11\n\n\tHostName=ConsoleHost\n\tHostVersion=5.1.26100.7920\n\tHostId=fb57fa3c-2cc5-431f-932f-0977ed4bb413\n\tHostApplication=C:\\HOST\\USER\\powershell.exe\n\tEngineVersion=\n\tRunspaceId=\n\tPipelineId=\n\tCommandName=\n\tCommandType=\n\tScriptName=\n\tCommandPath=\n\tCommandLine="
    },
    "raw": {
      "@timestamp": "2026-03-29T08:42:17.468Z",
      "host": {
        "architecture": "x86_64",
        "id": "4c1ea299-cc74-49b5-ac0a-1138d9d08387",
        "ip": [
          "fe80::1eac:376c:1bd5:f979",
          "IP-REDACTED"
        ],
        "os": {
          "type": "windows",
          "version": "10.0",
          "name": "Windows 11 Pro",
          "kernel": "10.0.26100.8036 (WinBuild.160101.0800)",
          "family": "windows",
          "build": "26200.8037",
          "platform": "windows"
        },
        "name": "HOST-REDACTED",
        "mac": [
          "MAC-REDACTED"
        ],
        "hostname": "HOST-REDACTED"
      },
      "message": "\"Variable\" 공급자가 Started입니다. \n\n세부 정보: \n\tProviderName=Variable\n\tNewProviderState=Started\n\n\tSequenceNumber=11\n\n\tHostName=ConsoleHost\n\tHostVersion=5.1.26100.7920\n\tHostId=fb57fa3c-2cc5-431f-932f-0977ed4bb413\n\tHostApplication=C:\\HOST\\USER\\powershell.exe\n\tEngineVersion=\n\tRunspaceId=\n\tPipelineId=\n\tCommandName=\n\tCommandType=\n\tScriptName=\n\tCommandPath=\n\tCommandLine=",
      "ecs": {
        "version": "8.0.0"
      },
      "log": {
        "level": "information"
      },
      "@version": "1",
      "winlog": {
        "task": "공급자 수명 주기",
        "opcode": "Info",
        "process": {
          "pid": 8636
        },
        "keywords": [
          "Classic"
        ],
        "computer_name": "HOST-REDACTED",
        "event_id": "600",
        "record_id": 89,
        "channel": "Windows PowerShell",
        "provider_name": "PowerShell",
        "event_data": {
          "param2": "Started",
          "param1": "Variable",
          "param3": "\tProviderName=Variable\n\tNewProviderState=Started\n\n\tSequenceNumber=11\n\n\tHostName=ConsoleHost\n\tHostVersion=5.1.26100.7920\n\tHostId=fb57fa3c-2cc5-431f-932f-0977ed4bb413\n\tHostApplication=C:\\HOST\\USER\\powershell.exe\n\tEngineVersion=\n\tRunspaceId=\n\tPipelineId=\n\tCommandName=\n\tCommandType=\n\tScriptName=\n\tCommandPath=\n\tCommandLine="
        }
      },
      "tags": [
        "beats_input_codec_plain_applied"
      ],
      "agent": {
        "type": "winlogbeat",
        "id": "e914dd33-e7be-4a91-b774-394d715855f5",
        "name": "HOST-REDACTED",
        "version": "9.3.2",
        "ephemeral_id": "b8267783-8d43-4086-8074-c2f96b9f9dae"
      },
      "event": {
        "kind": "event",
        "created": "2026-03-29T09:11:41.466Z",
        "action": "공급자 수명 주기",
        "code": "600",
        "original": "\"Variable\" 공급자가 Started입니다. \n\n세부 정보: \n\tProviderName=Variable\n\tNewProviderState=Started\n\n\tSequenceNumber=11\n\n\tHostName=ConsoleHost\n\tHostVersion=5.1.26100.7920\n\tHostId=fb57fa3c-2cc5-431f-932f-0977ed4bb413\n\tHostApplication=C:\\HOST\\USER\\powershell.exe\n\tEngineVersion=\n\tRunspaceId=\n\tPipelineId=\n\tCommandName=\n\tCommandType=\n\tScriptName=\n\tCommandPath=\n\tCommandLine=",
        "provider": "PowerShell"
      }
    },
    "parsed_type": "powershell",
    "ps_param1": "Variable",
    "ps_param2": "Started",
    "ps_detail": "\tProviderName=Variable\n\tNewProviderState=Started\n\n\tSequenceNumber=11\n\n\tHostName=ConsoleHost\n\tHostVersion=5.1.26100.7920\n\tHostId=fb57fa3c-2cc5-431f-932f-0977ed4bb413\n\tHostApplication=C:\\HOST\\USER\\powershell.exe\n\tEngineVersion=\n\tRunspaceId=\n\tPipelineId=\n\tCommandName=\n\tCommandType=\n\tScriptName=\n\tCommandPath=\n\tCommandLine=",
    "script_block_text": null,
    "script_block_id": null,
    "path": null
  },
  {
    "timestamp": "2026-03-29T08:42:17.472Z",
    "message": "엔진 상태가 None에서 Available(으)로 변경되었습니다. \n\n세부 정보: \n\tNewEngineState=Available\n\tPreviousEngineState=None\n\n\tSequenceNumber=13\n\n\tHostName=ConsoleHost\n\tHostVersion=5.1.26100.7920\n\tHostId=fb57fa3c-2cc5-431f-932f-0977ed4bb413\n\tHostApplication=C:\\HOST\\USER\\powershell.exe\n\tEngineVersion=5.1.26100.7920\n\tRunspaceId=b81e507d-b2da-4c55-b6dc-95f245e6384e\n\tPipelineId=\n\tCommandName=\n\tCommandType=\n\tScriptName=\n\tCommandPath=\n\tCommandLine=",
    "event_code": "400",
    "event_action": "엔진 수명 주기",
    "event_kind": "event",
    "provider": "PowerShell",
    "channel": "Windows PowerShell",
    "event_id": "400",
    "record_id": 90,
    "computer_name": "HOST-REDACTED",
    "provider_name": "PowerShell",
    "log_level": "information",
    "host_name": "HOST-REDACTED",
    "host_hostname": "HOST-REDACTED",
    "host_os": "Windows 11 Pro",
    "agent_type": "winlogbeat",
    "agent_version": "9.3.2",
    "process_pid": 8636,
    "raw_event_data": {
      "param2": "None",
      "param1": "Available",
      "param3": "\tNewEngineState=Available\n\tPreviousEngineState=None\n\n\tSequenceNumber=13\n\n\tHostName=ConsoleHost\n\tHostVersion=5.1.26100.7920\n\tHostId=fb57fa3c-2cc5-431f-932f-0977ed4bb413\n\tHostApplication=C:\\HOST\\USER\\powershell.exe\n\tEngineVersion=5.1.26100.7920\n\tRunspaceId=b81e507d-b2da-4c55-b6dc-95f245e6384e\n\tPipelineId=\n\tCommandName=\n\tCommandType=\n\tScriptName=\n\tCommandPath=\n\tCommandLine="
    },
    "raw": {
      "@timestamp": "2026-03-29T08:42:17.472Z",
      "log": {
        "level": "information"
      },
      "message": "엔진 상태가 None에서 Available(으)로 변경되었습니다. \n\n세부 정보: \n\tNewEngineState=Available\n\tPreviousEngineState=None\n\n\tSequenceNumber=13\n\n\tHostName=ConsoleHost\n\tHostVersion=5.1.26100.7920\n\tHostId=fb57fa3c-2cc5-431f-932f-0977ed4bb413\n\tHostApplication=C:\\HOST\\USER\\powershell.exe\n\tEngineVersion=5.1.26100.7920\n\tRunspaceId=b81e507d-b2da-4c55-b6dc-95f245e6384e\n\tPipelineId=\n\tCommandName=\n\tCommandType=\n\tScriptName=\n\tCommandPath=\n\tCommandLine=",
      "ecs": {
        "version": "8.0.0"
      },
      "host": {
        "architecture": "x86_64",
        "name": "HOST-REDACTED",
        "id": "4c1ea299-cc74-49b5-ac0a-1138d9d08387",
        "os": {
          "type": "windows",
          "version": "10.0",
          "name": "Windows 11 Pro",
          "kernel": "10.0.26100.8036 (WinBuild.160101.0800)",
          "family": "windows",
          "build": "26200.8037",
          "platform": "windows"
        },
        "ip": [
          "fe80::1eac:376c:1bd5:f979",
          "IP-REDACTED"
        ],
        "mac": [
          "MAC-REDACTED"
        ],
        "hostname": "HOST-REDACTED"
      },
      "@version": "1",
      "winlog": {
        "event_data": {
          "param2": "None",
          "param1": "Available",
          "param3": "\tNewEngineState=Available\n\tPreviousEngineState=None\n\n\tSequenceNumber=13\n\n\tHostName=ConsoleHost\n\tHostVersion=5.1.26100.7920\n\tHostId=fb57fa3c-2cc5-431f-932f-0977ed4bb413\n\tHostApplication=C:\\HOST\\USER\\powershell.exe\n\tEngineVersion=5.1.26100.7920\n\tRunspaceId=b81e507d-b2da-4c55-b6dc-95f245e6384e\n\tPipelineId=\n\tCommandName=\n\tCommandType=\n\tScriptName=\n\tCommandPath=\n\tCommandLine="
        },
        "opcode": "Info",
        "computer_name": "HOST-REDACTED",
        "keywords": [
          "Classic"
        ],
        "process": {
          "pid": 8636
        },
        "event_id": "400",
        "record_id": 90,
        "channel": "Windows PowerShell",
        "provider_name": "PowerShell",
        "task": "엔진 수명 주기"
      },
      "tags": [
        "beats_input_codec_plain_applied"
      ],
      "agent": {
        "type": "winlogbeat",
        "name": "HOST-REDACTED",
        "version": "9.3.2",
        "ephemeral_id": "b8267783-8d43-4086-8074-c2f96b9f9dae",
        "id": "e914dd33-e7be-4a91-b774-394d715855f5"
      },
      "event": {
        "kind": "event",
        "created": "2026-03-29T09:11:41.466Z",
        "code": "400",
        "action": "엔진 수명 주기",
        "original": "엔진 상태가 None에서 Available(으)로 변경되었습니다. \n\n세부 정보: \n\tNewEngineState=Available\n\tPreviousEngineState=None\n\n\tSequenceNumber=13\n\n\tHostName=ConsoleHost\n\tHostVersion=5.1.26100.7920\n\tHostId=fb57fa3c-2cc5-431f-932f-0977ed4bb413\n\tHostApplication=C:\\HOST\\USER\\powershell.exe\n\tEngineVersion=5.1.26100.7920\n\tRunspaceId=b81e507d-b2da-4c55-b6dc-95f245e6384e\n\tPipelineId=\n\tCommandName=\n\tCommandType=\n\tScriptName=\n\tCommandPath=\n\tCommandLine=",
        "provider": "PowerShell"
      }
    },
    "parsed_type": "powershell",
    "ps_param1": "Available",
    "ps_param2": "None",
    "ps_detail": "\tNewEngineState=Available\n\tPreviousEngineState=None\n\n\tSequenceNumber=13\n\n\tHostName=ConsoleHost\n\tHostVersion=5.1.26100.7920\n\tHostId=fb57fa3c-2cc5-431f-932f-0977ed4bb413\n\tHostApplication=C:\\HOST\\USER\\powershell.exe\n\tEngineVersion=5.1.26100.7920\n\tRunspaceId=b81e507d-b2da-4c55-b6dc-95f245e6384e\n\tPipelineId=\n\tCommandName=\n\tCommandType=\n\tScriptName=\n\tCommandPath=\n\tCommandLine=",
    "script_block_text": null,
    "script_block_id": null,
    "path": null
  },
  {
    "timestamp": "2026-03-29T08:42:30.972Z",
    "message": "Scriptblock 텍스트를 만드는 중(1/1):\n\n#requires -version 3.0\n\ntry { HOST\\USER -Off } catch { }\n\n$script:MyModule = $MyInvocation.MyCommand.ScriptBlock.Module\n\n$script:ClassName = 'root/StandardCimv2/MSFT_NetCompartment'\n$script:ClassVersion = '1.0.0'\n$script:ModuleVersion = '1.0'\n$script:ObjectModelWrapper = [Microsoft.PowerShell.Cmdletization.Cim.CimCmdletAdapter]\n\n$script:PrivateData = [System.Collections.Generic.Dictionary[string,string]]::new()\n\nHOST\\USER -Function @()\n        \n\nfunction __cmdletization_BindCommonParameters\n{\n    param(\n        $__cmdletization_objectModelWrapper,\n        $myPSBoundParameters\n    )       \n                \n\n        if ($myPSBoundParameters.ContainsKey('CimSession')) { \n            $__cmdletization_objectModelWrapper.PSObject.Properties['CimSession'].Value = $myPSBoundParameters['CimSession'] \n        }\n                    \n\n        if ($myPSBoundParameters.ContainsKey('ThrottleLimit')) { \n            $__cmdletization_objectModelWrapper.PSObject.Properties['ThrottleLimit'].Value = $myPSBoundParameters['ThrottleLimit'] \n        }\n                    \n\n        if ($myPSBoundParameters.ContainsKey('AsJob')) { \n            $__cmdletization_objectModelWrapper.PSObject.Properties['AsJob'].Value = $myPSBoundParameters['AsJob'] \n        }\n                    \n\n}\n                \n\nfunction Get-NetCompartment\n{\n    [CmdletBinding(DefaultParameterSetName='Query (cdxml)', PositionalBinding=$false)]\n    \n    [OutputType([Microsoft.Management.Infrastructure.CimInstance])]\n[OutputType('Microsoft.Management.Infrastructure.CimInstance#root/StandardCimv2/MSFT_NetCompartment')]\n\n    param(\n    \n    [Parameter(ParameterSetName='Query (cdxml)')]\n    [ValidateNotNull()]\n    [uint32[]]\n    ${CompartmentId},\n\n    [Parameter(ParameterSetName='Query (cdxml)')]\n    [Alias('Session')]\n    [ValidateNotNullOrEmpty()]\n    [CimSession[]]\n    ${CimSession},\n\n    [Parameter(ParameterSetName='Query (cdxml)')]\n    [int]\n    ${ThrottleLimit},\n\n    [Parameter(ParameterSetName='Query (cdxml)')]\n    [switch]\n    ${AsJob})\n\n    DynamicParam {\n        try \n        {\n            if (-not $__cmdletization_exceptionHasBeenThrown)\n            {\n                $__cmdletization_objectModelWrapper = $script:ObjectModelWrapper::new()\n                $__cmdletization_objectModelWrapper.Initialize($PSCmdlet, $script:ClassName, $script:ClassVersion, $script:ModuleVersion, $script:PrivateData)\n\n                if ($__cmdletization_objectModelWrapper -is [System.Management.Automation.IDynamicParameters])\n                {\n                    ([System.Management.Automation.IDynamicParameters]$__cmdletization_objectModelWrapper).GetDynamicParameters()\n                }\n            }\n        }\n        catch\n        {\n            $__cmdletization_exceptionHasBeenThrown = $true\n            throw\n        }\n    }\n\n    Begin {\n        $__cmdletization_exceptionHasBeenThrown = $false\n        try \n        {\n            __cmdletization_BindCommonParameters $__cmdletization_objectModelWrapper $PSBoundParameters\n            $__cmdletization_objectModelWrapper.BeginProcessing()\n        }\n        catch\n        {\n            $__cmdletization_exceptionHasBeenThrown = $true\n            throw\n        }\n    }\n        \n\n    Process {\n        try \n        {\n            if (-not $__cmdletization_exceptionHasBeenThrown)\n            {\n    $__cmdletization_queryBuilder = $__cmdletization_objectModelWrapper.GetQueryBuilder()\n    if ($PSBoundParameters.ContainsKey('CompartmentId') -and (@('Query (cdxml)') -contains $PSCmdlet.ParameterSetName )) {\n        $__cmdletization_values = @(${CompartmentId})\n        $__cmdletization_queryBuilder.FilterByProperty('CompartmentId', $__cmdletization_values, $false, 'Default')\n    }\n\n\n    $__cmdletization_objectModelWrapper.ProcessRecord($__cmdletization_queryBuilder)\n            }\n        }\n        catch\n        {\n            $__cmdletization_exceptionHasBeenThrown = $true\n            throw\n        }\n    }\n        \n\n    End {\n        try\n        {\n            if (-not $__cmdletization_exceptionHasBeenThrown)\n            {\n                $__cmdletization_objectModelWrapper.EndProcessing()\n            }\n        }\n        catch\n        {\n            throw\n        }\n    }\n\n    # .EXTERNALHELP MSFT_NetCompartment.cdxml-Help.xml\n}\nHOST\\USER -Function 'Get-NetCompartment' -Alias '*'\n        \n\n\nScriptBlock ID: 5fd4afc6-96b7-4f40-84cb-e2b11a68840a\n경로: ",
    "event_code": "4104",
    "event_action": "원격 명령 실행",
    "event_kind": "event",
    "provider": "Microsoft-Windows-PowerShell",
    "channel": "Microsoft-Windows-PowerShell/Operational",
    "event_id": "4104",
    "record_id": 39,
    "computer_name": "HOST-REDACTED",
    "provider_name": "Microsoft-Windows-PowerShell",
    "log_level": "warning",
    "host_name": "HOST-REDACTED",
    "host_hostname": "HOST-REDACTED",
    "host_os": "Windows 11 Pro",
    "agent_type": "winlogbeat",
    "agent_version": "9.3.2",
    "process_pid": 8636,
    "raw_event_data": {
      "MessageTotal": "1",
      "ScriptBlockText": "\n#requires -version 3.0\n\ntry { HOST\\USER -Off } catch { }\n\n$script:MyModule = $MyInvocation.MyCommand.ScriptBlock.Module\n\n$script:ClassName = 'root/StandardCimv2/MSFT_NetCompartment'\n$script:ClassVersion = '1.0.0'\n$script:ModuleVersion = '1.0'\n$script:ObjectModelWrapper = [Microsoft.PowerShell.Cmdletization.Cim.CimCmdletAdapter]\n\n$script:PrivateData = [System.Collections.Generic.Dictionary[string,string]]::new()\n\nHOST\\USER -Function @()\n        \n\nfunction __cmdletization_BindCommonParameters\n{\n    param(\n        $__cmdletization_objectModelWrapper,\n        $myPSBoundParameters\n    )       \n                \n\n        if ($myPSBoundParameters.ContainsKey('CimSession')) { \n            $__cmdletization_objectModelWrapper.PSObject.Properties['CimSession'].Value = $myPSBoundParameters['CimSession'] \n        }\n                    \n\n        if ($myPSBoundParameters.ContainsKey('ThrottleLimit')) { \n            $__cmdletization_objectModelWrapper.PSObject.Properties['ThrottleLimit'].Value = $myPSBoundParameters['ThrottleLimit'] \n        }\n                    \n\n        if ($myPSBoundParameters.ContainsKey('AsJob')) { \n            $__cmdletization_objectModelWrapper.PSObject.Properties['AsJob'].Value = $myPSBoundParameters['AsJob'] \n        }\n                    \n\n}\n                \n\nfunction Get-NetCompartment\n{\n    [CmdletBinding(DefaultParameterSetName='Query (cdxml)', PositionalBinding=$false)]\n    \n    [OutputType([Microsoft.Management.Infrastructure.CimInstance])]\n[OutputType('Microsoft.Management.Infrastructure.CimInstance#root/StandardCimv2/MSFT_NetCompartment')]\n\n    param(\n    \n    [Parameter(ParameterSetName='Query (cdxml)')]\n    [ValidateNotNull()]\n    [uint32[]]\n    ${CompartmentId},\n\n    [Parameter(ParameterSetName='Query (cdxml)')]\n    [Alias('Session')]\n    [ValidateNotNullOrEmpty()]\n    [CimSession[]]\n    ${CimSession},\n\n    [Parameter(ParameterSetName='Query (cdxml)')]\n    [int]\n    ${ThrottleLimit},\n\n    [Parameter(ParameterSetName='Query (cdxml)')]\n    [switch]\n    ${AsJob})\n\n    DynamicParam {\n        try \n        {\n            if (-not $__cmdletization_exceptionHasBeenThrown)\n            {\n                $__cmdletization_objectModelWrapper = $script:ObjectModelWrapper::new()\n                $__cmdletization_objectModelWrapper.Initialize($PSCmdlet, $script:ClassName, $script:ClassVersion, $script:ModuleVersion, $script:PrivateData)\n\n                if ($__cmdletization_objectModelWrapper -is [System.Management.Automation.IDynamicParameters])\n                {\n                    ([System.Management.Automation.IDynamicParameters]$__cmdletization_objectModelWrapper).GetDynamicParameters()\n                }\n            }\n        }\n        catch\n        {\n            $__cmdletization_exceptionHasBeenThrown = $true\n            throw\n        }\n    }\n\n    Begin {\n        $__cmdletization_exceptionHasBeenThrown = $false\n        try \n        {\n            __cmdletization_BindCommonParameters $__cmdletization_objectModelWrapper $PSBoundParameters\n            $__cmdletization_objectModelWrapper.BeginProcessing()\n        }\n        catch\n        {\n            $__cmdletization_exceptionHasBeenThrown = $true\n            throw\n        }\n    }\n        \n\n    Process {\n        try \n        {\n            if (-not $__cmdletization_exceptionHasBeenThrown)\n            {\n    $__cmdletization_queryBuilder = $__cmdletization_objectModelWrapper.GetQueryBuilder()\n    if ($PSBoundParameters.ContainsKey('CompartmentId') -and (@('Query (cdxml)') -contains $PSCmdlet.ParameterSetName )) {\n        $__cmdletization_values = @(${CompartmentId})\n        $__cmdletization_queryBuilder.FilterByProperty('CompartmentId', $__cmdletization_values, $false, 'Default')\n    }\n\n\n    $__cmdletization_objectModelWrapper.ProcessRecord($__cmdletization_queryBuilder)\n            }\n        }\n        catch\n        {\n            $__cmdletization_exceptionHasBeenThrown = $true\n            throw\n        }\n    }\n        \n\n    End {\n        try\n        {\n            if (-not $__cmdletization_exceptionHasBeenThrown)\n            {\n                $__cmdletization_objectModelWrapper.EndProcessing()\n            }\n        }\n        catch\n        {\n            throw\n        }\n    }\n\n    # .EXTERNALHELP MSFT_NetCompartment.cdxml-Help.xml\n}\nHOST\\USER -Function 'Get-NetCompartment' -Alias '*'\n        ",
      "ScriptBlockId": "5fd4afc6-96b7-4f40-84cb-e2b11a68840a",
      "MessageNumber": "1"
    },
    "raw": {
      "@timestamp": "2026-03-29T08:42:30.972Z",
      "log": {
        "level": "warning"
      },
      "message": "Scriptblock 텍스트를 만드는 중(1/1):\n\n#requires -version 3.0\n\ntry { HOST\\USER -Off } catch { }\n\n$script:MyModule = $MyInvocation.MyCommand.ScriptBlock.Module\n\n$script:ClassName = 'root/StandardCimv2/MSFT_NetCompartment'\n$script:ClassVersion = '1.0.0'\n$script:ModuleVersion = '1.0'\n$script:ObjectModelWrapper = [Microsoft.PowerShell.Cmdletization.Cim.CimCmdletAdapter]\n\n$script:PrivateData = [System.Collections.Generic.Dictionary[string,string]]::new()\n\nHOST\\USER -Function @()\n        \n\nfunction __cmdletization_BindCommonParameters\n{\n    param(\n        $__cmdletization_objectModelWrapper,\n        $myPSBoundParameters\n    )       \n                \n\n        if ($myPSBoundParameters.ContainsKey('CimSession')) { \n            $__cmdletization_objectModelWrapper.PSObject.Properties['CimSession'].Value = $myPSBoundParameters['CimSession'] \n        }\n                    \n\n        if ($myPSBoundParameters.ContainsKey('ThrottleLimit')) { \n            $__cmdletization_objectModelWrapper.PSObject.Properties['ThrottleLimit'].Value = $myPSBoundParameters['ThrottleLimit'] \n        }\n                    \n\n        if ($myPSBoundParameters.ContainsKey('AsJob')) { \n            $__cmdletization_objectModelWrapper.PSObject.Properties['AsJob'].Value = $myPSBoundParameters['AsJob'] \n        }\n                    \n\n}\n                \n\nfunction Get-NetCompartment\n{\n    [CmdletBinding(DefaultParameterSetName='Query (cdxml)', PositionalBinding=$false)]\n    \n    [OutputType([Microsoft.Management.Infrastructure.CimInstance])]\n[OutputType('Microsoft.Management.Infrastructure.CimInstance#root/StandardCimv2/MSFT_NetCompartment')]\n\n    param(\n    \n    [Parameter(ParameterSetName='Query (cdxml)')]\n    [ValidateNotNull()]\n    [uint32[]]\n    ${CompartmentId},\n\n    [Parameter(ParameterSetName='Query (cdxml)')]\n    [Alias('Session')]\n    [ValidateNotNullOrEmpty()]\n    [CimSession[]]\n    ${CimSession},\n\n    [Parameter(ParameterSetName='Query (cdxml)')]\n    [int]\n    ${ThrottleLimit},\n\n    [Parameter(ParameterSetName='Query (cdxml)')]\n    [switch]\n    ${AsJob})\n\n    DynamicParam {\n        try \n        {\n            if (-not $__cmdletization_exceptionHasBeenThrown)\n            {\n                $__cmdletization_objectModelWrapper = $script:ObjectModelWrapper::new()\n                $__cmdletization_objectModelWrapper.Initialize($PSCmdlet, $script:ClassName, $script:ClassVersion, $script:ModuleVersion, $script:PrivateData)\n\n                if ($__cmdletization_objectModelWrapper -is [System.Management.Automation.IDynamicParameters])\n                {\n                    ([System.Management.Automation.IDynamicParameters]$__cmdletization_objectModelWrapper).GetDynamicParameters()\n                }\n            }\n        }\n        catch\n        {\n            $__cmdletization_exceptionHasBeenThrown = $true\n            throw\n        }\n    }\n\n    Begin {\n        $__cmdletization_exceptionHasBeenThrown = $false\n        try \n        {\n            __cmdletization_BindCommonParameters $__cmdletization_objectModelWrapper $PSBoundParameters\n            $__cmdletization_objectModelWrapper.BeginProcessing()\n        }\n        catch\n        {\n            $__cmdletization_exceptionHasBeenThrown = $true\n            throw\n        }\n    }\n        \n\n    Process {\n        try \n        {\n            if (-not $__cmdletization_exceptionHasBeenThrown)\n            {\n    $__cmdletization_queryBuilder = $__cmdletization_objectModelWrapper.GetQueryBuilder()\n    if ($PSBoundParameters.ContainsKey('CompartmentId') -and (@('Query (cdxml)') -contains $PSCmdlet.ParameterSetName )) {\n        $__cmdletization_values = @(${CompartmentId})\n        $__cmdletization_queryBuilder.FilterByProperty('CompartmentId', $__cmdletization_values, $false, 'Default')\n    }\n\n\n    $__cmdletization_objectModelWrapper.ProcessRecord($__cmdletization_queryBuilder)\n            }\n        }\n        catch\n        {\n            $__cmdletization_exceptionHasBeenThrown = $true\n            throw\n        }\n    }\n        \n\n    End {\n        try\n        {\n            if (-not $__cmdletization_exceptionHasBeenThrown)\n            {\n                $__cmdletization_objectModelWrapper.EndProcessing()\n            }\n        }\n        catch\n        {\n            throw\n        }\n    }\n\n    # .EXTERNALHELP MSFT_NetCompartment.cdxml-Help.xml\n}\nHOST\\USER -Function 'Get-NetCompartment' -Alias '*'\n        \n\n\nScriptBlock ID: 5fd4afc6-96b7-4f40-84cb-e2b11a68840a\n경로: ",
      "host": {
        "architecture": "x86_64",
        "name": "HOST-REDACTED",
        "ip": [
          "fe80::1eac:376c:1bd5:f979",
          "IP-REDACTED"
        ],
        "os": {
          "type": "windows",
          "version": "10.0",
          "name": "Windows 11 Pro",
          "kernel": "10.0.26100.8036 (WinBuild.160101.0800)",
          "family": "windows",
          "build": "26200.8037",
          "platform": "windows"
        },
        "id": "4c1ea299-cc74-49b5-ac0a-1138d9d08387",
        "mac": [
          "MAC-REDACTED"
        ],
        "hostname": "HOST-REDACTED"
      },
      "ecs": {
        "version": "8.0.0"
      },
      "@version": "1",
      "winlog": {
        "version": 1,
        "user": {
          "type": "User",
          "name": "USER-REDACTED",
          "domain": "HOST-REDACTED",
          "identifier": "S-1-5-XX-REDACTED"
        },
        "event_id": "4104",
