  {
    "timestamp": "2026-03-22T05:50:07.990Z",
    "message": "Process Create:\nRuleName: -\nUtcTime: 2026-03-22 05:50:07.986\nProcessGuid: {GUID-REDACTED}\nProcessId: 9360\nImage: C:\\HOST\\USER\\mscorsvw.exe\nFileVersion: 4.8.9221.0 built by: NET481REL1LAST_25H2\nDescription: .NET Runtime Optimization Service\nProduct: Microsoft® .NET Framework\nCompany: Microsoft Corporation\nOriginalFileName: mscorsvw.exe\nCommandLine: C:\\HOST\\USER\\mscorsvw.exe -StartupEvent 2e0 -InterruptEvent 0 -NGENProcess 2cc -Pipe 2ec -Comment \"NGen Worker Process\"\nCurrentDirectory: C:\\HOST\\USER\\\nUser: NT HOST\\USER\nLogonGuid: {GUID-REDACTED}\nLogonId: 0x3e7\nTerminalSessionId: 0\nIntegrityLevel: System\nHashes: SHA256=AF4A50DC7379F5653EEFABCFAE68977D2D576141F422C838D9E854AC71C8100A\nParentProcessGuid: {GUID-REDACTED}\nParentProcessId: 4400\nParentImage: C:\\HOST\\USER\\ngen.exe\nParentCommandLine: \"C:\\HOST\\USER\\ngen.exe\" ExecuteQueuedItems 2 /LegacyServiceBehavior\nParentUser: NT HOST\\USER",
    "event_code": "1",
    "event_action": "Process Create (rule: ProcessCreate)",
    "event_kind": "event",
    "provider": "Microsoft-Windows-Sysmon",
    "channel": "Microsoft-Windows-Sysmon/Operational",
    "event_id": "1",
    "record_id": 75,
    "computer_name": "HOST-REDACTED",
    "provider_name": "Microsoft-Windows-Sysmon",
    "log_level": "information",
    "host_name": "HOST-REDACTED",
    "host_hostname": "HOST-REDACTED",
    "host_os": "Windows 11 Pro",
    "agent_type": "winlogbeat",
    "agent_version": "9.3.2",
    "process_pid": 1596,
    "raw_event_data": {
      "CurrentDirectory": "C:\\HOST\\USER\\",
      "LogonGuid": "{GUID-REDACTED}",
      "Image": "C:\\HOST\\USER\\mscorsvw.exe",
      "ParentProcessGuid": "{GUID-REDACTED}",
      "UtcTime": "2026-03-22 05:50:07.986",
      "ParentCommandLine": "\"C:\\HOST\\USER\\ngen.exe\" ExecuteQueuedItems 2 /LegacyServiceBehavior",
      "RuleName": "-",
      "ParentUser": "NT HOST\\USER",
      "ParentProcessId": "4400",
      "Product": "Microsoft® .NET Framework",
      "ProcessId": "9360",
      "LogonId": "0x3e7",
      "ProcessGuid": "{GUID-REDACTED}",
      "TerminalSessionId": "0",
      "Hashes": "SHA256=AF4A50DC7379F5653EEFABCFAE68977D2D576141F422C838D9E854AC71C8100A",
      "OriginalFileName": "mscorsvw.exe",
      "IntegrityLevel": "System",
      "Company": "Microsoft Corporation",
      "User": "USER-REDACTED",
      "Description": ".NET Runtime Optimization Service",
      "CommandLine": "C:\\HOST\\USER\\mscorsvw.exe -StartupEvent 2e0 -InterruptEvent 0 -NGENProcess 2cc -Pipe 2ec -Comment \"NGen Worker Process\"",
      "ParentImage": "C:\\HOST\\USER\\ngen.exe",
      "FileVersion": "4.8.9221.0 built by: NET481REL1LAST_25H2"
    },
    "raw": {
      "@timestamp": "2026-03-22T05:50:07.990Z",
      "message": "Process Create:\nRuleName: -\nUtcTime: 2026-03-22 05:50:07.986\nProcessGuid: {GUID-REDACTED}\nProcessId: 9360\nImage: C:\\HOST\\USER\\mscorsvw.exe\nFileVersion: 4.8.9221.0 built by: NET481REL1LAST_25H2\nDescription: .NET Runtime Optimization Service\nProduct: Microsoft® .NET Framework\nCompany: Microsoft Corporation\nOriginalFileName: mscorsvw.exe\nCommandLine: C:\\HOST\\USER\\mscorsvw.exe -StartupEvent 2e0 -InterruptEvent 0 -NGENProcess 2cc -Pipe 2ec -Comment \"NGen Worker Process\"\nCurrentDirectory: C:\\HOST\\USER\\\nUser: NT HOST\\USER\nLogonGuid: {GUID-REDACTED}\nLogonId: 0x3e7\nTerminalSessionId: 0\nIntegrityLevel: System\nHashes: SHA256=AF4A50DC7379F5653EEFABCFAE68977D2D576141F422C838D9E854AC71C8100A\nParentProcessGuid: {GUID-REDACTED}\nParentProcessId: 4400\nParentImage: C:\\HOST\\USER\\ngen.exe\nParentCommandLine: \"C:\\HOST\\USER\\ngen.exe\" ExecuteQueuedItems 2 /LegacyServiceBehavior\nParentUser: NT HOST\\USER",
      "host": {
        "architecture": "x86_64",
        "id": "4c1ea299-cc74-49b5-ac0a-1138d9d08387",
        "ip": [
          "fe80::1eac:376c:1bd5:f979",
          "IP-REDACTED"
        ],
        "name": "HOST-REDACTED",
        "os": {
          "type": "windows",
          "version": "10.0",
          "name": "Windows 11 Pro",
          "kernel": "10.0.26100.8036 (WinBuild.160101.0800)",
          "family": "windows",
          "build": "26200.8037",
          "platform": "windows"
        },
        "mac": [
          "MAC-REDACTED"
        ],
        "hostname": "HOST-REDACTED"
      },
      "log": {
        "level": "information"
      },
      "ecs": {
        "version": "8.0.0"
      },
      "@version": "1",
      "winlog": {
        "version": 5,
        "user": {
          "type": "Well Known Group",
          "name": "SYSTEM",
          "domain": "NT AUTHORITY",
          "identifier": "S-1-5-XX-REDACTED"
        },
        "event_id": "1",
        "record_id": 75,
        "provider_guid": "{GUID-REDACTED}",
        "channel": "Microsoft-Windows-Sysmon/Operational",
        "task": "Process Create (rule: ProcessCreate)",
        "opcode": "Info",
        "computer_name": "HOST-REDACTED",
        "process": {
          "thread": {
            "id": 1304
          },
          "pid": 1596
        },
        "provider_name": "Microsoft-Windows-Sysmon",
        "event_data": {
          "CurrentDirectory": "C:\\HOST\\USER\\",
          "LogonGuid": "{GUID-REDACTED}",
          "Image": "C:\\HOST\\USER\\mscorsvw.exe",
          "ParentProcessGuid": "{GUID-REDACTED}",
          "UtcTime": "2026-03-22 05:50:07.986",
          "ParentCommandLine": "\"C:\\HOST\\USER\\ngen.exe\" ExecuteQueuedItems 2 /LegacyServiceBehavior",
          "RuleName": "-",
          "ParentUser": "NT HOST\\USER",
          "ParentProcessId": "4400",
          "Product": "Microsoft® .NET Framework",
          "ProcessId": "9360",
          "LogonId": "0x3e7",
          "ProcessGuid": "{GUID-REDACTED}",
          "TerminalSessionId": "0",
          "Hashes": "SHA256=AF4A50DC7379F5653EEFABCFAE68977D2D576141F422C838D9E854AC71C8100A",
          "OriginalFileName": "mscorsvw.exe",
          "IntegrityLevel": "System",
          "Company": "Microsoft Corporation",
          "User": "USER-REDACTED",
          "Description": ".NET Runtime Optimization Service",
          "CommandLine": "C:\\HOST\\USER\\mscorsvw.exe -StartupEvent 2e0 -InterruptEvent 0 -NGENProcess 2cc -Pipe 2ec -Comment \"NGen Worker Process\"",
          "ParentImage": "C:\\HOST\\USER\\ngen.exe",
          "FileVersion": "4.8.9221.0 built by: NET481REL1LAST_25H2"
        }
      },
      "tags": [
        "beats_input_codec_plain_applied"
      ],
      "agent": {
        "type": "winlogbeat",
        "id": "e914dd33-e7be-4a91-b774-394d715855f5",
        "name": "HOST-REDACTED",
        "version": "9.3.2",
        "ephemeral_id": "b8267783-8d43-4086-8074-c2f96b9f9dae"
      },
      "event": {
        "kind": "event",
        "created": "2026-03-29T09:11:41.463Z",
        "action": "Process Create (rule: ProcessCreate)",
        "code": "1",
        "original": "Process Create:\nRuleName: -\nUtcTime: 2026-03-22 05:50:07.986\nProcessGuid: {GUID-REDACTED}\nProcessId: 9360\nImage: C:\\HOST\\USER\\mscorsvw.exe\nFileVersion: 4.8.9221.0 built by: NET481REL1LAST_25H2\nDescription: .NET Runtime Optimization Service\nProduct: Microsoft® .NET Framework\nCompany: Microsoft Corporation\nOriginalFileName: mscorsvw.exe\nCommandLine: C:\\HOST\\USER\\mscorsvw.exe -StartupEvent 2e0 -InterruptEvent 0 -NGENProcess 2cc -Pipe 2ec -Comment \"NGen Worker Process\"\nCurrentDirectory: C:\\HOST\\USER\\\nUser: NT HOST\\USER\nLogonGuid: {GUID-REDACTED}\nLogonId: 0x3e7\nTerminalSessionId: 0\nIntegrityLevel: System\nHashes: SHA256=AF4A50DC7379F5653EEFABCFAE68977D2D576141F422C838D9E854AC71C8100A\nParentProcessGuid: {GUID-REDACTED}\nParentProcessId: 4400\nParentImage: C:\\HOST\\USER\\ngen.exe\nParentCommandLine: \"C:\\HOST\\USER\\ngen.exe\" ExecuteQueuedItems 2 /LegacyServiceBehavior\nParentUser: NT HOST\\USER",
        "provider": "Microsoft-Windows-Sysmon"
      }
    },
    "parsed_type": "sysmon",
    "event_type_name": "ProcessCreate",
    "process_guid": "{GUID-REDACTED}",
    "process_id": "9360",
    "image": "C:\\HOST\\USER\\mscorsvw.exe",
    "command_line": "C:\\HOST\\USER\\mscorsvw.exe -StartupEvent 2e0 -InterruptEvent 0 -NGENProcess 2cc -Pipe 2ec -Comment \"NGen Worker Process\"",
    "current_directory": "C:\\HOST\\USER\\",
    "user": "USER-REDACTED",
    "logon_guid": "{GUID-REDACTED}",
    "logon_id": "0x3e7",
    "terminal_session_id": "0",
    "integrity_level": "System",
    "hashes": "SHA256=AF4A50DC7379F5653EEFABCFAE68977D2D576141F422C838D9E854AC71C8100A",
    "parent_process_guid": "{GUID-REDACTED}",
    "parent_process_id": "4400",
    "parent_image": "C:\\HOST\\USER\\ngen.exe",
    "parent_command_line": "\"C:\\HOST\\USER\\ngen.exe\" ExecuteQueuedItems 2 /LegacyServiceBehavior",
    "target_filename": null,
    "creation_utc_time": null,
    "destination_ip": null,
    "destination_port": null,
    "source_ip": null,
    "source_port": null,
    "protocol": null,
    "target_object": null,
    "details": null
  },
  {
    "timestamp": "2026-03-22T05:50:08.170Z",
    "message": "Process Create:\nRuleName: -\nUtcTime: 2026-03-22 05:50:08.168\nProcessGuid: {GUID-REDACTED}\nProcessId: 5864\nImage: C:\\HOST\\USER\\mscorsvw.exe\nFileVersion: 4.8.9221.0 built by: NET481REL1LAST_25H2\nDescription: .NET Runtime Optimization Service\nProduct: Microsoft® .NET Framework\nCompany: Microsoft Corporation\nOriginalFileName: mscorsvw.exe\nCommandLine: C:\\HOST\\USER\\mscorsvw.exe -StartupEvent 2e0 -InterruptEvent 0 -NGENProcess 2f8 -Pipe 2e8 -Comment \"NGen Worker Process\"\nCurrentDirectory: C:\\HOST\\USER\\\nUser: NT HOST\\USER\nLogonGuid: {GUID-REDACTED}\nLogonId: 0x3e7\nTerminalSessionId: 0\nIntegrityLevel: System\nHashes: SHA256=AF4A50DC7379F5653EEFABCFAE68977D2D576141F422C838D9E854AC71C8100A\nParentProcessGuid: {GUID-REDACTED}\nParentProcessId: 4400\nParentImage: C:\\HOST\\USER\\ngen.exe\nParentCommandLine: \"C:\\HOST\\USER\\ngen.exe\" ExecuteQueuedItems 2 /LegacyServiceBehavior\nParentUser: NT HOST\\USER",
    "event_code": "1",
    "event_action": "Process Create (rule: ProcessCreate)",
    "event_kind": "event",
    "provider": "Microsoft-Windows-Sysmon",
    "channel": "Microsoft-Windows-Sysmon/Operational",
    "event_id": "1",
    "record_id": 78,
    "computer_name": "HOST-REDACTED",
    "provider_name": "Microsoft-Windows-Sysmon",
    "log_level": "information",
    "host_name": "HOST-REDACTED",
    "host_hostname": "HOST-REDACTED",
    "host_os": "Windows 11 Pro",
    "agent_type": "winlogbeat",
    "agent_version": "9.3.2",
    "process_pid": 1596,
    "raw_event_data": {
      "CurrentDirectory": "C:\\HOST\\USER\\",
      "LogonGuid": "{GUID-REDACTED}",
      "Image": "C:\\HOST\\USER\\mscorsvw.exe",
      "UtcTime": "2026-03-22 05:50:08.168",
      "ParentProcessGuid": "{GUID-REDACTED}",
      "ParentCommandLine": "\"C:\\HOST\\USER\\ngen.exe\" ExecuteQueuedItems 2 /LegacyServiceBehavior",
      "RuleName": "-",
      "ParentUser": "NT HOST\\USER",
      "ParentProcessId": "4400",
      "Product": "Microsoft® .NET Framework",
      "ProcessId": "5864",
      "LogonId": "0x3e7",
      "ProcessGuid": "{GUID-REDACTED}",
      "TerminalSessionId": "0",
      "Hashes": "SHA256=AF4A50DC7379F5653EEFABCFAE68977D2D576141F422C838D9E854AC71C8100A",
      "OriginalFileName": "mscorsvw.exe",
      "IntegrityLevel": "System",
      "Company": "Microsoft Corporation",
      "User": "USER-REDACTED",
      "Description": ".NET Runtime Optimization Service",
      "CommandLine": "C:\\HOST\\USER\\mscorsvw.exe -StartupEvent 2e0 -InterruptEvent 0 -NGENProcess 2f8 -Pipe 2e8 -Comment \"NGen Worker Process\"",
      "ParentImage": "C:\\HOST\\USER\\ngen.exe",
      "FileVersion": "4.8.9221.0 built by: NET481REL1LAST_25H2"
    },
    "raw": {
      "@timestamp": "2026-03-22T05:50:08.170Z",
      "host": {
        "architecture": "x86_64",
        "name": "HOST-REDACTED",
        "id": "4c1ea299-cc74-49b5-ac0a-1138d9d08387",
        "os": {
          "type": "windows",
          "name": "Windows 11 Pro",
          "kernel": "10.0.26100.8036 (WinBuild.160101.0800)",
          "version": "10.0",
          "family": "windows",
          "build": "26200.8037",
          "platform": "windows"
        },
        "ip": [
          "fe80::1eac:376c:1bd5:f979",
          "IP-REDACTED"
        ],
        "mac": [
          "MAC-REDACTED"
        ],
        "hostname": "HOST-REDACTED"
      },
      "message": "Process Create:\nRuleName: -\nUtcTime: 2026-03-22 05:50:08.168\nProcessGuid: {GUID-REDACTED}\nProcessId: 5864\nImage: C:\\HOST\\USER\\mscorsvw.exe\nFileVersion: 4.8.9221.0 built by: NET481REL1LAST_25H2\nDescription: .NET Runtime Optimization Service\nProduct: Microsoft® .NET Framework\nCompany: Microsoft Corporation\nOriginalFileName: mscorsvw.exe\nCommandLine: C:\\HOST\\USER\\mscorsvw.exe -StartupEvent 2e0 -InterruptEvent 0 -NGENProcess 2f8 -Pipe 2e8 -Comment \"NGen Worker Process\"\nCurrentDirectory: C:\\HOST\\USER\\\nUser: NT HOST\\USER\nLogonGuid: {GUID-REDACTED}\nLogonId: 0x3e7\nTerminalSessionId: 0\nIntegrityLevel: System\nHashes: SHA256=AF4A50DC7379F5653EEFABCFAE68977D2D576141F422C838D9E854AC71C8100A\nParentProcessGuid: {GUID-REDACTED}\nParentProcessId: 4400\nParentImage: C:\\HOST\\USER\\ngen.exe\nParentCommandLine: \"C:\\HOST\\USER\\ngen.exe\" ExecuteQueuedItems 2 /LegacyServiceBehavior\nParentUser: NT HOST\\USER",
      "log": {
        "level": "information"
      },
      "ecs": {
        "version": "8.0.0"
      },
      "@version": "1",
      "winlog": {
        "version": 5,
        "user": {
          "type": "Well Known Group",
          "name": "SYSTEM",
          "domain": "NT AUTHORITY",
          "identifier": "S-1-5-XX-REDACTED"
        },
        "event_id": "1",
        "record_id": 78,
        "provider_guid": "{GUID-REDACTED}",
        "channel": "Microsoft-Windows-Sysmon/Operational",
        "task": "Process Create (rule: ProcessCreate)",
        "opcode": "Info",
        "process": {
          "thread": {
            "id": 1304
          },
          "pid": 1596
        },
        "computer_name": "HOST-REDACTED",
        "provider_name": "Microsoft-Windows-Sysmon",
        "event_data": {
          "CurrentDirectory": "C:\\HOST\\USER\\",
          "LogonGuid": "{GUID-REDACTED}",
          "Image": "C:\\HOST\\USER\\mscorsvw.exe",
          "UtcTime": "2026-03-22 05:50:08.168",
          "ParentProcessGuid": "{GUID-REDACTED}",
          "ParentCommandLine": "\"C:\\HOST\\USER\\ngen.exe\" ExecuteQueuedItems 2 /LegacyServiceBehavior",
          "RuleName": "-",
          "ParentUser": "NT HOST\\USER",
          "ParentProcessId": "4400",
          "Product": "Microsoft® .NET Framework",
          "ProcessId": "5864",
          "LogonId": "0x3e7",
          "ProcessGuid": "{GUID-REDACTED}",
          "TerminalSessionId": "0",
          "Hashes": "SHA256=AF4A50DC7379F5653EEFABCFAE68977D2D576141F422C838D9E854AC71C8100A",
          "OriginalFileName": "mscorsvw.exe",
          "IntegrityLevel": "System",
          "Company": "Microsoft Corporation",
          "User": "USER-REDACTED",
          "Description": ".NET Runtime Optimization Service",
          "CommandLine": "C:\\HOST\\USER\\mscorsvw.exe -StartupEvent 2e0 -InterruptEvent 0 -NGENProcess 2f8 -Pipe 2e8 -Comment \"NGen Worker Process\"",
          "ParentImage": "C:\\HOST\\USER\\ngen.exe",
          "FileVersion": "4.8.9221.0 built by: NET481REL1LAST_25H2"
        }
      },
      "tags": [
        "beats_input_codec_plain_applied"
      ],
      "agent": {
        "type": "winlogbeat",
        "version": "9.3.2",
        "id": "e914dd33-e7be-4a91-b774-394d715855f5",
        "ephemeral_id": "b8267783-8d43-4086-8074-c2f96b9f9dae",
        "name": "HOST-REDACTED"
      },
      "event": {
        "kind": "event",
        "created": "2026-03-29T09:11:41.463Z",
        "code": "1",
        "action": "Process Create (rule: ProcessCreate)",
        "original": "Process Create:\nRuleName: -\nUtcTime: 2026-03-22 05:50:08.168\nProcessGuid: {GUID-REDACTED}\nProcessId: 5864\nImage: C:\\HOST\\USER\\mscorsvw.exe\nFileVersion: 4.8.9221.0 built by: NET481REL1LAST_25H2\nDescription: .NET Runtime Optimization Service\nProduct: Microsoft® .NET Framework\nCompany: Microsoft Corporation\nOriginalFileName: mscorsvw.exe\nCommandLine: C:\\HOST\\USER\\mscorsvw.exe -StartupEvent 2e0 -InterruptEvent 0 -NGENProcess 2f8 -Pipe 2e8 -Comment \"NGen Worker Process\"\nCurrentDirectory: C:\\HOST\\USER\\\nUser: NT HOST\\USER\nLogonGuid: {GUID-REDACTED}\nLogonId: 0x3e7\nTerminalSessionId: 0\nIntegrityLevel: System\nHashes: SHA256=AF4A50DC7379F5653EEFABCFAE68977D2D576141F422C838D9E854AC71C8100A\nParentProcessGuid: {GUID-REDACTED}\nParentProcessId: 4400\nParentImage: C:\\HOST\\USER\\ngen.exe\nParentCommandLine: \"C:\\HOST\\USER\\ngen.exe\" ExecuteQueuedItems 2 /LegacyServiceBehavior\nParentUser: NT HOST\\USER",
        "provider": "Microsoft-Windows-Sysmon"
      }
    },
    "parsed_type": "sysmon",
    "event_type_name": "ProcessCreate",
    "process_guid": "{GUID-REDACTED}",
    "process_id": "5864",
    "image": "C:\\HOST\\USER\\mscorsvw.exe",
    "command_line": "C:\\HOST\\USER\\mscorsvw.exe -StartupEvent 2e0 -InterruptEvent 0 -NGENProcess 2f8 -Pipe 2e8 -Comment \"NGen Worker Process\"",
    "current_directory": "C:\\HOST\\USER\\",
    "user": "USER-REDACTED",
    "logon_guid": "{GUID-REDACTED}",
    "logon_id": "0x3e7",
    "terminal_session_id": "0",
    "integrity_level": "System",
    "hashes": "SHA256=AF4A50DC7379F5653EEFABCFAE68977D2D576141F422C838D9E854AC71C8100A",
    "parent_process_guid": "{GUID-REDACTED}",
    "parent_process_id": "4400",
    "parent_image": "C:\\HOST\\USER\\ngen.exe",
    "parent_command_line": "\"C:\\HOST\\USER\\ngen.exe\" ExecuteQueuedItems 2 /LegacyServiceBehavior",
    "target_filename": null,
    "creation_utc_time": null,
    "destination_ip": null,
    "destination_port": null,
    "source_ip": null,
    "source_port": null,
    "protocol": null,
    "target_object": null,
    "details": null
  },
  {
    "timestamp": "2026-03-22T05:50:12.582Z",
    "message": "Process Create:\nRuleName: -\nUtcTime: 2026-03-22 05:50:12.578\nProcessGuid: {GUID-REDACTED}\nProcessId: 668\nImage: C:\\HOST\\USER\\mscorsvw.exe\nFileVersion: 4.8.9221.0 built by: NET481REL1LAST_25H2\nDescription: .NET Runtime Optimization Service\nProduct: Microsoft® .NET Framework\nCompany: Microsoft Corporation\nOriginalFileName: mscorsvw.exe\nCommandLine: C:\\HOST\\USER\\mscorsvw.exe -StartupEvent 3f0 -InterruptEvent 0 -NGENProcess 3f8 -Pipe 3ec -Comment \"NGen Worker Process\"\nCurrentDirectory: C:\\HOST\\USER\\\nUser: NT HOST\\USER\nLogonGuid: {GUID-REDACTED}\nLogonId: 0x3e7\nTerminalSessionId: 0\nIntegrityLevel: System\nHashes: SHA256=AF4A50DC7379F5653EEFABCFAE68977D2D576141F422C838D9E854AC71C8100A\nParentProcessGuid: {GUID-REDACTED}\nParentProcessId: 4400\nParentImage: C:\\HOST\\USER\\ngen.exe\nParentCommandLine: \"C:\\HOST\\USER\\ngen.exe\" ExecuteQueuedItems 2 /LegacyServiceBehavior\nParentUser: NT HOST\\USER",
    "event_code": "1",
    "event_action": "Process Create (rule: ProcessCreate)",
    "event_kind": "event",
    "provider": "Microsoft-Windows-Sysmon",
    "channel": "Microsoft-Windows-Sysmon/Operational",
    "event_id": "1",
    "record_id": 81,
    "computer_name": "HOST-REDACTED",
    "provider_name": "Microsoft-Windows-Sysmon",
    "log_level": "information",
    "host_name": "HOST-REDACTED",
    "host_hostname": "HOST-REDACTED",
    "host_os": "Windows 11 Pro",
    "agent_type": "winlogbeat",
    "agent_version": "9.3.2",
    "process_pid": 1596,
    "raw_event_data": {
      "CurrentDirectory": "C:\\HOST\\USER\\",
      "LogonGuid": "{GUID-REDACTED}",
      "Image": "C:\\HOST\\USER\\mscorsvw.exe",
      "ParentProcessGuid": "{GUID-REDACTED}",
      "UtcTime": "2026-03-22 05:50:12.578",
      "ParentCommandLine": "\"C:\\HOST\\USER\\ngen.exe\" ExecuteQueuedItems 2 /LegacyServiceBehavior",
      "RuleName": "-",
      "ParentUser": "NT HOST\\USER",
      "ParentProcessId": "4400",
      "Product": "Microsoft® .NET Framework",
      "ProcessId": "668",
      "LogonId": "0x3e7",
      "ProcessGuid": "{GUID-REDACTED}",
      "TerminalSessionId": "0",
      "Hashes": "SHA256=AF4A50DC7379F5653EEFABCFAE68977D2D576141F422C838D9E854AC71C8100A",
      "OriginalFileName": "mscorsvw.exe",
      "IntegrityLevel": "System",
      "Company": "Microsoft Corporation",
      "User": "USER-REDACTED",
      "CommandLine": "C:\\HOST\\USER\\mscorsvw.exe -StartupEvent 3f0 -InterruptEvent 0 -NGENProcess 3f8 -Pipe 3ec -Comment \"NGen Worker Process\"",
      "Description": ".NET Runtime Optimization Service",
      "ParentImage": "C:\\HOST\\USER\\ngen.exe",
      "FileVersion": "4.8.9221.0 built by: NET481REL1LAST_25H2"
    },
    "raw": {
      "@timestamp": "2026-03-22T05:50:12.582Z",
      "host": {
        "hostname": "HOST-REDACTED",
        "id": "4c1ea299-cc74-49b5-ac0a-1138d9d08387",
        "ip": [
          "fe80::1eac:376c:1bd5:f979",
          "IP-REDACTED"
        ],
        "os": {
          "type": "windows",
          "version": "10.0",
          "name": "Windows 11 Pro",
          "kernel": "10.0.26100.8036 (WinBuild.160101.0800)",
          "family": "windows",
          "build": "26200.8037",
          "platform": "windows"
        },
        "name": "HOST-REDACTED",
        "mac": [
          "MAC-REDACTED"
        ],
        "architecture": "x86_64"
      },
      "message": "Process Create:\nRuleName: -\nUtcTime: 2026-03-22 05:50:12.578\nProcessGuid: {GUID-REDACTED}\nProcessId: 668\nImage: C:\\HOST\\USER\\mscorsvw.exe\nFileVersion: 4.8.9221.0 built by: NET481REL1LAST_25H2\nDescription: .NET Runtime Optimization Service\nProduct: Microsoft® .NET Framework\nCompany: Microsoft Corporation\nOriginalFileName: mscorsvw.exe\nCommandLine: C:\\HOST\\USER\\mscorsvw.exe -StartupEvent 3f0 -InterruptEvent 0 -NGENProcess 3f8 -Pipe 3ec -Comment \"NGen Worker Process\"\nCurrentDirectory: C:\\HOST\\USER\\\nUser: NT HOST\\USER\nLogonGuid: {GUID-REDACTED}\nLogonId: 0x3e7\nTerminalSessionId: 0\nIntegrityLevel: System\nHashes: SHA256=AF4A50DC7379F5653EEFABCFAE68977D2D576141F422C838D9E854AC71C8100A\nParentProcessGuid: {GUID-REDACTED}\nParentProcessId: 4400\nParentImage: C:\\HOST\\USER\\ngen.exe\nParentCommandLine: \"C:\\HOST\\USER\\ngen.exe\" ExecuteQueuedItems 2 /LegacyServiceBehavior\nParentUser: NT HOST\\USER",
      "log": {
        "level": "information"
      },
      "ecs": {
        "version": "8.0.0"
      },
      "@version": "1",
      "winlog": {
        "version": 5,
        "user": {
          "type": "Well Known Group",
          "name": "SYSTEM",
          "domain": "NT AUTHORITY",
          "identifier": "S-1-5-XX-REDACTED"
        },
        "event_id": "1",
        "record_id": 81,
        "provider_guid": "{GUID-REDACTED}",
        "channel": "Microsoft-Windows-Sysmon/Operational",
        "task": "Process Create (rule: ProcessCreate)",
        "opcode": "Info",
        "process": {
          "thread": {
            "id": 1304
          },
          "pid": 1596
        },
        "computer_name": "HOST-REDACTED",
        "provider_name": "Microsoft-Windows-Sysmon",
        "event_data": {
          "CurrentDirectory": "C:\\HOST\\USER\\",
          "LogonGuid": "{GUID-REDACTED}",
          "Image": "C:\\HOST\\USER\\mscorsvw.exe",
          "ParentProcessGuid": "{GUID-REDACTED}",
          "UtcTime": "2026-03-22 05:50:12.578",
          "ParentCommandLine": "\"C:\\HOST\\USER\\ngen.exe\" ExecuteQueuedItems 2 /LegacyServiceBehavior",
          "RuleName": "-",
          "ParentUser": "NT HOST\\USER",
          "ParentProcessId": "4400",
          "Product": "Microsoft® .NET Framework",
          "ProcessId": "668",
          "LogonId": "0x3e7",
          "ProcessGuid": "{GUID-REDACTED}",
          "TerminalSessionId": "0",
          "Hashes": "SHA256=AF4A50DC7379F5653EEFABCFAE68977D2D576141F422C838D9E854AC71C8100A",
          "OriginalFileName": "mscorsvw.exe",
          "IntegrityLevel": "System",
          "Company": "Microsoft Corporation",
          "User": "USER-REDACTED",
          "CommandLine": "C:\\HOST\\USER\\mscorsvw.exe -StartupEvent 3f0 -InterruptEvent 0 -NGENProcess 3f8 -Pipe 3ec -Comment \"NGen Worker Process\"",
          "Description": ".NET Runtime Optimization Service",
          "ParentImage": "C:\\HOST\\USER\\ngen.exe",
          "FileVersion": "4.8.9221.0 built by: NET481REL1LAST_25H2"
        }
      },
      "tags": [
        "beats_input_codec_plain_applied"
      ],
      "agent": {
        "type": "winlogbeat",
        "version": "9.3.2",
        "id": "e914dd33-e7be-4a91-b774-394d715855f5",
        "ephemeral_id": "b8267783-8d43-4086-8074-c2f96b9f9dae",
        "name": "HOST-REDACTED"
      },
      "event": {
        "kind": "event",
        "created": "2026-03-29T09:11:41.463Z",
        "action": "Process Create (rule: ProcessCreate)",
        "code": "1",
        "original": "Process Create:\nRuleName: -\nUtcTime: 2026-03-22 05:50:12.578\nProcessGuid: {GUID-REDACTED}\nProcessId: 668\nImage: C:\\HOST\\USER\\mscorsvw.exe\nFileVersion: 4.8.9221.0 built by: NET481REL1LAST_25H2\nDescription: .NET Runtime Optimization Service\nProduct: Microsoft® .NET Framework\nCompany: Microsoft Corporation\nOriginalFileName: mscorsvw.exe\nCommandLine: C:\\HOST\\USER\\mscorsvw.exe -StartupEvent 3f0 -InterruptEvent 0 -NGENProcess 3f8 -Pipe 3ec -Comment \"NGen Worker Process\"\nCurrentDirectory: C:\\HOST\\USER\\\nUser: NT HOST\\USER\nLogonGuid: {GUID-REDACTED}\nLogonId: 0x3e7\nTerminalSessionId: 0\nIntegrityLevel: System\nHashes: SHA256=AF4A50DC7379F5653EEFABCFAE68977D2D576141F422C838D9E854AC71C8100A\nParentProcessGuid: {GUID-REDACTED}\nParentProcessId: 4400\nParentImage: C:\\HOST\\USER\\ngen.exe\nParentCommandLine: \"C:\\HOST\\USER\\ngen.exe\" ExecuteQueuedItems 2 /LegacyServiceBehavior\nParentUser: NT HOST\\USER",
        "provider": "Microsoft-Windows-Sysmon"
      }
    },
    "parsed_type": "sysmon",
    "event_type_name": "ProcessCreate",
    "process_guid": "{GUID-REDACTED}",
    "process_id": "668",
    "image": "C:\\HOST\\USER\\mscorsvw.exe",
    "command_line": "C:\\HOST\\USER\\mscorsvw.exe -StartupEvent 3f0 -InterruptEvent 0 -NGENProcess 3f8 -Pipe 3ec -Comment \"NGen Worker Process\"",
    "current_directory": "C:\\HOST\\USER\\",
    "user": "USER-REDACTED",
    "logon_guid": "{GUID-REDACTED}",
    "logon_id": "0x3e7",
    "terminal_session_id": "0",
    "integrity_level": "System",
    "hashes": "SHA256=AF4A50DC7379F5653EEFABCFAE68977D2D576141F422C838D9E854AC71C8100A",
    "parent_process_guid": "{GUID-REDACTED}",
    "parent_process_id": "4400",
    "parent_image": "C:\\HOST\\USER\\ngen.exe",
    "parent_command_line": "\"C:\\HOST\\USER\\ngen.exe\" ExecuteQueuedItems 2 /LegacyServiceBehavior",
    "target_filename": null,
    "creation_utc_time": null,
    "destination_ip": null,
    "destination_port": null,
    "source_ip": null,
    "source_port": null,
    "protocol": null,
    "target_object": null,
    "details": null
  },
  {
    "timestamp": "2026-03-22T05:50:12.820Z",
    "message": "Process Create:\nRuleName: -\nUtcTime: 2026-03-22 05:50:12.815\nProcessGuid: {GUID-REDACTED}\nProcessId: 3168\nImage: C:\\HOST\\USER\\mscorsvw.exe\nFileVersion: 4.8.9221.0 built by: NET481REL1LAST_25H2\nDescription: .NET Runtime Optimization Service\nProduct: Microsoft® .NET Framework\nCompany: Microsoft Corporation\nOriginalFileName: mscorsvw.exe\nCommandLine: C:\\HOST\\USER\\mscorsvw.exe -StartupEvent 318 -InterruptEvent 0 -NGENProcess 3f8 -Pipe 2f0 -Comment \"NGen Worker Process\"\nCurrentDirectory: C:\\HOST\\USER\\\nUser: NT HOST\\USER\nLogonGuid: {GUID-REDACTED}\nLogonId: 0x3e7\nTerminalSessionId: 0\nIntegrityLevel: System\nHashes: SHA256=AF4A50DC7379F5653EEFABCFAE68977D2D576141F422C838D9E854AC71C8100A\nParentProcessGuid: {GUID-REDACTED}\nParentProcessId: 4400\nParentImage: C:\\HOST\\USER\\ngen.exe\nParentCommandLine: \"C:\\HOST\\USER\\ngen.exe\" ExecuteQueuedItems 2 /LegacyServiceBehavior\nParentUser: NT HOST\\USER",
    "event_code": "1",
    "event_action": "Process Create (rule: ProcessCreate)",
    "event_kind": "event",
    "provider": "Microsoft-Windows-Sysmon",
    "channel": "Microsoft-Windows-Sysmon/Operational",
    "event_id": "1",
    "record_id": 82,
    "computer_name": "HOST-REDACTED",
    "provider_name": "Microsoft-Windows-Sysmon",
    "log_level": "information",
    "host_name": "HOST-REDACTED",
    "host_hostname": "HOST-REDACTED",
    "host_os": "Windows 11 Pro",
    "agent_type": "winlogbeat",
    "agent_version": "9.3.2",
    "process_pid": 1596,
    "raw_event_data": {
      "CurrentDirectory": "C:\\HOST\\USER\\",
      "LogonGuid": "{GUID-REDACTED}",
      "Image": "C:\\HOST\\USER\\mscorsvw.exe",
      "UtcTime": "2026-03-22 05:50:12.815",
      "ParentProcessGuid": "{GUID-REDACTED}",
      "ParentCommandLine": "\"C:\\HOST\\USER\\ngen.exe\" ExecuteQueuedItems 2 /LegacyServiceBehavior",
      "RuleName": "-",
      "ParentUser": "NT HOST\\USER",
      "ParentProcessId": "4400",
      "Product": "Microsoft® .NET Framework",
      "ProcessId": "3168",
      "LogonId": "0x3e7",
      "ProcessGuid": "{GUID-REDACTED}",
      "TerminalSessionId": "0",
      "Hashes": "SHA256=AF4A50DC7379F5653EEFABCFAE68977D2D576141F422C838D9E854AC71C8100A",
      "OriginalFileName": "mscorsvw.exe",
      "IntegrityLevel": "System",
      "Company": "Microsoft Corporation",
      "User": "USER-REDACTED",
      "Description": ".NET Runtime Optimization Service",
      "CommandLine": "C:\\HOST\\USER\\mscorsvw.exe -StartupEvent 318 -InterruptEvent 0 -NGENProcess 3f8 -Pipe 2f0 -Comment \"NGen Worker Process\"",
      "ParentImage": "C:\\HOST\\USER\\ngen.exe",
      "FileVersion": "4.8.9221.0 built by: NET481REL1LAST_25H2"
    },
    "raw": {
      "@timestamp": "2026-03-22T05:50:12.820Z",
      "host": {
        "architecture": "x86_64",
        "name": "HOST-REDACTED",
        "id": "4c1ea299-cc74-49b5-ac0a-1138d9d08387",
        "os": {
          "type": "windows",
          "name": "Windows 11 Pro",
          "kernel": "10.0.26100.8036 (WinBuild.160101.0800)",
          "version": "10.0",
          "family": "windows",
          "build": "26200.8037",
          "platform": "windows"
        },
        "ip": [
          "fe80::1eac:376c:1bd5:f979",
          "IP-REDACTED"
        ],
        "mac": [
          "MAC-REDACTED"
        ],
        "hostname": "HOST-REDACTED"
      },
      "message": "Process Create:\nRuleName: -\nUtcTime: 2026-03-22 05:50:12.815\nProcessGuid: {GUID-REDACTED}\nProcessId: 3168\nImage: C:\\HOST\\USER\\mscorsvw.exe\nFileVersion: 4.8.9221.0 built by: NET481REL1LAST_25H2\nDescription: .NET Runtime Optimization Service\nProduct: Microsoft® .NET Framework\nCompany: Microsoft Corporation\nOriginalFileName: mscorsvw.exe\nCommandLine: C:\\HOST\\USER\\mscorsvw.exe -StartupEvent 318 -InterruptEvent 0 -NGENProcess 3f8 -Pipe 2f0 -Comment \"NGen Worker Process\"\nCurrentDirectory: C:\\HOST\\USER\\\nUser: NT HOST\\USER\nLogonGuid: {GUID-REDACTED}\nLogonId: 0x3e7\nTerminalSessionId: 0\nIntegrityLevel: System\nHashes: SHA256=AF4A50DC7379F5653EEFABCFAE68977D2D576141F422C838D9E854AC71C8100A\nParentProcessGuid: {GUID-REDACTED}\nParentProcessId: 4400\nParentImage: C:\\HOST\\USER\\ngen.exe\nParentCommandLine: \"C:\\HOST\\USER\\ngen.exe\" ExecuteQueuedItems 2 /LegacyServiceBehavior\nParentUser: NT HOST\\USER",
      "ecs": {
        "version": "8.0.0"
      },
      "log": {
        "level": "information"
      },
      "@version": "1",
      "winlog": {
        "version": 5,
        "user": {
          "type": "Well Known Group",
          "name": "SYSTEM",
          "domain": "NT AUTHORITY",
          "identifier": "S-1-5-XX-REDACTED"
        },
        "event_id": "1",
        "record_id": 82,
        "provider_guid": "{GUID-REDACTED}",
        "channel": "Microsoft-Windows-Sysmon/Operational",
        "task": "Process Create (rule: ProcessCreate)",
        "opcode": "Info",
        "computer_name": "HOST-REDACTED",
        "process": {
          "thread": {
            "id": 1304
          },
          "pid": 1596
        },
        "provider_name": "Microsoft-Windows-Sysmon",
        "event_data": {
          "CurrentDirectory": "C:\\HOST\\USER\\",
          "LogonGuid": "{GUID-REDACTED}",
          "Image": "C:\\HOST\\USER\\mscorsvw.exe",
          "UtcTime": "2026-03-22 05:50:12.815",
          "ParentProcessGuid": "{GUID-REDACTED}",
          "ParentCommandLine": "\"C:\\HOST\\USER\\ngen.exe\" ExecuteQueuedItems 2 /LegacyServiceBehavior",
          "RuleName": "-",
          "ParentUser": "NT HOST\\USER",
          "ParentProcessId": "4400",
          "Product": "Microsoft® .NET Framework",
          "ProcessId": "3168",
          "LogonId": "0x3e7",
          "ProcessGuid": "{GUID-REDACTED}",
          "TerminalSessionId": "0",
          "Hashes": "SHA256=AF4A50DC7379F5653EEFABCFAE68977D2D576141F422C838D9E854AC71C8100A",
          "OriginalFileName": "mscorsvw.exe",
          "IntegrityLevel": "System",
          "Company": "Microsoft Corporation",
          "User": "USER-REDACTED",
          "Description": ".NET Runtime Optimization Service",
          "CommandLine": "C:\\HOST\\USER\\mscorsvw.exe -StartupEvent 318 -InterruptEvent 0 -NGENProcess 3f8 -Pipe 2f0 -Comment \"NGen Worker Process\"",
          "ParentImage": "C:\\HOST\\USER\\ngen.exe",
          "FileVersion": "4.8.9221.0 built by: NET481REL1LAST_25H2"
        }
      },
      "tags": [
        "beats_input_codec_plain_applied"
      ],
      "agent": {
        "type": "winlogbeat",
        "name": "HOST-REDACTED",
        "version": "9.3.2",
        "ephemeral_id": "b8267783-8d43-4086-8074-c2f96b9f9dae",
        "id": "e914dd33-e7be-4a91-b774-394d715855f5"
      },
      "event": {
        "kind": "event",
        "created": "2026-03-29T09:11:41.463Z",
        "action": "Process Create (rule: ProcessCreate)",
        "code": "1",
        "original": "Process Create:\nRuleName: -\nUtcTime: 2026-03-22 05:50:12.815\nProcessGuid: {GUID-REDACTED}\nProcessId: 3168\nImage: C:\\HOST\\USER\\mscorsvw.exe\nFileVersion: 4.8.9221.0 built by: NET481REL1LAST_25H2\nDescription: .NET Runtime Optimization Service\nProduct: Microsoft® .NET Framework\nCompany: Microsoft Corporation\nOriginalFileName: mscorsvw.exe\nCommandLine: C:\\HOST\\USER\\mscorsvw.exe -StartupEvent 318 -InterruptEvent 0 -NGENProcess 3f8 -Pipe 2f0 -Comment \"NGen Worker Process\"\nCurrentDirectory: C:\\HOST\\USER\\\nUser: NT HOST\\USER\nLogonGuid: {GUID-REDACTED}\nLogonId: 0x3e7\nTerminalSessionId: 0\nIntegrityLevel: System\nHashes: SHA256=AF4A50DC7379F5653EEFABCFAE68977D2D576141F422C838D9E854AC71C8100A\nParentProcessGuid: {GUID-REDACTED}\nParentProcessId: 4400\nParentImage: C:\\HOST\\USER\\ngen.exe\nParentCommandLine: \"C:\\HOST\\USER\\ngen.exe\" ExecuteQueuedItems 2 /LegacyServiceBehavior\nParentUser: NT HOST\\USER",
        "provider": "Microsoft-Windows-Sysmon"
      }
    },
    "parsed_type": "sysmon",
    "event_type_name": "ProcessCreate",
    "process_guid": "{GUID-REDACTED}",
    "process_id": "3168",
    "image": "C:\\HOST\\USER\\mscorsvw.exe",
    "command_line": "C:\\HOST\\USER\\mscorsvw.exe -StartupEvent 318 -InterruptEvent 0 -NGENProcess 3f8 -Pipe 2f0 -Comment \"NGen Worker Process\"",
    "current_directory": "C:\\HOST\\USER\\",
    "user": "USER-REDACTED",
    "logon_guid": "{GUID-REDACTED}",
    "logon_id": "0x3e7",
    "terminal_session_id": "0",
    "integrity_level": "System",
    "hashes": "SHA256=AF4A50DC7379F5653EEFABCFAE68977D2D576141F422C838D9E854AC71C8100A",
    "parent_process_guid": "{GUID-REDACTED}",
    "parent_process_id": "4400",
    "parent_image": "C:\\HOST\\USER\\ngen.exe",
    "parent_command_line": "\"C:\\HOST\\USER\\ngen.exe\" ExecuteQueuedItems 2 /LegacyServiceBehavior",
    "target_filename": null,
    "creation_utc_time": null,
    "destination_ip": null,
    "destination_port": null,
    "source_ip": null,
    "source_port": null,
    "protocol": null,
    "target_object": null,
    "details": null
  },
  {
    "timestamp": "2026-03-22T05:50:12.909Z",
    "message": "Process Create:\nRuleName: -\nUtcTime: 2026-03-22 05:50:12.907\nProcessGuid: {GUID-REDACTED}\nProcessId: 9872\nImage: C:\\HOST\\USER\\mscorsvw.exe\nFileVersion: 4.8.9221.0 built by: NET481REL1LAST_25H2\nDescription: .NET Runtime Optimization Service\nProduct: Microsoft® .NET Framework\nCompany: Microsoft Corporation\nOriginalFileName: mscorsvw.exe\nCommandLine: C:\\HOST\\USER\\mscorsvw.exe -StartupEvent 3fc -InterruptEvent 0 -NGENProcess 3cc -Pipe 3f4 -Comment \"NGen Worker Process\"\nCurrentDirectory: C:\\HOST\\USER\\\nUser: NT HOST\\USER\nLogonGuid: {GUID-REDACTED}\nLogonId: 0x3e7\nTerminalSessionId: 0\nIntegrityLevel: System\nHashes: SHA256=AF4A50DC7379F5653EEFABCFAE68977D2D576141F422C838D9E854AC71C8100A\nParentProcessGuid: {GUID-REDACTED}\nParentProcessId: 4400\nParentImage: C:\\HOST\\USER\\ngen.exe\nParentCommandLine: \"C:\\HOST\\USER\\ngen.exe\" ExecuteQueuedItems 2 /LegacyServiceBehavior\nParentUser: NT HOST\\USER",
    "event_code": "1",
    "event_action": "Process Create (rule: ProcessCreate)",
    "event_kind": "event",
    "provider": "Microsoft-Windows-Sysmon",
    "channel": "Microsoft-Windows-Sysmon/Operational",
    "event_id": "1",
    "record_id": 84,
    "computer_name": "HOST-REDACTED",
    "provider_name": "Microsoft-Windows-Sysmon",
    "log_level": "information",
    "host_name": "HOST-REDACTED",
    "host_hostname": "HOST-REDACTED",
    "host_os": "Windows 11 Pro",
    "agent_type": "winlogbeat",
    "agent_version": "9.3.2",
    "process_pid": 1596,
    "raw_event_data": {
      "CurrentDirectory": "C:\\HOST\\USER\\",
      "LogonGuid": "{GUID-REDACTED}",
      "Image": "C:\\HOST\\USER\\mscorsvw.exe",
      "ParentProcessGuid": "{GUID-REDACTED}",
      "UtcTime": "2026-03-22 05:50:12.907",
      "ParentCommandLine": "\"C:\\HOST\\USER\\ngen.exe\" ExecuteQueuedItems 2 /LegacyServiceBehavior",
      "RuleName": "-",
      "ParentUser": "NT HOST\\USER",
      "ParentProcessId": "4400",
      "Product": "Microsoft® .NET Framework",
      "ProcessId": "9872",
      "LogonId": "0x3e7",
      "ProcessGuid": "{GUID-REDACTED}",
      "TerminalSessionId": "0",
      "Hashes": "SHA256=AF4A50DC7379F5653EEFABCFAE68977D2D576141F422C838D9E854AC71C8100A",
      "OriginalFileName": "mscorsvw.exe",
      "IntegrityLevel": "System",
      "Company": "Microsoft Corporation",
      "User": "USER-REDACTED",
      "Description": ".NET Runtime Optimization Service",
      "CommandLine": "C:\\HOST\\USER\\mscorsvw.exe -StartupEvent 3fc -InterruptEvent 0 -NGENProcess 3cc -Pipe 3f4 -Comment \"NGen Worker Process\"",
      "ParentImage": "C:\\HOST\\USER\\ngen.exe",
      "FileVersion": "4.8.9221.0 built by: NET481REL1LAST_25H2"
    },
    "raw": {
      "@timestamp": "2026-03-22T05:50:12.909Z",
      "host": {
        "hostname": "HOST-REDACTED",
        "name": "HOST-REDACTED",
        "id": "4c1ea299-cc74-49b5-ac0a-1138d9d08387",
        "os": {
          "type": "windows",
          "name": "Windows 11 Pro",
          "kernel": "10.0.26100.8036 (WinBuild.160101.0800)",
          "version": "10.0",
          "family": "windows",
          "build": "26200.8037",
          "platform": "windows"
        },
        "ip": [
          "fe80::1eac:376c:1bd5:f979",
          "IP-REDACTED"
        ],
        "mac": [
          "MAC-REDACTED"
        ],
        "architecture": "x86_64"
      },
      "message": "Process Create:\nRuleName: -\nUtcTime: 2026-03-22 05:50:12.907\nProcessGuid: {GUID-REDACTED}\nProcessId: 9872\nImage: C:\\HOST\\USER\\mscorsvw.exe\nFileVersion: 4.8.9221.0 built by: NET481REL1LAST_25H2\nDescription: .NET Runtime Optimization Service\nProduct: Microsoft® .NET Framework\nCompany: Microsoft Corporation\nOriginalFileName: mscorsvw.exe\nCommandLine: C:\\HOST\\USER\\mscorsvw.exe -StartupEvent 3fc -InterruptEvent 0 -NGENProcess 3cc -Pipe 3f4 -Comment \"NGen Worker Process\"\nCurrentDirectory: C:\\HOST\\USER\\\nUser: NT HOST\\USER\nLogonGuid: {GUID-REDACTED}\nLogonId: 0x3e7\nTerminalSessionId: 0\nIntegrityLevel: System\nHashes: SHA256=AF4A50DC7379F5653EEFABCFAE68977D2D576141F422C838D9E854AC71C8100A\nParentProcessGuid: {GUID-REDACTED}\nParentProcessId: 4400\nParentImage: C:\\HOST\\USER\\ngen.exe\nParentCommandLine: \"C:\\HOST\\USER\\ngen.exe\" ExecuteQueuedItems 2 /LegacyServiceBehavior\nParentUser: NT HOST\\USER",
      "log": {
        "level": "information"
      },
      "ecs": {
        "version": "8.0.0"
      },
      "@version": "1",
      "winlog": {
        "version": 5,
        "user": {
          "type": "Well Known Group",
          "name": "SYSTEM",
          "domain": "NT AUTHORITY",
          "identifier": "S-1-5-XX-REDACTED"
        },
        "event_id": "1",
        "record_id": 84,
        "provider_guid": "{GUID-REDACTED}",
        "channel": "Microsoft-Windows-Sysmon/Operational",
        "task": "Process Create (rule: ProcessCreate)",
        "opcode": "Info",
        "computer_name": "HOST-REDACTED",
        "process": {
          "thread": {
            "id": 1304
          },
          "pid": 1596
        },
        "provider_name": "Microsoft-Windows-Sysmon",
        "event_data": {
          "CurrentDirectory": "C:\\HOST\\USER\\",
          "LogonGuid": "{GUID-REDACTED}",
          "Image": "C:\\HOST\\USER\\mscorsvw.exe",
          "ParentProcessGuid": "{GUID-REDACTED}",
          "UtcTime": "2026-03-22 05:50:12.907",
          "ParentCommandLine": "\"C:\\HOST\\USER\\ngen.exe\" ExecuteQueuedItems 2 /LegacyServiceBehavior",
          "RuleName": "-",
          "ParentUser": "NT HOST\\USER",
          "ParentProcessId": "4400",
          "Product": "Microsoft® .NET Framework",
          "ProcessId": "9872",
          "LogonId": "0x3e7",
          "ProcessGuid": "{GUID-REDACTED}",
          "TerminalSessionId": "0",
          "Hashes": "SHA256=AF4A50DC7379F5653EEFABCFAE68977D2D576141F422C838D9E854AC71C8100A",
          "OriginalFileName": "mscorsvw.exe",
          "IntegrityLevel": "System",
          "Company": "Microsoft Corporation",
          "User": "USER-REDACTED",
          "Description": ".NET Runtime Optimization Service",
          "CommandLine": "C:\\HOST\\USER\\mscorsvw.exe -StartupEvent 3fc -InterruptEvent 0 -NGENProcess 3cc -Pipe 3f4 -Comment \"NGen Worker Process\"",
          "ParentImage": "C:\\HOST\\USER\\ngen.exe",
          "FileVersion": "4.8.9221.0 built by: NET481REL1LAST_25H2"
        }
      },
      "tags": [
        "beats_input_codec_plain_applied"
      ],
      "agent": {
        "type": "winlogbeat",
        "id": "e914dd33-e7be-4a91-b774-394d715855f5",
        "name": "HOST-REDACTED",
        "ephemeral_id": "b8267783-8d43-4086-8074-c2f96b9f9dae",
        "version": "9.3.2"
      },
      "event": {
        "kind": "event",
        "created": "2026-03-29T09:11:41.463Z",
        "code": "1",
        "action": "Process Create (rule: ProcessCreate)",
        "original": "Process Create:\nRuleName: -\nUtcTime: 2026-03-22 05:50:12.907\nProcessGuid: {GUID-REDACTED}\nProcessId: 9872\nImage: C:\\HOST\\USER\\mscorsvw.exe\nFileVersion: 4.8.9221.0 built by: NET481REL1LAST_25H2\nDescription: .NET Runtime Optimization Service\nProduct: Microsoft® .NET Framework\nCompany: Microsoft Corporation\nOriginalFileName: mscorsvw.exe\nCommandLine: C:\\HOST\\USER\\mscorsvw.exe -StartupEvent 3fc -InterruptEvent 0 -NGENProcess 3cc -Pipe 3f4 -Comment \"NGen Worker Process\"\nCurrentDirectory: C:\\HOST\\USER\\\nUser: NT HOST\\USER\nLogonGuid: {GUID-REDACTED}\nLogonId: 0x3e7\nTerminalSessionId: 0\nIntegrityLevel: System\nHashes: SHA256=AF4A50DC7379F5653EEFABCFAE68977D2D576141F422C838D9E854AC71C8100A\nParentProcessGuid: {GUID-REDACTED}\nParentProcessId: 4400\nParentImage: C:\\HOST\\USER\\ngen.exe\nParentCommandLine: \"C:\\HOST\\USER\\ngen.exe\" ExecuteQueuedItems 2 /LegacyServiceBehavior\nParentUser: NT HOST\\USER",
        "provider": "Microsoft-Windows-Sysmon"
      }
    },
    "parsed_type": "sysmon",
    "event_type_name": "ProcessCreate",
    "process_guid": "{GUID-REDACTED}",
    "process_id": "9872",
    "image": "C:\\HOST\\USER\\mscorsvw.exe",
    "command_line": "C:\\HOST\\USER\\mscorsvw.exe -StartupEvent 3fc -InterruptEvent 0 -NGENProcess 3cc -Pipe 3f4 -Comment \"NGen Worker Process\"",
    "current_directory": "C:\\HOST\\USER\\",
    "user": "USER-REDACTED",
    "logon_guid": "{GUID-REDACTED}",
    "logon_id": "0x3e7",
    "terminal_session_id": "0",
    "integrity_level": "System",
    "hashes": "SHA256=AF4A50DC7379F5653EEFABCFAE68977D2D576141F422C838D9E854AC71C8100A",
    "parent_process_guid": "{GUID-REDACTED}",
    "parent_process_id": "4400",
    "parent_image": "C:\\HOST\\USER\\ngen.exe",
    "parent_command_line": "\"C:\\HOST\\USER\\ngen.exe\" ExecuteQueuedItems 2 /LegacyServiceBehavior",
    "target_filename": null,
    "creation_utc_time": null,
    "destination_ip": null,
    "destination_port": null,
    "source_ip": null,
    "source_port": null,
    "protocol": null,
    "target_object": null,
    "details": null
  },
