  {
    "timestamp": "2026-03-22T05:55:38.937Z",
    "message": "Process Create:\nRuleName: -\nUtcTime: 2026-03-22 05:55:38.879\nProcessGuid: {GUID-REDACTED}\nProcessId: 9508\nImage: C:\\HOST\\USER\\dllhost.exe\nFileVersion: 10.0.26100.7705 (WinBuild.160101.0800)\nDescription: COM Surrogate\nProduct: Microsoft® Windows® Operating System\nCompany: Microsoft Corporation\nOriginalFileName: dllhost.exe\nCommandLine: C:\\HOST\\USER\\DllHost.exe /Processid:{GUID-REDACTED}\nCurrentDirectory: C:\\HOST\\USER\\\nUser: HOST\\USER\nLogonGuid: {GUID-REDACTED}\nLogonId: 0x22f6e2\nTerminalSessionId: 2\nIntegrityLevel: Medium\nHashes: SHA256=69A7865772A1EA68A8D72520BC998FC5040D13057F71154FF525D18E0DB4760D\nParentProcessGuid: {GUID-REDACTED}\nParentProcessId: 940\nParentImage: C:\\HOST\\USER\\svchost.exe\nParentCommandLine: C:\\HOST\\USER\\svchost.exe -k DcomLaunch -p\nParentUser: NT HOST\\USER",
    "event_code": "1",
    "event_action": "Process Create (rule: ProcessCreate)",
    "event_kind": "event",
    "provider": "Microsoft-Windows-Sysmon",
    "channel": "Microsoft-Windows-Sysmon/Operational",
    "event_id": "1",
    "record_id": 318,
    "computer_name": "HOST-REDACTED",
    "provider_name": "Microsoft-Windows-Sysmon",
    "log_level": "information",
    "host_name": "HOST-REDACTED",
    "host_hostname": "HOST-REDACTED",
    "host_os": "Windows 11 Pro",
    "agent_type": "winlogbeat",
    "agent_version": "9.3.2",
    "process_pid": 1596,
    "raw_event_data": {
      "CurrentDirectory": "C:\\HOST\\USER\\",
      "LogonGuid": "{GUID-REDACTED}",
      "Image": "C:\\HOST\\USER\\dllhost.exe",
      "ParentProcessGuid": "{GUID-REDACTED}",
      "UtcTime": "2026-03-22 05:55:38.879",
      "ParentCommandLine": "C:\\HOST\\USER\\svchost.exe -k DcomLaunch -p",
      "RuleName": "-",
      "ParentUser": "NT HOST\\USER",
      "ParentProcessId": "940",
      "Product": "Microsoft® Windows® Operating System",
      "ProcessId": "9508",
      "LogonId": "0x22f6e2",
      "ProcessGuid": "{GUID-REDACTED}",
      "TerminalSessionId": "2",
      "Hashes": "SHA256=69A7865772A1EA68A8D72520BC998FC5040D13057F71154FF525D18E0DB4760D",
      "OriginalFileName": "dllhost.exe",
      "IntegrityLevel": "Medium",
      "Company": "Microsoft Corporation",
      "User": "USER-REDACTED",
      "Description": "COM Surrogate",
      "CommandLine": "C:\\HOST\\USER\\DllHost.exe /Processid:{GUID-REDACTED}",
      "ParentImage": "C:\\HOST\\USER\\svchost.exe",
      "FileVersion": "10.0.26100.7705 (WinBuild.160101.0800)"
    },
    "raw": {
      "@timestamp": "2026-03-22T05:55:38.937Z",
      "ecs": {
        "version": "8.0.0"
      },
      "message": "Process Create:\nRuleName: -\nUtcTime: 2026-03-22 05:55:38.879\nProcessGuid: {GUID-REDACTED}\nProcessId: 9508\nImage: C:\\HOST\\USER\\dllhost.exe\nFileVersion: 10.0.26100.7705 (WinBuild.160101.0800)\nDescription: COM Surrogate\nProduct: Microsoft® Windows® Operating System\nCompany: Microsoft Corporation\nOriginalFileName: dllhost.exe\nCommandLine: C:\\HOST\\USER\\DllHost.exe /Processid:{GUID-REDACTED}\nCurrentDirectory: C:\\HOST\\USER\\\nUser: HOST\\USER\nLogonGuid: {GUID-REDACTED}\nLogonId: 0x22f6e2\nTerminalSessionId: 2\nIntegrityLevel: Medium\nHashes: SHA256=69A7865772A1EA68A8D72520BC998FC5040D13057F71154FF525D18E0DB4760D\nParentProcessGuid: {GUID-REDACTED}\nParentProcessId: 940\nParentImage: C:\\HOST\\USER\\svchost.exe\nParentCommandLine: C:\\HOST\\USER\\svchost.exe -k DcomLaunch -p\nParentUser: NT HOST\\USER",
      "host": {
        "architecture": "x86_64",
        "id": "4c1ea299-cc74-49b5-ac0a-1138d9d08387",
        "ip": [
          "fe80::1eac:376c:1bd5:f979",
          "IP-REDACTED"
        ],
        "name": "HOST-REDACTED",
        "os": {
          "type": "windows",
          "version": "10.0",
          "name": "Windows 11 Pro",
          "kernel": "10.0.26100.8036 (WinBuild.160101.0800)",
          "family": "windows",
          "build": "26200.8037",
          "platform": "windows"
        },
        "mac": [
          "MAC-REDACTED"
        ],
        "hostname": "HOST-REDACTED"
      },
      "log": {
        "level": "information"
      },
      "@version": "1",
      "winlog": {
        "version": 5,
        "user": {
          "type": "Well Known Group",
          "name": "SYSTEM",
          "domain": "NT AUTHORITY",
          "identifier": "S-1-5-XX-REDACTED"
        },
        "event_id": "1",
        "record_id": 318,
        "provider_guid": "{GUID-REDACTED}",
        "channel": "Microsoft-Windows-Sysmon/Operational",
        "task": "Process Create (rule: ProcessCreate)",
        "opcode": "Info",
        "process": {
          "thread": {
            "id": 1304
          },
          "pid": 1596
        },
        "computer_name": "HOST-REDACTED",
        "provider_name": "Microsoft-Windows-Sysmon",
        "event_data": {
          "CurrentDirectory": "C:\\HOST\\USER\\",
          "LogonGuid": "{GUID-REDACTED}",
          "Image": "C:\\HOST\\USER\\dllhost.exe",
          "ParentProcessGuid": "{GUID-REDACTED}",
          "UtcTime": "2026-03-22 05:55:38.879",
          "ParentCommandLine": "C:\\HOST\\USER\\svchost.exe -k DcomLaunch -p",
          "RuleName": "-",
          "ParentUser": "NT HOST\\USER",
          "ParentProcessId": "940",
          "Product": "Microsoft® Windows® Operating System",
          "ProcessId": "9508",
          "LogonId": "0x22f6e2",
          "ProcessGuid": "{GUID-REDACTED}",
          "TerminalSessionId": "2",
          "Hashes": "SHA256=69A7865772A1EA68A8D72520BC998FC5040D13057F71154FF525D18E0DB4760D",
          "OriginalFileName": "dllhost.exe",
          "IntegrityLevel": "Medium",
          "Company": "Microsoft Corporation",
          "User": "USER-REDACTED",
          "Description": "COM Surrogate",
          "CommandLine": "C:\\HOST\\USER\\DllHost.exe /Processid:{GUID-REDACTED}",
          "ParentImage": "C:\\HOST\\USER\\svchost.exe",
          "FileVersion": "10.0.26100.7705 (WinBuild.160101.0800)"
        }
      },
      "tags": [
        "beats_input_codec_plain_applied"
      ],
      "agent": {
        "type": "winlogbeat",
        "name": "HOST-REDACTED",
        "version": "9.3.2",
        "ephemeral_id": "b8267783-8d43-4086-8074-c2f96b9f9dae",
        "id": "e914dd33-e7be-4a91-b774-394d715855f5"
      },
      "event": {
        "kind": "event",
        "created": "2026-03-29T09:11:41.472Z",
        "action": "Process Create (rule: ProcessCreate)",
        "code": "1",
        "original": "Process Create:\nRuleName: -\nUtcTime: 2026-03-22 05:55:38.879\nProcessGuid: {GUID-REDACTED}\nProcessId: 9508\nImage: C:\\HOST\\USER\\dllhost.exe\nFileVersion: 10.0.26100.7705 (WinBuild.160101.0800)\nDescription: COM Surrogate\nProduct: Microsoft® Windows® Operating System\nCompany: Microsoft Corporation\nOriginalFileName: dllhost.exe\nCommandLine: C:\\HOST\\USER\\DllHost.exe /Processid:{GUID-REDACTED}\nCurrentDirectory: C:\\HOST\\USER\\\nUser: HOST\\USER\nLogonGuid: {GUID-REDACTED}\nLogonId: 0x22f6e2\nTerminalSessionId: 2\nIntegrityLevel: Medium\nHashes: SHA256=69A7865772A1EA68A8D72520BC998FC5040D13057F71154FF525D18E0DB4760D\nParentProcessGuid: {GUID-REDACTED}\nParentProcessId: 940\nParentImage: C:\\HOST\\USER\\svchost.exe\nParentCommandLine: C:\\HOST\\USER\\svchost.exe -k DcomLaunch -p\nParentUser: NT HOST\\USER",
        "provider": "Microsoft-Windows-Sysmon"
      }
    },
    "parsed_type": "sysmon",
    "event_type_name": "ProcessCreate",
    "process_guid": "{GUID-REDACTED}",
    "process_id": "9508",
    "image": "C:\\HOST\\USER\\dllhost.exe",
    "command_line": "C:\\HOST\\USER\\DllHost.exe /Processid:{GUID-REDACTED}",
    "current_directory": "C:\\HOST\\USER\\",
    "user": "USER-REDACTED",
    "logon_guid": "{GUID-REDACTED}",
    "logon_id": "0x22f6e2",
    "terminal_session_id": "2",
    "integrity_level": "Medium",
    "hashes": "SHA256=69A7865772A1EA68A8D72520BC998FC5040D13057F71154FF525D18E0DB4760D",
    "parent_process_guid": "{GUID-REDACTED}",
    "parent_process_id": "940",
    "parent_image": "C:\\HOST\\USER\\svchost.exe",
    "parent_command_line": "C:\\HOST\\USER\\svchost.exe -k DcomLaunch -p",
    "target_filename": null,
    "creation_utc_time": null,
    "destination_ip": null,
    "destination_port": null,
    "source_ip": null,
    "source_port": null,
    "protocol": null,
    "target_object": null,
    "details": null
  },
  {
    "timestamp": "2026-03-22T05:56:08.303Z",
    "message": "Process Create:\nRuleName: -\nUtcTime: 2026-03-22 05:56:08.293\nProcessGuid: {GUID-REDACTED}\nProcessId: 5456\nImage: C:\\HOST\\USER\\consent.exe\nFileVersion: 10.0.26100.7920 (WinBuild.160101.0800)\nDescription: Consent UI for administrative applications\nProduct: Microsoft® Windows® Operating System\nCompany: Microsoft Corporation\nOriginalFileName: consent.exe\nCommandLine: consent.exe 4440 604 000001AFAF1EB250\nCurrentDirectory: C:\\HOST\\USER\\\nUser: NT HOST\\USER\nLogonGuid: {GUID-REDACTED}\nLogonId: 0x3e7\nTerminalSessionId: 2\nIntegrityLevel: System\nHashes: SHA256=B787FC4C7088DFE22091B3BF03AFBA83B00D06A766276C7D978A640BA9F19FAF\nParentProcessGuid: {GUID-REDACTED}\nParentProcessId: 4440\nParentImage: C:\\HOST\\USER\\svchost.exe\nParentCommandLine: C:\\HOST\\USER\\svchost.exe -k netsvcs -p -s Appinfo\nParentUser: NT HOST\\USER",
    "event_code": "1",
    "event_action": "Process Create (rule: ProcessCreate)",
    "event_kind": "event",
    "provider": "Microsoft-Windows-Sysmon",
    "channel": "Microsoft-Windows-Sysmon/Operational",
    "event_id": "1",
    "record_id": 320,
    "computer_name": "HOST-REDACTED",
    "provider_name": "Microsoft-Windows-Sysmon",
    "log_level": "information",
    "host_name": "HOST-REDACTED",
    "host_hostname": "HOST-REDACTED",
    "host_os": "Windows 11 Pro",
    "agent_type": "winlogbeat",
    "agent_version": "9.3.2",
    "process_pid": 1596,
    "raw_event_data": {
      "CurrentDirectory": "C:\\HOST\\USER\\",
      "LogonGuid": "{GUID-REDACTED}",
      "Image": "C:\\HOST\\USER\\consent.exe",
      "ParentProcessGuid": "{GUID-REDACTED}",
      "UtcTime": "2026-03-22 05:56:08.293",
      "ParentCommandLine": "C:\\HOST\\USER\\svchost.exe -k netsvcs -p -s Appinfo",
      "RuleName": "-",
      "ParentUser": "NT HOST\\USER",
      "Product": "Microsoft® Windows® Operating System",
      "ParentProcessId": "4440",
      "ProcessId": "5456",
      "LogonId": "0x3e7",
      "ProcessGuid": "{GUID-REDACTED}",
      "TerminalSessionId": "2",
      "Hashes": "SHA256=B787FC4C7088DFE22091B3BF03AFBA83B00D06A766276C7D978A640BA9F19FAF",
      "OriginalFileName": "consent.exe",
      "IntegrityLevel": "System",
      "Company": "Microsoft Corporation",
      "User": "USER-REDACTED",
      "Description": "Consent UI for administrative applications",
      "CommandLine": "consent.exe 4440 604 000001AFAF1EB250",
      "ParentImage": "C:\\HOST\\USER\\svchost.exe",
      "FileVersion": "10.0.26100.7920 (WinBuild.160101.0800)"
    },
    "raw": {
      "@timestamp": "2026-03-22T05:56:08.303Z",
      "ecs": {
        "version": "8.0.0"
      },
      "message": "Process Create:\nRuleName: -\nUtcTime: 2026-03-22 05:56:08.293\nProcessGuid: {GUID-REDACTED}\nProcessId: 5456\nImage: C:\\HOST\\USER\\consent.exe\nFileVersion: 10.0.26100.7920 (WinBuild.160101.0800)\nDescription: Consent UI for administrative applications\nProduct: Microsoft® Windows® Operating System\nCompany: Microsoft Corporation\nOriginalFileName: consent.exe\nCommandLine: consent.exe 4440 604 000001AFAF1EB250\nCurrentDirectory: C:\\HOST\\USER\\\nUser: NT HOST\\USER\nLogonGuid: {GUID-REDACTED}\nLogonId: 0x3e7\nTerminalSessionId: 2\nIntegrityLevel: System\nHashes: SHA256=B787FC4C7088DFE22091B3BF03AFBA83B00D06A766276C7D978A640BA9F19FAF\nParentProcessGuid: {GUID-REDACTED}\nParentProcessId: 4440\nParentImage: C:\\HOST\\USER\\svchost.exe\nParentCommandLine: C:\\HOST\\USER\\svchost.exe -k netsvcs -p -s Appinfo\nParentUser: NT HOST\\USER",
      "log": {
        "level": "information"
      },
      "host": {
        "architecture": "x86_64",
        "id": "4c1ea299-cc74-49b5-ac0a-1138d9d08387",
        "ip": [
          "fe80::1eac:376c:1bd5:f979",
          "IP-REDACTED"
        ],
        "os": {
          "type": "windows",
          "version": "10.0",
          "name": "Windows 11 Pro",
          "kernel": "10.0.26100.8036 (WinBuild.160101.0800)",
          "family": "windows",
          "build": "26200.8037",
          "platform": "windows"
        },
        "name": "HOST-REDACTED",
        "mac": [
          "MAC-REDACTED"
        ],
        "hostname": "HOST-REDACTED"
      },
      "@version": "1",
      "winlog": {
        "version": 5,
        "user": {
          "type": "Well Known Group",
          "name": "SYSTEM",
          "domain": "NT AUTHORITY",
          "identifier": "S-1-5-XX-REDACTED"
        },
        "event_id": "1",
        "record_id": 320,
        "provider_guid": "{GUID-REDACTED}",
        "channel": "Microsoft-Windows-Sysmon/Operational",
        "task": "Process Create (rule: ProcessCreate)",
        "opcode": "Info",
        "computer_name": "HOST-REDACTED",
        "process": {
          "thread": {
            "id": 1304
          },
          "pid": 1596
        },
        "provider_name": "Microsoft-Windows-Sysmon",
        "event_data": {
          "CurrentDirectory": "C:\\HOST\\USER\\",
          "LogonGuid": "{GUID-REDACTED}",
          "Image": "C:\\HOST\\USER\\consent.exe",
          "ParentProcessGuid": "{GUID-REDACTED}",
          "UtcTime": "2026-03-22 05:56:08.293",
          "ParentCommandLine": "C:\\HOST\\USER\\svchost.exe -k netsvcs -p -s Appinfo",
          "RuleName": "-",
          "ParentUser": "NT HOST\\USER",
          "Product": "Microsoft® Windows® Operating System",
          "ParentProcessId": "4440",
          "ProcessId": "5456",
          "LogonId": "0x3e7",
          "ProcessGuid": "{GUID-REDACTED}",
          "TerminalSessionId": "2",
          "Hashes": "SHA256=B787FC4C7088DFE22091B3BF03AFBA83B00D06A766276C7D978A640BA9F19FAF",
          "OriginalFileName": "consent.exe",
          "IntegrityLevel": "System",
          "Company": "Microsoft Corporation",
          "User": "USER-REDACTED",
          "Description": "Consent UI for administrative applications",
          "CommandLine": "consent.exe 4440 604 000001AFAF1EB250",
          "ParentImage": "C:\\HOST\\USER\\svchost.exe",
          "FileVersion": "10.0.26100.7920 (WinBuild.160101.0800)"
        }
      },
      "tags": [
        "beats_input_codec_plain_applied"
      ],
      "agent": {
        "type": "winlogbeat",
        "version": "9.3.2",
        "id": "e914dd33-e7be-4a91-b774-394d715855f5",
        "ephemeral_id": "b8267783-8d43-4086-8074-c2f96b9f9dae",
        "name": "HOST-REDACTED"
      },
      "event": {
        "kind": "event",
        "created": "2026-03-29T09:11:41.472Z",
        "action": "Process Create (rule: ProcessCreate)",
        "code": "1",
        "original": "Process Create:\nRuleName: -\nUtcTime: 2026-03-22 05:56:08.293\nProcessGuid: {GUID-REDACTED}\nProcessId: 5456\nImage: C:\\HOST\\USER\\consent.exe\nFileVersion: 10.0.26100.7920 (WinBuild.160101.0800)\nDescription: Consent UI for administrative applications\nProduct: Microsoft® Windows® Operating System\nCompany: Microsoft Corporation\nOriginalFileName: consent.exe\nCommandLine: consent.exe 4440 604 000001AFAF1EB250\nCurrentDirectory: C:\\HOST\\USER\\\nUser: NT HOST\\USER\nLogonGuid: {GUID-REDACTED}\nLogonId: 0x3e7\nTerminalSessionId: 2\nIntegrityLevel: System\nHashes: SHA256=B787FC4C7088DFE22091B3BF03AFBA83B00D06A766276C7D978A640BA9F19FAF\nParentProcessGuid: {GUID-REDACTED}\nParentProcessId: 4440\nParentImage: C:\\HOST\\USER\\svchost.exe\nParentCommandLine: C:\\HOST\\USER\\svchost.exe -k netsvcs -p -s Appinfo\nParentUser: NT HOST\\USER",
        "provider": "Microsoft-Windows-Sysmon"
      }
    },
    "parsed_type": "sysmon",
    "event_type_name": "ProcessCreate",
    "process_guid": "{GUID-REDACTED}",
    "process_id": "5456",
    "image": "C:\\HOST\\USER\\consent.exe",
    "command_line": "consent.exe 4440 604 000001AFAF1EB250",
    "current_directory": "C:\\HOST\\USER\\",
    "user": "USER-REDACTED",
    "logon_guid": "{GUID-REDACTED}",
    "logon_id": "0x3e7",
    "terminal_session_id": "2",
    "integrity_level": "System",
    "hashes": "SHA256=B787FC4C7088DFE22091B3BF03AFBA83B00D06A766276C7D978A640BA9F19FAF",
    "parent_process_guid": "{GUID-REDACTED}",
    "parent_process_id": "4440",
    "parent_image": "C:\\HOST\\USER\\svchost.exe",
    "parent_command_line": "C:\\HOST\\USER\\svchost.exe -k netsvcs -p -s Appinfo",
    "target_filename": null,
    "creation_utc_time": null,
    "destination_ip": null,
    "destination_port": null,
    "source_ip": null,
    "source_port": null,
    "protocol": null,
    "target_object": null,
    "details": null
  },
  {
    "timestamp": "2026-03-22T05:56:08.470Z",
    "message": "Process Create:\nRuleName: -\nUtcTime: 2026-03-22 05:56:08.461\nProcessGuid: {GUID-REDACTED}\nProcessId: 2124\nImage: C:\\HOST\\USER\\ctfmon.exe\nFileVersion: 10.0.26100.7309 (WinBuild.160101.0800)\nDescription: CTF Loader\nProduct: Microsoft® Windows® Operating System\nCompany: Microsoft Corporation\nOriginalFileName: CTFMON.EXE\nCommandLine: /QuitInfo:000000000000034C;0000000000000194; \nCurrentDirectory: C:\\HOST\\USER\\\nUser: NT HOST\\USER\nLogonGuid: {GUID-REDACTED}\nLogonId: 0x3e7\nTerminalSessionId: 2\nIntegrityLevel: System\nHashes: SHA256=8C9AC9325ACFF164270390D32736F06EA53233CDD54E971AE005C4DDEEC4D606\nParentProcessGuid: {GUID-REDACTED}\nParentProcessId: 2432\nParentImage: C:\\HOST\\USER\\svchost.exe\nParentCommandLine: C:\\HOST\\USER\\svchost.exe -k LocalSystemNetworkRestricted -p -s TextInputManagementService\nParentUser: NT HOST\\USER",
    "event_code": "1",
    "event_action": "Process Create (rule: ProcessCreate)",
    "event_kind": "event",
    "provider": "Microsoft-Windows-Sysmon",
    "channel": "Microsoft-Windows-Sysmon/Operational",
    "event_id": "1",
    "record_id": 321,
    "computer_name": "HOST-REDACTED",
    "provider_name": "Microsoft-Windows-Sysmon",
    "log_level": "information",
    "host_name": "HOST-REDACTED",
    "host_hostname": "HOST-REDACTED",
    "host_os": "Windows 11 Pro",
    "agent_type": "winlogbeat",
    "agent_version": "9.3.2",
    "process_pid": 1596,
    "raw_event_data": {
      "CurrentDirectory": "C:\\HOST\\USER\\",
      "LogonGuid": "{GUID-REDACTED}",
      "Image": "C:\\HOST\\USER\\ctfmon.exe",
      "ParentProcessGuid": "{GUID-REDACTED}",
      "UtcTime": "2026-03-22 05:56:08.461",
      "ParentCommandLine": "C:\\HOST\\USER\\svchost.exe -k LocalSystemNetworkRestricted -p -s TextInputManagementService",
      "RuleName": "-",
      "ParentUser": "NT HOST\\USER",
      "ParentProcessId": "2432",
      "Product": "Microsoft® Windows® Operating System",
      "ProcessId": "2124",
      "LogonId": "0x3e7",
      "ProcessGuid": "{GUID-REDACTED}",
      "TerminalSessionId": "2",
      "Hashes": "SHA256=8C9AC9325ACFF164270390D32736F06EA53233CDD54E971AE005C4DDEEC4D606",
      "OriginalFileName": "CTFMON.EXE",
      "IntegrityLevel": "System",
      "Company": "Microsoft Corporation",
      "User": "USER-REDACTED",
      "CommandLine": "/QuitInfo:000000000000034C;0000000000000194; ",
      "Description": "CTF Loader",
      "ParentImage": "C:\\HOST\\USER\\svchost.exe",
      "FileVersion": "10.0.26100.7309 (WinBuild.160101.0800)"
    },
    "raw": {
      "@timestamp": "2026-03-22T05:56:08.470Z",
      "message": "Process Create:\nRuleName: -\nUtcTime: 2026-03-22 05:56:08.461\nProcessGuid: {GUID-REDACTED}\nProcessId: 2124\nImage: C:\\HOST\\USER\\ctfmon.exe\nFileVersion: 10.0.26100.7309 (WinBuild.160101.0800)\nDescription: CTF Loader\nProduct: Microsoft® Windows® Operating System\nCompany: Microsoft Corporation\nOriginalFileName: CTFMON.EXE\nCommandLine: /QuitInfo:000000000000034C;0000000000000194; \nCurrentDirectory: C:\\HOST\\USER\\\nUser: NT HOST\\USER\nLogonGuid: {GUID-REDACTED}\nLogonId: 0x3e7\nTerminalSessionId: 2\nIntegrityLevel: System\nHashes: SHA256=8C9AC9325ACFF164270390D32736F06EA53233CDD54E971AE005C4DDEEC4D606\nParentProcessGuid: {GUID-REDACTED}\nParentProcessId: 2432\nParentImage: C:\\HOST\\USER\\svchost.exe\nParentCommandLine: C:\\HOST\\USER\\svchost.exe -k LocalSystemNetworkRestricted -p -s TextInputManagementService\nParentUser: NT HOST\\USER",
      "log": {
        "level": "information"
      },
      "ecs": {
        "version": "8.0.0"
      },
      "host": {
        "hostname": "HOST-REDACTED",
        "name": "HOST-REDACTED",
        "id": "4c1ea299-cc74-49b5-ac0a-1138d9d08387",
        "os": {
          "type": "windows",
          "version": "10.0",
          "name": "Windows 11 Pro",
          "kernel": "10.0.26100.8036 (WinBuild.160101.0800)",
          "family": "windows",
          "build": "26200.8037",
          "platform": "windows"
        },
        "ip": [
          "fe80::1eac:376c:1bd5:f979",
          "IP-REDACTED"
        ],
        "mac": [
          "MAC-REDACTED"
        ],
        "architecture": "x86_64"
      },
      "@version": "1",
      "winlog": {
        "version": 5,
        "user": {
          "type": "Well Known Group",
          "name": "SYSTEM",
          "domain": "NT AUTHORITY",
          "identifier": "S-1-5-XX-REDACTED"
        },
        "event_id": "1",
        "record_id": 321,
        "provider_guid": "{GUID-REDACTED}",
        "channel": "Microsoft-Windows-Sysmon/Operational",
        "task": "Process Create (rule: ProcessCreate)",
        "opcode": "Info",
        "process": {
          "thread": {
            "id": 1304
          },
          "pid": 1596
        },
        "computer_name": "HOST-REDACTED",
        "provider_name": "Microsoft-Windows-Sysmon",
        "event_data": {
          "CurrentDirectory": "C:\\HOST\\USER\\",
          "LogonGuid": "{GUID-REDACTED}",
          "Image": "C:\\HOST\\USER\\ctfmon.exe",
          "ParentProcessGuid": "{GUID-REDACTED}",
          "UtcTime": "2026-03-22 05:56:08.461",
          "ParentCommandLine": "C:\\HOST\\USER\\svchost.exe -k LocalSystemNetworkRestricted -p -s TextInputManagementService",
          "RuleName": "-",
          "ParentUser": "NT HOST\\USER",
          "ParentProcessId": "2432",
          "Product": "Microsoft® Windows® Operating System",
          "ProcessId": "2124",
          "LogonId": "0x3e7",
          "ProcessGuid": "{GUID-REDACTED}",
          "TerminalSessionId": "2",
          "Hashes": "SHA256=8C9AC9325ACFF164270390D32736F06EA53233CDD54E971AE005C4DDEEC4D606",
          "OriginalFileName": "CTFMON.EXE",
          "IntegrityLevel": "System",
          "Company": "Microsoft Corporation",
          "User": "USER-REDACTED",
          "CommandLine": "/QuitInfo:000000000000034C;0000000000000194; ",
          "Description": "CTF Loader",
          "ParentImage": "C:\\HOST\\USER\\svchost.exe",
          "FileVersion": "10.0.26100.7309 (WinBuild.160101.0800)"
        }
      },
      "tags": [
        "beats_input_codec_plain_applied"
      ],
      "agent": {
        "type": "winlogbeat",
        "version": "9.3.2",
        "id": "e914dd33-e7be-4a91-b774-394d715855f5",
        "ephemeral_id": "b8267783-8d43-4086-8074-c2f96b9f9dae",
        "name": "HOST-REDACTED"
      },
      "event": {
        "kind": "event",
        "created": "2026-03-29T09:11:41.472Z",
        "action": "Process Create (rule: ProcessCreate)",
        "code": "1",
        "original": "Process Create:\nRuleName: -\nUtcTime: 2026-03-22 05:56:08.461\nProcessGuid: {GUID-REDACTED}\nProcessId: 2124\nImage: C:\\HOST\\USER\\ctfmon.exe\nFileVersion: 10.0.26100.7309 (WinBuild.160101.0800)\nDescription: CTF Loader\nProduct: Microsoft® Windows® Operating System\nCompany: Microsoft Corporation\nOriginalFileName: CTFMON.EXE\nCommandLine: /QuitInfo:000000000000034C;0000000000000194; \nCurrentDirectory: C:\\HOST\\USER\\\nUser: NT HOST\\USER\nLogonGuid: {GUID-REDACTED}\nLogonId: 0x3e7\nTerminalSessionId: 2\nIntegrityLevel: System\nHashes: SHA256=8C9AC9325ACFF164270390D32736F06EA53233CDD54E971AE005C4DDEEC4D606\nParentProcessGuid: {GUID-REDACTED}\nParentProcessId: 2432\nParentImage: C:\\HOST\\USER\\svchost.exe\nParentCommandLine: C:\\HOST\\USER\\svchost.exe -k LocalSystemNetworkRestricted -p -s TextInputManagementService\nParentUser: NT HOST\\USER",
        "provider": "Microsoft-Windows-Sysmon"
      }
    },
    "parsed_type": "sysmon",
    "event_type_name": "ProcessCreate",
    "process_guid": "{GUID-REDACTED}",
    "process_id": "2124",
    "image": "C:\\HOST\\USER\\ctfmon.exe",
    "command_line": "/QuitInfo:000000000000034C;0000000000000194; ",
    "current_directory": "C:\\HOST\\USER\\",
    "user": "USER-REDACTED",
    "logon_guid": "{GUID-REDACTED}",
    "logon_id": "0x3e7",
    "terminal_session_id": "2",
    "integrity_level": "System",
    "hashes": "SHA256=8C9AC9325ACFF164270390D32736F06EA53233CDD54E971AE005C4DDEEC4D606",
    "parent_process_guid": "{GUID-REDACTED}",
    "parent_process_id": "2432",
    "parent_image": "C:\\HOST\\USER\\svchost.exe",
    "parent_command_line": "C:\\HOST\\USER\\svchost.exe -k LocalSystemNetworkRestricted -p -s TextInputManagementService",
    "target_filename": null,
    "creation_utc_time": null,
    "destination_ip": null,
    "destination_port": null,
    "source_ip": null,
    "source_port": null,
    "protocol": null,
    "target_object": null,
    "details": null
  },
  {
    "timestamp": "2026-03-22T05:56:08.569Z",
    "message": "Process Create:\nRuleName: -\nUtcTime: 2026-03-22 05:56:08.554\nProcessGuid: {GUID-REDACTED}\nProcessId: 10044\nImage: C:\\HOST\\USER\\audiodg.exe\nFileVersion: 10.0.26100.8036 (WinBuild.160101.0800)\nDescription: Windows Audio Device Graph Isolation \nProduct: Microsoft® Windows® Operating System\nCompany: Microsoft Corporation\nOriginalFileName: audioadg.exe\nCommandLine: C:\\HOST\\USER\\AUDIODG.EXE 0x0000000000000508 0x0000000000000514\nCurrentDirectory: C:\\HOST\\USER\\\nUser: NT HOST\\USER SERVICE\nLogonGuid: {GUID-REDACTED}\nLogonId: 0x3e5\nTerminalSessionId: 0\nIntegrityLevel: System\nHashes: SHA256=8674574A319E3322093934585195D962E3657E729103AB22895950DD127BDE6A\nParentProcessGuid: {GUID-REDACTED}\nParentProcessId: 2328\nParentImage: C:\\HOST\\USER\\svchost.exe\nParentCommandLine: C:\\HOST\\USER\\svchost.exe -k LocalServiceNetworkRestricted -p\nParentUser: NT HOST\\USER SERVICE",
    "event_code": "1",
    "event_action": "Process Create (rule: ProcessCreate)",
    "event_kind": "event",
    "provider": "Microsoft-Windows-Sysmon",
    "channel": "Microsoft-Windows-Sysmon/Operational",
    "event_id": "1",
    "record_id": 322,
    "computer_name": "HOST-REDACTED",
    "provider_name": "Microsoft-Windows-Sysmon",
    "log_level": "information",
    "host_name": "HOST-REDACTED",
    "host_hostname": "HOST-REDACTED",
    "host_os": "Windows 11 Pro",
    "agent_type": "winlogbeat",
    "agent_version": "9.3.2",
    "process_pid": 1596,
    "raw_event_data": {
      "CurrentDirectory": "C:\\HOST\\USER\\",
      "LogonGuid": "{GUID-REDACTED}",
      "Image": "C:\\HOST\\USER\\audiodg.exe",
      "ParentProcessGuid": "{GUID-REDACTED}",
      "UtcTime": "2026-03-22 05:56:08.554",
      "ParentCommandLine": "C:\\HOST\\USER\\svchost.exe -k LocalServiceNetworkRestricted -p",
      "RuleName": "-",
      "ParentUser": "NT HOST\\USER SERVICE",
      "Product": "Microsoft® Windows® Operating System",
      "ParentProcessId": "2328",
      "ProcessId": "10044",
      "LogonId": "0x3e5",
      "ProcessGuid": "{GUID-REDACTED}",
      "TerminalSessionId": "0",
      "Hashes": "SHA256=8674574A319E3322093934585195D962E3657E729103AB22895950DD127BDE6A",
      "OriginalFileName": "audioadg.exe",
      "IntegrityLevel": "System",
      "Company": "Microsoft Corporation",
      "User": "USER-REDACTED",
      "CommandLine": "C:\\HOST\\USER\\AUDIODG.EXE 0x0000000000000508 0x0000000000000514",
      "Description": "Windows Audio Device Graph Isolation ",
      "ParentImage": "C:\\HOST\\USER\\svchost.exe",
      "FileVersion": "10.0.26100.8036 (WinBuild.160101.0800)"
    },
    "raw": {
      "@timestamp": "2026-03-22T05:56:08.569Z",
      "log": {
        "level": "information"
      },
      "message": "Process Create:\nRuleName: -\nUtcTime: 2026-03-22 05:56:08.554\nProcessGuid: {GUID-REDACTED}\nProcessId: 10044\nImage: C:\\HOST\\USER\\audiodg.exe\nFileVersion: 10.0.26100.8036 (WinBuild.160101.0800)\nDescription: Windows Audio Device Graph Isolation \nProduct: Microsoft® Windows® Operating System\nCompany: Microsoft Corporation\nOriginalFileName: audioadg.exe\nCommandLine: C:\\HOST\\USER\\AUDIODG.EXE 0x0000000000000508 0x0000000000000514\nCurrentDirectory: C:\\HOST\\USER\\\nUser: NT HOST\\USER SERVICE\nLogonGuid: {GUID-REDACTED}\nLogonId: 0x3e5\nTerminalSessionId: 0\nIntegrityLevel: System\nHashes: SHA256=8674574A319E3322093934585195D962E3657E729103AB22895950DD127BDE6A\nParentProcessGuid: {GUID-REDACTED}\nParentProcessId: 2328\nParentImage: C:\\HOST\\USER\\svchost.exe\nParentCommandLine: C:\\HOST\\USER\\svchost.exe -k LocalServiceNetworkRestricted -p\nParentUser: NT HOST\\USER SERVICE",
      "ecs": {
        "version": "8.0.0"
      },
      "host": {
        "architecture": "x86_64",
        "id": "4c1ea299-cc74-49b5-ac0a-1138d9d08387",
        "ip": [
          "fe80::1eac:376c:1bd5:f979",
          "IP-REDACTED"
        ],
        "os": {
          "type": "windows",
          "kernel": "10.0.26100.8036 (WinBuild.160101.0800)",
          "version": "10.0",
          "name": "Windows 11 Pro",
          "family": "windows",
          "build": "26200.8037",
          "platform": "windows"
        },
        "name": "HOST-REDACTED",
        "mac": [
          "MAC-REDACTED"
        ],
        "hostname": "HOST-REDACTED"
      },
      "@version": "1",
      "winlog": {
        "version": 5,
        "user": {
          "type": "Well Known Group",
          "name": "SYSTEM",
          "domain": "NT AUTHORITY",
          "identifier": "S-1-5-XX-REDACTED"
        },
        "event_id": "1",
        "record_id": 322,
        "provider_guid": "{GUID-REDACTED}",
        "channel": "Microsoft-Windows-Sysmon/Operational",
        "task": "Process Create (rule: ProcessCreate)",
        "opcode": "Info",
        "computer_name": "HOST-REDACTED",
        "process": {
          "thread": {
            "id": 1304
          },
          "pid": 1596
        },
        "provider_name": "Microsoft-Windows-Sysmon",
        "event_data": {
          "CurrentDirectory": "C:\\HOST\\USER\\",
          "LogonGuid": "{GUID-REDACTED}",
          "Image": "C:\\HOST\\USER\\audiodg.exe",
          "ParentProcessGuid": "{GUID-REDACTED}",
          "UtcTime": "2026-03-22 05:56:08.554",
          "ParentCommandLine": "C:\\HOST\\USER\\svchost.exe -k LocalServiceNetworkRestricted -p",
          "RuleName": "-",
          "ParentUser": "NT HOST\\USER SERVICE",
          "Product": "Microsoft® Windows® Operating System",
          "ParentProcessId": "2328",
          "ProcessId": "10044",
          "LogonId": "0x3e5",
          "ProcessGuid": "{GUID-REDACTED}",
          "TerminalSessionId": "0",
          "Hashes": "SHA256=8674574A319E3322093934585195D962E3657E729103AB22895950DD127BDE6A",
          "OriginalFileName": "audioadg.exe",
          "IntegrityLevel": "System",
          "Company": "Microsoft Corporation",
          "User": "USER-REDACTED",
          "CommandLine": "C:\\HOST\\USER\\AUDIODG.EXE 0x0000000000000508 0x0000000000000514",
          "Description": "Windows Audio Device Graph Isolation ",
          "ParentImage": "C:\\HOST\\USER\\svchost.exe",
          "FileVersion": "10.0.26100.8036 (WinBuild.160101.0800)"
        }
      },
      "tags": [
        "beats_input_codec_plain_applied"
      ],
      "agent": {
        "type": "winlogbeat",
        "version": "9.3.2",
        "id": "e914dd33-e7be-4a91-b774-394d715855f5",
        "ephemeral_id": "b8267783-8d43-4086-8074-c2f96b9f9dae",
        "name": "HOST-REDACTED"
      },
      "event": {
        "kind": "event",
        "created": "2026-03-29T09:11:41.472Z",
        "code": "1",
        "action": "Process Create (rule: ProcessCreate)",
        "original": "Process Create:\nRuleName: -\nUtcTime: 2026-03-22 05:56:08.554\nProcessGuid: {GUID-REDACTED}\nProcessId: 10044\nImage: C:\\HOST\\USER\\audiodg.exe\nFileVersion: 10.0.26100.8036 (WinBuild.160101.0800)\nDescription: Windows Audio Device Graph Isolation \nProduct: Microsoft® Windows® Operating System\nCompany: Microsoft Corporation\nOriginalFileName: audioadg.exe\nCommandLine: C:\\HOST\\USER\\AUDIODG.EXE 0x0000000000000508 0x0000000000000514\nCurrentDirectory: C:\\HOST\\USER\\\nUser: NT HOST\\USER SERVICE\nLogonGuid: {GUID-REDACTED}\nLogonId: 0x3e5\nTerminalSessionId: 0\nIntegrityLevel: System\nHashes: SHA256=8674574A319E3322093934585195D962E3657E729103AB22895950DD127BDE6A\nParentProcessGuid: {GUID-REDACTED}\nParentProcessId: 2328\nParentImage: C:\\HOST\\USER\\svchost.exe\nParentCommandLine: C:\\HOST\\USER\\svchost.exe -k LocalServiceNetworkRestricted -p\nParentUser: NT HOST\\USER SERVICE",
        "provider": "Microsoft-Windows-Sysmon"
      }
    },
    "parsed_type": "sysmon",
    "event_type_name": "ProcessCreate",
    "process_guid": "{GUID-REDACTED}",
    "process_id": "10044",
    "image": "C:\\HOST\\USER\\audiodg.exe",
    "command_line": "C:\\HOST\\USER\\AUDIODG.EXE 0x0000000000000508 0x0000000000000514",
    "current_directory": "C:\\HOST\\USER\\",
    "user": "USER-REDACTED",
    "logon_guid": "{GUID-REDACTED}",
    "logon_id": "0x3e5",
    "terminal_session_id": "0",
    "integrity_level": "System",
    "hashes": "SHA256=8674574A319E3322093934585195D962E3657E729103AB22895950DD127BDE6A",
    "parent_process_guid": "{GUID-REDACTED}",
    "parent_process_id": "2328",
    "parent_image": "C:\\HOST\\USER\\svchost.exe",
    "parent_command_line": "C:\\HOST\\USER\\svchost.exe -k LocalServiceNetworkRestricted -p",
    "target_filename": null,
    "creation_utc_time": null,
    "destination_ip": null,
    "destination_port": null,
    "source_ip": null,
    "source_port": null,
    "protocol": null,
    "target_object": null,
    "details": null
  },
  {
    "timestamp": "2026-03-22T05:56:09.454Z",
    "message": "Process Create:\nRuleName: -\nUtcTime: 2026-03-22 05:56:09.440\nProcessGuid: {GUID-REDACTED}\nProcessId: 6608\nImage: C:\\HOST\\USER\\powershell.exe\nFileVersion: 10.0.26100.5074 (WinBuild.160101.0800)\nDescription: Windows PowerShell\nProduct: Microsoft® Windows® Operating System\nCompany: Microsoft Corporation\nOriginalFileName: PowerShell.EXE\nCommandLine: \"C:\\HOST\\USER\\powershell.exe\" \nCurrentDirectory: C:\\HOST\\USER\\\nUser: HOST\\USER\nLogonGuid: {GUID-REDACTED}\nLogonId: 0x22f680\nTerminalSessionId: 2\nIntegrityLevel: High\nHashes: SHA256=0FF6F2C94BC7E2833A5F7E16DE1622E5DBA70396F31C7D5F56381870317E8C46\nParentProcessGuid: {GUID-REDACTED}\nParentProcessId: 5440\nParentImage: C:\\HOST\\USER\nParentCommandLine: C:\\HOST\\USER\nParentUser: HOST\\USER",
    "event_code": "1",
    "event_action": "Process Create (rule: ProcessCreate)",
    "event_kind": "event",
    "provider": "Microsoft-Windows-Sysmon",
    "channel": "Microsoft-Windows-Sysmon/Operational",
    "event_id": "1",
    "record_id": 324,
    "computer_name": "HOST-REDACTED",
    "provider_name": "Microsoft-Windows-Sysmon",
    "log_level": "information",
    "host_name": "HOST-REDACTED",
    "host_hostname": "HOST-REDACTED",
    "host_os": "Windows 11 Pro",
    "agent_type": "winlogbeat",
    "agent_version": "9.3.2",
    "process_pid": 1596,
    "raw_event_data": {
      "CurrentDirectory": "C:\\HOST\\USER\\",
      "LogonGuid": "{GUID-REDACTED}",
      "Image": "C:\\HOST\\USER\\powershell.exe",
      "UtcTime": "2026-03-22 05:56:09.440",
      "ParentProcessGuid": "{GUID-REDACTED}",
      "ParentCommandLine": "C:\\HOST\\USER",
      "RuleName": "-",
      "ParentUser": "HOST\\USER",
      "Product": "Microsoft® Windows® Operating System",
      "ParentProcessId": "5440",
      "ProcessId": "6608",
      "LogonId": "0x22f680",
      "ProcessGuid": "{GUID-REDACTED}",
      "TerminalSessionId": "2",
      "Hashes": "SHA256=0FF6F2C94BC7E2833A5F7E16DE1622E5DBA70396F31C7D5F56381870317E8C46",
      "OriginalFileName": "PowerShell.EXE",
      "IntegrityLevel": "High",
      "Company": "Microsoft Corporation",
      "User": "USER-REDACTED",
      "CommandLine": "\"C:\\HOST\\USER\\powershell.exe\" ",
      "Description": "Windows PowerShell",
      "ParentImage": "C:\\HOST\\USER",
      "FileVersion": "10.0.26100.5074 (WinBuild.160101.0800)"
    },
    "raw": {
      "@timestamp": "2026-03-22T05:56:09.454Z",
      "log": {
        "level": "information"
      },
      "message": "Process Create:\nRuleName: -\nUtcTime: 2026-03-22 05:56:09.440\nProcessGuid: {GUID-REDACTED}\nProcessId: 6608\nImage: C:\\HOST\\USER\\powershell.exe\nFileVersion: 10.0.26100.5074 (WinBuild.160101.0800)\nDescription: Windows PowerShell\nProduct: Microsoft® Windows® Operating System\nCompany: Microsoft Corporation\nOriginalFileName: PowerShell.EXE\nCommandLine: \"C:\\HOST\\USER\\powershell.exe\" \nCurrentDirectory: C:\\HOST\\USER\\\nUser: HOST\\USER\nLogonGuid: {GUID-REDACTED}\nLogonId: 0x22f680\nTerminalSessionId: 2\nIntegrityLevel: High\nHashes: SHA256=0FF6F2C94BC7E2833A5F7E16DE1622E5DBA70396F31C7D5F56381870317E8C46\nParentProcessGuid: {GUID-REDACTED}\nParentProcessId: 5440\nParentImage: C:\\HOST\\USER\nParentCommandLine: C:\\HOST\\USER\nParentUser: HOST\\USER",
      "ecs": {
        "version": "8.0.0"
      },
      "host": {
        "architecture": "x86_64",
        "name": "HOST-REDACTED",
        "id": "4c1ea299-cc74-49b5-ac0a-1138d9d08387",
        "os": {
          "type": "windows",
          "version": "10.0",
          "name": "Windows 11 Pro",
          "kernel": "10.0.26100.8036 (WinBuild.160101.0800)",
          "family": "windows",
          "build": "26200.8037",
          "platform": "windows"
        },
        "ip": [
          "fe80::1eac:376c:1bd5:f979",
          "IP-REDACTED"
        ],
        "mac": [
          "MAC-REDACTED"
        ],
        "hostname": "HOST-REDACTED"
      },
      "@version": "1",
      "winlog": {
        "version": 5,
        "user": {
          "type": "Well Known Group",
          "name": "SYSTEM",
          "domain": "NT AUTHORITY",
          "identifier": "S-1-5-XX-REDACTED"
        },
        "event_id": "1",
        "record_id": 324,
        "provider_guid": "{GUID-REDACTED}",
        "channel": "Microsoft-Windows-Sysmon/Operational",
        "task": "Process Create (rule: ProcessCreate)",
        "opcode": "Info",
        "computer_name": "HOST-REDACTED",
        "process": {
          "thread": {
            "id": 1304
          },
          "pid": 1596
        },
        "provider_name": "Microsoft-Windows-Sysmon",
        "event_data": {
          "CurrentDirectory": "C:\\HOST\\USER\\",
          "LogonGuid": "{GUID-REDACTED}",
          "Image": "C:\\HOST\\USER\\powershell.exe",
          "UtcTime": "2026-03-22 05:56:09.440",
          "ParentProcessGuid": "{GUID-REDACTED}",
          "ParentCommandLine": "C:\\HOST\\USER",
          "RuleName": "-",
          "ParentUser": "HOST\\USER",
          "Product": "Microsoft® Windows® Operating System",
          "ParentProcessId": "5440",
          "ProcessId": "6608",
          "LogonId": "0x22f680",
          "ProcessGuid": "{GUID-REDACTED}",
          "TerminalSessionId": "2",
          "Hashes": "SHA256=0FF6F2C94BC7E2833A5F7E16DE1622E5DBA70396F31C7D5F56381870317E8C46",
          "OriginalFileName": "PowerShell.EXE",
          "IntegrityLevel": "High",
          "Company": "Microsoft Corporation",
          "User": "USER-REDACTED",
          "CommandLine": "\"C:\\HOST\\USER\\powershell.exe\" ",
          "Description": "Windows PowerShell",
          "ParentImage": "C:\\HOST\\USER",
          "FileVersion": "10.0.26100.5074 (WinBuild.160101.0800)"
        }
      },
      "tags": [
        "beats_input_codec_plain_applied"
      ],
      "agent": {
        "type": "winlogbeat",
        "id": "e914dd33-e7be-4a91-b774-394d715855f5",
        "name": "HOST-REDACTED",
        "ephemeral_id": "b8267783-8d43-4086-8074-c2f96b9f9dae",
        "version": "9.3.2"
      },
      "event": {
        "kind": "event",
        "created": "2026-03-29T09:11:41.472Z",
        "action": "Process Create (rule: ProcessCreate)",
        "code": "1",
        "original": "Process Create:\nRuleName: -\nUtcTime: 2026-03-22 05:56:09.440\nProcessGuid: {GUID-REDACTED}\nProcessId: 6608\nImage: C:\\HOST\\USER\\powershell.exe\nFileVersion: 10.0.26100.5074 (WinBuild.160101.0800)\nDescription: Windows PowerShell\nProduct: Microsoft® Windows® Operating System\nCompany: Microsoft Corporation\nOriginalFileName: PowerShell.EXE\nCommandLine: \"C:\\HOST\\USER\\powershell.exe\" \nCurrentDirectory: C:\\HOST\\USER\\\nUser: HOST\\USER\nLogonGuid: {GUID-REDACTED}\nLogonId: 0x22f680\nTerminalSessionId: 2\nIntegrityLevel: High\nHashes: SHA256=0FF6F2C94BC7E2833A5F7E16DE1622E5DBA70396F31C7D5F56381870317E8C46\nParentProcessGuid: {GUID-REDACTED}\nParentProcessId: 5440\nParentImage: C:\\HOST\\USER\nParentCommandLine: C:\\HOST\\USER\nParentUser: HOST\\USER",
        "provider": "Microsoft-Windows-Sysmon"
      }
    },
    "parsed_type": "sysmon",
    "event_type_name": "ProcessCreate",
    "process_guid": "{GUID-REDACTED}",
    "process_id": "6608",
    "image": "C:\\HOST\\USER\\powershell.exe",
    "command_line": "\"C:\\HOST\\USER\\powershell.exe\" ",
    "current_directory": "C:\\HOST\\USER\\",
    "user": "USER-REDACTED",
    "logon_guid": "{GUID-REDACTED}",
    "logon_id": "0x22f680",
    "terminal_session_id": "2",
    "integrity_level": "High",
    "hashes": "SHA256=0FF6F2C94BC7E2833A5F7E16DE1622E5DBA70396F31C7D5F56381870317E8C46",
    "parent_process_guid": "{GUID-REDACTED}",
    "parent_process_id": "5440",
    "parent_image": "C:\\HOST\\USER",
    "parent_command_line": "C:\\HOST\\USER",
    "target_filename": null,
    "creation_utc_time": null,
    "destination_ip": null,
    "destination_port": null,
    "source_ip": null,
    "source_port": null,
    "protocol": null,
    "target_object": null,
    "details": null
  },
