  {
    "timestamp": "2026-03-22T05:58:12.910Z",
    "message": "Process Create:\nRuleName: -\nUtcTime: 2026-03-22 05:58:12.906\nProcessGuid: {GUID-REDACTED}\nProcessId: 7108\nImage: C:\\HOST\\USER\\OpenWith.exe\nFileVersion: 10.0.26100.7920 (WinBuild.160101.0800)\nDescription: Pick an app\nProduct: Microsoft® Windows® Operating System\nCompany: Microsoft Corporation\nOriginalFileName: OpenWith.exe\nCommandLine: C:\\HOST\\USER\\OpenWith.exe -Embedding\nCurrentDirectory: C:\\HOST\\USER\\\nUser: HOST\\USER\nLogonGuid: {GUID-REDACTED}\nLogonId: 0x22f6e2\nTerminalSessionId: 2\nIntegrityLevel: Medium\nHashes: SHA256=D7E396E63D48673BD771B3CE57397B1121264F0C83C9B4A9D64543A679A58429\nParentProcessGuid: {GUID-REDACTED}\nParentProcessId: 940\nParentImage: C:\\HOST\\USER\\svchost.exe\nParentCommandLine: C:\\HOST\\USER\\svchost.exe -k DcomLaunch -p\nParentUser: NT HOST\\USER",
    "event_code": "1",
    "event_action": "Process Create (rule: ProcessCreate)",
    "event_kind": "event",
    "provider": "Microsoft-Windows-Sysmon",
    "channel": "Microsoft-Windows-Sysmon/Operational",
    "event_id": "1",
    "record_id": 340,
    "computer_name": "HOST-REDACTED",
    "provider_name": "Microsoft-Windows-Sysmon",
    "log_level": "information",
    "host_name": "HOST-REDACTED",
    "host_hostname": "HOST-REDACTED",
    "host_os": "Windows 11 Pro",
    "agent_type": "winlogbeat",
    "agent_version": "9.3.2",
    "process_pid": 1596,
    "raw_event_data": {
      "CurrentDirectory": "C:\\HOST\\USER\\",
      "LogonGuid": "{GUID-REDACTED}",
      "Image": "C:\\HOST\\USER\\OpenWith.exe",
      "UtcTime": "2026-03-22 05:58:12.906",
      "ParentProcessGuid": "{GUID-REDACTED}",
      "ParentCommandLine": "C:\\HOST\\USER\\svchost.exe -k DcomLaunch -p",
      "RuleName": "-",
      "ParentUser": "NT HOST\\USER",
      "ParentProcessId": "940",
      "Product": "Microsoft® Windows® Operating System",
      "ProcessId": "7108",
      "LogonId": "0x22f6e2",
      "ProcessGuid": "{GUID-REDACTED}",
      "TerminalSessionId": "2",
      "Hashes": "SHA256=D7E396E63D48673BD771B3CE57397B1121264F0C83C9B4A9D64543A679A58429",
      "OriginalFileName": "OpenWith.exe",
      "IntegrityLevel": "Medium",
      "Company": "Microsoft Corporation",
      "User": "USER-REDACTED",
      "Description": "Pick an app",
      "CommandLine": "C:\\HOST\\USER\\OpenWith.exe -Embedding",
      "ParentImage": "C:\\HOST\\USER\\svchost.exe",
      "FileVersion": "10.0.26100.7920 (WinBuild.160101.0800)"
    },
    "raw": {
      "@timestamp": "2026-03-22T05:58:12.910Z",
      "log": {
        "level": "information"
      },
      "message": "Process Create:\nRuleName: -\nUtcTime: 2026-03-22 05:58:12.906\nProcessGuid: {GUID-REDACTED}\nProcessId: 7108\nImage: C:\\HOST\\USER\\OpenWith.exe\nFileVersion: 10.0.26100.7920 (WinBuild.160101.0800)\nDescription: Pick an app\nProduct: Microsoft® Windows® Operating System\nCompany: Microsoft Corporation\nOriginalFileName: OpenWith.exe\nCommandLine: C:\\HOST\\USER\\OpenWith.exe -Embedding\nCurrentDirectory: C:\\HOST\\USER\\\nUser: HOST\\USER\nLogonGuid: {GUID-REDACTED}\nLogonId: 0x22f6e2\nTerminalSessionId: 2\nIntegrityLevel: Medium\nHashes: SHA256=D7E396E63D48673BD771B3CE57397B1121264F0C83C9B4A9D64543A679A58429\nParentProcessGuid: {GUID-REDACTED}\nParentProcessId: 940\nParentImage: C:\\HOST\\USER\\svchost.exe\nParentCommandLine: C:\\HOST\\USER\\svchost.exe -k DcomLaunch -p\nParentUser: NT HOST\\USER",
      "host": {
        "hostname": "HOST-REDACTED",
        "name": "HOST-REDACTED",
        "id": "4c1ea299-cc74-49b5-ac0a-1138d9d08387",
        "os": {
          "type": "windows",
          "version": "10.0",
          "name": "Windows 11 Pro",
          "kernel": "10.0.26100.8036 (WinBuild.160101.0800)",
          "family": "windows",
          "build": "26200.8037",
          "platform": "windows"
        },
        "ip": [
          "fe80::1eac:376c:1bd5:f979",
          "IP-REDACTED"
        ],
        "mac": [
          "MAC-REDACTED"
        ],
        "architecture": "x86_64"
      },
      "ecs": {
        "version": "8.0.0"
      },
      "@version": "1",
      "winlog": {
        "version": 5,
        "user": {
          "type": "Well Known Group",
          "name": "SYSTEM",
          "domain": "NT AUTHORITY",
          "identifier": "S-1-5-XX-REDACTED"
        },
        "event_id": "1",
        "record_id": 340,
        "provider_guid": "{GUID-REDACTED}",
        "channel": "Microsoft-Windows-Sysmon/Operational",
        "task": "Process Create (rule: ProcessCreate)",
        "opcode": "Info",
        "computer_name": "HOST-REDACTED",
        "process": {
          "thread": {
            "id": 1304
          },
          "pid": 1596
        },
        "provider_name": "Microsoft-Windows-Sysmon",
        "event_data": {
          "CurrentDirectory": "C:\\HOST\\USER\\",
          "LogonGuid": "{GUID-REDACTED}",
          "Image": "C:\\HOST\\USER\\OpenWith.exe",
          "UtcTime": "2026-03-22 05:58:12.906",
          "ParentProcessGuid": "{GUID-REDACTED}",
          "ParentCommandLine": "C:\\HOST\\USER\\svchost.exe -k DcomLaunch -p",
          "RuleName": "-",
          "ParentUser": "NT HOST\\USER",
          "ParentProcessId": "940",
          "Product": "Microsoft® Windows® Operating System",
          "ProcessId": "7108",
          "LogonId": "0x22f6e2",
          "ProcessGuid": "{GUID-REDACTED}",
          "TerminalSessionId": "2",
          "Hashes": "SHA256=D7E396E63D48673BD771B3CE57397B1121264F0C83C9B4A9D64543A679A58429",
          "OriginalFileName": "OpenWith.exe",
          "IntegrityLevel": "Medium",
          "Company": "Microsoft Corporation",
          "User": "USER-REDACTED",
          "Description": "Pick an app",
          "CommandLine": "C:\\HOST\\USER\\OpenWith.exe -Embedding",
          "ParentImage": "C:\\HOST\\USER\\svchost.exe",
          "FileVersion": "10.0.26100.7920 (WinBuild.160101.0800)"
        }
      },
      "tags": [
        "beats_input_codec_plain_applied"
      ],
      "agent": {
        "type": "winlogbeat",
        "version": "9.3.2",
        "id": "e914dd33-e7be-4a91-b774-394d715855f5",
        "ephemeral_id": "b8267783-8d43-4086-8074-c2f96b9f9dae",
        "name": "HOST-REDACTED"
      },
      "event": {
        "kind": "event",
        "created": "2026-03-29T09:11:41.473Z",
        "code": "1",
        "action": "Process Create (rule: ProcessCreate)",
        "original": "Process Create:\nRuleName: -\nUtcTime: 2026-03-22 05:58:12.906\nProcessGuid: {GUID-REDACTED}\nProcessId: 7108\nImage: C:\\HOST\\USER\\OpenWith.exe\nFileVersion: 10.0.26100.7920 (WinBuild.160101.0800)\nDescription: Pick an app\nProduct: Microsoft® Windows® Operating System\nCompany: Microsoft Corporation\nOriginalFileName: OpenWith.exe\nCommandLine: C:\\HOST\\USER\\OpenWith.exe -Embedding\nCurrentDirectory: C:\\HOST\\USER\\\nUser: HOST\\USER\nLogonGuid: {GUID-REDACTED}\nLogonId: 0x22f6e2\nTerminalSessionId: 2\nIntegrityLevel: Medium\nHashes: SHA256=D7E396E63D48673BD771B3CE57397B1121264F0C83C9B4A9D64543A679A58429\nParentProcessGuid: {GUID-REDACTED}\nParentProcessId: 940\nParentImage: C:\\HOST\\USER\\svchost.exe\nParentCommandLine: C:\\HOST\\USER\\svchost.exe -k DcomLaunch -p\nParentUser: NT HOST\\USER",
        "provider": "Microsoft-Windows-Sysmon"
      }
    },
    "parsed_type": "sysmon",
    "event_type_name": "ProcessCreate",
    "process_guid": "{GUID-REDACTED}",
    "process_id": "7108",
    "image": "C:\\HOST\\USER\\OpenWith.exe",
    "command_line": "C:\\HOST\\USER\\OpenWith.exe -Embedding",
    "current_directory": "C:\\HOST\\USER\\",
    "user": "USER-REDACTED",
    "logon_guid": "{GUID-REDACTED}",
    "logon_id": "0x22f6e2",
    "terminal_session_id": "2",
    "integrity_level": "Medium",
    "hashes": "SHA256=D7E396E63D48673BD771B3CE57397B1121264F0C83C9B4A9D64543A679A58429",
    "parent_process_guid": "{GUID-REDACTED}",
    "parent_process_id": "940",
    "parent_image": "C:\\HOST\\USER\\svchost.exe",
    "parent_command_line": "C:\\HOST\\USER\\svchost.exe -k DcomLaunch -p",
    "target_filename": null,
    "creation_utc_time": null,
    "destination_ip": null,
    "destination_port": null,
    "source_ip": null,
    "source_port": null,
    "protocol": null,
    "target_object": null,
    "details": null
  },
  {
    "timestamp": "2026-03-22T05:58:13.022Z",
    "message": "Process Create:\nRuleName: -\nUtcTime: 2026-03-22 05:58:13.020\nProcessGuid: {GUID-REDACTED}\nProcessId: 1580\nImage: C:\\HOST\\USER\\svchost.exe\nFileVersion: 10.0.26100.7705 (WinBuild.160101.0800)\nDescription: Host Process for Windows Services\nProduct: Microsoft® Windows® Operating System\nCompany: Microsoft Corporation\nOriginalFileName: svchost.exe\nCommandLine: C:\\HOST\\USER\\svchost.exe -k netsvcs -p -s AppMgmt\nCurrentDirectory: C:\\HOST\\USER\\\nUser: NT HOST\\USER\nLogonGuid: {GUID-REDACTED}\nLogonId: 0x3e7\nTerminalSessionId: 0\nIntegrityLevel: System\nHashes: SHA256=44FD6F9347CEED5798A25C47167F335EF085AE4648A81F775DD4BDC6240D8189\nParentProcessGuid: {GUID-REDACTED}\nParentProcessId: 788\nParentImage: C:\\HOST\\USER\\services.exe\nParentCommandLine: C:\\HOST\\USER\\services.exe\nParentUser: NT HOST\\USER",
    "event_code": "1",
    "event_action": "Process Create (rule: ProcessCreate)",
    "event_kind": "event",
    "provider": "Microsoft-Windows-Sysmon",
    "channel": "Microsoft-Windows-Sysmon/Operational",
    "event_id": "1",
    "record_id": 341,
    "computer_name": "HOST-REDACTED",
    "provider_name": "Microsoft-Windows-Sysmon",
    "log_level": "information",
    "host_name": "HOST-REDACTED",
    "host_hostname": "HOST-REDACTED",
    "host_os": "Windows 11 Pro",
    "agent_type": "winlogbeat",
    "agent_version": "9.3.2",
    "process_pid": 1596,
    "raw_event_data": {
      "CurrentDirectory": "C:\\HOST\\USER\\",
      "LogonGuid": "{GUID-REDACTED}",
      "Image": "C:\\HOST\\USER\\svchost.exe",
      "UtcTime": "2026-03-22 05:58:13.020",
      "ParentProcessGuid": "{GUID-REDACTED}",
      "ParentCommandLine": "C:\\HOST\\USER\\services.exe",
      "RuleName": "-",
      "ParentUser": "NT HOST\\USER",
      "Product": "Microsoft® Windows® Operating System",
      "ParentProcessId": "788",
      "ProcessId": "1580",
      "LogonId": "0x3e7",
      "ProcessGuid": "{GUID-REDACTED}",
      "TerminalSessionId": "0",
      "Hashes": "SHA256=44FD6F9347CEED5798A25C47167F335EF085AE4648A81F775DD4BDC6240D8189",
      "OriginalFileName": "svchost.exe",
      "IntegrityLevel": "System",
      "Company": "Microsoft Corporation",
      "User": "USER-REDACTED",
      "CommandLine": "C:\\HOST\\USER\\svchost.exe -k netsvcs -p -s AppMgmt",
      "Description": "Host Process for Windows Services",
      "ParentImage": "C:\\HOST\\USER\\services.exe",
      "FileVersion": "10.0.26100.7705 (WinBuild.160101.0800)"
    },
    "raw": {
      "@timestamp": "2026-03-22T05:58:13.022Z",
      "host": {
        "architecture": "x86_64",
        "name": "HOST-REDACTED",
        "id": "4c1ea299-cc74-49b5-ac0a-1138d9d08387",
        "os": {
          "type": "windows",
          "name": "Windows 11 Pro",
          "kernel": "10.0.26100.8036 (WinBuild.160101.0800)",
          "version": "10.0",
          "family": "windows",
          "build": "26200.8037",
          "platform": "windows"
        },
        "ip": [
          "fe80::1eac:376c:1bd5:f979",
          "IP-REDACTED"
        ],
        "mac": [
          "MAC-REDACTED"
        ],
        "hostname": "HOST-REDACTED"
      },
      "message": "Process Create:\nRuleName: -\nUtcTime: 2026-03-22 05:58:13.020\nProcessGuid: {GUID-REDACTED}\nProcessId: 1580\nImage: C:\\HOST\\USER\\svchost.exe\nFileVersion: 10.0.26100.7705 (WinBuild.160101.0800)\nDescription: Host Process for Windows Services\nProduct: Microsoft® Windows® Operating System\nCompany: Microsoft Corporation\nOriginalFileName: svchost.exe\nCommandLine: C:\\HOST\\USER\\svchost.exe -k netsvcs -p -s AppMgmt\nCurrentDirectory: C:\\HOST\\USER\\\nUser: NT HOST\\USER\nLogonGuid: {GUID-REDACTED}\nLogonId: 0x3e7\nTerminalSessionId: 0\nIntegrityLevel: System\nHashes: SHA256=44FD6F9347CEED5798A25C47167F335EF085AE4648A81F775DD4BDC6240D8189\nParentProcessGuid: {GUID-REDACTED}\nParentProcessId: 788\nParentImage: C:\\HOST\\USER\\services.exe\nParentCommandLine: C:\\HOST\\USER\\services.exe\nParentUser: NT HOST\\USER",
      "log": {
        "level": "information"
      },
      "ecs": {
        "version": "8.0.0"
      },
      "@version": "1",
      "winlog": {
        "version": 5,
        "user": {
          "type": "Well Known Group",
          "name": "SYSTEM",
          "domain": "NT AUTHORITY",
          "identifier": "S-1-5-XX-REDACTED"
        },
        "event_id": "1",
        "record_id": 341,
        "provider_guid": "{GUID-REDACTED}",
        "channel": "Microsoft-Windows-Sysmon/Operational",
        "task": "Process Create (rule: ProcessCreate)",
        "opcode": "Info",
        "process": {
          "thread": {
            "id": 1304
          },
          "pid": 1596
        },
        "computer_name": "HOST-REDACTED",
        "provider_name": "Microsoft-Windows-Sysmon",
        "event_data": {
          "CurrentDirectory": "C:\\HOST\\USER\\",
          "LogonGuid": "{GUID-REDACTED}",
          "Image": "C:\\HOST\\USER\\svchost.exe",
          "UtcTime": "2026-03-22 05:58:13.020",
          "ParentProcessGuid": "{GUID-REDACTED}",
          "ParentCommandLine": "C:\\HOST\\USER\\services.exe",
          "RuleName": "-",
          "ParentUser": "NT HOST\\USER",
          "Product": "Microsoft® Windows® Operating System",
          "ParentProcessId": "788",
          "ProcessId": "1580",
          "LogonId": "0x3e7",
          "ProcessGuid": "{GUID-REDACTED}",
          "TerminalSessionId": "0",
          "Hashes": "SHA256=44FD6F9347CEED5798A25C47167F335EF085AE4648A81F775DD4BDC6240D8189",
          "OriginalFileName": "svchost.exe",
          "IntegrityLevel": "System",
          "Company": "Microsoft Corporation",
          "User": "USER-REDACTED",
          "CommandLine": "C:\\HOST\\USER\\svchost.exe -k netsvcs -p -s AppMgmt",
          "Description": "Host Process for Windows Services",
          "ParentImage": "C:\\HOST\\USER\\services.exe",
          "FileVersion": "10.0.26100.7705 (WinBuild.160101.0800)"
        }
      },
      "tags": [
        "beats_input_codec_plain_applied"
      ],
      "agent": {
        "type": "winlogbeat",
        "id": "e914dd33-e7be-4a91-b774-394d715855f5",
        "name": "HOST-REDACTED",
        "ephemeral_id": "b8267783-8d43-4086-8074-c2f96b9f9dae",
        "version": "9.3.2"
      },
      "event": {
        "kind": "event",
        "created": "2026-03-29T09:11:41.473Z",
        "action": "Process Create (rule: ProcessCreate)",
        "code": "1",
        "original": "Process Create:\nRuleName: -\nUtcTime: 2026-03-22 05:58:13.020\nProcessGuid: {GUID-REDACTED}\nProcessId: 1580\nImage: C:\\HOST\\USER\\svchost.exe\nFileVersion: 10.0.26100.7705 (WinBuild.160101.0800)\nDescription: Host Process for Windows Services\nProduct: Microsoft® Windows® Operating System\nCompany: Microsoft Corporation\nOriginalFileName: svchost.exe\nCommandLine: C:\\HOST\\USER\\svchost.exe -k netsvcs -p -s AppMgmt\nCurrentDirectory: C:\\HOST\\USER\\\nUser: NT HOST\\USER\nLogonGuid: {GUID-REDACTED}\nLogonId: 0x3e7\nTerminalSessionId: 0\nIntegrityLevel: System\nHashes: SHA256=44FD6F9347CEED5798A25C47167F335EF085AE4648A81F775DD4BDC6240D8189\nParentProcessGuid: {GUID-REDACTED}\nParentProcessId: 788\nParentImage: C:\\HOST\\USER\\services.exe\nParentCommandLine: C:\\HOST\\USER\\services.exe\nParentUser: NT HOST\\USER",
        "provider": "Microsoft-Windows-Sysmon"
      }
    },
    "parsed_type": "sysmon",
    "event_type_name": "ProcessCreate",
    "process_guid": "{GUID-REDACTED}",
    "process_id": "1580",
    "image": "C:\\HOST\\USER\\svchost.exe",
    "command_line": "C:\\HOST\\USER\\svchost.exe -k netsvcs -p -s AppMgmt",
    "current_directory": "C:\\HOST\\USER\\",
    "user": "USER-REDACTED",
    "logon_guid": "{GUID-REDACTED}",
    "logon_id": "0x3e7",
    "terminal_session_id": "0",
    "integrity_level": "System",
    "hashes": "SHA256=44FD6F9347CEED5798A25C47167F335EF085AE4648A81F775DD4BDC6240D8189",
    "parent_process_guid": "{GUID-REDACTED}",
    "parent_process_id": "788",
    "parent_image": "C:\\HOST\\USER\\services.exe",
    "parent_command_line": "C:\\HOST\\USER\\services.exe",
    "target_filename": null,
    "creation_utc_time": null,
    "destination_ip": null,
    "destination_port": null,
    "source_ip": null,
    "source_port": null,
    "protocol": null,
    "target_object": null,
    "details": null
  },
  {
    "timestamp": "2026-03-22T05:58:15.530Z",
    "message": "Process Create:\nRuleName: -\nUtcTime: 2026-03-22 05:58:15.516\nProcessGuid: {GUID-REDACTED}\nProcessId: 7180\nImage: C:\\Program HOST\\USER\\Notepad.exe\nFileVersion: -\nDescription: -\nProduct: -\nCompany: -\nOriginalFileName: -\nCommandLine: \"C:\\Program HOST\\USER\\Notepad.exe\" \"C:\\HOST\\USER\\winlogbeat.yml\"\nCurrentDirectory: C:\\HOST\\USER\\\nUser: HOST\\USER\nLogonGuid: {GUID-REDACTED}\nLogonId: 0x22f6e2\nTerminalSessionId: 2\nIntegrityLevel: Medium\nHashes: SHA256=CC7DCDF83206043FADF7E2472248A88492224E8A1660F5B47E976C09E338F981\nParentProcessGuid: {GUID-REDACTED}\nParentProcessId: 7108\nParentImage: C:\\HOST\\USER\\OpenWith.exe\nParentCommandLine: C:\\HOST\\USER\\OpenWith.exe -Embedding\nParentUser: HOST\\USER",
    "event_code": "1",
    "event_action": "Process Create (rule: ProcessCreate)",
    "event_kind": "event",
    "provider": "Microsoft-Windows-Sysmon",
    "channel": "Microsoft-Windows-Sysmon/Operational",
    "event_id": "1",
    "record_id": 342,
    "computer_name": "HOST-REDACTED",
    "provider_name": "Microsoft-Windows-Sysmon",
    "log_level": "information",
    "host_name": "HOST-REDACTED",
    "host_hostname": "HOST-REDACTED",
    "host_os": "Windows 11 Pro",
    "agent_type": "winlogbeat",
    "agent_version": "9.3.2",
    "process_pid": 1596,
    "raw_event_data": {
      "CurrentDirectory": "C:\\HOST\\USER\\",
      "LogonGuid": "{GUID-REDACTED}",
      "Image": "C:\\Program HOST\\USER\\Notepad.exe",
      "ParentProcessGuid": "{GUID-REDACTED}",
      "UtcTime": "2026-03-22 05:58:15.516",
      "ParentCommandLine": "C:\\HOST\\USER\\OpenWith.exe -Embedding",
      "RuleName": "-",
      "ParentUser": "HOST\\USER",
      "Product": "-",
      "ParentProcessId": "7108",
      "ProcessId": "7180",
      "LogonId": "0x22f6e2",
      "ProcessGuid": "{GUID-REDACTED}",
      "TerminalSessionId": "2",
      "Hashes": "SHA256=CC7DCDF83206043FADF7E2472248A88492224E8A1660F5B47E976C09E338F981",
      "OriginalFileName": "-",
      "IntegrityLevel": "Medium",
      "Company": "-",
      "User": "USER-REDACTED",
      "CommandLine": "\"C:\\Program HOST\\USER\\Notepad.exe\" \"C:\\HOST\\USER\\winlogbeat.yml\"",
      "Description": "-",
      "ParentImage": "C:\\HOST\\USER\\OpenWith.exe",
      "FileVersion": "-"
    },
    "raw": {
      "@timestamp": "2026-03-22T05:58:15.530Z",
      "log": {
        "level": "information"
      },
      "message": "Process Create:\nRuleName: -\nUtcTime: 2026-03-22 05:58:15.516\nProcessGuid: {GUID-REDACTED}\nProcessId: 7180\nImage: C:\\Program HOST\\USER\\Notepad.exe\nFileVersion: -\nDescription: -\nProduct: -\nCompany: -\nOriginalFileName: -\nCommandLine: \"C:\\Program HOST\\USER\\Notepad.exe\" \"C:\\HOST\\USER\\winlogbeat.yml\"\nCurrentDirectory: C:\\HOST\\USER\\\nUser: HOST\\USER\nLogonGuid: {GUID-REDACTED}\nLogonId: 0x22f6e2\nTerminalSessionId: 2\nIntegrityLevel: Medium\nHashes: SHA256=CC7DCDF83206043FADF7E2472248A88492224E8A1660F5B47E976C09E338F981\nParentProcessGuid: {GUID-REDACTED}\nParentProcessId: 7108\nParentImage: C:\\HOST\\USER\\OpenWith.exe\nParentCommandLine: C:\\HOST\\USER\\OpenWith.exe -Embedding\nParentUser: HOST\\USER",
      "host": {
        "architecture": "x86_64",
        "name": "HOST-REDACTED",
        "id": "4c1ea299-cc74-49b5-ac0a-1138d9d08387",
        "os": {
          "type": "windows",
          "kernel": "10.0.26100.8036 (WinBuild.160101.0800)",
          "version": "10.0",
          "name": "Windows 11 Pro",
          "family": "windows",
          "build": "26200.8037",
          "platform": "windows"
        },
        "ip": [
          "fe80::1eac:376c:1bd5:f979",
          "IP-REDACTED"
        ],
        "mac": [
          "MAC-REDACTED"
        ],
        "hostname": "HOST-REDACTED"
      },
      "ecs": {
        "version": "8.0.0"
      },
      "@version": "1",
      "winlog": {
        "version": 5,
        "user": {
          "type": "Well Known Group",
          "name": "SYSTEM",
          "domain": "NT AUTHORITY",
          "identifier": "S-1-5-XX-REDACTED"
        },
        "event_id": "1",
        "record_id": 342,
        "provider_guid": "{GUID-REDACTED}",
        "channel": "Microsoft-Windows-Sysmon/Operational",
        "task": "Process Create (rule: ProcessCreate)",
        "opcode": "Info",
        "process": {
          "thread": {
            "id": 1304
          },
          "pid": 1596
        },
        "computer_name": "HOST-REDACTED",
        "provider_name": "Microsoft-Windows-Sysmon",
        "event_data": {
          "CurrentDirectory": "C:\\HOST\\USER\\",
          "LogonGuid": "{GUID-REDACTED}",
          "Image": "C:\\Program HOST\\USER\\Notepad.exe",
          "ParentProcessGuid": "{GUID-REDACTED}",
          "UtcTime": "2026-03-22 05:58:15.516",
          "ParentCommandLine": "C:\\HOST\\USER\\OpenWith.exe -Embedding",
          "RuleName": "-",
          "ParentUser": "HOST\\USER",
          "Product": "-",
          "ParentProcessId": "7108",
          "ProcessId": "7180",
          "LogonId": "0x22f6e2",
          "ProcessGuid": "{GUID-REDACTED}",
          "TerminalSessionId": "2",
          "Hashes": "SHA256=CC7DCDF83206043FADF7E2472248A88492224E8A1660F5B47E976C09E338F981",
          "OriginalFileName": "-",
          "IntegrityLevel": "Medium",
          "Company": "-",
          "User": "USER-REDACTED",
          "CommandLine": "\"C:\\Program HOST\\USER\\Notepad.exe\" \"C:\\HOST\\USER\\winlogbeat.yml\"",
          "Description": "-",
          "ParentImage": "C:\\HOST\\USER\\OpenWith.exe",
          "FileVersion": "-"
        }
      },
      "tags": [
        "beats_input_codec_plain_applied"
      ],
      "agent": {
        "type": "winlogbeat",
        "id": "e914dd33-e7be-4a91-b774-394d715855f5",
        "name": "HOST-REDACTED",
        "ephemeral_id": "b8267783-8d43-4086-8074-c2f96b9f9dae",
        "version": "9.3.2"
      },
      "event": {
        "kind": "event",
        "created": "2026-03-29T09:11:41.473Z",
        "action": "Process Create (rule: ProcessCreate)",
        "code": "1",
        "original": "Process Create:\nRuleName: -\nUtcTime: 2026-03-22 05:58:15.516\nProcessGuid: {GUID-REDACTED}\nProcessId: 7180\nImage: C:\\Program HOST\\USER\\Notepad.exe\nFileVersion: -\nDescription: -\nProduct: -\nCompany: -\nOriginalFileName: -\nCommandLine: \"C:\\Program HOST\\USER\\Notepad.exe\" \"C:\\HOST\\USER\\winlogbeat.yml\"\nCurrentDirectory: C:\\HOST\\USER\\\nUser: HOST\\USER\nLogonGuid: {GUID-REDACTED}\nLogonId: 0x22f6e2\nTerminalSessionId: 2\nIntegrityLevel: Medium\nHashes: SHA256=CC7DCDF83206043FADF7E2472248A88492224E8A1660F5B47E976C09E338F981\nParentProcessGuid: {GUID-REDACTED}\nParentProcessId: 7108\nParentImage: C:\\HOST\\USER\\OpenWith.exe\nParentCommandLine: C:\\HOST\\USER\\OpenWith.exe -Embedding\nParentUser: HOST\\USER",
        "provider": "Microsoft-Windows-Sysmon"
      }
    },
    "parsed_type": "sysmon",
    "event_type_name": "ProcessCreate",
    "process_guid": "{GUID-REDACTED}",
    "process_id": "7180",
    "image": "C:\\Program HOST\\USER\\Notepad.exe",
    "command_line": "\"C:\\Program HOST\\USER\\Notepad.exe\" \"C:\\HOST\\USER\\winlogbeat.yml\"",
    "current_directory": "C:\\HOST\\USER\\",
    "user": "USER-REDACTED",
    "logon_guid": "{GUID-REDACTED}",
    "logon_id": "0x22f6e2",
    "terminal_session_id": "2",
    "integrity_level": "Medium",
    "hashes": "SHA256=CC7DCDF83206043FADF7E2472248A88492224E8A1660F5B47E976C09E338F981",
    "parent_process_guid": "{GUID-REDACTED}",
    "parent_process_id": "7108",
    "parent_image": "C:\\HOST\\USER\\OpenWith.exe",
    "parent_command_line": "C:\\HOST\\USER\\OpenWith.exe -Embedding",
    "target_filename": null,
    "creation_utc_time": null,
    "destination_ip": null,
    "destination_port": null,
    "source_ip": null,
    "source_port": null,
    "protocol": null,
    "target_object": null,
    "details": null
  },
  {
    "timestamp": "2026-03-22T05:58:15.708Z",
    "message": "Process Create:\nRuleName: -\nUtcTime: 2026-03-22 05:58:15.703\nProcessGuid: {GUID-REDACTED}\nProcessId: 10244\nImage: C:\\Program HOST\\USER\\Notepad.exe\nFileVersion: -\nDescription: -\nProduct: -\nCompany: -\nOriginalFileName: -\nCommandLine: \"C:\\Program HOST\\USER\\Notepad.exe\" /SESSION:Ual2sczXXUufC+oT/2OXYAEyQwA6AFwAVQBzAGUAcgBzAFwAaABzAHcAaQBvAFwARABvAHcAbgBsAG8AYQBkAHMAXAB3AGkAbgBsAG8AZwBiAGUAYQB0AFwAdwBpAG4AbABvAGcAYgBlAGEAdAAuAHkAbQBsAAAAAAAAAAAAAAAAAAAAAAAAAAAAAAAAAAAAAAAAAAAAAAAAAAAAAAABCgABDBwAAOABAAA4AwAAAAAAAA==\nCurrentDirectory: C:\\HOST\\USER\\\nUser: HOST\\USER\nLogonGuid: {GUID-REDACTED}\nLogonId: 0x22f6e2\nTerminalSessionId: 2\nIntegrityLevel: Medium\nHashes: SHA256=CC7DCDF83206043FADF7E2472248A88492224E8A1660F5B47E976C09E338F981\nParentProcessGuid: {GUID-REDACTED}\nParentProcessId: 7180\nParentImage: C:\\Program HOST\\USER\\Notepad.exe\nParentCommandLine: \"C:\\Program HOST\\USER\\Notepad.exe\" \"C:\\HOST\\USER\\winlogbeat.yml\"\nParentUser: HOST\\USER",
    "event_code": "1",
    "event_action": "Process Create (rule: ProcessCreate)",
    "event_kind": "event",
    "provider": "Microsoft-Windows-Sysmon",
    "channel": "Microsoft-Windows-Sysmon/Operational",
    "event_id": "1",
    "record_id": 343,
    "computer_name": "HOST-REDACTED",
    "provider_name": "Microsoft-Windows-Sysmon",
    "log_level": "information",
    "host_name": "HOST-REDACTED",
    "host_hostname": "HOST-REDACTED",
    "host_os": "Windows 11 Pro",
    "agent_type": "winlogbeat",
    "agent_version": "9.3.2",
    "process_pid": 1596,
    "raw_event_data": {
      "CurrentDirectory": "C:\\HOST\\USER\\",
      "LogonGuid": "{GUID-REDACTED}",
      "Image": "C:\\Program HOST\\USER\\Notepad.exe",
      "ParentProcessGuid": "{GUID-REDACTED}",
      "UtcTime": "2026-03-22 05:58:15.703",
      "ParentCommandLine": "\"C:\\Program HOST\\USER\\Notepad.exe\" \"C:\\HOST\\USER\\winlogbeat.yml\"",
      "RuleName": "-",
      "ParentUser": "HOST\\USER",
      "ParentProcessId": "7180",
      "Product": "-",
      "ProcessId": "10244",
      "LogonId": "0x22f6e2",
      "ProcessGuid": "{GUID-REDACTED}",
      "TerminalSessionId": "2",
      "Hashes": "SHA256=CC7DCDF83206043FADF7E2472248A88492224E8A1660F5B47E976C09E338F981",
      "OriginalFileName": "-",
      "IntegrityLevel": "Medium",
      "Company": "-",
      "User": "USER-REDACTED",
      "Description": "-",
      "CommandLine": "\"C:\\Program HOST\\USER\\Notepad.exe\" /SESSION:Ual2sczXXUufC+oT/2OXYAEyQwA6AFwAVQBzAGUAcgBzAFwAaABzAHcAaQBvAFwARABvAHcAbgBsAG8AYQBkAHMAXAB3AGkAbgBsAG8AZwBiAGUAYQB0AFwAdwBpAG4AbABvAGcAYgBlAGEAdAAuAHkAbQBsAAAAAAAAAAAAAAAAAAAAAAAAAAAAAAAAAAAAAAAAAAAAAAAAAAAAAAABCgABDBwAAOABAAA4AwAAAAAAAA==",
      "ParentImage": "C:\\Program HOST\\USER\\Notepad.exe",
      "FileVersion": "-"
    },
    "raw": {
      "@timestamp": "2026-03-22T05:58:15.708Z",
      "ecs": {
        "version": "8.0.0"
      },
      "message": "Process Create:\nRuleName: -\nUtcTime: 2026-03-22 05:58:15.703\nProcessGuid: {GUID-REDACTED}\nProcessId: 10244\nImage: C:\\Program HOST\\USER\\Notepad.exe\nFileVersion: -\nDescription: -\nProduct: -\nCompany: -\nOriginalFileName: -\nCommandLine: \"C:\\Program HOST\\USER\\Notepad.exe\" /SESSION:Ual2sczXXUufC+oT/2OXYAEyQwA6AFwAVQBzAGUAcgBzAFwAaABzAHcAaQBvAFwARABvAHcAbgBsAG8AYQBkAHMAXAB3AGkAbgBsAG8AZwBiAGUAYQB0AFwAdwBpAG4AbABvAGcAYgBlAGEAdAAuAHkAbQBsAAAAAAAAAAAAAAAAAAAAAAAAAAAAAAAAAAAAAAAAAAAAAAAAAAAAAAABCgABDBwAAOABAAA4AwAAAAAAAA==\nCurrentDirectory: C:\\HOST\\USER\\\nUser: HOST\\USER\nLogonGuid: {GUID-REDACTED}\nLogonId: 0x22f6e2\nTerminalSessionId: 2\nIntegrityLevel: Medium\nHashes: SHA256=CC7DCDF83206043FADF7E2472248A88492224E8A1660F5B47E976C09E338F981\nParentProcessGuid: {GUID-REDACTED}\nParentProcessId: 7180\nParentImage: C:\\Program HOST\\USER\\Notepad.exe\nParentCommandLine: \"C:\\Program HOST\\USER\\Notepad.exe\" \"C:\\HOST\\USER\\winlogbeat.yml\"\nParentUser: HOST\\USER",
      "log": {
        "level": "information"
      },
      "host": {
        "architecture": "x86_64",
        "id": "4c1ea299-cc74-49b5-ac0a-1138d9d08387",
        "ip": [
          "fe80::1eac:376c:1bd5:f979",
          "IP-REDACTED"
        ],
        "os": {
          "type": "windows",
          "version": "10.0",
          "name": "Windows 11 Pro",
          "kernel": "10.0.26100.8036 (WinBuild.160101.0800)",
          "family": "windows",
          "build": "26200.8037",
          "platform": "windows"
        },
        "name": "HOST-REDACTED",
        "mac": [
          "MAC-REDACTED"
        ],
        "hostname": "HOST-REDACTED"
      },
      "@version": "1",
      "winlog": {
        "version": 5,
        "user": {
          "type": "Well Known Group",
          "name": "SYSTEM",
          "domain": "NT AUTHORITY",
          "identifier": "S-1-5-XX-REDACTED"
        },
        "event_id": "1",
        "record_id": 343,
        "provider_guid": "{GUID-REDACTED}",
        "channel": "Microsoft-Windows-Sysmon/Operational",
        "task": "Process Create (rule: ProcessCreate)",
        "opcode": "Info",
        "process": {
          "thread": {
            "id": 1304
          },
          "pid": 1596
        },
        "computer_name": "HOST-REDACTED",
        "provider_name": "Microsoft-Windows-Sysmon",
        "event_data": {
          "CurrentDirectory": "C:\\HOST\\USER\\",
          "LogonGuid": "{GUID-REDACTED}",
          "Image": "C:\\Program HOST\\USER\\Notepad.exe",
          "ParentProcessGuid": "{GUID-REDACTED}",
          "UtcTime": "2026-03-22 05:58:15.703",
          "ParentCommandLine": "\"C:\\Program HOST\\USER\\Notepad.exe\" \"C:\\HOST\\USER\\winlogbeat.yml\"",
          "RuleName": "-",
          "ParentUser": "HOST\\USER",
          "ParentProcessId": "7180",
          "Product": "-",
          "ProcessId": "10244",
          "LogonId": "0x22f6e2",
          "ProcessGuid": "{GUID-REDACTED}",
          "TerminalSessionId": "2",
          "Hashes": "SHA256=CC7DCDF83206043FADF7E2472248A88492224E8A1660F5B47E976C09E338F981",
          "OriginalFileName": "-",
          "IntegrityLevel": "Medium",
          "Company": "-",
          "User": "USER-REDACTED",
          "Description": "-",
          "CommandLine": "\"C:\\Program HOST\\USER\\Notepad.exe\" /SESSION:Ual2sczXXUufC+oT/2OXYAEyQwA6AFwAVQBzAGUAcgBzAFwAaABzAHcAaQBvAFwARABvAHcAbgBsAG8AYQBkAHMAXAB3AGkAbgBsAG8AZwBiAGUAYQB0AFwAdwBpAG4AbABvAGcAYgBlAGEAdAAuAHkAbQBsAAAAAAAAAAAAAAAAAAAAAAAAAAAAAAAAAAAAAAAAAAAAAAAAAAAAAAABCgABDBwAAOABAAA4AwAAAAAAAA==",
          "ParentImage": "C:\\Program HOST\\USER\\Notepad.exe",
          "FileVersion": "-"
        }
      },
      "tags": [
        "beats_input_codec_plain_applied"
      ],
      "agent": {
        "type": "winlogbeat",
        "id": "e914dd33-e7be-4a91-b774-394d715855f5",
        "name": "HOST-REDACTED",
        "ephemeral_id": "b8267783-8d43-4086-8074-c2f96b9f9dae",
        "version": "9.3.2"
      },
      "event": {
        "kind": "event",
        "created": "2026-03-29T09:11:41.474Z",
        "code": "1",
        "action": "Process Create (rule: ProcessCreate)",
        "original": "Process Create:\nRuleName: -\nUtcTime: 2026-03-22 05:58:15.703\nProcessGuid: {GUID-REDACTED}\nProcessId: 10244\nImage: C:\\Program HOST\\USER\\Notepad.exe\nFileVersion: -\nDescription: -\nProduct: -\nCompany: -\nOriginalFileName: -\nCommandLine: \"C:\\Program HOST\\USER\\Notepad.exe\" /SESSION:Ual2sczXXUufC+oT/2OXYAEyQwA6AFwAVQBzAGUAcgBzAFwAaABzAHcAaQBvAFwARABvAHcAbgBsAG8AYQBkAHMAXAB3AGkAbgBsAG8AZwBiAGUAYQB0AFwAdwBpAG4AbABvAGcAYgBlAGEAdAAuAHkAbQBsAAAAAAAAAAAAAAAAAAAAAAAAAAAAAAAAAAAAAAAAAAAAAAAAAAAAAAABCgABDBwAAOABAAA4AwAAAAAAAA==\nCurrentDirectory: C:\\HOST\\USER\\\nUser: HOST\\USER\nLogonGuid: {GUID-REDACTED}\nLogonId: 0x22f6e2\nTerminalSessionId: 2\nIntegrityLevel: Medium\nHashes: SHA256=CC7DCDF83206043FADF7E2472248A88492224E8A1660F5B47E976C09E338F981\nParentProcessGuid: {GUID-REDACTED}\nParentProcessId: 7180\nParentImage: C:\\Program HOST\\USER\\Notepad.exe\nParentCommandLine: \"C:\\Program HOST\\USER\\Notepad.exe\" \"C:\\HOST\\USER\\winlogbeat.yml\"\nParentUser: HOST\\USER",
        "provider": "Microsoft-Windows-Sysmon"
      }
    },
    "parsed_type": "sysmon",
    "event_type_name": "ProcessCreate",
    "process_guid": "{GUID-REDACTED}",
    "process_id": "10244",
    "image": "C:\\Program HOST\\USER\\Notepad.exe",
    "command_line": "\"C:\\Program HOST\\USER\\Notepad.exe\" /SESSION:Ual2sczXXUufC+oT/2OXYAEyQwA6AFwAVQBzAGUAcgBzAFwAaABzAHcAaQBvAFwARABvAHcAbgBsAG8AYQBkAHMAXAB3AGkAbgBsAG8AZwBiAGUAYQB0AFwAdwBpAG4AbABvAGcAYgBlAGEAdAAuAHkAbQBsAAAAAAAAAAAAAAAAAAAAAAAAAAAAAAAAAAAAAAAAAAAAAAAAAAAAAAABCgABDBwAAOABAAA4AwAAAAAAAA==",
    "current_directory": "C:\\HOST\\USER\\",
    "user": "USER-REDACTED",
    "logon_guid": "{GUID-REDACTED}",
    "logon_id": "0x22f6e2",
    "terminal_session_id": "2",
    "integrity_level": "Medium",
    "hashes": "SHA256=CC7DCDF83206043FADF7E2472248A88492224E8A1660F5B47E976C09E338F981",
    "parent_process_guid": "{GUID-REDACTED}",
    "parent_process_id": "7180",
    "parent_image": "C:\\Program HOST\\USER\\Notepad.exe",
    "parent_command_line": "\"C:\\Program HOST\\USER\\Notepad.exe\" \"C:\\HOST\\USER\\winlogbeat.yml\"",
    "target_filename": null,
    "creation_utc_time": null,
    "destination_ip": null,
    "destination_port": null,
    "source_ip": null,
    "source_port": null,
    "protocol": null,
    "target_object": null,
    "details": null
  },
  {
    "timestamp": "2026-03-22T05:58:26.665Z",
    "message": "Process Create:\nRuleName: -\nUtcTime: 2026-03-22 05:58:26.661\nProcessGuid: {GUID-REDACTED}\nProcessId: 4040\nImage: C:\\HOST\\USER\\DataExchangeHost.exe\nFileVersion: 10.0.26100.7824 (WinBuild.160101.0800)\nDescription: Data Exchange Host\nProduct: Microsoft® Windows® Operating System\nCompany: Microsoft Corporation\nOriginalFileName: DataExchangeHost.exe\nCommandLine: C:\\HOST\\USER\\DataExchangeHost.exe -Embedding\nCurrentDirectory: C:\\HOST\\USER\\\nUser: HOST\\USER\nLogonGuid: {GUID-REDACTED}\nLogonId: 0x22f6e2\nTerminalSessionId: 2\nIntegrityLevel: Medium\nHashes: SHA256=DC26F488C6772CC5C7653690CB6DD4C312B88FD89BE9F5DC9FB6E03DFD815CA9\nParentProcessGuid: {GUID-REDACTED}\nParentProcessId: 940\nParentImage: C:\\HOST\\USER\\svchost.exe\nParentCommandLine: C:\\HOST\\USER\\svchost.exe -k DcomLaunch -p\nParentUser: NT HOST\\USER",
    "event_code": "1",
    "event_action": "Process Create (rule: ProcessCreate)",
    "event_kind": "event",
    "provider": "Microsoft-Windows-Sysmon",
    "channel": "Microsoft-Windows-Sysmon/Operational",
    "event_id": "1",
    "record_id": 344,
    "computer_name": "HOST-REDACTED",
    "provider_name": "Microsoft-Windows-Sysmon",
    "log_level": "information",
    "host_name": "HOST-REDACTED",
    "host_hostname": "HOST-REDACTED",
    "host_os": "Windows 11 Pro",
    "agent_type": "winlogbeat",
    "agent_version": "9.3.2",
    "process_pid": 1596,
    "raw_event_data": {
      "CurrentDirectory": "C:\\HOST\\USER\\",
      "LogonGuid": "{GUID-REDACTED}",
      "Image": "C:\\HOST\\USER\\DataExchangeHost.exe",
      "UtcTime": "2026-03-22 05:58:26.661",
      "ParentProcessGuid": "{GUID-REDACTED}",
      "ParentCommandLine": "C:\\HOST\\USER\\svchost.exe -k DcomLaunch -p",
      "RuleName": "-",
      "ParentUser": "NT HOST\\USER",
      "Product": "Microsoft® Windows® Operating System",
      "ParentProcessId": "940",
      "ProcessId": "4040",
      "LogonId": "0x22f6e2",
      "ProcessGuid": "{GUID-REDACTED}",
      "TerminalSessionId": "2",
      "Hashes": "SHA256=DC26F488C6772CC5C7653690CB6DD4C312B88FD89BE9F5DC9FB6E03DFD815CA9",
      "OriginalFileName": "DataExchangeHost.exe",
      "IntegrityLevel": "Medium",
      "Company": "Microsoft Corporation",
      "User": "USER-REDACTED",
      "Description": "Data Exchange Host",
      "CommandLine": "C:\\HOST\\USER\\DataExchangeHost.exe -Embedding",
      "ParentImage": "C:\\HOST\\USER\\svchost.exe",
      "FileVersion": "10.0.26100.7824 (WinBuild.160101.0800)"
    },
    "raw": {
      "@timestamp": "2026-03-22T05:58:26.665Z",
      "host": {
        "architecture": "x86_64",
        "name": "HOST-REDACTED",
        "id": "4c1ea299-cc74-49b5-ac0a-1138d9d08387",
        "ip": [
          "fe80::1eac:376c:1bd5:f979",
          "IP-REDACTED"
        ],
        "os": {
          "type": "windows",
          "version": "10.0",
          "name": "Windows 11 Pro",
          "kernel": "10.0.26100.8036 (WinBuild.160101.0800)",
          "family": "windows",
          "build": "26200.8037",
          "platform": "windows"
        },
        "mac": [
          "MAC-REDACTED"
        ],
        "hostname": "HOST-REDACTED"
      },
      "message": "Process Create:\nRuleName: -\nUtcTime: 2026-03-22 05:58:26.661\nProcessGuid: {GUID-REDACTED}\nProcessId: 4040\nImage: C:\\HOST\\USER\\DataExchangeHost.exe\nFileVersion: 10.0.26100.7824 (WinBuild.160101.0800)\nDescription: Data Exchange Host\nProduct: Microsoft® Windows® Operating System\nCompany: Microsoft Corporation\nOriginalFileName: DataExchangeHost.exe\nCommandLine: C:\\HOST\\USER\\DataExchangeHost.exe -Embedding\nCurrentDirectory: C:\\HOST\\USER\\\nUser: HOST\\USER\nLogonGuid: {GUID-REDACTED}\nLogonId: 0x22f6e2\nTerminalSessionId: 2\nIntegrityLevel: Medium\nHashes: SHA256=DC26F488C6772CC5C7653690CB6DD4C312B88FD89BE9F5DC9FB6E03DFD815CA9\nParentProcessGuid: {GUID-REDACTED}\nParentProcessId: 940\nParentImage: C:\\HOST\\USER\\svchost.exe\nParentCommandLine: C:\\HOST\\USER\\svchost.exe -k DcomLaunch -p\nParentUser: NT HOST\\USER",
      "ecs": {
        "version": "8.0.0"
      },
      "log": {
        "level": "information"
      },
      "@version": "1",
      "winlog": {
        "version": 5,
        "user": {
          "type": "Well Known Group",
          "name": "SYSTEM",
          "domain": "NT AUTHORITY",
          "identifier": "S-1-5-XX-REDACTED"
        },
        "event_id": "1",
        "record_id": 344,
        "provider_guid": "{GUID-REDACTED}",
        "channel": "Microsoft-Windows-Sysmon/Operational",
        "task": "Process Create (rule: ProcessCreate)",
        "opcode": "Info",
        "computer_name": "HOST-REDACTED",
        "process": {
          "thread": {
            "id": 1304
          },
          "pid": 1596
        },
        "provider_name": "Microsoft-Windows-Sysmon",
        "event_data": {
          "CurrentDirectory": "C:\\HOST\\USER\\",
          "LogonGuid": "{GUID-REDACTED}",
          "Image": "C:\\HOST\\USER\\DataExchangeHost.exe",
          "UtcTime": "2026-03-22 05:58:26.661",
          "ParentProcessGuid": "{GUID-REDACTED}",
          "ParentCommandLine": "C:\\HOST\\USER\\svchost.exe -k DcomLaunch -p",
          "RuleName": "-",
          "ParentUser": "NT HOST\\USER",
          "Product": "Microsoft® Windows® Operating System",
          "ParentProcessId": "940",
          "ProcessId": "4040",
          "LogonId": "0x22f6e2",
          "ProcessGuid": "{GUID-REDACTED}",
          "TerminalSessionId": "2",
          "Hashes": "SHA256=DC26F488C6772CC5C7653690CB6DD4C312B88FD89BE9F5DC9FB6E03DFD815CA9",
          "OriginalFileName": "DataExchangeHost.exe",
          "IntegrityLevel": "Medium",
          "Company": "Microsoft Corporation",
          "User": "USER-REDACTED",
          "Description": "Data Exchange Host",
          "CommandLine": "C:\\HOST\\USER\\DataExchangeHost.exe -Embedding",
          "ParentImage": "C:\\HOST\\USER\\svchost.exe",
          "FileVersion": "10.0.26100.7824 (WinBuild.160101.0800)"
        }
      },
      "tags": [
        "beats_input_codec_plain_applied"
      ],
      "agent": {
        "type": "winlogbeat",
        "id": "e914dd33-e7be-4a91-b774-394d715855f5",
        "name": "HOST-REDACTED",
        "ephemeral_id": "b8267783-8d43-4086-8074-c2f96b9f9dae",
        "version": "9.3.2"
      },
      "event": {
        "kind": "event",
        "created": "2026-03-29T09:11:41.474Z",
        "code": "1",
        "action": "Process Create (rule: ProcessCreate)",
        "original": "Process Create:\nRuleName: -\nUtcTime: 2026-03-22 05:58:26.661\nProcessGuid: {GUID-REDACTED}\nProcessId: 4040\nImage: C:\\HOST\\USER\\DataExchangeHost.exe\nFileVersion: 10.0.26100.7824 (WinBuild.160101.0800)\nDescription: Data Exchange Host\nProduct: Microsoft® Windows® Operating System\nCompany: Microsoft Corporation\nOriginalFileName: DataExchangeHost.exe\nCommandLine: C:\\HOST\\USER\\DataExchangeHost.exe -Embedding\nCurrentDirectory: C:\\HOST\\USER\\\nUser: HOST\\USER\nLogonGuid: {GUID-REDACTED}\nLogonId: 0x22f6e2\nTerminalSessionId: 2\nIntegrityLevel: Medium\nHashes: SHA256=DC26F488C6772CC5C7653690CB6DD4C312B88FD89BE9F5DC9FB6E03DFD815CA9\nParentProcessGuid: {GUID-REDACTED}\nParentProcessId: 940\nParentImage: C:\\HOST\\USER\\svchost.exe\nParentCommandLine: C:\\HOST\\USER\\svchost.exe -k DcomLaunch -p\nParentUser: NT HOST\\USER",
        "provider": "Microsoft-Windows-Sysmon"
      }
    },
    "parsed_type": "sysmon",
    "event_type_name": "ProcessCreate",
    "process_guid": "{GUID-REDACTED}",
    "process_id": "4040",
    "image": "C:\\HOST\\USER\\DataExchangeHost.exe",
    "command_line": "C:\\HOST\\USER\\DataExchangeHost.exe -Embedding",
    "current_directory": "C:\\HOST\\USER\\",
    "user": "USER-REDACTED",
    "logon_guid": "{GUID-REDACTED}",
    "logon_id": "0x22f6e2",
    "terminal_session_id": "2",
    "integrity_level": "Medium",
    "hashes": "SHA256=DC26F488C6772CC5C7653690CB6DD4C312B88FD89BE9F5DC9FB6E03DFD815CA9",
    "parent_process_guid": "{GUID-REDACTED}",
    "parent_process_id": "940",
    "parent_image": "C:\\HOST\\USER\\svchost.exe",
    "parent_command_line": "C:\\HOST\\USER\\svchost.exe -k DcomLaunch -p",
    "target_filename": null,
    "creation_utc_time": null,
    "destination_ip": null,
    "destination_port": null,
    "source_ip": null,
    "source_port": null,
    "protocol": null,
    "target_object": null,
    "details": null
  },
