  {
    "timestamp": "2026-03-22T05:50:03.612Z",
    "message": "Process Create:\nRuleName: -\nUtcTime: 2026-03-22 05:50:03.607\nProcessGuid: {GUID-REDACTED}\nProcessId: 7052\nImage: C:\\HOST\\USER\\conhost.exe\nFileVersion: 10.0.26100.7920 (WinBuild.160101.0800)\nDescription: Console Window Host\nProduct: Microsoft® Windows® Operating System\nCompany: Microsoft Corporation\nOriginalFileName: CONHOST.EXE\nCommandLine: \\??\\C:\\HOST\\USER\\conhost.exe 0xffffffff -ForceV1\nCurrentDirectory: C:\\WINDOWS\nUser: NT HOST\\USER\nLogonGuid: {GUID-REDACTED}\nLogonId: 0x3e7\nTerminalSessionId: 0\nIntegrityLevel: System\nHashes: SHA256=2B335DE3C724DDB63A4D14E57C8F5A742A87C1D07A41BE0EBAAC4E32A693D153\nParentProcessGuid: {GUID-REDACTED}\nParentProcessId: 3132\nParentImage: C:\\HOST\\USER\\ngentask.exe\nParentCommandLine: \"C:\\HOST\\USER\\NGenTask.exe\" /RuntimeWide /Critical /StopEvent:1140\nParentUser: NT HOST\\USER",
    "event_code": "1",
    "event_action": "Process Create (rule: ProcessCreate)",
    "event_kind": "event",
    "provider": "Microsoft-Windows-Sysmon",
    "channel": "Microsoft-Windows-Sysmon/Operational",
    "event_id": "1",
    "record_id": 55,
    "computer_name": "HOST-REDACTED",
    "provider_name": "Microsoft-Windows-Sysmon",
    "log_level": "information",
    "host_name": "HOST-REDACTED",
    "host_hostname": "HOST-REDACTED",
    "host_os": "Windows 11 Pro",
    "agent_type": "winlogbeat",
    "agent_version": "9.3.2",
    "process_pid": 1596,
    "raw_event_data": {
      "CurrentDirectory": "C:\\WINDOWS",
      "LogonGuid": "{GUID-REDACTED}",
      "Image": "C:\\HOST\\USER\\conhost.exe",
      "ParentProcessGuid": "{GUID-REDACTED}",
      "UtcTime": "2026-03-22 05:50:03.607",
      "ParentCommandLine": "\"C:\\HOST\\USER\\NGenTask.exe\" /RuntimeWide /Critical /StopEvent:1140",
      "RuleName": "-",
      "ParentUser": "NT HOST\\USER",
      "Product": "Microsoft® Windows® Operating System",
      "ParentProcessId": "3132",
      "ProcessId": "7052",
      "LogonId": "0x3e7",
      "ProcessGuid": "{GUID-REDACTED}",
      "TerminalSessionId": "0",
      "Hashes": "SHA256=2B335DE3C724DDB63A4D14E57C8F5A742A87C1D07A41BE0EBAAC4E32A693D153",
      "OriginalFileName": "CONHOST.EXE",
      "IntegrityLevel": "System",
      "Company": "Microsoft Corporation",
      "User": "USER-REDACTED",
      "Description": "Console Window Host",
      "CommandLine": "\\??\\C:\\HOST\\USER\\conhost.exe 0xffffffff -ForceV1",
      "ParentImage": "C:\\HOST\\USER\\ngentask.exe",
      "FileVersion": "10.0.26100.7920 (WinBuild.160101.0800)"
    },
    "raw": {
      "@timestamp": "2026-03-22T05:50:03.612Z",
      "host": {
        "architecture": "x86_64",
        "name": "HOST-REDACTED",
        "id": "4c1ea299-cc74-49b5-ac0a-1138d9d08387",
        "os": {
          "type": "windows",
          "kernel": "10.0.26100.8036 (WinBuild.160101.0800)",
          "version": "10.0",
          "name": "Windows 11 Pro",
          "family": "windows",
          "build": "26200.8037",
          "platform": "windows"
        },
        "ip": [
          "fe80::1eac:376c:1bd5:f979",
          "IP-REDACTED"
        ],
        "mac": [
          "MAC-REDACTED"
        ],
        "hostname": "HOST-REDACTED"
      },
      "message": "Process Create:\nRuleName: -\nUtcTime: 2026-03-22 05:50:03.607\nProcessGuid: {GUID-REDACTED}\nProcessId: 7052\nImage: C:\\HOST\\USER\\conhost.exe\nFileVersion: 10.0.26100.7920 (WinBuild.160101.0800)\nDescription: Console Window Host\nProduct: Microsoft® Windows® Operating System\nCompany: Microsoft Corporation\nOriginalFileName: CONHOST.EXE\nCommandLine: \\??\\C:\\HOST\\USER\\conhost.exe 0xffffffff -ForceV1\nCurrentDirectory: C:\\WINDOWS\nUser: NT HOST\\USER\nLogonGuid: {GUID-REDACTED}\nLogonId: 0x3e7\nTerminalSessionId: 0\nIntegrityLevel: System\nHashes: SHA256=2B335DE3C724DDB63A4D14E57C8F5A742A87C1D07A41BE0EBAAC4E32A693D153\nParentProcessGuid: {GUID-REDACTED}\nParentProcessId: 3132\nParentImage: C:\\HOST\\USER\\ngentask.exe\nParentCommandLine: \"C:\\HOST\\USER\\NGenTask.exe\" /RuntimeWide /Critical /StopEvent:1140\nParentUser: NT HOST\\USER",
      "ecs": {
        "version": "8.0.0"
      },
      "log": {
        "level": "information"
      },
      "@version": "1",
      "winlog": {
        "version": 5,
        "user": {
          "type": "Well Known Group",
          "name": "SYSTEM",
          "domain": "NT AUTHORITY",
          "identifier": "S-1-5-XX-REDACTED"
        },
        "event_id": "1",
        "record_id": 55,
        "provider_guid": "{GUID-REDACTED}",
        "channel": "Microsoft-Windows-Sysmon/Operational",
        "task": "Process Create (rule: ProcessCreate)",
        "opcode": "Info",
        "computer_name": "HOST-REDACTED",
        "process": {
          "thread": {
            "id": 1304
          },
          "pid": 1596
        },
        "provider_name": "Microsoft-Windows-Sysmon",
        "event_data": {
          "CurrentDirectory": "C:\\WINDOWS",
          "LogonGuid": "{GUID-REDACTED}",
          "Image": "C:\\HOST\\USER\\conhost.exe",
          "ParentProcessGuid": "{GUID-REDACTED}",
          "UtcTime": "2026-03-22 05:50:03.607",
          "ParentCommandLine": "\"C:\\HOST\\USER\\NGenTask.exe\" /RuntimeWide /Critical /StopEvent:1140",
          "RuleName": "-",
          "ParentUser": "NT HOST\\USER",
          "Product": "Microsoft® Windows® Operating System",
          "ParentProcessId": "3132",
          "ProcessId": "7052",
          "LogonId": "0x3e7",
          "ProcessGuid": "{GUID-REDACTED}",
          "TerminalSessionId": "0",
          "Hashes": "SHA256=2B335DE3C724DDB63A4D14E57C8F5A742A87C1D07A41BE0EBAAC4E32A693D153",
          "OriginalFileName": "CONHOST.EXE",
          "IntegrityLevel": "System",
          "Company": "Microsoft Corporation",
          "User": "USER-REDACTED",
          "Description": "Console Window Host",
          "CommandLine": "\\??\\C:\\HOST\\USER\\conhost.exe 0xffffffff -ForceV1",
          "ParentImage": "C:\\HOST\\USER\\ngentask.exe",
          "FileVersion": "10.0.26100.7920 (WinBuild.160101.0800)"
        }
      },
      "tags": [
        "beats_input_codec_plain_applied"
      ],
      "agent": {
        "type": "winlogbeat",
        "id": "e914dd33-e7be-4a91-b774-394d715855f5",
        "name": "HOST-REDACTED",
        "version": "9.3.2",
        "ephemeral_id": "b8267783-8d43-4086-8074-c2f96b9f9dae"
      },
      "event": {
        "kind": "event",
        "created": "2026-03-29T09:11:41.459Z",
        "code": "1",
        "action": "Process Create (rule: ProcessCreate)",
        "original": "Process Create:\nRuleName: -\nUtcTime: 2026-03-22 05:50:03.607\nProcessGuid: {GUID-REDACTED}\nProcessId: 7052\nImage: C:\\HOST\\USER\\conhost.exe\nFileVersion: 10.0.26100.7920 (WinBuild.160101.0800)\nDescription: Console Window Host\nProduct: Microsoft® Windows® Operating System\nCompany: Microsoft Corporation\nOriginalFileName: CONHOST.EXE\nCommandLine: \\??\\C:\\HOST\\USER\\conhost.exe 0xffffffff -ForceV1\nCurrentDirectory: C:\\WINDOWS\nUser: NT HOST\\USER\nLogonGuid: {GUID-REDACTED}\nLogonId: 0x3e7\nTerminalSessionId: 0\nIntegrityLevel: System\nHashes: SHA256=2B335DE3C724DDB63A4D14E57C8F5A742A87C1D07A41BE0EBAAC4E32A693D153\nParentProcessGuid: {GUID-REDACTED}\nParentProcessId: 3132\nParentImage: C:\\HOST\\USER\\ngentask.exe\nParentCommandLine: \"C:\\HOST\\USER\\NGenTask.exe\" /RuntimeWide /Critical /StopEvent:1140\nParentUser: NT HOST\\USER",
        "provider": "Microsoft-Windows-Sysmon"
      }
    },
    "parsed_type": "sysmon",
    "event_type_name": "ProcessCreate",
    "process_guid": "{GUID-REDACTED}",
    "process_id": "7052",
    "image": "C:\\HOST\\USER\\conhost.exe",
    "command_line": "\\??\\C:\\HOST\\USER\\conhost.exe 0xffffffff -ForceV1",
    "current_directory": "C:\\WINDOWS",
    "user": "USER-REDACTED",
    "logon_guid": "{GUID-REDACTED}",
    "logon_id": "0x3e7",
    "terminal_session_id": "0",
    "integrity_level": "System",
    "hashes": "SHA256=2B335DE3C724DDB63A4D14E57C8F5A742A87C1D07A41BE0EBAAC4E32A693D153",
    "parent_process_guid": "{GUID-REDACTED}",
    "parent_process_id": "3132",
    "parent_image": "C:\\HOST\\USER\\ngentask.exe",
    "parent_command_line": "\"C:\\HOST\\USER\\NGenTask.exe\" /RuntimeWide /Critical /StopEvent:1140",
    "target_filename": null,
    "creation_utc_time": null,
    "destination_ip": null,
    "destination_port": null,
    "source_ip": null,
    "source_port": null,
    "protocol": null,
    "target_object": null,
    "details": null
  },
  {
    "timestamp": "2026-03-22T05:50:04.782Z",
    "message": "Process Create:\nRuleName: -\nUtcTime: 2026-03-22 05:50:04.753\nProcessGuid: {GUID-REDACTED}\nProcessId: 4400\nImage: C:\\HOST\\USER\\ngen.exe\nFileVersion: 4.8.9221.0 built by: NET481REL1LAST_25H2\nDescription: Microsoft Common Language Runtime native compiler\nProduct: Microsoft® .NET Framework\nCompany: Microsoft Corporation\nOriginalFileName: ngen.exe\nCommandLine: \"C:\\HOST\\USER\\ngen.exe\" ExecuteQueuedItems 2 /LegacyServiceBehavior\nCurrentDirectory: C:\\HOST\\USER\\\nUser: NT HOST\\USER\nLogonGuid: {GUID-REDACTED}\nLogonId: 0x3e7\nTerminalSessionId: 0\nIntegrityLevel: System\nHashes: SHA256=8AFEC5DA1A2B6BC377E0EB2A4DB2685B903073DDAC4C5B3C401FEA0CF41C2D5A\nParentProcessGuid: {GUID-REDACTED}\nParentProcessId: 10016\nParentImage: C:\\HOST\\USER\\ngentask.exe\nParentCommandLine: \"C:\\HOST\\USER\\NGenTask.exe\" /RuntimeWide /Critical /StopEvent:1124\nParentUser: NT HOST\\USER",
    "event_code": "1",
    "event_action": "Process Create (rule: ProcessCreate)",
    "event_kind": "event",
    "provider": "Microsoft-Windows-Sysmon",
    "channel": "Microsoft-Windows-Sysmon/Operational",
    "event_id": "1",
    "record_id": 56,
    "computer_name": "HOST-REDACTED",
    "provider_name": "Microsoft-Windows-Sysmon",
    "log_level": "information",
    "host_name": "HOST-REDACTED",
    "host_hostname": "HOST-REDACTED",
    "host_os": "Windows 11 Pro",
    "agent_type": "winlogbeat",
    "agent_version": "9.3.2",
    "process_pid": 1596,
    "raw_event_data": {
      "CurrentDirectory": "C:\\HOST\\USER\\",
      "LogonGuid": "{GUID-REDACTED}",
      "Image": "C:\\HOST\\USER\\ngen.exe",
      "UtcTime": "2026-03-22 05:50:04.753",
      "ParentProcessGuid": "{GUID-REDACTED}",
      "ParentCommandLine": "\"C:\\HOST\\USER\\NGenTask.exe\" /RuntimeWide /Critical /StopEvent:1124",
      "RuleName": "-",
      "ParentUser": "NT HOST\\USER",
      "ParentProcessId": "10016",
      "Product": "Microsoft® .NET Framework",
      "ProcessId": "4400",
      "LogonId": "0x3e7",
      "ProcessGuid": "{GUID-REDACTED}",
      "TerminalSessionId": "0",
      "Hashes": "SHA256=8AFEC5DA1A2B6BC377E0EB2A4DB2685B903073DDAC4C5B3C401FEA0CF41C2D5A",
      "OriginalFileName": "ngen.exe",
      "IntegrityLevel": "System",
      "Company": "Microsoft Corporation",
      "User": "USER-REDACTED",
      "CommandLine": "\"C:\\HOST\\USER\\ngen.exe\" ExecuteQueuedItems 2 /LegacyServiceBehavior",
      "Description": "Microsoft Common Language Runtime native compiler",
      "ParentImage": "C:\\HOST\\USER\\ngentask.exe",
      "FileVersion": "4.8.9221.0 built by: NET481REL1LAST_25H2"
    },
    "raw": {
      "@timestamp": "2026-03-22T05:50:04.782Z",
      "message": "Process Create:\nRuleName: -\nUtcTime: 2026-03-22 05:50:04.753\nProcessGuid: {GUID-REDACTED}\nProcessId: 4400\nImage: C:\\HOST\\USER\\ngen.exe\nFileVersion: 4.8.9221.0 built by: NET481REL1LAST_25H2\nDescription: Microsoft Common Language Runtime native compiler\nProduct: Microsoft® .NET Framework\nCompany: Microsoft Corporation\nOriginalFileName: ngen.exe\nCommandLine: \"C:\\HOST\\USER\\ngen.exe\" ExecuteQueuedItems 2 /LegacyServiceBehavior\nCurrentDirectory: C:\\HOST\\USER\\\nUser: NT HOST\\USER\nLogonGuid: {GUID-REDACTED}\nLogonId: 0x3e7\nTerminalSessionId: 0\nIntegrityLevel: System\nHashes: SHA256=8AFEC5DA1A2B6BC377E0EB2A4DB2685B903073DDAC4C5B3C401FEA0CF41C2D5A\nParentProcessGuid: {GUID-REDACTED}\nParentProcessId: 10016\nParentImage: C:\\HOST\\USER\\ngentask.exe\nParentCommandLine: \"C:\\HOST\\USER\\NGenTask.exe\" /RuntimeWide /Critical /StopEvent:1124\nParentUser: NT HOST\\USER",
      "log": {
        "level": "information"
      },
      "host": {
        "architecture": "x86_64",
        "name": "HOST-REDACTED",
        "id": "4c1ea299-cc74-49b5-ac0a-1138d9d08387",
        "os": {
          "type": "windows",
          "name": "Windows 11 Pro",
          "kernel": "10.0.26100.8036 (WinBuild.160101.0800)",
          "version": "10.0",
          "family": "windows",
          "build": "26200.8037",
          "platform": "windows"
        },
        "ip": [
          "fe80::1eac:376c:1bd5:f979",
          "IP-REDACTED"
        ],
        "mac": [
          "MAC-REDACTED"
        ],
        "hostname": "HOST-REDACTED"
      },
      "ecs": {
        "version": "8.0.0"
      },
      "@version": "1",
      "winlog": {
        "version": 5,
        "user": {
          "type": "Well Known Group",
          "name": "SYSTEM",
          "domain": "NT AUTHORITY",
          "identifier": "S-1-5-XX-REDACTED"
        },
        "event_id": "1",
        "record_id": 56,
        "provider_guid": "{GUID-REDACTED}",
        "channel": "Microsoft-Windows-Sysmon/Operational",
        "task": "Process Create (rule: ProcessCreate)",
        "opcode": "Info",
        "computer_name": "HOST-REDACTED",
        "process": {
          "thread": {
            "id": 1304
          },
          "pid": 1596
        },
        "provider_name": "Microsoft-Windows-Sysmon",
        "event_data": {
          "CurrentDirectory": "C:\\HOST\\USER\\",
          "LogonGuid": "{GUID-REDACTED}",
          "Image": "C:\\HOST\\USER\\ngen.exe",
          "UtcTime": "2026-03-22 05:50:04.753",
          "ParentProcessGuid": "{GUID-REDACTED}",
          "ParentCommandLine": "\"C:\\HOST\\USER\\NGenTask.exe\" /RuntimeWide /Critical /StopEvent:1124",
          "RuleName": "-",
          "ParentUser": "NT HOST\\USER",
          "ParentProcessId": "10016",
          "Product": "Microsoft® .NET Framework",
          "ProcessId": "4400",
          "LogonId": "0x3e7",
          "ProcessGuid": "{GUID-REDACTED}",
          "TerminalSessionId": "0",
          "Hashes": "SHA256=8AFEC5DA1A2B6BC377E0EB2A4DB2685B903073DDAC4C5B3C401FEA0CF41C2D5A",
          "OriginalFileName": "ngen.exe",
          "IntegrityLevel": "System",
          "Company": "Microsoft Corporation",
          "User": "USER-REDACTED",
          "CommandLine": "\"C:\\HOST\\USER\\ngen.exe\" ExecuteQueuedItems 2 /LegacyServiceBehavior",
          "Description": "Microsoft Common Language Runtime native compiler",
          "ParentImage": "C:\\HOST\\USER\\ngentask.exe",
          "FileVersion": "4.8.9221.0 built by: NET481REL1LAST_25H2"
        }
      },
      "tags": [
        "beats_input_codec_plain_applied"
      ],
      "agent": {
        "type": "winlogbeat",
        "name": "HOST-REDACTED",
        "version": "9.3.2",
        "ephemeral_id": "b8267783-8d43-4086-8074-c2f96b9f9dae",
        "id": "e914dd33-e7be-4a91-b774-394d715855f5"
      },
      "event": {
        "kind": "event",
        "created": "2026-03-29T09:11:41.459Z",
        "code": "1",
        "action": "Process Create (rule: ProcessCreate)",
        "original": "Process Create:\nRuleName: -\nUtcTime: 2026-03-22 05:50:04.753\nProcessGuid: {GUID-REDACTED}\nProcessId: 4400\nImage: C:\\HOST\\USER\\ngen.exe\nFileVersion: 4.8.9221.0 built by: NET481REL1LAST_25H2\nDescription: Microsoft Common Language Runtime native compiler\nProduct: Microsoft® .NET Framework\nCompany: Microsoft Corporation\nOriginalFileName: ngen.exe\nCommandLine: \"C:\\HOST\\USER\\ngen.exe\" ExecuteQueuedItems 2 /LegacyServiceBehavior\nCurrentDirectory: C:\\HOST\\USER\\\nUser: NT HOST\\USER\nLogonGuid: {GUID-REDACTED}\nLogonId: 0x3e7\nTerminalSessionId: 0\nIntegrityLevel: System\nHashes: SHA256=8AFEC5DA1A2B6BC377E0EB2A4DB2685B903073DDAC4C5B3C401FEA0CF41C2D5A\nParentProcessGuid: {GUID-REDACTED}\nParentProcessId: 10016\nParentImage: C:\\HOST\\USER\\ngentask.exe\nParentCommandLine: \"C:\\HOST\\USER\\NGenTask.exe\" /RuntimeWide /Critical /StopEvent:1124\nParentUser: NT HOST\\USER",
        "provider": "Microsoft-Windows-Sysmon"
      }
    },
    "parsed_type": "sysmon",
    "event_type_name": "ProcessCreate",
    "process_guid": "{GUID-REDACTED}",
    "process_id": "4400",
    "image": "C:\\HOST\\USER\\ngen.exe",
    "command_line": "\"C:\\HOST\\USER\\ngen.exe\" ExecuteQueuedItems 2 /LegacyServiceBehavior",
    "current_directory": "C:\\HOST\\USER\\",
    "user": "USER-REDACTED",
    "logon_guid": "{GUID-REDACTED}",
    "logon_id": "0x3e7",
    "terminal_session_id": "0",
    "integrity_level": "System",
    "hashes": "SHA256=8AFEC5DA1A2B6BC377E0EB2A4DB2685B903073DDAC4C5B3C401FEA0CF41C2D5A",
    "parent_process_guid": "{GUID-REDACTED}",
    "parent_process_id": "10016",
    "parent_image": "C:\\HOST\\USER\\ngentask.exe",
    "parent_command_line": "\"C:\\HOST\\USER\\NGenTask.exe\" /RuntimeWide /Critical /StopEvent:1124",
    "target_filename": null,
    "creation_utc_time": null,
    "destination_ip": null,
    "destination_port": null,
    "source_ip": null,
    "source_port": null,
    "protocol": null,
    "target_object": null,
    "details": null
  },
  {
    "timestamp": "2026-03-22T05:50:04.860Z",
    "message": "Process Create:\nRuleName: -\nUtcTime: 2026-03-22 05:50:04.816\nProcessGuid: {GUID-REDACTED}\nProcessId: 1804\nImage: C:\\HOST\\USER\\reg.exe\nFileVersion: 10.0.26100.5074 (WinBuild.160101.0800)\nDescription: Registry Console Tool\nProduct: Microsoft® Windows® Operating System\nCompany: Microsoft Corporation\nOriginalFileName: reg.exe\nCommandLine: reg  query \"HOST\\USER\\HotPatch\" \nCurrentDirectory: C:\\HOST\\USER\\\nUser: NT HOST\\USER\nLogonGuid: {GUID-REDACTED}\nLogonId: 0x3e7\nTerminalSessionId: 0\nIntegrityLevel: System\nHashes: SHA256=EF37663B44AC66920C6F33694DEEA01ACB78AE3F3012884819373FA04C3EB5F0\nParentProcessGuid: {GUID-REDACTED}\nParentProcessId: 6720\nParentImage: C:\\HOST\\USER\\cmd.exe\nParentCommandLine: \"C:\\HOST\\USER\\cmd.exe\" /d /c C:\\HOST\\USER\\hpatchmonTask.cmd\nParentUser: NT HOST\\USER",
    "event_code": "1",
    "event_action": "Process Create (rule: ProcessCreate)",
    "event_kind": "event",
    "provider": "Microsoft-Windows-Sysmon",
    "channel": "Microsoft-Windows-Sysmon/Operational",
    "event_id": "1",
    "record_id": 57,
    "computer_name": "HOST-REDACTED",
    "provider_name": "Microsoft-Windows-Sysmon",
    "log_level": "information",
    "host_name": "HOST-REDACTED",
    "host_hostname": "HOST-REDACTED",
    "host_os": "Windows 11 Pro",
    "agent_type": "winlogbeat",
    "agent_version": "9.3.2",
    "process_pid": 1596,
    "raw_event_data": {
      "CurrentDirectory": "C:\\HOST\\USER\\",
      "LogonGuid": "{GUID-REDACTED}",
      "Image": "C:\\HOST\\USER\\reg.exe",
      "UtcTime": "2026-03-22 05:50:04.816",
      "ParentProcessGuid": "{GUID-REDACTED}",
      "ParentCommandLine": "\"C:\\HOST\\USER\\cmd.exe\" /d /c C:\\HOST\\USER\\hpatchmonTask.cmd",
      "RuleName": "-",
      "ParentUser": "NT HOST\\USER",
      "Product": "Microsoft® Windows® Operating System",
      "ParentProcessId": "6720",
      "ProcessId": "1804",
      "LogonId": "0x3e7",
      "ProcessGuid": "{GUID-REDACTED}",
      "TerminalSessionId": "0",
      "Hashes": "SHA256=EF37663B44AC66920C6F33694DEEA01ACB78AE3F3012884819373FA04C3EB5F0",
      "OriginalFileName": "reg.exe",
      "IntegrityLevel": "System",
      "Company": "Microsoft Corporation",
      "User": "USER-REDACTED",
      "Description": "Registry Console Tool",
      "CommandLine": "reg  query \"HOST\\USER\\HotPatch\" ",
      "ParentImage": "C:\\HOST\\USER\\cmd.exe",
      "FileVersion": "10.0.26100.5074 (WinBuild.160101.0800)"
    },
    "raw": {
      "@timestamp": "2026-03-22T05:50:04.860Z",
      "message": "Process Create:\nRuleName: -\nUtcTime: 2026-03-22 05:50:04.816\nProcessGuid: {GUID-REDACTED}\nProcessId: 1804\nImage: C:\\HOST\\USER\\reg.exe\nFileVersion: 10.0.26100.5074 (WinBuild.160101.0800)\nDescription: Registry Console Tool\nProduct: Microsoft® Windows® Operating System\nCompany: Microsoft Corporation\nOriginalFileName: reg.exe\nCommandLine: reg  query \"HOST\\USER\\HotPatch\" \nCurrentDirectory: C:\\HOST\\USER\\\nUser: NT HOST\\USER\nLogonGuid: {GUID-REDACTED}\nLogonId: 0x3e7\nTerminalSessionId: 0\nIntegrityLevel: System\nHashes: SHA256=EF37663B44AC66920C6F33694DEEA01ACB78AE3F3012884819373FA04C3EB5F0\nParentProcessGuid: {GUID-REDACTED}\nParentProcessId: 6720\nParentImage: C:\\HOST\\USER\\cmd.exe\nParentCommandLine: \"C:\\HOST\\USER\\cmd.exe\" /d /c C:\\HOST\\USER\\hpatchmonTask.cmd\nParentUser: NT HOST\\USER",
      "log": {
        "level": "information"
      },
      "host": {
        "hostname": "HOST-REDACTED",
        "name": "HOST-REDACTED",
        "id": "4c1ea299-cc74-49b5-ac0a-1138d9d08387",
        "os": {
          "type": "windows",
          "name": "Windows 11 Pro",
          "kernel": "10.0.26100.8036 (WinBuild.160101.0800)",
          "version": "10.0",
          "family": "windows",
          "build": "26200.8037",
          "platform": "windows"
        },
        "ip": [
          "fe80::1eac:376c:1bd5:f979",
          "IP-REDACTED"
        ],
        "mac": [
          "MAC-REDACTED"
        ],
        "architecture": "x86_64"
      },
      "ecs": {
        "version": "8.0.0"
      },
      "@version": "1",
      "winlog": {
        "version": 5,
        "user": {
          "type": "Well Known Group",
          "name": "SYSTEM",
          "domain": "NT AUTHORITY",
          "identifier": "S-1-5-XX-REDACTED"
        },
        "event_id": "1",
        "record_id": 57,
        "provider_guid": "{GUID-REDACTED}",
        "channel": "Microsoft-Windows-Sysmon/Operational",
        "task": "Process Create (rule: ProcessCreate)",
        "opcode": "Info",
        "process": {
          "thread": {
            "id": 1304
          },
          "pid": 1596
        },
        "computer_name": "HOST-REDACTED",
        "provider_name": "Microsoft-Windows-Sysmon",
        "event_data": {
          "CurrentDirectory": "C:\\HOST\\USER\\",
          "LogonGuid": "{GUID-REDACTED}",
          "Image": "C:\\HOST\\USER\\reg.exe",
          "UtcTime": "2026-03-22 05:50:04.816",
          "ParentProcessGuid": "{GUID-REDACTED}",
          "ParentCommandLine": "\"C:\\HOST\\USER\\cmd.exe\" /d /c C:\\HOST\\USER\\hpatchmonTask.cmd",
          "RuleName": "-",
          "ParentUser": "NT HOST\\USER",
          "Product": "Microsoft® Windows® Operating System",
          "ParentProcessId": "6720",
          "ProcessId": "1804",
          "LogonId": "0x3e7",
          "ProcessGuid": "{GUID-REDACTED}",
          "TerminalSessionId": "0",
          "Hashes": "SHA256=EF37663B44AC66920C6F33694DEEA01ACB78AE3F3012884819373FA04C3EB5F0",
          "OriginalFileName": "reg.exe",
          "IntegrityLevel": "System",
          "Company": "Microsoft Corporation",
          "User": "USER-REDACTED",
          "Description": "Registry Console Tool",
          "CommandLine": "reg  query \"HOST\\USER\\HotPatch\" ",
          "ParentImage": "C:\\HOST\\USER\\cmd.exe",
          "FileVersion": "10.0.26100.5074 (WinBuild.160101.0800)"
        }
      },
      "tags": [
        "beats_input_codec_plain_applied"
      ],
      "agent": {
        "type": "winlogbeat",
        "version": "9.3.2",
        "id": "e914dd33-e7be-4a91-b774-394d715855f5",
        "ephemeral_id": "b8267783-8d43-4086-8074-c2f96b9f9dae",
        "name": "HOST-REDACTED"
      },
      "event": {
        "kind": "event",
        "created": "2026-03-29T09:11:41.459Z",
        "code": "1",
        "action": "Process Create (rule: ProcessCreate)",
        "original": "Process Create:\nRuleName: -\nUtcTime: 2026-03-22 05:50:04.816\nProcessGuid: {GUID-REDACTED}\nProcessId: 1804\nImage: C:\\HOST\\USER\\reg.exe\nFileVersion: 10.0.26100.5074 (WinBuild.160101.0800)\nDescription: Registry Console Tool\nProduct: Microsoft® Windows® Operating System\nCompany: Microsoft Corporation\nOriginalFileName: reg.exe\nCommandLine: reg  query \"HOST\\USER\\HotPatch\" \nCurrentDirectory: C:\\HOST\\USER\\\nUser: NT HOST\\USER\nLogonGuid: {GUID-REDACTED}\nLogonId: 0x3e7\nTerminalSessionId: 0\nIntegrityLevel: System\nHashes: SHA256=EF37663B44AC66920C6F33694DEEA01ACB78AE3F3012884819373FA04C3EB5F0\nParentProcessGuid: {GUID-REDACTED}\nParentProcessId: 6720\nParentImage: C:\\HOST\\USER\\cmd.exe\nParentCommandLine: \"C:\\HOST\\USER\\cmd.exe\" /d /c C:\\HOST\\USER\\hpatchmonTask.cmd\nParentUser: NT HOST\\USER",
        "provider": "Microsoft-Windows-Sysmon"
      }
    },
    "parsed_type": "sysmon",
    "event_type_name": "ProcessCreate",
    "process_guid": "{GUID-REDACTED}",
    "process_id": "1804",
    "image": "C:\\HOST\\USER\\reg.exe",
    "command_line": "reg  query \"HOST\\USER\\HotPatch\" ",
    "current_directory": "C:\\HOST\\USER\\",
    "user": "USER-REDACTED",
    "logon_guid": "{GUID-REDACTED}",
    "logon_id": "0x3e7",
    "terminal_session_id": "0",
    "integrity_level": "System",
    "hashes": "SHA256=EF37663B44AC66920C6F33694DEEA01ACB78AE3F3012884819373FA04C3EB5F0",
    "parent_process_guid": "{GUID-REDACTED}",
    "parent_process_id": "6720",
    "parent_image": "C:\\HOST\\USER\\cmd.exe",
    "parent_command_line": "\"C:\\HOST\\USER\\cmd.exe\" /d /c C:\\HOST\\USER\\hpatchmonTask.cmd",
    "target_filename": null,
    "creation_utc_time": null,
    "destination_ip": null,
    "destination_port": null,
    "source_ip": null,
    "source_port": null,
    "protocol": null,
    "target_object": null,
    "details": null
  },
  {
    "timestamp": "2026-03-22T05:50:05.414Z",
    "message": "Process Create:\nRuleName: -\nUtcTime: 2026-03-22 05:50:05.410\nProcessGuid: {GUID-REDACTED}\nProcessId: 2588\nImage: C:\\HOST\\USER\\ngen.exe\nFileVersion: 4.8.9221.0 built by: NET481REL1LAST_25H2\nDescription: Microsoft Common Language Runtime native compiler\nProduct: Microsoft® .NET Framework\nCompany: Microsoft Corporation\nOriginalFileName: ngen.exe\nCommandLine: \"C:\\HOST\\USER\\ngen.exe\" ExecuteQueuedItems 2 /LegacyServiceBehavior\nCurrentDirectory: C:\\HOST\\USER\\\nUser: NT HOST\\USER\nLogonGuid: {GUID-REDACTED}\nLogonId: 0x3e7\nTerminalSessionId: 0\nIntegrityLevel: System\nHashes: SHA256=6EAB4808D956F519A0440CC1A41C85664FC047DA53C1EB8FA7932D83AA65E66E\nParentProcessGuid: {GUID-REDACTED}\nParentProcessId: 3132\nParentImage: C:\\HOST\\USER\\ngentask.exe\nParentCommandLine: \"C:\\HOST\\USER\\NGenTask.exe\" /RuntimeWide /Critical /StopEvent:1140\nParentUser: NT HOST\\USER",
    "event_code": "1",
    "event_action": "Process Create (rule: ProcessCreate)",
    "event_kind": "event",
    "provider": "Microsoft-Windows-Sysmon",
    "channel": "Microsoft-Windows-Sysmon/Operational",
    "event_id": "1",
    "record_id": 61,
    "computer_name": "HOST-REDACTED",
    "provider_name": "Microsoft-Windows-Sysmon",
    "log_level": "information",
    "host_name": "HOST-REDACTED",
    "host_hostname": "HOST-REDACTED",
    "host_os": "Windows 11 Pro",
    "agent_type": "winlogbeat",
    "agent_version": "9.3.2",
    "process_pid": 1596,
    "raw_event_data": {
      "CurrentDirectory": "C:\\HOST\\USER\\",
      "LogonGuid": "{GUID-REDACTED}",
      "Image": "C:\\HOST\\USER\\ngen.exe",
      "ParentProcessGuid": "{GUID-REDACTED}",
      "UtcTime": "2026-03-22 05:50:05.410",
      "ParentCommandLine": "\"C:\\HOST\\USER\\NGenTask.exe\" /RuntimeWide /Critical /StopEvent:1140",
      "RuleName": "-",
      "ParentUser": "NT HOST\\USER",
      "ParentProcessId": "3132",
      "Product": "Microsoft® .NET Framework",
      "ProcessId": "2588",
      "LogonId": "0x3e7",
      "ProcessGuid": "{GUID-REDACTED}",
      "TerminalSessionId": "0",
      "Hashes": "SHA256=6EAB4808D956F519A0440CC1A41C85664FC047DA53C1EB8FA7932D83AA65E66E",
      "OriginalFileName": "ngen.exe",
      "IntegrityLevel": "System",
      "Company": "Microsoft Corporation",
      "User": "USER-REDACTED",
      "Description": "Microsoft Common Language Runtime native compiler",
      "CommandLine": "\"C:\\HOST\\USER\\ngen.exe\" ExecuteQueuedItems 2 /LegacyServiceBehavior",
      "ParentImage": "C:\\HOST\\USER\\ngentask.exe",
      "FileVersion": "4.8.9221.0 built by: NET481REL1LAST_25H2"
    },
    "raw": {
      "@timestamp": "2026-03-22T05:50:05.414Z",
      "message": "Process Create:\nRuleName: -\nUtcTime: 2026-03-22 05:50:05.410\nProcessGuid: {GUID-REDACTED}\nProcessId: 2588\nImage: C:\\HOST\\USER\\ngen.exe\nFileVersion: 4.8.9221.0 built by: NET481REL1LAST_25H2\nDescription: Microsoft Common Language Runtime native compiler\nProduct: Microsoft® .NET Framework\nCompany: Microsoft Corporation\nOriginalFileName: ngen.exe\nCommandLine: \"C:\\HOST\\USER\\ngen.exe\" ExecuteQueuedItems 2 /LegacyServiceBehavior\nCurrentDirectory: C:\\HOST\\USER\\\nUser: NT HOST\\USER\nLogonGuid: {GUID-REDACTED}\nLogonId: 0x3e7\nTerminalSessionId: 0\nIntegrityLevel: System\nHashes: SHA256=6EAB4808D956F519A0440CC1A41C85664FC047DA53C1EB8FA7932D83AA65E66E\nParentProcessGuid: {GUID-REDACTED}\nParentProcessId: 3132\nParentImage: C:\\HOST\\USER\\ngentask.exe\nParentCommandLine: \"C:\\HOST\\USER\\NGenTask.exe\" /RuntimeWide /Critical /StopEvent:1140\nParentUser: NT HOST\\USER",
      "log": {
        "level": "information"
      },
      "ecs": {
        "version": "8.0.0"
      },
      "host": {
        "architecture": "x86_64",
        "id": "4c1ea299-cc74-49b5-ac0a-1138d9d08387",
        "ip": [
          "fe80::1eac:376c:1bd5:f979",
          "IP-REDACTED"
        ],
        "os": {
          "type": "windows",
          "version": "10.0",
          "name": "Windows 11 Pro",
          "kernel": "10.0.26100.8036 (WinBuild.160101.0800)",
          "family": "windows",
          "build": "26200.8037",
          "platform": "windows"
        },
        "name": "HOST-REDACTED",
        "mac": [
          "MAC-REDACTED"
        ],
        "hostname": "HOST-REDACTED"
      },
      "@version": "1",
      "winlog": {
        "version": 5,
        "user": {
          "type": "Well Known Group",
          "name": "SYSTEM",
          "domain": "NT AUTHORITY",
          "identifier": "S-1-5-XX-REDACTED"
        },
        "event_id": "1",
        "record_id": 61,
        "provider_guid": "{GUID-REDACTED}",
        "channel": "Microsoft-Windows-Sysmon/Operational",
        "task": "Process Create (rule: ProcessCreate)",
        "opcode": "Info",
        "process": {
          "thread": {
            "id": 1304
          },
          "pid": 1596
        },
        "computer_name": "HOST-REDACTED",
        "provider_name": "Microsoft-Windows-Sysmon",
        "event_data": {
          "CurrentDirectory": "C:\\HOST\\USER\\",
          "LogonGuid": "{GUID-REDACTED}",
          "Image": "C:\\HOST\\USER\\ngen.exe",
          "ParentProcessGuid": "{GUID-REDACTED}",
          "UtcTime": "2026-03-22 05:50:05.410",
          "ParentCommandLine": "\"C:\\HOST\\USER\\NGenTask.exe\" /RuntimeWide /Critical /StopEvent:1140",
          "RuleName": "-",
          "ParentUser": "NT HOST\\USER",
          "ParentProcessId": "3132",
          "Product": "Microsoft® .NET Framework",
          "ProcessId": "2588",
          "LogonId": "0x3e7",
          "ProcessGuid": "{GUID-REDACTED}",
          "TerminalSessionId": "0",
          "Hashes": "SHA256=6EAB4808D956F519A0440CC1A41C85664FC047DA53C1EB8FA7932D83AA65E66E",
          "OriginalFileName": "ngen.exe",
          "IntegrityLevel": "System",
          "Company": "Microsoft Corporation",
          "User": "USER-REDACTED",
          "Description": "Microsoft Common Language Runtime native compiler",
          "CommandLine": "\"C:\\HOST\\USER\\ngen.exe\" ExecuteQueuedItems 2 /LegacyServiceBehavior",
          "ParentImage": "C:\\HOST\\USER\\ngentask.exe",
          "FileVersion": "4.8.9221.0 built by: NET481REL1LAST_25H2"
        }
      },
      "tags": [
        "beats_input_codec_plain_applied"
      ],
      "agent": {
        "type": "winlogbeat",
        "id": "e914dd33-e7be-4a91-b774-394d715855f5",
        "name": "HOST-REDACTED",
        "ephemeral_id": "b8267783-8d43-4086-8074-c2f96b9f9dae",
        "version": "9.3.2"
      },
      "event": {
        "kind": "event",
        "created": "2026-03-29T09:11:41.459Z",
        "code": "1",
        "action": "Process Create (rule: ProcessCreate)",
        "original": "Process Create:\nRuleName: -\nUtcTime: 2026-03-22 05:50:05.410\nProcessGuid: {GUID-REDACTED}\nProcessId: 2588\nImage: C:\\HOST\\USER\\ngen.exe\nFileVersion: 4.8.9221.0 built by: NET481REL1LAST_25H2\nDescription: Microsoft Common Language Runtime native compiler\nProduct: Microsoft® .NET Framework\nCompany: Microsoft Corporation\nOriginalFileName: ngen.exe\nCommandLine: \"C:\\HOST\\USER\\ngen.exe\" ExecuteQueuedItems 2 /LegacyServiceBehavior\nCurrentDirectory: C:\\HOST\\USER\\\nUser: NT HOST\\USER\nLogonGuid: {GUID-REDACTED}\nLogonId: 0x3e7\nTerminalSessionId: 0\nIntegrityLevel: System\nHashes: SHA256=6EAB4808D956F519A0440CC1A41C85664FC047DA53C1EB8FA7932D83AA65E66E\nParentProcessGuid: {GUID-REDACTED}\nParentProcessId: 3132\nParentImage: C:\\HOST\\USER\\ngentask.exe\nParentCommandLine: \"C:\\HOST\\USER\\NGenTask.exe\" /RuntimeWide /Critical /StopEvent:1140\nParentUser: NT HOST\\USER",
        "provider": "Microsoft-Windows-Sysmon"
      }
    },
    "parsed_type": "sysmon",
    "event_type_name": "ProcessCreate",
    "process_guid": "{GUID-REDACTED}",
    "process_id": "2588",
    "image": "C:\\HOST\\USER\\ngen.exe",
    "command_line": "\"C:\\HOST\\USER\\ngen.exe\" ExecuteQueuedItems 2 /LegacyServiceBehavior",
    "current_directory": "C:\\HOST\\USER\\",
    "user": "USER-REDACTED",
    "logon_guid": "{GUID-REDACTED}",
    "logon_id": "0x3e7",
    "terminal_session_id": "0",
    "integrity_level": "System",
    "hashes": "SHA256=6EAB4808D956F519A0440CC1A41C85664FC047DA53C1EB8FA7932D83AA65E66E",
    "parent_process_guid": "{GUID-REDACTED}",
    "parent_process_id": "3132",
    "parent_image": "C:\\HOST\\USER\\ngentask.exe",
    "parent_command_line": "\"C:\\HOST\\USER\\NGenTask.exe\" /RuntimeWide /Critical /StopEvent:1140",
    "target_filename": null,
    "creation_utc_time": null,
    "destination_ip": null,
    "destination_port": null,
    "source_ip": null,
    "source_port": null,
    "protocol": null,
    "target_object": null,
    "details": null
  },
  {
    "timestamp": "2026-03-22T05:50:06.308Z",
    "message": "Process Create:\nRuleName: -\nUtcTime: 2026-03-22 05:50:06.306\nProcessGuid: {GUID-REDACTED}\nProcessId: 4536\nImage: C:\\HOST\\USER\\mscorsvw.exe\nFileVersion: 4.8.9221.0 built by: NET481REL1LAST_25H2\nDescription: .NET Runtime Optimization Service\nProduct: Microsoft® .NET Framework\nCompany: Microsoft Corporation\nOriginalFileName: mscorsvw.exe\nCommandLine: C:\\HOST\\USER\\mscorsvw.exe -StartupEvent 37c -InterruptEvent 0 -NGENProcess 36c -Pipe 364 -Comment \"NGen Worker Process\"\nCurrentDirectory: C:\\HOST\\USER\\\nUser: NT HOST\\USER\nLogonGuid: {GUID-REDACTED}\nLogonId: 0x3e7\nTerminalSessionId: 0\nIntegrityLevel: System\nHashes: SHA256=AF4A50DC7379F5653EEFABCFAE68977D2D576141F422C838D9E854AC71C8100A\nParentProcessGuid: {GUID-REDACTED}\nParentProcessId: 4400\nParentImage: C:\\HOST\\USER\\ngen.exe\nParentCommandLine: \"C:\\HOST\\USER\\ngen.exe\" ExecuteQueuedItems 2 /LegacyServiceBehavior\nParentUser: NT HOST\\USER",
    "event_code": "1",
    "event_action": "Process Create (rule: ProcessCreate)",
    "event_kind": "event",
    "provider": "Microsoft-Windows-Sysmon",
    "channel": "Microsoft-Windows-Sysmon/Operational",
    "event_id": "1",
    "record_id": 64,
    "computer_name": "HOST-REDACTED",
    "provider_name": "Microsoft-Windows-Sysmon",
    "log_level": "information",
    "host_name": "HOST-REDACTED",
    "host_hostname": "HOST-REDACTED",
    "host_os": "Windows 11 Pro",
    "agent_type": "winlogbeat",
    "agent_version": "9.3.2",
    "process_pid": 1596,
    "raw_event_data": {
      "CurrentDirectory": "C:\\HOST\\USER\\",
      "LogonGuid": "{GUID-REDACTED}",
      "Image": "C:\\HOST\\USER\\mscorsvw.exe",
      "ParentProcessGuid": "{GUID-REDACTED}",
      "UtcTime": "2026-03-22 05:50:06.306",
      "ParentCommandLine": "\"C:\\HOST\\USER\\ngen.exe\" ExecuteQueuedItems 2 /LegacyServiceBehavior",
      "RuleName": "-",
      "ParentUser": "NT HOST\\USER",
      "Product": "Microsoft® .NET Framework",
      "ParentProcessId": "4400",
      "ProcessId": "4536",
      "LogonId": "0x3e7",
      "ProcessGuid": "{GUID-REDACTED}",
      "TerminalSessionId": "0",
      "Hashes": "SHA256=AF4A50DC7379F5653EEFABCFAE68977D2D576141F422C838D9E854AC71C8100A",
      "OriginalFileName": "mscorsvw.exe",
      "IntegrityLevel": "System",
      "Company": "Microsoft Corporation",
      "User": "USER-REDACTED",
      "Description": ".NET Runtime Optimization Service",
      "CommandLine": "C:\\HOST\\USER\\mscorsvw.exe -StartupEvent 37c -InterruptEvent 0 -NGENProcess 36c -Pipe 364 -Comment \"NGen Worker Process\"",
      "ParentImage": "C:\\HOST\\USER\\ngen.exe",
      "FileVersion": "4.8.9221.0 built by: NET481REL1LAST_25H2"
    },
    "raw": {
      "@timestamp": "2026-03-22T05:50:06.308Z",
      "log": {
        "level": "information"
      },
      "message": "Process Create:\nRuleName: -\nUtcTime: 2026-03-22 05:50:06.306\nProcessGuid: {GUID-REDACTED}\nProcessId: 4536\nImage: C:\\HOST\\USER\\mscorsvw.exe\nFileVersion: 4.8.9221.0 built by: NET481REL1LAST_25H2\nDescription: .NET Runtime Optimization Service\nProduct: Microsoft® .NET Framework\nCompany: Microsoft Corporation\nOriginalFileName: mscorsvw.exe\nCommandLine: C:\\HOST\\USER\\mscorsvw.exe -StartupEvent 37c -InterruptEvent 0 -NGENProcess 36c -Pipe 364 -Comment \"NGen Worker Process\"\nCurrentDirectory: C:\\HOST\\USER\\\nUser: NT HOST\\USER\nLogonGuid: {GUID-REDACTED}\nLogonId: 0x3e7\nTerminalSessionId: 0\nIntegrityLevel: System\nHashes: SHA256=AF4A50DC7379F5653EEFABCFAE68977D2D576141F422C838D9E854AC71C8100A\nParentProcessGuid: {GUID-REDACTED}\nParentProcessId: 4400\nParentImage: C:\\HOST\\USER\\ngen.exe\nParentCommandLine: \"C:\\HOST\\USER\\ngen.exe\" ExecuteQueuedItems 2 /LegacyServiceBehavior\nParentUser: NT HOST\\USER",
      "host": {
        "architecture": "x86_64",
        "name": "HOST-REDACTED",
        "id": "4c1ea299-cc74-49b5-ac0a-1138d9d08387",
        "os": {
          "type": "windows",
          "version": "10.0",
          "name": "Windows 11 Pro",
          "kernel": "10.0.26100.8036 (WinBuild.160101.0800)",
          "family": "windows",
          "build": "26200.8037",
          "platform": "windows"
        },
        "ip": [
          "fe80::1eac:376c:1bd5:f979",
          "IP-REDACTED"
        ],
        "mac": [
          "MAC-REDACTED"
        ],
        "hostname": "HOST-REDACTED"
      },
      "ecs": {
        "version": "8.0.0"
      },
      "@version": "1",
      "winlog": {
        "version": 5,
        "user": {
          "type": "Well Known Group",
          "name": "SYSTEM",
          "domain": "NT AUTHORITY",
          "identifier": "S-1-5-XX-REDACTED"
        },
        "event_id": "1",
        "record_id": 64,
        "provider_guid": "{GUID-REDACTED}",
        "channel": "Microsoft-Windows-Sysmon/Operational",
        "task": "Process Create (rule: ProcessCreate)",
        "opcode": "Info",
        "process": {
          "thread": {
            "id": 1304
          },
          "pid": 1596
        },
        "computer_name": "HOST-REDACTED",
        "provider_name": "Microsoft-Windows-Sysmon",
        "event_data": {
          "CurrentDirectory": "C:\\HOST\\USER\\",
          "LogonGuid": "{GUID-REDACTED}",
          "Image": "C:\\HOST\\USER\\mscorsvw.exe",
          "ParentProcessGuid": "{GUID-REDACTED}",
          "UtcTime": "2026-03-22 05:50:06.306",
          "ParentCommandLine": "\"C:\\HOST\\USER\\ngen.exe\" ExecuteQueuedItems 2 /LegacyServiceBehavior",
          "RuleName": "-",
          "ParentUser": "NT HOST\\USER",
          "Product": "Microsoft® .NET Framework",
          "ParentProcessId": "4400",
          "ProcessId": "4536",
          "LogonId": "0x3e7",
          "ProcessGuid": "{GUID-REDACTED}",
          "TerminalSessionId": "0",
          "Hashes": "SHA256=AF4A50DC7379F5653EEFABCFAE68977D2D576141F422C838D9E854AC71C8100A",
          "OriginalFileName": "mscorsvw.exe",
          "IntegrityLevel": "System",
          "Company": "Microsoft Corporation",
          "User": "USER-REDACTED",
          "Description": ".NET Runtime Optimization Service",
          "CommandLine": "C:\\HOST\\USER\\mscorsvw.exe -StartupEvent 37c -InterruptEvent 0 -NGENProcess 36c -Pipe 364 -Comment \"NGen Worker Process\"",
          "ParentImage": "C:\\HOST\\USER\\ngen.exe",
          "FileVersion": "4.8.9221.0 built by: NET481REL1LAST_25H2"
        }
      },
      "tags": [
        "beats_input_codec_plain_applied"
      ],
      "agent": {
        "type": "winlogbeat",
        "version": "9.3.2",
        "id": "e914dd33-e7be-4a91-b774-394d715855f5",
        "ephemeral_id": "b8267783-8d43-4086-8074-c2f96b9f9dae",
        "name": "HOST-REDACTED"
      },
      "event": {
        "kind": "event",
        "created": "2026-03-29T09:11:41.459Z",
        "code": "1",
        "action": "Process Create (rule: ProcessCreate)",
        "original": "Process Create:\nRuleName: -\nUtcTime: 2026-03-22 05:50:06.306\nProcessGuid: {GUID-REDACTED}\nProcessId: 4536\nImage: C:\\HOST\\USER\\mscorsvw.exe\nFileVersion: 4.8.9221.0 built by: NET481REL1LAST_25H2\nDescription: .NET Runtime Optimization Service\nProduct: Microsoft® .NET Framework\nCompany: Microsoft Corporation\nOriginalFileName: mscorsvw.exe\nCommandLine: C:\\HOST\\USER\\mscorsvw.exe -StartupEvent 37c -InterruptEvent 0 -NGENProcess 36c -Pipe 364 -Comment \"NGen Worker Process\"\nCurrentDirectory: C:\\HOST\\USER\\\nUser: NT HOST\\USER\nLogonGuid: {GUID-REDACTED}\nLogonId: 0x3e7\nTerminalSessionId: 0\nIntegrityLevel: System\nHashes: SHA256=AF4A50DC7379F5653EEFABCFAE68977D2D576141F422C838D9E854AC71C8100A\nParentProcessGuid: {GUID-REDACTED}\nParentProcessId: 4400\nParentImage: C:\\HOST\\USER\\ngen.exe\nParentCommandLine: \"C:\\HOST\\USER\\ngen.exe\" ExecuteQueuedItems 2 /LegacyServiceBehavior\nParentUser: NT HOST\\USER",
        "provider": "Microsoft-Windows-Sysmon"
      }
    },
    "parsed_type": "sysmon",
    "event_type_name": "ProcessCreate",
    "process_guid": "{GUID-REDACTED}",
    "process_id": "4536",
    "image": "C:\\HOST\\USER\\mscorsvw.exe",
    "command_line": "C:\\HOST\\USER\\mscorsvw.exe -StartupEvent 37c -InterruptEvent 0 -NGENProcess 36c -Pipe 364 -Comment \"NGen Worker Process\"",
    "current_directory": "C:\\HOST\\USER\\",
    "user": "USER-REDACTED",
    "logon_guid": "{GUID-REDACTED}",
    "logon_id": "0x3e7",
    "terminal_session_id": "0",
    "integrity_level": "System",
    "hashes": "SHA256=AF4A50DC7379F5653EEFABCFAE68977D2D576141F422C838D9E854AC71C8100A",
    "parent_process_guid": "{GUID-REDACTED}",
    "parent_process_id": "4400",
    "parent_image": "C:\\HOST\\USER\\ngen.exe",
    "parent_command_line": "\"C:\\HOST\\USER\\ngen.exe\" ExecuteQueuedItems 2 /LegacyServiceBehavior",
    "target_filename": null,
    "creation_utc_time": null,
    "destination_ip": null,
    "destination_port": null,
    "source_ip": null,
    "source_port": null,
    "protocol": null,
    "target_object": null,
    "details": null
  },
