  {
    "timestamp": "2026-03-22T05:51:02.007Z",
    "message": "Process Create:\nRuleName: -\nUtcTime: 2026-03-22 05:51:02.005\nProcessGuid: {GUID-REDACTED}\nProcessId: 11004\nImage: C:\\HOST\\USER\\mscorsvw.exe\nFileVersion: 4.8.9221.0 built by: NET481REL1LAST_25H2\nDescription: .NET Runtime Optimization Service\nProduct: Microsoft® .NET Framework\nCompany: Microsoft Corporation\nOriginalFileName: mscorsvw.exe\nCommandLine: C:\\HOST\\USER\\mscorsvw.exe -StartupEvent 268 -InterruptEvent 0 -NGENProcess 248 -Pipe 240 -Comment \"NGen Worker Process\"\nCurrentDirectory: C:\\HOST\\USER\\\nUser: NT HOST\\USER\nLogonGuid: {GUID-REDACTED}\nLogonId: 0x3e7\nTerminalSessionId: 0\nIntegrityLevel: System\nHashes: SHA256=AF4A50DC7379F5653EEFABCFAE68977D2D576141F422C838D9E854AC71C8100A\nParentProcessGuid: {GUID-REDACTED}\nParentProcessId: 4400\nParentImage: C:\\HOST\\USER\\ngen.exe\nParentCommandLine: \"C:\\HOST\\USER\\ngen.exe\" ExecuteQueuedItems 2 /LegacyServiceBehavior\nParentUser: NT HOST\\USER",
    "event_code": "1",
    "event_action": "Process Create (rule: ProcessCreate)",
    "event_kind": "event",
    "provider": "Microsoft-Windows-Sysmon",
    "channel": "Microsoft-Windows-Sysmon/Operational",
    "event_id": "1",
    "record_id": 167,
    "computer_name": "HOST-REDACTED",
    "provider_name": "Microsoft-Windows-Sysmon",
    "log_level": "information",
    "host_name": "HOST-REDACTED",
    "host_hostname": "HOST-REDACTED",
    "host_os": "Windows 11 Pro",
    "agent_type": "winlogbeat",
    "agent_version": "9.3.2",
    "process_pid": 1596,
    "raw_event_data": {
      "CurrentDirectory": "C:\\HOST\\USER\\",
      "LogonGuid": "{GUID-REDACTED}",
      "Image": "C:\\HOST\\USER\\mscorsvw.exe",
      "UtcTime": "2026-03-22 05:51:02.005",
      "ParentProcessGuid": "{GUID-REDACTED}",
      "ParentCommandLine": "\"C:\\HOST\\USER\\ngen.exe\" ExecuteQueuedItems 2 /LegacyServiceBehavior",
      "RuleName": "-",
      "ParentUser": "NT HOST\\USER",
      "Product": "Microsoft® .NET Framework",
      "ParentProcessId": "4400",
      "ProcessId": "11004",
      "LogonId": "0x3e7",
      "ProcessGuid": "{GUID-REDACTED}",
      "TerminalSessionId": "0",
      "Hashes": "SHA256=AF4A50DC7379F5653EEFABCFAE68977D2D576141F422C838D9E854AC71C8100A",
      "OriginalFileName": "mscorsvw.exe",
      "IntegrityLevel": "System",
      "Company": "Microsoft Corporation",
      "User": "USER-REDACTED",
      "CommandLine": "C:\\HOST\\USER\\mscorsvw.exe -StartupEvent 268 -InterruptEvent 0 -NGENProcess 248 -Pipe 240 -Comment \"NGen Worker Process\"",
      "Description": ".NET Runtime Optimization Service",
      "ParentImage": "C:\\HOST\\USER\\ngen.exe",
      "FileVersion": "4.8.9221.0 built by: NET481REL1LAST_25H2"
    },
    "raw": {
      "@timestamp": "2026-03-22T05:51:02.007Z",
      "log": {
        "level": "information"
      },
      "message": "Process Create:\nRuleName: -\nUtcTime: 2026-03-22 05:51:02.005\nProcessGuid: {GUID-REDACTED}\nProcessId: 11004\nImage: C:\\HOST\\USER\\mscorsvw.exe\nFileVersion: 4.8.9221.0 built by: NET481REL1LAST_25H2\nDescription: .NET Runtime Optimization Service\nProduct: Microsoft® .NET Framework\nCompany: Microsoft Corporation\nOriginalFileName: mscorsvw.exe\nCommandLine: C:\\HOST\\USER\\mscorsvw.exe -StartupEvent 268 -InterruptEvent 0 -NGENProcess 248 -Pipe 240 -Comment \"NGen Worker Process\"\nCurrentDirectory: C:\\HOST\\USER\\\nUser: NT HOST\\USER\nLogonGuid: {GUID-REDACTED}\nLogonId: 0x3e7\nTerminalSessionId: 0\nIntegrityLevel: System\nHashes: SHA256=AF4A50DC7379F5653EEFABCFAE68977D2D576141F422C838D9E854AC71C8100A\nParentProcessGuid: {GUID-REDACTED}\nParentProcessId: 4400\nParentImage: C:\\HOST\\USER\\ngen.exe\nParentCommandLine: \"C:\\HOST\\USER\\ngen.exe\" ExecuteQueuedItems 2 /LegacyServiceBehavior\nParentUser: NT HOST\\USER",
      "ecs": {
        "version": "8.0.0"
      },
      "host": {
        "architecture": "x86_64",
        "name": "HOST-REDACTED",
        "id": "4c1ea299-cc74-49b5-ac0a-1138d9d08387",
        "os": {
          "type": "windows",
          "version": "10.0",
          "name": "Windows 11 Pro",
          "kernel": "10.0.26100.8036 (WinBuild.160101.0800)",
          "family": "windows",
          "build": "26200.8037",
          "platform": "windows"
        },
        "ip": [
          "fe80::1eac:376c:1bd5:f979",
          "IP-REDACTED"
        ],
        "mac": [
          "MAC-REDACTED"
        ],
        "hostname": "HOST-REDACTED"
      },
      "@version": "1",
      "winlog": {
        "version": 5,
        "user": {
          "type": "Well Known Group",
          "name": "SYSTEM",
          "domain": "NT AUTHORITY",
          "identifier": "S-1-5-XX-REDACTED"
        },
        "event_id": "1",
        "record_id": 167,
        "provider_guid": "{GUID-REDACTED}",
        "channel": "Microsoft-Windows-Sysmon/Operational",
        "task": "Process Create (rule: ProcessCreate)",
        "opcode": "Info",
        "process": {
          "thread": {
            "id": 1304
          },
          "pid": 1596
        },
        "computer_name": "HOST-REDACTED",
        "provider_name": "Microsoft-Windows-Sysmon",
        "event_data": {
          "CurrentDirectory": "C:\\HOST\\USER\\",
          "LogonGuid": "{GUID-REDACTED}",
          "Image": "C:\\HOST\\USER\\mscorsvw.exe",
          "UtcTime": "2026-03-22 05:51:02.005",
          "ParentProcessGuid": "{GUID-REDACTED}",
          "ParentCommandLine": "\"C:\\HOST\\USER\\ngen.exe\" ExecuteQueuedItems 2 /LegacyServiceBehavior",
          "RuleName": "-",
          "ParentUser": "NT HOST\\USER",
          "Product": "Microsoft® .NET Framework",
          "ParentProcessId": "4400",
          "ProcessId": "11004",
          "LogonId": "0x3e7",
          "ProcessGuid": "{GUID-REDACTED}",
          "TerminalSessionId": "0",
          "Hashes": "SHA256=AF4A50DC7379F5653EEFABCFAE68977D2D576141F422C838D9E854AC71C8100A",
          "OriginalFileName": "mscorsvw.exe",
          "IntegrityLevel": "System",
          "Company": "Microsoft Corporation",
          "User": "USER-REDACTED",
          "CommandLine": "C:\\HOST\\USER\\mscorsvw.exe -StartupEvent 268 -InterruptEvent 0 -NGENProcess 248 -Pipe 240 -Comment \"NGen Worker Process\"",
          "Description": ".NET Runtime Optimization Service",
          "ParentImage": "C:\\HOST\\USER\\ngen.exe",
          "FileVersion": "4.8.9221.0 built by: NET481REL1LAST_25H2"
        }
      },
      "tags": [
        "beats_input_codec_plain_applied"
      ],
      "agent": {
        "type": "winlogbeat",
        "id": "e914dd33-e7be-4a91-b774-394d715855f5",
        "name": "HOST-REDACTED",
        "ephemeral_id": "b8267783-8d43-4086-8074-c2f96b9f9dae",
        "version": "9.3.2"
      },
      "event": {
        "kind": "event",
        "created": "2026-03-29T09:11:41.467Z",
        "code": "1",
        "action": "Process Create (rule: ProcessCreate)",
        "original": "Process Create:\nRuleName: -\nUtcTime: 2026-03-22 05:51:02.005\nProcessGuid: {GUID-REDACTED}\nProcessId: 11004\nImage: C:\\HOST\\USER\\mscorsvw.exe\nFileVersion: 4.8.9221.0 built by: NET481REL1LAST_25H2\nDescription: .NET Runtime Optimization Service\nProduct: Microsoft® .NET Framework\nCompany: Microsoft Corporation\nOriginalFileName: mscorsvw.exe\nCommandLine: C:\\HOST\\USER\\mscorsvw.exe -StartupEvent 268 -InterruptEvent 0 -NGENProcess 248 -Pipe 240 -Comment \"NGen Worker Process\"\nCurrentDirectory: C:\\HOST\\USER\\\nUser: NT HOST\\USER\nLogonGuid: {GUID-REDACTED}\nLogonId: 0x3e7\nTerminalSessionId: 0\nIntegrityLevel: System\nHashes: SHA256=AF4A50DC7379F5653EEFABCFAE68977D2D576141F422C838D9E854AC71C8100A\nParentProcessGuid: {GUID-REDACTED}\nParentProcessId: 4400\nParentImage: C:\\HOST\\USER\\ngen.exe\nParentCommandLine: \"C:\\HOST\\USER\\ngen.exe\" ExecuteQueuedItems 2 /LegacyServiceBehavior\nParentUser: NT HOST\\USER",
        "provider": "Microsoft-Windows-Sysmon"
      }
    },
    "parsed_type": "sysmon",
    "event_type_name": "ProcessCreate",
    "process_guid": "{GUID-REDACTED}",
    "process_id": "11004",
    "image": "C:\\HOST\\USER\\mscorsvw.exe",
    "command_line": "C:\\HOST\\USER\\mscorsvw.exe -StartupEvent 268 -InterruptEvent 0 -NGENProcess 248 -Pipe 240 -Comment \"NGen Worker Process\"",
    "current_directory": "C:\\HOST\\USER\\",
    "user": "USER-REDACTED",
    "logon_guid": "{GUID-REDACTED}",
    "logon_id": "0x3e7",
    "terminal_session_id": "0",
    "integrity_level": "System",
    "hashes": "SHA256=AF4A50DC7379F5653EEFABCFAE68977D2D576141F422C838D9E854AC71C8100A",
    "parent_process_guid": "{GUID-REDACTED}",
    "parent_process_id": "4400",
    "parent_image": "C:\\HOST\\USER\\ngen.exe",
    "parent_command_line": "\"C:\\HOST\\USER\\ngen.exe\" ExecuteQueuedItems 2 /LegacyServiceBehavior",
    "target_filename": null,
    "creation_utc_time": null,
    "destination_ip": null,
    "destination_port": null,
    "source_ip": null,
    "source_port": null,
    "protocol": null,
    "target_object": null,
    "details": null
  },
  {
    "timestamp": "2026-03-22T05:51:02.352Z",
    "message": "Process Create:\nRuleName: -\nUtcTime: 2026-03-22 05:51:02.347\nProcessGuid: {GUID-REDACTED}\nProcessId: 7180\nImage: C:\\HOST\\USER\\mscorsvw.exe\nFileVersion: 4.8.9221.0 built by: NET481REL1LAST_25H2\nDescription: .NET Runtime Optimization Service\nProduct: Microsoft® .NET Framework\nCompany: Microsoft Corporation\nOriginalFileName: mscorsvw.exe\nCommandLine: C:\\HOST\\USER\\mscorsvw.exe -StartupEvent 2bc -InterruptEvent 0 -NGENProcess 2f8 -Pipe 25c -Comment \"NGen Worker Process\"\nCurrentDirectory: C:\\HOST\\USER\\\nUser: NT HOST\\USER\nLogonGuid: {GUID-REDACTED}\nLogonId: 0x3e7\nTerminalSessionId: 0\nIntegrityLevel: System\nHashes: SHA256=AF4A50DC7379F5653EEFABCFAE68977D2D576141F422C838D9E854AC71C8100A\nParentProcessGuid: {GUID-REDACTED}\nParentProcessId: 4400\nParentImage: C:\\HOST\\USER\\ngen.exe\nParentCommandLine: \"C:\\HOST\\USER\\ngen.exe\" ExecuteQueuedItems 2 /LegacyServiceBehavior\nParentUser: NT HOST\\USER",
    "event_code": "1",
    "event_action": "Process Create (rule: ProcessCreate)",
    "event_kind": "event",
    "provider": "Microsoft-Windows-Sysmon",
    "channel": "Microsoft-Windows-Sysmon/Operational",
    "event_id": "1",
    "record_id": 168,
    "computer_name": "HOST-REDACTED",
    "provider_name": "Microsoft-Windows-Sysmon",
    "log_level": "information",
    "host_name": "HOST-REDACTED",
    "host_hostname": "HOST-REDACTED",
    "host_os": "Windows 11 Pro",
    "agent_type": "winlogbeat",
    "agent_version": "9.3.2",
    "process_pid": 1596,
    "raw_event_data": {
      "CurrentDirectory": "C:\\HOST\\USER\\",
      "LogonGuid": "{GUID-REDACTED}",
      "Image": "C:\\HOST\\USER\\mscorsvw.exe",
      "UtcTime": "2026-03-22 05:51:02.347",
      "ParentProcessGuid": "{GUID-REDACTED}",
      "ParentCommandLine": "\"C:\\HOST\\USER\\ngen.exe\" ExecuteQueuedItems 2 /LegacyServiceBehavior",
      "RuleName": "-",
      "ParentUser": "NT HOST\\USER",
      "Product": "Microsoft® .NET Framework",
      "ParentProcessId": "4400",
      "ProcessId": "7180",
      "LogonId": "0x3e7",
      "ProcessGuid": "{GUID-REDACTED}",
      "TerminalSessionId": "0",
      "Hashes": "SHA256=AF4A50DC7379F5653EEFABCFAE68977D2D576141F422C838D9E854AC71C8100A",
      "OriginalFileName": "mscorsvw.exe",
      "IntegrityLevel": "System",
      "Company": "Microsoft Corporation",
      "User": "USER-REDACTED",
      "Description": ".NET Runtime Optimization Service",
      "CommandLine": "C:\\HOST\\USER\\mscorsvw.exe -StartupEvent 2bc -InterruptEvent 0 -NGENProcess 2f8 -Pipe 25c -Comment \"NGen Worker Process\"",
      "ParentImage": "C:\\HOST\\USER\\ngen.exe",
      "FileVersion": "4.8.9221.0 built by: NET481REL1LAST_25H2"
    },
    "raw": {
      "@timestamp": "2026-03-22T05:51:02.352Z",
      "ecs": {
        "version": "8.0.0"
      },
      "message": "Process Create:\nRuleName: -\nUtcTime: 2026-03-22 05:51:02.347\nProcessGuid: {GUID-REDACTED}\nProcessId: 7180\nImage: C:\\HOST\\USER\\mscorsvw.exe\nFileVersion: 4.8.9221.0 built by: NET481REL1LAST_25H2\nDescription: .NET Runtime Optimization Service\nProduct: Microsoft® .NET Framework\nCompany: Microsoft Corporation\nOriginalFileName: mscorsvw.exe\nCommandLine: C:\\HOST\\USER\\mscorsvw.exe -StartupEvent 2bc -InterruptEvent 0 -NGENProcess 2f8 -Pipe 25c -Comment \"NGen Worker Process\"\nCurrentDirectory: C:\\HOST\\USER\\\nUser: NT HOST\\USER\nLogonGuid: {GUID-REDACTED}\nLogonId: 0x3e7\nTerminalSessionId: 0\nIntegrityLevel: System\nHashes: SHA256=AF4A50DC7379F5653EEFABCFAE68977D2D576141F422C838D9E854AC71C8100A\nParentProcessGuid: {GUID-REDACTED}\nParentProcessId: 4400\nParentImage: C:\\HOST\\USER\\ngen.exe\nParentCommandLine: \"C:\\HOST\\USER\\ngen.exe\" ExecuteQueuedItems 2 /LegacyServiceBehavior\nParentUser: NT HOST\\USER",
      "log": {
        "level": "information"
      },
      "host": {
        "architecture": "x86_64",
        "name": "HOST-REDACTED",
        "id": "4c1ea299-cc74-49b5-ac0a-1138d9d08387",
        "os": {
          "type": "windows",
          "kernel": "10.0.26100.8036 (WinBuild.160101.0800)",
          "version": "10.0",
          "name": "Windows 11 Pro",
          "family": "windows",
          "build": "26200.8037",
          "platform": "windows"
        },
        "ip": [
          "fe80::1eac:376c:1bd5:f979",
          "IP-REDACTED"
        ],
        "mac": [
          "MAC-REDACTED"
        ],
        "hostname": "HOST-REDACTED"
      },
      "@version": "1",
      "winlog": {
        "version": 5,
        "user": {
          "type": "Well Known Group",
          "name": "SYSTEM",
          "domain": "NT AUTHORITY",
          "identifier": "S-1-5-XX-REDACTED"
        },
        "event_id": "1",
        "record_id": 168,
        "provider_guid": "{GUID-REDACTED}",
        "channel": "Microsoft-Windows-Sysmon/Operational",
        "task": "Process Create (rule: ProcessCreate)",
        "opcode": "Info",
        "process": {
          "thread": {
            "id": 1304
          },
          "pid": 1596
        },
        "computer_name": "HOST-REDACTED",
        "provider_name": "Microsoft-Windows-Sysmon",
        "event_data": {
          "CurrentDirectory": "C:\\HOST\\USER\\",
          "LogonGuid": "{GUID-REDACTED}",
          "Image": "C:\\HOST\\USER\\mscorsvw.exe",
          "UtcTime": "2026-03-22 05:51:02.347",
          "ParentProcessGuid": "{GUID-REDACTED}",
          "ParentCommandLine": "\"C:\\HOST\\USER\\ngen.exe\" ExecuteQueuedItems 2 /LegacyServiceBehavior",
          "RuleName": "-",
          "ParentUser": "NT HOST\\USER",
          "Product": "Microsoft® .NET Framework",
          "ParentProcessId": "4400",
          "ProcessId": "7180",
          "LogonId": "0x3e7",
          "ProcessGuid": "{GUID-REDACTED}",
          "TerminalSessionId": "0",
          "Hashes": "SHA256=AF4A50DC7379F5653EEFABCFAE68977D2D576141F422C838D9E854AC71C8100A",
          "OriginalFileName": "mscorsvw.exe",
          "IntegrityLevel": "System",
          "Company": "Microsoft Corporation",
          "User": "USER-REDACTED",
          "Description": ".NET Runtime Optimization Service",
          "CommandLine": "C:\\HOST\\USER\\mscorsvw.exe -StartupEvent 2bc -InterruptEvent 0 -NGENProcess 2f8 -Pipe 25c -Comment \"NGen Worker Process\"",
          "ParentImage": "C:\\HOST\\USER\\ngen.exe",
          "FileVersion": "4.8.9221.0 built by: NET481REL1LAST_25H2"
        }
      },
      "tags": [
        "beats_input_codec_plain_applied"
      ],
      "agent": {
        "type": "winlogbeat",
        "version": "9.3.2",
        "id": "e914dd33-e7be-4a91-b774-394d715855f5",
        "ephemeral_id": "b8267783-8d43-4086-8074-c2f96b9f9dae",
        "name": "HOST-REDACTED"
      },
      "event": {
        "kind": "event",
        "created": "2026-03-29T09:11:41.467Z",
        "code": "1",
        "action": "Process Create (rule: ProcessCreate)",
        "original": "Process Create:\nRuleName: -\nUtcTime: 2026-03-22 05:51:02.347\nProcessGuid: {GUID-REDACTED}\nProcessId: 7180\nImage: C:\\HOST\\USER\\mscorsvw.exe\nFileVersion: 4.8.9221.0 built by: NET481REL1LAST_25H2\nDescription: .NET Runtime Optimization Service\nProduct: Microsoft® .NET Framework\nCompany: Microsoft Corporation\nOriginalFileName: mscorsvw.exe\nCommandLine: C:\\HOST\\USER\\mscorsvw.exe -StartupEvent 2bc -InterruptEvent 0 -NGENProcess 2f8 -Pipe 25c -Comment \"NGen Worker Process\"\nCurrentDirectory: C:\\HOST\\USER\\\nUser: NT HOST\\USER\nLogonGuid: {GUID-REDACTED}\nLogonId: 0x3e7\nTerminalSessionId: 0\nIntegrityLevel: System\nHashes: SHA256=AF4A50DC7379F5653EEFABCFAE68977D2D576141F422C838D9E854AC71C8100A\nParentProcessGuid: {GUID-REDACTED}\nParentProcessId: 4400\nParentImage: C:\\HOST\\USER\\ngen.exe\nParentCommandLine: \"C:\\HOST\\USER\\ngen.exe\" ExecuteQueuedItems 2 /LegacyServiceBehavior\nParentUser: NT HOST\\USER",
        "provider": "Microsoft-Windows-Sysmon"
      }
    },
    "parsed_type": "sysmon",
    "event_type_name": "ProcessCreate",
    "process_guid": "{GUID-REDACTED}",
    "process_id": "7180",
    "image": "C:\\HOST\\USER\\mscorsvw.exe",
    "command_line": "C:\\HOST\\USER\\mscorsvw.exe -StartupEvent 2bc -InterruptEvent 0 -NGENProcess 2f8 -Pipe 25c -Comment \"NGen Worker Process\"",
    "current_directory": "C:\\HOST\\USER\\",
    "user": "USER-REDACTED",
    "logon_guid": "{GUID-REDACTED}",
    "logon_id": "0x3e7",
    "terminal_session_id": "0",
    "integrity_level": "System",
    "hashes": "SHA256=AF4A50DC7379F5653EEFABCFAE68977D2D576141F422C838D9E854AC71C8100A",
    "parent_process_guid": "{GUID-REDACTED}",
    "parent_process_id": "4400",
    "parent_image": "C:\\HOST\\USER\\ngen.exe",
    "parent_command_line": "\"C:\\HOST\\USER\\ngen.exe\" ExecuteQueuedItems 2 /LegacyServiceBehavior",
    "target_filename": null,
    "creation_utc_time": null,
    "destination_ip": null,
    "destination_port": null,
    "source_ip": null,
    "source_port": null,
    "protocol": null,
    "target_object": null,
    "details": null
  },
  {
    "timestamp": "2026-03-22T05:51:02.772Z",
    "message": "Process Create:\nRuleName: -\nUtcTime: 2026-03-22 05:51:02.770\nProcessGuid: {GUID-REDACTED}\nProcessId: 10936\nImage: C:\\HOST\\USER\\mscorsvw.exe\nFileVersion: 4.8.9221.0 built by: NET481REL1LAST_25H2\nDescription: .NET Runtime Optimization Service\nProduct: Microsoft® .NET Framework\nCompany: Microsoft Corporation\nOriginalFileName: mscorsvw.exe\nCommandLine: C:\\HOST\\USER\\mscorsvw.exe -StartupEvent 27c -InterruptEvent 0 -NGENProcess 284 -Pipe 23c -Comment \"NGen Worker Process\"\nCurrentDirectory: C:\\HOST\\USER\\\nUser: NT HOST\\USER\nLogonGuid: {GUID-REDACTED}\nLogonId: 0x3e7\nTerminalSessionId: 0\nIntegrityLevel: System\nHashes: SHA256=AF4A50DC7379F5653EEFABCFAE68977D2D576141F422C838D9E854AC71C8100A\nParentProcessGuid: {GUID-REDACTED}\nParentProcessId: 4400\nParentImage: C:\\HOST\\USER\\ngen.exe\nParentCommandLine: \"C:\\HOST\\USER\\ngen.exe\" ExecuteQueuedItems 2 /LegacyServiceBehavior\nParentUser: NT HOST\\USER",
    "event_code": "1",
    "event_action": "Process Create (rule: ProcessCreate)",
    "event_kind": "event",
    "provider": "Microsoft-Windows-Sysmon",
    "channel": "Microsoft-Windows-Sysmon/Operational",
    "event_id": "1",
    "record_id": 171,
    "computer_name": "HOST-REDACTED",
    "provider_name": "Microsoft-Windows-Sysmon",
    "log_level": "information",
    "host_name": "HOST-REDACTED",
    "host_hostname": "HOST-REDACTED",
    "host_os": "Windows 11 Pro",
    "agent_type": "winlogbeat",
    "agent_version": "9.3.2",
    "process_pid": 1596,
    "raw_event_data": {
      "CurrentDirectory": "C:\\HOST\\USER\\",
      "LogonGuid": "{GUID-REDACTED}",
      "Image": "C:\\HOST\\USER\\mscorsvw.exe",
      "UtcTime": "2026-03-22 05:51:02.770",
      "ParentProcessGuid": "{GUID-REDACTED}",
      "ParentCommandLine": "\"C:\\HOST\\USER\\ngen.exe\" ExecuteQueuedItems 2 /LegacyServiceBehavior",
      "RuleName": "-",
      "ParentUser": "NT HOST\\USER",
      "Product": "Microsoft® .NET Framework",
      "ParentProcessId": "4400",
      "ProcessId": "10936",
      "LogonId": "0x3e7",
      "ProcessGuid": "{GUID-REDACTED}",
      "TerminalSessionId": "0",
      "Hashes": "SHA256=AF4A50DC7379F5653EEFABCFAE68977D2D576141F422C838D9E854AC71C8100A",
      "OriginalFileName": "mscorsvw.exe",
      "IntegrityLevel": "System",
      "Company": "Microsoft Corporation",
      "User": "USER-REDACTED",
      "CommandLine": "C:\\HOST\\USER\\mscorsvw.exe -StartupEvent 27c -InterruptEvent 0 -NGENProcess 284 -Pipe 23c -Comment \"NGen Worker Process\"",
      "Description": ".NET Runtime Optimization Service",
      "ParentImage": "C:\\HOST\\USER\\ngen.exe",
      "FileVersion": "4.8.9221.0 built by: NET481REL1LAST_25H2"
    },
    "raw": {
      "@timestamp": "2026-03-22T05:51:02.772Z",
      "message": "Process Create:\nRuleName: -\nUtcTime: 2026-03-22 05:51:02.770\nProcessGuid: {GUID-REDACTED}\nProcessId: 10936\nImage: C:\\HOST\\USER\\mscorsvw.exe\nFileVersion: 4.8.9221.0 built by: NET481REL1LAST_25H2\nDescription: .NET Runtime Optimization Service\nProduct: Microsoft® .NET Framework\nCompany: Microsoft Corporation\nOriginalFileName: mscorsvw.exe\nCommandLine: C:\\HOST\\USER\\mscorsvw.exe -StartupEvent 27c -InterruptEvent 0 -NGENProcess 284 -Pipe 23c -Comment \"NGen Worker Process\"\nCurrentDirectory: C:\\HOST\\USER\\\nUser: NT HOST\\USER\nLogonGuid: {GUID-REDACTED}\nLogonId: 0x3e7\nTerminalSessionId: 0\nIntegrityLevel: System\nHashes: SHA256=AF4A50DC7379F5653EEFABCFAE68977D2D576141F422C838D9E854AC71C8100A\nParentProcessGuid: {GUID-REDACTED}\nParentProcessId: 4400\nParentImage: C:\\HOST\\USER\\ngen.exe\nParentCommandLine: \"C:\\HOST\\USER\\ngen.exe\" ExecuteQueuedItems 2 /LegacyServiceBehavior\nParentUser: NT HOST\\USER",
      "log": {
        "level": "information"
      },
      "ecs": {
        "version": "8.0.0"
      },
      "host": {
        "architecture": "x86_64",
        "id": "4c1ea299-cc74-49b5-ac0a-1138d9d08387",
        "ip": [
          "fe80::1eac:376c:1bd5:f979",
          "IP-REDACTED"
        ],
        "os": {
          "type": "windows",
          "kernel": "10.0.26100.8036 (WinBuild.160101.0800)",
          "version": "10.0",
          "name": "Windows 11 Pro",
          "family": "windows",
          "build": "26200.8037",
          "platform": "windows"
        },
        "name": "HOST-REDACTED",
        "mac": [
          "MAC-REDACTED"
        ],
        "hostname": "HOST-REDACTED"
      },
      "@version": "1",
      "winlog": {
        "version": 5,
        "user": {
          "type": "Well Known Group",
          "name": "SYSTEM",
          "domain": "NT AUTHORITY",
          "identifier": "S-1-5-XX-REDACTED"
        },
        "event_id": "1",
        "record_id": 171,
        "provider_guid": "{GUID-REDACTED}",
        "channel": "Microsoft-Windows-Sysmon/Operational",
        "task": "Process Create (rule: ProcessCreate)",
        "opcode": "Info",
        "computer_name": "HOST-REDACTED",
        "process": {
          "thread": {
            "id": 1304
          },
          "pid": 1596
        },
        "provider_name": "Microsoft-Windows-Sysmon",
        "event_data": {
          "CurrentDirectory": "C:\\HOST\\USER\\",
          "LogonGuid": "{GUID-REDACTED}",
          "Image": "C:\\HOST\\USER\\mscorsvw.exe",
          "UtcTime": "2026-03-22 05:51:02.770",
          "ParentProcessGuid": "{GUID-REDACTED}",
          "ParentCommandLine": "\"C:\\HOST\\USER\\ngen.exe\" ExecuteQueuedItems 2 /LegacyServiceBehavior",
          "RuleName": "-",
          "ParentUser": "NT HOST\\USER",
          "Product": "Microsoft® .NET Framework",
          "ParentProcessId": "4400",
          "ProcessId": "10936",
          "LogonId": "0x3e7",
          "ProcessGuid": "{GUID-REDACTED}",
          "TerminalSessionId": "0",
          "Hashes": "SHA256=AF4A50DC7379F5653EEFABCFAE68977D2D576141F422C838D9E854AC71C8100A",
          "OriginalFileName": "mscorsvw.exe",
          "IntegrityLevel": "System",
          "Company": "Microsoft Corporation",
          "User": "USER-REDACTED",
          "CommandLine": "C:\\HOST\\USER\\mscorsvw.exe -StartupEvent 27c -InterruptEvent 0 -NGENProcess 284 -Pipe 23c -Comment \"NGen Worker Process\"",
          "Description": ".NET Runtime Optimization Service",
          "ParentImage": "C:\\HOST\\USER\\ngen.exe",
          "FileVersion": "4.8.9221.0 built by: NET481REL1LAST_25H2"
        }
      },
      "tags": [
        "beats_input_codec_plain_applied"
      ],
      "agent": {
        "type": "winlogbeat",
        "id": "e914dd33-e7be-4a91-b774-394d715855f5",
        "name": "HOST-REDACTED",
        "ephemeral_id": "b8267783-8d43-4086-8074-c2f96b9f9dae",
        "version": "9.3.2"
      },
      "event": {
        "kind": "event",
        "created": "2026-03-29T09:11:41.467Z",
        "code": "1",
        "action": "Process Create (rule: ProcessCreate)",
        "original": "Process Create:\nRuleName: -\nUtcTime: 2026-03-22 05:51:02.770\nProcessGuid: {GUID-REDACTED}\nProcessId: 10936\nImage: C:\\HOST\\USER\\mscorsvw.exe\nFileVersion: 4.8.9221.0 built by: NET481REL1LAST_25H2\nDescription: .NET Runtime Optimization Service\nProduct: Microsoft® .NET Framework\nCompany: Microsoft Corporation\nOriginalFileName: mscorsvw.exe\nCommandLine: C:\\HOST\\USER\\mscorsvw.exe -StartupEvent 27c -InterruptEvent 0 -NGENProcess 284 -Pipe 23c -Comment \"NGen Worker Process\"\nCurrentDirectory: C:\\HOST\\USER\\\nUser: NT HOST\\USER\nLogonGuid: {GUID-REDACTED}\nLogonId: 0x3e7\nTerminalSessionId: 0\nIntegrityLevel: System\nHashes: SHA256=AF4A50DC7379F5653EEFABCFAE68977D2D576141F422C838D9E854AC71C8100A\nParentProcessGuid: {GUID-REDACTED}\nParentProcessId: 4400\nParentImage: C:\\HOST\\USER\\ngen.exe\nParentCommandLine: \"C:\\HOST\\USER\\ngen.exe\" ExecuteQueuedItems 2 /LegacyServiceBehavior\nParentUser: NT HOST\\USER",
        "provider": "Microsoft-Windows-Sysmon"
      }
    },
    "parsed_type": "sysmon",
    "event_type_name": "ProcessCreate",
    "process_guid": "{GUID-REDACTED}",
    "process_id": "10936",
    "image": "C:\\HOST\\USER\\mscorsvw.exe",
    "command_line": "C:\\HOST\\USER\\mscorsvw.exe -StartupEvent 27c -InterruptEvent 0 -NGENProcess 284 -Pipe 23c -Comment \"NGen Worker Process\"",
    "current_directory": "C:\\HOST\\USER\\",
    "user": "USER-REDACTED",
    "logon_guid": "{GUID-REDACTED}",
    "logon_id": "0x3e7",
    "terminal_session_id": "0",
    "integrity_level": "System",
    "hashes": "SHA256=AF4A50DC7379F5653EEFABCFAE68977D2D576141F422C838D9E854AC71C8100A",
    "parent_process_guid": "{GUID-REDACTED}",
    "parent_process_id": "4400",
    "parent_image": "C:\\HOST\\USER\\ngen.exe",
    "parent_command_line": "\"C:\\HOST\\USER\\ngen.exe\" ExecuteQueuedItems 2 /LegacyServiceBehavior",
    "target_filename": null,
    "creation_utc_time": null,
    "destination_ip": null,
    "destination_port": null,
    "source_ip": null,
    "source_port": null,
    "protocol": null,
    "target_object": null,
    "details": null
  },
  {
    "timestamp": "2026-03-22T05:51:02.856Z",
    "message": "Process Create:\nRuleName: -\nUtcTime: 2026-03-22 05:51:02.851\nProcessGuid: {GUID-REDACTED}\nProcessId: 6524\nImage: C:\\HOST\\USER\\cmd.exe\nFileVersion: 10.0.26100.7920 (WinBuild.160101.0800)\nDescription: Windows Command Processor\nProduct: Microsoft® Windows® Operating System\nCompany: Microsoft Corporation\nOriginalFileName: Cmd.Exe\nCommandLine: \"C:\\HOST\\USER\\cmd.exe\" /d /c C:\\HOST\\USER\\hpatchmonTask.cmd\nCurrentDirectory: C:\\HOST\\USER\\\nUser: NT HOST\\USER\nLogonGuid: {GUID-REDACTED}\nLogonId: 0x3e7\nTerminalSessionId: 0\nIntegrityLevel: System\nHashes: SHA256=F682AADDA9DEB654885AE17909380A25F7CB1A43AC0934AC425EE8DE4924C7F3\nParentProcessGuid: {GUID-REDACTED}\nParentProcessId: 1336\nParentImage: C:\\HOST\\USER\\svchost.exe\nParentCommandLine: C:\\HOST\\USER\\svchost.exe -k netsvcs -p -s Schedule\nParentUser: NT HOST\\USER",
    "event_code": "1",
    "event_action": "Process Create (rule: ProcessCreate)",
    "event_kind": "event",
    "provider": "Microsoft-Windows-Sysmon",
    "channel": "Microsoft-Windows-Sysmon/Operational",
    "event_id": "1",
    "record_id": 172,
    "computer_name": "HOST-REDACTED",
    "provider_name": "Microsoft-Windows-Sysmon",
    "log_level": "information",
    "host_name": "HOST-REDACTED",
    "host_hostname": "HOST-REDACTED",
    "host_os": "Windows 11 Pro",
    "agent_type": "winlogbeat",
    "agent_version": "9.3.2",
    "process_pid": 1596,
    "raw_event_data": {
      "CurrentDirectory": "C:\\HOST\\USER\\",
      "LogonGuid": "{GUID-REDACTED}",
      "Image": "C:\\HOST\\USER\\cmd.exe",
      "ParentProcessGuid": "{GUID-REDACTED}",
      "UtcTime": "2026-03-22 05:51:02.851",
      "ParentCommandLine": "C:\\HOST\\USER\\svchost.exe -k netsvcs -p -s Schedule",
      "RuleName": "-",
      "ParentUser": "NT HOST\\USER",
      "ParentProcessId": "1336",
      "Product": "Microsoft® Windows® Operating System",
      "ProcessId": "6524",
      "LogonId": "0x3e7",
      "ProcessGuid": "{GUID-REDACTED}",
      "TerminalSessionId": "0",
      "Hashes": "SHA256=F682AADDA9DEB654885AE17909380A25F7CB1A43AC0934AC425EE8DE4924C7F3",
      "OriginalFileName": "Cmd.Exe",
      "IntegrityLevel": "System",
      "Company": "Microsoft Corporation",
      "User": "USER-REDACTED",
      "CommandLine": "\"C:\\HOST\\USER\\cmd.exe\" /d /c C:\\HOST\\USER\\hpatchmonTask.cmd",
      "Description": "Windows Command Processor",
      "ParentImage": "C:\\HOST\\USER\\svchost.exe",
      "FileVersion": "10.0.26100.7920 (WinBuild.160101.0800)"
    },
    "raw": {
      "@timestamp": "2026-03-22T05:51:02.856Z",
      "message": "Process Create:\nRuleName: -\nUtcTime: 2026-03-22 05:51:02.851\nProcessGuid: {GUID-REDACTED}\nProcessId: 6524\nImage: C:\\HOST\\USER\\cmd.exe\nFileVersion: 10.0.26100.7920 (WinBuild.160101.0800)\nDescription: Windows Command Processor\nProduct: Microsoft® Windows® Operating System\nCompany: Microsoft Corporation\nOriginalFileName: Cmd.Exe\nCommandLine: \"C:\\HOST\\USER\\cmd.exe\" /d /c C:\\HOST\\USER\\hpatchmonTask.cmd\nCurrentDirectory: C:\\HOST\\USER\\\nUser: NT HOST\\USER\nLogonGuid: {GUID-REDACTED}\nLogonId: 0x3e7\nTerminalSessionId: 0\nIntegrityLevel: System\nHashes: SHA256=F682AADDA9DEB654885AE17909380A25F7CB1A43AC0934AC425EE8DE4924C7F3\nParentProcessGuid: {GUID-REDACTED}\nParentProcessId: 1336\nParentImage: C:\\HOST\\USER\\svchost.exe\nParentCommandLine: C:\\HOST\\USER\\svchost.exe -k netsvcs -p -s Schedule\nParentUser: NT HOST\\USER",
      "host": {
        "architecture": "x86_64",
        "id": "4c1ea299-cc74-49b5-ac0a-1138d9d08387",
        "ip": [
          "fe80::1eac:376c:1bd5:f979",
          "IP-REDACTED"
        ],
        "os": {
          "type": "windows",
          "kernel": "10.0.26100.8036 (WinBuild.160101.0800)",
          "version": "10.0",
          "name": "Windows 11 Pro",
          "family": "windows",
          "build": "26200.8037",
          "platform": "windows"
        },
        "name": "HOST-REDACTED",
        "mac": [
          "MAC-REDACTED"
        ],
        "hostname": "HOST-REDACTED"
      },
      "log": {
        "level": "information"
      },
      "ecs": {
        "version": "8.0.0"
      },
      "@version": "1",
      "winlog": {
        "version": 5,
        "user": {
          "type": "Well Known Group",
          "name": "SYSTEM",
          "domain": "NT AUTHORITY",
          "identifier": "S-1-5-XX-REDACTED"
        },
        "event_id": "1",
        "record_id": 172,
        "provider_guid": "{GUID-REDACTED}",
        "channel": "Microsoft-Windows-Sysmon/Operational",
        "task": "Process Create (rule: ProcessCreate)",
        "opcode": "Info",
        "computer_name": "HOST-REDACTED",
        "process": {
          "thread": {
            "id": 1304
          },
          "pid": 1596
        },
        "provider_name": "Microsoft-Windows-Sysmon",
        "event_data": {
          "CurrentDirectory": "C:\\HOST\\USER\\",
          "LogonGuid": "{GUID-REDACTED}",
          "Image": "C:\\HOST\\USER\\cmd.exe",
          "ParentProcessGuid": "{GUID-REDACTED}",
          "UtcTime": "2026-03-22 05:51:02.851",
          "ParentCommandLine": "C:\\HOST\\USER\\svchost.exe -k netsvcs -p -s Schedule",
          "RuleName": "-",
          "ParentUser": "NT HOST\\USER",
          "ParentProcessId": "1336",
          "Product": "Microsoft® Windows® Operating System",
          "ProcessId": "6524",
          "LogonId": "0x3e7",
          "ProcessGuid": "{GUID-REDACTED}",
          "TerminalSessionId": "0",
          "Hashes": "SHA256=F682AADDA9DEB654885AE17909380A25F7CB1A43AC0934AC425EE8DE4924C7F3",
          "OriginalFileName": "Cmd.Exe",
          "IntegrityLevel": "System",
          "Company": "Microsoft Corporation",
          "User": "USER-REDACTED",
          "CommandLine": "\"C:\\HOST\\USER\\cmd.exe\" /d /c C:\\HOST\\USER\\hpatchmonTask.cmd",
          "Description": "Windows Command Processor",
          "ParentImage": "C:\\HOST\\USER\\svchost.exe",
          "FileVersion": "10.0.26100.7920 (WinBuild.160101.0800)"
        }
      },
      "tags": [
        "beats_input_codec_plain_applied"
      ],
      "agent": {
        "type": "winlogbeat",
        "version": "9.3.2",
        "id": "e914dd33-e7be-4a91-b774-394d715855f5",
        "ephemeral_id": "b8267783-8d43-4086-8074-c2f96b9f9dae",
        "name": "HOST-REDACTED"
      },
      "event": {
        "kind": "event",
        "created": "2026-03-29T09:11:41.468Z",
        "code": "1",
        "action": "Process Create (rule: ProcessCreate)",
        "original": "Process Create:\nRuleName: -\nUtcTime: 2026-03-22 05:51:02.851\nProcessGuid: {GUID-REDACTED}\nProcessId: 6524\nImage: C:\\HOST\\USER\\cmd.exe\nFileVersion: 10.0.26100.7920 (WinBuild.160101.0800)\nDescription: Windows Command Processor\nProduct: Microsoft® Windows® Operating System\nCompany: Microsoft Corporation\nOriginalFileName: Cmd.Exe\nCommandLine: \"C:\\HOST\\USER\\cmd.exe\" /d /c C:\\HOST\\USER\\hpatchmonTask.cmd\nCurrentDirectory: C:\\HOST\\USER\\\nUser: NT HOST\\USER\nLogonGuid: {GUID-REDACTED}\nLogonId: 0x3e7\nTerminalSessionId: 0\nIntegrityLevel: System\nHashes: SHA256=F682AADDA9DEB654885AE17909380A25F7CB1A43AC0934AC425EE8DE4924C7F3\nParentProcessGuid: {GUID-REDACTED}\nParentProcessId: 1336\nParentImage: C:\\HOST\\USER\\svchost.exe\nParentCommandLine: C:\\HOST\\USER\\svchost.exe -k netsvcs -p -s Schedule\nParentUser: NT HOST\\USER",
        "provider": "Microsoft-Windows-Sysmon"
      }
    },
    "parsed_type": "sysmon",
    "event_type_name": "ProcessCreate",
    "process_guid": "{GUID-REDACTED}",
    "process_id": "6524",
    "image": "C:\\HOST\\USER\\cmd.exe",
    "command_line": "\"C:\\HOST\\USER\\cmd.exe\" /d /c C:\\HOST\\USER\\hpatchmonTask.cmd",
    "current_directory": "C:\\HOST\\USER\\",
    "user": "USER-REDACTED",
    "logon_guid": "{GUID-REDACTED}",
    "logon_id": "0x3e7",
    "terminal_session_id": "0",
    "integrity_level": "System",
    "hashes": "SHA256=F682AADDA9DEB654885AE17909380A25F7CB1A43AC0934AC425EE8DE4924C7F3",
    "parent_process_guid": "{GUID-REDACTED}",
    "parent_process_id": "1336",
    "parent_image": "C:\\HOST\\USER\\svchost.exe",
    "parent_command_line": "C:\\HOST\\USER\\svchost.exe -k netsvcs -p -s Schedule",
    "target_filename": null,
    "creation_utc_time": null,
    "destination_ip": null,
    "destination_port": null,
    "source_ip": null,
    "source_port": null,
    "protocol": null,
    "target_object": null,
    "details": null
  },
  {
    "timestamp": "2026-03-22T05:51:02.878Z",
    "message": "Process Create:\nRuleName: -\nUtcTime: 2026-03-22 05:51:02.862\nProcessGuid: {GUID-REDACTED}\nProcessId: 1032\nImage: C:\\HOST\\USER\\conhost.exe\nFileVersion: 10.0.26100.7920 (WinBuild.160101.0800)\nDescription: Console Window Host\nProduct: Microsoft® Windows® Operating System\nCompany: Microsoft Corporation\nOriginalFileName: CONHOST.EXE\nCommandLine: \\??\\C:\\HOST\\USER\\conhost.exe 0xffffffff -ForceV1\nCurrentDirectory: C:\\WINDOWS\nUser: NT HOST\\USER\nLogonGuid: {GUID-REDACTED}\nLogonId: 0x3e7\nTerminalSessionId: 0\nIntegrityLevel: System\nHashes: SHA256=2B335DE3C724DDB63A4D14E57C8F5A742A87C1D07A41BE0EBAAC4E32A693D153\nParentProcessGuid: {GUID-REDACTED}\nParentProcessId: 6524\nParentImage: C:\\HOST\\USER\\cmd.exe\nParentCommandLine: \"C:\\HOST\\USER\\cmd.exe\" /d /c C:\\HOST\\USER\\hpatchmonTask.cmd\nParentUser: NT HOST\\USER",
    "event_code": "1",
    "event_action": "Process Create (rule: ProcessCreate)",
    "event_kind": "event",
    "provider": "Microsoft-Windows-Sysmon",
    "channel": "Microsoft-Windows-Sysmon/Operational",
    "event_id": "1",
    "record_id": 173,
    "computer_name": "HOST-REDACTED",
    "provider_name": "Microsoft-Windows-Sysmon",
    "log_level": "information",
    "host_name": "HOST-REDACTED",
    "host_hostname": "HOST-REDACTED",
    "host_os": "Windows 11 Pro",
    "agent_type": "winlogbeat",
    "agent_version": "9.3.2",
    "process_pid": 1596,
    "raw_event_data": {
      "CurrentDirectory": "C:\\WINDOWS",
      "LogonGuid": "{GUID-REDACTED}",
      "Image": "C:\\HOST\\USER\\conhost.exe",
      "ParentProcessGuid": "{GUID-REDACTED}",
      "UtcTime": "2026-03-22 05:51:02.862",
      "ParentCommandLine": "\"C:\\HOST\\USER\\cmd.exe\" /d /c C:\\HOST\\USER\\hpatchmonTask.cmd",
      "RuleName": "-",
      "ParentUser": "NT HOST\\USER",
      "ParentProcessId": "6524",
      "Product": "Microsoft® Windows® Operating System",
      "ProcessId": "1032",
      "LogonId": "0x3e7",
      "ProcessGuid": "{GUID-REDACTED}",
      "TerminalSessionId": "0",
      "Hashes": "SHA256=2B335DE3C724DDB63A4D14E57C8F5A742A87C1D07A41BE0EBAAC4E32A693D153",
      "OriginalFileName": "CONHOST.EXE",
      "IntegrityLevel": "System",
      "Company": "Microsoft Corporation",
      "User": "USER-REDACTED",
      "Description": "Console Window Host",
      "CommandLine": "\\??\\C:\\HOST\\USER\\conhost.exe 0xffffffff -ForceV1",
      "ParentImage": "C:\\HOST\\USER\\cmd.exe",
      "FileVersion": "10.0.26100.7920 (WinBuild.160101.0800)"
    },
    "raw": {
      "@timestamp": "2026-03-22T05:51:02.878Z",
      "log": {
        "level": "information"
      },
      "message": "Process Create:\nRuleName: -\nUtcTime: 2026-03-22 05:51:02.862\nProcessGuid: {GUID-REDACTED}\nProcessId: 1032\nImage: C:\\HOST\\USER\\conhost.exe\nFileVersion: 10.0.26100.7920 (WinBuild.160101.0800)\nDescription: Console Window Host\nProduct: Microsoft® Windows® Operating System\nCompany: Microsoft Corporation\nOriginalFileName: CONHOST.EXE\nCommandLine: \\??\\C:\\HOST\\USER\\conhost.exe 0xffffffff -ForceV1\nCurrentDirectory: C:\\WINDOWS\nUser: NT HOST\\USER\nLogonGuid: {GUID-REDACTED}\nLogonId: 0x3e7\nTerminalSessionId: 0\nIntegrityLevel: System\nHashes: SHA256=2B335DE3C724DDB63A4D14E57C8F5A742A87C1D07A41BE0EBAAC4E32A693D153\nParentProcessGuid: {GUID-REDACTED}\nParentProcessId: 6524\nParentImage: C:\\HOST\\USER\\cmd.exe\nParentCommandLine: \"C:\\HOST\\USER\\cmd.exe\" /d /c C:\\HOST\\USER\\hpatchmonTask.cmd\nParentUser: NT HOST\\USER",
      "host": {
        "architecture": "x86_64",
        "name": "HOST-REDACTED",
        "id": "4c1ea299-cc74-49b5-ac0a-1138d9d08387",
        "os": {
          "type": "windows",
          "version": "10.0",
          "name": "Windows 11 Pro",
          "kernel": "10.0.26100.8036 (WinBuild.160101.0800)",
          "family": "windows",
          "build": "26200.8037",
          "platform": "windows"
        },
        "ip": [
          "fe80::1eac:376c:1bd5:f979",
          "IP-REDACTED"
        ],
        "mac": [
          "MAC-REDACTED"
        ],
        "hostname": "HOST-REDACTED"
      },
      "ecs": {
        "version": "8.0.0"
      },
      "@version": "1",
      "winlog": {
        "version": 5,
        "user": {
          "type": "Well Known Group",
          "name": "SYSTEM",
          "domain": "NT AUTHORITY",
          "identifier": "S-1-5-XX-REDACTED"
        },
        "event_id": "1",
        "record_id": 173,
        "provider_guid": "{GUID-REDACTED}",
        "channel": "Microsoft-Windows-Sysmon/Operational",
        "task": "Process Create (rule: ProcessCreate)",
        "opcode": "Info",
        "computer_name": "HOST-REDACTED",
        "process": {
          "thread": {
            "id": 1304
          },
          "pid": 1596
        },
        "provider_name": "Microsoft-Windows-Sysmon",
        "event_data": {
          "CurrentDirectory": "C:\\WINDOWS",
          "LogonGuid": "{GUID-REDACTED}",
          "Image": "C:\\HOST\\USER\\conhost.exe",
          "ParentProcessGuid": "{GUID-REDACTED}",
          "UtcTime": "2026-03-22 05:51:02.862",
          "ParentCommandLine": "\"C:\\HOST\\USER\\cmd.exe\" /d /c C:\\HOST\\USER\\hpatchmonTask.cmd",
          "RuleName": "-",
          "ParentUser": "NT HOST\\USER",
          "ParentProcessId": "6524",
          "Product": "Microsoft® Windows® Operating System",
          "ProcessId": "1032",
          "LogonId": "0x3e7",
          "ProcessGuid": "{GUID-REDACTED}",
          "TerminalSessionId": "0",
          "Hashes": "SHA256=2B335DE3C724DDB63A4D14E57C8F5A742A87C1D07A41BE0EBAAC4E32A693D153",
          "OriginalFileName": "CONHOST.EXE",
          "IntegrityLevel": "System",
          "Company": "Microsoft Corporation",
          "User": "USER-REDACTED",
          "Description": "Console Window Host",
          "CommandLine": "\\??\\C:\\HOST\\USER\\conhost.exe 0xffffffff -ForceV1",
          "ParentImage": "C:\\HOST\\USER\\cmd.exe",
          "FileVersion": "10.0.26100.7920 (WinBuild.160101.0800)"
        }
      },
      "tags": [
        "beats_input_codec_plain_applied"
      ],
      "agent": {
        "type": "winlogbeat",
        "name": "HOST-REDACTED",
        "version": "9.3.2",
        "ephemeral_id": "b8267783-8d43-4086-8074-c2f96b9f9dae",
        "id": "e914dd33-e7be-4a91-b774-394d715855f5"
      },
      "event": {
        "kind": "event",
        "created": "2026-03-29T09:11:41.468Z",
        "action": "Process Create (rule: ProcessCreate)",
        "code": "1",
        "original": "Process Create:\nRuleName: -\nUtcTime: 2026-03-22 05:51:02.862\nProcessGuid: {GUID-REDACTED}\nProcessId: 1032\nImage: C:\\HOST\\USER\\conhost.exe\nFileVersion: 10.0.26100.7920 (WinBuild.160101.0800)\nDescription: Console Window Host\nProduct: Microsoft® Windows® Operating System\nCompany: Microsoft Corporation\nOriginalFileName: CONHOST.EXE\nCommandLine: \\??\\C:\\HOST\\USER\\conhost.exe 0xffffffff -ForceV1\nCurrentDirectory: C:\\WINDOWS\nUser: NT HOST\\USER\nLogonGuid: {GUID-REDACTED}\nLogonId: 0x3e7\nTerminalSessionId: 0\nIntegrityLevel: System\nHashes: SHA256=2B335DE3C724DDB63A4D14E57C8F5A742A87C1D07A41BE0EBAAC4E32A693D153\nParentProcessGuid: {GUID-REDACTED}\nParentProcessId: 6524\nParentImage: C:\\HOST\\USER\\cmd.exe\nParentCommandLine: \"C:\\HOST\\USER\\cmd.exe\" /d /c C:\\HOST\\USER\\hpatchmonTask.cmd\nParentUser: NT HOST\\USER",
        "provider": "Microsoft-Windows-Sysmon"
      }
    },
    "parsed_type": "sysmon",
    "event_type_name": "ProcessCreate",
    "process_guid": "{GUID-REDACTED}",
    "process_id": "1032",
    "image": "C:\\HOST\\USER\\conhost.exe",
    "command_line": "\\??\\C:\\HOST\\USER\\conhost.exe 0xffffffff -ForceV1",
    "current_directory": "C:\\WINDOWS",
    "user": "USER-REDACTED",
    "logon_guid": "{GUID-REDACTED}",
    "logon_id": "0x3e7",
    "terminal_session_id": "0",
    "integrity_level": "System",
    "hashes": "SHA256=2B335DE3C724DDB63A4D14E57C8F5A742A87C1D07A41BE0EBAAC4E32A693D153",
    "parent_process_guid": "{GUID-REDACTED}",
    "parent_process_id": "6524",
    "parent_image": "C:\\HOST\\USER\\cmd.exe",
    "parent_command_line": "\"C:\\HOST\\USER\\cmd.exe\" /d /c C:\\HOST\\USER\\hpatchmonTask.cmd",
    "target_filename": null,
    "creation_utc_time": null,
    "destination_ip": null,
    "destination_port": null,
    "source_ip": null,
    "source_port": null,
    "protocol": null,
    "target_object": null,
    "details": null
  },
