  {
    "timestamp": "2026-03-22T06:06:20.113Z",
    "message": "Process Create:\nRuleName: -\nUtcTime: 2026-03-22 06:06:20.109\nProcessGuid: {GUID-REDACTED}\nProcessId: 5632\nImage: C:\\HOST\\USER\\conhost.exe\nFileVersion: 10.0.26100.7920 (WinBuild.160101.0800)\nDescription: Console Window Host\nProduct: Microsoft® Windows® Operating System\nCompany: Microsoft Corporation\nOriginalFileName: CONHOST.EXE\nCommandLine: \\??\\C:\\HOST\\USER\\conhost.exe 0xffffffff -ForceV1\nCurrentDirectory: C:\\WINDOWS\nUser: NT HOST\\USER\nLogonGuid: {GUID-REDACTED}\nLogonId: 0x3e7\nTerminalSessionId: 0\nIntegrityLevel: System\nHashes: SHA256=2B335DE3C724DDB63A4D14E57C8F5A742A87C1D07A41BE0EBAAC4E32A693D153\nParentProcessGuid: {GUID-REDACTED}\nParentProcessId: 4760\nParentImage: C:\\HOST\\USER\\ngentask.exe\nParentCommandLine: \"C:\\HOST\\USER\\NGenTask.exe\" /RuntimeWide /Critical /StopEvent:1048\nParentUser: NT HOST\\USER",
    "event_code": "1",
    "event_action": "Process Create (rule: ProcessCreate)",
    "event_kind": "event",
    "provider": "Microsoft-Windows-Sysmon",
    "channel": "Microsoft-Windows-Sysmon/Operational",
    "event_id": "1",
    "record_id": 405,
    "computer_name": "HOST-REDACTED",
    "provider_name": "Microsoft-Windows-Sysmon",
    "log_level": "information",
    "host_name": "HOST-REDACTED",
    "host_hostname": "HOST-REDACTED",
    "host_os": "Windows 11 Pro",
    "agent_type": "winlogbeat",
    "agent_version": "9.3.2",
    "process_pid": 1596,
    "raw_event_data": {
      "CurrentDirectory": "C:\\WINDOWS",
      "LogonGuid": "{GUID-REDACTED}",
      "Image": "C:\\HOST\\USER\\conhost.exe",
      "UtcTime": "2026-03-22 06:06:20.109",
      "ParentProcessGuid": "{GUID-REDACTED}",
      "ParentCommandLine": "\"C:\\HOST\\USER\\NGenTask.exe\" /RuntimeWide /Critical /StopEvent:1048",
      "RuleName": "-",
      "ParentUser": "NT HOST\\USER",
      "Product": "Microsoft® Windows® Operating System",
      "ParentProcessId": "4760",
      "ProcessId": "5632",
      "LogonId": "0x3e7",
      "ProcessGuid": "{GUID-REDACTED}",
      "TerminalSessionId": "0",
      "Hashes": "SHA256=2B335DE3C724DDB63A4D14E57C8F5A742A87C1D07A41BE0EBAAC4E32A693D153",
      "OriginalFileName": "CONHOST.EXE",
      "IntegrityLevel": "System",
      "Company": "Microsoft Corporation",
      "User": "USER-REDACTED",
      "CommandLine": "\\??\\C:\\HOST\\USER\\conhost.exe 0xffffffff -ForceV1",
      "Description": "Console Window Host",
      "ParentImage": "C:\\HOST\\USER\\ngentask.exe",
      "FileVersion": "10.0.26100.7920 (WinBuild.160101.0800)"
    },
    "raw": {
      "@timestamp": "2026-03-22T06:06:20.113Z",
      "message": "Process Create:\nRuleName: -\nUtcTime: 2026-03-22 06:06:20.109\nProcessGuid: {GUID-REDACTED}\nProcessId: 5632\nImage: C:\\HOST\\USER\\conhost.exe\nFileVersion: 10.0.26100.7920 (WinBuild.160101.0800)\nDescription: Console Window Host\nProduct: Microsoft® Windows® Operating System\nCompany: Microsoft Corporation\nOriginalFileName: CONHOST.EXE\nCommandLine: \\??\\C:\\HOST\\USER\\conhost.exe 0xffffffff -ForceV1\nCurrentDirectory: C:\\WINDOWS\nUser: NT HOST\\USER\nLogonGuid: {GUID-REDACTED}\nLogonId: 0x3e7\nTerminalSessionId: 0\nIntegrityLevel: System\nHashes: SHA256=2B335DE3C724DDB63A4D14E57C8F5A742A87C1D07A41BE0EBAAC4E32A693D153\nParentProcessGuid: {GUID-REDACTED}\nParentProcessId: 4760\nParentImage: C:\\HOST\\USER\\ngentask.exe\nParentCommandLine: \"C:\\HOST\\USER\\NGenTask.exe\" /RuntimeWide /Critical /StopEvent:1048\nParentUser: NT HOST\\USER",
      "log": {
        "level": "information"
      },
      "host": {
        "architecture": "x86_64",
        "name": "HOST-REDACTED",
        "ip": [
          "fe80::1eac:376c:1bd5:f979",
          "IP-REDACTED"
        ],
        "os": {
          "type": "windows",
          "version": "10.0",
          "name": "Windows 11 Pro",
          "kernel": "10.0.26100.8036 (WinBuild.160101.0800)",
          "family": "windows",
          "build": "26200.8037",
          "platform": "windows"
        },
        "id": "4c1ea299-cc74-49b5-ac0a-1138d9d08387",
        "mac": [
          "MAC-REDACTED"
        ],
        "hostname": "HOST-REDACTED"
      },
      "ecs": {
        "version": "8.0.0"
      },
      "@version": "1",
      "winlog": {
        "version": 5,
        "user": {
          "type": "Well Known Group",
          "name": "SYSTEM",
          "domain": "NT AUTHORITY",
          "identifier": "S-1-5-XX-REDACTED"
        },
        "event_id": "1",
        "record_id": 405,
        "provider_guid": "{GUID-REDACTED}",
        "channel": "Microsoft-Windows-Sysmon/Operational",
        "task": "Process Create (rule: ProcessCreate)",
        "opcode": "Info",
        "process": {
          "thread": {
            "id": 1304
          },
          "pid": 1596
        },
        "computer_name": "HOST-REDACTED",
        "provider_name": "Microsoft-Windows-Sysmon",
        "event_data": {
          "CurrentDirectory": "C:\\WINDOWS",
          "LogonGuid": "{GUID-REDACTED}",
          "Image": "C:\\HOST\\USER\\conhost.exe",
          "UtcTime": "2026-03-22 06:06:20.109",
          "ParentProcessGuid": "{GUID-REDACTED}",
          "ParentCommandLine": "\"C:\\HOST\\USER\\NGenTask.exe\" /RuntimeWide /Critical /StopEvent:1048",
          "RuleName": "-",
          "ParentUser": "NT HOST\\USER",
          "Product": "Microsoft® Windows® Operating System",
          "ParentProcessId": "4760",
          "ProcessId": "5632",
          "LogonId": "0x3e7",
          "ProcessGuid": "{GUID-REDACTED}",
          "TerminalSessionId": "0",
          "Hashes": "SHA256=2B335DE3C724DDB63A4D14E57C8F5A742A87C1D07A41BE0EBAAC4E32A693D153",
          "OriginalFileName": "CONHOST.EXE",
          "IntegrityLevel": "System",
          "Company": "Microsoft Corporation",
          "User": "USER-REDACTED",
          "CommandLine": "\\??\\C:\\HOST\\USER\\conhost.exe 0xffffffff -ForceV1",
          "Description": "Console Window Host",
          "ParentImage": "C:\\HOST\\USER\\ngentask.exe",
          "FileVersion": "10.0.26100.7920 (WinBuild.160101.0800)"
        }
      },
      "tags": [
        "beats_input_codec_plain_applied"
      ],
      "agent": {
        "type": "winlogbeat",
        "id": "e914dd33-e7be-4a91-b774-394d715855f5",
        "name": "HOST-REDACTED",
        "version": "9.3.2",
        "ephemeral_id": "b8267783-8d43-4086-8074-c2f96b9f9dae"
      },
      "event": {
        "kind": "event",
        "created": "2026-03-29T09:11:41.534Z",
        "action": "Process Create (rule: ProcessCreate)",
        "code": "1",
        "original": "Process Create:\nRuleName: -\nUtcTime: 2026-03-22 06:06:20.109\nProcessGuid: {GUID-REDACTED}\nProcessId: 5632\nImage: C:\\HOST\\USER\\conhost.exe\nFileVersion: 10.0.26100.7920 (WinBuild.160101.0800)\nDescription: Console Window Host\nProduct: Microsoft® Windows® Operating System\nCompany: Microsoft Corporation\nOriginalFileName: CONHOST.EXE\nCommandLine: \\??\\C:\\HOST\\USER\\conhost.exe 0xffffffff -ForceV1\nCurrentDirectory: C:\\WINDOWS\nUser: NT HOST\\USER\nLogonGuid: {GUID-REDACTED}\nLogonId: 0x3e7\nTerminalSessionId: 0\nIntegrityLevel: System\nHashes: SHA256=2B335DE3C724DDB63A4D14E57C8F5A742A87C1D07A41BE0EBAAC4E32A693D153\nParentProcessGuid: {GUID-REDACTED}\nParentProcessId: 4760\nParentImage: C:\\HOST\\USER\\ngentask.exe\nParentCommandLine: \"C:\\HOST\\USER\\NGenTask.exe\" /RuntimeWide /Critical /StopEvent:1048\nParentUser: NT HOST\\USER",
        "provider": "Microsoft-Windows-Sysmon"
      }
    },
    "parsed_type": "sysmon",
    "event_type_name": "ProcessCreate",
    "process_guid": "{GUID-REDACTED}",
    "process_id": "5632",
    "image": "C:\\HOST\\USER\\conhost.exe",
    "command_line": "\\??\\C:\\HOST\\USER\\conhost.exe 0xffffffff -ForceV1",
    "current_directory": "C:\\WINDOWS",
    "user": "USER-REDACTED",
    "logon_guid": "{GUID-REDACTED}",
    "logon_id": "0x3e7",
    "terminal_session_id": "0",
    "integrity_level": "System",
    "hashes": "SHA256=2B335DE3C724DDB63A4D14E57C8F5A742A87C1D07A41BE0EBAAC4E32A693D153",
    "parent_process_guid": "{GUID-REDACTED}",
    "parent_process_id": "4760",
    "parent_image": "C:\\HOST\\USER\\ngentask.exe",
    "parent_command_line": "\"C:\\HOST\\USER\\NGenTask.exe\" /RuntimeWide /Critical /StopEvent:1048",
    "target_filename": null,
    "creation_utc_time": null,
    "destination_ip": null,
    "destination_port": null,
    "source_ip": null,
    "source_port": null,
    "protocol": null,
    "target_object": null,
    "details": null
  },
  {
    "timestamp": "2026-03-22T06:06:20.122Z",
    "message": "Process Create:\nRuleName: -\nUtcTime: 2026-03-22 06:06:20.072\nProcessGuid: {GUID-REDACTED}\nProcessId: 8912\nImage: C:\\HOST\\USER\\ngentask.exe\nFileVersion: 4.8.9221.0 built by: NET481REL1LAST_25H2\nDescription: Microsoft .NET Framework optimization service\nProduct: Microsoft® .NET Framework\nCompany: Microsoft Corporation\nOriginalFileName: NGenTask.exe\nCommandLine: \"C:\\HOST\\USER\\NGenTask.exe\" /RuntimeWide /Critical /StopEvent:1092\nCurrentDirectory: C:\\HOST\\USER\\\nUser: NT HOST\\USER\nLogonGuid: {GUID-REDACTED}\nLogonId: 0x3e7\nTerminalSessionId: 0\nIntegrityLevel: System\nHashes: SHA256=06A1DB18D3DD843ACD4C8481B225C39BC472BF4C25758FE767A7A944261DCB96\nParentProcessGuid: {GUID-REDACTED}\nParentProcessId: 6552\nParentImage: C:\\HOST\\USER\\taskhostw.exe\nParentCommandLine: taskhostw.exe {GUID-REDACTED}\nParentUser: NT HOST\\USER",
    "event_code": "1",
    "event_action": "Process Create (rule: ProcessCreate)",
    "event_kind": "event",
    "provider": "Microsoft-Windows-Sysmon",
    "channel": "Microsoft-Windows-Sysmon/Operational",
    "event_id": "1",
    "record_id": 406,
    "computer_name": "HOST-REDACTED",
    "provider_name": "Microsoft-Windows-Sysmon",
    "log_level": "information",
    "host_name": "HOST-REDACTED",
    "host_hostname": "HOST-REDACTED",
    "host_os": "Windows 11 Pro",
    "agent_type": "winlogbeat",
    "agent_version": "9.3.2",
    "process_pid": 1596,
    "raw_event_data": {
      "CurrentDirectory": "C:\\HOST\\USER\\",
      "LogonGuid": "{GUID-REDACTED}",
      "Image": "C:\\HOST\\USER\\ngentask.exe",
      "UtcTime": "2026-03-22 06:06:20.072",
      "ParentProcessGuid": "{GUID-REDACTED}",
      "ParentCommandLine": "taskhostw.exe {GUID-REDACTED}",
      "RuleName": "-",
      "ParentUser": "NT HOST\\USER",
      "ParentProcessId": "6552",
      "Product": "Microsoft® .NET Framework",
      "ProcessId": "8912",
      "LogonId": "0x3e7",
      "ProcessGuid": "{GUID-REDACTED}",
      "TerminalSessionId": "0",
      "Hashes": "SHA256=06A1DB18D3DD843ACD4C8481B225C39BC472BF4C25758FE767A7A944261DCB96",
      "OriginalFileName": "NGenTask.exe",
      "IntegrityLevel": "System",
      "Company": "Microsoft Corporation",
      "User": "USER-REDACTED",
      "CommandLine": "\"C:\\HOST\\USER\\NGenTask.exe\" /RuntimeWide /Critical /StopEvent:1092",
      "Description": "Microsoft .NET Framework optimization service",
      "ParentImage": "C:\\HOST\\USER\\taskhostw.exe",
      "FileVersion": "4.8.9221.0 built by: NET481REL1LAST_25H2"
    },
    "raw": {
      "@timestamp": "2026-03-22T06:06:20.122Z",
      "ecs": {
        "version": "8.0.0"
      },
      "message": "Process Create:\nRuleName: -\nUtcTime: 2026-03-22 06:06:20.072\nProcessGuid: {GUID-REDACTED}\nProcessId: 8912\nImage: C:\\HOST\\USER\\ngentask.exe\nFileVersion: 4.8.9221.0 built by: NET481REL1LAST_25H2\nDescription: Microsoft .NET Framework optimization service\nProduct: Microsoft® .NET Framework\nCompany: Microsoft Corporation\nOriginalFileName: NGenTask.exe\nCommandLine: \"C:\\HOST\\USER\\NGenTask.exe\" /RuntimeWide /Critical /StopEvent:1092\nCurrentDirectory: C:\\HOST\\USER\\\nUser: NT HOST\\USER\nLogonGuid: {GUID-REDACTED}\nLogonId: 0x3e7\nTerminalSessionId: 0\nIntegrityLevel: System\nHashes: SHA256=06A1DB18D3DD843ACD4C8481B225C39BC472BF4C25758FE767A7A944261DCB96\nParentProcessGuid: {GUID-REDACTED}\nParentProcessId: 6552\nParentImage: C:\\HOST\\USER\\taskhostw.exe\nParentCommandLine: taskhostw.exe {GUID-REDACTED}\nParentUser: NT HOST\\USER",
      "host": {
        "architecture": "x86_64",
        "name": "HOST-REDACTED",
        "id": "4c1ea299-cc74-49b5-ac0a-1138d9d08387",
        "os": {
          "type": "windows",
          "version": "10.0",
          "name": "Windows 11 Pro",
          "kernel": "10.0.26100.8036 (WinBuild.160101.0800)",
          "family": "windows",
          "build": "26200.8037",
          "platform": "windows"
        },
        "ip": [
          "fe80::1eac:376c:1bd5:f979",
          "IP-REDACTED"
        ],
        "mac": [
          "MAC-REDACTED"
        ],
        "hostname": "HOST-REDACTED"
      },
      "log": {
        "level": "information"
      },
      "@version": "1",
      "winlog": {
        "version": 5,
        "user": {
          "type": "Well Known Group",
          "name": "SYSTEM",
          "domain": "NT AUTHORITY",
          "identifier": "S-1-5-XX-REDACTED"
        },
        "event_id": "1",
        "record_id": 406,
        "provider_guid": "{GUID-REDACTED}",
        "channel": "Microsoft-Windows-Sysmon/Operational",
        "task": "Process Create (rule: ProcessCreate)",
        "opcode": "Info",
        "computer_name": "HOST-REDACTED",
        "process": {
          "thread": {
            "id": 1304
          },
          "pid": 1596
        },
        "provider_name": "Microsoft-Windows-Sysmon",
        "event_data": {
          "CurrentDirectory": "C:\\HOST\\USER\\",
          "LogonGuid": "{GUID-REDACTED}",
          "Image": "C:\\HOST\\USER\\ngentask.exe",
          "UtcTime": "2026-03-22 06:06:20.072",
          "ParentProcessGuid": "{GUID-REDACTED}",
          "ParentCommandLine": "taskhostw.exe {GUID-REDACTED}",
          "RuleName": "-",
          "ParentUser": "NT HOST\\USER",
          "ParentProcessId": "6552",
          "Product": "Microsoft® .NET Framework",
          "ProcessId": "8912",
          "LogonId": "0x3e7",
          "ProcessGuid": "{GUID-REDACTED}",
          "TerminalSessionId": "0",
          "Hashes": "SHA256=06A1DB18D3DD843ACD4C8481B225C39BC472BF4C25758FE767A7A944261DCB96",
          "OriginalFileName": "NGenTask.exe",
          "IntegrityLevel": "System",
          "Company": "Microsoft Corporation",
          "User": "USER-REDACTED",
          "CommandLine": "\"C:\\HOST\\USER\\NGenTask.exe\" /RuntimeWide /Critical /StopEvent:1092",
          "Description": "Microsoft .NET Framework optimization service",
          "ParentImage": "C:\\HOST\\USER\\taskhostw.exe",
          "FileVersion": "4.8.9221.0 built by: NET481REL1LAST_25H2"
        }
      },
      "tags": [
        "beats_input_codec_plain_applied"
      ],
      "agent": {
        "type": "winlogbeat",
        "id": "e914dd33-e7be-4a91-b774-394d715855f5",
        "name": "HOST-REDACTED",
        "ephemeral_id": "b8267783-8d43-4086-8074-c2f96b9f9dae",
        "version": "9.3.2"
      },
      "event": {
        "kind": "event",
        "created": "2026-03-29T09:11:41.534Z",
        "action": "Process Create (rule: ProcessCreate)",
        "code": "1",
        "original": "Process Create:\nRuleName: -\nUtcTime: 2026-03-22 06:06:20.072\nProcessGuid: {GUID-REDACTED}\nProcessId: 8912\nImage: C:\\HOST\\USER\\ngentask.exe\nFileVersion: 4.8.9221.0 built by: NET481REL1LAST_25H2\nDescription: Microsoft .NET Framework optimization service\nProduct: Microsoft® .NET Framework\nCompany: Microsoft Corporation\nOriginalFileName: NGenTask.exe\nCommandLine: \"C:\\HOST\\USER\\NGenTask.exe\" /RuntimeWide /Critical /StopEvent:1092\nCurrentDirectory: C:\\HOST\\USER\\\nUser: NT HOST\\USER\nLogonGuid: {GUID-REDACTED}\nLogonId: 0x3e7\nTerminalSessionId: 0\nIntegrityLevel: System\nHashes: SHA256=06A1DB18D3DD843ACD4C8481B225C39BC472BF4C25758FE767A7A944261DCB96\nParentProcessGuid: {GUID-REDACTED}\nParentProcessId: 6552\nParentImage: C:\\HOST\\USER\\taskhostw.exe\nParentCommandLine: taskhostw.exe {GUID-REDACTED}\nParentUser: NT HOST\\USER",
        "provider": "Microsoft-Windows-Sysmon"
      }
    },
    "parsed_type": "sysmon",
    "event_type_name": "ProcessCreate",
    "process_guid": "{GUID-REDACTED}",
    "process_id": "8912",
    "image": "C:\\HOST\\USER\\ngentask.exe",
    "command_line": "\"C:\\HOST\\USER\\NGenTask.exe\" /RuntimeWide /Critical /StopEvent:1092",
    "current_directory": "C:\\HOST\\USER\\",
    "user": "USER-REDACTED",
    "logon_guid": "{GUID-REDACTED}",
    "logon_id": "0x3e7",
    "terminal_session_id": "0",
    "integrity_level": "System",
    "hashes": "SHA256=06A1DB18D3DD843ACD4C8481B225C39BC472BF4C25758FE767A7A944261DCB96",
    "parent_process_guid": "{GUID-REDACTED}",
    "parent_process_id": "6552",
    "parent_image": "C:\\HOST\\USER\\taskhostw.exe",
    "parent_command_line": "taskhostw.exe {GUID-REDACTED}",
    "target_filename": null,
    "creation_utc_time": null,
    "destination_ip": null,
    "destination_port": null,
    "source_ip": null,
    "source_port": null,
    "protocol": null,
    "target_object": null,
    "details": null
  },
  {
    "timestamp": "2026-03-22T06:06:20.153Z",
    "message": "Process Create:\nRuleName: -\nUtcTime: 2026-03-22 06:06:20.150\nProcessGuid: {GUID-REDACTED}\nProcessId: 2528\nImage: C:\\HOST\\USER\\conhost.exe\nFileVersion: 10.0.26100.7920 (WinBuild.160101.0800)\nDescription: Console Window Host\nProduct: Microsoft® Windows® Operating System\nCompany: Microsoft Corporation\nOriginalFileName: CONHOST.EXE\nCommandLine: \\??\\C:\\HOST\\USER\\conhost.exe 0xffffffff -ForceV1\nCurrentDirectory: C:\\WINDOWS\nUser: NT HOST\\USER\nLogonGuid: {GUID-REDACTED}\nLogonId: 0x3e7\nTerminalSessionId: 0\nIntegrityLevel: System\nHashes: SHA256=2B335DE3C724DDB63A4D14E57C8F5A742A87C1D07A41BE0EBAAC4E32A693D153\nParentProcessGuid: {GUID-REDACTED}\nParentProcessId: 8912\nParentImage: C:\\HOST\\USER\\ngentask.exe\nParentCommandLine: \"C:\\HOST\\USER\\NGenTask.exe\" /RuntimeWide /Critical /StopEvent:1092\nParentUser: NT HOST\\USER",
    "event_code": "1",
    "event_action": "Process Create (rule: ProcessCreate)",
    "event_kind": "event",
    "provider": "Microsoft-Windows-Sysmon",
    "channel": "Microsoft-Windows-Sysmon/Operational",
    "event_id": "1",
    "record_id": 407,
    "computer_name": "HOST-REDACTED",
    "provider_name": "Microsoft-Windows-Sysmon",
    "log_level": "information",
    "host_name": "HOST-REDACTED",
    "host_hostname": "HOST-REDACTED",
    "host_os": "Windows 11 Pro",
    "agent_type": "winlogbeat",
    "agent_version": "9.3.2",
    "process_pid": 1596,
    "raw_event_data": {
      "CurrentDirectory": "C:\\WINDOWS",
      "LogonGuid": "{GUID-REDACTED}",
      "Image": "C:\\HOST\\USER\\conhost.exe",
      "ParentProcessGuid": "{GUID-REDACTED}",
      "UtcTime": "2026-03-22 06:06:20.150",
      "ParentCommandLine": "\"C:\\HOST\\USER\\NGenTask.exe\" /RuntimeWide /Critical /StopEvent:1092",
      "RuleName": "-",
      "ParentUser": "NT HOST\\USER",
      "ParentProcessId": "8912",
      "Product": "Microsoft® Windows® Operating System",
      "ProcessId": "2528",
      "LogonId": "0x3e7",
      "ProcessGuid": "{GUID-REDACTED}",
      "TerminalSessionId": "0",
      "Hashes": "SHA256=2B335DE3C724DDB63A4D14E57C8F5A742A87C1D07A41BE0EBAAC4E32A693D153",
      "OriginalFileName": "CONHOST.EXE",
      "IntegrityLevel": "System",
      "Company": "Microsoft Corporation",
      "User": "USER-REDACTED",
      "Description": "Console Window Host",
      "CommandLine": "\\??\\C:\\HOST\\USER\\conhost.exe 0xffffffff -ForceV1",
      "ParentImage": "C:\\HOST\\USER\\ngentask.exe",
      "FileVersion": "10.0.26100.7920 (WinBuild.160101.0800)"
    },
    "raw": {
      "@timestamp": "2026-03-22T06:06:20.153Z",
      "log": {
        "level": "information"
      },
      "message": "Process Create:\nRuleName: -\nUtcTime: 2026-03-22 06:06:20.150\nProcessGuid: {GUID-REDACTED}\nProcessId: 2528\nImage: C:\\HOST\\USER\\conhost.exe\nFileVersion: 10.0.26100.7920 (WinBuild.160101.0800)\nDescription: Console Window Host\nProduct: Microsoft® Windows® Operating System\nCompany: Microsoft Corporation\nOriginalFileName: CONHOST.EXE\nCommandLine: \\??\\C:\\HOST\\USER\\conhost.exe 0xffffffff -ForceV1\nCurrentDirectory: C:\\WINDOWS\nUser: NT HOST\\USER\nLogonGuid: {GUID-REDACTED}\nLogonId: 0x3e7\nTerminalSessionId: 0\nIntegrityLevel: System\nHashes: SHA256=2B335DE3C724DDB63A4D14E57C8F5A742A87C1D07A41BE0EBAAC4E32A693D153\nParentProcessGuid: {GUID-REDACTED}\nParentProcessId: 8912\nParentImage: C:\\HOST\\USER\\ngentask.exe\nParentCommandLine: \"C:\\HOST\\USER\\NGenTask.exe\" /RuntimeWide /Critical /StopEvent:1092\nParentUser: NT HOST\\USER",
      "host": {
        "architecture": "x86_64",
        "id": "4c1ea299-cc74-49b5-ac0a-1138d9d08387",
        "ip": [
          "fe80::1eac:376c:1bd5:f979",
          "IP-REDACTED"
        ],
        "os": {
          "type": "windows",
          "name": "Windows 11 Pro",
          "kernel": "10.0.26100.8036 (WinBuild.160101.0800)",
          "version": "10.0",
          "family": "windows",
          "build": "26200.8037",
          "platform": "windows"
        },
        "name": "HOST-REDACTED",
        "mac": [
          "MAC-REDACTED"
        ],
        "hostname": "HOST-REDACTED"
      },
      "ecs": {
        "version": "8.0.0"
      },
      "@version": "1",
      "winlog": {
        "version": 5,
        "user": {
          "type": "Well Known Group",
          "name": "SYSTEM",
          "domain": "NT AUTHORITY",
          "identifier": "S-1-5-XX-REDACTED"
        },
        "event_id": "1",
        "record_id": 407,
        "provider_guid": "{GUID-REDACTED}",
        "channel": "Microsoft-Windows-Sysmon/Operational",
        "task": "Process Create (rule: ProcessCreate)",
        "opcode": "Info",
        "process": {
          "thread": {
            "id": 1304
          },
          "pid": 1596
        },
        "computer_name": "HOST-REDACTED",
        "provider_name": "Microsoft-Windows-Sysmon",
        "event_data": {
          "CurrentDirectory": "C:\\WINDOWS",
          "LogonGuid": "{GUID-REDACTED}",
          "Image": "C:\\HOST\\USER\\conhost.exe",
          "ParentProcessGuid": "{GUID-REDACTED}",
          "UtcTime": "2026-03-22 06:06:20.150",
          "ParentCommandLine": "\"C:\\HOST\\USER\\NGenTask.exe\" /RuntimeWide /Critical /StopEvent:1092",
          "RuleName": "-",
          "ParentUser": "NT HOST\\USER",
          "ParentProcessId": "8912",
          "Product": "Microsoft® Windows® Operating System",
          "ProcessId": "2528",
          "LogonId": "0x3e7",
          "ProcessGuid": "{GUID-REDACTED}",
          "TerminalSessionId": "0",
          "Hashes": "SHA256=2B335DE3C724DDB63A4D14E57C8F5A742A87C1D07A41BE0EBAAC4E32A693D153",
          "OriginalFileName": "CONHOST.EXE",
          "IntegrityLevel": "System",
          "Company": "Microsoft Corporation",
          "User": "USER-REDACTED",
          "Description": "Console Window Host",
          "CommandLine": "\\??\\C:\\HOST\\USER\\conhost.exe 0xffffffff -ForceV1",
          "ParentImage": "C:\\HOST\\USER\\ngentask.exe",
          "FileVersion": "10.0.26100.7920 (WinBuild.160101.0800)"
        }
      },
      "tags": [
        "beats_input_codec_plain_applied"
      ],
      "agent": {
        "type": "winlogbeat",
        "id": "e914dd33-e7be-4a91-b774-394d715855f5",
        "name": "HOST-REDACTED",
        "ephemeral_id": "b8267783-8d43-4086-8074-c2f96b9f9dae",
        "version": "9.3.2"
      },
      "event": {
        "kind": "event",
        "created": "2026-03-29T09:11:41.534Z",
        "action": "Process Create (rule: ProcessCreate)",
        "code": "1",
        "original": "Process Create:\nRuleName: -\nUtcTime: 2026-03-22 06:06:20.150\nProcessGuid: {GUID-REDACTED}\nProcessId: 2528\nImage: C:\\HOST\\USER\\conhost.exe\nFileVersion: 10.0.26100.7920 (WinBuild.160101.0800)\nDescription: Console Window Host\nProduct: Microsoft® Windows® Operating System\nCompany: Microsoft Corporation\nOriginalFileName: CONHOST.EXE\nCommandLine: \\??\\C:\\HOST\\USER\\conhost.exe 0xffffffff -ForceV1\nCurrentDirectory: C:\\WINDOWS\nUser: NT HOST\\USER\nLogonGuid: {GUID-REDACTED}\nLogonId: 0x3e7\nTerminalSessionId: 0\nIntegrityLevel: System\nHashes: SHA256=2B335DE3C724DDB63A4D14E57C8F5A742A87C1D07A41BE0EBAAC4E32A693D153\nParentProcessGuid: {GUID-REDACTED}\nParentProcessId: 8912\nParentImage: C:\\HOST\\USER\\ngentask.exe\nParentCommandLine: \"C:\\HOST\\USER\\NGenTask.exe\" /RuntimeWide /Critical /StopEvent:1092\nParentUser: NT HOST\\USER",
        "provider": "Microsoft-Windows-Sysmon"
      }
    },
    "parsed_type": "sysmon",
    "event_type_name": "ProcessCreate",
    "process_guid": "{GUID-REDACTED}",
    "process_id": "2528",
    "image": "C:\\HOST\\USER\\conhost.exe",
    "command_line": "\\??\\C:\\HOST\\USER\\conhost.exe 0xffffffff -ForceV1",
    "current_directory": "C:\\WINDOWS",
    "user": "USER-REDACTED",
    "logon_guid": "{GUID-REDACTED}",
    "logon_id": "0x3e7",
    "terminal_session_id": "0",
    "integrity_level": "System",
    "hashes": "SHA256=2B335DE3C724DDB63A4D14E57C8F5A742A87C1D07A41BE0EBAAC4E32A693D153",
    "parent_process_guid": "{GUID-REDACTED}",
    "parent_process_id": "8912",
    "parent_image": "C:\\HOST\\USER\\ngentask.exe",
    "parent_command_line": "\"C:\\HOST\\USER\\NGenTask.exe\" /RuntimeWide /Critical /StopEvent:1092",
    "target_filename": null,
    "creation_utc_time": null,
    "destination_ip": null,
    "destination_port": null,
    "source_ip": null,
    "source_port": null,
    "protocol": null,
    "target_object": null,
    "details": null
  },
  {
    "timestamp": "2026-03-22T06:06:20.347Z",
    "message": "Process Create:\nRuleName: -\nUtcTime: 2026-03-22 06:06:20.344\nProcessGuid: {GUID-REDACTED}\nProcessId: 932\nImage: C:\\HOST\\USER\\ngen.exe\nFileVersion: 4.8.9221.0 built by: NET481REL1LAST_25H2\nDescription: Microsoft Common Language Runtime native compiler\nProduct: Microsoft® .NET Framework\nCompany: Microsoft Corporation\nOriginalFileName: ngen.exe\nCommandLine: \"C:\\HOST\\USER\\ngen.exe\" ExecuteQueuedItems 2 /LegacyServiceBehavior\nCurrentDirectory: C:\\HOST\\USER\\\nUser: NT HOST\\USER\nLogonGuid: {GUID-REDACTED}\nLogonId: 0x3e7\nTerminalSessionId: 0\nIntegrityLevel: System\nHashes: SHA256=8AFEC5DA1A2B6BC377E0EB2A4DB2685B903073DDAC4C5B3C401FEA0CF41C2D5A\nParentProcessGuid: {GUID-REDACTED}\nParentProcessId: 8912\nParentImage: C:\\HOST\\USER\\ngentask.exe\nParentCommandLine: \"C:\\HOST\\USER\\NGenTask.exe\" /RuntimeWide /Critical /StopEvent:1092\nParentUser: NT HOST\\USER",
    "event_code": "1",
    "event_action": "Process Create (rule: ProcessCreate)",
    "event_kind": "event",
    "provider": "Microsoft-Windows-Sysmon",
    "channel": "Microsoft-Windows-Sysmon/Operational",
    "event_id": "1",
    "record_id": 409,
    "computer_name": "HOST-REDACTED",
    "provider_name": "Microsoft-Windows-Sysmon",
    "log_level": "information",
    "host_name": "HOST-REDACTED",
    "host_hostname": "HOST-REDACTED",
    "host_os": "Windows 11 Pro",
    "agent_type": "winlogbeat",
    "agent_version": "9.3.2",
    "process_pid": 1596,
    "raw_event_data": {
      "CurrentDirectory": "C:\\HOST\\USER\\",
      "LogonGuid": "{GUID-REDACTED}",
      "Image": "C:\\HOST\\USER\\ngen.exe",
      "ParentProcessGuid": "{GUID-REDACTED}",
      "UtcTime": "2026-03-22 06:06:20.344",
      "ParentCommandLine": "\"C:\\HOST\\USER\\NGenTask.exe\" /RuntimeWide /Critical /StopEvent:1092",
      "RuleName": "-",
      "ParentUser": "NT HOST\\USER",
      "Product": "Microsoft® .NET Framework",
      "ParentProcessId": "8912",
      "ProcessId": "932",
      "LogonId": "0x3e7",
      "ProcessGuid": "{GUID-REDACTED}",
      "TerminalSessionId": "0",
      "Hashes": "SHA256=8AFEC5DA1A2B6BC377E0EB2A4DB2685B903073DDAC4C5B3C401FEA0CF41C2D5A",
      "OriginalFileName": "ngen.exe",
      "IntegrityLevel": "System",
      "Company": "Microsoft Corporation",
      "User": "USER-REDACTED",
      "Description": "Microsoft Common Language Runtime native compiler",
      "CommandLine": "\"C:\\HOST\\USER\\ngen.exe\" ExecuteQueuedItems 2 /LegacyServiceBehavior",
      "ParentImage": "C:\\HOST\\USER\\ngentask.exe",
      "FileVersion": "4.8.9221.0 built by: NET481REL1LAST_25H2"
    },
    "raw": {
      "@timestamp": "2026-03-22T06:06:20.347Z",
      "message": "Process Create:\nRuleName: -\nUtcTime: 2026-03-22 06:06:20.344\nProcessGuid: {GUID-REDACTED}\nProcessId: 932\nImage: C:\\HOST\\USER\\ngen.exe\nFileVersion: 4.8.9221.0 built by: NET481REL1LAST_25H2\nDescription: Microsoft Common Language Runtime native compiler\nProduct: Microsoft® .NET Framework\nCompany: Microsoft Corporation\nOriginalFileName: ngen.exe\nCommandLine: \"C:\\HOST\\USER\\ngen.exe\" ExecuteQueuedItems 2 /LegacyServiceBehavior\nCurrentDirectory: C:\\HOST\\USER\\\nUser: NT HOST\\USER\nLogonGuid: {GUID-REDACTED}\nLogonId: 0x3e7\nTerminalSessionId: 0\nIntegrityLevel: System\nHashes: SHA256=8AFEC5DA1A2B6BC377E0EB2A4DB2685B903073DDAC4C5B3C401FEA0CF41C2D5A\nParentProcessGuid: {GUID-REDACTED}\nParentProcessId: 8912\nParentImage: C:\\HOST\\USER\\ngentask.exe\nParentCommandLine: \"C:\\HOST\\USER\\NGenTask.exe\" /RuntimeWide /Critical /StopEvent:1092\nParentUser: NT HOST\\USER",
      "log": {
        "level": "information"
      },
      "host": {
        "hostname": "HOST-REDACTED",
        "name": "HOST-REDACTED",
        "id": "4c1ea299-cc74-49b5-ac0a-1138d9d08387",
        "os": {
          "type": "windows",
          "name": "Windows 11 Pro",
          "kernel": "10.0.26100.8036 (WinBuild.160101.0800)",
          "version": "10.0",
          "family": "windows",
          "build": "26200.8037",
          "platform": "windows"
        },
        "ip": [
          "fe80::1eac:376c:1bd5:f979",
          "IP-REDACTED"
        ],
        "mac": [
          "MAC-REDACTED"
        ],
        "architecture": "x86_64"
      },
      "ecs": {
        "version": "8.0.0"
      },
      "@version": "1",
      "winlog": {
        "version": 5,
        "user": {
          "type": "Well Known Group",
          "name": "SYSTEM",
          "domain": "NT AUTHORITY",
          "identifier": "S-1-5-XX-REDACTED"
        },
        "event_id": "1",
        "record_id": 409,
        "provider_guid": "{GUID-REDACTED}",
        "channel": "Microsoft-Windows-Sysmon/Operational",
        "task": "Process Create (rule: ProcessCreate)",
        "opcode": "Info",
        "computer_name": "HOST-REDACTED",
        "process": {
          "thread": {
            "id": 1304
          },
          "pid": 1596
        },
        "provider_name": "Microsoft-Windows-Sysmon",
        "event_data": {
          "CurrentDirectory": "C:\\HOST\\USER\\",
          "LogonGuid": "{GUID-REDACTED}",
          "Image": "C:\\HOST\\USER\\ngen.exe",
          "ParentProcessGuid": "{GUID-REDACTED}",
          "UtcTime": "2026-03-22 06:06:20.344",
          "ParentCommandLine": "\"C:\\HOST\\USER\\NGenTask.exe\" /RuntimeWide /Critical /StopEvent:1092",
          "RuleName": "-",
          "ParentUser": "NT HOST\\USER",
          "Product": "Microsoft® .NET Framework",
          "ParentProcessId": "8912",
          "ProcessId": "932",
          "LogonId": "0x3e7",
          "ProcessGuid": "{GUID-REDACTED}",
          "TerminalSessionId": "0",
          "Hashes": "SHA256=8AFEC5DA1A2B6BC377E0EB2A4DB2685B903073DDAC4C5B3C401FEA0CF41C2D5A",
          "OriginalFileName": "ngen.exe",
          "IntegrityLevel": "System",
          "Company": "Microsoft Corporation",
          "User": "USER-REDACTED",
          "Description": "Microsoft Common Language Runtime native compiler",
          "CommandLine": "\"C:\\HOST\\USER\\ngen.exe\" ExecuteQueuedItems 2 /LegacyServiceBehavior",
          "ParentImage": "C:\\HOST\\USER\\ngentask.exe",
          "FileVersion": "4.8.9221.0 built by: NET481REL1LAST_25H2"
        }
      },
      "tags": [
        "beats_input_codec_plain_applied"
      ],
      "agent": {
        "type": "winlogbeat",
        "id": "e914dd33-e7be-4a91-b774-394d715855f5",
        "name": "HOST-REDACTED",
        "version": "9.3.2",
        "ephemeral_id": "b8267783-8d43-4086-8074-c2f96b9f9dae"
      },
      "event": {
        "kind": "event",
        "created": "2026-03-29T09:11:41.534Z",
        "code": "1",
        "action": "Process Create (rule: ProcessCreate)",
        "original": "Process Create:\nRuleName: -\nUtcTime: 2026-03-22 06:06:20.344\nProcessGuid: {GUID-REDACTED}\nProcessId: 932\nImage: C:\\HOST\\USER\\ngen.exe\nFileVersion: 4.8.9221.0 built by: NET481REL1LAST_25H2\nDescription: Microsoft Common Language Runtime native compiler\nProduct: Microsoft® .NET Framework\nCompany: Microsoft Corporation\nOriginalFileName: ngen.exe\nCommandLine: \"C:\\HOST\\USER\\ngen.exe\" ExecuteQueuedItems 2 /LegacyServiceBehavior\nCurrentDirectory: C:\\HOST\\USER\\\nUser: NT HOST\\USER\nLogonGuid: {GUID-REDACTED}\nLogonId: 0x3e7\nTerminalSessionId: 0\nIntegrityLevel: System\nHashes: SHA256=8AFEC5DA1A2B6BC377E0EB2A4DB2685B903073DDAC4C5B3C401FEA0CF41C2D5A\nParentProcessGuid: {GUID-REDACTED}\nParentProcessId: 8912\nParentImage: C:\\HOST\\USER\\ngentask.exe\nParentCommandLine: \"C:\\HOST\\USER\\NGenTask.exe\" /RuntimeWide /Critical /StopEvent:1092\nParentUser: NT HOST\\USER",
        "provider": "Microsoft-Windows-Sysmon"
      }
    },
    "parsed_type": "sysmon",
    "event_type_name": "ProcessCreate",
    "process_guid": "{GUID-REDACTED}",
    "process_id": "932",
    "image": "C:\\HOST\\USER\\ngen.exe",
    "command_line": "\"C:\\HOST\\USER\\ngen.exe\" ExecuteQueuedItems 2 /LegacyServiceBehavior",
    "current_directory": "C:\\HOST\\USER\\",
    "user": "USER-REDACTED",
    "logon_guid": "{GUID-REDACTED}",
    "logon_id": "0x3e7",
    "terminal_session_id": "0",
    "integrity_level": "System",
    "hashes": "SHA256=8AFEC5DA1A2B6BC377E0EB2A4DB2685B903073DDAC4C5B3C401FEA0CF41C2D5A",
    "parent_process_guid": "{GUID-REDACTED}",
    "parent_process_id": "8912",
    "parent_image": "C:\\HOST\\USER\\ngentask.exe",
    "parent_command_line": "\"C:\\HOST\\USER\\NGenTask.exe\" /RuntimeWide /Critical /StopEvent:1092",
    "target_filename": null,
    "creation_utc_time": null,
    "destination_ip": null,
    "destination_port": null,
    "source_ip": null,
    "source_port": null,
    "protocol": null,
    "target_object": null,
    "details": null
  },
  {
    "timestamp": "2026-03-22T06:06:20.452Z",
    "message": "Process Create:\nRuleName: -\nUtcTime: 2026-03-22 06:06:20.448\nProcessGuid: {GUID-REDACTED}\nProcessId: 9780\nImage: C:\\HOST\\USER\\mscorsvw.exe\nFileVersion: 4.8.9221.0 built by: NET481REL1LAST_25H2\nDescription: .NET Runtime Optimization Service\nProduct: Microsoft® .NET Framework\nCompany: Microsoft Corporation\nOriginalFileName: mscorsvw.exe\nCommandLine: C:\\HOST\\USER\\mscorsvw.exe -StartupEvent 238 -InterruptEvent 0 -NGENProcess 224 -Pipe 214 -Comment \"NGen Worker Process\"\nCurrentDirectory: C:\\HOST\\USER\\\nUser: NT HOST\\USER\nLogonGuid: {GUID-REDACTED}\nLogonId: 0x3e7\nTerminalSessionId: 0\nIntegrityLevel: System\nHashes: SHA256=AF4A50DC7379F5653EEFABCFAE68977D2D576141F422C838D9E854AC71C8100A\nParentProcessGuid: {GUID-REDACTED}\nParentProcessId: 932\nParentImage: C:\\HOST\\USER\\ngen.exe\nParentCommandLine: \"C:\\HOST\\USER\\ngen.exe\" ExecuteQueuedItems 2 /LegacyServiceBehavior\nParentUser: NT HOST\\USER",
    "event_code": "1",
    "event_action": "Process Create (rule: ProcessCreate)",
    "event_kind": "event",
    "provider": "Microsoft-Windows-Sysmon",
    "channel": "Microsoft-Windows-Sysmon/Operational",
    "event_id": "1",
    "record_id": 410,
    "computer_name": "HOST-REDACTED",
    "provider_name": "Microsoft-Windows-Sysmon",
    "log_level": "information",
    "host_name": "HOST-REDACTED",
    "host_hostname": "HOST-REDACTED",
    "host_os": "Windows 11 Pro",
    "agent_type": "winlogbeat",
    "agent_version": "9.3.2",
    "process_pid": 1596,
    "raw_event_data": {
      "CurrentDirectory": "C:\\HOST\\USER\\",
      "LogonGuid": "{GUID-REDACTED}",
      "Image": "C:\\HOST\\USER\\mscorsvw.exe",
      "ParentProcessGuid": "{GUID-REDACTED}",
      "UtcTime": "2026-03-22 06:06:20.448",
      "ParentCommandLine": "\"C:\\HOST\\USER\\ngen.exe\" ExecuteQueuedItems 2 /LegacyServiceBehavior",
      "RuleName": "-",
      "ParentUser": "NT HOST\\USER",
      "ParentProcessId": "932",
      "Product": "Microsoft® .NET Framework",
      "ProcessId": "9780",
      "LogonId": "0x3e7",
      "ProcessGuid": "{GUID-REDACTED}",
      "TerminalSessionId": "0",
      "Hashes": "SHA256=AF4A50DC7379F5653EEFABCFAE68977D2D576141F422C838D9E854AC71C8100A",
      "OriginalFileName": "mscorsvw.exe",
      "IntegrityLevel": "System",
      "Company": "Microsoft Corporation",
      "User": "USER-REDACTED",
      "Description": ".NET Runtime Optimization Service",
      "CommandLine": "C:\\HOST\\USER\\mscorsvw.exe -StartupEvent 238 -InterruptEvent 0 -NGENProcess 224 -Pipe 214 -Comment \"NGen Worker Process\"",
      "ParentImage": "C:\\HOST\\USER\\ngen.exe",
      "FileVersion": "4.8.9221.0 built by: NET481REL1LAST_25H2"
    },
    "raw": {
      "@timestamp": "2026-03-22T06:06:20.452Z",
      "message": "Process Create:\nRuleName: -\nUtcTime: 2026-03-22 06:06:20.448\nProcessGuid: {GUID-REDACTED}\nProcessId: 9780\nImage: C:\\HOST\\USER\\mscorsvw.exe\nFileVersion: 4.8.9221.0 built by: NET481REL1LAST_25H2\nDescription: .NET Runtime Optimization Service\nProduct: Microsoft® .NET Framework\nCompany: Microsoft Corporation\nOriginalFileName: mscorsvw.exe\nCommandLine: C:\\HOST\\USER\\mscorsvw.exe -StartupEvent 238 -InterruptEvent 0 -NGENProcess 224 -Pipe 214 -Comment \"NGen Worker Process\"\nCurrentDirectory: C:\\HOST\\USER\\\nUser: NT HOST\\USER\nLogonGuid: {GUID-REDACTED}\nLogonId: 0x3e7\nTerminalSessionId: 0\nIntegrityLevel: System\nHashes: SHA256=AF4A50DC7379F5653EEFABCFAE68977D2D576141F422C838D9E854AC71C8100A\nParentProcessGuid: {GUID-REDACTED}\nParentProcessId: 932\nParentImage: C:\\HOST\\USER\\ngen.exe\nParentCommandLine: \"C:\\HOST\\USER\\ngen.exe\" ExecuteQueuedItems 2 /LegacyServiceBehavior\nParentUser: NT HOST\\USER",
      "log": {
        "level": "information"
      },
      "host": {
        "architecture": "x86_64",
        "id": "4c1ea299-cc74-49b5-ac0a-1138d9d08387",
        "ip": [
          "fe80::1eac:376c:1bd5:f979",
          "IP-REDACTED"
        ],
        "name": "HOST-REDACTED",
        "os": {
          "type": "windows",
          "name": "Windows 11 Pro",
          "kernel": "10.0.26100.8036 (WinBuild.160101.0800)",
          "version": "10.0",
          "family": "windows",
          "build": "26200.8037",
          "platform": "windows"
        },
        "mac": [
          "MAC-REDACTED"
        ],
        "hostname": "HOST-REDACTED"
      },
      "ecs": {
        "version": "8.0.0"
      },
      "@version": "1",
      "winlog": {
        "version": 5,
        "user": {
          "type": "Well Known Group",
          "name": "SYSTEM",
          "domain": "NT AUTHORITY",
          "identifier": "S-1-5-XX-REDACTED"
        },
        "event_id": "1",
        "record_id": 410,
        "provider_guid": "{GUID-REDACTED}",
        "channel": "Microsoft-Windows-Sysmon/Operational",
        "task": "Process Create (rule: ProcessCreate)",
        "opcode": "Info",
        "computer_name": "HOST-REDACTED",
        "process": {
          "thread": {
            "id": 1304
          },
          "pid": 1596
        },
        "provider_name": "Microsoft-Windows-Sysmon",
        "event_data": {
          "CurrentDirectory": "C:\\HOST\\USER\\",
          "LogonGuid": "{GUID-REDACTED}",
          "Image": "C:\\HOST\\USER\\mscorsvw.exe",
          "ParentProcessGuid": "{GUID-REDACTED}",
          "UtcTime": "2026-03-22 06:06:20.448",
          "ParentCommandLine": "\"C:\\HOST\\USER\\ngen.exe\" ExecuteQueuedItems 2 /LegacyServiceBehavior",
          "RuleName": "-",
          "ParentUser": "NT HOST\\USER",
          "ParentProcessId": "932",
          "Product": "Microsoft® .NET Framework",
          "ProcessId": "9780",
          "LogonId": "0x3e7",
          "ProcessGuid": "{GUID-REDACTED}",
          "TerminalSessionId": "0",
          "Hashes": "SHA256=AF4A50DC7379F5653EEFABCFAE68977D2D576141F422C838D9E854AC71C8100A",
          "OriginalFileName": "mscorsvw.exe",
          "IntegrityLevel": "System",
          "Company": "Microsoft Corporation",
          "User": "USER-REDACTED",
          "Description": ".NET Runtime Optimization Service",
          "CommandLine": "C:\\HOST\\USER\\mscorsvw.exe -StartupEvent 238 -InterruptEvent 0 -NGENProcess 224 -Pipe 214 -Comment \"NGen Worker Process\"",
          "ParentImage": "C:\\HOST\\USER\\ngen.exe",
          "FileVersion": "4.8.9221.0 built by: NET481REL1LAST_25H2"
        }
      },
      "tags": [
        "beats_input_codec_plain_applied"
      ],
      "agent": {
        "type": "winlogbeat",
        "version": "9.3.2",
        "id": "e914dd33-e7be-4a91-b774-394d715855f5",
        "ephemeral_id": "b8267783-8d43-4086-8074-c2f96b9f9dae",
        "name": "HOST-REDACTED"
      },
      "event": {
        "kind": "event",
        "created": "2026-03-29T09:11:41.534Z",
        "action": "Process Create (rule: ProcessCreate)",
        "code": "1",
        "original": "Process Create:\nRuleName: -\nUtcTime: 2026-03-22 06:06:20.448\nProcessGuid: {GUID-REDACTED}\nProcessId: 9780\nImage: C:\\HOST\\USER\\mscorsvw.exe\nFileVersion: 4.8.9221.0 built by: NET481REL1LAST_25H2\nDescription: .NET Runtime Optimization Service\nProduct: Microsoft® .NET Framework\nCompany: Microsoft Corporation\nOriginalFileName: mscorsvw.exe\nCommandLine: C:\\HOST\\USER\\mscorsvw.exe -StartupEvent 238 -InterruptEvent 0 -NGENProcess 224 -Pipe 214 -Comment \"NGen Worker Process\"\nCurrentDirectory: C:\\HOST\\USER\\\nUser: NT HOST\\USER\nLogonGuid: {GUID-REDACTED}\nLogonId: 0x3e7\nTerminalSessionId: 0\nIntegrityLevel: System\nHashes: SHA256=AF4A50DC7379F5653EEFABCFAE68977D2D576141F422C838D9E854AC71C8100A\nParentProcessGuid: {GUID-REDACTED}\nParentProcessId: 932\nParentImage: C:\\HOST\\USER\\ngen.exe\nParentCommandLine: \"C:\\HOST\\USER\\ngen.exe\" ExecuteQueuedItems 2 /LegacyServiceBehavior\nParentUser: NT HOST\\USER",
        "provider": "Microsoft-Windows-Sysmon"
      }
    },
    "parsed_type": "sysmon",
    "event_type_name": "ProcessCreate",
    "process_guid": "{GUID-REDACTED}",
    "process_id": "9780",
    "image": "C:\\HOST\\USER\\mscorsvw.exe",
    "command_line": "C:\\HOST\\USER\\mscorsvw.exe -StartupEvent 238 -InterruptEvent 0 -NGENProcess 224 -Pipe 214 -Comment \"NGen Worker Process\"",
    "current_directory": "C:\\HOST\\USER\\",
    "user": "USER-REDACTED",
    "logon_guid": "{GUID-REDACTED}",
    "logon_id": "0x3e7",
    "terminal_session_id": "0",
    "integrity_level": "System",
    "hashes": "SHA256=AF4A50DC7379F5653EEFABCFAE68977D2D576141F422C838D9E854AC71C8100A",
    "parent_process_guid": "{GUID-REDACTED}",
    "parent_process_id": "932",
    "parent_image": "C:\\HOST\\USER\\ngen.exe",
    "parent_command_line": "\"C:\\HOST\\USER\\ngen.exe\" ExecuteQueuedItems 2 /LegacyServiceBehavior",
    "target_filename": null,
    "creation_utc_time": null,
    "destination_ip": null,
    "destination_port": null,
    "source_ip": null,
    "source_port": null,
    "protocol": null,
    "target_object": null,
    "details": null
  },
