  {
    "timestamp": "2026-03-22T05:53:22.619Z",
    "message": "Process Create:\nRuleName: -\nUtcTime: 2026-03-22 05:53:22.609\nProcessGuid: {GUID-REDACTED}\nProcessId: 1868\nImage: C:\\HOST\\USER\\wevtutil.exe\nFileVersion: 10.0.26100.7019 (WinBuild.160101.0800)\nDescription: Windows Event Log Utility\nProduct: Microsoft® Windows® Operating System\nCompany: Microsoft Corporation\nOriginalFileName: wevtutil.exe\nCommandLine: \"C:\\HOST\\USER\\wevtutil.exe\" uninstall-manifest \"C:\\Program HOST\\USER\\HOST\\USER\" /unicode:true\nCurrentDirectory: C:\\HOST\\USER\\\nUser: NT HOST\\USER\nLogonGuid: {GUID-REDACTED}\nLogonId: 0x3e7\nTerminalSessionId: 0\nIntegrityLevel: System\nHashes: SHA256=3C4C4FE2FC5590A6AF5E5F73B7277DA8785695E6A131D255943A88E43CDD2A6A\nParentProcessGuid: {GUID-REDACTED}\nParentProcessId: 3948\nParentImage: C:\\HOST\\USER\\svchost.exe\nParentCommandLine: C:\\HOST\\USER\\svchost.exe -k wsappx -p -s AppXSvc\nParentUser: NT HOST\\USER",
    "event_code": "1",
    "event_action": "Process Create (rule: ProcessCreate)",
    "event_kind": "event",
    "provider": "Microsoft-Windows-Sysmon",
    "channel": "Microsoft-Windows-Sysmon/Operational",
    "event_id": "1",
    "record_id": 234,
    "computer_name": "HOST-REDACTED",
    "provider_name": "Microsoft-Windows-Sysmon",
    "log_level": "information",
    "host_name": "HOST-REDACTED",
    "host_hostname": "HOST-REDACTED",
    "host_os": "Windows 11 Pro",
    "agent_type": "winlogbeat",
    "agent_version": "9.3.2",
    "process_pid": 1596,
    "raw_event_data": {
      "CurrentDirectory": "C:\\HOST\\USER\\",
      "LogonGuid": "{GUID-REDACTED}",
      "Image": "C:\\HOST\\USER\\wevtutil.exe",
      "ParentProcessGuid": "{GUID-REDACTED}",
      "UtcTime": "2026-03-22 05:53:22.609",
      "ParentCommandLine": "C:\\HOST\\USER\\svchost.exe -k wsappx -p -s AppXSvc",
      "RuleName": "-",
      "ParentUser": "NT HOST\\USER",
      "Product": "Microsoft® Windows® Operating System",
      "ParentProcessId": "3948",
      "ProcessId": "1868",
      "LogonId": "0x3e7",
      "ProcessGuid": "{GUID-REDACTED}",
      "TerminalSessionId": "0",
      "Hashes": "SHA256=3C4C4FE2FC5590A6AF5E5F73B7277DA8785695E6A131D255943A88E43CDD2A6A",
      "OriginalFileName": "wevtutil.exe",
      "IntegrityLevel": "System",
      "Company": "Microsoft Corporation",
      "User": "USER-REDACTED",
      "Description": "Windows Event Log Utility",
      "CommandLine": "\"C:\\HOST\\USER\\wevtutil.exe\" uninstall-manifest \"C:\\Program HOST\\USER\\HOST\\USER\" /unicode:true",
      "ParentImage": "C:\\HOST\\USER\\svchost.exe",
      "FileVersion": "10.0.26100.7019 (WinBuild.160101.0800)"
    },
    "raw": {
      "@timestamp": "2026-03-22T05:53:22.619Z",
      "ecs": {
        "version": "8.0.0"
      },
      "message": "Process Create:\nRuleName: -\nUtcTime: 2026-03-22 05:53:22.609\nProcessGuid: {GUID-REDACTED}\nProcessId: 1868\nImage: C:\\HOST\\USER\\wevtutil.exe\nFileVersion: 10.0.26100.7019 (WinBuild.160101.0800)\nDescription: Windows Event Log Utility\nProduct: Microsoft® Windows® Operating System\nCompany: Microsoft Corporation\nOriginalFileName: wevtutil.exe\nCommandLine: \"C:\\HOST\\USER\\wevtutil.exe\" uninstall-manifest \"C:\\Program HOST\\USER\\HOST\\USER\" /unicode:true\nCurrentDirectory: C:\\HOST\\USER\\\nUser: NT HOST\\USER\nLogonGuid: {GUID-REDACTED}\nLogonId: 0x3e7\nTerminalSessionId: 0\nIntegrityLevel: System\nHashes: SHA256=3C4C4FE2FC5590A6AF5E5F73B7277DA8785695E6A131D255943A88E43CDD2A6A\nParentProcessGuid: {GUID-REDACTED}\nParentProcessId: 3948\nParentImage: C:\\HOST\\USER\\svchost.exe\nParentCommandLine: C:\\HOST\\USER\\svchost.exe -k wsappx -p -s AppXSvc\nParentUser: NT HOST\\USER",
      "log": {
        "level": "information"
      },
      "host": {
        "architecture": "x86_64",
        "name": "HOST-REDACTED",
        "ip": [
          "fe80::1eac:376c:1bd5:f979",
          "IP-REDACTED"
        ],
        "os": {
          "type": "windows",
          "version": "10.0",
          "name": "Windows 11 Pro",
          "kernel": "10.0.26100.8036 (WinBuild.160101.0800)",
          "family": "windows",
          "build": "26200.8037",
          "platform": "windows"
        },
        "id": "4c1ea299-cc74-49b5-ac0a-1138d9d08387",
        "mac": [
          "MAC-REDACTED"
        ],
        "hostname": "HOST-REDACTED"
      },
      "@version": "1",
      "winlog": {
        "version": 5,
        "user": {
          "type": "Well Known Group",
          "name": "SYSTEM",
          "domain": "NT AUTHORITY",
          "identifier": "S-1-5-XX-REDACTED"
        },
        "event_id": "1",
        "record_id": 234,
        "provider_guid": "{GUID-REDACTED}",
        "channel": "Microsoft-Windows-Sysmon/Operational",
        "task": "Process Create (rule: ProcessCreate)",
        "opcode": "Info",
        "computer_name": "HOST-REDACTED",
        "process": {
          "thread": {
            "id": 1304
          },
          "pid": 1596
        },
        "provider_name": "Microsoft-Windows-Sysmon",
        "event_data": {
          "CurrentDirectory": "C:\\HOST\\USER\\",
          "LogonGuid": "{GUID-REDACTED}",
          "Image": "C:\\HOST\\USER\\wevtutil.exe",
          "ParentProcessGuid": "{GUID-REDACTED}",
          "UtcTime": "2026-03-22 05:53:22.609",
          "ParentCommandLine": "C:\\HOST\\USER\\svchost.exe -k wsappx -p -s AppXSvc",
          "RuleName": "-",
          "ParentUser": "NT HOST\\USER",
          "Product": "Microsoft® Windows® Operating System",
          "ParentProcessId": "3948",
          "ProcessId": "1868",
          "LogonId": "0x3e7",
          "ProcessGuid": "{GUID-REDACTED}",
          "TerminalSessionId": "0",
          "Hashes": "SHA256=3C4C4FE2FC5590A6AF5E5F73B7277DA8785695E6A131D255943A88E43CDD2A6A",
          "OriginalFileName": "wevtutil.exe",
          "IntegrityLevel": "System",
          "Company": "Microsoft Corporation",
          "User": "USER-REDACTED",
          "Description": "Windows Event Log Utility",
          "CommandLine": "\"C:\\HOST\\USER\\wevtutil.exe\" uninstall-manifest \"C:\\Program HOST\\USER\\HOST\\USER\" /unicode:true",
          "ParentImage": "C:\\HOST\\USER\\svchost.exe",
          "FileVersion": "10.0.26100.7019 (WinBuild.160101.0800)"
        }
      },
      "tags": [
        "beats_input_codec_plain_applied"
      ],
      "agent": {
        "type": "winlogbeat",
        "id": "e914dd33-e7be-4a91-b774-394d715855f5",
        "name": "HOST-REDACTED",
        "ephemeral_id": "b8267783-8d43-4086-8074-c2f96b9f9dae",
        "version": "9.3.2"
      },
      "event": {
        "kind": "event",
        "created": "2026-03-29T09:11:41.469Z",
        "code": "1",
        "action": "Process Create (rule: ProcessCreate)",
        "original": "Process Create:\nRuleName: -\nUtcTime: 2026-03-22 05:53:22.609\nProcessGuid: {GUID-REDACTED}\nProcessId: 1868\nImage: C:\\HOST\\USER\\wevtutil.exe\nFileVersion: 10.0.26100.7019 (WinBuild.160101.0800)\nDescription: Windows Event Log Utility\nProduct: Microsoft® Windows® Operating System\nCompany: Microsoft Corporation\nOriginalFileName: wevtutil.exe\nCommandLine: \"C:\\HOST\\USER\\wevtutil.exe\" uninstall-manifest \"C:\\Program HOST\\USER\\HOST\\USER\" /unicode:true\nCurrentDirectory: C:\\HOST\\USER\\\nUser: NT HOST\\USER\nLogonGuid: {GUID-REDACTED}\nLogonId: 0x3e7\nTerminalSessionId: 0\nIntegrityLevel: System\nHashes: SHA256=3C4C4FE2FC5590A6AF5E5F73B7277DA8785695E6A131D255943A88E43CDD2A6A\nParentProcessGuid: {GUID-REDACTED}\nParentProcessId: 3948\nParentImage: C:\\HOST\\USER\\svchost.exe\nParentCommandLine: C:\\HOST\\USER\\svchost.exe -k wsappx -p -s AppXSvc\nParentUser: NT HOST\\USER",
        "provider": "Microsoft-Windows-Sysmon"
      }
    },
    "parsed_type": "sysmon",
    "event_type_name": "ProcessCreate",
    "process_guid": "{GUID-REDACTED}",
    "process_id": "1868",
    "image": "C:\\HOST\\USER\\wevtutil.exe",
    "command_line": "\"C:\\HOST\\USER\\wevtutil.exe\" uninstall-manifest \"C:\\Program HOST\\USER\\HOST\\USER\" /unicode:true",
    "current_directory": "C:\\HOST\\USER\\",
    "user": "USER-REDACTED",
    "logon_guid": "{GUID-REDACTED}",
    "logon_id": "0x3e7",
    "terminal_session_id": "0",
    "integrity_level": "System",
    "hashes": "SHA256=3C4C4FE2FC5590A6AF5E5F73B7277DA8785695E6A131D255943A88E43CDD2A6A",
    "parent_process_guid": "{GUID-REDACTED}",
    "parent_process_id": "3948",
    "parent_image": "C:\\HOST\\USER\\svchost.exe",
    "parent_command_line": "C:\\HOST\\USER\\svchost.exe -k wsappx -p -s AppXSvc",
    "target_filename": null,
    "creation_utc_time": null,
    "destination_ip": null,
    "destination_port": null,
    "source_ip": null,
    "source_port": null,
    "protocol": null,
    "target_object": null,
    "details": null
  },
  {
    "timestamp": "2026-03-22T05:53:22.656Z",
    "message": "Process Create:\nRuleName: -\nUtcTime: 2026-03-22 05:53:22.646\nProcessGuid: {GUID-REDACTED}\nProcessId: 2652\nImage: C:\\HOST\\USER\\conhost.exe\nFileVersion: 10.0.26100.7920 (WinBuild.160101.0800)\nDescription: Console Window Host\nProduct: Microsoft® Windows® Operating System\nCompany: Microsoft Corporation\nOriginalFileName: CONHOST.EXE\nCommandLine: \\??\\C:\\HOST\\USER\\conhost.exe 0xffffffff -ForceV1\nCurrentDirectory: C:\\WINDOWS\nUser: NT HOST\\USER\nLogonGuid: {GUID-REDACTED}\nLogonId: 0x3e7\nTerminalSessionId: 0\nIntegrityLevel: System\nHashes: SHA256=2B335DE3C724DDB63A4D14E57C8F5A742A87C1D07A41BE0EBAAC4E32A693D153\nParentProcessGuid: {GUID-REDACTED}\nParentProcessId: 1868\nParentImage: C:\\HOST\\USER\\wevtutil.exe\nParentCommandLine: \"C:\\HOST\\USER\\wevtutil.exe\" uninstall-manifest \"C:\\Program HOST\\USER\\HOST\\USER\" /unicode:true\nParentUser: NT HOST\\USER",
    "event_code": "1",
    "event_action": "Process Create (rule: ProcessCreate)",
    "event_kind": "event",
    "provider": "Microsoft-Windows-Sysmon",
    "channel": "Microsoft-Windows-Sysmon/Operational",
    "event_id": "1",
    "record_id": 235,
    "computer_name": "HOST-REDACTED",
    "provider_name": "Microsoft-Windows-Sysmon",
    "log_level": "information",
    "host_name": "HOST-REDACTED",
    "host_hostname": "HOST-REDACTED",
    "host_os": "Windows 11 Pro",
    "agent_type": "winlogbeat",
    "agent_version": "9.3.2",
    "process_pid": 1596,
    "raw_event_data": {
      "CurrentDirectory": "C:\\WINDOWS",
      "LogonGuid": "{GUID-REDACTED}",
      "Image": "C:\\HOST\\USER\\conhost.exe",
      "UtcTime": "2026-03-22 05:53:22.646",
      "ParentProcessGuid": "{GUID-REDACTED}",
      "ParentCommandLine": "\"C:\\HOST\\USER\\wevtutil.exe\" uninstall-manifest \"C:\\Program HOST\\USER\\HOST\\USER\" /unicode:true",
      "RuleName": "-",
      "ParentUser": "NT HOST\\USER",
      "Product": "Microsoft® Windows® Operating System",
      "ParentProcessId": "1868",
      "ProcessId": "2652",
      "LogonId": "0x3e7",
      "ProcessGuid": "{GUID-REDACTED}",
      "TerminalSessionId": "0",
      "Hashes": "SHA256=2B335DE3C724DDB63A4D14E57C8F5A742A87C1D07A41BE0EBAAC4E32A693D153",
      "OriginalFileName": "CONHOST.EXE",
      "IntegrityLevel": "System",
      "Company": "Microsoft Corporation",
      "User": "USER-REDACTED",
      "Description": "Console Window Host",
      "CommandLine": "\\??\\C:\\HOST\\USER\\conhost.exe 0xffffffff -ForceV1",
      "ParentImage": "C:\\HOST\\USER\\wevtutil.exe",
      "FileVersion": "10.0.26100.7920 (WinBuild.160101.0800)"
    },
    "raw": {
      "@timestamp": "2026-03-22T05:53:22.656Z",
      "log": {
        "level": "information"
      },
      "message": "Process Create:\nRuleName: -\nUtcTime: 2026-03-22 05:53:22.646\nProcessGuid: {GUID-REDACTED}\nProcessId: 2652\nImage: C:\\HOST\\USER\\conhost.exe\nFileVersion: 10.0.26100.7920 (WinBuild.160101.0800)\nDescription: Console Window Host\nProduct: Microsoft® Windows® Operating System\nCompany: Microsoft Corporation\nOriginalFileName: CONHOST.EXE\nCommandLine: \\??\\C:\\HOST\\USER\\conhost.exe 0xffffffff -ForceV1\nCurrentDirectory: C:\\WINDOWS\nUser: NT HOST\\USER\nLogonGuid: {GUID-REDACTED}\nLogonId: 0x3e7\nTerminalSessionId: 0\nIntegrityLevel: System\nHashes: SHA256=2B335DE3C724DDB63A4D14E57C8F5A742A87C1D07A41BE0EBAAC4E32A693D153\nParentProcessGuid: {GUID-REDACTED}\nParentProcessId: 1868\nParentImage: C:\\HOST\\USER\\wevtutil.exe\nParentCommandLine: \"C:\\HOST\\USER\\wevtutil.exe\" uninstall-manifest \"C:\\Program HOST\\USER\\HOST\\USER\" /unicode:true\nParentUser: NT HOST\\USER",
      "host": {
        "architecture": "x86_64",
        "name": "HOST-REDACTED",
        "ip": [
          "fe80::1eac:376c:1bd5:f979",
          "IP-REDACTED"
        ],
        "os": {
          "type": "windows",
          "name": "Windows 11 Pro",
          "kernel": "10.0.26100.8036 (WinBuild.160101.0800)",
          "version": "10.0",
          "family": "windows",
          "build": "26200.8037",
          "platform": "windows"
        },
        "id": "4c1ea299-cc74-49b5-ac0a-1138d9d08387",
        "mac": [
          "MAC-REDACTED"
        ],
        "hostname": "HOST-REDACTED"
      },
      "ecs": {
        "version": "8.0.0"
      },
      "@version": "1",
      "winlog": {
        "version": 5,
        "user": {
          "type": "Well Known Group",
          "name": "SYSTEM",
          "domain": "NT AUTHORITY",
          "identifier": "S-1-5-XX-REDACTED"
        },
        "event_id": "1",
        "record_id": 235,
        "provider_guid": "{GUID-REDACTED}",
        "channel": "Microsoft-Windows-Sysmon/Operational",
        "task": "Process Create (rule: ProcessCreate)",
        "opcode": "Info",
        "computer_name": "HOST-REDACTED",
        "process": {
          "thread": {
            "id": 1304
          },
          "pid": 1596
        },
        "provider_name": "Microsoft-Windows-Sysmon",
        "event_data": {
          "CurrentDirectory": "C:\\WINDOWS",
          "LogonGuid": "{GUID-REDACTED}",
          "Image": "C:\\HOST\\USER\\conhost.exe",
          "UtcTime": "2026-03-22 05:53:22.646",
          "ParentProcessGuid": "{GUID-REDACTED}",
          "ParentCommandLine": "\"C:\\HOST\\USER\\wevtutil.exe\" uninstall-manifest \"C:\\Program HOST\\USER\\HOST\\USER\" /unicode:true",
          "RuleName": "-",
          "ParentUser": "NT HOST\\USER",
          "Product": "Microsoft® Windows® Operating System",
          "ParentProcessId": "1868",
          "ProcessId": "2652",
          "LogonId": "0x3e7",
          "ProcessGuid": "{GUID-REDACTED}",
          "TerminalSessionId": "0",
          "Hashes": "SHA256=2B335DE3C724DDB63A4D14E57C8F5A742A87C1D07A41BE0EBAAC4E32A693D153",
          "OriginalFileName": "CONHOST.EXE",
          "IntegrityLevel": "System",
          "Company": "Microsoft Corporation",
          "User": "USER-REDACTED",
          "Description": "Console Window Host",
          "CommandLine": "\\??\\C:\\HOST\\USER\\conhost.exe 0xffffffff -ForceV1",
          "ParentImage": "C:\\HOST\\USER\\wevtutil.exe",
          "FileVersion": "10.0.26100.7920 (WinBuild.160101.0800)"
        }
      },
      "tags": [
        "beats_input_codec_plain_applied"
      ],
      "agent": {
        "type": "winlogbeat",
        "id": "e914dd33-e7be-4a91-b774-394d715855f5",
        "name": "HOST-REDACTED",
        "ephemeral_id": "b8267783-8d43-4086-8074-c2f96b9f9dae",
        "version": "9.3.2"
      },
      "event": {
        "kind": "event",
        "created": "2026-03-29T09:11:41.469Z",
        "action": "Process Create (rule: ProcessCreate)",
        "code": "1",
        "original": "Process Create:\nRuleName: -\nUtcTime: 2026-03-22 05:53:22.646\nProcessGuid: {GUID-REDACTED}\nProcessId: 2652\nImage: C:\\HOST\\USER\\conhost.exe\nFileVersion: 10.0.26100.7920 (WinBuild.160101.0800)\nDescription: Console Window Host\nProduct: Microsoft® Windows® Operating System\nCompany: Microsoft Corporation\nOriginalFileName: CONHOST.EXE\nCommandLine: \\??\\C:\\HOST\\USER\\conhost.exe 0xffffffff -ForceV1\nCurrentDirectory: C:\\WINDOWS\nUser: NT HOST\\USER\nLogonGuid: {GUID-REDACTED}\nLogonId: 0x3e7\nTerminalSessionId: 0\nIntegrityLevel: System\nHashes: SHA256=2B335DE3C724DDB63A4D14E57C8F5A742A87C1D07A41BE0EBAAC4E32A693D153\nParentProcessGuid: {GUID-REDACTED}\nParentProcessId: 1868\nParentImage: C:\\HOST\\USER\\wevtutil.exe\nParentCommandLine: \"C:\\HOST\\USER\\wevtutil.exe\" uninstall-manifest \"C:\\Program HOST\\USER\\HOST\\USER\" /unicode:true\nParentUser: NT HOST\\USER",
        "provider": "Microsoft-Windows-Sysmon"
      }
    },
    "parsed_type": "sysmon",
    "event_type_name": "ProcessCreate",
    "process_guid": "{GUID-REDACTED}",
    "process_id": "2652",
    "image": "C:\\HOST\\USER\\conhost.exe",
    "command_line": "\\??\\C:\\HOST\\USER\\conhost.exe 0xffffffff -ForceV1",
    "current_directory": "C:\\WINDOWS",
    "user": "USER-REDACTED",
    "logon_guid": "{GUID-REDACTED}",
    "logon_id": "0x3e7",
    "terminal_session_id": "0",
    "integrity_level": "System",
    "hashes": "SHA256=2B335DE3C724DDB63A4D14E57C8F5A742A87C1D07A41BE0EBAAC4E32A693D153",
    "parent_process_guid": "{GUID-REDACTED}",
    "parent_process_id": "1868",
    "parent_image": "C:\\HOST\\USER\\wevtutil.exe",
    "parent_command_line": "\"C:\\HOST\\USER\\wevtutil.exe\" uninstall-manifest \"C:\\Program HOST\\USER\\HOST\\USER\" /unicode:true",
    "target_filename": null,
    "creation_utc_time": null,
    "destination_ip": null,
    "destination_port": null,
    "source_ip": null,
    "source_port": null,
    "protocol": null,
    "target_object": null,
    "details": null
  },
  {
    "timestamp": "2026-03-22T05:53:22.807Z",
    "message": "Process Create:\nRuleName: -\nUtcTime: 2026-03-22 05:53:22.803\nProcessGuid: {GUID-REDACTED}\nProcessId: 8416\nImage: C:\\HOST\\USER\\wevtutil.exe\nFileVersion: 10.0.26100.7019 (WinBuild.160101.0800)\nDescription: Windows Event Log Utility\nProduct: Microsoft® Windows® Operating System\nCompany: Microsoft Corporation\nOriginalFileName: wevtutil.exe\nCommandLine: \"C:\\HOST\\USER\\wevtutil.exe\" install-manifest \"C:\\Program HOST\\USER\\HOST\\USER\" /resourceFilePath:\"C:\\Program HOST\\USER\\HOST\\USER\" /messageFilePath:\"C:\\Program HOST\\USER\\HOST\\USER\" /unicode:true\nCurrentDirectory: C:\\HOST\\USER\\\nUser: NT HOST\\USER\nLogonGuid: {GUID-REDACTED}\nLogonId: 0x3e7\nTerminalSessionId: 0\nIntegrityLevel: System\nHashes: SHA256=3C4C4FE2FC5590A6AF5E5F73B7277DA8785695E6A131D255943A88E43CDD2A6A\nParentProcessGuid: {GUID-REDACTED}\nParentProcessId: 3948\nParentImage: C:\\HOST\\USER\\svchost.exe\nParentCommandLine: C:\\HOST\\USER\\svchost.exe -k wsappx -p -s AppXSvc\nParentUser: NT HOST\\USER",
    "event_code": "1",
    "event_action": "Process Create (rule: ProcessCreate)",
    "event_kind": "event",
    "provider": "Microsoft-Windows-Sysmon",
    "channel": "Microsoft-Windows-Sysmon/Operational",
    "event_id": "1",
    "record_id": 238,
    "computer_name": "HOST-REDACTED",
    "provider_name": "Microsoft-Windows-Sysmon",
    "log_level": "information",
    "host_name": "HOST-REDACTED",
    "host_hostname": "HOST-REDACTED",
    "host_os": "Windows 11 Pro",
    "agent_type": "winlogbeat",
    "agent_version": "9.3.2",
    "process_pid": 1596,
    "raw_event_data": {
      "CurrentDirectory": "C:\\HOST\\USER\\",
      "LogonGuid": "{GUID-REDACTED}",
      "Image": "C:\\HOST\\USER\\wevtutil.exe",
      "ParentProcessGuid": "{GUID-REDACTED}",
      "UtcTime": "2026-03-22 05:53:22.803",
      "ParentCommandLine": "C:\\HOST\\USER\\svchost.exe -k wsappx -p -s AppXSvc",
      "RuleName": "-",
      "ParentUser": "NT HOST\\USER",
      "Product": "Microsoft® Windows® Operating System",
      "ParentProcessId": "3948",
      "ProcessId": "8416",
      "LogonId": "0x3e7",
      "ProcessGuid": "{GUID-REDACTED}",
      "TerminalSessionId": "0",
      "Hashes": "SHA256=3C4C4FE2FC5590A6AF5E5F73B7277DA8785695E6A131D255943A88E43CDD2A6A",
      "OriginalFileName": "wevtutil.exe",
      "IntegrityLevel": "System",
      "Company": "Microsoft Corporation",
      "User": "USER-REDACTED",
      "CommandLine": "\"C:\\HOST\\USER\\wevtutil.exe\" install-manifest \"C:\\Program HOST\\USER\\HOST\\USER\" /resourceFilePath:\"C:\\Program HOST\\USER\\HOST\\USER\" /messageFilePath:\"C:\\Program HOST\\USER\\HOST\\USER\" /unicode:true",
      "Description": "Windows Event Log Utility",
      "ParentImage": "C:\\HOST\\USER\\svchost.exe",
      "FileVersion": "10.0.26100.7019 (WinBuild.160101.0800)"
    },
    "raw": {
      "@timestamp": "2026-03-22T05:53:22.807Z",
      "message": "Process Create:\nRuleName: -\nUtcTime: 2026-03-22 05:53:22.803\nProcessGuid: {GUID-REDACTED}\nProcessId: 8416\nImage: C:\\HOST\\USER\\wevtutil.exe\nFileVersion: 10.0.26100.7019 (WinBuild.160101.0800)\nDescription: Windows Event Log Utility\nProduct: Microsoft® Windows® Operating System\nCompany: Microsoft Corporation\nOriginalFileName: wevtutil.exe\nCommandLine: \"C:\\HOST\\USER\\wevtutil.exe\" install-manifest \"C:\\Program HOST\\USER\\HOST\\USER\" /resourceFilePath:\"C:\\Program HOST\\USER\\HOST\\USER\" /messageFilePath:\"C:\\Program HOST\\USER\\HOST\\USER\" /unicode:true\nCurrentDirectory: C:\\HOST\\USER\\\nUser: NT HOST\\USER\nLogonGuid: {GUID-REDACTED}\nLogonId: 0x3e7\nTerminalSessionId: 0\nIntegrityLevel: System\nHashes: SHA256=3C4C4FE2FC5590A6AF5E5F73B7277DA8785695E6A131D255943A88E43CDD2A6A\nParentProcessGuid: {GUID-REDACTED}\nParentProcessId: 3948\nParentImage: C:\\HOST\\USER\\svchost.exe\nParentCommandLine: C:\\HOST\\USER\\svchost.exe -k wsappx -p -s AppXSvc\nParentUser: NT HOST\\USER",
      "log": {
        "level": "information"
      },
      "host": {
        "architecture": "x86_64",
        "name": "HOST-REDACTED",
        "id": "4c1ea299-cc74-49b5-ac0a-1138d9d08387",
        "os": {
          "type": "windows",
          "name": "Windows 11 Pro",
          "kernel": "10.0.26100.8036 (WinBuild.160101.0800)",
          "version": "10.0",
          "family": "windows",
          "build": "26200.8037",
          "platform": "windows"
        },
        "ip": [
          "fe80::1eac:376c:1bd5:f979",
          "IP-REDACTED"
        ],
        "mac": [
          "MAC-REDACTED"
        ],
        "hostname": "HOST-REDACTED"
      },
      "ecs": {
        "version": "8.0.0"
      },
      "@version": "1",
      "winlog": {
        "version": 5,
        "user": {
          "type": "Well Known Group",
          "name": "SYSTEM",
          "domain": "NT AUTHORITY",
          "identifier": "S-1-5-XX-REDACTED"
        },
        "event_id": "1",
        "record_id": 238,
        "provider_guid": "{GUID-REDACTED}",
        "channel": "Microsoft-Windows-Sysmon/Operational",
        "task": "Process Create (rule: ProcessCreate)",
        "opcode": "Info",
        "process": {
          "thread": {
            "id": 1304
          },
          "pid": 1596
        },
        "computer_name": "HOST-REDACTED",
        "provider_name": "Microsoft-Windows-Sysmon",
        "event_data": {
          "CurrentDirectory": "C:\\HOST\\USER\\",
          "LogonGuid": "{GUID-REDACTED}",
          "Image": "C:\\HOST\\USER\\wevtutil.exe",
          "ParentProcessGuid": "{GUID-REDACTED}",
          "UtcTime": "2026-03-22 05:53:22.803",
          "ParentCommandLine": "C:\\HOST\\USER\\svchost.exe -k wsappx -p -s AppXSvc",
          "RuleName": "-",
          "ParentUser": "NT HOST\\USER",
          "Product": "Microsoft® Windows® Operating System",
          "ParentProcessId": "3948",
          "ProcessId": "8416",
          "LogonId": "0x3e7",
          "ProcessGuid": "{GUID-REDACTED}",
          "TerminalSessionId": "0",
          "Hashes": "SHA256=3C4C4FE2FC5590A6AF5E5F73B7277DA8785695E6A131D255943A88E43CDD2A6A",
          "OriginalFileName": "wevtutil.exe",
          "IntegrityLevel": "System",
          "Company": "Microsoft Corporation",
          "User": "USER-REDACTED",
          "CommandLine": "\"C:\\HOST\\USER\\wevtutil.exe\" install-manifest \"C:\\Program HOST\\USER\\HOST\\USER\" /resourceFilePath:\"C:\\Program HOST\\USER\\HOST\\USER\" /messageFilePath:\"C:\\Program HOST\\USER\\HOST\\USER\" /unicode:true",
          "Description": "Windows Event Log Utility",
          "ParentImage": "C:\\HOST\\USER\\svchost.exe",
          "FileVersion": "10.0.26100.7019 (WinBuild.160101.0800)"
        }
      },
      "tags": [
        "beats_input_codec_plain_applied"
      ],
      "agent": {
        "type": "winlogbeat",
        "name": "HOST-REDACTED",
        "version": "9.3.2",
        "ephemeral_id": "b8267783-8d43-4086-8074-c2f96b9f9dae",
        "id": "e914dd33-e7be-4a91-b774-394d715855f5"
      },
      "event": {
        "kind": "event",
        "created": "2026-03-29T09:11:41.469Z",
        "code": "1",
        "action": "Process Create (rule: ProcessCreate)",
        "original": "Process Create:\nRuleName: -\nUtcTime: 2026-03-22 05:53:22.803\nProcessGuid: {GUID-REDACTED}\nProcessId: 8416\nImage: C:\\HOST\\USER\\wevtutil.exe\nFileVersion: 10.0.26100.7019 (WinBuild.160101.0800)\nDescription: Windows Event Log Utility\nProduct: Microsoft® Windows® Operating System\nCompany: Microsoft Corporation\nOriginalFileName: wevtutil.exe\nCommandLine: \"C:\\HOST\\USER\\wevtutil.exe\" install-manifest \"C:\\Program HOST\\USER\\HOST\\USER\" /resourceFilePath:\"C:\\Program HOST\\USER\\HOST\\USER\" /messageFilePath:\"C:\\Program HOST\\USER\\HOST\\USER\" /unicode:true\nCurrentDirectory: C:\\HOST\\USER\\\nUser: NT HOST\\USER\nLogonGuid: {GUID-REDACTED}\nLogonId: 0x3e7\nTerminalSessionId: 0\nIntegrityLevel: System\nHashes: SHA256=3C4C4FE2FC5590A6AF5E5F73B7277DA8785695E6A131D255943A88E43CDD2A6A\nParentProcessGuid: {GUID-REDACTED}\nParentProcessId: 3948\nParentImage: C:\\HOST\\USER\\svchost.exe\nParentCommandLine: C:\\HOST\\USER\\svchost.exe -k wsappx -p -s AppXSvc\nParentUser: NT HOST\\USER",
        "provider": "Microsoft-Windows-Sysmon"
      }
    },
    "parsed_type": "sysmon",
    "event_type_name": "ProcessCreate",
    "process_guid": "{GUID-REDACTED}",
    "process_id": "8416",
    "image": "C:\\HOST\\USER\\wevtutil.exe",
    "command_line": "\"C:\\HOST\\USER\\wevtutil.exe\" install-manifest \"C:\\Program HOST\\USER\\HOST\\USER\" /resourceFilePath:\"C:\\Program HOST\\USER\\HOST\\USER\" /messageFilePath:\"C:\\Program HOST\\USER\\HOST\\USER\" /unicode:true",
    "current_directory": "C:\\HOST\\USER\\",
    "user": "USER-REDACTED",
    "logon_guid": "{GUID-REDACTED}",
    "logon_id": "0x3e7",
    "terminal_session_id": "0",
    "integrity_level": "System",
    "hashes": "SHA256=3C4C4FE2FC5590A6AF5E5F73B7277DA8785695E6A131D255943A88E43CDD2A6A",
    "parent_process_guid": "{GUID-REDACTED}",
    "parent_process_id": "3948",
    "parent_image": "C:\\HOST\\USER\\svchost.exe",
    "parent_command_line": "C:\\HOST\\USER\\svchost.exe -k wsappx -p -s AppXSvc",
    "target_filename": null,
    "creation_utc_time": null,
    "destination_ip": null,
    "destination_port": null,
    "source_ip": null,
    "source_port": null,
    "protocol": null,
    "target_object": null,
    "details": null
  },
  {
    "timestamp": "2026-03-22T05:53:22.811Z",
    "message": "Process Create:\nRuleName: -\nUtcTime: 2026-03-22 05:53:22.809\nProcessGuid: {GUID-REDACTED}\nProcessId: 8352\nImage: C:\\HOST\\USER\\conhost.exe\nFileVersion: 10.0.26100.7920 (WinBuild.160101.0800)\nDescription: Console Window Host\nProduct: Microsoft® Windows® Operating System\nCompany: Microsoft Corporation\nOriginalFileName: CONHOST.EXE\nCommandLine: \\??\\C:\\HOST\\USER\\conhost.exe 0xffffffff -ForceV1\nCurrentDirectory: C:\\WINDOWS\nUser: NT HOST\\USER\nLogonGuid: {GUID-REDACTED}\nLogonId: 0x3e7\nTerminalSessionId: 0\nIntegrityLevel: System\nHashes: SHA256=2B335DE3C724DDB63A4D14E57C8F5A742A87C1D07A41BE0EBAAC4E32A693D153\nParentProcessGuid: {GUID-REDACTED}\nParentProcessId: 8416\nParentImage: C:\\HOST\\USER\\wevtutil.exe\nParentCommandLine: \"C:\\HOST\\USER\\wevtutil.exe\" install-manifest \"C:\\Program HOST\\USER\\HOST\\USER\" /resourceFilePath:\"C:\\Program HOST\\USER\\HOST\\USER\" /messageFilePath:\"C:\\Program HOST\\USER\\HOST\\USER\" /unicode:true\nParentUser: NT HOST\\USER",
    "event_code": "1",
    "event_action": "Process Create (rule: ProcessCreate)",
    "event_kind": "event",
    "provider": "Microsoft-Windows-Sysmon",
    "channel": "Microsoft-Windows-Sysmon/Operational",
    "event_id": "1",
    "record_id": 239,
    "computer_name": "HOST-REDACTED",
    "provider_name": "Microsoft-Windows-Sysmon",
    "log_level": "information",
    "host_name": "HOST-REDACTED",
    "host_hostname": "HOST-REDACTED",
    "host_os": "Windows 11 Pro",
    "agent_type": "winlogbeat",
    "agent_version": "9.3.2",
    "process_pid": 1596,
    "raw_event_data": {
      "CurrentDirectory": "C:\\WINDOWS",
      "LogonGuid": "{GUID-REDACTED}",
      "Image": "C:\\HOST\\USER\\conhost.exe",
      "UtcTime": "2026-03-22 05:53:22.809",
      "ParentProcessGuid": "{GUID-REDACTED}",
      "ParentCommandLine": "\"C:\\HOST\\USER\\wevtutil.exe\" install-manifest \"C:\\Program HOST\\USER\\HOST\\USER\" /resourceFilePath:\"C:\\Program HOST\\USER\\HOST\\USER\" /messageFilePath:\"C:\\Program HOST\\USER\\HOST\\USER\" /unicode:true",
      "RuleName": "-",
      "ParentUser": "NT HOST\\USER",
      "ParentProcessId": "8416",
      "Product": "Microsoft® Windows® Operating System",
      "ProcessId": "8352",
      "LogonId": "0x3e7",
      "ProcessGuid": "{GUID-REDACTED}",
      "TerminalSessionId": "0",
      "Hashes": "SHA256=2B335DE3C724DDB63A4D14E57C8F5A742A87C1D07A41BE0EBAAC4E32A693D153",
      "OriginalFileName": "CONHOST.EXE",
      "IntegrityLevel": "System",
      "Company": "Microsoft Corporation",
      "User": "USER-REDACTED",
      "Description": "Console Window Host",
      "CommandLine": "\\??\\C:\\HOST\\USER\\conhost.exe 0xffffffff -ForceV1",
      "ParentImage": "C:\\HOST\\USER\\wevtutil.exe",
      "FileVersion": "10.0.26100.7920 (WinBuild.160101.0800)"
    },
    "raw": {
      "@timestamp": "2026-03-22T05:53:22.811Z",
      "host": {
        "architecture": "x86_64",
        "name": "HOST-REDACTED",
        "ip": [
          "fe80::1eac:376c:1bd5:f979",
          "IP-REDACTED"
        ],
        "os": {
          "type": "windows",
          "name": "Windows 11 Pro",
          "kernel": "10.0.26100.8036 (WinBuild.160101.0800)",
          "version": "10.0",
          "family": "windows",
          "build": "26200.8037",
          "platform": "windows"
        },
        "id": "4c1ea299-cc74-49b5-ac0a-1138d9d08387",
        "mac": [
          "MAC-REDACTED"
        ],
        "hostname": "HOST-REDACTED"
      },
      "message": "Process Create:\nRuleName: -\nUtcTime: 2026-03-22 05:53:22.809\nProcessGuid: {GUID-REDACTED}\nProcessId: 8352\nImage: C:\\HOST\\USER\\conhost.exe\nFileVersion: 10.0.26100.7920 (WinBuild.160101.0800)\nDescription: Console Window Host\nProduct: Microsoft® Windows® Operating System\nCompany: Microsoft Corporation\nOriginalFileName: CONHOST.EXE\nCommandLine: \\??\\C:\\HOST\\USER\\conhost.exe 0xffffffff -ForceV1\nCurrentDirectory: C:\\WINDOWS\nUser: NT HOST\\USER\nLogonGuid: {GUID-REDACTED}\nLogonId: 0x3e7\nTerminalSessionId: 0\nIntegrityLevel: System\nHashes: SHA256=2B335DE3C724DDB63A4D14E57C8F5A742A87C1D07A41BE0EBAAC4E32A693D153\nParentProcessGuid: {GUID-REDACTED}\nParentProcessId: 8416\nParentImage: C:\\HOST\\USER\\wevtutil.exe\nParentCommandLine: \"C:\\HOST\\USER\\wevtutil.exe\" install-manifest \"C:\\Program HOST\\USER\\HOST\\USER\" /resourceFilePath:\"C:\\Program HOST\\USER\\HOST\\USER\" /messageFilePath:\"C:\\Program HOST\\USER\\HOST\\USER\" /unicode:true\nParentUser: NT HOST\\USER",
      "log": {
        "level": "information"
      },
      "ecs": {
        "version": "8.0.0"
      },
      "@version": "1",
      "winlog": {
        "version": 5,
        "user": {
          "type": "Well Known Group",
          "name": "SYSTEM",
          "domain": "NT AUTHORITY",
          "identifier": "S-1-5-XX-REDACTED"
        },
        "event_id": "1",
        "record_id": 239,
        "provider_guid": "{GUID-REDACTED}",
        "channel": "Microsoft-Windows-Sysmon/Operational",
        "task": "Process Create (rule: ProcessCreate)",
        "opcode": "Info",
        "process": {
          "thread": {
            "id": 1304
          },
          "pid": 1596
        },
        "computer_name": "HOST-REDACTED",
        "provider_name": "Microsoft-Windows-Sysmon",
        "event_data": {
          "CurrentDirectory": "C:\\WINDOWS",
          "LogonGuid": "{GUID-REDACTED}",
          "Image": "C:\\HOST\\USER\\conhost.exe",
          "UtcTime": "2026-03-22 05:53:22.809",
          "ParentProcessGuid": "{GUID-REDACTED}",
          "ParentCommandLine": "\"C:\\HOST\\USER\\wevtutil.exe\" install-manifest \"C:\\Program HOST\\USER\\HOST\\USER\" /resourceFilePath:\"C:\\Program HOST\\USER\\HOST\\USER\" /messageFilePath:\"C:\\Program HOST\\USER\\HOST\\USER\" /unicode:true",
          "RuleName": "-",
          "ParentUser": "NT HOST\\USER",
          "ParentProcessId": "8416",
          "Product": "Microsoft® Windows® Operating System",
          "ProcessId": "8352",
          "LogonId": "0x3e7",
          "ProcessGuid": "{GUID-REDACTED}",
          "TerminalSessionId": "0",
          "Hashes": "SHA256=2B335DE3C724DDB63A4D14E57C8F5A742A87C1D07A41BE0EBAAC4E32A693D153",
          "OriginalFileName": "CONHOST.EXE",
          "IntegrityLevel": "System",
          "Company": "Microsoft Corporation",
          "User": "USER-REDACTED",
          "Description": "Console Window Host",
          "CommandLine": "\\??\\C:\\HOST\\USER\\conhost.exe 0xffffffff -ForceV1",
          "ParentImage": "C:\\HOST\\USER\\wevtutil.exe",
          "FileVersion": "10.0.26100.7920 (WinBuild.160101.0800)"
        }
      },
      "tags": [
        "beats_input_codec_plain_applied"
      ],
      "agent": {
        "type": "winlogbeat",
        "name": "HOST-REDACTED",
        "version": "9.3.2",
        "ephemeral_id": "b8267783-8d43-4086-8074-c2f96b9f9dae",
        "id": "e914dd33-e7be-4a91-b774-394d715855f5"
      },
      "event": {
        "kind": "event",
        "created": "2026-03-29T09:11:41.470Z",
        "code": "1",
        "action": "Process Create (rule: ProcessCreate)",
        "original": "Process Create:\nRuleName: -\nUtcTime: 2026-03-22 05:53:22.809\nProcessGuid: {GUID-REDACTED}\nProcessId: 8352\nImage: C:\\HOST\\USER\\conhost.exe\nFileVersion: 10.0.26100.7920 (WinBuild.160101.0800)\nDescription: Console Window Host\nProduct: Microsoft® Windows® Operating System\nCompany: Microsoft Corporation\nOriginalFileName: CONHOST.EXE\nCommandLine: \\??\\C:\\HOST\\USER\\conhost.exe 0xffffffff -ForceV1\nCurrentDirectory: C:\\WINDOWS\nUser: NT HOST\\USER\nLogonGuid: {GUID-REDACTED}\nLogonId: 0x3e7\nTerminalSessionId: 0\nIntegrityLevel: System\nHashes: SHA256=2B335DE3C724DDB63A4D14E57C8F5A742A87C1D07A41BE0EBAAC4E32A693D153\nParentProcessGuid: {GUID-REDACTED}\nParentProcessId: 8416\nParentImage: C:\\HOST\\USER\\wevtutil.exe\nParentCommandLine: \"C:\\HOST\\USER\\wevtutil.exe\" install-manifest \"C:\\Program HOST\\USER\\HOST\\USER\" /resourceFilePath:\"C:\\Program HOST\\USER\\HOST\\USER\" /messageFilePath:\"C:\\Program HOST\\USER\\HOST\\USER\" /unicode:true\nParentUser: NT HOST\\USER",
        "provider": "Microsoft-Windows-Sysmon"
      }
    },
    "parsed_type": "sysmon",
    "event_type_name": "ProcessCreate",
    "process_guid": "{GUID-REDACTED}",
    "process_id": "8352",
    "image": "C:\\HOST\\USER\\conhost.exe",
    "command_line": "\\??\\C:\\HOST\\USER\\conhost.exe 0xffffffff -ForceV1",
    "current_directory": "C:\\WINDOWS",
    "user": "USER-REDACTED",
    "logon_guid": "{GUID-REDACTED}",
    "logon_id": "0x3e7",
    "terminal_session_id": "0",
    "integrity_level": "System",
    "hashes": "SHA256=2B335DE3C724DDB63A4D14E57C8F5A742A87C1D07A41BE0EBAAC4E32A693D153",
    "parent_process_guid": "{GUID-REDACTED}",
    "parent_process_id": "8416",
    "parent_image": "C:\\HOST\\USER\\wevtutil.exe",
    "parent_command_line": "\"C:\\HOST\\USER\\wevtutil.exe\" install-manifest \"C:\\Program HOST\\USER\\HOST\\USER\" /resourceFilePath:\"C:\\Program HOST\\USER\\HOST\\USER\" /messageFilePath:\"C:\\Program HOST\\USER\\HOST\\USER\" /unicode:true",
    "target_filename": null,
    "creation_utc_time": null,
    "destination_ip": null,
    "destination_port": null,
    "source_ip": null,
    "source_port": null,
    "protocol": null,
    "target_object": null,
    "details": null
  },
  {
    "timestamp": "2026-03-22T05:53:47.429Z",
    "message": "Process Create:\nRuleName: -\nUtcTime: 2026-03-22 05:53:47.423\nProcessGuid: {GUID-REDACTED}\nProcessId: 7268\nImage: C:\\HOST\\USER\\wevtutil.exe\nFileVersion: 10.0.26100.7019 (WinBuild.160101.0800)\nDescription: Windows Event Log Utility\nProduct: Microsoft® Windows® Operating System\nCompany: Microsoft Corporation\nOriginalFileName: wevtutil.exe\nCommandLine: \"C:\\HOST\\USER\\wevtutil.exe\" uninstall-manifest \"C:\\Program HOST\\USER\\HOST\\USER\" /unicode:true\nCurrentDirectory: C:\\HOST\\USER\\\nUser: NT HOST\\USER\nLogonGuid: {GUID-REDACTED}\nLogonId: 0x3e7\nTerminalSessionId: 0\nIntegrityLevel: System\nHashes: SHA256=3C4C4FE2FC5590A6AF5E5F73B7277DA8785695E6A131D255943A88E43CDD2A6A\nParentProcessGuid: {GUID-REDACTED}\nParentProcessId: 3948\nParentImage: C:\\HOST\\USER\\svchost.exe\nParentCommandLine: C:\\HOST\\USER\\svchost.exe -k wsappx -p -s AppXSvc\nParentUser: NT HOST\\USER",
    "event_code": "1",
    "event_action": "Process Create (rule: ProcessCreate)",
    "event_kind": "event",
    "provider": "Microsoft-Windows-Sysmon",
    "channel": "Microsoft-Windows-Sysmon/Operational",
    "event_id": "1",
    "record_id": 242,
    "computer_name": "HOST-REDACTED",
    "provider_name": "Microsoft-Windows-Sysmon",
    "log_level": "information",
    "host_name": "HOST-REDACTED",
    "host_hostname": "HOST-REDACTED",
    "host_os": "Windows 11 Pro",
    "agent_type": "winlogbeat",
    "agent_version": "9.3.2",
    "process_pid": 1596,
    "raw_event_data": {
      "CurrentDirectory": "C:\\HOST\\USER\\",
      "LogonGuid": "{GUID-REDACTED}",
      "Image": "C:\\HOST\\USER\\wevtutil.exe",
      "ParentProcessGuid": "{GUID-REDACTED}",
      "UtcTime": "2026-03-22 05:53:47.423",
      "ParentCommandLine": "C:\\HOST\\USER\\svchost.exe -k wsappx -p -s AppXSvc",
      "RuleName": "-",
      "ParentUser": "NT HOST\\USER",
      "Product": "Microsoft® Windows® Operating System",
      "ParentProcessId": "3948",
      "ProcessId": "7268",
      "LogonId": "0x3e7",
      "ProcessGuid": "{GUID-REDACTED}",
      "TerminalSessionId": "0",
      "Hashes": "SHA256=3C4C4FE2FC5590A6AF5E5F73B7277DA8785695E6A131D255943A88E43CDD2A6A",
      "OriginalFileName": "wevtutil.exe",
      "IntegrityLevel": "System",
      "Company": "Microsoft Corporation",
      "User": "USER-REDACTED",
      "CommandLine": "\"C:\\HOST\\USER\\wevtutil.exe\" uninstall-manifest \"C:\\Program HOST\\USER\\HOST\\USER\" /unicode:true",
      "Description": "Windows Event Log Utility",
      "ParentImage": "C:\\HOST\\USER\\svchost.exe",
      "FileVersion": "10.0.26100.7019 (WinBuild.160101.0800)"
    },
    "raw": {
      "@timestamp": "2026-03-22T05:53:47.429Z",
      "message": "Process Create:\nRuleName: -\nUtcTime: 2026-03-22 05:53:47.423\nProcessGuid: {GUID-REDACTED}\nProcessId: 7268\nImage: C:\\HOST\\USER\\wevtutil.exe\nFileVersion: 10.0.26100.7019 (WinBuild.160101.0800)\nDescription: Windows Event Log Utility\nProduct: Microsoft® Windows® Operating System\nCompany: Microsoft Corporation\nOriginalFileName: wevtutil.exe\nCommandLine: \"C:\\HOST\\USER\\wevtutil.exe\" uninstall-manifest \"C:\\Program HOST\\USER\\HOST\\USER\" /unicode:true\nCurrentDirectory: C:\\HOST\\USER\\\nUser: NT HOST\\USER\nLogonGuid: {GUID-REDACTED}\nLogonId: 0x3e7\nTerminalSessionId: 0\nIntegrityLevel: System\nHashes: SHA256=3C4C4FE2FC5590A6AF5E5F73B7277DA8785695E6A131D255943A88E43CDD2A6A\nParentProcessGuid: {GUID-REDACTED}\nParentProcessId: 3948\nParentImage: C:\\HOST\\USER\\svchost.exe\nParentCommandLine: C:\\HOST\\USER\\svchost.exe -k wsappx -p -s AppXSvc\nParentUser: NT HOST\\USER",
      "ecs": {
        "version": "8.0.0"
      },
      "log": {
        "level": "information"
      },
      "host": {
        "architecture": "x86_64",
        "id": "4c1ea299-cc74-49b5-ac0a-1138d9d08387",
        "ip": [
          "fe80::1eac:376c:1bd5:f979",
          "IP-REDACTED"
        ],
        "os": {
          "type": "windows",
          "name": "Windows 11 Pro",
          "kernel": "10.0.26100.8036 (WinBuild.160101.0800)",
          "version": "10.0",
          "family": "windows",
          "build": "26200.8037",
          "platform": "windows"
        },
        "name": "HOST-REDACTED",
        "mac": [
          "MAC-REDACTED"
        ],
        "hostname": "HOST-REDACTED"
      },
      "@version": "1",
      "winlog": {
        "version": 5,
        "user": {
          "type": "Well Known Group",
          "name": "SYSTEM",
          "domain": "NT AUTHORITY",
          "identifier": "S-1-5-XX-REDACTED"
        },
        "event_id": "1",
        "record_id": 242,
        "provider_guid": "{GUID-REDACTED}",
        "channel": "Microsoft-Windows-Sysmon/Operational",
        "task": "Process Create (rule: ProcessCreate)",
        "opcode": "Info",
        "process": {
          "thread": {
            "id": 1304
          },
          "pid": 1596
        },
        "computer_name": "HOST-REDACTED",
        "provider_name": "Microsoft-Windows-Sysmon",
        "event_data": {
          "CurrentDirectory": "C:\\HOST\\USER\\",
          "LogonGuid": "{GUID-REDACTED}",
          "Image": "C:\\HOST\\USER\\wevtutil.exe",
          "ParentProcessGuid": "{GUID-REDACTED}",
          "UtcTime": "2026-03-22 05:53:47.423",
          "ParentCommandLine": "C:\\HOST\\USER\\svchost.exe -k wsappx -p -s AppXSvc",
          "RuleName": "-",
          "ParentUser": "NT HOST\\USER",
          "Product": "Microsoft® Windows® Operating System",
          "ParentProcessId": "3948",
          "ProcessId": "7268",
          "LogonId": "0x3e7",
          "ProcessGuid": "{GUID-REDACTED}",
          "TerminalSessionId": "0",
          "Hashes": "SHA256=3C4C4FE2FC5590A6AF5E5F73B7277DA8785695E6A131D255943A88E43CDD2A6A",
          "OriginalFileName": "wevtutil.exe",
          "IntegrityLevel": "System",
          "Company": "Microsoft Corporation",
          "User": "USER-REDACTED",
          "CommandLine": "\"C:\\HOST\\USER\\wevtutil.exe\" uninstall-manifest \"C:\\Program HOST\\USER\\HOST\\USER\" /unicode:true",
          "Description": "Windows Event Log Utility",
          "ParentImage": "C:\\HOST\\USER\\svchost.exe",
          "FileVersion": "10.0.26100.7019 (WinBuild.160101.0800)"
        }
      },
      "tags": [
        "beats_input_codec_plain_applied"
      ],
      "agent": {
        "type": "winlogbeat",
        "id": "e914dd33-e7be-4a91-b774-394d715855f5",
        "name": "HOST-REDACTED",
        "version": "9.3.2",
        "ephemeral_id": "b8267783-8d43-4086-8074-c2f96b9f9dae"
      },
      "event": {
        "kind": "event",
        "created": "2026-03-29T09:11:41.470Z",
        "action": "Process Create (rule: ProcessCreate)",
        "code": "1",
        "original": "Process Create:\nRuleName: -\nUtcTime: 2026-03-22 05:53:47.423\nProcessGuid: {GUID-REDACTED}\nProcessId: 7268\nImage: C:\\HOST\\USER\\wevtutil.exe\nFileVersion: 10.0.26100.7019 (WinBuild.160101.0800)\nDescription: Windows Event Log Utility\nProduct: Microsoft® Windows® Operating System\nCompany: Microsoft Corporation\nOriginalFileName: wevtutil.exe\nCommandLine: \"C:\\HOST\\USER\\wevtutil.exe\" uninstall-manifest \"C:\\Program HOST\\USER\\HOST\\USER\" /unicode:true\nCurrentDirectory: C:\\HOST\\USER\\\nUser: NT HOST\\USER\nLogonGuid: {GUID-REDACTED}\nLogonId: 0x3e7\nTerminalSessionId: 0\nIntegrityLevel: System\nHashes: SHA256=3C4C4FE2FC5590A6AF5E5F73B7277DA8785695E6A131D255943A88E43CDD2A6A\nParentProcessGuid: {GUID-REDACTED}\nParentProcessId: 3948\nParentImage: C:\\HOST\\USER\\svchost.exe\nParentCommandLine: C:\\HOST\\USER\\svchost.exe -k wsappx -p -s AppXSvc\nParentUser: NT HOST\\USER",
        "provider": "Microsoft-Windows-Sysmon"
      }
    },
    "parsed_type": "sysmon",
    "event_type_name": "ProcessCreate",
    "process_guid": "{GUID-REDACTED}",
    "process_id": "7268",
    "image": "C:\\HOST\\USER\\wevtutil.exe",
    "command_line": "\"C:\\HOST\\USER\\wevtutil.exe\" uninstall-manifest \"C:\\Program HOST\\USER\\HOST\\USER\" /unicode:true",
    "current_directory": "C:\\HOST\\USER\\",
    "user": "USER-REDACTED",
    "logon_guid": "{GUID-REDACTED}",
    "logon_id": "0x3e7",
    "terminal_session_id": "0",
    "integrity_level": "System",
    "hashes": "SHA256=3C4C4FE2FC5590A6AF5E5F73B7277DA8785695E6A131D255943A88E43CDD2A6A",
    "parent_process_guid": "{GUID-REDACTED}",
    "parent_process_id": "3948",
    "parent_image": "C:\\HOST\\USER\\svchost.exe",
    "parent_command_line": "C:\\HOST\\USER\\svchost.exe -k wsappx -p -s AppXSvc",
    "target_filename": null,
    "creation_utc_time": null,
    "destination_ip": null,
    "destination_port": null,
    "source_ip": null,
    "source_port": null,
    "protocol": null,
    "target_object": null,
    "details": null
  },
