  {
    "timestamp": "2026-03-22T05:55:23.507Z",
    "message": "Process Create:\nRuleName: -\nUtcTime: 2026-03-22 05:55:23.504\nProcessGuid: {GUID-REDACTED}\nProcessId: 6588\nImage: C:\\Program Files (x86)\\HOST\\USER\\HOST\\USER\nFileVersion: 146.0.3856.72\nDescription: Microsoft Edge\nProduct: Microsoft Edge\nCompany: Microsoft Corporation\nOriginalFileName: msedge.exe\nCommandLine: \"C:\\Program Files (x86)\\HOST\\USER\\HOST\\USER\" --type=utility --utility-sub-type=edge_search_indexer.mojom.SearchIndexerInterfaceBroker --lang=ko --service-sandbox-type=search_indexer --message-loop-type-ui --subproc-heap-profiling --ram-no-pressure-read-main-dll --metrics-shmem-handle=9232,i,5031888748067305909,6612433300231764048,524288 --field-trial-handle=1944,i,6324594288914619557,2372490712003491785,262144 --variations-seed-version --pseudonymization-salt-handle=1948,i,17021774890588888239,10672913660663146149,4 --trace-process-track-uuid=3190709018171294360 --mojo-platform-channel-handle=9224 /prefetch:14\nCurrentDirectory: C:\\Program Files (x86)\\HOST\\USER\\\nUser: HOST\\USER\nLogonGuid: {GUID-REDACTED}\nLogonId: 0x22f6e2\nTerminalSessionId: 2\nIntegrityLevel: Low\nHashes: SHA256=4698F981ED8DF8F58DD4069324710C12333D01636579D14D23557D14147EB5A2\nParentProcessGuid: {GUID-REDACTED}\nParentProcessId: 7620\nParentImage: C:\\Program Files (x86)\\HOST\\USER\\HOST\\USER\nParentCommandLine: \"C:\\Program Files (x86)\\HOST\\USER\\HOST\\USER\" --no-startup-window\nParentUser: HOST\\USER",
    "event_code": "1",
    "event_action": "Process Create (rule: ProcessCreate)",
    "event_kind": "event",
    "provider": "Microsoft-Windows-Sysmon",
    "channel": "Microsoft-Windows-Sysmon/Operational",
    "event_id": "1",
    "record_id": 310,
    "computer_name": "HOST-REDACTED",
    "provider_name": "Microsoft-Windows-Sysmon",
    "log_level": "information",
    "host_name": "HOST-REDACTED",
    "host_hostname": "HOST-REDACTED",
    "host_os": "Windows 11 Pro",
    "agent_type": "winlogbeat",
    "agent_version": "9.3.2",
    "process_pid": 1596,
    "raw_event_data": {
      "CurrentDirectory": "C:\\Program Files (x86)\\HOST\\USER\\",
      "LogonGuid": "{GUID-REDACTED}",
      "Image": "C:\\Program Files (x86)\\HOST\\USER\\HOST\\USER",
      "ParentProcessGuid": "{GUID-REDACTED}",
      "UtcTime": "2026-03-22 05:55:23.504",
      "ParentCommandLine": "\"C:\\Program Files (x86)\\HOST\\USER\\HOST\\USER\" --no-startup-window",
      "RuleName": "-",
      "ParentUser": "HOST\\USER",
      "Product": "Microsoft Edge",
      "ParentProcessId": "7620",
      "ProcessId": "6588",
      "LogonId": "0x22f6e2",
      "ProcessGuid": "{GUID-REDACTED}",
      "TerminalSessionId": "2",
      "Hashes": "SHA256=4698F981ED8DF8F58DD4069324710C12333D01636579D14D23557D14147EB5A2",
      "OriginalFileName": "msedge.exe",
      "IntegrityLevel": "Low",
      "Company": "Microsoft Corporation",
      "User": "USER-REDACTED",
      "CommandLine": "\"C:\\Program Files (x86)\\HOST\\USER\\HOST\\USER\" --type=utility --utility-sub-type=edge_search_indexer.mojom.SearchIndexerInterfaceBroker --lang=ko --service-sandbox-type=search_indexer --message-loop-type-ui --subproc-heap-profiling --ram-no-pressure-read-main-dll --metrics-shmem-handle=9232,i,5031888748067305909,6612433300231764048,524288 --field-trial-handle=1944,i,6324594288914619557,2372490712003491785,262144 --variations-seed-version --pseudonymization-salt-handle=1948,i,17021774890588888239,10672913660663146149,4 --trace-process-track-uuid=3190709018171294360 --mojo-platform-channel-handle=9224 /prefetch:14",
      "Description": "Microsoft Edge",
      "ParentImage": "C:\\Program Files (x86)\\HOST\\USER\\HOST\\USER",
      "FileVersion": "146.0.3856.72"
    },
    "raw": {
      "@timestamp": "2026-03-22T05:55:23.507Z",
      "ecs": {
        "version": "8.0.0"
      },
      "message": "Process Create:\nRuleName: -\nUtcTime: 2026-03-22 05:55:23.504\nProcessGuid: {GUID-REDACTED}\nProcessId: 6588\nImage: C:\\Program Files (x86)\\HOST\\USER\\HOST\\USER\nFileVersion: 146.0.3856.72\nDescription: Microsoft Edge\nProduct: Microsoft Edge\nCompany: Microsoft Corporation\nOriginalFileName: msedge.exe\nCommandLine: \"C:\\Program Files (x86)\\HOST\\USER\\HOST\\USER\" --type=utility --utility-sub-type=edge_search_indexer.mojom.SearchIndexerInterfaceBroker --lang=ko --service-sandbox-type=search_indexer --message-loop-type-ui --subproc-heap-profiling --ram-no-pressure-read-main-dll --metrics-shmem-handle=9232,i,5031888748067305909,6612433300231764048,524288 --field-trial-handle=1944,i,6324594288914619557,2372490712003491785,262144 --variations-seed-version --pseudonymization-salt-handle=1948,i,17021774890588888239,10672913660663146149,4 --trace-process-track-uuid=3190709018171294360 --mojo-platform-channel-handle=9224 /prefetch:14\nCurrentDirectory: C:\\Program Files (x86)\\HOST\\USER\\\nUser: HOST\\USER\nLogonGuid: {GUID-REDACTED}\nLogonId: 0x22f6e2\nTerminalSessionId: 2\nIntegrityLevel: Low\nHashes: SHA256=4698F981ED8DF8F58DD4069324710C12333D01636579D14D23557D14147EB5A2\nParentProcessGuid: {GUID-REDACTED}\nParentProcessId: 7620\nParentImage: C:\\Program Files (x86)\\HOST\\USER\\HOST\\USER\nParentCommandLine: \"C:\\Program Files (x86)\\HOST\\USER\\HOST\\USER\" --no-startup-window\nParentUser: HOST\\USER",
      "log": {
        "level": "information"
      },
      "host": {
        "architecture": "x86_64",
        "name": "HOST-REDACTED",
        "ip": [
          "fe80::1eac:376c:1bd5:f979",
          "IP-REDACTED"
        ],
        "os": {
          "type": "windows",
          "name": "Windows 11 Pro",
          "kernel": "10.0.26100.8036 (WinBuild.160101.0800)",
          "version": "10.0",
          "family": "windows",
          "build": "26200.8037",
          "platform": "windows"
        },
        "id": "4c1ea299-cc74-49b5-ac0a-1138d9d08387",
        "mac": [
          "MAC-REDACTED"
        ],
        "hostname": "HOST-REDACTED"
      },
      "@version": "1",
      "winlog": {
        "version": 5,
        "user": {
          "type": "Well Known Group",
          "name": "SYSTEM",
          "domain": "NT AUTHORITY",
          "identifier": "S-1-5-XX-REDACTED"
        },
        "event_id": "1",
        "record_id": 310,
        "provider_guid": "{GUID-REDACTED}",
        "channel": "Microsoft-Windows-Sysmon/Operational",
        "task": "Process Create (rule: ProcessCreate)",
        "opcode": "Info",
        "process": {
          "thread": {
            "id": 1304
          },
          "pid": 1596
        },
        "computer_name": "HOST-REDACTED",
        "provider_name": "Microsoft-Windows-Sysmon",
        "event_data": {
          "CurrentDirectory": "C:\\Program Files (x86)\\HOST\\USER\\",
          "LogonGuid": "{GUID-REDACTED}",
          "Image": "C:\\Program Files (x86)\\HOST\\USER\\HOST\\USER",
          "ParentProcessGuid": "{GUID-REDACTED}",
          "UtcTime": "2026-03-22 05:55:23.504",
          "ParentCommandLine": "\"C:\\Program Files (x86)\\HOST\\USER\\HOST\\USER\" --no-startup-window",
          "RuleName": "-",
          "ParentUser": "HOST\\USER",
          "Product": "Microsoft Edge",
          "ParentProcessId": "7620",
          "ProcessId": "6588",
          "LogonId": "0x22f6e2",
          "ProcessGuid": "{GUID-REDACTED}",
          "TerminalSessionId": "2",
          "Hashes": "SHA256=4698F981ED8DF8F58DD4069324710C12333D01636579D14D23557D14147EB5A2",
          "OriginalFileName": "msedge.exe",
          "IntegrityLevel": "Low",
          "Company": "Microsoft Corporation",
          "User": "USER-REDACTED",
          "CommandLine": "\"C:\\Program Files (x86)\\HOST\\USER\\HOST\\USER\" --type=utility --utility-sub-type=edge_search_indexer.mojom.SearchIndexerInterfaceBroker --lang=ko --service-sandbox-type=search_indexer --message-loop-type-ui --subproc-heap-profiling --ram-no-pressure-read-main-dll --metrics-shmem-handle=9232,i,5031888748067305909,6612433300231764048,524288 --field-trial-handle=1944,i,6324594288914619557,2372490712003491785,262144 --variations-seed-version --pseudonymization-salt-handle=1948,i,17021774890588888239,10672913660663146149,4 --trace-process-track-uuid=3190709018171294360 --mojo-platform-channel-handle=9224 /prefetch:14",
          "Description": "Microsoft Edge",
          "ParentImage": "C:\\Program Files (x86)\\HOST\\USER\\HOST\\USER",
          "FileVersion": "146.0.3856.72"
        }
      },
      "tags": [
        "beats_input_codec_plain_applied"
      ],
      "agent": {
        "type": "winlogbeat",
        "version": "9.3.2",
        "id": "e914dd33-e7be-4a91-b774-394d715855f5",
        "ephemeral_id": "b8267783-8d43-4086-8074-c2f96b9f9dae",
        "name": "HOST-REDACTED"
      },
      "event": {
        "kind": "event",
        "created": "2026-03-29T09:11:41.471Z",
        "action": "Process Create (rule: ProcessCreate)",
        "code": "1",
        "original": "Process Create:\nRuleName: -\nUtcTime: 2026-03-22 05:55:23.504\nProcessGuid: {GUID-REDACTED}\nProcessId: 6588\nImage: C:\\Program Files (x86)\\HOST\\USER\\HOST\\USER\nFileVersion: 146.0.3856.72\nDescription: Microsoft Edge\nProduct: Microsoft Edge\nCompany: Microsoft Corporation\nOriginalFileName: msedge.exe\nCommandLine: \"C:\\Program Files (x86)\\HOST\\USER\\HOST\\USER\" --type=utility --utility-sub-type=edge_search_indexer.mojom.SearchIndexerInterfaceBroker --lang=ko --service-sandbox-type=search_indexer --message-loop-type-ui --subproc-heap-profiling --ram-no-pressure-read-main-dll --metrics-shmem-handle=9232,i,5031888748067305909,6612433300231764048,524288 --field-trial-handle=1944,i,6324594288914619557,2372490712003491785,262144 --variations-seed-version --pseudonymization-salt-handle=1948,i,17021774890588888239,10672913660663146149,4 --trace-process-track-uuid=3190709018171294360 --mojo-platform-channel-handle=9224 /prefetch:14\nCurrentDirectory: C:\\Program Files (x86)\\HOST\\USER\\\nUser: HOST\\USER\nLogonGuid: {GUID-REDACTED}\nLogonId: 0x22f6e2\nTerminalSessionId: 2\nIntegrityLevel: Low\nHashes: SHA256=4698F981ED8DF8F58DD4069324710C12333D01636579D14D23557D14147EB5A2\nParentProcessGuid: {GUID-REDACTED}\nParentProcessId: 7620\nParentImage: C:\\Program Files (x86)\\HOST\\USER\\HOST\\USER\nParentCommandLine: \"C:\\Program Files (x86)\\HOST\\USER\\HOST\\USER\" --no-startup-window\nParentUser: HOST\\USER",
        "provider": "Microsoft-Windows-Sysmon"
      }
    },
    "parsed_type": "sysmon",
    "event_type_name": "ProcessCreate",
    "process_guid": "{GUID-REDACTED}",
    "process_id": "6588",
    "image": "C:\\Program Files (x86)\\HOST\\USER\\HOST\\USER",
    "command_line": "\"C:\\Program Files (x86)\\HOST\\USER\\HOST\\USER\" --type=utility --utility-sub-type=edge_search_indexer.mojom.SearchIndexerInterfaceBroker --lang=ko --service-sandbox-type=search_indexer --message-loop-type-ui --subproc-heap-profiling --ram-no-pressure-read-main-dll --metrics-shmem-handle=9232,i,5031888748067305909,6612433300231764048,524288 --field-trial-handle=1944,i,6324594288914619557,2372490712003491785,262144 --variations-seed-version --pseudonymization-salt-handle=1948,i,17021774890588888239,10672913660663146149,4 --trace-process-track-uuid=3190709018171294360 --mojo-platform-channel-handle=9224 /prefetch:14",
    "current_directory": "C:\\Program Files (x86)\\HOST\\USER\\",
    "user": "USER-REDACTED",
    "logon_guid": "{GUID-REDACTED}",
    "logon_id": "0x22f6e2",
    "terminal_session_id": "2",
    "integrity_level": "Low",
    "hashes": "SHA256=4698F981ED8DF8F58DD4069324710C12333D01636579D14D23557D14147EB5A2",
    "parent_process_guid": "{GUID-REDACTED}",
    "parent_process_id": "7620",
    "parent_image": "C:\\Program Files (x86)\\HOST\\USER\\HOST\\USER",
    "parent_command_line": "\"C:\\Program Files (x86)\\HOST\\USER\\HOST\\USER\" --no-startup-window",
    "target_filename": null,
    "creation_utc_time": null,
    "destination_ip": null,
    "destination_port": null,
    "source_ip": null,
    "source_port": null,
    "protocol": null,
    "target_object": null,
    "details": null
  },
  {
    "timestamp": "2026-03-22T05:55:23.643Z",
    "message": "Process Create:\nRuleName: -\nUtcTime: 2026-03-22 05:55:23.641\nProcessGuid: {GUID-REDACTED}\nProcessId: 8364\nImage: C:\\HOST\\USER\\RuntimeBroker.exe\nFileVersion: 10.0.26100.7309 (WinBuild.160101.0800)\nDescription: Runtime Broker\nProduct: Microsoft® Windows® Operating System\nCompany: Microsoft Corporation\nOriginalFileName: RuntimeBroker.exe\nCommandLine: C:\\HOST\\USER\\RuntimeBroker.exe -Embedding\nCurrentDirectory: C:\\HOST\\USER\\\nUser: HOST\\USER\nLogonGuid: {GUID-REDACTED}\nLogonId: 0x22f6e2\nTerminalSessionId: 2\nIntegrityLevel: Medium\nHashes: SHA256=9D4571F9C93BC1CFA5F390D09EF79AC0A29656122A793CB6376027566B8D3121\nParentProcessGuid: {GUID-REDACTED}\nParentProcessId: 940\nParentImage: C:\\HOST\\USER\\svchost.exe\nParentCommandLine: C:\\HOST\\USER\\svchost.exe -k DcomLaunch -p\nParentUser: NT HOST\\USER",
    "event_code": "1",
    "event_action": "Process Create (rule: ProcessCreate)",
    "event_kind": "event",
    "provider": "Microsoft-Windows-Sysmon",
    "channel": "Microsoft-Windows-Sysmon/Operational",
    "event_id": "1",
    "record_id": 311,
    "computer_name": "HOST-REDACTED",
    "provider_name": "Microsoft-Windows-Sysmon",
    "log_level": "information",
    "host_name": "HOST-REDACTED",
    "host_hostname": "HOST-REDACTED",
    "host_os": "Windows 11 Pro",
    "agent_type": "winlogbeat",
    "agent_version": "9.3.2",
    "process_pid": 1596,
    "raw_event_data": {
      "CurrentDirectory": "C:\\HOST\\USER\\",
      "LogonGuid": "{GUID-REDACTED}",
      "Image": "C:\\HOST\\USER\\RuntimeBroker.exe",
      "ParentProcessGuid": "{GUID-REDACTED}",
      "UtcTime": "2026-03-22 05:55:23.641",
      "ParentCommandLine": "C:\\HOST\\USER\\svchost.exe -k DcomLaunch -p",
      "RuleName": "-",
      "ParentUser": "NT HOST\\USER",
      "Product": "Microsoft® Windows® Operating System",
      "ParentProcessId": "940",
      "ProcessId": "8364",
      "LogonId": "0x22f6e2",
      "ProcessGuid": "{GUID-REDACTED}",
      "TerminalSessionId": "2",
      "Hashes": "SHA256=9D4571F9C93BC1CFA5F390D09EF79AC0A29656122A793CB6376027566B8D3121",
      "OriginalFileName": "RuntimeBroker.exe",
      "IntegrityLevel": "Medium",
      "Company": "Microsoft Corporation",
      "User": "USER-REDACTED",
      "CommandLine": "C:\\HOST\\USER\\RuntimeBroker.exe -Embedding",
      "Description": "Runtime Broker",
      "ParentImage": "C:\\HOST\\USER\\svchost.exe",
      "FileVersion": "10.0.26100.7309 (WinBuild.160101.0800)"
    },
    "raw": {
      "@timestamp": "2026-03-22T05:55:23.643Z",
      "log": {
        "level": "information"
      },
      "message": "Process Create:\nRuleName: -\nUtcTime: 2026-03-22 05:55:23.641\nProcessGuid: {GUID-REDACTED}\nProcessId: 8364\nImage: C:\\HOST\\USER\\RuntimeBroker.exe\nFileVersion: 10.0.26100.7309 (WinBuild.160101.0800)\nDescription: Runtime Broker\nProduct: Microsoft® Windows® Operating System\nCompany: Microsoft Corporation\nOriginalFileName: RuntimeBroker.exe\nCommandLine: C:\\HOST\\USER\\RuntimeBroker.exe -Embedding\nCurrentDirectory: C:\\HOST\\USER\\\nUser: HOST\\USER\nLogonGuid: {GUID-REDACTED}\nLogonId: 0x22f6e2\nTerminalSessionId: 2\nIntegrityLevel: Medium\nHashes: SHA256=9D4571F9C93BC1CFA5F390D09EF79AC0A29656122A793CB6376027566B8D3121\nParentProcessGuid: {GUID-REDACTED}\nParentProcessId: 940\nParentImage: C:\\HOST\\USER\\svchost.exe\nParentCommandLine: C:\\HOST\\USER\\svchost.exe -k DcomLaunch -p\nParentUser: NT HOST\\USER",
      "ecs": {
        "version": "8.0.0"
      },
      "host": {
        "architecture": "x86_64",
        "name": "HOST-REDACTED",
        "id": "4c1ea299-cc74-49b5-ac0a-1138d9d08387",
        "os": {
          "type": "windows",
          "version": "10.0",
          "name": "Windows 11 Pro",
          "kernel": "10.0.26100.8036 (WinBuild.160101.0800)",
          "family": "windows",
          "build": "26200.8037",
          "platform": "windows"
        },
        "ip": [
          "fe80::1eac:376c:1bd5:f979",
          "IP-REDACTED"
        ],
        "mac": [
          "MAC-REDACTED"
        ],
        "hostname": "HOST-REDACTED"
      },
      "@version": "1",
      "winlog": {
        "version": 5,
        "user": {
          "type": "Well Known Group",
          "name": "SYSTEM",
          "domain": "NT AUTHORITY",
          "identifier": "S-1-5-XX-REDACTED"
        },
        "event_id": "1",
        "record_id": 311,
        "provider_guid": "{GUID-REDACTED}",
        "channel": "Microsoft-Windows-Sysmon/Operational",
        "task": "Process Create (rule: ProcessCreate)",
        "opcode": "Info",
        "computer_name": "HOST-REDACTED",
        "process": {
          "thread": {
            "id": 1304
          },
          "pid": 1596
        },
        "provider_name": "Microsoft-Windows-Sysmon",
        "event_data": {
          "CurrentDirectory": "C:\\HOST\\USER\\",
          "LogonGuid": "{GUID-REDACTED}",
          "Image": "C:\\HOST\\USER\\RuntimeBroker.exe",
          "ParentProcessGuid": "{GUID-REDACTED}",
          "UtcTime": "2026-03-22 05:55:23.641",
          "ParentCommandLine": "C:\\HOST\\USER\\svchost.exe -k DcomLaunch -p",
          "RuleName": "-",
          "ParentUser": "NT HOST\\USER",
          "Product": "Microsoft® Windows® Operating System",
          "ParentProcessId": "940",
          "ProcessId": "8364",
          "LogonId": "0x22f6e2",
          "ProcessGuid": "{GUID-REDACTED}",
          "TerminalSessionId": "2",
          "Hashes": "SHA256=9D4571F9C93BC1CFA5F390D09EF79AC0A29656122A793CB6376027566B8D3121",
          "OriginalFileName": "RuntimeBroker.exe",
          "IntegrityLevel": "Medium",
          "Company": "Microsoft Corporation",
          "User": "USER-REDACTED",
          "CommandLine": "C:\\HOST\\USER\\RuntimeBroker.exe -Embedding",
          "Description": "Runtime Broker",
          "ParentImage": "C:\\HOST\\USER\\svchost.exe",
          "FileVersion": "10.0.26100.7309 (WinBuild.160101.0800)"
        }
      },
      "tags": [
        "beats_input_codec_plain_applied"
      ],
      "agent": {
        "type": "winlogbeat",
        "id": "e914dd33-e7be-4a91-b774-394d715855f5",
        "name": "HOST-REDACTED",
        "ephemeral_id": "b8267783-8d43-4086-8074-c2f96b9f9dae",
        "version": "9.3.2"
      },
      "event": {
        "kind": "event",
        "created": "2026-03-29T09:11:41.471Z",
        "code": "1",
        "action": "Process Create (rule: ProcessCreate)",
        "original": "Process Create:\nRuleName: -\nUtcTime: 2026-03-22 05:55:23.641\nProcessGuid: {GUID-REDACTED}\nProcessId: 8364\nImage: C:\\HOST\\USER\\RuntimeBroker.exe\nFileVersion: 10.0.26100.7309 (WinBuild.160101.0800)\nDescription: Runtime Broker\nProduct: Microsoft® Windows® Operating System\nCompany: Microsoft Corporation\nOriginalFileName: RuntimeBroker.exe\nCommandLine: C:\\HOST\\USER\\RuntimeBroker.exe -Embedding\nCurrentDirectory: C:\\HOST\\USER\\\nUser: HOST\\USER\nLogonGuid: {GUID-REDACTED}\nLogonId: 0x22f6e2\nTerminalSessionId: 2\nIntegrityLevel: Medium\nHashes: SHA256=9D4571F9C93BC1CFA5F390D09EF79AC0A29656122A793CB6376027566B8D3121\nParentProcessGuid: {GUID-REDACTED}\nParentProcessId: 940\nParentImage: C:\\HOST\\USER\\svchost.exe\nParentCommandLine: C:\\HOST\\USER\\svchost.exe -k DcomLaunch -p\nParentUser: NT HOST\\USER",
        "provider": "Microsoft-Windows-Sysmon"
      }
    },
    "parsed_type": "sysmon",
    "event_type_name": "ProcessCreate",
    "process_guid": "{GUID-REDACTED}",
    "process_id": "8364",
    "image": "C:\\HOST\\USER\\RuntimeBroker.exe",
    "command_line": "C:\\HOST\\USER\\RuntimeBroker.exe -Embedding",
    "current_directory": "C:\\HOST\\USER\\",
    "user": "USER-REDACTED",
    "logon_guid": "{GUID-REDACTED}",
    "logon_id": "0x22f6e2",
    "terminal_session_id": "2",
    "integrity_level": "Medium",
    "hashes": "SHA256=9D4571F9C93BC1CFA5F390D09EF79AC0A29656122A793CB6376027566B8D3121",
    "parent_process_guid": "{GUID-REDACTED}",
    "parent_process_id": "940",
    "parent_image": "C:\\HOST\\USER\\svchost.exe",
    "parent_command_line": "C:\\HOST\\USER\\svchost.exe -k DcomLaunch -p",
    "target_filename": null,
    "creation_utc_time": null,
    "destination_ip": null,
    "destination_port": null,
    "source_ip": null,
    "source_port": null,
    "protocol": null,
    "target_object": null,
    "details": null
  },
  {
    "timestamp": "2026-03-22T05:55:28.244Z",
    "message": "Process Create:\nRuleName: -\nUtcTime: 2026-03-22 05:55:28.242\nProcessGuid: {GUID-REDACTED}\nProcessId: 1872\nImage: C:\\HOST\\USER\\rundll32.exe\nFileVersion: 10.0.26100.7309 (WinBuild.160101.0800)\nDescription: Windows host process (Rundll32)\nProduct: Microsoft® Windows® Operating System\nCompany: Microsoft Corporation\nOriginalFileName: RUNDLL32.EXE\nCommandLine: C:\\HOST\\USER\\rundll32.exe C:\\HOST\\USER\\AppXDeploymentExtensions.OneCore.dll,ShellRefresh\nCurrentDirectory: C:\\HOST\\USER\\\nUser: HOST\\USER\nLogonGuid: {GUID-REDACTED}\nLogonId: 0x22f6e2\nTerminalSessionId: 2\nIntegrityLevel: Medium\nHashes: SHA256=4193F529BFF2729769D82CB83EE206D2AF16C59208D6DC5CD8B54CD9C6703A11\nParentProcessGuid: {GUID-REDACTED}\nParentProcessId: 3948\nParentImage: C:\\HOST\\USER\\svchost.exe\nParentCommandLine: C:\\HOST\\USER\\svchost.exe -k wsappx -p -s AppXSvc\nParentUser: NT HOST\\USER",
    "event_code": "1",
    "event_action": "Process Create (rule: ProcessCreate)",
    "event_kind": "event",
    "provider": "Microsoft-Windows-Sysmon",
    "channel": "Microsoft-Windows-Sysmon/Operational",
    "event_id": "1",
    "record_id": 312,
    "computer_name": "HOST-REDACTED",
    "provider_name": "Microsoft-Windows-Sysmon",
    "log_level": "information",
    "host_name": "HOST-REDACTED",
    "host_hostname": "HOST-REDACTED",
    "host_os": "Windows 11 Pro",
    "agent_type": "winlogbeat",
    "agent_version": "9.3.2",
    "process_pid": 1596,
    "raw_event_data": {
      "CurrentDirectory": "C:\\HOST\\USER\\",
      "LogonGuid": "{GUID-REDACTED}",
      "Image": "C:\\HOST\\USER\\rundll32.exe",
      "ParentProcessGuid": "{GUID-REDACTED}",
      "UtcTime": "2026-03-22 05:55:28.242",
      "ParentCommandLine": "C:\\HOST\\USER\\svchost.exe -k wsappx -p -s AppXSvc",
      "RuleName": "-",
      "ParentUser": "NT HOST\\USER",
      "ParentProcessId": "3948",
      "Product": "Microsoft® Windows® Operating System",
      "ProcessId": "1872",
      "LogonId": "0x22f6e2",
      "ProcessGuid": "{GUID-REDACTED}",
      "TerminalSessionId": "2",
      "Hashes": "SHA256=4193F529BFF2729769D82CB83EE206D2AF16C59208D6DC5CD8B54CD9C6703A11",
      "OriginalFileName": "RUNDLL32.EXE",
      "IntegrityLevel": "Medium",
      "Company": "Microsoft Corporation",
      "User": "USER-REDACTED",
      "Description": "Windows host process (Rundll32)",
      "CommandLine": "C:\\HOST\\USER\\rundll32.exe C:\\HOST\\USER\\AppXDeploymentExtensions.OneCore.dll,ShellRefresh",
      "ParentImage": "C:\\HOST\\USER\\svchost.exe",
      "FileVersion": "10.0.26100.7309 (WinBuild.160101.0800)"
    },
    "raw": {
      "@timestamp": "2026-03-22T05:55:28.244Z",
      "log": {
        "level": "information"
      },
      "message": "Process Create:\nRuleName: -\nUtcTime: 2026-03-22 05:55:28.242\nProcessGuid: {GUID-REDACTED}\nProcessId: 1872\nImage: C:\\HOST\\USER\\rundll32.exe\nFileVersion: 10.0.26100.7309 (WinBuild.160101.0800)\nDescription: Windows host process (Rundll32)\nProduct: Microsoft® Windows® Operating System\nCompany: Microsoft Corporation\nOriginalFileName: RUNDLL32.EXE\nCommandLine: C:\\HOST\\USER\\rundll32.exe C:\\HOST\\USER\\AppXDeploymentExtensions.OneCore.dll,ShellRefresh\nCurrentDirectory: C:\\HOST\\USER\\\nUser: HOST\\USER\nLogonGuid: {GUID-REDACTED}\nLogonId: 0x22f6e2\nTerminalSessionId: 2\nIntegrityLevel: Medium\nHashes: SHA256=4193F529BFF2729769D82CB83EE206D2AF16C59208D6DC5CD8B54CD9C6703A11\nParentProcessGuid: {GUID-REDACTED}\nParentProcessId: 3948\nParentImage: C:\\HOST\\USER\\svchost.exe\nParentCommandLine: C:\\HOST\\USER\\svchost.exe -k wsappx -p -s AppXSvc\nParentUser: NT HOST\\USER",
      "host": {
        "architecture": "x86_64",
        "name": "HOST-REDACTED",
        "id": "4c1ea299-cc74-49b5-ac0a-1138d9d08387",
        "ip": [
          "fe80::1eac:376c:1bd5:f979",
          "IP-REDACTED"
        ],
        "os": {
          "type": "windows",
          "name": "Windows 11 Pro",
          "kernel": "10.0.26100.8036 (WinBuild.160101.0800)",
          "version": "10.0",
          "family": "windows",
          "build": "26200.8037",
          "platform": "windows"
        },
        "mac": [
          "MAC-REDACTED"
        ],
        "hostname": "HOST-REDACTED"
      },
      "ecs": {
        "version": "8.0.0"
      },
      "@version": "1",
      "winlog": {
        "version": 5,
        "user": {
          "type": "Well Known Group",
          "name": "SYSTEM",
          "domain": "NT AUTHORITY",
          "identifier": "S-1-5-XX-REDACTED"
        },
        "event_id": "1",
        "record_id": 312,
        "provider_guid": "{GUID-REDACTED}",
        "channel": "Microsoft-Windows-Sysmon/Operational",
        "task": "Process Create (rule: ProcessCreate)",
        "opcode": "Info",
        "process": {
          "thread": {
            "id": 1304
          },
          "pid": 1596
        },
        "computer_name": "HOST-REDACTED",
        "provider_name": "Microsoft-Windows-Sysmon",
        "event_data": {
          "CurrentDirectory": "C:\\HOST\\USER\\",
          "LogonGuid": "{GUID-REDACTED}",
          "Image": "C:\\HOST\\USER\\rundll32.exe",
          "ParentProcessGuid": "{GUID-REDACTED}",
          "UtcTime": "2026-03-22 05:55:28.242",
          "ParentCommandLine": "C:\\HOST\\USER\\svchost.exe -k wsappx -p -s AppXSvc",
          "RuleName": "-",
          "ParentUser": "NT HOST\\USER",
          "ParentProcessId": "3948",
          "Product": "Microsoft® Windows® Operating System",
          "ProcessId": "1872",
          "LogonId": "0x22f6e2",
          "ProcessGuid": "{GUID-REDACTED}",
          "TerminalSessionId": "2",
          "Hashes": "SHA256=4193F529BFF2729769D82CB83EE206D2AF16C59208D6DC5CD8B54CD9C6703A11",
          "OriginalFileName": "RUNDLL32.EXE",
          "IntegrityLevel": "Medium",
          "Company": "Microsoft Corporation",
          "User": "USER-REDACTED",
          "Description": "Windows host process (Rundll32)",
          "CommandLine": "C:\\HOST\\USER\\rundll32.exe C:\\HOST\\USER\\AppXDeploymentExtensions.OneCore.dll,ShellRefresh",
          "ParentImage": "C:\\HOST\\USER\\svchost.exe",
          "FileVersion": "10.0.26100.7309 (WinBuild.160101.0800)"
        }
      },
      "tags": [
        "beats_input_codec_plain_applied"
      ],
      "agent": {
        "type": "winlogbeat",
        "id": "e914dd33-e7be-4a91-b774-394d715855f5",
        "name": "HOST-REDACTED",
        "ephemeral_id": "b8267783-8d43-4086-8074-c2f96b9f9dae",
        "version": "9.3.2"
      },
      "event": {
        "kind": "event",
        "created": "2026-03-29T09:11:41.471Z",
        "code": "1",
        "action": "Process Create (rule: ProcessCreate)",
        "original": "Process Create:\nRuleName: -\nUtcTime: 2026-03-22 05:55:28.242\nProcessGuid: {GUID-REDACTED}\nProcessId: 1872\nImage: C:\\HOST\\USER\\rundll32.exe\nFileVersion: 10.0.26100.7309 (WinBuild.160101.0800)\nDescription: Windows host process (Rundll32)\nProduct: Microsoft® Windows® Operating System\nCompany: Microsoft Corporation\nOriginalFileName: RUNDLL32.EXE\nCommandLine: C:\\HOST\\USER\\rundll32.exe C:\\HOST\\USER\\AppXDeploymentExtensions.OneCore.dll,ShellRefresh\nCurrentDirectory: C:\\HOST\\USER\\\nUser: HOST\\USER\nLogonGuid: {GUID-REDACTED}\nLogonId: 0x22f6e2\nTerminalSessionId: 2\nIntegrityLevel: Medium\nHashes: SHA256=4193F529BFF2729769D82CB83EE206D2AF16C59208D6DC5CD8B54CD9C6703A11\nParentProcessGuid: {GUID-REDACTED}\nParentProcessId: 3948\nParentImage: C:\\HOST\\USER\\svchost.exe\nParentCommandLine: C:\\HOST\\USER\\svchost.exe -k wsappx -p -s AppXSvc\nParentUser: NT HOST\\USER",
        "provider": "Microsoft-Windows-Sysmon"
      }
    },
    "parsed_type": "sysmon",
    "event_type_name": "ProcessCreate",
    "process_guid": "{GUID-REDACTED}",
    "process_id": "1872",
    "image": "C:\\HOST\\USER\\rundll32.exe",
    "command_line": "C:\\HOST\\USER\\rundll32.exe C:\\HOST\\USER\\AppXDeploymentExtensions.OneCore.dll,ShellRefresh",
    "current_directory": "C:\\HOST\\USER\\",
    "user": "USER-REDACTED",
    "logon_guid": "{GUID-REDACTED}",
    "logon_id": "0x22f6e2",
    "terminal_session_id": "2",
    "integrity_level": "Medium",
    "hashes": "SHA256=4193F529BFF2729769D82CB83EE206D2AF16C59208D6DC5CD8B54CD9C6703A11",
    "parent_process_guid": "{GUID-REDACTED}",
    "parent_process_id": "3948",
    "parent_image": "C:\\HOST\\USER\\svchost.exe",
    "parent_command_line": "C:\\HOST\\USER\\svchost.exe -k wsappx -p -s AppXSvc",
    "target_filename": null,
    "creation_utc_time": null,
    "destination_ip": null,
    "destination_port": null,
    "source_ip": null,
    "source_port": null,
    "protocol": null,
    "target_object": null,
    "details": null
  },
  {
    "timestamp": "2026-03-22T05:55:29.496Z",
    "message": "Process Create:\nRuleName: -\nUtcTime: 2026-03-22 05:55:29.492\nProcessGuid: {GUID-REDACTED}\nProcessId: 9828\nImage: C:\\HOST\\USER\\UsoClient.exe\nFileVersion: 10.0.26100.7309 (WinBuild.160101.0800)\nDescription: UsoClient\nProduct: Microsoft® Windows® Operating System\nCompany: Microsoft Corporation\nOriginalFileName: UsoClient\nCommandLine: \"C:\\HOST\\USER\\usoclient.exe\" StartLXPBizCritUpdates OroIfNwQg0exDNxP.1\nCurrentDirectory: C:\\HOST\\USER\\\nUser: NT HOST\\USER\nLogonGuid: {GUID-REDACTED}\nLogonId: 0x3e7\nTerminalSessionId: 0\nIntegrityLevel: System\nHashes: SHA256=E0E39B5519C29787772C008887ACEA2E9A7BF51E85733BF471C1505F5A30979F\nParentProcessGuid: {GUID-REDACTED}\nParentProcessId: 1140\nParentImage: C:\\HOST\\USER\\HOST\\USER\nParentCommandLine: \"C:\\HOST\\USER\\HOST\\USER\" useprivatenamespaces\nParentUser: NT HOST\\USER",
    "event_code": "1",
    "event_action": "Process Create (rule: ProcessCreate)",
    "event_kind": "event",
    "provider": "Microsoft-Windows-Sysmon",
    "channel": "Microsoft-Windows-Sysmon/Operational",
    "event_id": "1",
    "record_id": 314,
    "computer_name": "HOST-REDACTED",
    "provider_name": "Microsoft-Windows-Sysmon",
    "log_level": "information",
    "host_name": "HOST-REDACTED",
    "host_hostname": "HOST-REDACTED",
    "host_os": "Windows 11 Pro",
    "agent_type": "winlogbeat",
    "agent_version": "9.3.2",
    "process_pid": 1596,
    "raw_event_data": {
      "CurrentDirectory": "C:\\HOST\\USER\\",
      "LogonGuid": "{GUID-REDACTED}",
      "Image": "C:\\HOST\\USER\\UsoClient.exe",
      "ParentProcessGuid": "{GUID-REDACTED}",
      "UtcTime": "2026-03-22 05:55:29.492",
      "ParentCommandLine": "\"C:\\HOST\\USER\\HOST\\USER\" useprivatenamespaces",
      "RuleName": "-",
      "ParentUser": "NT HOST\\USER",
      "ParentProcessId": "1140",
      "Product": "Microsoft® Windows® Operating System",
      "ProcessId": "9828",
      "LogonId": "0x3e7",
      "ProcessGuid": "{GUID-REDACTED}",
      "TerminalSessionId": "0",
      "Hashes": "SHA256=E0E39B5519C29787772C008887ACEA2E9A7BF51E85733BF471C1505F5A30979F",
      "OriginalFileName": "UsoClient",
      "IntegrityLevel": "System",
      "Company": "Microsoft Corporation",
      "User": "USER-REDACTED",
      "Description": "UsoClient",
      "CommandLine": "\"C:\\HOST\\USER\\usoclient.exe\" StartLXPBizCritUpdates OroIfNwQg0exDNxP.1",
      "ParentImage": "C:\\HOST\\USER\\HOST\\USER",
      "FileVersion": "10.0.26100.7309 (WinBuild.160101.0800)"
    },
    "raw": {
      "@timestamp": "2026-03-22T05:55:29.496Z",
      "ecs": {
        "version": "8.0.0"
      },
      "message": "Process Create:\nRuleName: -\nUtcTime: 2026-03-22 05:55:29.492\nProcessGuid: {GUID-REDACTED}\nProcessId: 9828\nImage: C:\\HOST\\USER\\UsoClient.exe\nFileVersion: 10.0.26100.7309 (WinBuild.160101.0800)\nDescription: UsoClient\nProduct: Microsoft® Windows® Operating System\nCompany: Microsoft Corporation\nOriginalFileName: UsoClient\nCommandLine: \"C:\\HOST\\USER\\usoclient.exe\" StartLXPBizCritUpdates OroIfNwQg0exDNxP.1\nCurrentDirectory: C:\\HOST\\USER\\\nUser: NT HOST\\USER\nLogonGuid: {GUID-REDACTED}\nLogonId: 0x3e7\nTerminalSessionId: 0\nIntegrityLevel: System\nHashes: SHA256=E0E39B5519C29787772C008887ACEA2E9A7BF51E85733BF471C1505F5A30979F\nParentProcessGuid: {GUID-REDACTED}\nParentProcessId: 1140\nParentImage: C:\\HOST\\USER\\HOST\\USER\nParentCommandLine: \"C:\\HOST\\USER\\HOST\\USER\" useprivatenamespaces\nParentUser: NT HOST\\USER",
      "log": {
        "level": "information"
      },
      "host": {
        "architecture": "x86_64",
        "id": "4c1ea299-cc74-49b5-ac0a-1138d9d08387",
        "ip": [
          "fe80::1eac:376c:1bd5:f979",
          "IP-REDACTED"
        ],
        "os": {
          "type": "windows",
          "version": "10.0",
          "name": "Windows 11 Pro",
          "kernel": "10.0.26100.8036 (WinBuild.160101.0800)",
          "family": "windows",
          "build": "26200.8037",
          "platform": "windows"
        },
        "name": "HOST-REDACTED",
        "mac": [
          "MAC-REDACTED"
        ],
        "hostname": "HOST-REDACTED"
      },
      "@version": "1",
      "winlog": {
        "version": 5,
        "user": {
          "type": "Well Known Group",
          "name": "SYSTEM",
          "domain": "NT AUTHORITY",
          "identifier": "S-1-5-XX-REDACTED"
        },
        "event_id": "1",
        "record_id": 314,
        "provider_guid": "{GUID-REDACTED}",
        "channel": "Microsoft-Windows-Sysmon/Operational",
        "task": "Process Create (rule: ProcessCreate)",
        "opcode": "Info",
        "process": {
          "thread": {
            "id": 1304
          },
          "pid": 1596
        },
        "computer_name": "HOST-REDACTED",
        "provider_name": "Microsoft-Windows-Sysmon",
        "event_data": {
          "CurrentDirectory": "C:\\HOST\\USER\\",
          "LogonGuid": "{GUID-REDACTED}",
          "Image": "C:\\HOST\\USER\\UsoClient.exe",
          "ParentProcessGuid": "{GUID-REDACTED}",
          "UtcTime": "2026-03-22 05:55:29.492",
          "ParentCommandLine": "\"C:\\HOST\\USER\\HOST\\USER\" useprivatenamespaces",
          "RuleName": "-",
          "ParentUser": "NT HOST\\USER",
          "ParentProcessId": "1140",
          "Product": "Microsoft® Windows® Operating System",
          "ProcessId": "9828",
          "LogonId": "0x3e7",
          "ProcessGuid": "{GUID-REDACTED}",
          "TerminalSessionId": "0",
          "Hashes": "SHA256=E0E39B5519C29787772C008887ACEA2E9A7BF51E85733BF471C1505F5A30979F",
          "OriginalFileName": "UsoClient",
          "IntegrityLevel": "System",
          "Company": "Microsoft Corporation",
          "User": "USER-REDACTED",
          "Description": "UsoClient",
          "CommandLine": "\"C:\\HOST\\USER\\usoclient.exe\" StartLXPBizCritUpdates OroIfNwQg0exDNxP.1",
          "ParentImage": "C:\\HOST\\USER\\HOST\\USER",
          "FileVersion": "10.0.26100.7309 (WinBuild.160101.0800)"
        }
      },
      "tags": [
        "beats_input_codec_plain_applied"
      ],
      "agent": {
        "type": "winlogbeat",
        "id": "e914dd33-e7be-4a91-b774-394d715855f5",
        "name": "HOST-REDACTED",
        "ephemeral_id": "b8267783-8d43-4086-8074-c2f96b9f9dae",
        "version": "9.3.2"
      },
      "event": {
        "kind": "event",
        "created": "2026-03-29T09:11:41.472Z",
        "action": "Process Create (rule: ProcessCreate)",
        "code": "1",
        "original": "Process Create:\nRuleName: -\nUtcTime: 2026-03-22 05:55:29.492\nProcessGuid: {GUID-REDACTED}\nProcessId: 9828\nImage: C:\\HOST\\USER\\UsoClient.exe\nFileVersion: 10.0.26100.7309 (WinBuild.160101.0800)\nDescription: UsoClient\nProduct: Microsoft® Windows® Operating System\nCompany: Microsoft Corporation\nOriginalFileName: UsoClient\nCommandLine: \"C:\\HOST\\USER\\usoclient.exe\" StartLXPBizCritUpdates OroIfNwQg0exDNxP.1\nCurrentDirectory: C:\\HOST\\USER\\\nUser: NT HOST\\USER\nLogonGuid: {GUID-REDACTED}\nLogonId: 0x3e7\nTerminalSessionId: 0\nIntegrityLevel: System\nHashes: SHA256=E0E39B5519C29787772C008887ACEA2E9A7BF51E85733BF471C1505F5A30979F\nParentProcessGuid: {GUID-REDACTED}\nParentProcessId: 1140\nParentImage: C:\\HOST\\USER\\HOST\\USER\nParentCommandLine: \"C:\\HOST\\USER\\HOST\\USER\" useprivatenamespaces\nParentUser: NT HOST\\USER",
        "provider": "Microsoft-Windows-Sysmon"
      }
    },
    "parsed_type": "sysmon",
    "event_type_name": "ProcessCreate",
    "process_guid": "{GUID-REDACTED}",
    "process_id": "9828",
    "image": "C:\\HOST\\USER\\UsoClient.exe",
    "command_line": "\"C:\\HOST\\USER\\usoclient.exe\" StartLXPBizCritUpdates OroIfNwQg0exDNxP.1",
    "current_directory": "C:\\HOST\\USER\\",
    "user": "USER-REDACTED",
    "logon_guid": "{GUID-REDACTED}",
    "logon_id": "0x3e7",
    "terminal_session_id": "0",
    "integrity_level": "System",
    "hashes": "SHA256=E0E39B5519C29787772C008887ACEA2E9A7BF51E85733BF471C1505F5A30979F",
    "parent_process_guid": "{GUID-REDACTED}",
    "parent_process_id": "1140",
    "parent_image": "C:\\HOST\\USER\\HOST\\USER",
    "parent_command_line": "\"C:\\HOST\\USER\\HOST\\USER\" useprivatenamespaces",
    "target_filename": null,
    "creation_utc_time": null,
    "destination_ip": null,
    "destination_port": null,
    "source_ip": null,
    "source_port": null,
    "protocol": null,
    "target_object": null,
    "details": null
  },
  {
    "timestamp": "2026-03-22T05:55:29.540Z",
    "message": "Process Create:\nRuleName: -\nUtcTime: 2026-03-22 05:55:29.538\nProcessGuid: {GUID-REDACTED}\nProcessId: 4288\nImage: C:\\HOST\\USER\\svchost.exe\nFileVersion: 10.0.26100.7705 (WinBuild.160101.0800)\nDescription: Host Process for Windows Services\nProduct: Microsoft® Windows® Operating System\nCompany: Microsoft Corporation\nOriginalFileName: svchost.exe\nCommandLine: C:\\HOST\\USER\\svchost.exe -k wusvcs -p -s WaaSMedicSvc\nCurrentDirectory: C:\\HOST\\USER\\\nUser: NT HOST\\USER\nLogonGuid: {GUID-REDACTED}\nLogonId: 0x3e7\nTerminalSessionId: 0\nIntegrityLevel: System\nHashes: SHA256=44FD6F9347CEED5798A25C47167F335EF085AE4648A81F775DD4BDC6240D8189\nParentProcessGuid: {GUID-REDACTED}\nParentProcessId: 788\nParentImage: C:\\HOST\\USER\\services.exe\nParentCommandLine: C:\\HOST\\USER\\services.exe\nParentUser: NT HOST\\USER",
    "event_code": "1",
    "event_action": "Process Create (rule: ProcessCreate)",
    "event_kind": "event",
    "provider": "Microsoft-Windows-Sysmon",
    "channel": "Microsoft-Windows-Sysmon/Operational",
    "event_id": "1",
    "record_id": 315,
    "computer_name": "HOST-REDACTED",
    "provider_name": "Microsoft-Windows-Sysmon",
    "log_level": "information",
    "host_name": "HOST-REDACTED",
    "host_hostname": "HOST-REDACTED",
    "host_os": "Windows 11 Pro",
    "agent_type": "winlogbeat",
    "agent_version": "9.3.2",
    "process_pid": 1596,
    "raw_event_data": {
      "CurrentDirectory": "C:\\HOST\\USER\\",
      "LogonGuid": "{GUID-REDACTED}",
      "Image": "C:\\HOST\\USER\\svchost.exe",
      "ParentProcessGuid": "{GUID-REDACTED}",
      "UtcTime": "2026-03-22 05:55:29.538",
      "ParentCommandLine": "C:\\HOST\\USER\\services.exe",
      "RuleName": "-",
      "ParentUser": "NT HOST\\USER",
      "ParentProcessId": "788",
      "Product": "Microsoft® Windows® Operating System",
      "ProcessId": "4288",
      "LogonId": "0x3e7",
      "ProcessGuid": "{GUID-REDACTED}",
      "TerminalSessionId": "0",
      "Hashes": "SHA256=44FD6F9347CEED5798A25C47167F335EF085AE4648A81F775DD4BDC6240D8189",
      "OriginalFileName": "svchost.exe",
      "IntegrityLevel": "System",
      "Company": "Microsoft Corporation",
      "User": "USER-REDACTED",
      "Description": "Host Process for Windows Services",
      "CommandLine": "C:\\HOST\\USER\\svchost.exe -k wusvcs -p -s WaaSMedicSvc",
      "ParentImage": "C:\\HOST\\USER\\services.exe",
      "FileVersion": "10.0.26100.7705 (WinBuild.160101.0800)"
    },
    "raw": {
      "@timestamp": "2026-03-22T05:55:29.540Z",
      "ecs": {
        "version": "8.0.0"
      },
      "message": "Process Create:\nRuleName: -\nUtcTime: 2026-03-22 05:55:29.538\nProcessGuid: {GUID-REDACTED}\nProcessId: 4288\nImage: C:\\HOST\\USER\\svchost.exe\nFileVersion: 10.0.26100.7705 (WinBuild.160101.0800)\nDescription: Host Process for Windows Services\nProduct: Microsoft® Windows® Operating System\nCompany: Microsoft Corporation\nOriginalFileName: svchost.exe\nCommandLine: C:\\HOST\\USER\\svchost.exe -k wusvcs -p -s WaaSMedicSvc\nCurrentDirectory: C:\\HOST\\USER\\\nUser: NT HOST\\USER\nLogonGuid: {GUID-REDACTED}\nLogonId: 0x3e7\nTerminalSessionId: 0\nIntegrityLevel: System\nHashes: SHA256=44FD6F9347CEED5798A25C47167F335EF085AE4648A81F775DD4BDC6240D8189\nParentProcessGuid: {GUID-REDACTED}\nParentProcessId: 788\nParentImage: C:\\HOST\\USER\\services.exe\nParentCommandLine: C:\\HOST\\USER\\services.exe\nParentUser: NT HOST\\USER",
      "log": {
        "level": "information"
      },
      "host": {
        "architecture": "x86_64",
        "name": "HOST-REDACTED",
        "ip": [
          "fe80::1eac:376c:1bd5:f979",
          "IP-REDACTED"
        ],
        "os": {
          "type": "windows",
          "version": "10.0",
          "name": "Windows 11 Pro",
          "kernel": "10.0.26100.8036 (WinBuild.160101.0800)",
          "family": "windows",
          "build": "26200.8037",
          "platform": "windows"
        },
        "id": "4c1ea299-cc74-49b5-ac0a-1138d9d08387",
        "mac": [
          "MAC-REDACTED"
        ],
        "hostname": "HOST-REDACTED"
      },
      "@version": "1",
      "winlog": {
        "version": 5,
        "user": {
          "type": "Well Known Group",
          "name": "SYSTEM",
          "domain": "NT AUTHORITY",
          "identifier": "S-1-5-XX-REDACTED"
        },
        "event_id": "1",
        "record_id": 315,
        "provider_guid": "{GUID-REDACTED}",
        "channel": "Microsoft-Windows-Sysmon/Operational",
        "task": "Process Create (rule: ProcessCreate)",
        "opcode": "Info",
        "process": {
          "thread": {
            "id": 1304
          },
          "pid": 1596
        },
        "computer_name": "HOST-REDACTED",
        "provider_name": "Microsoft-Windows-Sysmon",
        "event_data": {
          "CurrentDirectory": "C:\\HOST\\USER\\",
          "LogonGuid": "{GUID-REDACTED}",
          "Image": "C:\\HOST\\USER\\svchost.exe",
          "ParentProcessGuid": "{GUID-REDACTED}",
          "UtcTime": "2026-03-22 05:55:29.538",
          "ParentCommandLine": "C:\\HOST\\USER\\services.exe",
          "RuleName": "-",
          "ParentUser": "NT HOST\\USER",
          "ParentProcessId": "788",
          "Product": "Microsoft® Windows® Operating System",
          "ProcessId": "4288",
          "LogonId": "0x3e7",
          "ProcessGuid": "{GUID-REDACTED}",
          "TerminalSessionId": "0",
          "Hashes": "SHA256=44FD6F9347CEED5798A25C47167F335EF085AE4648A81F775DD4BDC6240D8189",
          "OriginalFileName": "svchost.exe",
          "IntegrityLevel": "System",
          "Company": "Microsoft Corporation",
          "User": "USER-REDACTED",
          "Description": "Host Process for Windows Services",
          "CommandLine": "C:\\HOST\\USER\\svchost.exe -k wusvcs -p -s WaaSMedicSvc",
          "ParentImage": "C:\\HOST\\USER\\services.exe",
          "FileVersion": "10.0.26100.7705 (WinBuild.160101.0800)"
        }
      },
      "tags": [
        "beats_input_codec_plain_applied"
      ],
      "agent": {
        "type": "winlogbeat",
        "id": "e914dd33-e7be-4a91-b774-394d715855f5",
        "name": "HOST-REDACTED",
        "ephemeral_id": "b8267783-8d43-4086-8074-c2f96b9f9dae",
        "version": "9.3.2"
      },
      "event": {
        "kind": "event",
        "created": "2026-03-29T09:11:41.472Z",
        "action": "Process Create (rule: ProcessCreate)",
        "code": "1",
        "original": "Process Create:\nRuleName: -\nUtcTime: 2026-03-22 05:55:29.538\nProcessGuid: {GUID-REDACTED}\nProcessId: 4288\nImage: C:\\HOST\\USER\\svchost.exe\nFileVersion: 10.0.26100.7705 (WinBuild.160101.0800)\nDescription: Host Process for Windows Services\nProduct: Microsoft® Windows® Operating System\nCompany: Microsoft Corporation\nOriginalFileName: svchost.exe\nCommandLine: C:\\HOST\\USER\\svchost.exe -k wusvcs -p -s WaaSMedicSvc\nCurrentDirectory: C:\\HOST\\USER\\\nUser: NT HOST\\USER\nLogonGuid: {GUID-REDACTED}\nLogonId: 0x3e7\nTerminalSessionId: 0\nIntegrityLevel: System\nHashes: SHA256=44FD6F9347CEED5798A25C47167F335EF085AE4648A81F775DD4BDC6240D8189\nParentProcessGuid: {GUID-REDACTED}\nParentProcessId: 788\nParentImage: C:\\HOST\\USER\\services.exe\nParentCommandLine: C:\\HOST\\USER\\services.exe\nParentUser: NT HOST\\USER",
        "provider": "Microsoft-Windows-Sysmon"
      }
    },
    "parsed_type": "sysmon",
    "event_type_name": "ProcessCreate",
    "process_guid": "{GUID-REDACTED}",
    "process_id": "4288",
    "image": "C:\\HOST\\USER\\svchost.exe",
    "command_line": "C:\\HOST\\USER\\svchost.exe -k wusvcs -p -s WaaSMedicSvc",
    "current_directory": "C:\\HOST\\USER\\",
    "user": "USER-REDACTED",
    "logon_guid": "{GUID-REDACTED}",
    "logon_id": "0x3e7",
    "terminal_session_id": "0",
    "integrity_level": "System",
    "hashes": "SHA256=44FD6F9347CEED5798A25C47167F335EF085AE4648A81F775DD4BDC6240D8189",
    "parent_process_guid": "{GUID-REDACTED}",
    "parent_process_id": "788",
    "parent_image": "C:\\HOST\\USER\\services.exe",
    "parent_command_line": "C:\\HOST\\USER\\services.exe",
    "target_filename": null,
    "creation_utc_time": null,
    "destination_ip": null,
    "destination_port": null,
    "source_ip": null,
    "source_port": null,
    "protocol": null,
    "target_object": null,
    "details": null
  },
