  {
    "timestamp": "2026-03-22T05:44:52.776Z",
    "message": "Process Create:\nRuleName: -\nUtcTime: 2026-03-22 05:44:52.773\nProcessGuid: {GUID-REDACTED}\nProcessId: 508\nImage: C:\\HOST\\USER\\backgroundTaskHost.exe\nFileVersion: 10.0.26100.1 (WinBuild.160101.0800)\nDescription: Background Task Host\nProduct: Microsoft® Windows® Operating System\nCompany: Microsoft Corporation\nOriginalFileName: backgroundTaskHost.exe\nCommandLine: \"C:\\HOST\\USER\\backgroundTaskHost.exe\" -ServerName:App.AppXmtcan0h2tfbfy7k9kn8hbxb6dmzz1zh0.mca\nCurrentDirectory: C:\\HOST\\USER\\Microsoft.Windows.ContentDeliveryManager_cw5n1h2txyewy\\\nUser: HOST\\USER\nLogonGuid: {GUID-REDACTED}\nLogonId: 0x22f6e2\nTerminalSessionId: 2\nIntegrityLevel: AppContainer\nHashes: SHA256=B7D2C17E0038945AA4B72AE7A89E54D29B04CCC0FEB62DF5C9B7B67DE43C2530\nParentProcessGuid: {GUID-REDACTED}\nParentProcessId: 940\nParentImage: C:\\HOST\\USER\\svchost.exe\nParentCommandLine: C:\\HOST\\USER\\svchost.exe -k DcomLaunch -p\nParentUser: NT HOST\\USER",
    "event_code": "1",
    "event_action": "Process Create (rule: ProcessCreate)",
    "event_kind": "event",
    "provider": "Microsoft-Windows-Sysmon",
    "channel": "Microsoft-Windows-Sysmon/Operational",
    "event_id": "1",
    "record_id": 13,
    "computer_name": "HOST-REDACTED",
    "provider_name": "Microsoft-Windows-Sysmon",
    "log_level": "information",
    "host_name": "HOST-REDACTED",
    "host_hostname": "HOST-REDACTED",
    "host_os": "Windows 11 Pro",
    "agent_type": "winlogbeat",
    "agent_version": "9.3.2",
    "process_pid": 1596,
    "raw_event_data": {
      "CurrentDirectory": "C:\\HOST\\USER\\Microsoft.Windows.ContentDeliveryManager_cw5n1h2txyewy\\",
      "LogonGuid": "{GUID-REDACTED}",
      "Image": "C:\\HOST\\USER\\backgroundTaskHost.exe",
      "UtcTime": "2026-03-22 05:44:52.773",
      "ParentProcessGuid": "{GUID-REDACTED}",
      "ParentCommandLine": "C:\\HOST\\USER\\svchost.exe -k DcomLaunch -p",
      "RuleName": "-",
      "ParentUser": "NT HOST\\USER",
      "Product": "Microsoft® Windows® Operating System",
      "ParentProcessId": "940",
      "ProcessId": "508",
      "LogonId": "0x22f6e2",
      "ProcessGuid": "{GUID-REDACTED}",
      "TerminalSessionId": "2",
      "Hashes": "SHA256=B7D2C17E0038945AA4B72AE7A89E54D29B04CCC0FEB62DF5C9B7B67DE43C2530",
      "OriginalFileName": "backgroundTaskHost.exe",
      "IntegrityLevel": "AppContainer",
      "Company": "Microsoft Corporation",
      "User": "USER-REDACTED",
      "Description": "Background Task Host",
      "CommandLine": "\"C:\\HOST\\USER\\backgroundTaskHost.exe\" -ServerName:App.AppXmtcan0h2tfbfy7k9kn8hbxb6dmzz1zh0.mca",
      "ParentImage": "C:\\HOST\\USER\\svchost.exe",
      "FileVersion": "10.0.26100.1 (WinBuild.160101.0800)"
    },
    "raw": {
      "@timestamp": "2026-03-22T05:44:52.776Z",
      "host": {
        "architecture": "x86_64",
        "name": "HOST-REDACTED",
        "id": "4c1ea299-cc74-49b5-ac0a-1138d9d08387",
        "os": {
          "type": "windows",
          "version": "10.0",
          "name": "Windows 11 Pro",
          "kernel": "10.0.26100.8036 (WinBuild.160101.0800)",
          "family": "windows",
          "build": "26200.8037",
          "platform": "windows"
        },
        "ip": [
          "fe80::1eac:376c:1bd5:f979",
          "IP-REDACTED"
        ],
        "mac": [
          "MAC-REDACTED"
        ],
        "hostname": "HOST-REDACTED"
      },
      "message": "Process Create:\nRuleName: -\nUtcTime: 2026-03-22 05:44:52.773\nProcessGuid: {GUID-REDACTED}\nProcessId: 508\nImage: C:\\HOST\\USER\\backgroundTaskHost.exe\nFileVersion: 10.0.26100.1 (WinBuild.160101.0800)\nDescription: Background Task Host\nProduct: Microsoft® Windows® Operating System\nCompany: Microsoft Corporation\nOriginalFileName: backgroundTaskHost.exe\nCommandLine: \"C:\\HOST\\USER\\backgroundTaskHost.exe\" -ServerName:App.AppXmtcan0h2tfbfy7k9kn8hbxb6dmzz1zh0.mca\nCurrentDirectory: C:\\HOST\\USER\\Microsoft.Windows.ContentDeliveryManager_cw5n1h2txyewy\\\nUser: HOST\\USER\nLogonGuid: {GUID-REDACTED}\nLogonId: 0x22f6e2\nTerminalSessionId: 2\nIntegrityLevel: AppContainer\nHashes: SHA256=B7D2C17E0038945AA4B72AE7A89E54D29B04CCC0FEB62DF5C9B7B67DE43C2530\nParentProcessGuid: {GUID-REDACTED}\nParentProcessId: 940\nParentImage: C:\\HOST\\USER\\svchost.exe\nParentCommandLine: C:\\HOST\\USER\\svchost.exe -k DcomLaunch -p\nParentUser: NT HOST\\USER",
      "ecs": {
        "version": "8.0.0"
      },
      "log": {
        "level": "information"
      },
      "@version": "1",
      "winlog": {
        "version": 5,
        "user": {
          "type": "Well Known Group",
          "name": "SYSTEM",
          "domain": "NT AUTHORITY",
          "identifier": "S-1-5-XX-REDACTED"
        },
        "event_id": "1",
        "record_id": 13,
        "provider_guid": "{GUID-REDACTED}",
        "channel": "Microsoft-Windows-Sysmon/Operational",
        "task": "Process Create (rule: ProcessCreate)",
        "opcode": "Info",
        "process": {
          "thread": {
            "id": 1304
          },
          "pid": 1596
        },
        "computer_name": "HOST-REDACTED",
        "provider_name": "Microsoft-Windows-Sysmon",
        "event_data": {
          "CurrentDirectory": "C:\\HOST\\USER\\Microsoft.Windows.ContentDeliveryManager_cw5n1h2txyewy\\",
          "LogonGuid": "{GUID-REDACTED}",
          "Image": "C:\\HOST\\USER\\backgroundTaskHost.exe",
          "UtcTime": "2026-03-22 05:44:52.773",
          "ParentProcessGuid": "{GUID-REDACTED}",
          "ParentCommandLine": "C:\\HOST\\USER\\svchost.exe -k DcomLaunch -p",
          "RuleName": "-",
          "ParentUser": "NT HOST\\USER",
          "Product": "Microsoft® Windows® Operating System",
          "ParentProcessId": "940",
          "ProcessId": "508",
          "LogonId": "0x22f6e2",
          "ProcessGuid": "{GUID-REDACTED}",
          "TerminalSessionId": "2",
          "Hashes": "SHA256=B7D2C17E0038945AA4B72AE7A89E54D29B04CCC0FEB62DF5C9B7B67DE43C2530",
          "OriginalFileName": "backgroundTaskHost.exe",
          "IntegrityLevel": "AppContainer",
          "Company": "Microsoft Corporation",
          "User": "USER-REDACTED",
          "Description": "Background Task Host",
          "CommandLine": "\"C:\\HOST\\USER\\backgroundTaskHost.exe\" -ServerName:App.AppXmtcan0h2tfbfy7k9kn8hbxb6dmzz1zh0.mca",
          "ParentImage": "C:\\HOST\\USER\\svchost.exe",
          "FileVersion": "10.0.26100.1 (WinBuild.160101.0800)"
        }
      },
      "tags": [
        "beats_input_codec_plain_applied"
      ],
      "agent": {
        "type": "winlogbeat",
        "version": "9.3.2",
        "id": "e914dd33-e7be-4a91-b774-394d715855f5",
        "ephemeral_id": "b8267783-8d43-4086-8074-c2f96b9f9dae",
        "name": "HOST-REDACTED"
      },
      "event": {
        "kind": "event",
        "created": "2026-03-29T09:11:41.445Z",
        "code": "1",
        "action": "Process Create (rule: ProcessCreate)",
        "original": "Process Create:\nRuleName: -\nUtcTime: 2026-03-22 05:44:52.773\nProcessGuid: {GUID-REDACTED}\nProcessId: 508\nImage: C:\\HOST\\USER\\backgroundTaskHost.exe\nFileVersion: 10.0.26100.1 (WinBuild.160101.0800)\nDescription: Background Task Host\nProduct: Microsoft® Windows® Operating System\nCompany: Microsoft Corporation\nOriginalFileName: backgroundTaskHost.exe\nCommandLine: \"C:\\HOST\\USER\\backgroundTaskHost.exe\" -ServerName:App.AppXmtcan0h2tfbfy7k9kn8hbxb6dmzz1zh0.mca\nCurrentDirectory: C:\\HOST\\USER\\Microsoft.Windows.ContentDeliveryManager_cw5n1h2txyewy\\\nUser: HOST\\USER\nLogonGuid: {GUID-REDACTED}\nLogonId: 0x22f6e2\nTerminalSessionId: 2\nIntegrityLevel: AppContainer\nHashes: SHA256=B7D2C17E0038945AA4B72AE7A89E54D29B04CCC0FEB62DF5C9B7B67DE43C2530\nParentProcessGuid: {GUID-REDACTED}\nParentProcessId: 940\nParentImage: C:\\HOST\\USER\\svchost.exe\nParentCommandLine: C:\\HOST\\USER\\svchost.exe -k DcomLaunch -p\nParentUser: NT HOST\\USER",
        "provider": "Microsoft-Windows-Sysmon"
      }
    },
    "parsed_type": "sysmon",
    "event_type_name": "ProcessCreate",
    "process_guid": "{GUID-REDACTED}",
    "process_id": "508",
    "image": "C:\\HOST\\USER\\backgroundTaskHost.exe",
    "command_line": "\"C:\\HOST\\USER\\backgroundTaskHost.exe\" -ServerName:App.AppXmtcan0h2tfbfy7k9kn8hbxb6dmzz1zh0.mca",
    "current_directory": "C:\\HOST\\USER\\Microsoft.Windows.ContentDeliveryManager_cw5n1h2txyewy\\",
    "user": "USER-REDACTED",
    "logon_guid": "{GUID-REDACTED}",
    "logon_id": "0x22f6e2",
    "terminal_session_id": "2",
    "integrity_level": "AppContainer",
    "hashes": "SHA256=B7D2C17E0038945AA4B72AE7A89E54D29B04CCC0FEB62DF5C9B7B67DE43C2530",
    "parent_process_guid": "{GUID-REDACTED}",
    "parent_process_id": "940",
    "parent_image": "C:\\HOST\\USER\\svchost.exe",
    "parent_command_line": "C:\\HOST\\USER\\svchost.exe -k DcomLaunch -p",
    "target_filename": null,
    "creation_utc_time": null,
    "destination_ip": null,
    "destination_port": null,
    "source_ip": null,
    "source_port": null,
    "protocol": null,
    "target_object": null,
    "details": null
  },
  {
    "timestamp": "2026-03-22T05:44:52.927Z",
    "message": "Process Create:\nRuleName: -\nUtcTime: 2026-03-22 05:44:52.922\nProcessGuid: {GUID-REDACTED}\nProcessId: 8872\nImage: C:\\HOST\\USER\\RuntimeBroker.exe\nFileVersion: 10.0.26100.7309 (WinBuild.160101.0800)\nDescription: Runtime Broker\nProduct: Microsoft® Windows® Operating System\nCompany: Microsoft Corporation\nOriginalFileName: RuntimeBroker.exe\nCommandLine: C:\\HOST\\USER\\RuntimeBroker.exe -Embedding\nCurrentDirectory: C:\\HOST\\USER\\\nUser: HOST\\USER\nLogonGuid: {GUID-REDACTED}\nLogonId: 0x22f6e2\nTerminalSessionId: 2\nIntegrityLevel: Medium\nHashes: SHA256=9D4571F9C93BC1CFA5F390D09EF79AC0A29656122A793CB6376027566B8D3121\nParentProcessGuid: {GUID-REDACTED}\nParentProcessId: 940\nParentImage: C:\\HOST\\USER\\svchost.exe\nParentCommandLine: C:\\HOST\\USER\\svchost.exe -k DcomLaunch -p\nParentUser: NT HOST\\USER",
    "event_code": "1",
    "event_action": "Process Create (rule: ProcessCreate)",
    "event_kind": "event",
    "provider": "Microsoft-Windows-Sysmon",
    "channel": "Microsoft-Windows-Sysmon/Operational",
    "event_id": "1",
    "record_id": 14,
    "computer_name": "HOST-REDACTED",
    "provider_name": "Microsoft-Windows-Sysmon",
    "log_level": "information",
    "host_name": "HOST-REDACTED",
    "host_hostname": "HOST-REDACTED",
    "host_os": "Windows 11 Pro",
    "agent_type": "winlogbeat",
    "agent_version": "9.3.2",
    "process_pid": 1596,
    "raw_event_data": {
      "CurrentDirectory": "C:\\HOST\\USER\\",
      "LogonGuid": "{GUID-REDACTED}",
      "Image": "C:\\HOST\\USER\\RuntimeBroker.exe",
      "ParentProcessGuid": "{GUID-REDACTED}",
      "UtcTime": "2026-03-22 05:44:52.922",
      "ParentCommandLine": "C:\\HOST\\USER\\svchost.exe -k DcomLaunch -p",
      "RuleName": "-",
      "ParentUser": "NT HOST\\USER",
      "ParentProcessId": "940",
      "Product": "Microsoft® Windows® Operating System",
      "ProcessId": "8872",
      "LogonId": "0x22f6e2",
      "ProcessGuid": "{GUID-REDACTED}",
      "TerminalSessionId": "2",
      "Hashes": "SHA256=9D4571F9C93BC1CFA5F390D09EF79AC0A29656122A793CB6376027566B8D3121",
      "OriginalFileName": "RuntimeBroker.exe",
      "IntegrityLevel": "Medium",
      "Company": "Microsoft Corporation",
      "User": "USER-REDACTED",
      "CommandLine": "C:\\HOST\\USER\\RuntimeBroker.exe -Embedding",
      "Description": "Runtime Broker",
      "ParentImage": "C:\\HOST\\USER\\svchost.exe",
      "FileVersion": "10.0.26100.7309 (WinBuild.160101.0800)"
    },
    "raw": {
      "@timestamp": "2026-03-22T05:44:52.927Z",
      "message": "Process Create:\nRuleName: -\nUtcTime: 2026-03-22 05:44:52.922\nProcessGuid: {GUID-REDACTED}\nProcessId: 8872\nImage: C:\\HOST\\USER\\RuntimeBroker.exe\nFileVersion: 10.0.26100.7309 (WinBuild.160101.0800)\nDescription: Runtime Broker\nProduct: Microsoft® Windows® Operating System\nCompany: Microsoft Corporation\nOriginalFileName: RuntimeBroker.exe\nCommandLine: C:\\HOST\\USER\\RuntimeBroker.exe -Embedding\nCurrentDirectory: C:\\HOST\\USER\\\nUser: HOST\\USER\nLogonGuid: {GUID-REDACTED}\nLogonId: 0x22f6e2\nTerminalSessionId: 2\nIntegrityLevel: Medium\nHashes: SHA256=9D4571F9C93BC1CFA5F390D09EF79AC0A29656122A793CB6376027566B8D3121\nParentProcessGuid: {GUID-REDACTED}\nParentProcessId: 940\nParentImage: C:\\HOST\\USER\\svchost.exe\nParentCommandLine: C:\\HOST\\USER\\svchost.exe -k DcomLaunch -p\nParentUser: NT HOST\\USER",
      "ecs": {
        "version": "8.0.0"
      },
      "log": {
        "level": "information"
      },
      "host": {
        "architecture": "x86_64",
        "name": "HOST-REDACTED",
        "id": "4c1ea299-cc74-49b5-ac0a-1138d9d08387",
        "os": {
          "type": "windows",
          "version": "10.0",
          "name": "Windows 11 Pro",
          "kernel": "10.0.26100.8036 (WinBuild.160101.0800)",
          "family": "windows",
          "build": "26200.8037",
          "platform": "windows"
        },
        "ip": [
          "fe80::1eac:376c:1bd5:f979",
          "IP-REDACTED"
        ],
        "mac": [
          "MAC-REDACTED"
        ],
        "hostname": "HOST-REDACTED"
      },
      "@version": "1",
      "winlog": {
        "version": 5,
        "user": {
          "type": "Well Known Group",
          "name": "SYSTEM",
          "domain": "NT AUTHORITY",
          "identifier": "S-1-5-XX-REDACTED"
        },
        "event_id": "1",
        "record_id": 14,
        "provider_guid": "{GUID-REDACTED}",
        "channel": "Microsoft-Windows-Sysmon/Operational",
        "task": "Process Create (rule: ProcessCreate)",
        "opcode": "Info",
        "computer_name": "HOST-REDACTED",
        "process": {
          "thread": {
            "id": 1304
          },
          "pid": 1596
        },
        "provider_name": "Microsoft-Windows-Sysmon",
        "event_data": {
          "CurrentDirectory": "C:\\HOST\\USER\\",
          "LogonGuid": "{GUID-REDACTED}",
          "Image": "C:\\HOST\\USER\\RuntimeBroker.exe",
          "ParentProcessGuid": "{GUID-REDACTED}",
          "UtcTime": "2026-03-22 05:44:52.922",
          "ParentCommandLine": "C:\\HOST\\USER\\svchost.exe -k DcomLaunch -p",
          "RuleName": "-",
          "ParentUser": "NT HOST\\USER",
          "ParentProcessId": "940",
          "Product": "Microsoft® Windows® Operating System",
          "ProcessId": "8872",
          "LogonId": "0x22f6e2",
          "ProcessGuid": "{GUID-REDACTED}",
          "TerminalSessionId": "2",
          "Hashes": "SHA256=9D4571F9C93BC1CFA5F390D09EF79AC0A29656122A793CB6376027566B8D3121",
          "OriginalFileName": "RuntimeBroker.exe",
          "IntegrityLevel": "Medium",
          "Company": "Microsoft Corporation",
          "User": "USER-REDACTED",
          "CommandLine": "C:\\HOST\\USER\\RuntimeBroker.exe -Embedding",
          "Description": "Runtime Broker",
          "ParentImage": "C:\\HOST\\USER\\svchost.exe",
          "FileVersion": "10.0.26100.7309 (WinBuild.160101.0800)"
        }
      },
      "tags": [
        "beats_input_codec_plain_applied"
      ],
      "agent": {
        "type": "winlogbeat",
        "version": "9.3.2",
        "id": "e914dd33-e7be-4a91-b774-394d715855f5",
        "ephemeral_id": "b8267783-8d43-4086-8074-c2f96b9f9dae",
        "name": "HOST-REDACTED"
      },
      "event": {
        "kind": "event",
        "created": "2026-03-29T09:11:41.447Z",
        "code": "1",
        "action": "Process Create (rule: ProcessCreate)",
        "original": "Process Create:\nRuleName: -\nUtcTime: 2026-03-22 05:44:52.922\nProcessGuid: {GUID-REDACTED}\nProcessId: 8872\nImage: C:\\HOST\\USER\\RuntimeBroker.exe\nFileVersion: 10.0.26100.7309 (WinBuild.160101.0800)\nDescription: Runtime Broker\nProduct: Microsoft® Windows® Operating System\nCompany: Microsoft Corporation\nOriginalFileName: RuntimeBroker.exe\nCommandLine: C:\\HOST\\USER\\RuntimeBroker.exe -Embedding\nCurrentDirectory: C:\\HOST\\USER\\\nUser: HOST\\USER\nLogonGuid: {GUID-REDACTED}\nLogonId: 0x22f6e2\nTerminalSessionId: 2\nIntegrityLevel: Medium\nHashes: SHA256=9D4571F9C93BC1CFA5F390D09EF79AC0A29656122A793CB6376027566B8D3121\nParentProcessGuid: {GUID-REDACTED}\nParentProcessId: 940\nParentImage: C:\\HOST\\USER\\svchost.exe\nParentCommandLine: C:\\HOST\\USER\\svchost.exe -k DcomLaunch -p\nParentUser: NT HOST\\USER",
        "provider": "Microsoft-Windows-Sysmon"
      }
    },
    "parsed_type": "sysmon",
    "event_type_name": "ProcessCreate",
    "process_guid": "{GUID-REDACTED}",
    "process_id": "8872",
    "image": "C:\\HOST\\USER\\RuntimeBroker.exe",
    "command_line": "C:\\HOST\\USER\\RuntimeBroker.exe -Embedding",
    "current_directory": "C:\\HOST\\USER\\",
    "user": "USER-REDACTED",
    "logon_guid": "{GUID-REDACTED}",
    "logon_id": "0x22f6e2",
    "terminal_session_id": "2",
    "integrity_level": "Medium",
    "hashes": "SHA256=9D4571F9C93BC1CFA5F390D09EF79AC0A29656122A793CB6376027566B8D3121",
    "parent_process_guid": "{GUID-REDACTED}",
    "parent_process_id": "940",
    "parent_image": "C:\\HOST\\USER\\svchost.exe",
    "parent_command_line": "C:\\HOST\\USER\\svchost.exe -k DcomLaunch -p",
    "target_filename": null,
    "creation_utc_time": null,
    "destination_ip": null,
    "destination_port": null,
    "source_ip": null,
    "source_port": null,
    "protocol": null,
    "target_object": null,
    "details": null
  },
  {
    "timestamp": "2026-03-22T05:44:53.242Z",
    "message": "Process Create:\nRuleName: -\nUtcTime: 2026-03-22 05:44:53.238\nProcessGuid: {GUID-REDACTED}\nProcessId: 2780\nImage: C:\\HOST\\USER\\svchost.exe\nFileVersion: 10.0.26100.7705 (WinBuild.160101.0800)\nDescription: Host Process for Windows Services\nProduct: Microsoft® Windows® Operating System\nCompany: Microsoft Corporation\nOriginalFileName: svchost.exe\nCommandLine: C:\\HOST\\USER\\svchost.exe -k netsvcs -p -s wlidsvc\nCurrentDirectory: C:\\HOST\\USER\\\nUser: NT HOST\\USER\nLogonGuid: {GUID-REDACTED}\nLogonId: 0x3e7\nTerminalSessionId: 0\nIntegrityLevel: System\nHashes: SHA256=44FD6F9347CEED5798A25C47167F335EF085AE4648A81F775DD4BDC6240D8189\nParentProcessGuid: {GUID-REDACTED}\nParentProcessId: 788\nParentImage: C:\\HOST\\USER\\services.exe\nParentCommandLine: C:\\HOST\\USER\\services.exe\nParentUser: NT HOST\\USER",
    "event_code": "1",
    "event_action": "Process Create (rule: ProcessCreate)",
    "event_kind": "event",
    "provider": "Microsoft-Windows-Sysmon",
    "channel": "Microsoft-Windows-Sysmon/Operational",
    "event_id": "1",
    "record_id": 15,
    "computer_name": "HOST-REDACTED",
    "provider_name": "Microsoft-Windows-Sysmon",
    "log_level": "information",
    "host_name": "HOST-REDACTED",
    "host_hostname": "HOST-REDACTED",
    "host_os": "Windows 11 Pro",
    "agent_type": "winlogbeat",
    "agent_version": "9.3.2",
    "process_pid": 1596,
    "raw_event_data": {
      "CurrentDirectory": "C:\\HOST\\USER\\",
      "LogonGuid": "{GUID-REDACTED}",
      "Image": "C:\\HOST\\USER\\svchost.exe",
      "ParentProcessGuid": "{GUID-REDACTED}",
      "UtcTime": "2026-03-22 05:44:53.238",
      "ParentCommandLine": "C:\\HOST\\USER\\services.exe",
      "RuleName": "-",
      "ParentUser": "NT HOST\\USER",
      "Product": "Microsoft® Windows® Operating System",
      "ParentProcessId": "788",
      "ProcessId": "2780",
      "LogonId": "0x3e7",
      "ProcessGuid": "{GUID-REDACTED}",
      "TerminalSessionId": "0",
      "Hashes": "SHA256=44FD6F9347CEED5798A25C47167F335EF085AE4648A81F775DD4BDC6240D8189",
      "OriginalFileName": "svchost.exe",
      "IntegrityLevel": "System",
      "Company": "Microsoft Corporation",
      "User": "USER-REDACTED",
      "Description": "Host Process for Windows Services",
      "CommandLine": "C:\\HOST\\USER\\svchost.exe -k netsvcs -p -s wlidsvc",
      "ParentImage": "C:\\HOST\\USER\\services.exe",
      "FileVersion": "10.0.26100.7705 (WinBuild.160101.0800)"
    },
    "raw": {
      "@timestamp": "2026-03-22T05:44:53.242Z",
      "message": "Process Create:\nRuleName: -\nUtcTime: 2026-03-22 05:44:53.238\nProcessGuid: {GUID-REDACTED}\nProcessId: 2780\nImage: C:\\HOST\\USER\\svchost.exe\nFileVersion: 10.0.26100.7705 (WinBuild.160101.0800)\nDescription: Host Process for Windows Services\nProduct: Microsoft® Windows® Operating System\nCompany: Microsoft Corporation\nOriginalFileName: svchost.exe\nCommandLine: C:\\HOST\\USER\\svchost.exe -k netsvcs -p -s wlidsvc\nCurrentDirectory: C:\\HOST\\USER\\\nUser: NT HOST\\USER\nLogonGuid: {GUID-REDACTED}\nLogonId: 0x3e7\nTerminalSessionId: 0\nIntegrityLevel: System\nHashes: SHA256=44FD6F9347CEED5798A25C47167F335EF085AE4648A81F775DD4BDC6240D8189\nParentProcessGuid: {GUID-REDACTED}\nParentProcessId: 788\nParentImage: C:\\HOST\\USER\\services.exe\nParentCommandLine: C:\\HOST\\USER\\services.exe\nParentUser: NT HOST\\USER",
      "ecs": {
        "version": "8.0.0"
      },
      "host": {
        "hostname": "HOST-REDACTED",
        "id": "4c1ea299-cc74-49b5-ac0a-1138d9d08387",
        "name": "HOST-REDACTED",
        "os": {
          "type": "windows",
          "name": "Windows 11 Pro",
          "kernel": "10.0.26100.8036 (WinBuild.160101.0800)",
          "version": "10.0",
          "family": "windows",
          "build": "26200.8037",
          "platform": "windows"
        },
        "ip": [
          "fe80::1eac:376c:1bd5:f979",
          "IP-REDACTED"
        ],
        "mac": [
          "MAC-REDACTED"
        ],
        "architecture": "x86_64"
      },
      "log": {
        "level": "information"
      },
      "@version": "1",
      "winlog": {
        "version": 5,
        "user": {
          "type": "Well Known Group",
          "name": "SYSTEM",
          "domain": "NT AUTHORITY",
          "identifier": "S-1-5-XX-REDACTED"
        },
        "event_id": "1",
        "record_id": 15,
        "provider_guid": "{GUID-REDACTED}",
        "channel": "Microsoft-Windows-Sysmon/Operational",
        "task": "Process Create (rule: ProcessCreate)",
        "opcode": "Info",
        "computer_name": "HOST-REDACTED",
        "process": {
          "thread": {
            "id": 1304
          },
          "pid": 1596
        },
        "provider_name": "Microsoft-Windows-Sysmon",
        "event_data": {
          "CurrentDirectory": "C:\\HOST\\USER\\",
          "LogonGuid": "{GUID-REDACTED}",
          "Image": "C:\\HOST\\USER\\svchost.exe",
          "ParentProcessGuid": "{GUID-REDACTED}",
          "UtcTime": "2026-03-22 05:44:53.238",
          "ParentCommandLine": "C:\\HOST\\USER\\services.exe",
          "RuleName": "-",
          "ParentUser": "NT HOST\\USER",
          "Product": "Microsoft® Windows® Operating System",
          "ParentProcessId": "788",
          "ProcessId": "2780",
          "LogonId": "0x3e7",
          "ProcessGuid": "{GUID-REDACTED}",
          "TerminalSessionId": "0",
          "Hashes": "SHA256=44FD6F9347CEED5798A25C47167F335EF085AE4648A81F775DD4BDC6240D8189",
          "OriginalFileName": "svchost.exe",
          "IntegrityLevel": "System",
          "Company": "Microsoft Corporation",
          "User": "USER-REDACTED",
          "Description": "Host Process for Windows Services",
          "CommandLine": "C:\\HOST\\USER\\svchost.exe -k netsvcs -p -s wlidsvc",
          "ParentImage": "C:\\HOST\\USER\\services.exe",
          "FileVersion": "10.0.26100.7705 (WinBuild.160101.0800)"
        }
      },
      "tags": [
        "beats_input_codec_plain_applied"
      ],
      "agent": {
        "type": "winlogbeat",
        "name": "HOST-REDACTED",
        "version": "9.3.2",
        "ephemeral_id": "b8267783-8d43-4086-8074-c2f96b9f9dae",
        "id": "e914dd33-e7be-4a91-b774-394d715855f5"
      },
      "event": {
        "kind": "event",
        "created": "2026-03-29T09:11:41.448Z",
        "code": "1",
        "action": "Process Create (rule: ProcessCreate)",
        "original": "Process Create:\nRuleName: -\nUtcTime: 2026-03-22 05:44:53.238\nProcessGuid: {GUID-REDACTED}\nProcessId: 2780\nImage: C:\\HOST\\USER\\svchost.exe\nFileVersion: 10.0.26100.7705 (WinBuild.160101.0800)\nDescription: Host Process for Windows Services\nProduct: Microsoft® Windows® Operating System\nCompany: Microsoft Corporation\nOriginalFileName: svchost.exe\nCommandLine: C:\\HOST\\USER\\svchost.exe -k netsvcs -p -s wlidsvc\nCurrentDirectory: C:\\HOST\\USER\\\nUser: NT HOST\\USER\nLogonGuid: {GUID-REDACTED}\nLogonId: 0x3e7\nTerminalSessionId: 0\nIntegrityLevel: System\nHashes: SHA256=44FD6F9347CEED5798A25C47167F335EF085AE4648A81F775DD4BDC6240D8189\nParentProcessGuid: {GUID-REDACTED}\nParentProcessId: 788\nParentImage: C:\\HOST\\USER\\services.exe\nParentCommandLine: C:\\HOST\\USER\\services.exe\nParentUser: NT HOST\\USER",
        "provider": "Microsoft-Windows-Sysmon"
      }
    },
    "parsed_type": "sysmon",
    "event_type_name": "ProcessCreate",
    "process_guid": "{GUID-REDACTED}",
    "process_id": "2780",
    "image": "C:\\HOST\\USER\\svchost.exe",
    "command_line": "C:\\HOST\\USER\\svchost.exe -k netsvcs -p -s wlidsvc",
    "current_directory": "C:\\HOST\\USER\\",
    "user": "USER-REDACTED",
    "logon_guid": "{GUID-REDACTED}",
    "logon_id": "0x3e7",
    "terminal_session_id": "0",
    "integrity_level": "System",
    "hashes": "SHA256=44FD6F9347CEED5798A25C47167F335EF085AE4648A81F775DD4BDC6240D8189",
    "parent_process_guid": "{GUID-REDACTED}",
    "parent_process_id": "788",
    "parent_image": "C:\\HOST\\USER\\services.exe",
    "parent_command_line": "C:\\HOST\\USER\\services.exe",
    "target_filename": null,
    "creation_utc_time": null,
    "destination_ip": null,
    "destination_port": null,
    "source_ip": null,
    "source_port": null,
    "protocol": null,
    "target_object": null,
    "details": null
  },
  {
    "timestamp": "2026-03-22T05:44:53.283Z",
    "message": "Process Create:\nRuleName: -\nUtcTime: 2026-03-22 05:44:53.277\nProcessGuid: {GUID-REDACTED}\nProcessId: 10856\nImage: C:\\HOST\\USER\\backgroundTaskHost.exe\nFileVersion: 10.0.26100.1 (WinBuild.160101.0800)\nDescription: Background Task Host\nProduct: Microsoft® Windows® Operating System\nCompany: Microsoft Corporation\nOriginalFileName: backgroundTaskHost.exe\nCommandLine: \"C:\\HOST\\USER\\BackgroundTaskHost.exe\" -ServerName:BackgroundTaskHost.WebAccountProvider\nCurrentDirectory: C:\\HOST\\USER\\Microsoft.AAD.BrokerPlugin_cw5n1h2txyewy\\\nUser: HOST\\USER\nLogonGuid: {GUID-REDACTED}\nLogonId: 0x22f6e2\nTerminalSessionId: 2\nIntegrityLevel: AppContainer\nHashes: SHA256=B7D2C17E0038945AA4B72AE7A89E54D29B04CCC0FEB62DF5C9B7B67DE43C2530\nParentProcessGuid: {GUID-REDACTED}\nParentProcessId: 940\nParentImage: C:\\HOST\\USER\\svchost.exe\nParentCommandLine: C:\\HOST\\USER\\svchost.exe -k DcomLaunch -p\nParentUser: NT HOST\\USER",
    "event_code": "1",
    "event_action": "Process Create (rule: ProcessCreate)",
    "event_kind": "event",
    "provider": "Microsoft-Windows-Sysmon",
    "channel": "Microsoft-Windows-Sysmon/Operational",
    "event_id": "1",
    "record_id": 16,
    "computer_name": "HOST-REDACTED",
    "provider_name": "Microsoft-Windows-Sysmon",
    "log_level": "information",
    "host_name": "HOST-REDACTED",
    "host_hostname": "HOST-REDACTED",
    "host_os": "Windows 11 Pro",
    "agent_type": "winlogbeat",
    "agent_version": "9.3.2",
    "process_pid": 1596,
    "raw_event_data": {
      "CurrentDirectory": "C:\\HOST\\USER\\Microsoft.AAD.BrokerPlugin_cw5n1h2txyewy\\",
      "LogonGuid": "{GUID-REDACTED}",
      "Image": "C:\\HOST\\USER\\backgroundTaskHost.exe",
      "UtcTime": "2026-03-22 05:44:53.277",
      "ParentProcessGuid": "{GUID-REDACTED}",
      "ParentCommandLine": "C:\\HOST\\USER\\svchost.exe -k DcomLaunch -p",
      "RuleName": "-",
      "ParentUser": "NT HOST\\USER",
      "Product": "Microsoft® Windows® Operating System",
      "ParentProcessId": "940",
      "ProcessId": "10856",
      "LogonId": "0x22f6e2",
      "ProcessGuid": "{GUID-REDACTED}",
      "TerminalSessionId": "2",
      "Hashes": "SHA256=B7D2C17E0038945AA4B72AE7A89E54D29B04CCC0FEB62DF5C9B7B67DE43C2530",
      "OriginalFileName": "backgroundTaskHost.exe",
      "IntegrityLevel": "AppContainer",
      "Company": "Microsoft Corporation",
      "User": "USER-REDACTED",
      "Description": "Background Task Host",
      "CommandLine": "\"C:\\HOST\\USER\\BackgroundTaskHost.exe\" -ServerName:BackgroundTaskHost.WebAccountProvider",
      "ParentImage": "C:\\HOST\\USER\\svchost.exe",
      "FileVersion": "10.0.26100.1 (WinBuild.160101.0800)"
    },
    "raw": {
      "@timestamp": "2026-03-22T05:44:53.283Z",
      "message": "Process Create:\nRuleName: -\nUtcTime: 2026-03-22 05:44:53.277\nProcessGuid: {GUID-REDACTED}\nProcessId: 10856\nImage: C:\\HOST\\USER\\backgroundTaskHost.exe\nFileVersion: 10.0.26100.1 (WinBuild.160101.0800)\nDescription: Background Task Host\nProduct: Microsoft® Windows® Operating System\nCompany: Microsoft Corporation\nOriginalFileName: backgroundTaskHost.exe\nCommandLine: \"C:\\HOST\\USER\\BackgroundTaskHost.exe\" -ServerName:BackgroundTaskHost.WebAccountProvider\nCurrentDirectory: C:\\HOST\\USER\\Microsoft.AAD.BrokerPlugin_cw5n1h2txyewy\\\nUser: HOST\\USER\nLogonGuid: {GUID-REDACTED}\nLogonId: 0x22f6e2\nTerminalSessionId: 2\nIntegrityLevel: AppContainer\nHashes: SHA256=B7D2C17E0038945AA4B72AE7A89E54D29B04CCC0FEB62DF5C9B7B67DE43C2530\nParentProcessGuid: {GUID-REDACTED}\nParentProcessId: 940\nParentImage: C:\\HOST\\USER\\svchost.exe\nParentCommandLine: C:\\HOST\\USER\\svchost.exe -k DcomLaunch -p\nParentUser: NT HOST\\USER",
      "ecs": {
        "version": "8.0.0"
      },
      "log": {
        "level": "information"
      },
      "host": {
        "architecture": "x86_64",
        "name": "HOST-REDACTED",
        "ip": [
          "fe80::1eac:376c:1bd5:f979",
          "IP-REDACTED"
        ],
        "os": {
          "type": "windows",
          "name": "Windows 11 Pro",
          "kernel": "10.0.26100.8036 (WinBuild.160101.0800)",
          "version": "10.0",
          "family": "windows",
          "build": "26200.8037",
          "platform": "windows"
        },
        "id": "4c1ea299-cc74-49b5-ac0a-1138d9d08387",
        "mac": [
          "MAC-REDACTED"
        ],
        "hostname": "HOST-REDACTED"
      },
      "@version": "1",
      "winlog": {
        "version": 5,
        "user": {
          "type": "Well Known Group",
          "name": "SYSTEM",
          "domain": "NT AUTHORITY",
          "identifier": "S-1-5-XX-REDACTED"
        },
        "event_id": "1",
        "record_id": 16,
        "provider_guid": "{GUID-REDACTED}",
        "channel": "Microsoft-Windows-Sysmon/Operational",
        "task": "Process Create (rule: ProcessCreate)",
        "opcode": "Info",
        "computer_name": "HOST-REDACTED",
        "process": {
          "thread": {
            "id": 1304
          },
          "pid": 1596
        },
        "provider_name": "Microsoft-Windows-Sysmon",
        "event_data": {
          "CurrentDirectory": "C:\\HOST\\USER\\Microsoft.AAD.BrokerPlugin_cw5n1h2txyewy\\",
          "LogonGuid": "{GUID-REDACTED}",
          "Image": "C:\\HOST\\USER\\backgroundTaskHost.exe",
          "UtcTime": "2026-03-22 05:44:53.277",
          "ParentProcessGuid": "{GUID-REDACTED}",
          "ParentCommandLine": "C:\\HOST\\USER\\svchost.exe -k DcomLaunch -p",
          "RuleName": "-",
          "ParentUser": "NT HOST\\USER",
          "Product": "Microsoft® Windows® Operating System",
          "ParentProcessId": "940",
          "ProcessId": "10856",
          "LogonId": "0x22f6e2",
          "ProcessGuid": "{GUID-REDACTED}",
          "TerminalSessionId": "2",
          "Hashes": "SHA256=B7D2C17E0038945AA4B72AE7A89E54D29B04CCC0FEB62DF5C9B7B67DE43C2530",
          "OriginalFileName": "backgroundTaskHost.exe",
          "IntegrityLevel": "AppContainer",
          "Company": "Microsoft Corporation",
          "User": "USER-REDACTED",
          "Description": "Background Task Host",
          "CommandLine": "\"C:\\HOST\\USER\\BackgroundTaskHost.exe\" -ServerName:BackgroundTaskHost.WebAccountProvider",
          "ParentImage": "C:\\HOST\\USER\\svchost.exe",
          "FileVersion": "10.0.26100.1 (WinBuild.160101.0800)"
        }
      },
      "tags": [
        "beats_input_codec_plain_applied"
      ],
      "agent": {
        "type": "winlogbeat",
        "version": "9.3.2",
        "id": "e914dd33-e7be-4a91-b774-394d715855f5",
        "ephemeral_id": "b8267783-8d43-4086-8074-c2f96b9f9dae",
        "name": "HOST-REDACTED"
      },
      "event": {
        "kind": "event",
        "created": "2026-03-29T09:11:41.448Z",
        "action": "Process Create (rule: ProcessCreate)",
        "code": "1",
        "original": "Process Create:\nRuleName: -\nUtcTime: 2026-03-22 05:44:53.277\nProcessGuid: {GUID-REDACTED}\nProcessId: 10856\nImage: C:\\HOST\\USER\\backgroundTaskHost.exe\nFileVersion: 10.0.26100.1 (WinBuild.160101.0800)\nDescription: Background Task Host\nProduct: Microsoft® Windows® Operating System\nCompany: Microsoft Corporation\nOriginalFileName: backgroundTaskHost.exe\nCommandLine: \"C:\\HOST\\USER\\BackgroundTaskHost.exe\" -ServerName:BackgroundTaskHost.WebAccountProvider\nCurrentDirectory: C:\\HOST\\USER\\Microsoft.AAD.BrokerPlugin_cw5n1h2txyewy\\\nUser: HOST\\USER\nLogonGuid: {GUID-REDACTED}\nLogonId: 0x22f6e2\nTerminalSessionId: 2\nIntegrityLevel: AppContainer\nHashes: SHA256=B7D2C17E0038945AA4B72AE7A89E54D29B04CCC0FEB62DF5C9B7B67DE43C2530\nParentProcessGuid: {GUID-REDACTED}\nParentProcessId: 940\nParentImage: C:\\HOST\\USER\\svchost.exe\nParentCommandLine: C:\\HOST\\USER\\svchost.exe -k DcomLaunch -p\nParentUser: NT HOST\\USER",
        "provider": "Microsoft-Windows-Sysmon"
      }
    },
    "parsed_type": "sysmon",
    "event_type_name": "ProcessCreate",
    "process_guid": "{GUID-REDACTED}",
    "process_id": "10856",
    "image": "C:\\HOST\\USER\\backgroundTaskHost.exe",
    "command_line": "\"C:\\HOST\\USER\\BackgroundTaskHost.exe\" -ServerName:BackgroundTaskHost.WebAccountProvider",
    "current_directory": "C:\\HOST\\USER\\Microsoft.AAD.BrokerPlugin_cw5n1h2txyewy\\",
    "user": "USER-REDACTED",
    "logon_guid": "{GUID-REDACTED}",
    "logon_id": "0x22f6e2",
    "terminal_session_id": "2",
    "integrity_level": "AppContainer",
    "hashes": "SHA256=B7D2C17E0038945AA4B72AE7A89E54D29B04CCC0FEB62DF5C9B7B67DE43C2530",
    "parent_process_guid": "{GUID-REDACTED}",
    "parent_process_id": "940",
    "parent_image": "C:\\HOST\\USER\\svchost.exe",
    "parent_command_line": "C:\\HOST\\USER\\svchost.exe -k DcomLaunch -p",
    "target_filename": null,
    "creation_utc_time": null,
    "destination_ip": null,
    "destination_port": null,
    "source_ip": null,
    "source_port": null,
    "protocol": null,
    "target_object": null,
    "details": null
  },
  {
    "timestamp": "2026-03-22T05:44:53.522Z",
    "message": "Process Create:\nRuleName: -\nUtcTime: 2026-03-22 05:44:53.521\nProcessGuid: {GUID-REDACTED}\nProcessId: 3988\nImage: C:\\HOST\\USER\\RuntimeBroker.exe\nFileVersion: 10.0.26100.7309 (WinBuild.160101.0800)\nDescription: Runtime Broker\nProduct: Microsoft® Windows® Operating System\nCompany: Microsoft Corporation\nOriginalFileName: RuntimeBroker.exe\nCommandLine: C:\\HOST\\USER\\RuntimeBroker.exe -Embedding\nCurrentDirectory: C:\\HOST\\USER\\\nUser: HOST\\USER\nLogonGuid: {GUID-REDACTED}\nLogonId: 0x22f6e2\nTerminalSessionId: 2\nIntegrityLevel: Medium\nHashes: SHA256=9D4571F9C93BC1CFA5F390D09EF79AC0A29656122A793CB6376027566B8D3121\nParentProcessGuid: {GUID-REDACTED}\nParentProcessId: 940\nParentImage: C:\\HOST\\USER\\svchost.exe\nParentCommandLine: C:\\HOST\\USER\\svchost.exe -k DcomLaunch -p\nParentUser: NT HOST\\USER",
    "event_code": "1",
    "event_action": "Process Create (rule: ProcessCreate)",
    "event_kind": "event",
    "provider": "Microsoft-Windows-Sysmon",
    "channel": "Microsoft-Windows-Sysmon/Operational",
    "event_id": "1",
    "record_id": 17,
    "computer_name": "HOST-REDACTED",
    "provider_name": "Microsoft-Windows-Sysmon",
    "log_level": "information",
    "host_name": "HOST-REDACTED",
    "host_hostname": "HOST-REDACTED",
    "host_os": "Windows 11 Pro",
    "agent_type": "winlogbeat",
    "agent_version": "9.3.2",
    "process_pid": 1596,
    "raw_event_data": {
      "CurrentDirectory": "C:\\HOST\\USER\\",
      "LogonGuid": "{GUID-REDACTED}",
      "Image": "C:\\HOST\\USER\\RuntimeBroker.exe",
      "ParentProcessGuid": "{GUID-REDACTED}",
      "UtcTime": "2026-03-22 05:44:53.521",
      "ParentCommandLine": "C:\\HOST\\USER\\svchost.exe -k DcomLaunch -p",
      "RuleName": "-",
      "ParentUser": "NT HOST\\USER",
      "ParentProcessId": "940",
      "Product": "Microsoft® Windows® Operating System",
      "ProcessId": "3988",
      "LogonId": "0x22f6e2",
      "ProcessGuid": "{GUID-REDACTED}",
      "TerminalSessionId": "2",
      "Hashes": "SHA256=9D4571F9C93BC1CFA5F390D09EF79AC0A29656122A793CB6376027566B8D3121",
      "OriginalFileName": "RuntimeBroker.exe",
      "IntegrityLevel": "Medium",
      "Company": "Microsoft Corporation",
      "User": "USER-REDACTED",
      "CommandLine": "C:\\HOST\\USER\\RuntimeBroker.exe -Embedding",
      "Description": "Runtime Broker",
      "ParentImage": "C:\\HOST\\USER\\svchost.exe",
      "FileVersion": "10.0.26100.7309 (WinBuild.160101.0800)"
    },
    "raw": {
      "@timestamp": "2026-03-22T05:44:53.522Z",
      "ecs": {
        "version": "8.0.0"
      },
      "message": "Process Create:\nRuleName: -\nUtcTime: 2026-03-22 05:44:53.521\nProcessGuid: {GUID-REDACTED}\nProcessId: 3988\nImage: C:\\HOST\\USER\\RuntimeBroker.exe\nFileVersion: 10.0.26100.7309 (WinBuild.160101.0800)\nDescription: Runtime Broker\nProduct: Microsoft® Windows® Operating System\nCompany: Microsoft Corporation\nOriginalFileName: RuntimeBroker.exe\nCommandLine: C:\\HOST\\USER\\RuntimeBroker.exe -Embedding\nCurrentDirectory: C:\\HOST\\USER\\\nUser: HOST\\USER\nLogonGuid: {GUID-REDACTED}\nLogonId: 0x22f6e2\nTerminalSessionId: 2\nIntegrityLevel: Medium\nHashes: SHA256=9D4571F9C93BC1CFA5F390D09EF79AC0A29656122A793CB6376027566B8D3121\nParentProcessGuid: {GUID-REDACTED}\nParentProcessId: 940\nParentImage: C:\\HOST\\USER\\svchost.exe\nParentCommandLine: C:\\HOST\\USER\\svchost.exe -k DcomLaunch -p\nParentUser: NT HOST\\USER",
      "log": {
        "level": "information"
      },
      "host": {
        "architecture": "x86_64",
        "name": "HOST-REDACTED",
        "ip": [
          "fe80::1eac:376c:1bd5:f979",
          "IP-REDACTED"
        ],
        "os": {
          "type": "windows",
          "name": "Windows 11 Pro",
          "kernel": "10.0.26100.8036 (WinBuild.160101.0800)",
          "version": "10.0",
          "family": "windows",
          "build": "26200.8037",
          "platform": "windows"
        },
        "id": "4c1ea299-cc74-49b5-ac0a-1138d9d08387",
        "mac": [
          "MAC-REDACTED"
        ],
        "hostname": "HOST-REDACTED"
      },
      "@version": "1",
      "winlog": {
        "version": 5,
        "user": {
          "type": "Well Known Group",
          "name": "SYSTEM",
          "domain": "NT AUTHORITY",
          "identifier": "S-1-5-XX-REDACTED"
        },
        "event_id": "1",
        "record_id": 17,
        "provider_guid": "{GUID-REDACTED}",
        "channel": "Microsoft-Windows-Sysmon/Operational",
        "task": "Process Create (rule: ProcessCreate)",
        "opcode": "Info",
        "process": {
          "thread": {
            "id": 1304
          },
          "pid": 1596
        },
        "computer_name": "HOST-REDACTED",
        "provider_name": "Microsoft-Windows-Sysmon",
        "event_data": {
          "CurrentDirectory": "C:\\HOST\\USER\\",
          "LogonGuid": "{GUID-REDACTED}",
          "Image": "C:\\HOST\\USER\\RuntimeBroker.exe",
          "ParentProcessGuid": "{GUID-REDACTED}",
          "UtcTime": "2026-03-22 05:44:53.521",
          "ParentCommandLine": "C:\\HOST\\USER\\svchost.exe -k DcomLaunch -p",
          "RuleName": "-",
          "ParentUser": "NT HOST\\USER",
          "ParentProcessId": "940",
          "Product": "Microsoft® Windows® Operating System",
          "ProcessId": "3988",
          "LogonId": "0x22f6e2",
          "ProcessGuid": "{GUID-REDACTED}",
          "TerminalSessionId": "2",
          "Hashes": "SHA256=9D4571F9C93BC1CFA5F390D09EF79AC0A29656122A793CB6376027566B8D3121",
          "OriginalFileName": "RuntimeBroker.exe",
          "IntegrityLevel": "Medium",
          "Company": "Microsoft Corporation",
          "User": "USER-REDACTED",
          "CommandLine": "C:\\HOST\\USER\\RuntimeBroker.exe -Embedding",
          "Description": "Runtime Broker",
          "ParentImage": "C:\\HOST\\USER\\svchost.exe",
          "FileVersion": "10.0.26100.7309 (WinBuild.160101.0800)"
        }
      },
      "tags": [
        "beats_input_codec_plain_applied"
      ],
      "agent": {
        "type": "winlogbeat",
        "id": "e914dd33-e7be-4a91-b774-394d715855f5",
        "name": "HOST-REDACTED",
        "version": "9.3.2",
        "ephemeral_id": "b8267783-8d43-4086-8074-c2f96b9f9dae"
      },
      "event": {
        "kind": "event",
        "created": "2026-03-29T09:11:41.448Z",
        "code": "1",
        "action": "Process Create (rule: ProcessCreate)",
        "original": "Process Create:\nRuleName: -\nUtcTime: 2026-03-22 05:44:53.521\nProcessGuid: {GUID-REDACTED}\nProcessId: 3988\nImage: C:\\HOST\\USER\\RuntimeBroker.exe\nFileVersion: 10.0.26100.7309 (WinBuild.160101.0800)\nDescription: Runtime Broker\nProduct: Microsoft® Windows® Operating System\nCompany: Microsoft Corporation\nOriginalFileName: RuntimeBroker.exe\nCommandLine: C:\\HOST\\USER\\RuntimeBroker.exe -Embedding\nCurrentDirectory: C:\\HOST\\USER\\\nUser: HOST\\USER\nLogonGuid: {GUID-REDACTED}\nLogonId: 0x22f6e2\nTerminalSessionId: 2\nIntegrityLevel: Medium\nHashes: SHA256=9D4571F9C93BC1CFA5F390D09EF79AC0A29656122A793CB6376027566B8D3121\nParentProcessGuid: {GUID-REDACTED}\nParentProcessId: 940\nParentImage: C:\\HOST\\USER\\svchost.exe\nParentCommandLine: C:\\HOST\\USER\\svchost.exe -k DcomLaunch -p\nParentUser: NT HOST\\USER",
        "provider": "Microsoft-Windows-Sysmon"
      }
    },
    "parsed_type": "sysmon",
    "event_type_name": "ProcessCreate",
    "process_guid": "{GUID-REDACTED}",
    "process_id": "3988",
    "image": "C:\\HOST\\USER\\RuntimeBroker.exe",
    "command_line": "C:\\HOST\\USER\\RuntimeBroker.exe -Embedding",
    "current_directory": "C:\\HOST\\USER\\",
    "user": "USER-REDACTED",
    "logon_guid": "{GUID-REDACTED}",
    "logon_id": "0x22f6e2",
    "terminal_session_id": "2",
    "integrity_level": "Medium",
    "hashes": "SHA256=9D4571F9C93BC1CFA5F390D09EF79AC0A29656122A793CB6376027566B8D3121",
    "parent_process_guid": "{GUID-REDACTED}",
    "parent_process_id": "940",
    "parent_image": "C:\\HOST\\USER\\svchost.exe",
    "parent_command_line": "C:\\HOST\\USER\\svchost.exe -k DcomLaunch -p",
    "target_filename": null,
    "creation_utc_time": null,
    "destination_ip": null,
    "destination_port": null,
    "source_ip": null,
    "source_port": null,
    "protocol": null,
    "target_object": null,
    "details": null
  },
