  {
    "timestamp": "2026-03-22T05:51:02.921Z",
    "message": "Process Create:\nRuleName: -\nUtcTime: 2026-03-22 05:51:02.917\nProcessGuid: {GUID-REDACTED}\nProcessId: 11012\nImage: C:\\HOST\\USER\\backgroundTaskHost.exe\nFileVersion: 10.0.26100.1 (WinBuild.160101.0800)\nDescription: Background Task Host\nProduct: Microsoft® Windows® Operating System\nCompany: Microsoft Corporation\nOriginalFileName: backgroundTaskHost.exe\nCommandLine: \"C:\\HOST\\USER\\backgroundTaskHost.exe\" -ServerName:App.AppXmtcan0h2tfbfy7k9kn8hbxb6dmzz1zh0.mca\nCurrentDirectory: C:\\HOST\\USER\\Microsoft.Windows.ContentDeliveryManager_cw5n1h2txyewy\\\nUser: HOST\\USER\nLogonGuid: {GUID-REDACTED}\nLogonId: 0x22f6e2\nTerminalSessionId: 2\nIntegrityLevel: AppContainer\nHashes: SHA256=B7D2C17E0038945AA4B72AE7A89E54D29B04CCC0FEB62DF5C9B7B67DE43C2530\nParentProcessGuid: {GUID-REDACTED}\nParentProcessId: 940\nParentImage: C:\\HOST\\USER\\svchost.exe\nParentCommandLine: C:\\HOST\\USER\\svchost.exe -k DcomLaunch -p\nParentUser: NT HOST\\USER",
    "event_code": "1",
    "event_action": "Process Create (rule: ProcessCreate)",
    "event_kind": "event",
    "provider": "Microsoft-Windows-Sysmon",
    "channel": "Microsoft-Windows-Sysmon/Operational",
    "event_id": "1",
    "record_id": 174,
    "computer_name": "HOST-REDACTED",
    "provider_name": "Microsoft-Windows-Sysmon",
    "log_level": "information",
    "host_name": "HOST-REDACTED",
    "host_hostname": "HOST-REDACTED",
    "host_os": "Windows 11 Pro",
    "agent_type": "winlogbeat",
    "agent_version": "9.3.2",
    "process_pid": 1596,
    "raw_event_data": {
      "CurrentDirectory": "C:\\HOST\\USER\\Microsoft.Windows.ContentDeliveryManager_cw5n1h2txyewy\\",
      "LogonGuid": "{GUID-REDACTED}",
      "Image": "C:\\HOST\\USER\\backgroundTaskHost.exe",
      "UtcTime": "2026-03-22 05:51:02.917",
      "ParentProcessGuid": "{GUID-REDACTED}",
      "ParentCommandLine": "C:\\HOST\\USER\\svchost.exe -k DcomLaunch -p",
      "RuleName": "-",
      "ParentUser": "NT HOST\\USER",
      "ParentProcessId": "940",
      "Product": "Microsoft® Windows® Operating System",
      "ProcessId": "11012",
      "LogonId": "0x22f6e2",
      "ProcessGuid": "{GUID-REDACTED}",
      "TerminalSessionId": "2",
      "Hashes": "SHA256=B7D2C17E0038945AA4B72AE7A89E54D29B04CCC0FEB62DF5C9B7B67DE43C2530",
      "OriginalFileName": "backgroundTaskHost.exe",
      "IntegrityLevel": "AppContainer",
      "Company": "Microsoft Corporation",
      "User": "USER-REDACTED",
      "Description": "Background Task Host",
      "CommandLine": "\"C:\\HOST\\USER\\backgroundTaskHost.exe\" -ServerName:App.AppXmtcan0h2tfbfy7k9kn8hbxb6dmzz1zh0.mca",
      "ParentImage": "C:\\HOST\\USER\\svchost.exe",
      "FileVersion": "10.0.26100.1 (WinBuild.160101.0800)"
    },
    "raw": {
      "@timestamp": "2026-03-22T05:51:02.921Z",
      "log": {
        "level": "information"
      },
      "message": "Process Create:\nRuleName: -\nUtcTime: 2026-03-22 05:51:02.917\nProcessGuid: {GUID-REDACTED}\nProcessId: 11012\nImage: C:\\HOST\\USER\\backgroundTaskHost.exe\nFileVersion: 10.0.26100.1 (WinBuild.160101.0800)\nDescription: Background Task Host\nProduct: Microsoft® Windows® Operating System\nCompany: Microsoft Corporation\nOriginalFileName: backgroundTaskHost.exe\nCommandLine: \"C:\\HOST\\USER\\backgroundTaskHost.exe\" -ServerName:App.AppXmtcan0h2tfbfy7k9kn8hbxb6dmzz1zh0.mca\nCurrentDirectory: C:\\HOST\\USER\\Microsoft.Windows.ContentDeliveryManager_cw5n1h2txyewy\\\nUser: HOST\\USER\nLogonGuid: {GUID-REDACTED}\nLogonId: 0x22f6e2\nTerminalSessionId: 2\nIntegrityLevel: AppContainer\nHashes: SHA256=B7D2C17E0038945AA4B72AE7A89E54D29B04CCC0FEB62DF5C9B7B67DE43C2530\nParentProcessGuid: {GUID-REDACTED}\nParentProcessId: 940\nParentImage: C:\\HOST\\USER\\svchost.exe\nParentCommandLine: C:\\HOST\\USER\\svchost.exe -k DcomLaunch -p\nParentUser: NT HOST\\USER",
      "host": {
        "architecture": "x86_64",
        "id": "4c1ea299-cc74-49b5-ac0a-1138d9d08387",
        "ip": [
          "fe80::1eac:376c:1bd5:f979",
          "IP-REDACTED"
        ],
        "os": {
          "type": "windows",
          "kernel": "10.0.26100.8036 (WinBuild.160101.0800)",
          "version": "10.0",
          "name": "Windows 11 Pro",
          "family": "windows",
          "build": "26200.8037",
          "platform": "windows"
        },
        "name": "HOST-REDACTED",
        "mac": [
          "MAC-REDACTED"
        ],
        "hostname": "HOST-REDACTED"
      },
      "ecs": {
        "version": "8.0.0"
      },
      "@version": "1",
      "winlog": {
        "version": 5,
        "user": {
          "type": "Well Known Group",
          "name": "SYSTEM",
          "domain": "NT AUTHORITY",
          "identifier": "S-1-5-XX-REDACTED"
        },
        "event_id": "1",
        "record_id": 174,
        "provider_guid": "{GUID-REDACTED}",
        "channel": "Microsoft-Windows-Sysmon/Operational",
        "task": "Process Create (rule: ProcessCreate)",
        "opcode": "Info",
        "process": {
          "thread": {
            "id": 1304
          },
          "pid": 1596
        },
        "computer_name": "HOST-REDACTED",
        "provider_name": "Microsoft-Windows-Sysmon",
        "event_data": {
          "CurrentDirectory": "C:\\HOST\\USER\\Microsoft.Windows.ContentDeliveryManager_cw5n1h2txyewy\\",
          "LogonGuid": "{GUID-REDACTED}",
          "Image": "C:\\HOST\\USER\\backgroundTaskHost.exe",
          "UtcTime": "2026-03-22 05:51:02.917",
          "ParentProcessGuid": "{GUID-REDACTED}",
          "ParentCommandLine": "C:\\HOST\\USER\\svchost.exe -k DcomLaunch -p",
          "RuleName": "-",
          "ParentUser": "NT HOST\\USER",
          "ParentProcessId": "940",
          "Product": "Microsoft® Windows® Operating System",
          "ProcessId": "11012",
          "LogonId": "0x22f6e2",
          "ProcessGuid": "{GUID-REDACTED}",
          "TerminalSessionId": "2",
          "Hashes": "SHA256=B7D2C17E0038945AA4B72AE7A89E54D29B04CCC0FEB62DF5C9B7B67DE43C2530",
          "OriginalFileName": "backgroundTaskHost.exe",
          "IntegrityLevel": "AppContainer",
          "Company": "Microsoft Corporation",
          "User": "USER-REDACTED",
          "Description": "Background Task Host",
          "CommandLine": "\"C:\\HOST\\USER\\backgroundTaskHost.exe\" -ServerName:App.AppXmtcan0h2tfbfy7k9kn8hbxb6dmzz1zh0.mca",
          "ParentImage": "C:\\HOST\\USER\\svchost.exe",
          "FileVersion": "10.0.26100.1 (WinBuild.160101.0800)"
        }
      },
      "tags": [
        "beats_input_codec_plain_applied"
      ],
      "agent": {
        "type": "winlogbeat",
        "version": "9.3.2",
        "id": "e914dd33-e7be-4a91-b774-394d715855f5",
        "ephemeral_id": "b8267783-8d43-4086-8074-c2f96b9f9dae",
        "name": "HOST-REDACTED"
      },
      "event": {
        "kind": "event",
        "created": "2026-03-29T09:11:41.468Z",
        "action": "Process Create (rule: ProcessCreate)",
        "code": "1",
        "original": "Process Create:\nRuleName: -\nUtcTime: 2026-03-22 05:51:02.917\nProcessGuid: {GUID-REDACTED}\nProcessId: 11012\nImage: C:\\HOST\\USER\\backgroundTaskHost.exe\nFileVersion: 10.0.26100.1 (WinBuild.160101.0800)\nDescription: Background Task Host\nProduct: Microsoft® Windows® Operating System\nCompany: Microsoft Corporation\nOriginalFileName: backgroundTaskHost.exe\nCommandLine: \"C:\\HOST\\USER\\backgroundTaskHost.exe\" -ServerName:App.AppXmtcan0h2tfbfy7k9kn8hbxb6dmzz1zh0.mca\nCurrentDirectory: C:\\HOST\\USER\\Microsoft.Windows.ContentDeliveryManager_cw5n1h2txyewy\\\nUser: HOST\\USER\nLogonGuid: {GUID-REDACTED}\nLogonId: 0x22f6e2\nTerminalSessionId: 2\nIntegrityLevel: AppContainer\nHashes: SHA256=B7D2C17E0038945AA4B72AE7A89E54D29B04CCC0FEB62DF5C9B7B67DE43C2530\nParentProcessGuid: {GUID-REDACTED}\nParentProcessId: 940\nParentImage: C:\\HOST\\USER\\svchost.exe\nParentCommandLine: C:\\HOST\\USER\\svchost.exe -k DcomLaunch -p\nParentUser: NT HOST\\USER",
        "provider": "Microsoft-Windows-Sysmon"
      }
    },
    "parsed_type": "sysmon",
    "event_type_name": "ProcessCreate",
    "process_guid": "{GUID-REDACTED}",
    "process_id": "11012",
    "image": "C:\\HOST\\USER\\backgroundTaskHost.exe",
    "command_line": "\"C:\\HOST\\USER\\backgroundTaskHost.exe\" -ServerName:App.AppXmtcan0h2tfbfy7k9kn8hbxb6dmzz1zh0.mca",
    "current_directory": "C:\\HOST\\USER\\Microsoft.Windows.ContentDeliveryManager_cw5n1h2txyewy\\",
    "user": "USER-REDACTED",
    "logon_guid": "{GUID-REDACTED}",
    "logon_id": "0x22f6e2",
    "terminal_session_id": "2",
    "integrity_level": "AppContainer",
    "hashes": "SHA256=B7D2C17E0038945AA4B72AE7A89E54D29B04CCC0FEB62DF5C9B7B67DE43C2530",
    "parent_process_guid": "{GUID-REDACTED}",
    "parent_process_id": "940",
    "parent_image": "C:\\HOST\\USER\\svchost.exe",
    "parent_command_line": "C:\\HOST\\USER\\svchost.exe -k DcomLaunch -p",
    "target_filename": null,
    "creation_utc_time": null,
    "destination_ip": null,
    "destination_port": null,
    "source_ip": null,
    "source_port": null,
    "protocol": null,
    "target_object": null,
    "details": null
  },
  {
    "timestamp": "2026-03-22T05:51:02.976Z",
    "message": "Process Create:\nRuleName: -\nUtcTime: 2026-03-22 05:51:02.970\nProcessGuid: {GUID-REDACTED}\nProcessId: 2044\nImage: C:\\HOST\\USER\\reg.exe\nFileVersion: 10.0.26100.5074 (WinBuild.160101.0800)\nDescription: Registry Console Tool\nProduct: Microsoft® Windows® Operating System\nCompany: Microsoft Corporation\nOriginalFileName: reg.exe\nCommandLine: reg  query \"HOST\\USER\\HotPatch\" \nCurrentDirectory: C:\\HOST\\USER\\\nUser: NT HOST\\USER\nLogonGuid: {GUID-REDACTED}\nLogonId: 0x3e7\nTerminalSessionId: 0\nIntegrityLevel: System\nHashes: SHA256=EF37663B44AC66920C6F33694DEEA01ACB78AE3F3012884819373FA04C3EB5F0\nParentProcessGuid: {GUID-REDACTED}\nParentProcessId: 6524\nParentImage: C:\\HOST\\USER\\cmd.exe\nParentCommandLine: \"C:\\HOST\\USER\\cmd.exe\" /d /c C:\\HOST\\USER\\hpatchmonTask.cmd\nParentUser: NT HOST\\USER",
    "event_code": "1",
    "event_action": "Process Create (rule: ProcessCreate)",
    "event_kind": "event",
    "provider": "Microsoft-Windows-Sysmon",
    "channel": "Microsoft-Windows-Sysmon/Operational",
    "event_id": "1",
    "record_id": 175,
    "computer_name": "HOST-REDACTED",
    "provider_name": "Microsoft-Windows-Sysmon",
    "log_level": "information",
    "host_name": "HOST-REDACTED",
    "host_hostname": "HOST-REDACTED",
    "host_os": "Windows 11 Pro",
    "agent_type": "winlogbeat",
    "agent_version": "9.3.2",
    "process_pid": 1596,
    "raw_event_data": {
      "CurrentDirectory": "C:\\HOST\\USER\\",
      "LogonGuid": "{GUID-REDACTED}",
      "Image": "C:\\HOST\\USER\\reg.exe",
      "ParentProcessGuid": "{GUID-REDACTED}",
      "UtcTime": "2026-03-22 05:51:02.970",
      "ParentCommandLine": "\"C:\\HOST\\USER\\cmd.exe\" /d /c C:\\HOST\\USER\\hpatchmonTask.cmd",
      "RuleName": "-",
      "ParentUser": "NT HOST\\USER",
      "Product": "Microsoft® Windows® Operating System",
      "ParentProcessId": "6524",
      "ProcessId": "2044",
      "LogonId": "0x3e7",
      "ProcessGuid": "{GUID-REDACTED}",
      "TerminalSessionId": "0",
      "Hashes": "SHA256=EF37663B44AC66920C6F33694DEEA01ACB78AE3F3012884819373FA04C3EB5F0",
      "OriginalFileName": "reg.exe",
      "IntegrityLevel": "System",
      "Company": "Microsoft Corporation",
      "User": "USER-REDACTED",
      "Description": "Registry Console Tool",
      "CommandLine": "reg  query \"HOST\\USER\\HotPatch\" ",
      "ParentImage": "C:\\HOST\\USER\\cmd.exe",
      "FileVersion": "10.0.26100.5074 (WinBuild.160101.0800)"
    },
    "raw": {
      "@timestamp": "2026-03-22T05:51:02.976Z",
      "message": "Process Create:\nRuleName: -\nUtcTime: 2026-03-22 05:51:02.970\nProcessGuid: {GUID-REDACTED}\nProcessId: 2044\nImage: C:\\HOST\\USER\\reg.exe\nFileVersion: 10.0.26100.5074 (WinBuild.160101.0800)\nDescription: Registry Console Tool\nProduct: Microsoft® Windows® Operating System\nCompany: Microsoft Corporation\nOriginalFileName: reg.exe\nCommandLine: reg  query \"HOST\\USER\\HotPatch\" \nCurrentDirectory: C:\\HOST\\USER\\\nUser: NT HOST\\USER\nLogonGuid: {GUID-REDACTED}\nLogonId: 0x3e7\nTerminalSessionId: 0\nIntegrityLevel: System\nHashes: SHA256=EF37663B44AC66920C6F33694DEEA01ACB78AE3F3012884819373FA04C3EB5F0\nParentProcessGuid: {GUID-REDACTED}\nParentProcessId: 6524\nParentImage: C:\\HOST\\USER\\cmd.exe\nParentCommandLine: \"C:\\HOST\\USER\\cmd.exe\" /d /c C:\\HOST\\USER\\hpatchmonTask.cmd\nParentUser: NT HOST\\USER",
      "log": {
        "level": "information"
      },
      "host": {
        "architecture": "x86_64",
        "name": "HOST-REDACTED",
        "id": "4c1ea299-cc74-49b5-ac0a-1138d9d08387",
        "os": {
          "type": "windows",
          "version": "10.0",
          "name": "Windows 11 Pro",
          "kernel": "10.0.26100.8036 (WinBuild.160101.0800)",
          "family": "windows",
          "build": "26200.8037",
          "platform": "windows"
        },
        "ip": [
          "fe80::1eac:376c:1bd5:f979",
          "IP-REDACTED"
        ],
        "mac": [
          "MAC-REDACTED"
        ],
        "hostname": "HOST-REDACTED"
      },
      "ecs": {
        "version": "8.0.0"
      },
      "@version": "1",
      "winlog": {
        "version": 5,
        "user": {
          "type": "Well Known Group",
          "name": "SYSTEM",
          "domain": "NT AUTHORITY",
          "identifier": "S-1-5-XX-REDACTED"
        },
        "event_id": "1",
        "record_id": 175,
        "provider_guid": "{GUID-REDACTED}",
        "channel": "Microsoft-Windows-Sysmon/Operational",
        "task": "Process Create (rule: ProcessCreate)",
        "opcode": "Info",
        "computer_name": "HOST-REDACTED",
        "process": {
          "thread": {
            "id": 1304
          },
          "pid": 1596
        },
        "provider_name": "Microsoft-Windows-Sysmon",
        "event_data": {
          "CurrentDirectory": "C:\\HOST\\USER\\",
          "LogonGuid": "{GUID-REDACTED}",
          "Image": "C:\\HOST\\USER\\reg.exe",
          "ParentProcessGuid": "{GUID-REDACTED}",
          "UtcTime": "2026-03-22 05:51:02.970",
          "ParentCommandLine": "\"C:\\HOST\\USER\\cmd.exe\" /d /c C:\\HOST\\USER\\hpatchmonTask.cmd",
          "RuleName": "-",
          "ParentUser": "NT HOST\\USER",
          "Product": "Microsoft® Windows® Operating System",
          "ParentProcessId": "6524",
          "ProcessId": "2044",
          "LogonId": "0x3e7",
          "ProcessGuid": "{GUID-REDACTED}",
          "TerminalSessionId": "0",
          "Hashes": "SHA256=EF37663B44AC66920C6F33694DEEA01ACB78AE3F3012884819373FA04C3EB5F0",
          "OriginalFileName": "reg.exe",
          "IntegrityLevel": "System",
          "Company": "Microsoft Corporation",
          "User": "USER-REDACTED",
          "Description": "Registry Console Tool",
          "CommandLine": "reg  query \"HOST\\USER\\HotPatch\" ",
          "ParentImage": "C:\\HOST\\USER\\cmd.exe",
          "FileVersion": "10.0.26100.5074 (WinBuild.160101.0800)"
        }
      },
      "tags": [
        "beats_input_codec_plain_applied"
      ],
      "agent": {
        "type": "winlogbeat",
        "id": "e914dd33-e7be-4a91-b774-394d715855f5",
        "name": "HOST-REDACTED",
        "ephemeral_id": "b8267783-8d43-4086-8074-c2f96b9f9dae",
        "version": "9.3.2"
      },
      "event": {
        "kind": "event",
        "created": "2026-03-29T09:11:41.468Z",
        "action": "Process Create (rule: ProcessCreate)",
        "code": "1",
        "original": "Process Create:\nRuleName: -\nUtcTime: 2026-03-22 05:51:02.970\nProcessGuid: {GUID-REDACTED}\nProcessId: 2044\nImage: C:\\HOST\\USER\\reg.exe\nFileVersion: 10.0.26100.5074 (WinBuild.160101.0800)\nDescription: Registry Console Tool\nProduct: Microsoft® Windows® Operating System\nCompany: Microsoft Corporation\nOriginalFileName: reg.exe\nCommandLine: reg  query \"HOST\\USER\\HotPatch\" \nCurrentDirectory: C:\\HOST\\USER\\\nUser: NT HOST\\USER\nLogonGuid: {GUID-REDACTED}\nLogonId: 0x3e7\nTerminalSessionId: 0\nIntegrityLevel: System\nHashes: SHA256=EF37663B44AC66920C6F33694DEEA01ACB78AE3F3012884819373FA04C3EB5F0\nParentProcessGuid: {GUID-REDACTED}\nParentProcessId: 6524\nParentImage: C:\\HOST\\USER\\cmd.exe\nParentCommandLine: \"C:\\HOST\\USER\\cmd.exe\" /d /c C:\\HOST\\USER\\hpatchmonTask.cmd\nParentUser: NT HOST\\USER",
        "provider": "Microsoft-Windows-Sysmon"
      }
    },
    "parsed_type": "sysmon",
    "event_type_name": "ProcessCreate",
    "process_guid": "{GUID-REDACTED}",
    "process_id": "2044",
    "image": "C:\\HOST\\USER\\reg.exe",
    "command_line": "reg  query \"HOST\\USER\\HotPatch\" ",
    "current_directory": "C:\\HOST\\USER\\",
    "user": "USER-REDACTED",
    "logon_guid": "{GUID-REDACTED}",
    "logon_id": "0x3e7",
    "terminal_session_id": "0",
    "integrity_level": "System",
    "hashes": "SHA256=EF37663B44AC66920C6F33694DEEA01ACB78AE3F3012884819373FA04C3EB5F0",
    "parent_process_guid": "{GUID-REDACTED}",
    "parent_process_id": "6524",
    "parent_image": "C:\\HOST\\USER\\cmd.exe",
    "parent_command_line": "\"C:\\HOST\\USER\\cmd.exe\" /d /c C:\\HOST\\USER\\hpatchmonTask.cmd",
    "target_filename": null,
    "creation_utc_time": null,
    "destination_ip": null,
    "destination_port": null,
    "source_ip": null,
    "source_port": null,
    "protocol": null,
    "target_object": null,
    "details": null
  },
  {
    "timestamp": "2026-03-22T05:51:03.165Z",
    "message": "Process Create:\nRuleName: -\nUtcTime: 2026-03-22 05:51:03.160\nProcessGuid: {GUID-REDACTED}\nProcessId: 9868\nImage: C:\\HOST\\USER\\RuntimeBroker.exe\nFileVersion: 10.0.26100.7309 (WinBuild.160101.0800)\nDescription: Runtime Broker\nProduct: Microsoft® Windows® Operating System\nCompany: Microsoft Corporation\nOriginalFileName: RuntimeBroker.exe\nCommandLine: C:\\HOST\\USER\\RuntimeBroker.exe -Embedding\nCurrentDirectory: C:\\HOST\\USER\\\nUser: HOST\\USER\nLogonGuid: {GUID-REDACTED}\nLogonId: 0x22f6e2\nTerminalSessionId: 2\nIntegrityLevel: Medium\nHashes: SHA256=9D4571F9C93BC1CFA5F390D09EF79AC0A29656122A793CB6376027566B8D3121\nParentProcessGuid: {GUID-REDACTED}\nParentProcessId: 940\nParentImage: C:\\HOST\\USER\\svchost.exe\nParentCommandLine: C:\\HOST\\USER\\svchost.exe -k DcomLaunch -p\nParentUser: NT HOST\\USER",
    "event_code": "1",
    "event_action": "Process Create (rule: ProcessCreate)",
    "event_kind": "event",
    "provider": "Microsoft-Windows-Sysmon",
    "channel": "Microsoft-Windows-Sysmon/Operational",
    "event_id": "1",
    "record_id": 179,
    "computer_name": "HOST-REDACTED",
    "provider_name": "Microsoft-Windows-Sysmon",
    "log_level": "information",
    "host_name": "HOST-REDACTED",
    "host_hostname": "HOST-REDACTED",
    "host_os": "Windows 11 Pro",
    "agent_type": "winlogbeat",
    "agent_version": "9.3.2",
    "process_pid": 1596,
    "raw_event_data": {
      "CurrentDirectory": "C:\\HOST\\USER\\",
      "LogonGuid": "{GUID-REDACTED}",
      "Image": "C:\\HOST\\USER\\RuntimeBroker.exe",
      "ParentProcessGuid": "{GUID-REDACTED}",
      "UtcTime": "2026-03-22 05:51:03.160",
      "ParentCommandLine": "C:\\HOST\\USER\\svchost.exe -k DcomLaunch -p",
      "RuleName": "-",
      "ParentUser": "NT HOST\\USER",
      "Product": "Microsoft® Windows® Operating System",
      "ParentProcessId": "940",
      "ProcessId": "9868",
      "LogonId": "0x22f6e2",
      "ProcessGuid": "{GUID-REDACTED}",
      "TerminalSessionId": "2",
      "Hashes": "SHA256=9D4571F9C93BC1CFA5F390D09EF79AC0A29656122A793CB6376027566B8D3121",
      "OriginalFileName": "RuntimeBroker.exe",
      "IntegrityLevel": "Medium",
      "Company": "Microsoft Corporation",
      "User": "USER-REDACTED",
      "CommandLine": "C:\\HOST\\USER\\RuntimeBroker.exe -Embedding",
      "Description": "Runtime Broker",
      "ParentImage": "C:\\HOST\\USER\\svchost.exe",
      "FileVersion": "10.0.26100.7309 (WinBuild.160101.0800)"
    },
    "raw": {
      "@timestamp": "2026-03-22T05:51:03.165Z",
      "host": {
        "architecture": "x86_64",
        "name": "HOST-REDACTED",
        "ip": [
          "fe80::1eac:376c:1bd5:f979",
          "IP-REDACTED"
        ],
        "os": {
          "type": "windows",
          "name": "Windows 11 Pro",
          "kernel": "10.0.26100.8036 (WinBuild.160101.0800)",
          "version": "10.0",
          "family": "windows",
          "build": "26200.8037",
          "platform": "windows"
        },
        "id": "4c1ea299-cc74-49b5-ac0a-1138d9d08387",
        "mac": [
          "MAC-REDACTED"
        ],
        "hostname": "HOST-REDACTED"
      },
      "message": "Process Create:\nRuleName: -\nUtcTime: 2026-03-22 05:51:03.160\nProcessGuid: {GUID-REDACTED}\nProcessId: 9868\nImage: C:\\HOST\\USER\\RuntimeBroker.exe\nFileVersion: 10.0.26100.7309 (WinBuild.160101.0800)\nDescription: Runtime Broker\nProduct: Microsoft® Windows® Operating System\nCompany: Microsoft Corporation\nOriginalFileName: RuntimeBroker.exe\nCommandLine: C:\\HOST\\USER\\RuntimeBroker.exe -Embedding\nCurrentDirectory: C:\\HOST\\USER\\\nUser: HOST\\USER\nLogonGuid: {GUID-REDACTED}\nLogonId: 0x22f6e2\nTerminalSessionId: 2\nIntegrityLevel: Medium\nHashes: SHA256=9D4571F9C93BC1CFA5F390D09EF79AC0A29656122A793CB6376027566B8D3121\nParentProcessGuid: {GUID-REDACTED}\nParentProcessId: 940\nParentImage: C:\\HOST\\USER\\svchost.exe\nParentCommandLine: C:\\HOST\\USER\\svchost.exe -k DcomLaunch -p\nParentUser: NT HOST\\USER",
      "log": {
        "level": "information"
      },
      "ecs": {
        "version": "8.0.0"
      },
      "@version": "1",
      "winlog": {
        "version": 5,
        "user": {
          "type": "Well Known Group",
          "name": "SYSTEM",
          "domain": "NT AUTHORITY",
          "identifier": "S-1-5-XX-REDACTED"
        },
        "event_id": "1",
        "record_id": 179,
        "provider_guid": "{GUID-REDACTED}",
        "channel": "Microsoft-Windows-Sysmon/Operational",
        "task": "Process Create (rule: ProcessCreate)",
        "opcode": "Info",
        "computer_name": "HOST-REDACTED",
        "process": {
          "thread": {
            "id": 1304
          },
          "pid": 1596
        },
        "provider_name": "Microsoft-Windows-Sysmon",
        "event_data": {
          "CurrentDirectory": "C:\\HOST\\USER\\",
          "LogonGuid": "{GUID-REDACTED}",
          "Image": "C:\\HOST\\USER\\RuntimeBroker.exe",
          "ParentProcessGuid": "{GUID-REDACTED}",
          "UtcTime": "2026-03-22 05:51:03.160",
          "ParentCommandLine": "C:\\HOST\\USER\\svchost.exe -k DcomLaunch -p",
          "RuleName": "-",
          "ParentUser": "NT HOST\\USER",
          "Product": "Microsoft® Windows® Operating System",
          "ParentProcessId": "940",
          "ProcessId": "9868",
          "LogonId": "0x22f6e2",
          "ProcessGuid": "{GUID-REDACTED}",
          "TerminalSessionId": "2",
          "Hashes": "SHA256=9D4571F9C93BC1CFA5F390D09EF79AC0A29656122A793CB6376027566B8D3121",
          "OriginalFileName": "RuntimeBroker.exe",
          "IntegrityLevel": "Medium",
          "Company": "Microsoft Corporation",
          "User": "USER-REDACTED",
          "CommandLine": "C:\\HOST\\USER\\RuntimeBroker.exe -Embedding",
          "Description": "Runtime Broker",
          "ParentImage": "C:\\HOST\\USER\\svchost.exe",
          "FileVersion": "10.0.26100.7309 (WinBuild.160101.0800)"
        }
      },
      "tags": [
        "beats_input_codec_plain_applied"
      ],
      "agent": {
        "type": "winlogbeat",
        "id": "e914dd33-e7be-4a91-b774-394d715855f5",
        "name": "HOST-REDACTED",
        "ephemeral_id": "b8267783-8d43-4086-8074-c2f96b9f9dae",
        "version": "9.3.2"
      },
      "event": {
        "kind": "event",
        "created": "2026-03-29T09:11:41.468Z",
        "action": "Process Create (rule: ProcessCreate)",
        "code": "1",
        "original": "Process Create:\nRuleName: -\nUtcTime: 2026-03-22 05:51:03.160\nProcessGuid: {GUID-REDACTED}\nProcessId: 9868\nImage: C:\\HOST\\USER\\RuntimeBroker.exe\nFileVersion: 10.0.26100.7309 (WinBuild.160101.0800)\nDescription: Runtime Broker\nProduct: Microsoft® Windows® Operating System\nCompany: Microsoft Corporation\nOriginalFileName: RuntimeBroker.exe\nCommandLine: C:\\HOST\\USER\\RuntimeBroker.exe -Embedding\nCurrentDirectory: C:\\HOST\\USER\\\nUser: HOST\\USER\nLogonGuid: {GUID-REDACTED}\nLogonId: 0x22f6e2\nTerminalSessionId: 2\nIntegrityLevel: Medium\nHashes: SHA256=9D4571F9C93BC1CFA5F390D09EF79AC0A29656122A793CB6376027566B8D3121\nParentProcessGuid: {GUID-REDACTED}\nParentProcessId: 940\nParentImage: C:\\HOST\\USER\\svchost.exe\nParentCommandLine: C:\\HOST\\USER\\svchost.exe -k DcomLaunch -p\nParentUser: NT HOST\\USER",
        "provider": "Microsoft-Windows-Sysmon"
      }
    },
    "parsed_type": "sysmon",
    "event_type_name": "ProcessCreate",
    "process_guid": "{GUID-REDACTED}",
    "process_id": "9868",
    "image": "C:\\HOST\\USER\\RuntimeBroker.exe",
    "command_line": "C:\\HOST\\USER\\RuntimeBroker.exe -Embedding",
    "current_directory": "C:\\HOST\\USER\\",
    "user": "USER-REDACTED",
    "logon_guid": "{GUID-REDACTED}",
    "logon_id": "0x22f6e2",
    "terminal_session_id": "2",
    "integrity_level": "Medium",
    "hashes": "SHA256=9D4571F9C93BC1CFA5F390D09EF79AC0A29656122A793CB6376027566B8D3121",
    "parent_process_guid": "{GUID-REDACTED}",
    "parent_process_id": "940",
    "parent_image": "C:\\HOST\\USER\\svchost.exe",
    "parent_command_line": "C:\\HOST\\USER\\svchost.exe -k DcomLaunch -p",
    "target_filename": null,
    "creation_utc_time": null,
    "destination_ip": null,
    "destination_port": null,
    "source_ip": null,
    "source_port": null,
    "protocol": null,
    "target_object": null,
    "details": null
  },
  {
    "timestamp": "2026-03-22T05:51:03.352Z",
    "message": "Process Create:\nRuleName: -\nUtcTime: 2026-03-22 05:51:03.348\nProcessGuid: {GUID-REDACTED}\nProcessId: 8680\nImage: C:\\HOST\\USER\\backgroundTaskHost.exe\nFileVersion: 10.0.26100.1 (WinBuild.160101.0800)\nDescription: Background Task Host\nProduct: Microsoft® Windows® Operating System\nCompany: Microsoft Corporation\nOriginalFileName: backgroundTaskHost.exe\nCommandLine: \"C:\\HOST\\USER\\BackgroundTaskHost.exe\" -ServerName:BackgroundTaskHost.WebAccountProvider\nCurrentDirectory: C:\\HOST\\USER\\Microsoft.AAD.BrokerPlugin_cw5n1h2txyewy\\\nUser: HOST\\USER\nLogonGuid: {GUID-REDACTED}\nLogonId: 0x22f6e2\nTerminalSessionId: 2\nIntegrityLevel: AppContainer\nHashes: SHA256=B7D2C17E0038945AA4B72AE7A89E54D29B04CCC0FEB62DF5C9B7B67DE43C2530\nParentProcessGuid: {GUID-REDACTED}\nParentProcessId: 940\nParentImage: C:\\HOST\\USER\\svchost.exe\nParentCommandLine: C:\\HOST\\USER\\svchost.exe -k DcomLaunch -p\nParentUser: NT HOST\\USER",
    "event_code": "1",
    "event_action": "Process Create (rule: ProcessCreate)",
    "event_kind": "event",
    "provider": "Microsoft-Windows-Sysmon",
    "channel": "Microsoft-Windows-Sysmon/Operational",
    "event_id": "1",
    "record_id": 180,
    "computer_name": "HOST-REDACTED",
    "provider_name": "Microsoft-Windows-Sysmon",
    "log_level": "information",
    "host_name": "HOST-REDACTED",
    "host_hostname": "HOST-REDACTED",
    "host_os": "Windows 11 Pro",
    "agent_type": "winlogbeat",
    "agent_version": "9.3.2",
    "process_pid": 1596,
    "raw_event_data": {
      "CurrentDirectory": "C:\\HOST\\USER\\Microsoft.AAD.BrokerPlugin_cw5n1h2txyewy\\",
      "LogonGuid": "{GUID-REDACTED}",
      "Image": "C:\\HOST\\USER\\backgroundTaskHost.exe",
      "ParentProcessGuid": "{GUID-REDACTED}",
      "UtcTime": "2026-03-22 05:51:03.348",
      "ParentCommandLine": "C:\\HOST\\USER\\svchost.exe -k DcomLaunch -p",
      "RuleName": "-",
      "ParentUser": "NT HOST\\USER",
      "ParentProcessId": "940",
      "Product": "Microsoft® Windows® Operating System",
      "ProcessId": "8680",
      "LogonId": "0x22f6e2",
      "ProcessGuid": "{GUID-REDACTED}",
      "TerminalSessionId": "2",
      "Hashes": "SHA256=B7D2C17E0038945AA4B72AE7A89E54D29B04CCC0FEB62DF5C9B7B67DE43C2530",
      "OriginalFileName": "backgroundTaskHost.exe",
      "IntegrityLevel": "AppContainer",
      "Company": "Microsoft Corporation",
      "User": "USER-REDACTED",
      "Description": "Background Task Host",
      "CommandLine": "\"C:\\HOST\\USER\\BackgroundTaskHost.exe\" -ServerName:BackgroundTaskHost.WebAccountProvider",
      "ParentImage": "C:\\HOST\\USER\\svchost.exe",
      "FileVersion": "10.0.26100.1 (WinBuild.160101.0800)"
    },
    "raw": {
      "@timestamp": "2026-03-22T05:51:03.352Z",
      "ecs": {
        "version": "8.0.0"
      },
      "message": "Process Create:\nRuleName: -\nUtcTime: 2026-03-22 05:51:03.348\nProcessGuid: {GUID-REDACTED}\nProcessId: 8680\nImage: C:\\HOST\\USER\\backgroundTaskHost.exe\nFileVersion: 10.0.26100.1 (WinBuild.160101.0800)\nDescription: Background Task Host\nProduct: Microsoft® Windows® Operating System\nCompany: Microsoft Corporation\nOriginalFileName: backgroundTaskHost.exe\nCommandLine: \"C:\\HOST\\USER\\BackgroundTaskHost.exe\" -ServerName:BackgroundTaskHost.WebAccountProvider\nCurrentDirectory: C:\\HOST\\USER\\Microsoft.AAD.BrokerPlugin_cw5n1h2txyewy\\\nUser: HOST\\USER\nLogonGuid: {GUID-REDACTED}\nLogonId: 0x22f6e2\nTerminalSessionId: 2\nIntegrityLevel: AppContainer\nHashes: SHA256=B7D2C17E0038945AA4B72AE7A89E54D29B04CCC0FEB62DF5C9B7B67DE43C2530\nParentProcessGuid: {GUID-REDACTED}\nParentProcessId: 940\nParentImage: C:\\HOST\\USER\\svchost.exe\nParentCommandLine: C:\\HOST\\USER\\svchost.exe -k DcomLaunch -p\nParentUser: NT HOST\\USER",
      "log": {
        "level": "information"
      },
      "host": {
        "architecture": "x86_64",
        "name": "HOST-REDACTED",
        "id": "4c1ea299-cc74-49b5-ac0a-1138d9d08387",
        "os": {
          "type": "windows",
          "name": "Windows 11 Pro",
          "kernel": "10.0.26100.8036 (WinBuild.160101.0800)",
          "version": "10.0",
          "family": "windows",
          "build": "26200.8037",
          "platform": "windows"
        },
        "ip": [
          "fe80::1eac:376c:1bd5:f979",
          "IP-REDACTED"
        ],
        "mac": [
          "MAC-REDACTED"
        ],
        "hostname": "HOST-REDACTED"
      },
      "@version": "1",
      "winlog": {
        "version": 5,
        "user": {
          "type": "Well Known Group",
          "name": "SYSTEM",
          "domain": "NT AUTHORITY",
          "identifier": "S-1-5-XX-REDACTED"
        },
        "event_id": "1",
        "record_id": 180,
        "provider_guid": "{GUID-REDACTED}",
        "channel": "Microsoft-Windows-Sysmon/Operational",
        "task": "Process Create (rule: ProcessCreate)",
        "opcode": "Info",
        "computer_name": "HOST-REDACTED",
        "process": {
          "thread": {
            "id": 1304
          },
          "pid": 1596
        },
        "provider_name": "Microsoft-Windows-Sysmon",
        "event_data": {
          "CurrentDirectory": "C:\\HOST\\USER\\Microsoft.AAD.BrokerPlugin_cw5n1h2txyewy\\",
          "LogonGuid": "{GUID-REDACTED}",
          "Image": "C:\\HOST\\USER\\backgroundTaskHost.exe",
          "ParentProcessGuid": "{GUID-REDACTED}",
          "UtcTime": "2026-03-22 05:51:03.348",
          "ParentCommandLine": "C:\\HOST\\USER\\svchost.exe -k DcomLaunch -p",
          "RuleName": "-",
          "ParentUser": "NT HOST\\USER",
          "ParentProcessId": "940",
          "Product": "Microsoft® Windows® Operating System",
          "ProcessId": "8680",
          "LogonId": "0x22f6e2",
          "ProcessGuid": "{GUID-REDACTED}",
          "TerminalSessionId": "2",
          "Hashes": "SHA256=B7D2C17E0038945AA4B72AE7A89E54D29B04CCC0FEB62DF5C9B7B67DE43C2530",
          "OriginalFileName": "backgroundTaskHost.exe",
          "IntegrityLevel": "AppContainer",
          "Company": "Microsoft Corporation",
          "User": "USER-REDACTED",
          "Description": "Background Task Host",
          "CommandLine": "\"C:\\HOST\\USER\\BackgroundTaskHost.exe\" -ServerName:BackgroundTaskHost.WebAccountProvider",
          "ParentImage": "C:\\HOST\\USER\\svchost.exe",
          "FileVersion": "10.0.26100.1 (WinBuild.160101.0800)"
        }
      },
      "tags": [
        "beats_input_codec_plain_applied"
      ],
      "agent": {
        "type": "winlogbeat",
        "version": "9.3.2",
        "id": "e914dd33-e7be-4a91-b774-394d715855f5",
        "ephemeral_id": "b8267783-8d43-4086-8074-c2f96b9f9dae",
        "name": "HOST-REDACTED"
      },
      "event": {
        "kind": "event",
        "created": "2026-03-29T09:11:41.468Z",
        "code": "1",
        "action": "Process Create (rule: ProcessCreate)",
        "original": "Process Create:\nRuleName: -\nUtcTime: 2026-03-22 05:51:03.348\nProcessGuid: {GUID-REDACTED}\nProcessId: 8680\nImage: C:\\HOST\\USER\\backgroundTaskHost.exe\nFileVersion: 10.0.26100.1 (WinBuild.160101.0800)\nDescription: Background Task Host\nProduct: Microsoft® Windows® Operating System\nCompany: Microsoft Corporation\nOriginalFileName: backgroundTaskHost.exe\nCommandLine: \"C:\\HOST\\USER\\BackgroundTaskHost.exe\" -ServerName:BackgroundTaskHost.WebAccountProvider\nCurrentDirectory: C:\\HOST\\USER\\Microsoft.AAD.BrokerPlugin_cw5n1h2txyewy\\\nUser: HOST\\USER\nLogonGuid: {GUID-REDACTED}\nLogonId: 0x22f6e2\nTerminalSessionId: 2\nIntegrityLevel: AppContainer\nHashes: SHA256=B7D2C17E0038945AA4B72AE7A89E54D29B04CCC0FEB62DF5C9B7B67DE43C2530\nParentProcessGuid: {GUID-REDACTED}\nParentProcessId: 940\nParentImage: C:\\HOST\\USER\\svchost.exe\nParentCommandLine: C:\\HOST\\USER\\svchost.exe -k DcomLaunch -p\nParentUser: NT HOST\\USER",
        "provider": "Microsoft-Windows-Sysmon"
      }
    },
    "parsed_type": "sysmon",
    "event_type_name": "ProcessCreate",
    "process_guid": "{GUID-REDACTED}",
    "process_id": "8680",
    "image": "C:\\HOST\\USER\\backgroundTaskHost.exe",
    "command_line": "\"C:\\HOST\\USER\\BackgroundTaskHost.exe\" -ServerName:BackgroundTaskHost.WebAccountProvider",
    "current_directory": "C:\\HOST\\USER\\Microsoft.AAD.BrokerPlugin_cw5n1h2txyewy\\",
    "user": "USER-REDACTED",
    "logon_guid": "{GUID-REDACTED}",
    "logon_id": "0x22f6e2",
    "terminal_session_id": "2",
    "integrity_level": "AppContainer",
    "hashes": "SHA256=B7D2C17E0038945AA4B72AE7A89E54D29B04CCC0FEB62DF5C9B7B67DE43C2530",
    "parent_process_guid": "{GUID-REDACTED}",
    "parent_process_id": "940",
    "parent_image": "C:\\HOST\\USER\\svchost.exe",
    "parent_command_line": "C:\\HOST\\USER\\svchost.exe -k DcomLaunch -p",
    "target_filename": null,
    "creation_utc_time": null,
    "destination_ip": null,
    "destination_port": null,
    "source_ip": null,
    "source_port": null,
    "protocol": null,
    "target_object": null,
    "details": null
  },
  {
    "timestamp": "2026-03-22T05:51:03.446Z",
    "message": "Process Create:\nRuleName: -\nUtcTime: 2026-03-22 05:51:03.443\nProcessGuid: {GUID-REDACTED}\nProcessId: 4344\nImage: C:\\HOST\\USER\\RuntimeBroker.exe\nFileVersion: 10.0.26100.7309 (WinBuild.160101.0800)\nDescription: Runtime Broker\nProduct: Microsoft® Windows® Operating System\nCompany: Microsoft Corporation\nOriginalFileName: RuntimeBroker.exe\nCommandLine: C:\\HOST\\USER\\RuntimeBroker.exe -Embedding\nCurrentDirectory: C:\\HOST\\USER\\\nUser: HOST\\USER\nLogonGuid: {GUID-REDACTED}\nLogonId: 0x22f6e2\nTerminalSessionId: 2\nIntegrityLevel: Medium\nHashes: SHA256=9D4571F9C93BC1CFA5F390D09EF79AC0A29656122A793CB6376027566B8D3121\nParentProcessGuid: {GUID-REDACTED}\nParentProcessId: 940\nParentImage: C:\\HOST\\USER\\svchost.exe\nParentCommandLine: C:\\HOST\\USER\\svchost.exe -k DcomLaunch -p\nParentUser: NT HOST\\USER",
    "event_code": "1",
    "event_action": "Process Create (rule: ProcessCreate)",
    "event_kind": "event",
    "provider": "Microsoft-Windows-Sysmon",
    "channel": "Microsoft-Windows-Sysmon/Operational",
    "event_id": "1",
    "record_id": 181,
    "computer_name": "HOST-REDACTED",
    "provider_name": "Microsoft-Windows-Sysmon",
    "log_level": "information",
    "host_name": "HOST-REDACTED",
    "host_hostname": "HOST-REDACTED",
    "host_os": "Windows 11 Pro",
    "agent_type": "winlogbeat",
    "agent_version": "9.3.2",
    "process_pid": 1596,
    "raw_event_data": {
      "CurrentDirectory": "C:\\HOST\\USER\\",
      "LogonGuid": "{GUID-REDACTED}",
      "Image": "C:\\HOST\\USER\\RuntimeBroker.exe",
      "ParentProcessGuid": "{GUID-REDACTED}",
      "UtcTime": "2026-03-22 05:51:03.443",
      "ParentCommandLine": "C:\\HOST\\USER\\svchost.exe -k DcomLaunch -p",
      "RuleName": "-",
      "ParentUser": "NT HOST\\USER",
      "Product": "Microsoft® Windows® Operating System",
      "ParentProcessId": "940",
      "ProcessId": "4344",
      "LogonId": "0x22f6e2",
      "ProcessGuid": "{GUID-REDACTED}",
      "TerminalSessionId": "2",
      "Hashes": "SHA256=9D4571F9C93BC1CFA5F390D09EF79AC0A29656122A793CB6376027566B8D3121",
      "OriginalFileName": "RuntimeBroker.exe",
      "IntegrityLevel": "Medium",
      "Company": "Microsoft Corporation",
      "User": "USER-REDACTED",
      "Description": "Runtime Broker",
      "CommandLine": "C:\\HOST\\USER\\RuntimeBroker.exe -Embedding",
      "ParentImage": "C:\\HOST\\USER\\svchost.exe",
      "FileVersion": "10.0.26100.7309 (WinBuild.160101.0800)"
    },
    "raw": {
      "@timestamp": "2026-03-22T05:51:03.446Z",
      "log": {
        "level": "information"
      },
      "message": "Process Create:\nRuleName: -\nUtcTime: 2026-03-22 05:51:03.443\nProcessGuid: {GUID-REDACTED}\nProcessId: 4344\nImage: C:\\HOST\\USER\\RuntimeBroker.exe\nFileVersion: 10.0.26100.7309 (WinBuild.160101.0800)\nDescription: Runtime Broker\nProduct: Microsoft® Windows® Operating System\nCompany: Microsoft Corporation\nOriginalFileName: RuntimeBroker.exe\nCommandLine: C:\\HOST\\USER\\RuntimeBroker.exe -Embedding\nCurrentDirectory: C:\\HOST\\USER\\\nUser: HOST\\USER\nLogonGuid: {GUID-REDACTED}\nLogonId: 0x22f6e2\nTerminalSessionId: 2\nIntegrityLevel: Medium\nHashes: SHA256=9D4571F9C93BC1CFA5F390D09EF79AC0A29656122A793CB6376027566B8D3121\nParentProcessGuid: {GUID-REDACTED}\nParentProcessId: 940\nParentImage: C:\\HOST\\USER\\svchost.exe\nParentCommandLine: C:\\HOST\\USER\\svchost.exe -k DcomLaunch -p\nParentUser: NT HOST\\USER",
      "host": {
        "hostname": "HOST-REDACTED",
        "name": "HOST-REDACTED",
        "id": "4c1ea299-cc74-49b5-ac0a-1138d9d08387",
        "os": {
          "type": "windows",
          "version": "10.0",
          "name": "Windows 11 Pro",
          "kernel": "10.0.26100.8036 (WinBuild.160101.0800)",
          "family": "windows",
          "build": "26200.8037",
          "platform": "windows"
        },
        "ip": [
          "fe80::1eac:376c:1bd5:f979",
          "IP-REDACTED"
        ],
        "mac": [
          "MAC-REDACTED"
        ],
        "architecture": "x86_64"
      },
      "ecs": {
        "version": "8.0.0"
      },
      "@version": "1",
      "winlog": {
        "version": 5,
        "user": {
          "type": "Well Known Group",
          "name": "SYSTEM",
          "domain": "NT AUTHORITY",
          "identifier": "S-1-5-XX-REDACTED"
        },
        "event_id": "1",
        "record_id": 181,
        "provider_guid": "{GUID-REDACTED}",
        "channel": "Microsoft-Windows-Sysmon/Operational",
        "task": "Process Create (rule: ProcessCreate)",
        "opcode": "Info",
        "process": {
          "thread": {
            "id": 1304
          },
          "pid": 1596
        },
        "computer_name": "HOST-REDACTED",
        "provider_name": "Microsoft-Windows-Sysmon",
        "event_data": {
          "CurrentDirectory": "C:\\HOST\\USER\\",
          "LogonGuid": "{GUID-REDACTED}",
          "Image": "C:\\HOST\\USER\\RuntimeBroker.exe",
          "ParentProcessGuid": "{GUID-REDACTED}",
          "UtcTime": "2026-03-22 05:51:03.443",
          "ParentCommandLine": "C:\\HOST\\USER\\svchost.exe -k DcomLaunch -p",
          "RuleName": "-",
          "ParentUser": "NT HOST\\USER",
          "Product": "Microsoft® Windows® Operating System",
          "ParentProcessId": "940",
          "ProcessId": "4344",
          "LogonId": "0x22f6e2",
          "ProcessGuid": "{GUID-REDACTED}",
          "TerminalSessionId": "2",
          "Hashes": "SHA256=9D4571F9C93BC1CFA5F390D09EF79AC0A29656122A793CB6376027566B8D3121",
          "OriginalFileName": "RuntimeBroker.exe",
          "IntegrityLevel": "Medium",
          "Company": "Microsoft Corporation",
          "User": "USER-REDACTED",
          "Description": "Runtime Broker",
          "CommandLine": "C:\\HOST\\USER\\RuntimeBroker.exe -Embedding",
          "ParentImage": "C:\\HOST\\USER\\svchost.exe",
          "FileVersion": "10.0.26100.7309 (WinBuild.160101.0800)"
        }
      },
      "tags": [
        "beats_input_codec_plain_applied"
      ],
      "agent": {
        "type": "winlogbeat",
        "id": "e914dd33-e7be-4a91-b774-394d715855f5",
        "name": "HOST-REDACTED",
        "ephemeral_id": "b8267783-8d43-4086-8074-c2f96b9f9dae",
        "version": "9.3.2"
      },
      "event": {
        "kind": "event",
        "created": "2026-03-29T09:11:41.468Z",
        "action": "Process Create (rule: ProcessCreate)",
        "code": "1",
        "original": "Process Create:\nRuleName: -\nUtcTime: 2026-03-22 05:51:03.443\nProcessGuid: {GUID-REDACTED}\nProcessId: 4344\nImage: C:\\HOST\\USER\\RuntimeBroker.exe\nFileVersion: 10.0.26100.7309 (WinBuild.160101.0800)\nDescription: Runtime Broker\nProduct: Microsoft® Windows® Operating System\nCompany: Microsoft Corporation\nOriginalFileName: RuntimeBroker.exe\nCommandLine: C:\\HOST\\USER\\RuntimeBroker.exe -Embedding\nCurrentDirectory: C:\\HOST\\USER\\\nUser: HOST\\USER\nLogonGuid: {GUID-REDACTED}\nLogonId: 0x22f6e2\nTerminalSessionId: 2\nIntegrityLevel: Medium\nHashes: SHA256=9D4571F9C93BC1CFA5F390D09EF79AC0A29656122A793CB6376027566B8D3121\nParentProcessGuid: {GUID-REDACTED}\nParentProcessId: 940\nParentImage: C:\\HOST\\USER\\svchost.exe\nParentCommandLine: C:\\HOST\\USER\\svchost.exe -k DcomLaunch -p\nParentUser: NT HOST\\USER",
        "provider": "Microsoft-Windows-Sysmon"
      }
    },
    "parsed_type": "sysmon",
    "event_type_name": "ProcessCreate",
    "process_guid": "{GUID-REDACTED}",
    "process_id": "4344",
    "image": "C:\\HOST\\USER\\RuntimeBroker.exe",
    "command_line": "C:\\HOST\\USER\\RuntimeBroker.exe -Embedding",
    "current_directory": "C:\\HOST\\USER\\",
    "user": "USER-REDACTED",
    "logon_guid": "{GUID-REDACTED}",
    "logon_id": "0x22f6e2",
    "terminal_session_id": "2",
    "integrity_level": "Medium",
    "hashes": "SHA256=9D4571F9C93BC1CFA5F390D09EF79AC0A29656122A793CB6376027566B8D3121",
    "parent_process_guid": "{GUID-REDACTED}",
    "parent_process_id": "940",
    "parent_image": "C:\\HOST\\USER\\svchost.exe",
    "parent_command_line": "C:\\HOST\\USER\\svchost.exe -k DcomLaunch -p",
    "target_filename": null,
    "creation_utc_time": null,
    "destination_ip": null,
    "destination_port": null,
    "source_ip": null,
    "source_port": null,
    "protocol": null,
    "target_object": null,
    "details": null
  },
