  {
    "timestamp": "2026-03-22T05:54:57.841Z",
    "message": "Process Create:\nRuleName: -\nUtcTime: 2026-03-22 05:54:57.833\nProcessGuid: {GUID-REDACTED}\nProcessId: 648\nImage: C:\\Program Files (x86)\\HOST\\USER\\HOST\\USER\nFileVersion: 146.0.3856.72\nDescription: Microsoft Edge\nProduct: Microsoft Edge\nCompany: Microsoft Corporation\nOriginalFileName: msedge.exe\nCommandLine: \"C:\\Program Files (x86)\\HOST\\USER\\HOST\\USER\" --type=utility --utility-sub-type=quarantine.mojom.Quarantine --lang=ko --service-sandbox-type=none --subproc-heap-profiling --skip-read-main-dll --metrics-shmem-handle=9660,i,4560933678158128665,13629880895756895628,524288 --field-trial-handle=1944,i,6324594288914619557,2372490712003491785,262144 --variations-seed-version --pseudonymization-salt-handle=1948,i,17021774890588888239,10672913660663146149,4 --trace-process-track-uuid=3190709017234252511 --mojo-platform-channel-handle=9644 /prefetch:14\nCurrentDirectory: C:\\Program Files (x86)\\HOST\\USER\\\nUser: HOST\\USER\nLogonGuid: {GUID-REDACTED}\nLogonId: 0x22f6e2\nTerminalSessionId: 2\nIntegrityLevel: Medium\nHashes: SHA256=4698F981ED8DF8F58DD4069324710C12333D01636579D14D23557D14147EB5A2\nParentProcessGuid: {GUID-REDACTED}\nParentProcessId: 7620\nParentImage: C:\\Program Files (x86)\\HOST\\USER\\HOST\\USER\nParentCommandLine: \"C:\\Program Files (x86)\\HOST\\USER\\HOST\\USER\" --no-startup-window\nParentUser: HOST\\USER",
    "event_code": "1",
    "event_action": "Process Create (rule: ProcessCreate)",
    "event_kind": "event",
    "provider": "Microsoft-Windows-Sysmon",
    "channel": "Microsoft-Windows-Sysmon/Operational",
    "event_id": "1",
    "record_id": 295,
    "computer_name": "HOST-REDACTED",
    "provider_name": "Microsoft-Windows-Sysmon",
    "log_level": "information",
    "host_name": "HOST-REDACTED",
    "host_hostname": "HOST-REDACTED",
    "host_os": "Windows 11 Pro",
    "agent_type": "winlogbeat",
    "agent_version": "9.3.2",
    "process_pid": 1596,
    "raw_event_data": {
      "CurrentDirectory": "C:\\Program Files (x86)\\HOST\\USER\\",
      "LogonGuid": "{GUID-REDACTED}",
      "Image": "C:\\Program Files (x86)\\HOST\\USER\\HOST\\USER",
      "ParentProcessGuid": "{GUID-REDACTED}",
      "UtcTime": "2026-03-22 05:54:57.833",
      "ParentCommandLine": "\"C:\\Program Files (x86)\\HOST\\USER\\HOST\\USER\" --no-startup-window",
      "RuleName": "-",
      "ParentUser": "HOST\\USER",
      "Product": "Microsoft Edge",
      "ParentProcessId": "7620",
      "ProcessId": "648",
      "LogonId": "0x22f6e2",
      "ProcessGuid": "{GUID-REDACTED}",
      "TerminalSessionId": "2",
      "Hashes": "SHA256=4698F981ED8DF8F58DD4069324710C12333D01636579D14D23557D14147EB5A2",
      "OriginalFileName": "msedge.exe",
      "IntegrityLevel": "Medium",
      "Company": "Microsoft Corporation",
      "User": "USER-REDACTED",
      "CommandLine": "\"C:\\Program Files (x86)\\HOST\\USER\\HOST\\USER\" --type=utility --utility-sub-type=quarantine.mojom.Quarantine --lang=ko --service-sandbox-type=none --subproc-heap-profiling --skip-read-main-dll --metrics-shmem-handle=9660,i,4560933678158128665,13629880895756895628,524288 --field-trial-handle=1944,i,6324594288914619557,2372490712003491785,262144 --variations-seed-version --pseudonymization-salt-handle=1948,i,17021774890588888239,10672913660663146149,4 --trace-process-track-uuid=3190709017234252511 --mojo-platform-channel-handle=9644 /prefetch:14",
      "Description": "Microsoft Edge",
      "ParentImage": "C:\\Program Files (x86)\\HOST\\USER\\HOST\\USER",
      "FileVersion": "146.0.3856.72"
    },
    "raw": {
      "@timestamp": "2026-03-22T05:54:57.841Z",
      "ecs": {
        "version": "8.0.0"
      },
      "message": "Process Create:\nRuleName: -\nUtcTime: 2026-03-22 05:54:57.833\nProcessGuid: {GUID-REDACTED}\nProcessId: 648\nImage: C:\\Program Files (x86)\\HOST\\USER\\HOST\\USER\nFileVersion: 146.0.3856.72\nDescription: Microsoft Edge\nProduct: Microsoft Edge\nCompany: Microsoft Corporation\nOriginalFileName: msedge.exe\nCommandLine: \"C:\\Program Files (x86)\\HOST\\USER\\HOST\\USER\" --type=utility --utility-sub-type=quarantine.mojom.Quarantine --lang=ko --service-sandbox-type=none --subproc-heap-profiling --skip-read-main-dll --metrics-shmem-handle=9660,i,4560933678158128665,13629880895756895628,524288 --field-trial-handle=1944,i,6324594288914619557,2372490712003491785,262144 --variations-seed-version --pseudonymization-salt-handle=1948,i,17021774890588888239,10672913660663146149,4 --trace-process-track-uuid=3190709017234252511 --mojo-platform-channel-handle=9644 /prefetch:14\nCurrentDirectory: C:\\Program Files (x86)\\HOST\\USER\\\nUser: HOST\\USER\nLogonGuid: {GUID-REDACTED}\nLogonId: 0x22f6e2\nTerminalSessionId: 2\nIntegrityLevel: Medium\nHashes: SHA256=4698F981ED8DF8F58DD4069324710C12333D01636579D14D23557D14147EB5A2\nParentProcessGuid: {GUID-REDACTED}\nParentProcessId: 7620\nParentImage: C:\\Program Files (x86)\\HOST\\USER\\HOST\\USER\nParentCommandLine: \"C:\\Program Files (x86)\\HOST\\USER\\HOST\\USER\" --no-startup-window\nParentUser: HOST\\USER",
      "log": {
        "level": "information"
      },
      "host": {
        "architecture": "x86_64",
        "name": "HOST-REDACTED",
        "id": "4c1ea299-cc74-49b5-ac0a-1138d9d08387",
        "os": {
          "type": "windows",
          "kernel": "10.0.26100.8036 (WinBuild.160101.0800)",
          "version": "10.0",
          "name": "Windows 11 Pro",
          "family": "windows",
          "build": "26200.8037",
          "platform": "windows"
        },
        "ip": [
          "fe80::1eac:376c:1bd5:f979",
          "IP-REDACTED"
        ],
        "mac": [
          "MAC-REDACTED"
        ],
        "hostname": "HOST-REDACTED"
      },
      "@version": "1",
      "winlog": {
        "version": 5,
        "user": {
          "type": "Well Known Group",
          "name": "SYSTEM",
          "domain": "NT AUTHORITY",
          "identifier": "S-1-5-XX-REDACTED"
        },
        "event_id": "1",
        "record_id": 295,
        "provider_guid": "{GUID-REDACTED}",
        "channel": "Microsoft-Windows-Sysmon/Operational",
        "task": "Process Create (rule: ProcessCreate)",
        "opcode": "Info",
        "computer_name": "HOST-REDACTED",
        "process": {
          "thread": {
            "id": 1304
          },
          "pid": 1596
        },
        "provider_name": "Microsoft-Windows-Sysmon",
        "event_data": {
          "CurrentDirectory": "C:\\Program Files (x86)\\HOST\\USER\\",
          "LogonGuid": "{GUID-REDACTED}",
          "Image": "C:\\Program Files (x86)\\HOST\\USER\\HOST\\USER",
          "ParentProcessGuid": "{GUID-REDACTED}",
          "UtcTime": "2026-03-22 05:54:57.833",
          "ParentCommandLine": "\"C:\\Program Files (x86)\\HOST\\USER\\HOST\\USER\" --no-startup-window",
          "RuleName": "-",
          "ParentUser": "HOST\\USER",
          "Product": "Microsoft Edge",
          "ParentProcessId": "7620",
          "ProcessId": "648",
          "LogonId": "0x22f6e2",
          "ProcessGuid": "{GUID-REDACTED}",
          "TerminalSessionId": "2",
          "Hashes": "SHA256=4698F981ED8DF8F58DD4069324710C12333D01636579D14D23557D14147EB5A2",
          "OriginalFileName": "msedge.exe",
          "IntegrityLevel": "Medium",
          "Company": "Microsoft Corporation",
          "User": "USER-REDACTED",
          "CommandLine": "\"C:\\Program Files (x86)\\HOST\\USER\\HOST\\USER\" --type=utility --utility-sub-type=quarantine.mojom.Quarantine --lang=ko --service-sandbox-type=none --subproc-heap-profiling --skip-read-main-dll --metrics-shmem-handle=9660,i,4560933678158128665,13629880895756895628,524288 --field-trial-handle=1944,i,6324594288914619557,2372490712003491785,262144 --variations-seed-version --pseudonymization-salt-handle=1948,i,17021774890588888239,10672913660663146149,4 --trace-process-track-uuid=3190709017234252511 --mojo-platform-channel-handle=9644 /prefetch:14",
          "Description": "Microsoft Edge",
          "ParentImage": "C:\\Program Files (x86)\\HOST\\USER\\HOST\\USER",
          "FileVersion": "146.0.3856.72"
        }
      },
      "tags": [
        "beats_input_codec_plain_applied"
      ],
      "agent": {
        "type": "winlogbeat",
        "id": "e914dd33-e7be-4a91-b774-394d715855f5",
        "name": "HOST-REDACTED",
        "ephemeral_id": "b8267783-8d43-4086-8074-c2f96b9f9dae",
        "version": "9.3.2"
      },
      "event": {
        "kind": "event",
        "created": "2026-03-29T09:11:41.471Z",
        "action": "Process Create (rule: ProcessCreate)",
        "code": "1",
        "original": "Process Create:\nRuleName: -\nUtcTime: 2026-03-22 05:54:57.833\nProcessGuid: {GUID-REDACTED}\nProcessId: 648\nImage: C:\\Program Files (x86)\\HOST\\USER\\HOST\\USER\nFileVersion: 146.0.3856.72\nDescription: Microsoft Edge\nProduct: Microsoft Edge\nCompany: Microsoft Corporation\nOriginalFileName: msedge.exe\nCommandLine: \"C:\\Program Files (x86)\\HOST\\USER\\HOST\\USER\" --type=utility --utility-sub-type=quarantine.mojom.Quarantine --lang=ko --service-sandbox-type=none --subproc-heap-profiling --skip-read-main-dll --metrics-shmem-handle=9660,i,4560933678158128665,13629880895756895628,524288 --field-trial-handle=1944,i,6324594288914619557,2372490712003491785,262144 --variations-seed-version --pseudonymization-salt-handle=1948,i,17021774890588888239,10672913660663146149,4 --trace-process-track-uuid=3190709017234252511 --mojo-platform-channel-handle=9644 /prefetch:14\nCurrentDirectory: C:\\Program Files (x86)\\HOST\\USER\\\nUser: HOST\\USER\nLogonGuid: {GUID-REDACTED}\nLogonId: 0x22f6e2\nTerminalSessionId: 2\nIntegrityLevel: Medium\nHashes: SHA256=4698F981ED8DF8F58DD4069324710C12333D01636579D14D23557D14147EB5A2\nParentProcessGuid: {GUID-REDACTED}\nParentProcessId: 7620\nParentImage: C:\\Program Files (x86)\\HOST\\USER\\HOST\\USER\nParentCommandLine: \"C:\\Program Files (x86)\\HOST\\USER\\HOST\\USER\" --no-startup-window\nParentUser: HOST\\USER",
        "provider": "Microsoft-Windows-Sysmon"
      }
    },
    "parsed_type": "sysmon",
    "event_type_name": "ProcessCreate",
    "process_guid": "{GUID-REDACTED}",
    "process_id": "648",
    "image": "C:\\Program Files (x86)\\HOST\\USER\\HOST\\USER",
    "command_line": "\"C:\\Program Files (x86)\\HOST\\USER\\HOST\\USER\" --type=utility --utility-sub-type=quarantine.mojom.Quarantine --lang=ko --service-sandbox-type=none --subproc-heap-profiling --skip-read-main-dll --metrics-shmem-handle=9660,i,4560933678158128665,13629880895756895628,524288 --field-trial-handle=1944,i,6324594288914619557,2372490712003491785,262144 --variations-seed-version --pseudonymization-salt-handle=1948,i,17021774890588888239,10672913660663146149,4 --trace-process-track-uuid=3190709017234252511 --mojo-platform-channel-handle=9644 /prefetch:14",
    "current_directory": "C:\\Program Files (x86)\\HOST\\USER\\",
    "user": "USER-REDACTED",
    "logon_guid": "{GUID-REDACTED}",
    "logon_id": "0x22f6e2",
    "terminal_session_id": "2",
    "integrity_level": "Medium",
    "hashes": "SHA256=4698F981ED8DF8F58DD4069324710C12333D01636579D14D23557D14147EB5A2",
    "parent_process_guid": "{GUID-REDACTED}",
    "parent_process_id": "7620",
    "parent_image": "C:\\Program Files (x86)\\HOST\\USER\\HOST\\USER",
    "parent_command_line": "\"C:\\Program Files (x86)\\HOST\\USER\\HOST\\USER\" --no-startup-window",
    "target_filename": null,
    "creation_utc_time": null,
    "destination_ip": null,
    "destination_port": null,
    "source_ip": null,
    "source_port": null,
    "protocol": null,
    "target_object": null,
    "details": null
  },
  {
    "timestamp": "2026-03-22T05:54:59.528Z",
    "message": "Process Create:\nRuleName: -\nUtcTime: 2026-03-22 05:54:59.525\nProcessGuid: {GUID-REDACTED}\nProcessId: 10128\nImage: C:\\HOST\\USER\\appidcertstorecheck.exe\nFileVersion: 10.0.26100.3037 (WinBuild.160101.0800)\nDescription: AppID Certificate Store Verification Task\nProduct: Microsoft® Windows® Operating System\nCompany: Microsoft Corporation\nOriginalFileName: AppIDCertstoreCheck.exe\nCommandLine: \"C:\\HOST\\USER\\appidcertstorecheck.exe\"\nCurrentDirectory: C:\\HOST\\USER\\\nUser: NT HOST\\USER SERVICE\nLogonGuid: {GUID-REDACTED}\nLogonId: 0x3e5\nTerminalSessionId: 0\nIntegrityLevel: System\nHashes: SHA256=442A6A8546B9B2EE4159760B04E8FD33E6F3310C92C66709C27AFA47C8653808\nParentProcessGuid: {GUID-REDACTED}\nParentProcessId: 1336\nParentImage: C:\\HOST\\USER\\svchost.exe\nParentCommandLine: C:\\HOST\\USER\\svchost.exe -k netsvcs -p -s Schedule\nParentUser: NT HOST\\USER",
    "event_code": "1",
    "event_action": "Process Create (rule: ProcessCreate)",
    "event_kind": "event",
    "provider": "Microsoft-Windows-Sysmon",
    "channel": "Microsoft-Windows-Sysmon/Operational",
    "event_id": "1",
    "record_id": 297,
    "computer_name": "HOST-REDACTED",
    "provider_name": "Microsoft-Windows-Sysmon",
    "log_level": "information",
    "host_name": "HOST-REDACTED",
    "host_hostname": "HOST-REDACTED",
    "host_os": "Windows 11 Pro",
    "agent_type": "winlogbeat",
    "agent_version": "9.3.2",
    "process_pid": 1596,
    "raw_event_data": {
      "CurrentDirectory": "C:\\HOST\\USER\\",
      "LogonGuid": "{GUID-REDACTED}",
      "Image": "C:\\HOST\\USER\\appidcertstorecheck.exe",
      "ParentProcessGuid": "{GUID-REDACTED}",
      "UtcTime": "2026-03-22 05:54:59.525",
      "ParentCommandLine": "C:\\HOST\\USER\\svchost.exe -k netsvcs -p -s Schedule",
      "RuleName": "-",
      "ParentUser": "NT HOST\\USER",
      "Product": "Microsoft® Windows® Operating System",
      "ParentProcessId": "1336",
      "ProcessId": "10128",
      "LogonId": "0x3e5",
      "ProcessGuid": "{GUID-REDACTED}",
      "TerminalSessionId": "0",
      "Hashes": "SHA256=442A6A8546B9B2EE4159760B04E8FD33E6F3310C92C66709C27AFA47C8653808",
      "OriginalFileName": "AppIDCertstoreCheck.exe",
      "IntegrityLevel": "System",
      "Company": "Microsoft Corporation",
      "User": "USER-REDACTED",
      "CommandLine": "\"C:\\HOST\\USER\\appidcertstorecheck.exe\"",
      "Description": "AppID Certificate Store Verification Task",
      "ParentImage": "C:\\HOST\\USER\\svchost.exe",
      "FileVersion": "10.0.26100.3037 (WinBuild.160101.0800)"
    },
    "raw": {
      "@timestamp": "2026-03-22T05:54:59.528Z",
      "host": {
        "architecture": "x86_64",
        "name": "HOST-REDACTED",
        "id": "4c1ea299-cc74-49b5-ac0a-1138d9d08387",
        "os": {
          "type": "windows",
          "kernel": "10.0.26100.8036 (WinBuild.160101.0800)",
          "version": "10.0",
          "name": "Windows 11 Pro",
          "family": "windows",
          "build": "26200.8037",
          "platform": "windows"
        },
        "ip": [
          "fe80::1eac:376c:1bd5:f979",
          "IP-REDACTED"
        ],
        "mac": [
          "MAC-REDACTED"
        ],
        "hostname": "HOST-REDACTED"
      },
      "message": "Process Create:\nRuleName: -\nUtcTime: 2026-03-22 05:54:59.525\nProcessGuid: {GUID-REDACTED}\nProcessId: 10128\nImage: C:\\HOST\\USER\\appidcertstorecheck.exe\nFileVersion: 10.0.26100.3037 (WinBuild.160101.0800)\nDescription: AppID Certificate Store Verification Task\nProduct: Microsoft® Windows® Operating System\nCompany: Microsoft Corporation\nOriginalFileName: AppIDCertstoreCheck.exe\nCommandLine: \"C:\\HOST\\USER\\appidcertstorecheck.exe\"\nCurrentDirectory: C:\\HOST\\USER\\\nUser: NT HOST\\USER SERVICE\nLogonGuid: {GUID-REDACTED}\nLogonId: 0x3e5\nTerminalSessionId: 0\nIntegrityLevel: System\nHashes: SHA256=442A6A8546B9B2EE4159760B04E8FD33E6F3310C92C66709C27AFA47C8653808\nParentProcessGuid: {GUID-REDACTED}\nParentProcessId: 1336\nParentImage: C:\\HOST\\USER\\svchost.exe\nParentCommandLine: C:\\HOST\\USER\\svchost.exe -k netsvcs -p -s Schedule\nParentUser: NT HOST\\USER",
      "ecs": {
        "version": "8.0.0"
      },
      "log": {
        "level": "information"
      },
      "@version": "1",
      "winlog": {
        "version": 5,
        "user": {
          "type": "Well Known Group",
          "name": "SYSTEM",
          "domain": "NT AUTHORITY",
          "identifier": "S-1-5-XX-REDACTED"
        },
        "event_id": "1",
        "record_id": 297,
        "provider_guid": "{GUID-REDACTED}",
        "channel": "Microsoft-Windows-Sysmon/Operational",
        "task": "Process Create (rule: ProcessCreate)",
        "opcode": "Info",
        "computer_name": "HOST-REDACTED",
        "process": {
          "thread": {
            "id": 1304
          },
          "pid": 1596
        },
        "provider_name": "Microsoft-Windows-Sysmon",
        "event_data": {
          "CurrentDirectory": "C:\\HOST\\USER\\",
          "LogonGuid": "{GUID-REDACTED}",
          "Image": "C:\\HOST\\USER\\appidcertstorecheck.exe",
          "ParentProcessGuid": "{GUID-REDACTED}",
          "UtcTime": "2026-03-22 05:54:59.525",
          "ParentCommandLine": "C:\\HOST\\USER\\svchost.exe -k netsvcs -p -s Schedule",
          "RuleName": "-",
          "ParentUser": "NT HOST\\USER",
          "Product": "Microsoft® Windows® Operating System",
          "ParentProcessId": "1336",
          "ProcessId": "10128",
          "LogonId": "0x3e5",
          "ProcessGuid": "{GUID-REDACTED}",
          "TerminalSessionId": "0",
          "Hashes": "SHA256=442A6A8546B9B2EE4159760B04E8FD33E6F3310C92C66709C27AFA47C8653808",
          "OriginalFileName": "AppIDCertstoreCheck.exe",
          "IntegrityLevel": "System",
          "Company": "Microsoft Corporation",
          "User": "USER-REDACTED",
          "CommandLine": "\"C:\\HOST\\USER\\appidcertstorecheck.exe\"",
          "Description": "AppID Certificate Store Verification Task",
          "ParentImage": "C:\\HOST\\USER\\svchost.exe",
          "FileVersion": "10.0.26100.3037 (WinBuild.160101.0800)"
        }
      },
      "tags": [
        "beats_input_codec_plain_applied"
      ],
      "agent": {
        "type": "winlogbeat",
        "id": "e914dd33-e7be-4a91-b774-394d715855f5",
        "name": "HOST-REDACTED",
        "ephemeral_id": "b8267783-8d43-4086-8074-c2f96b9f9dae",
        "version": "9.3.2"
      },
      "event": {
        "kind": "event",
        "created": "2026-03-29T09:11:41.471Z",
        "action": "Process Create (rule: ProcessCreate)",
        "code": "1",
        "original": "Process Create:\nRuleName: -\nUtcTime: 2026-03-22 05:54:59.525\nProcessGuid: {GUID-REDACTED}\nProcessId: 10128\nImage: C:\\HOST\\USER\\appidcertstorecheck.exe\nFileVersion: 10.0.26100.3037 (WinBuild.160101.0800)\nDescription: AppID Certificate Store Verification Task\nProduct: Microsoft® Windows® Operating System\nCompany: Microsoft Corporation\nOriginalFileName: AppIDCertstoreCheck.exe\nCommandLine: \"C:\\HOST\\USER\\appidcertstorecheck.exe\"\nCurrentDirectory: C:\\HOST\\USER\\\nUser: NT HOST\\USER SERVICE\nLogonGuid: {GUID-REDACTED}\nLogonId: 0x3e5\nTerminalSessionId: 0\nIntegrityLevel: System\nHashes: SHA256=442A6A8546B9B2EE4159760B04E8FD33E6F3310C92C66709C27AFA47C8653808\nParentProcessGuid: {GUID-REDACTED}\nParentProcessId: 1336\nParentImage: C:\\HOST\\USER\\svchost.exe\nParentCommandLine: C:\\HOST\\USER\\svchost.exe -k netsvcs -p -s Schedule\nParentUser: NT HOST\\USER",
        "provider": "Microsoft-Windows-Sysmon"
      }
    },
    "parsed_type": "sysmon",
    "event_type_name": "ProcessCreate",
    "process_guid": "{GUID-REDACTED}",
    "process_id": "10128",
    "image": "C:\\HOST\\USER\\appidcertstorecheck.exe",
    "command_line": "\"C:\\HOST\\USER\\appidcertstorecheck.exe\"",
    "current_directory": "C:\\HOST\\USER\\",
    "user": "USER-REDACTED",
    "logon_guid": "{GUID-REDACTED}",
    "logon_id": "0x3e5",
    "terminal_session_id": "0",
    "integrity_level": "System",
    "hashes": "SHA256=442A6A8546B9B2EE4159760B04E8FD33E6F3310C92C66709C27AFA47C8653808",
    "parent_process_guid": "{GUID-REDACTED}",
    "parent_process_id": "1336",
    "parent_image": "C:\\HOST\\USER\\svchost.exe",
    "parent_command_line": "C:\\HOST\\USER\\svchost.exe -k netsvcs -p -s Schedule",
    "target_filename": null,
    "creation_utc_time": null,
    "destination_ip": null,
    "destination_port": null,
    "source_ip": null,
    "source_port": null,
    "protocol": null,
    "target_object": null,
    "details": null
  },
  {
    "timestamp": "2026-03-22T05:54:59.536Z",
    "message": "Process Create:\nRuleName: -\nUtcTime: 2026-03-22 05:54:59.534\nProcessGuid: {GUID-REDACTED}\nProcessId: 3656\nImage: C:\\HOST\\USER\\conhost.exe\nFileVersion: 10.0.26100.7920 (WinBuild.160101.0800)\nDescription: Console Window Host\nProduct: Microsoft® Windows® Operating System\nCompany: Microsoft Corporation\nOriginalFileName: CONHOST.EXE\nCommandLine: \\??\\C:\\HOST\\USER\\conhost.exe 0xffffffff -ForceV1\nCurrentDirectory: C:\\WINDOWS\nUser: NT HOST\\USER SERVICE\nLogonGuid: {GUID-REDACTED}\nLogonId: 0x3e5\nTerminalSessionId: 0\nIntegrityLevel: System\nHashes: SHA256=2B335DE3C724DDB63A4D14E57C8F5A742A87C1D07A41BE0EBAAC4E32A693D153\nParentProcessGuid: {GUID-REDACTED}\nParentProcessId: 10128\nParentImage: C:\\HOST\\USER\\appidcertstorecheck.exe\nParentCommandLine: \"C:\\HOST\\USER\\appidcertstorecheck.exe\"\nParentUser: NT HOST\\USER SERVICE",
    "event_code": "1",
    "event_action": "Process Create (rule: ProcessCreate)",
    "event_kind": "event",
    "provider": "Microsoft-Windows-Sysmon",
    "channel": "Microsoft-Windows-Sysmon/Operational",
    "event_id": "1",
    "record_id": 298,
    "computer_name": "HOST-REDACTED",
    "provider_name": "Microsoft-Windows-Sysmon",
    "log_level": "information",
    "host_name": "HOST-REDACTED",
    "host_hostname": "HOST-REDACTED",
    "host_os": "Windows 11 Pro",
    "agent_type": "winlogbeat",
    "agent_version": "9.3.2",
    "process_pid": 1596,
    "raw_event_data": {
      "CurrentDirectory": "C:\\WINDOWS",
      "LogonGuid": "{GUID-REDACTED}",
      "Image": "C:\\HOST\\USER\\conhost.exe",
      "ParentProcessGuid": "{GUID-REDACTED}",
      "UtcTime": "2026-03-22 05:54:59.534",
      "ParentCommandLine": "\"C:\\HOST\\USER\\appidcertstorecheck.exe\"",
      "RuleName": "-",
      "ParentUser": "NT HOST\\USER SERVICE",
      "Product": "Microsoft® Windows® Operating System",
      "ParentProcessId": "10128",
      "ProcessId": "3656",
      "LogonId": "0x3e5",
      "ProcessGuid": "{GUID-REDACTED}",
      "TerminalSessionId": "0",
      "Hashes": "SHA256=2B335DE3C724DDB63A4D14E57C8F5A742A87C1D07A41BE0EBAAC4E32A693D153",
      "OriginalFileName": "CONHOST.EXE",
      "IntegrityLevel": "System",
      "Company": "Microsoft Corporation",
      "User": "USER-REDACTED",
      "CommandLine": "\\??\\C:\\HOST\\USER\\conhost.exe 0xffffffff -ForceV1",
      "Description": "Console Window Host",
      "ParentImage": "C:\\HOST\\USER\\appidcertstorecheck.exe",
      "FileVersion": "10.0.26100.7920 (WinBuild.160101.0800)"
    },
    "raw": {
      "@timestamp": "2026-03-22T05:54:59.536Z",
      "log": {
        "level": "information"
      },
      "message": "Process Create:\nRuleName: -\nUtcTime: 2026-03-22 05:54:59.534\nProcessGuid: {GUID-REDACTED}\nProcessId: 3656\nImage: C:\\HOST\\USER\\conhost.exe\nFileVersion: 10.0.26100.7920 (WinBuild.160101.0800)\nDescription: Console Window Host\nProduct: Microsoft® Windows® Operating System\nCompany: Microsoft Corporation\nOriginalFileName: CONHOST.EXE\nCommandLine: \\??\\C:\\HOST\\USER\\conhost.exe 0xffffffff -ForceV1\nCurrentDirectory: C:\\WINDOWS\nUser: NT HOST\\USER SERVICE\nLogonGuid: {GUID-REDACTED}\nLogonId: 0x3e5\nTerminalSessionId: 0\nIntegrityLevel: System\nHashes: SHA256=2B335DE3C724DDB63A4D14E57C8F5A742A87C1D07A41BE0EBAAC4E32A693D153\nParentProcessGuid: {GUID-REDACTED}\nParentProcessId: 10128\nParentImage: C:\\HOST\\USER\\appidcertstorecheck.exe\nParentCommandLine: \"C:\\HOST\\USER\\appidcertstorecheck.exe\"\nParentUser: NT HOST\\USER SERVICE",
      "host": {
        "architecture": "x86_64",
        "id": "4c1ea299-cc74-49b5-ac0a-1138d9d08387",
        "ip": [
          "fe80::1eac:376c:1bd5:f979",
          "IP-REDACTED"
        ],
        "name": "HOST-REDACTED",
        "os": {
          "type": "windows",
          "name": "Windows 11 Pro",
          "kernel": "10.0.26100.8036 (WinBuild.160101.0800)",
          "version": "10.0",
          "family": "windows",
          "build": "26200.8037",
          "platform": "windows"
        },
        "mac": [
          "MAC-REDACTED"
        ],
        "hostname": "HOST-REDACTED"
      },
      "ecs": {
        "version": "8.0.0"
      },
      "@version": "1",
      "winlog": {
        "version": 5,
        "user": {
          "type": "Well Known Group",
          "name": "SYSTEM",
          "domain": "NT AUTHORITY",
          "identifier": "S-1-5-XX-REDACTED"
        },
        "event_id": "1",
        "record_id": 298,
        "provider_guid": "{GUID-REDACTED}",
        "channel": "Microsoft-Windows-Sysmon/Operational",
        "task": "Process Create (rule: ProcessCreate)",
        "opcode": "Info",
        "process": {
          "thread": {
            "id": 1304
          },
          "pid": 1596
        },
        "computer_name": "HOST-REDACTED",
        "provider_name": "Microsoft-Windows-Sysmon",
        "event_data": {
          "CurrentDirectory": "C:\\WINDOWS",
          "LogonGuid": "{GUID-REDACTED}",
          "Image": "C:\\HOST\\USER\\conhost.exe",
          "ParentProcessGuid": "{GUID-REDACTED}",
          "UtcTime": "2026-03-22 05:54:59.534",
          "ParentCommandLine": "\"C:\\HOST\\USER\\appidcertstorecheck.exe\"",
          "RuleName": "-",
          "ParentUser": "NT HOST\\USER SERVICE",
          "Product": "Microsoft® Windows® Operating System",
          "ParentProcessId": "10128",
          "ProcessId": "3656",
          "LogonId": "0x3e5",
          "ProcessGuid": "{GUID-REDACTED}",
          "TerminalSessionId": "0",
          "Hashes": "SHA256=2B335DE3C724DDB63A4D14E57C8F5A742A87C1D07A41BE0EBAAC4E32A693D153",
          "OriginalFileName": "CONHOST.EXE",
          "IntegrityLevel": "System",
          "Company": "Microsoft Corporation",
          "User": "USER-REDACTED",
          "CommandLine": "\\??\\C:\\HOST\\USER\\conhost.exe 0xffffffff -ForceV1",
          "Description": "Console Window Host",
          "ParentImage": "C:\\HOST\\USER\\appidcertstorecheck.exe",
          "FileVersion": "10.0.26100.7920 (WinBuild.160101.0800)"
        }
      },
      "tags": [
        "beats_input_codec_plain_applied"
      ],
      "agent": {
        "type": "winlogbeat",
        "id": "e914dd33-e7be-4a91-b774-394d715855f5",
        "name": "HOST-REDACTED",
        "ephemeral_id": "b8267783-8d43-4086-8074-c2f96b9f9dae",
        "version": "9.3.2"
      },
      "event": {
        "kind": "event",
        "created": "2026-03-29T09:11:41.471Z",
        "action": "Process Create (rule: ProcessCreate)",
        "code": "1",
        "original": "Process Create:\nRuleName: -\nUtcTime: 2026-03-22 05:54:59.534\nProcessGuid: {GUID-REDACTED}\nProcessId: 3656\nImage: C:\\HOST\\USER\\conhost.exe\nFileVersion: 10.0.26100.7920 (WinBuild.160101.0800)\nDescription: Console Window Host\nProduct: Microsoft® Windows® Operating System\nCompany: Microsoft Corporation\nOriginalFileName: CONHOST.EXE\nCommandLine: \\??\\C:\\HOST\\USER\\conhost.exe 0xffffffff -ForceV1\nCurrentDirectory: C:\\WINDOWS\nUser: NT HOST\\USER SERVICE\nLogonGuid: {GUID-REDACTED}\nLogonId: 0x3e5\nTerminalSessionId: 0\nIntegrityLevel: System\nHashes: SHA256=2B335DE3C724DDB63A4D14E57C8F5A742A87C1D07A41BE0EBAAC4E32A693D153\nParentProcessGuid: {GUID-REDACTED}\nParentProcessId: 10128\nParentImage: C:\\HOST\\USER\\appidcertstorecheck.exe\nParentCommandLine: \"C:\\HOST\\USER\\appidcertstorecheck.exe\"\nParentUser: NT HOST\\USER SERVICE",
        "provider": "Microsoft-Windows-Sysmon"
      }
    },
    "parsed_type": "sysmon",
    "event_type_name": "ProcessCreate",
    "process_guid": "{GUID-REDACTED}",
    "process_id": "3656",
    "image": "C:\\HOST\\USER\\conhost.exe",
    "command_line": "\\??\\C:\\HOST\\USER\\conhost.exe 0xffffffff -ForceV1",
    "current_directory": "C:\\WINDOWS",
    "user": "USER-REDACTED",
    "logon_guid": "{GUID-REDACTED}",
    "logon_id": "0x3e5",
    "terminal_session_id": "0",
    "integrity_level": "System",
    "hashes": "SHA256=2B335DE3C724DDB63A4D14E57C8F5A742A87C1D07A41BE0EBAAC4E32A693D153",
    "parent_process_guid": "{GUID-REDACTED}",
    "parent_process_id": "10128",
    "parent_image": "C:\\HOST\\USER\\appidcertstorecheck.exe",
    "parent_command_line": "\"C:\\HOST\\USER\\appidcertstorecheck.exe\"",
    "target_filename": null,
    "creation_utc_time": null,
    "destination_ip": null,
    "destination_port": null,
    "source_ip": null,
    "source_port": null,
    "protocol": null,
    "target_object": null,
    "details": null
  },
  {
    "timestamp": "2026-03-22T05:55:04.728Z",
    "message": "Process Create:\nRuleName: -\nUtcTime: 2026-03-22 05:55:04.724\nProcessGuid: {GUID-REDACTED}\nProcessId: 3156\nImage: C:\\HOST\\USER\\dllhost.exe\nFileVersion: 10.0.26100.7705 (WinBuild.160101.0800)\nDescription: COM Surrogate\nProduct: Microsoft® Windows® Operating System\nCompany: Microsoft Corporation\nOriginalFileName: dllhost.exe\nCommandLine: C:\\HOST\\USER\\DllHost.exe /Processid:{GUID-REDACTED}\nCurrentDirectory: C:\\HOST\\USER\\\nUser: HOST\\USER\nLogonGuid: {GUID-REDACTED}\nLogonId: 0x22f6e2\nTerminalSessionId: 2\nIntegrityLevel: Medium\nHashes: SHA256=69A7865772A1EA68A8D72520BC998FC5040D13057F71154FF525D18E0DB4760D\nParentProcessGuid: {GUID-REDACTED}\nParentProcessId: 940\nParentImage: C:\\HOST\\USER\\svchost.exe\nParentCommandLine: C:\\HOST\\USER\\svchost.exe -k DcomLaunch -p\nParentUser: NT HOST\\USER",
    "event_code": "1",
    "event_action": "Process Create (rule: ProcessCreate)",
    "event_kind": "event",
    "provider": "Microsoft-Windows-Sysmon",
    "channel": "Microsoft-Windows-Sysmon/Operational",
    "event_id": "1",
    "record_id": 302,
    "computer_name": "HOST-REDACTED",
    "provider_name": "Microsoft-Windows-Sysmon",
    "log_level": "information",
    "host_name": "HOST-REDACTED",
    "host_hostname": "HOST-REDACTED",
    "host_os": "Windows 11 Pro",
    "agent_type": "winlogbeat",
    "agent_version": "9.3.2",
    "process_pid": 1596,
    "raw_event_data": {
      "CurrentDirectory": "C:\\HOST\\USER\\",
      "LogonGuid": "{GUID-REDACTED}",
      "Image": "C:\\HOST\\USER\\dllhost.exe",
      "ParentProcessGuid": "{GUID-REDACTED}",
      "UtcTime": "2026-03-22 05:55:04.724",
      "ParentCommandLine": "C:\\HOST\\USER\\svchost.exe -k DcomLaunch -p",
      "RuleName": "-",
      "ParentUser": "NT HOST\\USER",
      "ParentProcessId": "940",
      "Product": "Microsoft® Windows® Operating System",
      "ProcessId": "3156",
      "LogonId": "0x22f6e2",
      "ProcessGuid": "{GUID-REDACTED}",
      "TerminalSessionId": "2",
      "Hashes": "SHA256=69A7865772A1EA68A8D72520BC998FC5040D13057F71154FF525D18E0DB4760D",
      "OriginalFileName": "dllhost.exe",
      "IntegrityLevel": "Medium",
      "Company": "Microsoft Corporation",
      "User": "USER-REDACTED",
      "Description": "COM Surrogate",
      "CommandLine": "C:\\HOST\\USER\\DllHost.exe /Processid:{GUID-REDACTED}",
      "ParentImage": "C:\\HOST\\USER\\svchost.exe",
      "FileVersion": "10.0.26100.7705 (WinBuild.160101.0800)"
    },
    "raw": {
      "@timestamp": "2026-03-22T05:55:04.728Z",
      "message": "Process Create:\nRuleName: -\nUtcTime: 2026-03-22 05:55:04.724\nProcessGuid: {GUID-REDACTED}\nProcessId: 3156\nImage: C:\\HOST\\USER\\dllhost.exe\nFileVersion: 10.0.26100.7705 (WinBuild.160101.0800)\nDescription: COM Surrogate\nProduct: Microsoft® Windows® Operating System\nCompany: Microsoft Corporation\nOriginalFileName: dllhost.exe\nCommandLine: C:\\HOST\\USER\\DllHost.exe /Processid:{GUID-REDACTED}\nCurrentDirectory: C:\\HOST\\USER\\\nUser: HOST\\USER\nLogonGuid: {GUID-REDACTED}\nLogonId: 0x22f6e2\nTerminalSessionId: 2\nIntegrityLevel: Medium\nHashes: SHA256=69A7865772A1EA68A8D72520BC998FC5040D13057F71154FF525D18E0DB4760D\nParentProcessGuid: {GUID-REDACTED}\nParentProcessId: 940\nParentImage: C:\\HOST\\USER\\svchost.exe\nParentCommandLine: C:\\HOST\\USER\\svchost.exe -k DcomLaunch -p\nParentUser: NT HOST\\USER",
      "log": {
        "level": "information"
      },
      "ecs": {
        "version": "8.0.0"
      },
      "host": {
        "architecture": "x86_64",
        "name": "HOST-REDACTED",
        "id": "4c1ea299-cc74-49b5-ac0a-1138d9d08387",
        "os": {
          "type": "windows",
          "name": "Windows 11 Pro",
          "kernel": "10.0.26100.8036 (WinBuild.160101.0800)",
          "version": "10.0",
          "family": "windows",
          "build": "26200.8037",
          "platform": "windows"
        },
        "ip": [
          "fe80::1eac:376c:1bd5:f979",
          "IP-REDACTED"
        ],
        "mac": [
          "MAC-REDACTED"
        ],
        "hostname": "HOST-REDACTED"
      },
      "@version": "1",
      "winlog": {
        "version": 5,
        "user": {
          "type": "Well Known Group",
          "name": "SYSTEM",
          "domain": "NT AUTHORITY",
          "identifier": "S-1-5-XX-REDACTED"
        },
        "event_id": "1",
        "record_id": 302,
        "provider_guid": "{GUID-REDACTED}",
        "channel": "Microsoft-Windows-Sysmon/Operational",
        "task": "Process Create (rule: ProcessCreate)",
        "opcode": "Info",
        "computer_name": "HOST-REDACTED",
        "process": {
          "thread": {
            "id": 1304
          },
          "pid": 1596
        },
        "provider_name": "Microsoft-Windows-Sysmon",
        "event_data": {
          "CurrentDirectory": "C:\\HOST\\USER\\",
          "LogonGuid": "{GUID-REDACTED}",
          "Image": "C:\\HOST\\USER\\dllhost.exe",
          "ParentProcessGuid": "{GUID-REDACTED}",
          "UtcTime": "2026-03-22 05:55:04.724",
          "ParentCommandLine": "C:\\HOST\\USER\\svchost.exe -k DcomLaunch -p",
          "RuleName": "-",
          "ParentUser": "NT HOST\\USER",
          "ParentProcessId": "940",
          "Product": "Microsoft® Windows® Operating System",
          "ProcessId": "3156",
          "LogonId": "0x22f6e2",
          "ProcessGuid": "{GUID-REDACTED}",
          "TerminalSessionId": "2",
          "Hashes": "SHA256=69A7865772A1EA68A8D72520BC998FC5040D13057F71154FF525D18E0DB4760D",
          "OriginalFileName": "dllhost.exe",
          "IntegrityLevel": "Medium",
          "Company": "Microsoft Corporation",
          "User": "USER-REDACTED",
          "Description": "COM Surrogate",
          "CommandLine": "C:\\HOST\\USER\\DllHost.exe /Processid:{GUID-REDACTED}",
          "ParentImage": "C:\\HOST\\USER\\svchost.exe",
          "FileVersion": "10.0.26100.7705 (WinBuild.160101.0800)"
        }
      },
      "tags": [
        "beats_input_codec_plain_applied"
      ],
      "agent": {
        "type": "winlogbeat",
        "version": "9.3.2",
        "id": "e914dd33-e7be-4a91-b774-394d715855f5",
        "ephemeral_id": "b8267783-8d43-4086-8074-c2f96b9f9dae",
        "name": "HOST-REDACTED"
      },
      "event": {
        "kind": "event",
        "created": "2026-03-29T09:11:41.471Z",
        "code": "1",
        "action": "Process Create (rule: ProcessCreate)",
        "original": "Process Create:\nRuleName: -\nUtcTime: 2026-03-22 05:55:04.724\nProcessGuid: {GUID-REDACTED}\nProcessId: 3156\nImage: C:\\HOST\\USER\\dllhost.exe\nFileVersion: 10.0.26100.7705 (WinBuild.160101.0800)\nDescription: COM Surrogate\nProduct: Microsoft® Windows® Operating System\nCompany: Microsoft Corporation\nOriginalFileName: dllhost.exe\nCommandLine: C:\\HOST\\USER\\DllHost.exe /Processid:{GUID-REDACTED}\nCurrentDirectory: C:\\HOST\\USER\\\nUser: HOST\\USER\nLogonGuid: {GUID-REDACTED}\nLogonId: 0x22f6e2\nTerminalSessionId: 2\nIntegrityLevel: Medium\nHashes: SHA256=69A7865772A1EA68A8D72520BC998FC5040D13057F71154FF525D18E0DB4760D\nParentProcessGuid: {GUID-REDACTED}\nParentProcessId: 940\nParentImage: C:\\HOST\\USER\\svchost.exe\nParentCommandLine: C:\\HOST\\USER\\svchost.exe -k DcomLaunch -p\nParentUser: NT HOST\\USER",
        "provider": "Microsoft-Windows-Sysmon"
      }
    },
    "parsed_type": "sysmon",
    "event_type_name": "ProcessCreate",
    "process_guid": "{GUID-REDACTED}",
    "process_id": "3156",
    "image": "C:\\HOST\\USER\\dllhost.exe",
    "command_line": "C:\\HOST\\USER\\DllHost.exe /Processid:{GUID-REDACTED}",
    "current_directory": "C:\\HOST\\USER\\",
    "user": "USER-REDACTED",
    "logon_guid": "{GUID-REDACTED}",
    "logon_id": "0x22f6e2",
    "terminal_session_id": "2",
    "integrity_level": "Medium",
    "hashes": "SHA256=69A7865772A1EA68A8D72520BC998FC5040D13057F71154FF525D18E0DB4760D",
    "parent_process_guid": "{GUID-REDACTED}",
    "parent_process_id": "940",
    "parent_image": "C:\\HOST\\USER\\svchost.exe",
    "parent_command_line": "C:\\HOST\\USER\\svchost.exe -k DcomLaunch -p",
    "target_filename": null,
    "creation_utc_time": null,
    "destination_ip": null,
    "destination_port": null,
    "source_ip": null,
    "source_port": null,
    "protocol": null,
    "target_object": null,
    "details": null
  },
  {
    "timestamp": "2026-03-22T05:55:13.857Z",
    "message": "Process Create:\nRuleName: -\nUtcTime: 2026-03-22 05:55:13.515\nProcessGuid: {GUID-REDACTED}\nProcessId: 2260\nImage: C:\\HOST\\USER\\dllhost.exe\nFileVersion: 10.0.26100.7705 (WinBuild.160101.0800)\nDescription: COM Surrogate\nProduct: Microsoft® Windows® Operating System\nCompany: Microsoft Corporation\nOriginalFileName: dllhost.exe\nCommandLine: C:\\HOST\\USER\\DllHost.exe /Processid:{GUID-REDACTED}\nCurrentDirectory: C:\\HOST\\USER\\\nUser: HOST\\USER\nLogonGuid: {GUID-REDACTED}\nLogonId: 0x22f6e2\nTerminalSessionId: 2\nIntegrityLevel: Medium\nHashes: SHA256=69A7865772A1EA68A8D72520BC998FC5040D13057F71154FF525D18E0DB4760D\nParentProcessGuid: {GUID-REDACTED}\nParentProcessId: 940\nParentImage: C:\\HOST\\USER\\svchost.exe\nParentCommandLine: C:\\HOST\\USER\\svchost.exe -k DcomLaunch -p\nParentUser: NT HOST\\USER",
    "event_code": "1",
    "event_action": "Process Create (rule: ProcessCreate)",
    "event_kind": "event",
    "provider": "Microsoft-Windows-Sysmon",
    "channel": "Microsoft-Windows-Sysmon/Operational",
    "event_id": "1",
    "record_id": 304,
    "computer_name": "HOST-REDACTED",
    "provider_name": "Microsoft-Windows-Sysmon",
    "log_level": "information",
    "host_name": "HOST-REDACTED",
    "host_hostname": "HOST-REDACTED",
    "host_os": "Windows 11 Pro",
    "agent_type": "winlogbeat",
    "agent_version": "9.3.2",
    "process_pid": 1596,
    "raw_event_data": {
      "CurrentDirectory": "C:\\HOST\\USER\\",
      "LogonGuid": "{GUID-REDACTED}",
      "Image": "C:\\HOST\\USER\\dllhost.exe",
      "ParentProcessGuid": "{GUID-REDACTED}",
      "UtcTime": "2026-03-22 05:55:13.515",
      "ParentCommandLine": "C:\\HOST\\USER\\svchost.exe -k DcomLaunch -p",
      "RuleName": "-",
      "ParentUser": "NT HOST\\USER",
      "ParentProcessId": "940",
      "Product": "Microsoft® Windows® Operating System",
      "ProcessId": "2260",
      "LogonId": "0x22f6e2",
      "ProcessGuid": "{GUID-REDACTED}",
      "TerminalSessionId": "2",
      "Hashes": "SHA256=69A7865772A1EA68A8D72520BC998FC5040D13057F71154FF525D18E0DB4760D",
      "OriginalFileName": "dllhost.exe",
      "IntegrityLevel": "Medium",
      "Company": "Microsoft Corporation",
      "User": "USER-REDACTED",
      "CommandLine": "C:\\HOST\\USER\\DllHost.exe /Processid:{GUID-REDACTED}",
      "Description": "COM Surrogate",
      "ParentImage": "C:\\HOST\\USER\\svchost.exe",
      "FileVersion": "10.0.26100.7705 (WinBuild.160101.0800)"
    },
    "raw": {
      "@timestamp": "2026-03-22T05:55:13.857Z",
      "host": {
        "architecture": "x86_64",
        "name": "HOST-REDACTED",
        "id": "4c1ea299-cc74-49b5-ac0a-1138d9d08387",
        "ip": [
          "fe80::1eac:376c:1bd5:f979",
          "IP-REDACTED"
        ],
        "os": {
          "type": "windows",
          "version": "10.0",
          "name": "Windows 11 Pro",
          "kernel": "10.0.26100.8036 (WinBuild.160101.0800)",
          "family": "windows",
          "build": "26200.8037",
          "platform": "windows"
        },
        "mac": [
          "MAC-REDACTED"
        ],
        "hostname": "HOST-REDACTED"
      },
      "message": "Process Create:\nRuleName: -\nUtcTime: 2026-03-22 05:55:13.515\nProcessGuid: {GUID-REDACTED}\nProcessId: 2260\nImage: C:\\HOST\\USER\\dllhost.exe\nFileVersion: 10.0.26100.7705 (WinBuild.160101.0800)\nDescription: COM Surrogate\nProduct: Microsoft® Windows® Operating System\nCompany: Microsoft Corporation\nOriginalFileName: dllhost.exe\nCommandLine: C:\\HOST\\USER\\DllHost.exe /Processid:{GUID-REDACTED}\nCurrentDirectory: C:\\HOST\\USER\\\nUser: HOST\\USER\nLogonGuid: {GUID-REDACTED}\nLogonId: 0x22f6e2\nTerminalSessionId: 2\nIntegrityLevel: Medium\nHashes: SHA256=69A7865772A1EA68A8D72520BC998FC5040D13057F71154FF525D18E0DB4760D\nParentProcessGuid: {GUID-REDACTED}\nParentProcessId: 940\nParentImage: C:\\HOST\\USER\\svchost.exe\nParentCommandLine: C:\\HOST\\USER\\svchost.exe -k DcomLaunch -p\nParentUser: NT HOST\\USER",
      "log": {
        "level": "information"
      },
      "ecs": {
        "version": "8.0.0"
      },
      "@version": "1",
      "winlog": {
        "version": 5,
        "user": {
          "type": "Well Known Group",
          "name": "SYSTEM",
          "domain": "NT AUTHORITY",
          "identifier": "S-1-5-XX-REDACTED"
        },
        "event_id": "1",
        "record_id": 304,
        "provider_guid": "{GUID-REDACTED}",
        "channel": "Microsoft-Windows-Sysmon/Operational",
        "task": "Process Create (rule: ProcessCreate)",
        "opcode": "Info",
        "computer_name": "HOST-REDACTED",
        "process": {
          "thread": {
            "id": 1304
          },
          "pid": 1596
        },
        "provider_name": "Microsoft-Windows-Sysmon",
        "event_data": {
          "CurrentDirectory": "C:\\HOST\\USER\\",
          "LogonGuid": "{GUID-REDACTED}",
          "Image": "C:\\HOST\\USER\\dllhost.exe",
          "ParentProcessGuid": "{GUID-REDACTED}",
          "UtcTime": "2026-03-22 05:55:13.515",
          "ParentCommandLine": "C:\\HOST\\USER\\svchost.exe -k DcomLaunch -p",
          "RuleName": "-",
          "ParentUser": "NT HOST\\USER",
          "ParentProcessId": "940",
          "Product": "Microsoft® Windows® Operating System",
          "ProcessId": "2260",
          "LogonId": "0x22f6e2",
          "ProcessGuid": "{GUID-REDACTED}",
          "TerminalSessionId": "2",
          "Hashes": "SHA256=69A7865772A1EA68A8D72520BC998FC5040D13057F71154FF525D18E0DB4760D",
          "OriginalFileName": "dllhost.exe",
          "IntegrityLevel": "Medium",
          "Company": "Microsoft Corporation",
          "User": "USER-REDACTED",
          "CommandLine": "C:\\HOST\\USER\\DllHost.exe /Processid:{GUID-REDACTED}",
          "Description": "COM Surrogate",
          "ParentImage": "C:\\HOST\\USER\\svchost.exe",
          "FileVersion": "10.0.26100.7705 (WinBuild.160101.0800)"
        }
      },
      "tags": [
        "beats_input_codec_plain_applied"
      ],
      "agent": {
        "type": "winlogbeat",
        "id": "e914dd33-e7be-4a91-b774-394d715855f5",
        "name": "HOST-REDACTED",
        "version": "9.3.2",
        "ephemeral_id": "b8267783-8d43-4086-8074-c2f96b9f9dae"
      },
      "event": {
        "kind": "event",
        "created": "2026-03-29T09:11:41.471Z",
        "action": "Process Create (rule: ProcessCreate)",
        "code": "1",
        "original": "Process Create:\nRuleName: -\nUtcTime: 2026-03-22 05:55:13.515\nProcessGuid: {GUID-REDACTED}\nProcessId: 2260\nImage: C:\\HOST\\USER\\dllhost.exe\nFileVersion: 10.0.26100.7705 (WinBuild.160101.0800)\nDescription: COM Surrogate\nProduct: Microsoft® Windows® Operating System\nCompany: Microsoft Corporation\nOriginalFileName: dllhost.exe\nCommandLine: C:\\HOST\\USER\\DllHost.exe /Processid:{GUID-REDACTED}\nCurrentDirectory: C:\\HOST\\USER\\\nUser: HOST\\USER\nLogonGuid: {GUID-REDACTED}\nLogonId: 0x22f6e2\nTerminalSessionId: 2\nIntegrityLevel: Medium\nHashes: SHA256=69A7865772A1EA68A8D72520BC998FC5040D13057F71154FF525D18E0DB4760D\nParentProcessGuid: {GUID-REDACTED}\nParentProcessId: 940\nParentImage: C:\\HOST\\USER\\svchost.exe\nParentCommandLine: C:\\HOST\\USER\\svchost.exe -k DcomLaunch -p\nParentUser: NT HOST\\USER",
        "provider": "Microsoft-Windows-Sysmon"
      }
    },
    "parsed_type": "sysmon",
    "event_type_name": "ProcessCreate",
    "process_guid": "{GUID-REDACTED}",
    "process_id": "2260",
    "image": "C:\\HOST\\USER\\dllhost.exe",
    "command_line": "C:\\HOST\\USER\\DllHost.exe /Processid:{GUID-REDACTED}",
    "current_directory": "C:\\HOST\\USER\\",
    "user": "USER-REDACTED",
    "logon_guid": "{GUID-REDACTED}",
    "logon_id": "0x22f6e2",
    "terminal_session_id": "2",
    "integrity_level": "Medium",
    "hashes": "SHA256=69A7865772A1EA68A8D72520BC998FC5040D13057F71154FF525D18E0DB4760D",
    "parent_process_guid": "{GUID-REDACTED}",
    "parent_process_id": "940",
    "parent_image": "C:\\HOST\\USER\\svchost.exe",
    "parent_command_line": "C:\\HOST\\USER\\svchost.exe -k DcomLaunch -p",
    "target_filename": null,
    "creation_utc_time": null,
    "destination_ip": null,
    "destination_port": null,
    "source_ip": null,
    "source_port": null,
    "protocol": null,
    "target_object": null,
    "details": null
  },
