  {
    "timestamp": "2026-03-22T05:50:06.399Z",
    "message": "Process Create:\nRuleName: -\nUtcTime: 2026-03-22 05:50:06.395\nProcessGuid: {GUID-REDACTED}\nProcessId: 11004\nImage: C:\\HOST\\USER\\mscorsvw.exe\nFileVersion: 4.8.9221.0 built by: NET481REL1LAST_25H2\nDescription: .NET Runtime Optimization Service\nProduct: Microsoft® .NET Framework\nCompany: Microsoft Corporation\nOriginalFileName: mscorsvw.exe\nCommandLine: C:\\HOST\\USER\\mscorsvw.exe -StartupEvent 3d4 -InterruptEvent 0 -NGENProcess 3c8 -Pipe 3d0 -Comment \"NGen Worker Process\"\nCurrentDirectory: C:\\HOST\\USER\\\nUser: NT HOST\\USER\nLogonGuid: {GUID-REDACTED}\nLogonId: 0x3e7\nTerminalSessionId: 0\nIntegrityLevel: System\nHashes: SHA256=AF4A50DC7379F5653EEFABCFAE68977D2D576141F422C838D9E854AC71C8100A\nParentProcessGuid: {GUID-REDACTED}\nParentProcessId: 4400\nParentImage: C:\\HOST\\USER\\ngen.exe\nParentCommandLine: \"C:\\HOST\\USER\\ngen.exe\" ExecuteQueuedItems 2 /LegacyServiceBehavior\nParentUser: NT HOST\\USER",
    "event_code": "1",
    "event_action": "Process Create (rule: ProcessCreate)",
    "event_kind": "event",
    "provider": "Microsoft-Windows-Sysmon",
    "channel": "Microsoft-Windows-Sysmon/Operational",
    "event_id": "1",
    "record_id": 66,
    "computer_name": "HOST-REDACTED",
    "provider_name": "Microsoft-Windows-Sysmon",
    "log_level": "information",
    "host_name": "HOST-REDACTED",
    "host_hostname": "HOST-REDACTED",
    "host_os": "Windows 11 Pro",
    "agent_type": "winlogbeat",
    "agent_version": "9.3.2",
    "process_pid": 1596,
    "raw_event_data": {
      "CurrentDirectory": "C:\\HOST\\USER\\",
      "LogonGuid": "{GUID-REDACTED}",
      "Image": "C:\\HOST\\USER\\mscorsvw.exe",
      "UtcTime": "2026-03-22 05:50:06.395",
      "ParentProcessGuid": "{GUID-REDACTED}",
      "ParentCommandLine": "\"C:\\HOST\\USER\\ngen.exe\" ExecuteQueuedItems 2 /LegacyServiceBehavior",
      "RuleName": "-",
      "ParentUser": "NT HOST\\USER",
      "ParentProcessId": "4400",
      "Product": "Microsoft® .NET Framework",
      "ProcessId": "11004",
      "LogonId": "0x3e7",
      "ProcessGuid": "{GUID-REDACTED}",
      "TerminalSessionId": "0",
      "Hashes": "SHA256=AF4A50DC7379F5653EEFABCFAE68977D2D576141F422C838D9E854AC71C8100A",
      "OriginalFileName": "mscorsvw.exe",
      "IntegrityLevel": "System",
      "Company": "Microsoft Corporation",
      "User": "USER-REDACTED",
      "Description": ".NET Runtime Optimization Service",
      "CommandLine": "C:\\HOST\\USER\\mscorsvw.exe -StartupEvent 3d4 -InterruptEvent 0 -NGENProcess 3c8 -Pipe 3d0 -Comment \"NGen Worker Process\"",
      "ParentImage": "C:\\HOST\\USER\\ngen.exe",
      "FileVersion": "4.8.9221.0 built by: NET481REL1LAST_25H2"
    },
    "raw": {
      "@timestamp": "2026-03-22T05:50:06.399Z",
      "ecs": {
        "version": "8.0.0"
      },
      "message": "Process Create:\nRuleName: -\nUtcTime: 2026-03-22 05:50:06.395\nProcessGuid: {GUID-REDACTED}\nProcessId: 11004\nImage: C:\\HOST\\USER\\mscorsvw.exe\nFileVersion: 4.8.9221.0 built by: NET481REL1LAST_25H2\nDescription: .NET Runtime Optimization Service\nProduct: Microsoft® .NET Framework\nCompany: Microsoft Corporation\nOriginalFileName: mscorsvw.exe\nCommandLine: C:\\HOST\\USER\\mscorsvw.exe -StartupEvent 3d4 -InterruptEvent 0 -NGENProcess 3c8 -Pipe 3d0 -Comment \"NGen Worker Process\"\nCurrentDirectory: C:\\HOST\\USER\\\nUser: NT HOST\\USER\nLogonGuid: {GUID-REDACTED}\nLogonId: 0x3e7\nTerminalSessionId: 0\nIntegrityLevel: System\nHashes: SHA256=AF4A50DC7379F5653EEFABCFAE68977D2D576141F422C838D9E854AC71C8100A\nParentProcessGuid: {GUID-REDACTED}\nParentProcessId: 4400\nParentImage: C:\\HOST\\USER\\ngen.exe\nParentCommandLine: \"C:\\HOST\\USER\\ngen.exe\" ExecuteQueuedItems 2 /LegacyServiceBehavior\nParentUser: NT HOST\\USER",
      "log": {
        "level": "information"
      },
      "host": {
        "architecture": "x86_64",
        "id": "4c1ea299-cc74-49b5-ac0a-1138d9d08387",
        "ip": [
          "fe80::1eac:376c:1bd5:f979",
          "IP-REDACTED"
        ],
        "os": {
          "type": "windows",
          "version": "10.0",
          "name": "Windows 11 Pro",
          "kernel": "10.0.26100.8036 (WinBuild.160101.0800)",
          "family": "windows",
          "build": "26200.8037",
          "platform": "windows"
        },
        "name": "HOST-REDACTED",
        "mac": [
          "MAC-REDACTED"
        ],
        "hostname": "HOST-REDACTED"
      },
      "@version": "1",
      "winlog": {
        "version": 5,
        "user": {
          "type": "Well Known Group",
          "name": "SYSTEM",
          "domain": "NT AUTHORITY",
          "identifier": "S-1-5-XX-REDACTED"
        },
        "event_id": "1",
        "record_id": 66,
        "provider_guid": "{GUID-REDACTED}",
        "channel": "Microsoft-Windows-Sysmon/Operational",
        "task": "Process Create (rule: ProcessCreate)",
        "opcode": "Info",
        "computer_name": "HOST-REDACTED",
        "process": {
          "thread": {
            "id": 1304
          },
          "pid": 1596
        },
        "provider_name": "Microsoft-Windows-Sysmon",
        "event_data": {
          "CurrentDirectory": "C:\\HOST\\USER\\",
          "LogonGuid": "{GUID-REDACTED}",
          "Image": "C:\\HOST\\USER\\mscorsvw.exe",
          "UtcTime": "2026-03-22 05:50:06.395",
          "ParentProcessGuid": "{GUID-REDACTED}",
          "ParentCommandLine": "\"C:\\HOST\\USER\\ngen.exe\" ExecuteQueuedItems 2 /LegacyServiceBehavior",
          "RuleName": "-",
          "ParentUser": "NT HOST\\USER",
          "ParentProcessId": "4400",
          "Product": "Microsoft® .NET Framework",
          "ProcessId": "11004",
          "LogonId": "0x3e7",
          "ProcessGuid": "{GUID-REDACTED}",
          "TerminalSessionId": "0",
          "Hashes": "SHA256=AF4A50DC7379F5653EEFABCFAE68977D2D576141F422C838D9E854AC71C8100A",
          "OriginalFileName": "mscorsvw.exe",
          "IntegrityLevel": "System",
          "Company": "Microsoft Corporation",
          "User": "USER-REDACTED",
          "Description": ".NET Runtime Optimization Service",
          "CommandLine": "C:\\HOST\\USER\\mscorsvw.exe -StartupEvent 3d4 -InterruptEvent 0 -NGENProcess 3c8 -Pipe 3d0 -Comment \"NGen Worker Process\"",
          "ParentImage": "C:\\HOST\\USER\\ngen.exe",
          "FileVersion": "4.8.9221.0 built by: NET481REL1LAST_25H2"
        }
      },
      "tags": [
        "beats_input_codec_plain_applied"
      ],
      "agent": {
        "type": "winlogbeat",
        "id": "e914dd33-e7be-4a91-b774-394d715855f5",
        "name": "HOST-REDACTED",
        "ephemeral_id": "b8267783-8d43-4086-8074-c2f96b9f9dae",
        "version": "9.3.2"
      },
      "event": {
        "kind": "event",
        "created": "2026-03-29T09:11:41.459Z",
        "action": "Process Create (rule: ProcessCreate)",
        "code": "1",
        "original": "Process Create:\nRuleName: -\nUtcTime: 2026-03-22 05:50:06.395\nProcessGuid: {GUID-REDACTED}\nProcessId: 11004\nImage: C:\\HOST\\USER\\mscorsvw.exe\nFileVersion: 4.8.9221.0 built by: NET481REL1LAST_25H2\nDescription: .NET Runtime Optimization Service\nProduct: Microsoft® .NET Framework\nCompany: Microsoft Corporation\nOriginalFileName: mscorsvw.exe\nCommandLine: C:\\HOST\\USER\\mscorsvw.exe -StartupEvent 3d4 -InterruptEvent 0 -NGENProcess 3c8 -Pipe 3d0 -Comment \"NGen Worker Process\"\nCurrentDirectory: C:\\HOST\\USER\\\nUser: NT HOST\\USER\nLogonGuid: {GUID-REDACTED}\nLogonId: 0x3e7\nTerminalSessionId: 0\nIntegrityLevel: System\nHashes: SHA256=AF4A50DC7379F5653EEFABCFAE68977D2D576141F422C838D9E854AC71C8100A\nParentProcessGuid: {GUID-REDACTED}\nParentProcessId: 4400\nParentImage: C:\\HOST\\USER\\ngen.exe\nParentCommandLine: \"C:\\HOST\\USER\\ngen.exe\" ExecuteQueuedItems 2 /LegacyServiceBehavior\nParentUser: NT HOST\\USER",
        "provider": "Microsoft-Windows-Sysmon"
      }
    },
    "parsed_type": "sysmon",
    "event_type_name": "ProcessCreate",
    "process_guid": "{GUID-REDACTED}",
    "process_id": "11004",
    "image": "C:\\HOST\\USER\\mscorsvw.exe",
    "command_line": "C:\\HOST\\USER\\mscorsvw.exe -StartupEvent 3d4 -InterruptEvent 0 -NGENProcess 3c8 -Pipe 3d0 -Comment \"NGen Worker Process\"",
    "current_directory": "C:\\HOST\\USER\\",
    "user": "USER-REDACTED",
    "logon_guid": "{GUID-REDACTED}",
    "logon_id": "0x3e7",
    "terminal_session_id": "0",
    "integrity_level": "System",
    "hashes": "SHA256=AF4A50DC7379F5653EEFABCFAE68977D2D576141F422C838D9E854AC71C8100A",
    "parent_process_guid": "{GUID-REDACTED}",
    "parent_process_id": "4400",
    "parent_image": "C:\\HOST\\USER\\ngen.exe",
    "parent_command_line": "\"C:\\HOST\\USER\\ngen.exe\" ExecuteQueuedItems 2 /LegacyServiceBehavior",
    "target_filename": null,
    "creation_utc_time": null,
    "destination_ip": null,
    "destination_port": null,
    "source_ip": null,
    "source_port": null,
    "protocol": null,
    "target_object": null,
    "details": null
  },
  {
    "timestamp": "2026-03-22T05:50:06.865Z",
    "message": "Process Create:\nRuleName: -\nUtcTime: 2026-03-22 05:50:06.862\nProcessGuid: {GUID-REDACTED}\nProcessId: 4200\nImage: C:\\HOST\\USER\\svchost.exe\nFileVersion: 10.0.26100.7705 (WinBuild.160101.0800)\nDescription: Host Process for Windows Services\nProduct: Microsoft® Windows® Operating System\nCompany: Microsoft Corporation\nOriginalFileName: svchost.exe\nCommandLine: C:\\HOST\\USER\\svchost.exe -k netsvcs -p\nCurrentDirectory: C:\\HOST\\USER\\\nUser: NT HOST\\USER\nLogonGuid: {GUID-REDACTED}\nLogonId: 0x3e7\nTerminalSessionId: 0\nIntegrityLevel: System\nHashes: SHA256=44FD6F9347CEED5798A25C47167F335EF085AE4648A81F775DD4BDC6240D8189\nParentProcessGuid: {GUID-REDACTED}\nParentProcessId: 788\nParentImage: C:\\HOST\\USER\\services.exe\nParentCommandLine: C:\\HOST\\USER\\services.exe\nParentUser: NT HOST\\USER",
    "event_code": "1",
    "event_action": "Process Create (rule: ProcessCreate)",
    "event_kind": "event",
    "provider": "Microsoft-Windows-Sysmon",
    "channel": "Microsoft-Windows-Sysmon/Operational",
    "event_id": "1",
    "record_id": 67,
    "computer_name": "HOST-REDACTED",
    "provider_name": "Microsoft-Windows-Sysmon",
    "log_level": "information",
    "host_name": "HOST-REDACTED",
    "host_hostname": "HOST-REDACTED",
    "host_os": "Windows 11 Pro",
    "agent_type": "winlogbeat",
    "agent_version": "9.3.2",
    "process_pid": 1596,
    "raw_event_data": {
      "CurrentDirectory": "C:\\HOST\\USER\\",
      "LogonGuid": "{GUID-REDACTED}",
      "Image": "C:\\HOST\\USER\\svchost.exe",
      "ParentProcessGuid": "{GUID-REDACTED}",
      "UtcTime": "2026-03-22 05:50:06.862",
      "ParentCommandLine": "C:\\HOST\\USER\\services.exe",
      "RuleName": "-",
      "ParentUser": "NT HOST\\USER",
      "ParentProcessId": "788",
      "Product": "Microsoft® Windows® Operating System",
      "ProcessId": "4200",
      "LogonId": "0x3e7",
      "ProcessGuid": "{GUID-REDACTED}",
      "TerminalSessionId": "0",
      "Hashes": "SHA256=44FD6F9347CEED5798A25C47167F335EF085AE4648A81F775DD4BDC6240D8189",
      "OriginalFileName": "svchost.exe",
      "IntegrityLevel": "System",
      "Company": "Microsoft Corporation",
      "User": "USER-REDACTED",
      "CommandLine": "C:\\HOST\\USER\\svchost.exe -k netsvcs -p",
      "Description": "Host Process for Windows Services",
      "ParentImage": "C:\\HOST\\USER\\services.exe",
      "FileVersion": "10.0.26100.7705 (WinBuild.160101.0800)"
    },
    "raw": {
      "@timestamp": "2026-03-22T05:50:06.865Z",
      "message": "Process Create:\nRuleName: -\nUtcTime: 2026-03-22 05:50:06.862\nProcessGuid: {GUID-REDACTED}\nProcessId: 4200\nImage: C:\\HOST\\USER\\svchost.exe\nFileVersion: 10.0.26100.7705 (WinBuild.160101.0800)\nDescription: Host Process for Windows Services\nProduct: Microsoft® Windows® Operating System\nCompany: Microsoft Corporation\nOriginalFileName: svchost.exe\nCommandLine: C:\\HOST\\USER\\svchost.exe -k netsvcs -p\nCurrentDirectory: C:\\HOST\\USER\\\nUser: NT HOST\\USER\nLogonGuid: {GUID-REDACTED}\nLogonId: 0x3e7\nTerminalSessionId: 0\nIntegrityLevel: System\nHashes: SHA256=44FD6F9347CEED5798A25C47167F335EF085AE4648A81F775DD4BDC6240D8189\nParentProcessGuid: {GUID-REDACTED}\nParentProcessId: 788\nParentImage: C:\\HOST\\USER\\services.exe\nParentCommandLine: C:\\HOST\\USER\\services.exe\nParentUser: NT HOST\\USER",
      "log": {
        "level": "information"
      },
      "host": {
        "architecture": "x86_64",
        "name": "HOST-REDACTED",
        "ip": [
          "fe80::1eac:376c:1bd5:f979",
          "IP-REDACTED"
        ],
        "os": {
          "type": "windows",
          "version": "10.0",
          "name": "Windows 11 Pro",
          "kernel": "10.0.26100.8036 (WinBuild.160101.0800)",
          "family": "windows",
          "build": "26200.8037",
          "platform": "windows"
        },
        "id": "4c1ea299-cc74-49b5-ac0a-1138d9d08387",
        "mac": [
          "MAC-REDACTED"
        ],
        "hostname": "HOST-REDACTED"
      },
      "ecs": {
        "version": "8.0.0"
      },
      "@version": "1",
      "winlog": {
        "version": 5,
        "user": {
          "type": "Well Known Group",
          "name": "SYSTEM",
          "domain": "NT AUTHORITY",
          "identifier": "S-1-5-XX-REDACTED"
        },
        "event_id": "1",
        "record_id": 67,
        "provider_guid": "{GUID-REDACTED}",
        "channel": "Microsoft-Windows-Sysmon/Operational",
        "task": "Process Create (rule: ProcessCreate)",
        "opcode": "Info",
        "computer_name": "HOST-REDACTED",
        "process": {
          "thread": {
            "id": 1304
          },
          "pid": 1596
        },
        "provider_name": "Microsoft-Windows-Sysmon",
        "event_data": {
          "CurrentDirectory": "C:\\HOST\\USER\\",
          "LogonGuid": "{GUID-REDACTED}",
          "Image": "C:\\HOST\\USER\\svchost.exe",
          "ParentProcessGuid": "{GUID-REDACTED}",
          "UtcTime": "2026-03-22 05:50:06.862",
          "ParentCommandLine": "C:\\HOST\\USER\\services.exe",
          "RuleName": "-",
          "ParentUser": "NT HOST\\USER",
          "ParentProcessId": "788",
          "Product": "Microsoft® Windows® Operating System",
          "ProcessId": "4200",
          "LogonId": "0x3e7",
          "ProcessGuid": "{GUID-REDACTED}",
          "TerminalSessionId": "0",
          "Hashes": "SHA256=44FD6F9347CEED5798A25C47167F335EF085AE4648A81F775DD4BDC6240D8189",
          "OriginalFileName": "svchost.exe",
          "IntegrityLevel": "System",
          "Company": "Microsoft Corporation",
          "User": "USER-REDACTED",
          "CommandLine": "C:\\HOST\\USER\\svchost.exe -k netsvcs -p",
          "Description": "Host Process for Windows Services",
          "ParentImage": "C:\\HOST\\USER\\services.exe",
          "FileVersion": "10.0.26100.7705 (WinBuild.160101.0800)"
        }
      },
      "tags": [
        "beats_input_codec_plain_applied"
      ],
      "agent": {
        "type": "winlogbeat",
        "id": "e914dd33-e7be-4a91-b774-394d715855f5",
        "name": "HOST-REDACTED",
        "version": "9.3.2",
        "ephemeral_id": "b8267783-8d43-4086-8074-c2f96b9f9dae"
      },
      "event": {
        "kind": "event",
        "created": "2026-03-29T09:11:41.459Z",
        "action": "Process Create (rule: ProcessCreate)",
        "code": "1",
        "original": "Process Create:\nRuleName: -\nUtcTime: 2026-03-22 05:50:06.862\nProcessGuid: {GUID-REDACTED}\nProcessId: 4200\nImage: C:\\HOST\\USER\\svchost.exe\nFileVersion: 10.0.26100.7705 (WinBuild.160101.0800)\nDescription: Host Process for Windows Services\nProduct: Microsoft® Windows® Operating System\nCompany: Microsoft Corporation\nOriginalFileName: svchost.exe\nCommandLine: C:\\HOST\\USER\\svchost.exe -k netsvcs -p\nCurrentDirectory: C:\\HOST\\USER\\\nUser: NT HOST\\USER\nLogonGuid: {GUID-REDACTED}\nLogonId: 0x3e7\nTerminalSessionId: 0\nIntegrityLevel: System\nHashes: SHA256=44FD6F9347CEED5798A25C47167F335EF085AE4648A81F775DD4BDC6240D8189\nParentProcessGuid: {GUID-REDACTED}\nParentProcessId: 788\nParentImage: C:\\HOST\\USER\\services.exe\nParentCommandLine: C:\\HOST\\USER\\services.exe\nParentUser: NT HOST\\USER",
        "provider": "Microsoft-Windows-Sysmon"
      }
    },
    "parsed_type": "sysmon",
    "event_type_name": "ProcessCreate",
    "process_guid": "{GUID-REDACTED}",
    "process_id": "4200",
    "image": "C:\\HOST\\USER\\svchost.exe",
    "command_line": "C:\\HOST\\USER\\svchost.exe -k netsvcs -p",
    "current_directory": "C:\\HOST\\USER\\",
    "user": "USER-REDACTED",
    "logon_guid": "{GUID-REDACTED}",
    "logon_id": "0x3e7",
    "terminal_session_id": "0",
    "integrity_level": "System",
    "hashes": "SHA256=44FD6F9347CEED5798A25C47167F335EF085AE4648A81F775DD4BDC6240D8189",
    "parent_process_guid": "{GUID-REDACTED}",
    "parent_process_id": "788",
    "parent_image": "C:\\HOST\\USER\\services.exe",
    "parent_command_line": "C:\\HOST\\USER\\services.exe",
    "target_filename": null,
    "creation_utc_time": null,
    "destination_ip": null,
    "destination_port": null,
    "source_ip": null,
    "source_port": null,
    "protocol": null,
    "target_object": null,
    "details": null
  },
  {
    "timestamp": "2026-03-22T05:50:07.698Z",
    "message": "Process Create:\nRuleName: -\nUtcTime: 2026-03-22 05:50:07.696\nProcessGuid: {GUID-REDACTED}\nProcessId: 1308\nImage: C:\\HOST\\USER\\mscorsvw.exe\nFileVersion: 4.8.9221.0 built by: NET481REL1LAST_25H2\nDescription: .NET Runtime Optimization Service\nProduct: Microsoft® .NET Framework\nCompany: Microsoft Corporation\nOriginalFileName: mscorsvw.exe\nCommandLine: C:\\HOST\\USER\\mscorsvw.exe -StartupEvent 2fc -InterruptEvent 0 -NGENProcess 318 -Pipe 300 -Comment \"NGen Worker Process\"\nCurrentDirectory: C:\\HOST\\USER\\\nUser: NT HOST\\USER\nLogonGuid: {GUID-REDACTED}\nLogonId: 0x3e7\nTerminalSessionId: 0\nIntegrityLevel: System\nHashes: SHA256=AF4A50DC7379F5653EEFABCFAE68977D2D576141F422C838D9E854AC71C8100A\nParentProcessGuid: {GUID-REDACTED}\nParentProcessId: 4400\nParentImage: C:\\HOST\\USER\\ngen.exe\nParentCommandLine: \"C:\\HOST\\USER\\ngen.exe\" ExecuteQueuedItems 2 /LegacyServiceBehavior\nParentUser: NT HOST\\USER",
    "event_code": "1",
    "event_action": "Process Create (rule: ProcessCreate)",
    "event_kind": "event",
    "provider": "Microsoft-Windows-Sysmon",
    "channel": "Microsoft-Windows-Sysmon/Operational",
    "event_id": "1",
    "record_id": 70,
    "computer_name": "HOST-REDACTED",
    "provider_name": "Microsoft-Windows-Sysmon",
    "log_level": "information",
    "host_name": "HOST-REDACTED",
    "host_hostname": "HOST-REDACTED",
    "host_os": "Windows 11 Pro",
    "agent_type": "winlogbeat",
    "agent_version": "9.3.2",
    "process_pid": 1596,
    "raw_event_data": {
      "CurrentDirectory": "C:\\HOST\\USER\\",
      "LogonGuid": "{GUID-REDACTED}",
      "Image": "C:\\HOST\\USER\\mscorsvw.exe",
      "UtcTime": "2026-03-22 05:50:07.696",
      "ParentProcessGuid": "{GUID-REDACTED}",
      "ParentCommandLine": "\"C:\\HOST\\USER\\ngen.exe\" ExecuteQueuedItems 2 /LegacyServiceBehavior",
      "RuleName": "-",
      "ParentUser": "NT HOST\\USER",
      "Product": "Microsoft® .NET Framework",
      "ParentProcessId": "4400",
      "ProcessId": "1308",
      "LogonId": "0x3e7",
      "ProcessGuid": "{GUID-REDACTED}",
      "TerminalSessionId": "0",
      "Hashes": "SHA256=AF4A50DC7379F5653EEFABCFAE68977D2D576141F422C838D9E854AC71C8100A",
      "OriginalFileName": "mscorsvw.exe",
      "IntegrityLevel": "System",
      "Company": "Microsoft Corporation",
      "User": "USER-REDACTED",
      "Description": ".NET Runtime Optimization Service",
      "CommandLine": "C:\\HOST\\USER\\mscorsvw.exe -StartupEvent 2fc -InterruptEvent 0 -NGENProcess 318 -Pipe 300 -Comment \"NGen Worker Process\"",
      "ParentImage": "C:\\HOST\\USER\\ngen.exe",
      "FileVersion": "4.8.9221.0 built by: NET481REL1LAST_25H2"
    },
    "raw": {
      "@timestamp": "2026-03-22T05:50:07.698Z",
      "message": "Process Create:\nRuleName: -\nUtcTime: 2026-03-22 05:50:07.696\nProcessGuid: {GUID-REDACTED}\nProcessId: 1308\nImage: C:\\HOST\\USER\\mscorsvw.exe\nFileVersion: 4.8.9221.0 built by: NET481REL1LAST_25H2\nDescription: .NET Runtime Optimization Service\nProduct: Microsoft® .NET Framework\nCompany: Microsoft Corporation\nOriginalFileName: mscorsvw.exe\nCommandLine: C:\\HOST\\USER\\mscorsvw.exe -StartupEvent 2fc -InterruptEvent 0 -NGENProcess 318 -Pipe 300 -Comment \"NGen Worker Process\"\nCurrentDirectory: C:\\HOST\\USER\\\nUser: NT HOST\\USER\nLogonGuid: {GUID-REDACTED}\nLogonId: 0x3e7\nTerminalSessionId: 0\nIntegrityLevel: System\nHashes: SHA256=AF4A50DC7379F5653EEFABCFAE68977D2D576141F422C838D9E854AC71C8100A\nParentProcessGuid: {GUID-REDACTED}\nParentProcessId: 4400\nParentImage: C:\\HOST\\USER\\ngen.exe\nParentCommandLine: \"C:\\HOST\\USER\\ngen.exe\" ExecuteQueuedItems 2 /LegacyServiceBehavior\nParentUser: NT HOST\\USER",
      "log": {
        "level": "information"
      },
      "host": {
        "hostname": "HOST-REDACTED",
        "id": "4c1ea299-cc74-49b5-ac0a-1138d9d08387",
        "ip": [
          "fe80::1eac:376c:1bd5:f979",
          "IP-REDACTED"
        ],
        "os": {
          "type": "windows",
          "name": "Windows 11 Pro",
          "kernel": "10.0.26100.8036 (WinBuild.160101.0800)",
          "version": "10.0",
          "family": "windows",
          "build": "26200.8037",
          "platform": "windows"
        },
        "name": "HOST-REDACTED",
        "mac": [
          "MAC-REDACTED"
        ],
        "architecture": "x86_64"
      },
      "ecs": {
        "version": "8.0.0"
      },
      "@version": "1",
      "winlog": {
        "version": 5,
        "user": {
          "type": "Well Known Group",
          "name": "SYSTEM",
          "domain": "NT AUTHORITY",
          "identifier": "S-1-5-XX-REDACTED"
        },
        "event_id": "1",
        "record_id": 70,
        "provider_guid": "{GUID-REDACTED}",
        "channel": "Microsoft-Windows-Sysmon/Operational",
        "task": "Process Create (rule: ProcessCreate)",
        "opcode": "Info",
        "computer_name": "HOST-REDACTED",
        "process": {
          "thread": {
            "id": 1304
          },
          "pid": 1596
        },
        "provider_name": "Microsoft-Windows-Sysmon",
        "event_data": {
          "CurrentDirectory": "C:\\HOST\\USER\\",
          "LogonGuid": "{GUID-REDACTED}",
          "Image": "C:\\HOST\\USER\\mscorsvw.exe",
          "UtcTime": "2026-03-22 05:50:07.696",
          "ParentProcessGuid": "{GUID-REDACTED}",
          "ParentCommandLine": "\"C:\\HOST\\USER\\ngen.exe\" ExecuteQueuedItems 2 /LegacyServiceBehavior",
          "RuleName": "-",
          "ParentUser": "NT HOST\\USER",
          "Product": "Microsoft® .NET Framework",
          "ParentProcessId": "4400",
          "ProcessId": "1308",
          "LogonId": "0x3e7",
          "ProcessGuid": "{GUID-REDACTED}",
          "TerminalSessionId": "0",
          "Hashes": "SHA256=AF4A50DC7379F5653EEFABCFAE68977D2D576141F422C838D9E854AC71C8100A",
          "OriginalFileName": "mscorsvw.exe",
          "IntegrityLevel": "System",
          "Company": "Microsoft Corporation",
          "User": "USER-REDACTED",
          "Description": ".NET Runtime Optimization Service",
          "CommandLine": "C:\\HOST\\USER\\mscorsvw.exe -StartupEvent 2fc -InterruptEvent 0 -NGENProcess 318 -Pipe 300 -Comment \"NGen Worker Process\"",
          "ParentImage": "C:\\HOST\\USER\\ngen.exe",
          "FileVersion": "4.8.9221.0 built by: NET481REL1LAST_25H2"
        }
      },
      "tags": [
        "beats_input_codec_plain_applied"
      ],
      "agent": {
        "type": "winlogbeat",
        "version": "9.3.2",
        "id": "e914dd33-e7be-4a91-b774-394d715855f5",
        "ephemeral_id": "b8267783-8d43-4086-8074-c2f96b9f9dae",
        "name": "HOST-REDACTED"
      },
      "event": {
        "kind": "event",
        "created": "2026-03-29T09:11:41.459Z",
        "code": "1",
        "action": "Process Create (rule: ProcessCreate)",
        "original": "Process Create:\nRuleName: -\nUtcTime: 2026-03-22 05:50:07.696\nProcessGuid: {GUID-REDACTED}\nProcessId: 1308\nImage: C:\\HOST\\USER\\mscorsvw.exe\nFileVersion: 4.8.9221.0 built by: NET481REL1LAST_25H2\nDescription: .NET Runtime Optimization Service\nProduct: Microsoft® .NET Framework\nCompany: Microsoft Corporation\nOriginalFileName: mscorsvw.exe\nCommandLine: C:\\HOST\\USER\\mscorsvw.exe -StartupEvent 2fc -InterruptEvent 0 -NGENProcess 318 -Pipe 300 -Comment \"NGen Worker Process\"\nCurrentDirectory: C:\\HOST\\USER\\\nUser: NT HOST\\USER\nLogonGuid: {GUID-REDACTED}\nLogonId: 0x3e7\nTerminalSessionId: 0\nIntegrityLevel: System\nHashes: SHA256=AF4A50DC7379F5653EEFABCFAE68977D2D576141F422C838D9E854AC71C8100A\nParentProcessGuid: {GUID-REDACTED}\nParentProcessId: 4400\nParentImage: C:\\HOST\\USER\\ngen.exe\nParentCommandLine: \"C:\\HOST\\USER\\ngen.exe\" ExecuteQueuedItems 2 /LegacyServiceBehavior\nParentUser: NT HOST\\USER",
        "provider": "Microsoft-Windows-Sysmon"
      }
    },
    "parsed_type": "sysmon",
    "event_type_name": "ProcessCreate",
    "process_guid": "{GUID-REDACTED}",
    "process_id": "1308",
    "image": "C:\\HOST\\USER\\mscorsvw.exe",
    "command_line": "C:\\HOST\\USER\\mscorsvw.exe -StartupEvent 2fc -InterruptEvent 0 -NGENProcess 318 -Pipe 300 -Comment \"NGen Worker Process\"",
    "current_directory": "C:\\HOST\\USER\\",
    "user": "USER-REDACTED",
    "logon_guid": "{GUID-REDACTED}",
    "logon_id": "0x3e7",
    "terminal_session_id": "0",
    "integrity_level": "System",
    "hashes": "SHA256=AF4A50DC7379F5653EEFABCFAE68977D2D576141F422C838D9E854AC71C8100A",
    "parent_process_guid": "{GUID-REDACTED}",
    "parent_process_id": "4400",
    "parent_image": "C:\\HOST\\USER\\ngen.exe",
    "parent_command_line": "\"C:\\HOST\\USER\\ngen.exe\" ExecuteQueuedItems 2 /LegacyServiceBehavior",
    "target_filename": null,
    "creation_utc_time": null,
    "destination_ip": null,
    "destination_port": null,
    "source_ip": null,
    "source_port": null,
    "protocol": null,
    "target_object": null,
    "details": null
  },
  {
    "timestamp": "2026-03-22T05:50:07.786Z",
    "message": "Process Create:\nRuleName: -\nUtcTime: 2026-03-22 05:50:07.783\nProcessGuid: {GUID-REDACTED}\nProcessId: 2396\nImage: C:\\HOST\\USER\\mscorsvw.exe\nFileVersion: 4.8.9221.0 built by: NET481REL1LAST_25H2\nDescription: .NET Runtime Optimization Service\nProduct: Microsoft® .NET Framework\nCompany: Microsoft Corporation\nOriginalFileName: mscorsvw.exe\nCommandLine: C:\\HOST\\USER\\mscorsvw.exe -StartupEvent 314 -InterruptEvent 0 -NGENProcess 2e0 -Pipe 340 -Comment \"NGen Worker Process\"\nCurrentDirectory: C:\\HOST\\USER\\\nUser: NT HOST\\USER\nLogonGuid: {GUID-REDACTED}\nLogonId: 0x3e7\nTerminalSessionId: 0\nIntegrityLevel: System\nHashes: SHA256=AF4A50DC7379F5653EEFABCFAE68977D2D576141F422C838D9E854AC71C8100A\nParentProcessGuid: {GUID-REDACTED}\nParentProcessId: 4400\nParentImage: C:\\HOST\\USER\\ngen.exe\nParentCommandLine: \"C:\\HOST\\USER\\ngen.exe\" ExecuteQueuedItems 2 /LegacyServiceBehavior\nParentUser: NT HOST\\USER",
    "event_code": "1",
    "event_action": "Process Create (rule: ProcessCreate)",
    "event_kind": "event",
    "provider": "Microsoft-Windows-Sysmon",
    "channel": "Microsoft-Windows-Sysmon/Operational",
    "event_id": "1",
    "record_id": 72,
    "computer_name": "HOST-REDACTED",
    "provider_name": "Microsoft-Windows-Sysmon",
    "log_level": "information",
    "host_name": "HOST-REDACTED",
    "host_hostname": "HOST-REDACTED",
    "host_os": "Windows 11 Pro",
    "agent_type": "winlogbeat",
    "agent_version": "9.3.2",
    "process_pid": 1596,
    "raw_event_data": {
      "CurrentDirectory": "C:\\HOST\\USER\\",
      "LogonGuid": "{GUID-REDACTED}",
      "Image": "C:\\HOST\\USER\\mscorsvw.exe",
      "UtcTime": "2026-03-22 05:50:07.783",
      "ParentProcessGuid": "{GUID-REDACTED}",
      "ParentCommandLine": "\"C:\\HOST\\USER\\ngen.exe\" ExecuteQueuedItems 2 /LegacyServiceBehavior",
      "RuleName": "-",
      "ParentUser": "NT HOST\\USER",
      "Product": "Microsoft® .NET Framework",
      "ParentProcessId": "4400",
      "ProcessId": "2396",
      "LogonId": "0x3e7",
      "ProcessGuid": "{GUID-REDACTED}",
      "TerminalSessionId": "0",
      "Hashes": "SHA256=AF4A50DC7379F5653EEFABCFAE68977D2D576141F422C838D9E854AC71C8100A",
      "OriginalFileName": "mscorsvw.exe",
      "IntegrityLevel": "System",
      "Company": "Microsoft Corporation",
      "User": "USER-REDACTED",
      "CommandLine": "C:\\HOST\\USER\\mscorsvw.exe -StartupEvent 314 -InterruptEvent 0 -NGENProcess 2e0 -Pipe 340 -Comment \"NGen Worker Process\"",
      "Description": ".NET Runtime Optimization Service",
      "ParentImage": "C:\\HOST\\USER\\ngen.exe",
      "FileVersion": "4.8.9221.0 built by: NET481REL1LAST_25H2"
    },
    "raw": {
      "@timestamp": "2026-03-22T05:50:07.786Z",
      "log": {
        "level": "information"
      },
      "message": "Process Create:\nRuleName: -\nUtcTime: 2026-03-22 05:50:07.783\nProcessGuid: {GUID-REDACTED}\nProcessId: 2396\nImage: C:\\HOST\\USER\\mscorsvw.exe\nFileVersion: 4.8.9221.0 built by: NET481REL1LAST_25H2\nDescription: .NET Runtime Optimization Service\nProduct: Microsoft® .NET Framework\nCompany: Microsoft Corporation\nOriginalFileName: mscorsvw.exe\nCommandLine: C:\\HOST\\USER\\mscorsvw.exe -StartupEvent 314 -InterruptEvent 0 -NGENProcess 2e0 -Pipe 340 -Comment \"NGen Worker Process\"\nCurrentDirectory: C:\\HOST\\USER\\\nUser: NT HOST\\USER\nLogonGuid: {GUID-REDACTED}\nLogonId: 0x3e7\nTerminalSessionId: 0\nIntegrityLevel: System\nHashes: SHA256=AF4A50DC7379F5653EEFABCFAE68977D2D576141F422C838D9E854AC71C8100A\nParentProcessGuid: {GUID-REDACTED}\nParentProcessId: 4400\nParentImage: C:\\HOST\\USER\\ngen.exe\nParentCommandLine: \"C:\\HOST\\USER\\ngen.exe\" ExecuteQueuedItems 2 /LegacyServiceBehavior\nParentUser: NT HOST\\USER",
      "host": {
        "architecture": "x86_64",
        "name": "HOST-REDACTED",
        "ip": [
          "fe80::1eac:376c:1bd5:f979",
          "IP-REDACTED"
        ],
        "os": {
          "type": "windows",
          "version": "10.0",
          "name": "Windows 11 Pro",
          "kernel": "10.0.26100.8036 (WinBuild.160101.0800)",
          "family": "windows",
          "build": "26200.8037",
          "platform": "windows"
        },
        "id": "4c1ea299-cc74-49b5-ac0a-1138d9d08387",
        "mac": [
          "MAC-REDACTED"
        ],
        "hostname": "HOST-REDACTED"
      },
      "ecs": {
        "version": "8.0.0"
      },
      "@version": "1",
      "winlog": {
        "version": 5,
        "user": {
          "type": "Well Known Group",
          "name": "SYSTEM",
          "domain": "NT AUTHORITY",
          "identifier": "S-1-5-XX-REDACTED"
        },
        "event_id": "1",
        "record_id": 72,
        "provider_guid": "{GUID-REDACTED}",
        "channel": "Microsoft-Windows-Sysmon/Operational",
        "task": "Process Create (rule: ProcessCreate)",
        "opcode": "Info",
        "computer_name": "HOST-REDACTED",
        "process": {
          "thread": {
            "id": 1304
          },
          "pid": 1596
        },
        "provider_name": "Microsoft-Windows-Sysmon",
        "event_data": {
          "CurrentDirectory": "C:\\HOST\\USER\\",
          "LogonGuid": "{GUID-REDACTED}",
          "Image": "C:\\HOST\\USER\\mscorsvw.exe",
          "UtcTime": "2026-03-22 05:50:07.783",
          "ParentProcessGuid": "{GUID-REDACTED}",
          "ParentCommandLine": "\"C:\\HOST\\USER\\ngen.exe\" ExecuteQueuedItems 2 /LegacyServiceBehavior",
          "RuleName": "-",
          "ParentUser": "NT HOST\\USER",
          "Product": "Microsoft® .NET Framework",
          "ParentProcessId": "4400",
          "ProcessId": "2396",
          "LogonId": "0x3e7",
          "ProcessGuid": "{GUID-REDACTED}",
          "TerminalSessionId": "0",
          "Hashes": "SHA256=AF4A50DC7379F5653EEFABCFAE68977D2D576141F422C838D9E854AC71C8100A",
          "OriginalFileName": "mscorsvw.exe",
          "IntegrityLevel": "System",
          "Company": "Microsoft Corporation",
          "User": "USER-REDACTED",
          "CommandLine": "C:\\HOST\\USER\\mscorsvw.exe -StartupEvent 314 -InterruptEvent 0 -NGENProcess 2e0 -Pipe 340 -Comment \"NGen Worker Process\"",
          "Description": ".NET Runtime Optimization Service",
          "ParentImage": "C:\\HOST\\USER\\ngen.exe",
          "FileVersion": "4.8.9221.0 built by: NET481REL1LAST_25H2"
        }
      },
      "tags": [
        "beats_input_codec_plain_applied"
      ],
      "agent": {
        "type": "winlogbeat",
        "id": "e914dd33-e7be-4a91-b774-394d715855f5",
        "name": "HOST-REDACTED",
        "ephemeral_id": "b8267783-8d43-4086-8074-c2f96b9f9dae",
        "version": "9.3.2"
      },
      "event": {
        "kind": "event",
        "created": "2026-03-29T09:11:41.463Z",
        "code": "1",
        "action": "Process Create (rule: ProcessCreate)",
        "original": "Process Create:\nRuleName: -\nUtcTime: 2026-03-22 05:50:07.783\nProcessGuid: {GUID-REDACTED}\nProcessId: 2396\nImage: C:\\HOST\\USER\\mscorsvw.exe\nFileVersion: 4.8.9221.0 built by: NET481REL1LAST_25H2\nDescription: .NET Runtime Optimization Service\nProduct: Microsoft® .NET Framework\nCompany: Microsoft Corporation\nOriginalFileName: mscorsvw.exe\nCommandLine: C:\\HOST\\USER\\mscorsvw.exe -StartupEvent 314 -InterruptEvent 0 -NGENProcess 2e0 -Pipe 340 -Comment \"NGen Worker Process\"\nCurrentDirectory: C:\\HOST\\USER\\\nUser: NT HOST\\USER\nLogonGuid: {GUID-REDACTED}\nLogonId: 0x3e7\nTerminalSessionId: 0\nIntegrityLevel: System\nHashes: SHA256=AF4A50DC7379F5653EEFABCFAE68977D2D576141F422C838D9E854AC71C8100A\nParentProcessGuid: {GUID-REDACTED}\nParentProcessId: 4400\nParentImage: C:\\HOST\\USER\\ngen.exe\nParentCommandLine: \"C:\\HOST\\USER\\ngen.exe\" ExecuteQueuedItems 2 /LegacyServiceBehavior\nParentUser: NT HOST\\USER",
        "provider": "Microsoft-Windows-Sysmon"
      }
    },
    "parsed_type": "sysmon",
    "event_type_name": "ProcessCreate",
    "process_guid": "{GUID-REDACTED}",
    "process_id": "2396",
    "image": "C:\\HOST\\USER\\mscorsvw.exe",
    "command_line": "C:\\HOST\\USER\\mscorsvw.exe -StartupEvent 314 -InterruptEvent 0 -NGENProcess 2e0 -Pipe 340 -Comment \"NGen Worker Process\"",
    "current_directory": "C:\\HOST\\USER\\",
    "user": "USER-REDACTED",
    "logon_guid": "{GUID-REDACTED}",
    "logon_id": "0x3e7",
    "terminal_session_id": "0",
    "integrity_level": "System",
    "hashes": "SHA256=AF4A50DC7379F5653EEFABCFAE68977D2D576141F422C838D9E854AC71C8100A",
    "parent_process_guid": "{GUID-REDACTED}",
    "parent_process_id": "4400",
    "parent_image": "C:\\HOST\\USER\\ngen.exe",
    "parent_command_line": "\"C:\\HOST\\USER\\ngen.exe\" ExecuteQueuedItems 2 /LegacyServiceBehavior",
    "target_filename": null,
    "creation_utc_time": null,
    "destination_ip": null,
    "destination_port": null,
    "source_ip": null,
    "source_port": null,
    "protocol": null,
    "target_object": null,
    "details": null
  },
  {
    "timestamp": "2026-03-22T05:50:07.868Z",
    "message": "Process Create:\nRuleName: -\nUtcTime: 2026-03-22 05:50:07.866\nProcessGuid: {GUID-REDACTED}\nProcessId: 1416\nImage: C:\\HOST\\USER\\mscorsvw.exe\nFileVersion: 4.8.9221.0 built by: NET481REL1LAST_25H2\nDescription: .NET Runtime Optimization Service\nProduct: Microsoft® .NET Framework\nCompany: Microsoft Corporation\nOriginalFileName: mscorsvw.exe\nCommandLine: C:\\HOST\\USER\\mscorsvw.exe -StartupEvent 2cc -InterruptEvent 0 -NGENProcess 2e4 -Pipe 3dc -Comment \"NGen Worker Process\"\nCurrentDirectory: C:\\HOST\\USER\\\nUser: NT HOST\\USER\nLogonGuid: {GUID-REDACTED}\nLogonId: 0x3e7\nTerminalSessionId: 0\nIntegrityLevel: System\nHashes: SHA256=AF4A50DC7379F5653EEFABCFAE68977D2D576141F422C838D9E854AC71C8100A\nParentProcessGuid: {GUID-REDACTED}\nParentProcessId: 4400\nParentImage: C:\\HOST\\USER\\ngen.exe\nParentCommandLine: \"C:\\HOST\\USER\\ngen.exe\" ExecuteQueuedItems 2 /LegacyServiceBehavior\nParentUser: NT HOST\\USER",
    "event_code": "1",
    "event_action": "Process Create (rule: ProcessCreate)",
    "event_kind": "event",
    "provider": "Microsoft-Windows-Sysmon",
    "channel": "Microsoft-Windows-Sysmon/Operational",
    "event_id": "1",
    "record_id": 74,
    "computer_name": "HOST-REDACTED",
    "provider_name": "Microsoft-Windows-Sysmon",
    "log_level": "information",
    "host_name": "HOST-REDACTED",
    "host_hostname": "HOST-REDACTED",
    "host_os": "Windows 11 Pro",
    "agent_type": "winlogbeat",
    "agent_version": "9.3.2",
    "process_pid": 1596,
    "raw_event_data": {
      "CurrentDirectory": "C:\\HOST\\USER\\",
      "LogonGuid": "{GUID-REDACTED}",
      "Image": "C:\\HOST\\USER\\mscorsvw.exe",
      "ParentProcessGuid": "{GUID-REDACTED}",
      "UtcTime": "2026-03-22 05:50:07.866",
      "ParentCommandLine": "\"C:\\HOST\\USER\\ngen.exe\" ExecuteQueuedItems 2 /LegacyServiceBehavior",
      "RuleName": "-",
      "ParentUser": "NT HOST\\USER",
      "ParentProcessId": "4400",
      "Product": "Microsoft® .NET Framework",
      "ProcessId": "1416",
      "LogonId": "0x3e7",
      "ProcessGuid": "{GUID-REDACTED}",
      "TerminalSessionId": "0",
      "Hashes": "SHA256=AF4A50DC7379F5653EEFABCFAE68977D2D576141F422C838D9E854AC71C8100A",
      "OriginalFileName": "mscorsvw.exe",
      "IntegrityLevel": "System",
      "Company": "Microsoft Corporation",
      "User": "USER-REDACTED",
      "Description": ".NET Runtime Optimization Service",
      "CommandLine": "C:\\HOST\\USER\\mscorsvw.exe -StartupEvent 2cc -InterruptEvent 0 -NGENProcess 2e4 -Pipe 3dc -Comment \"NGen Worker Process\"",
      "ParentImage": "C:\\HOST\\USER\\ngen.exe",
      "FileVersion": "4.8.9221.0 built by: NET481REL1LAST_25H2"
    },
    "raw": {
      "@timestamp": "2026-03-22T05:50:07.868Z",
      "host": {
        "architecture": "x86_64",
        "id": "4c1ea299-cc74-49b5-ac0a-1138d9d08387",
        "ip": [
          "fe80::1eac:376c:1bd5:f979",
          "IP-REDACTED"
        ],
        "os": {
          "type": "windows",
          "version": "10.0",
          "name": "Windows 11 Pro",
          "kernel": "10.0.26100.8036 (WinBuild.160101.0800)",
          "family": "windows",
          "build": "26200.8037",
          "platform": "windows"
        },
        "name": "HOST-REDACTED",
        "mac": [
          "MAC-REDACTED"
        ],
        "hostname": "HOST-REDACTED"
      },
      "message": "Process Create:\nRuleName: -\nUtcTime: 2026-03-22 05:50:07.866\nProcessGuid: {GUID-REDACTED}\nProcessId: 1416\nImage: C:\\HOST\\USER\\mscorsvw.exe\nFileVersion: 4.8.9221.0 built by: NET481REL1LAST_25H2\nDescription: .NET Runtime Optimization Service\nProduct: Microsoft® .NET Framework\nCompany: Microsoft Corporation\nOriginalFileName: mscorsvw.exe\nCommandLine: C:\\HOST\\USER\\mscorsvw.exe -StartupEvent 2cc -InterruptEvent 0 -NGENProcess 2e4 -Pipe 3dc -Comment \"NGen Worker Process\"\nCurrentDirectory: C:\\HOST\\USER\\\nUser: NT HOST\\USER\nLogonGuid: {GUID-REDACTED}\nLogonId: 0x3e7\nTerminalSessionId: 0\nIntegrityLevel: System\nHashes: SHA256=AF4A50DC7379F5653EEFABCFAE68977D2D576141F422C838D9E854AC71C8100A\nParentProcessGuid: {GUID-REDACTED}\nParentProcessId: 4400\nParentImage: C:\\HOST\\USER\\ngen.exe\nParentCommandLine: \"C:\\HOST\\USER\\ngen.exe\" ExecuteQueuedItems 2 /LegacyServiceBehavior\nParentUser: NT HOST\\USER",
      "ecs": {
        "version": "8.0.0"
      },
      "log": {
        "level": "information"
      },
      "@version": "1",
      "winlog": {
        "version": 5,
        "user": {
          "type": "Well Known Group",
          "name": "SYSTEM",
          "domain": "NT AUTHORITY",
          "identifier": "S-1-5-XX-REDACTED"
        },
        "event_id": "1",
        "record_id": 74,
        "provider_guid": "{GUID-REDACTED}",
        "channel": "Microsoft-Windows-Sysmon/Operational",
        "task": "Process Create (rule: ProcessCreate)",
        "opcode": "Info",
        "computer_name": "HOST-REDACTED",
        "process": {
          "thread": {
            "id": 1304
          },
          "pid": 1596
        },
        "provider_name": "Microsoft-Windows-Sysmon",
        "event_data": {
          "CurrentDirectory": "C:\\HOST\\USER\\",
          "LogonGuid": "{GUID-REDACTED}",
          "Image": "C:\\HOST\\USER\\mscorsvw.exe",
          "ParentProcessGuid": "{GUID-REDACTED}",
          "UtcTime": "2026-03-22 05:50:07.866",
          "ParentCommandLine": "\"C:\\HOST\\USER\\ngen.exe\" ExecuteQueuedItems 2 /LegacyServiceBehavior",
          "RuleName": "-",
          "ParentUser": "NT HOST\\USER",
          "ParentProcessId": "4400",
          "Product": "Microsoft® .NET Framework",
          "ProcessId": "1416",
          "LogonId": "0x3e7",
          "ProcessGuid": "{GUID-REDACTED}",
          "TerminalSessionId": "0",
          "Hashes": "SHA256=AF4A50DC7379F5653EEFABCFAE68977D2D576141F422C838D9E854AC71C8100A",
          "OriginalFileName": "mscorsvw.exe",
          "IntegrityLevel": "System",
          "Company": "Microsoft Corporation",
          "User": "USER-REDACTED",
          "Description": ".NET Runtime Optimization Service",
          "CommandLine": "C:\\HOST\\USER\\mscorsvw.exe -StartupEvent 2cc -InterruptEvent 0 -NGENProcess 2e4 -Pipe 3dc -Comment \"NGen Worker Process\"",
          "ParentImage": "C:\\HOST\\USER\\ngen.exe",
          "FileVersion": "4.8.9221.0 built by: NET481REL1LAST_25H2"
        }
      },
      "tags": [
        "beats_input_codec_plain_applied"
      ],
      "agent": {
        "type": "winlogbeat",
        "id": "e914dd33-e7be-4a91-b774-394d715855f5",
        "name": "HOST-REDACTED",
        "ephemeral_id": "b8267783-8d43-4086-8074-c2f96b9f9dae",
        "version": "9.3.2"
      },
      "event": {
        "kind": "event",
        "created": "2026-03-29T09:11:41.463Z",
        "code": "1",
        "action": "Process Create (rule: ProcessCreate)",
        "original": "Process Create:\nRuleName: -\nUtcTime: 2026-03-22 05:50:07.866\nProcessGuid: {GUID-REDACTED}\nProcessId: 1416\nImage: C:\\HOST\\USER\\mscorsvw.exe\nFileVersion: 4.8.9221.0 built by: NET481REL1LAST_25H2\nDescription: .NET Runtime Optimization Service\nProduct: Microsoft® .NET Framework\nCompany: Microsoft Corporation\nOriginalFileName: mscorsvw.exe\nCommandLine: C:\\HOST\\USER\\mscorsvw.exe -StartupEvent 2cc -InterruptEvent 0 -NGENProcess 2e4 -Pipe 3dc -Comment \"NGen Worker Process\"\nCurrentDirectory: C:\\HOST\\USER\\\nUser: NT HOST\\USER\nLogonGuid: {GUID-REDACTED}\nLogonId: 0x3e7\nTerminalSessionId: 0\nIntegrityLevel: System\nHashes: SHA256=AF4A50DC7379F5653EEFABCFAE68977D2D576141F422C838D9E854AC71C8100A\nParentProcessGuid: {GUID-REDACTED}\nParentProcessId: 4400\nParentImage: C:\\HOST\\USER\\ngen.exe\nParentCommandLine: \"C:\\HOST\\USER\\ngen.exe\" ExecuteQueuedItems 2 /LegacyServiceBehavior\nParentUser: NT HOST\\USER",
        "provider": "Microsoft-Windows-Sysmon"
      }
    },
    "parsed_type": "sysmon",
    "event_type_name": "ProcessCreate",
    "process_guid": "{GUID-REDACTED}",
    "process_id": "1416",
    "image": "C:\\HOST\\USER\\mscorsvw.exe",
    "command_line": "C:\\HOST\\USER\\mscorsvw.exe -StartupEvent 2cc -InterruptEvent 0 -NGENProcess 2e4 -Pipe 3dc -Comment \"NGen Worker Process\"",
    "current_directory": "C:\\HOST\\USER\\",
    "user": "USER-REDACTED",
    "logon_guid": "{GUID-REDACTED}",
    "logon_id": "0x3e7",
    "terminal_session_id": "0",
    "integrity_level": "System",
    "hashes": "SHA256=AF4A50DC7379F5653EEFABCFAE68977D2D576141F422C838D9E854AC71C8100A",
    "parent_process_guid": "{GUID-REDACTED}",
    "parent_process_id": "4400",
    "parent_image": "C:\\HOST\\USER\\ngen.exe",
    "parent_command_line": "\"C:\\HOST\\USER\\ngen.exe\" ExecuteQueuedItems 2 /LegacyServiceBehavior",
    "target_filename": null,
    "creation_utc_time": null,
    "destination_ip": null,
    "destination_port": null,
    "source_ip": null,
    "source_port": null,
    "protocol": null,
    "target_object": null,
    "details": null
  },
