[
  {
    "timestamp": "2026-03-22T05:43:43.804Z",
    "message": "Process Create:\nRuleName: -\nUtcTime: 2026-03-22 05:43:43.654\nProcessGuid: {GUID-REDACTED}\nProcessId: 1596\nImage: C:\\HOST\\USER\nFileVersion: 15.15\nDescription: System activity monitor\nProduct: Sysinternals Sysmon\nCompany: Sysinternals - www.sysinternals.com\nOriginalFileName: -\nCommandLine: C:\\HOST\\USER\nCurrentDirectory: C:\\HOST\\USER\\\nUser: NT HOST\\USER\nLogonGuid: {GUID-REDACTED}\nLogonId: 0x3e7\nTerminalSessionId: 0\nIntegrityLevel: System\nHashes: SHA256=D9C8FDFDCE510FD9922DA3A1084B6AC4476C1407D1D8BBB67FC0A61988552771\nParentProcessGuid: {GUID-REDACTED}\nParentProcessId: 788\nParentImage: C:\\HOST\\USER\\services.exe\nParentCommandLine: C:\\HOST\\USER\\services.exe\nParentUser: NT HOST\\USER",
    "event_code": "1",
    "event_action": "Process Create (rule: ProcessCreate)",
    "event_kind": "event",
    "provider": "Microsoft-Windows-Sysmon",
    "channel": "Microsoft-Windows-Sysmon/Operational",
    "event_id": "1",
    "record_id": 3,
    "computer_name": "HOST-REDACTED",
    "provider_name": "Microsoft-Windows-Sysmon",
    "log_level": "information",
    "host_name": "HOST-REDACTED",
    "host_hostname": "HOST-REDACTED",
    "host_os": "Windows 11 Pro",
    "agent_type": "winlogbeat",
    "agent_version": "9.3.2",
    "process_pid": 1596,
    "raw_event_data": {
      "CurrentDirectory": "C:\\HOST\\USER\\",
      "LogonGuid": "{GUID-REDACTED}",
      "Image": "C:\\HOST\\USER",
      "ParentProcessGuid": "{GUID-REDACTED}",
      "UtcTime": "2026-03-22 05:43:43.654",
      "ParentCommandLine": "C:\\HOST\\USER\\services.exe",
      "RuleName": "-",
      "ParentUser": "NT HOST\\USER",
      "Product": "Sysinternals Sysmon",
      "ParentProcessId": "788",
      "ProcessId": "1596",
      "LogonId": "0x3e7",
      "ProcessGuid": "{GUID-REDACTED}",
      "TerminalSessionId": "0",
      "Hashes": "SHA256=D9C8FDFDCE510FD9922DA3A1084B6AC4476C1407D1D8BBB67FC0A61988552771",
      "OriginalFileName": "-",
      "IntegrityLevel": "System",
      "Company": "Sysinternals - www.sysinternals.com",
      "User": "USER-REDACTED",
      "CommandLine": "C:\\HOST\\USER",
      "Description": "System activity monitor",
      "ParentImage": "C:\\HOST\\USER\\services.exe",
      "FileVersion": "15.15"
    },
    "raw": {
      "@timestamp": "2026-03-22T05:43:43.804Z",
      "message": "Process Create:\nRuleName: -\nUtcTime: 2026-03-22 05:43:43.654\nProcessGuid: {GUID-REDACTED}\nProcessId: 1596\nImage: C:\\HOST\\USER\nFileVersion: 15.15\nDescription: System activity monitor\nProduct: Sysinternals Sysmon\nCompany: Sysinternals - www.sysinternals.com\nOriginalFileName: -\nCommandLine: C:\\HOST\\USER\nCurrentDirectory: C:\\HOST\\USER\\\nUser: NT HOST\\USER\nLogonGuid: {GUID-REDACTED}\nLogonId: 0x3e7\nTerminalSessionId: 0\nIntegrityLevel: System\nHashes: SHA256=D9C8FDFDCE510FD9922DA3A1084B6AC4476C1407D1D8BBB67FC0A61988552771\nParentProcessGuid: {GUID-REDACTED}\nParentProcessId: 788\nParentImage: C:\\HOST\\USER\\services.exe\nParentCommandLine: C:\\HOST\\USER\\services.exe\nParentUser: NT HOST\\USER",
      "log": {
        "level": "information"
      },
      "host": {
        "architecture": "x86_64",
        "name": "HOST-REDACTED",
        "id": "4c1ea299-cc74-49b5-ac0a-1138d9d08387",
        "os": {
          "type": "windows",
          "version": "10.0",
          "name": "Windows 11 Pro",
          "kernel": "10.0.26100.8036 (WinBuild.160101.0800)",
          "family": "windows",
          "build": "26200.8037",
          "platform": "windows"
        },
        "ip": [
          "fe80::1eac:376c:1bd5:f979",
          "IP-REDACTED"
        ],
        "mac": [
          "MAC-REDACTED"
        ],
        "hostname": "HOST-REDACTED"
      },
      "ecs": {
        "version": "8.0.0"
      },
      "@version": "1",
      "winlog": {
        "version": 5,
        "user": {
          "type": "Well Known Group",
          "name": "SYSTEM",
          "domain": "NT AUTHORITY",
          "identifier": "S-1-5-XX-REDACTED"
        },
        "event_id": "1",
        "record_id": 3,
        "provider_guid": "{GUID-REDACTED}",
        "channel": "Microsoft-Windows-Sysmon/Operational",
        "task": "Process Create (rule: ProcessCreate)",
        "opcode": "Info",
        "process": {
          "thread": {
            "id": 1304
          },
          "pid": 1596
        },
        "computer_name": "HOST-REDACTED",
        "provider_name": "Microsoft-Windows-Sysmon",
        "event_data": {
          "CurrentDirectory": "C:\\HOST\\USER\\",
          "LogonGuid": "{GUID-REDACTED}",
          "Image": "C:\\HOST\\USER",
          "ParentProcessGuid": "{GUID-REDACTED}",
          "UtcTime": "2026-03-22 05:43:43.654",
          "ParentCommandLine": "C:\\HOST\\USER\\services.exe",
          "RuleName": "-",
          "ParentUser": "NT HOST\\USER",
          "Product": "Sysinternals Sysmon",
          "ParentProcessId": "788",
          "ProcessId": "1596",
          "LogonId": "0x3e7",
          "ProcessGuid": "{GUID-REDACTED}",
          "TerminalSessionId": "0",
          "Hashes": "SHA256=D9C8FDFDCE510FD9922DA3A1084B6AC4476C1407D1D8BBB67FC0A61988552771",
          "OriginalFileName": "-",
          "IntegrityLevel": "System",
          "Company": "Sysinternals - www.sysinternals.com",
          "User": "USER-REDACTED",
          "CommandLine": "C:\\HOST\\USER",
          "Description": "System activity monitor",
          "ParentImage": "C:\\HOST\\USER\\services.exe",
          "FileVersion": "15.15"
        }
      },
      "tags": [
        "beats_input_codec_plain_applied"
      ],
      "agent": {
        "type": "winlogbeat",
        "version": "9.3.2",
        "id": "e914dd33-e7be-4a91-b774-394d715855f5",
        "ephemeral_id": "b8267783-8d43-4086-8074-c2f96b9f9dae",
        "name": "HOST-REDACTED"
      },
      "event": {
        "kind": "event",
        "created": "2026-03-29T09:11:41.440Z",
        "action": "Process Create (rule: ProcessCreate)",
        "code": "1",
        "original": "Process Create:\nRuleName: -\nUtcTime: 2026-03-22 05:43:43.654\nProcessGuid: {GUID-REDACTED}\nProcessId: 1596\nImage: C:\\HOST\\USER\nFileVersion: 15.15\nDescription: System activity monitor\nProduct: Sysinternals Sysmon\nCompany: Sysinternals - www.sysinternals.com\nOriginalFileName: -\nCommandLine: C:\\HOST\\USER\nCurrentDirectory: C:\\HOST\\USER\\\nUser: NT HOST\\USER\nLogonGuid: {GUID-REDACTED}\nLogonId: 0x3e7\nTerminalSessionId: 0\nIntegrityLevel: System\nHashes: SHA256=D9C8FDFDCE510FD9922DA3A1084B6AC4476C1407D1D8BBB67FC0A61988552771\nParentProcessGuid: {GUID-REDACTED}\nParentProcessId: 788\nParentImage: C:\\HOST\\USER\\services.exe\nParentCommandLine: C:\\HOST\\USER\\services.exe\nParentUser: NT HOST\\USER",
        "provider": "Microsoft-Windows-Sysmon"
      }
    },
    "parsed_type": "sysmon",
    "event_type_name": "ProcessCreate",
    "process_guid": "{GUID-REDACTED}",
    "process_id": "1596",
    "image": "C:\\HOST\\USER",
    "command_line": "C:\\HOST\\USER",
    "current_directory": "C:\\HOST\\USER\\",
    "user": "USER-REDACTED",
    "logon_guid": "{GUID-REDACTED}",
    "logon_id": "0x3e7",
    "terminal_session_id": "0",
    "integrity_level": "System",
    "hashes": "SHA256=D9C8FDFDCE510FD9922DA3A1084B6AC4476C1407D1D8BBB67FC0A61988552771",
    "parent_process_guid": "{GUID-REDACTED}",
    "parent_process_id": "788",
    "parent_image": "C:\\HOST\\USER\\services.exe",
    "parent_command_line": "C:\\HOST\\USER\\services.exe",
    "target_filename": null,
    "creation_utc_time": null,
    "destination_ip": null,
    "destination_port": null,
    "source_ip": null,
    "source_port": null,
    "protocol": null,
    "target_object": null,
    "details": null
  },
  {
    "timestamp": "2026-03-22T05:43:43.805Z",
    "message": "Process Create:\nRuleName: -\nUtcTime: 2026-03-22 05:43:43.760\nProcessGuid: {GUID-REDACTED}\nProcessId: 10772\nImage: C:\\HOST\\USER\\HOST\\USER\nFileVersion: 10.0.26100.7920 (WinBuild.160101.0800)\nDescription: Sink to receive asynchronous callbacks for WMI client application\nProduct: Microsoft® Windows® Operating System\nCompany: Microsoft Corporation\nOriginalFileName: unsecapp.dll\nCommandLine: C:\\HOST\\USER\\HOST\\USER -Embedding\nCurrentDirectory: C:\\HOST\\USER\\\nUser: NT HOST\\USER\nLogonGuid: {GUID-REDACTED}\nLogonId: 0x3e7\nTerminalSessionId: 0\nIntegrityLevel: System\nHashes: SHA256=D1456028D61171C37F18AA5C2C0D46359C3E4A7C6AAC72C3BB38186FA4FE6477\nParentProcessGuid: {GUID-REDACTED}\nParentProcessId: 940\nParentImage: C:\\HOST\\USER\\svchost.exe\nParentCommandLine: C:\\HOST\\USER\\svchost.exe -k DcomLaunch -p\nParentUser: NT HOST\\USER",
    "event_code": "1",
    "event_action": "Process Create (rule: ProcessCreate)",
    "event_kind": "event",
    "provider": "Microsoft-Windows-Sysmon",
    "channel": "Microsoft-Windows-Sysmon/Operational",
    "event_id": "1",
    "record_id": 4,
    "computer_name": "HOST-REDACTED",
    "provider_name": "Microsoft-Windows-Sysmon",
    "log_level": "information",
    "host_name": "HOST-REDACTED",
    "host_hostname": "HOST-REDACTED",
    "host_os": "Windows 11 Pro",
    "agent_type": "winlogbeat",
    "agent_version": "9.3.2",
    "process_pid": 1596,
    "raw_event_data": {
      "CurrentDirectory": "C:\\HOST\\USER\\",
      "LogonGuid": "{GUID-REDACTED}",
      "Image": "C:\\HOST\\USER\\HOST\\USER",
      "UtcTime": "2026-03-22 05:43:43.760",
      "ParentProcessGuid": "{GUID-REDACTED}",
      "ParentCommandLine": "C:\\HOST\\USER\\svchost.exe -k DcomLaunch -p",
      "RuleName": "-",
      "ParentUser": "NT HOST\\USER",
      "Product": "Microsoft® Windows® Operating System",
      "ParentProcessId": "940",
      "ProcessId": "10772",
      "LogonId": "0x3e7",
      "ProcessGuid": "{GUID-REDACTED}",
      "TerminalSessionId": "0",
      "Hashes": "SHA256=D1456028D61171C37F18AA5C2C0D46359C3E4A7C6AAC72C3BB38186FA4FE6477",
      "OriginalFileName": "unsecapp.dll",
      "IntegrityLevel": "System",
      "Company": "Microsoft Corporation",
      "User": "USER-REDACTED",
      "Description": "Sink to receive asynchronous callbacks for WMI client application",
      "CommandLine": "C:\\HOST\\USER\\HOST\\USER -Embedding",
      "ParentImage": "C:\\HOST\\USER\\svchost.exe",
      "FileVersion": "10.0.26100.7920 (WinBuild.160101.0800)"
    },
    "raw": {
      "@timestamp": "2026-03-22T05:43:43.805Z",
      "log": {
        "level": "information"
      },
      "message": "Process Create:\nRuleName: -\nUtcTime: 2026-03-22 05:43:43.760\nProcessGuid: {GUID-REDACTED}\nProcessId: 10772\nImage: C:\\HOST\\USER\\HOST\\USER\nFileVersion: 10.0.26100.7920 (WinBuild.160101.0800)\nDescription: Sink to receive asynchronous callbacks for WMI client application\nProduct: Microsoft® Windows® Operating System\nCompany: Microsoft Corporation\nOriginalFileName: unsecapp.dll\nCommandLine: C:\\HOST\\USER\\HOST\\USER -Embedding\nCurrentDirectory: C:\\HOST\\USER\\\nUser: NT HOST\\USER\nLogonGuid: {GUID-REDACTED}\nLogonId: 0x3e7\nTerminalSessionId: 0\nIntegrityLevel: System\nHashes: SHA256=D1456028D61171C37F18AA5C2C0D46359C3E4A7C6AAC72C3BB38186FA4FE6477\nParentProcessGuid: {GUID-REDACTED}\nParentProcessId: 940\nParentImage: C:\\HOST\\USER\\svchost.exe\nParentCommandLine: C:\\HOST\\USER\\svchost.exe -k DcomLaunch -p\nParentUser: NT HOST\\USER",
      "ecs": {
        "version": "8.0.0"
      },
      "host": {
        "architecture": "x86_64",
        "id": "4c1ea299-cc74-49b5-ac0a-1138d9d08387",
        "ip": [
          "fe80::1eac:376c:1bd5:f979",
          "IP-REDACTED"
        ],
        "name": "HOST-REDACTED",
        "os": {
          "type": "windows",
          "name": "Windows 11 Pro",
          "kernel": "10.0.26100.8036 (WinBuild.160101.0800)",
          "version": "10.0",
          "family": "windows",
          "build": "26200.8037",
          "platform": "windows"
        },
        "mac": [
          "MAC-REDACTED"
        ],
        "hostname": "HOST-REDACTED"
      },
      "@version": "1",
      "winlog": {
        "version": 5,
        "user": {
          "type": "Well Known Group",
          "name": "SYSTEM",
          "domain": "NT AUTHORITY",
          "identifier": "S-1-5-XX-REDACTED"
        },
        "event_id": "1",
        "record_id": 4,
        "provider_guid": "{GUID-REDACTED}",
        "channel": "Microsoft-Windows-Sysmon/Operational",
        "task": "Process Create (rule: ProcessCreate)",
        "opcode": "Info",
        "process": {
          "thread": {
            "id": 1304
          },
          "pid": 1596
        },
        "computer_name": "HOST-REDACTED",
        "provider_name": "Microsoft-Windows-Sysmon",
        "event_data": {
          "CurrentDirectory": "C:\\HOST\\USER\\",
          "LogonGuid": "{GUID-REDACTED}",
          "Image": "C:\\HOST\\USER\\HOST\\USER",
          "UtcTime": "2026-03-22 05:43:43.760",
          "ParentProcessGuid": "{GUID-REDACTED}",
          "ParentCommandLine": "C:\\HOST\\USER\\svchost.exe -k DcomLaunch -p",
          "RuleName": "-",
          "ParentUser": "NT HOST\\USER",
          "Product": "Microsoft® Windows® Operating System",
          "ParentProcessId": "940",
          "ProcessId": "10772",
          "LogonId": "0x3e7",
          "ProcessGuid": "{GUID-REDACTED}",
          "TerminalSessionId": "0",
          "Hashes": "SHA256=D1456028D61171C37F18AA5C2C0D46359C3E4A7C6AAC72C3BB38186FA4FE6477",
          "OriginalFileName": "unsecapp.dll",
          "IntegrityLevel": "System",
          "Company": "Microsoft Corporation",
          "User": "USER-REDACTED",
          "Description": "Sink to receive asynchronous callbacks for WMI client application",
          "CommandLine": "C:\\HOST\\USER\\HOST\\USER -Embedding",
          "ParentImage": "C:\\HOST\\USER\\svchost.exe",
          "FileVersion": "10.0.26100.7920 (WinBuild.160101.0800)"
        }
      },
      "tags": [
        "beats_input_codec_plain_applied"
      ],
      "agent": {
        "type": "winlogbeat",
        "version": "9.3.2",
        "id": "e914dd33-e7be-4a91-b774-394d715855f5",
        "ephemeral_id": "b8267783-8d43-4086-8074-c2f96b9f9dae",
        "name": "HOST-REDACTED"
      },
      "event": {
        "kind": "event",
        "created": "2026-03-29T09:11:41.440Z",
        "code": "1",
        "action": "Process Create (rule: ProcessCreate)",
        "original": "Process Create:\nRuleName: -\nUtcTime: 2026-03-22 05:43:43.760\nProcessGuid: {GUID-REDACTED}\nProcessId: 10772\nImage: C:\\HOST\\USER\\HOST\\USER\nFileVersion: 10.0.26100.7920 (WinBuild.160101.0800)\nDescription: Sink to receive asynchronous callbacks for WMI client application\nProduct: Microsoft® Windows® Operating System\nCompany: Microsoft Corporation\nOriginalFileName: unsecapp.dll\nCommandLine: C:\\HOST\\USER\\HOST\\USER -Embedding\nCurrentDirectory: C:\\HOST\\USER\\\nUser: NT HOST\\USER\nLogonGuid: {GUID-REDACTED}\nLogonId: 0x3e7\nTerminalSessionId: 0\nIntegrityLevel: System\nHashes: SHA256=D1456028D61171C37F18AA5C2C0D46359C3E4A7C6AAC72C3BB38186FA4FE6477\nParentProcessGuid: {GUID-REDACTED}\nParentProcessId: 940\nParentImage: C:\\HOST\\USER\\svchost.exe\nParentCommandLine: C:\\HOST\\USER\\svchost.exe -k DcomLaunch -p\nParentUser: NT HOST\\USER",
        "provider": "Microsoft-Windows-Sysmon"
      }
    },
    "parsed_type": "sysmon",
    "event_type_name": "ProcessCreate",
    "process_guid": "{GUID-REDACTED}",
    "process_id": "10772",
    "image": "C:\\HOST\\USER\\HOST\\USER",
    "command_line": "C:\\HOST\\USER\\HOST\\USER -Embedding",
    "current_directory": "C:\\HOST\\USER\\",
    "user": "USER-REDACTED",
    "logon_guid": "{GUID-REDACTED}",
    "logon_id": "0x3e7",
    "terminal_session_id": "0",
    "integrity_level": "System",
    "hashes": "SHA256=D1456028D61171C37F18AA5C2C0D46359C3E4A7C6AAC72C3BB38186FA4FE6477",
    "parent_process_guid": "{GUID-REDACTED}",
    "parent_process_id": "940",
    "parent_image": "C:\\HOST\\USER\\svchost.exe",
    "parent_command_line": "C:\\HOST\\USER\\svchost.exe -k DcomLaunch -p",
    "target_filename": null,
    "creation_utc_time": null,
    "destination_ip": null,
    "destination_port": null,
    "source_ip": null,
    "source_port": null,
    "protocol": null,
    "target_object": null,
    "details": null
  },
  {
    "timestamp": "2026-03-22T05:44:27.125Z",
    "message": "Process Create:\nRuleName: -\nUtcTime: 2026-03-22 05:44:27.111\nProcessGuid: {GUID-REDACTED}\nProcessId: 6284\nImage: C:\\HOST\\USER\\mmc.exe\nFileVersion: 10.0.26100.7920 (WinBuild.160101.0800)\nDescription: Microsoft Management Console\nProduct: Microsoft® Windows® Operating System\nCompany: Microsoft Corporation\nOriginalFileName: mmc.exe\nCommandLine: \"C:\\HOST\\USER\\mmc.exe\" \"C:\\HOST\\USER\\eventvwr.msc\" /s\nCurrentDirectory: C:\\HOST\\USER\\\nUser: HOST\\USER\nLogonGuid: {GUID-REDACTED}\nLogonId: 0x22f6e2\nTerminalSessionId: 2\nIntegrityLevel: Medium\nHashes: SHA256=DFF0D60E0C643D53F7D3C2E10C054299A47A5E89519B0D976CFD8E5EB726A79C\nParentProcessGuid: {GUID-REDACTED}\nParentProcessId: 5440\nParentImage: C:\\HOST\\USER\nParentCommandLine: C:\\HOST\\USER\nParentUser: HOST\\USER",
    "event_code": "1",
    "event_action": "Process Create (rule: ProcessCreate)",
    "event_kind": "event",
    "provider": "Microsoft-Windows-Sysmon",
    "channel": "Microsoft-Windows-Sysmon/Operational",
    "event_id": "1",
    "record_id": 8,
    "computer_name": "HOST-REDACTED",
    "provider_name": "Microsoft-Windows-Sysmon",
    "log_level": "information",
    "host_name": "HOST-REDACTED",
    "host_hostname": "HOST-REDACTED",
    "host_os": "Windows 11 Pro",
    "agent_type": "winlogbeat",
    "agent_version": "9.3.2",
    "process_pid": 1596,
    "raw_event_data": {
      "CurrentDirectory": "C:\\HOST\\USER\\",
      "LogonGuid": "{GUID-REDACTED}",
      "Image": "C:\\HOST\\USER\\mmc.exe",
      "ParentProcessGuid": "{GUID-REDACTED}",
      "UtcTime": "2026-03-22 05:44:27.111",
      "ParentCommandLine": "C:\\HOST\\USER",
      "RuleName": "-",
      "ParentUser": "HOST\\USER",
      "Product": "Microsoft® Windows® Operating System",
      "ParentProcessId": "5440",
      "ProcessId": "6284",
      "LogonId": "0x22f6e2",
      "ProcessGuid": "{GUID-REDACTED}",
      "TerminalSessionId": "2",
      "Hashes": "SHA256=DFF0D60E0C643D53F7D3C2E10C054299A47A5E89519B0D976CFD8E5EB726A79C",
      "OriginalFileName": "mmc.exe",
      "IntegrityLevel": "Medium",
      "Company": "Microsoft Corporation",
      "User": "USER-REDACTED",
      "CommandLine": "\"C:\\HOST\\USER\\mmc.exe\" \"C:\\HOST\\USER\\eventvwr.msc\" /s",
      "Description": "Microsoft Management Console",
      "ParentImage": "C:\\HOST\\USER",
      "FileVersion": "10.0.26100.7920 (WinBuild.160101.0800)"
    },
    "raw": {
      "@timestamp": "2026-03-22T05:44:27.125Z",
      "host": {
        "architecture": "x86_64",
        "name": "HOST-REDACTED",
        "id": "4c1ea299-cc74-49b5-ac0a-1138d9d08387",
        "os": {
          "type": "windows",
          "name": "Windows 11 Pro",
          "kernel": "10.0.26100.8036 (WinBuild.160101.0800)",
          "version": "10.0",
          "family": "windows",
          "build": "26200.8037",
          "platform": "windows"
        },
        "ip": [
          "fe80::1eac:376c:1bd5:f979",
          "IP-REDACTED"
        ],
        "mac": [
          "MAC-REDACTED"
        ],
        "hostname": "HOST-REDACTED"
      },
      "message": "Process Create:\nRuleName: -\nUtcTime: 2026-03-22 05:44:27.111\nProcessGuid: {GUID-REDACTED}\nProcessId: 6284\nImage: C:\\HOST\\USER\\mmc.exe\nFileVersion: 10.0.26100.7920 (WinBuild.160101.0800)\nDescription: Microsoft Management Console\nProduct: Microsoft® Windows® Operating System\nCompany: Microsoft Corporation\nOriginalFileName: mmc.exe\nCommandLine: \"C:\\HOST\\USER\\mmc.exe\" \"C:\\HOST\\USER\\eventvwr.msc\" /s\nCurrentDirectory: C:\\HOST\\USER\\\nUser: HOST\\USER\nLogonGuid: {GUID-REDACTED}\nLogonId: 0x22f6e2\nTerminalSessionId: 2\nIntegrityLevel: Medium\nHashes: SHA256=DFF0D60E0C643D53F7D3C2E10C054299A47A5E89519B0D976CFD8E5EB726A79C\nParentProcessGuid: {GUID-REDACTED}\nParentProcessId: 5440\nParentImage: C:\\HOST\\USER\nParentCommandLine: C:\\HOST\\USER\nParentUser: HOST\\USER",
      "ecs": {
        "version": "8.0.0"
      },
      "log": {
        "level": "information"
      },
      "@version": "1",
      "winlog": {
        "version": 5,
        "user": {
          "type": "Well Known Group",
          "name": "SYSTEM",
          "domain": "NT AUTHORITY",
          "identifier": "S-1-5-XX-REDACTED"
        },
        "event_id": "1",
        "record_id": 8,
        "provider_guid": "{GUID-REDACTED}",
        "channel": "Microsoft-Windows-Sysmon/Operational",
        "task": "Process Create (rule: ProcessCreate)",
        "opcode": "Info",
        "computer_name": "HOST-REDACTED",
        "process": {
          "thread": {
            "id": 1304
          },
          "pid": 1596
        },
        "provider_name": "Microsoft-Windows-Sysmon",
        "event_data": {
          "CurrentDirectory": "C:\\HOST\\USER\\",
          "LogonGuid": "{GUID-REDACTED}",
          "Image": "C:\\HOST\\USER\\mmc.exe",
          "ParentProcessGuid": "{GUID-REDACTED}",
          "UtcTime": "2026-03-22 05:44:27.111",
          "ParentCommandLine": "C:\\HOST\\USER",
          "RuleName": "-",
          "ParentUser": "HOST\\USER",
          "Product": "Microsoft® Windows® Operating System",
          "ParentProcessId": "5440",
          "ProcessId": "6284",
          "LogonId": "0x22f6e2",
          "ProcessGuid": "{GUID-REDACTED}",
          "TerminalSessionId": "2",
          "Hashes": "SHA256=DFF0D60E0C643D53F7D3C2E10C054299A47A5E89519B0D976CFD8E5EB726A79C",
          "OriginalFileName": "mmc.exe",
          "IntegrityLevel": "Medium",
          "Company": "Microsoft Corporation",
          "User": "USER-REDACTED",
          "CommandLine": "\"C:\\HOST\\USER\\mmc.exe\" \"C:\\HOST\\USER\\eventvwr.msc\" /s",
          "Description": "Microsoft Management Console",
          "ParentImage": "C:\\HOST\\USER",
          "FileVersion": "10.0.26100.7920 (WinBuild.160101.0800)"
        }
      },
      "tags": [
        "beats_input_codec_plain_applied"
      ],
      "agent": {
        "type": "winlogbeat",
        "version": "9.3.2",
        "id": "e914dd33-e7be-4a91-b774-394d715855f5",
        "ephemeral_id": "b8267783-8d43-4086-8074-c2f96b9f9dae",
        "name": "HOST-REDACTED"
      },
      "event": {
        "kind": "event",
        "created": "2026-03-29T09:11:41.442Z",
        "code": "1",
        "action": "Process Create (rule: ProcessCreate)",
        "original": "Process Create:\nRuleName: -\nUtcTime: 2026-03-22 05:44:27.111\nProcessGuid: {GUID-REDACTED}\nProcessId: 6284\nImage: C:\\HOST\\USER\\mmc.exe\nFileVersion: 10.0.26100.7920 (WinBuild.160101.0800)\nDescription: Microsoft Management Console\nProduct: Microsoft® Windows® Operating System\nCompany: Microsoft Corporation\nOriginalFileName: mmc.exe\nCommandLine: \"C:\\HOST\\USER\\mmc.exe\" \"C:\\HOST\\USER\\eventvwr.msc\" /s\nCurrentDirectory: C:\\HOST\\USER\\\nUser: HOST\\USER\nLogonGuid: {GUID-REDACTED}\nLogonId: 0x22f6e2\nTerminalSessionId: 2\nIntegrityLevel: Medium\nHashes: SHA256=DFF0D60E0C643D53F7D3C2E10C054299A47A5E89519B0D976CFD8E5EB726A79C\nParentProcessGuid: {GUID-REDACTED}\nParentProcessId: 5440\nParentImage: C:\\HOST\\USER\nParentCommandLine: C:\\HOST\\USER\nParentUser: HOST\\USER",
        "provider": "Microsoft-Windows-Sysmon"
      }
    },
    "parsed_type": "sysmon",
    "event_type_name": "ProcessCreate",
    "process_guid": "{GUID-REDACTED}",
    "process_id": "6284",
    "image": "C:\\HOST\\USER\\mmc.exe",
    "command_line": "\"C:\\HOST\\USER\\mmc.exe\" \"C:\\HOST\\USER\\eventvwr.msc\" /s",
    "current_directory": "C:\\HOST\\USER\\",
    "user": "USER-REDACTED",
    "logon_guid": "{GUID-REDACTED}",
    "logon_id": "0x22f6e2",
    "terminal_session_id": "2",
    "integrity_level": "Medium",
    "hashes": "SHA256=DFF0D60E0C643D53F7D3C2E10C054299A47A5E89519B0D976CFD8E5EB726A79C",
    "parent_process_guid": "{GUID-REDACTED}",
    "parent_process_id": "5440",
    "parent_image": "C:\\HOST\\USER",
    "parent_command_line": "C:\\HOST\\USER",
    "target_filename": null,
    "creation_utc_time": null,
    "destination_ip": null,
    "destination_port": null,
    "source_ip": null,
    "source_port": null,
    "protocol": null,
    "target_object": null,
    "details": null
  },
  {
    "timestamp": "2026-03-22T05:44:27.206Z",
    "message": "Process Create:\nRuleName: -\nUtcTime: 2026-03-22 05:44:27.199\nProcessGuid: {GUID-REDACTED}\nProcessId: 10716\nImage: C:\\HOST\\USER\\consent.exe\nFileVersion: 10.0.26100.7920 (WinBuild.160101.0800)\nDescription: Consent UI for administrative applications\nProduct: Microsoft® Windows® Operating System\nCompany: Microsoft Corporation\nOriginalFileName: consent.exe\nCommandLine: consent.exe 4440 562 000001AFAF81D770\nCurrentDirectory: C:\\HOST\\USER\\\nUser: NT HOST\\USER\nLogonGuid: {GUID-REDACTED}\nLogonId: 0x3e7\nTerminalSessionId: 2\nIntegrityLevel: System\nHashes: SHA256=B787FC4C7088DFE22091B3BF03AFBA83B00D06A766276C7D978A640BA9F19FAF\nParentProcessGuid: {GUID-REDACTED}\nParentProcessId: 4440\nParentImage: C:\\HOST\\USER\\svchost.exe\nParentCommandLine: C:\\HOST\\USER\\svchost.exe -k netsvcs -p -s Appinfo\nParentUser: NT HOST\\USER",
    "event_code": "1",
    "event_action": "Process Create (rule: ProcessCreate)",
    "event_kind": "event",
    "provider": "Microsoft-Windows-Sysmon",
    "channel": "Microsoft-Windows-Sysmon/Operational",
    "event_id": "1",
    "record_id": 10,
    "computer_name": "HOST-REDACTED",
    "provider_name": "Microsoft-Windows-Sysmon",
    "log_level": "information",
    "host_name": "HOST-REDACTED",
    "host_hostname": "HOST-REDACTED",
    "host_os": "Windows 11 Pro",
    "agent_type": "winlogbeat",
    "agent_version": "9.3.2",
    "process_pid": 1596,
    "raw_event_data": {
      "CurrentDirectory": "C:\\HOST\\USER\\",
      "LogonGuid": "{GUID-REDACTED}",
      "Image": "C:\\HOST\\USER\\consent.exe",
      "ParentProcessGuid": "{GUID-REDACTED}",
      "UtcTime": "2026-03-22 05:44:27.199",
      "ParentCommandLine": "C:\\HOST\\USER\\svchost.exe -k netsvcs -p -s Appinfo",
      "RuleName": "-",
      "ParentUser": "NT HOST\\USER",
      "ParentProcessId": "4440",
      "Product": "Microsoft® Windows® Operating System",
      "ProcessId": "10716",
      "LogonId": "0x3e7",
      "ProcessGuid": "{GUID-REDACTED}",
      "TerminalSessionId": "2",
      "Hashes": "SHA256=B787FC4C7088DFE22091B3BF03AFBA83B00D06A766276C7D978A640BA9F19FAF",
      "OriginalFileName": "consent.exe",
      "IntegrityLevel": "System",
      "Company": "Microsoft Corporation",
      "User": "USER-REDACTED",
      "Description": "Consent UI for administrative applications",
      "CommandLine": "consent.exe 4440 562 000001AFAF81D770",
      "ParentImage": "C:\\HOST\\USER\\svchost.exe",
      "FileVersion": "10.0.26100.7920 (WinBuild.160101.0800)"
    },
    "raw": {
      "@timestamp": "2026-03-22T05:44:27.206Z",
      "host": {
        "architecture": "x86_64",
        "id": "4c1ea299-cc74-49b5-ac0a-1138d9d08387",
        "name": "HOST-REDACTED",
        "os": {
          "type": "windows",
          "version": "10.0",
          "name": "Windows 11 Pro",
          "kernel": "10.0.26100.8036 (WinBuild.160101.0800)",
          "family": "windows",
          "build": "26200.8037",
          "platform": "windows"
        },
        "ip": [
          "fe80::1eac:376c:1bd5:f979",
          "IP-REDACTED"
        ],
        "mac": [
          "MAC-REDACTED"
        ],
        "hostname": "HOST-REDACTED"
      },
      "message": "Process Create:\nRuleName: -\nUtcTime: 2026-03-22 05:44:27.199\nProcessGuid: {GUID-REDACTED}\nProcessId: 10716\nImage: C:\\HOST\\USER\\consent.exe\nFileVersion: 10.0.26100.7920 (WinBuild.160101.0800)\nDescription: Consent UI for administrative applications\nProduct: Microsoft® Windows® Operating System\nCompany: Microsoft Corporation\nOriginalFileName: consent.exe\nCommandLine: consent.exe 4440 562 000001AFAF81D770\nCurrentDirectory: C:\\HOST\\USER\\\nUser: NT HOST\\USER\nLogonGuid: {GUID-REDACTED}\nLogonId: 0x3e7\nTerminalSessionId: 2\nIntegrityLevel: System\nHashes: SHA256=B787FC4C7088DFE22091B3BF03AFBA83B00D06A766276C7D978A640BA9F19FAF\nParentProcessGuid: {GUID-REDACTED}\nParentProcessId: 4440\nParentImage: C:\\HOST\\USER\\svchost.exe\nParentCommandLine: C:\\HOST\\USER\\svchost.exe -k netsvcs -p -s Appinfo\nParentUser: NT HOST\\USER",
      "ecs": {
        "version": "8.0.0"
      },
      "log": {
        "level": "information"
      },
      "@version": "1",
      "winlog": {
        "version": 5,
        "user": {
          "type": "Well Known Group",
          "name": "SYSTEM",
          "domain": "NT AUTHORITY",
          "identifier": "S-1-5-XX-REDACTED"
        },
        "event_id": "1",
        "record_id": 10,
        "provider_guid": "{GUID-REDACTED}",
        "channel": "Microsoft-Windows-Sysmon/Operational",
        "task": "Process Create (rule: ProcessCreate)",
        "opcode": "Info",
        "computer_name": "HOST-REDACTED",
        "process": {
          "thread": {
            "id": 1304
          },
          "pid": 1596
        },
        "provider_name": "Microsoft-Windows-Sysmon",
        "event_data": {
          "CurrentDirectory": "C:\\HOST\\USER\\",
          "LogonGuid": "{GUID-REDACTED}",
          "Image": "C:\\HOST\\USER\\consent.exe",
          "ParentProcessGuid": "{GUID-REDACTED}",
          "UtcTime": "2026-03-22 05:44:27.199",
          "ParentCommandLine": "C:\\HOST\\USER\\svchost.exe -k netsvcs -p -s Appinfo",
          "RuleName": "-",
          "ParentUser": "NT HOST\\USER",
          "ParentProcessId": "4440",
          "Product": "Microsoft® Windows® Operating System",
          "ProcessId": "10716",
          "LogonId": "0x3e7",
          "ProcessGuid": "{GUID-REDACTED}",
          "TerminalSessionId": "2",
          "Hashes": "SHA256=B787FC4C7088DFE22091B3BF03AFBA83B00D06A766276C7D978A640BA9F19FAF",
          "OriginalFileName": "consent.exe",
          "IntegrityLevel": "System",
          "Company": "Microsoft Corporation",
          "User": "USER-REDACTED",
          "Description": "Consent UI for administrative applications",
          "CommandLine": "consent.exe 4440 562 000001AFAF81D770",
          "ParentImage": "C:\\HOST\\USER\\svchost.exe",
          "FileVersion": "10.0.26100.7920 (WinBuild.160101.0800)"
        }
      },
      "tags": [
        "beats_input_codec_plain_applied"
      ],
      "agent": {
        "type": "winlogbeat",
        "version": "9.3.2",
        "id": "e914dd33-e7be-4a91-b774-394d715855f5",
        "ephemeral_id": "b8267783-8d43-4086-8074-c2f96b9f9dae",
        "name": "HOST-REDACTED"
      },
      "event": {
        "kind": "event",
        "created": "2026-03-29T09:11:41.442Z",
        "action": "Process Create (rule: ProcessCreate)",
        "code": "1",
        "original": "Process Create:\nRuleName: -\nUtcTime: 2026-03-22 05:44:27.199\nProcessGuid: {GUID-REDACTED}\nProcessId: 10716\nImage: C:\\HOST\\USER\\consent.exe\nFileVersion: 10.0.26100.7920 (WinBuild.160101.0800)\nDescription: Consent UI for administrative applications\nProduct: Microsoft® Windows® Operating System\nCompany: Microsoft Corporation\nOriginalFileName: consent.exe\nCommandLine: consent.exe 4440 562 000001AFAF81D770\nCurrentDirectory: C:\\HOST\\USER\\\nUser: NT HOST\\USER\nLogonGuid: {GUID-REDACTED}\nLogonId: 0x3e7\nTerminalSessionId: 2\nIntegrityLevel: System\nHashes: SHA256=B787FC4C7088DFE22091B3BF03AFBA83B00D06A766276C7D978A640BA9F19FAF\nParentProcessGuid: {GUID-REDACTED}\nParentProcessId: 4440\nParentImage: C:\\HOST\\USER\\svchost.exe\nParentCommandLine: C:\\HOST\\USER\\svchost.exe -k netsvcs -p -s Appinfo\nParentUser: NT HOST\\USER",
        "provider": "Microsoft-Windows-Sysmon"
      }
    },
    "parsed_type": "sysmon",
    "event_type_name": "ProcessCreate",
    "process_guid": "{GUID-REDACTED}",
    "process_id": "10716",
    "image": "C:\\HOST\\USER\\consent.exe",
    "command_line": "consent.exe 4440 562 000001AFAF81D770",
    "current_directory": "C:\\HOST\\USER\\",
    "user": "USER-REDACTED",
    "logon_guid": "{GUID-REDACTED}",
    "logon_id": "0x3e7",
    "terminal_session_id": "2",
    "integrity_level": "System",
    "hashes": "SHA256=B787FC4C7088DFE22091B3BF03AFBA83B00D06A766276C7D978A640BA9F19FAF",
    "parent_process_guid": "{GUID-REDACTED}",
    "parent_process_id": "4440",
    "parent_image": "C:\\HOST\\USER\\svchost.exe",
    "parent_command_line": "C:\\HOST\\USER\\svchost.exe -k netsvcs -p -s Appinfo",
    "target_filename": null,
    "creation_utc_time": null,
    "destination_ip": null,
    "destination_port": null,
    "source_ip": null,
    "source_port": null,
    "protocol": null,
    "target_object": null,
    "details": null
  },
  {
    "timestamp": "2026-03-22T05:44:27.372Z",
    "message": "Process Create:\nRuleName: -\nUtcTime: 2026-03-22 05:44:27.365\nProcessGuid: {GUID-REDACTED}\nProcessId: 10736\nImage: C:\\HOST\\USER\\mmc.exe\nFileVersion: 10.0.26100.7920 (WinBuild.160101.0800)\nDescription: Microsoft Management Console\nProduct: Microsoft® Windows® Operating System\nCompany: Microsoft Corporation\nOriginalFileName: mmc.exe\nCommandLine: \"C:\\HOST\\USER\\mmc.exe\" \"C:\\HOST\\USER\\eventvwr.msc\" /s\nCurrentDirectory: C:\\HOST\\USER\\\nUser: HOST\\USER\nLogonGuid: {GUID-REDACTED}\nLogonId: 0x22f680\nTerminalSessionId: 2\nIntegrityLevel: High\nHashes: SHA256=DFF0D60E0C643D53F7D3C2E10C054299A47A5E89519B0D976CFD8E5EB726A79C\nParentProcessGuid: {GUID-REDACTED}\nParentProcessId: 5440\nParentImage: C:\\HOST\\USER\nParentCommandLine: C:\\HOST\\USER\nParentUser: HOST\\USER",
    "event_code": "1",
    "event_action": "Process Create (rule: ProcessCreate)",
    "event_kind": "event",
    "provider": "Microsoft-Windows-Sysmon",
    "channel": "Microsoft-Windows-Sysmon/Operational",
    "event_id": "1",
    "record_id": 12,
    "computer_name": "HOST-REDACTED",
    "provider_name": "Microsoft-Windows-Sysmon",
    "log_level": "information",
    "host_name": "HOST-REDACTED",
    "host_hostname": "HOST-REDACTED",
    "host_os": "Windows 11 Pro",
    "agent_type": "winlogbeat",
    "agent_version": "9.3.2",
    "process_pid": 1596,
    "raw_event_data": {
      "CurrentDirectory": "C:\\HOST\\USER\\",
      "LogonGuid": "{GUID-REDACTED}",
      "Image": "C:\\HOST\\USER\\mmc.exe",
      "ParentProcessGuid": "{GUID-REDACTED}",
      "UtcTime": "2026-03-22 05:44:27.365",
      "ParentCommandLine": "C:\\HOST\\USER",
      "RuleName": "-",
      "ParentUser": "HOST\\USER",
      "ParentProcessId": "5440",
      "Product": "Microsoft® Windows® Operating System",
      "ProcessId": "10736",
      "LogonId": "0x22f680",
      "ProcessGuid": "{GUID-REDACTED}",
      "TerminalSessionId": "2",
      "Hashes": "SHA256=DFF0D60E0C643D53F7D3C2E10C054299A47A5E89519B0D976CFD8E5EB726A79C",
      "OriginalFileName": "mmc.exe",
      "IntegrityLevel": "High",
      "Company": "Microsoft Corporation",
      "User": "USER-REDACTED",
      "Description": "Microsoft Management Console",
      "CommandLine": "\"C:\\HOST\\USER\\mmc.exe\" \"C:\\HOST\\USER\\eventvwr.msc\" /s",
      "ParentImage": "C:\\HOST\\USER",
      "FileVersion": "10.0.26100.7920 (WinBuild.160101.0800)"
    },
    "raw": {
      "@timestamp": "2026-03-22T05:44:27.372Z",
      "ecs": {
        "version": "8.0.0"
      },
      "message": "Process Create:\nRuleName: -\nUtcTime: 2026-03-22 05:44:27.365\nProcessGuid: {GUID-REDACTED}\nProcessId: 10736\nImage: C:\\HOST\\USER\\mmc.exe\nFileVersion: 10.0.26100.7920 (WinBuild.160101.0800)\nDescription: Microsoft Management Console\nProduct: Microsoft® Windows® Operating System\nCompany: Microsoft Corporation\nOriginalFileName: mmc.exe\nCommandLine: \"C:\\HOST\\USER\\mmc.exe\" \"C:\\HOST\\USER\\eventvwr.msc\" /s\nCurrentDirectory: C:\\HOST\\USER\\\nUser: HOST\\USER\nLogonGuid: {GUID-REDACTED}\nLogonId: 0x22f680\nTerminalSessionId: 2\nIntegrityLevel: High\nHashes: SHA256=DFF0D60E0C643D53F7D3C2E10C054299A47A5E89519B0D976CFD8E5EB726A79C\nParentProcessGuid: {GUID-REDACTED}\nParentProcessId: 5440\nParentImage: C:\\HOST\\USER\nParentCommandLine: C:\\HOST\\USER\nParentUser: HOST\\USER",
      "log": {
        "level": "information"
      },
      "host": {
        "architecture": "x86_64",
        "id": "4c1ea299-cc74-49b5-ac0a-1138d9d08387",
        "ip": [
          "fe80::1eac:376c:1bd5:f979",
          "IP-REDACTED"
        ],
        "name": "HOST-REDACTED",
        "os": {
          "type": "windows",
          "name": "Windows 11 Pro",
          "kernel": "10.0.26100.8036 (WinBuild.160101.0800)",
          "version": "10.0",
          "family": "windows",
          "build": "26200.8037",
          "platform": "windows"
        },
        "mac": [
          "MAC-REDACTED"
        ],
        "hostname": "HOST-REDACTED"
      },
      "@version": "1",
      "winlog": {
        "version": 5,
        "user": {
          "type": "Well Known Group",
          "name": "SYSTEM",
          "domain": "NT AUTHORITY",
          "identifier": "S-1-5-XX-REDACTED"
        },
        "event_id": "1",
        "record_id": 12,
        "provider_guid": "{GUID-REDACTED}",
        "channel": "Microsoft-Windows-Sysmon/Operational",
        "task": "Process Create (rule: ProcessCreate)",
        "opcode": "Info",
        "process": {
          "thread": {
            "id": 1304
          },
          "pid": 1596
        },
        "computer_name": "HOST-REDACTED",
        "provider_name": "Microsoft-Windows-Sysmon",
        "event_data": {
          "CurrentDirectory": "C:\\HOST\\USER\\",
          "LogonGuid": "{GUID-REDACTED}",
          "Image": "C:\\HOST\\USER\\mmc.exe",
          "ParentProcessGuid": "{GUID-REDACTED}",
          "UtcTime": "2026-03-22 05:44:27.365",
          "ParentCommandLine": "C:\\HOST\\USER",
          "RuleName": "-",
          "ParentUser": "HOST\\USER",
          "ParentProcessId": "5440",
          "Product": "Microsoft® Windows® Operating System",
          "ProcessId": "10736",
          "LogonId": "0x22f680",
          "ProcessGuid": "{GUID-REDACTED}",
          "TerminalSessionId": "2",
          "Hashes": "SHA256=DFF0D60E0C643D53F7D3C2E10C054299A47A5E89519B0D976CFD8E5EB726A79C",
          "OriginalFileName": "mmc.exe",
          "IntegrityLevel": "High",
          "Company": "Microsoft Corporation",
          "User": "USER-REDACTED",
          "Description": "Microsoft Management Console",
          "CommandLine": "\"C:\\HOST\\USER\\mmc.exe\" \"C:\\HOST\\USER\\eventvwr.msc\" /s",
          "ParentImage": "C:\\HOST\\USER",
          "FileVersion": "10.0.26100.7920 (WinBuild.160101.0800)"
        }
      },
      "tags": [
        "beats_input_codec_plain_applied"
      ],
      "agent": {
        "type": "winlogbeat",
        "version": "9.3.2",
        "id": "e914dd33-e7be-4a91-b774-394d715855f5",
        "ephemeral_id": "b8267783-8d43-4086-8074-c2f96b9f9dae",
        "name": "HOST-REDACTED"
      },
      "event": {
        "kind": "event",
        "created": "2026-03-29T09:11:41.442Z",
        "action": "Process Create (rule: ProcessCreate)",
        "code": "1",
        "original": "Process Create:\nRuleName: -\nUtcTime: 2026-03-22 05:44:27.365\nProcessGuid: {GUID-REDACTED}\nProcessId: 10736\nImage: C:\\HOST\\USER\\mmc.exe\nFileVersion: 10.0.26100.7920 (WinBuild.160101.0800)\nDescription: Microsoft Management Console\nProduct: Microsoft® Windows® Operating System\nCompany: Microsoft Corporation\nOriginalFileName: mmc.exe\nCommandLine: \"C:\\HOST\\USER\\mmc.exe\" \"C:\\HOST\\USER\\eventvwr.msc\" /s\nCurrentDirectory: C:\\HOST\\USER\\\nUser: HOST\\USER\nLogonGuid: {GUID-REDACTED}\nLogonId: 0x22f680\nTerminalSessionId: 2\nIntegrityLevel: High\nHashes: SHA256=DFF0D60E0C643D53F7D3C2E10C054299A47A5E89519B0D976CFD8E5EB726A79C\nParentProcessGuid: {GUID-REDACTED}\nParentProcessId: 5440\nParentImage: C:\\HOST\\USER\nParentCommandLine: C:\\HOST\\USER\nParentUser: HOST\\USER",
        "provider": "Microsoft-Windows-Sysmon"
      }
    },
    "parsed_type": "sysmon",
    "event_type_name": "ProcessCreate",
    "process_guid": "{GUID-REDACTED}",
    "process_id": "10736",
    "image": "C:\\HOST\\USER\\mmc.exe",
    "command_line": "\"C:\\HOST\\USER\\mmc.exe\" \"C:\\HOST\\USER\\eventvwr.msc\" /s",
    "current_directory": "C:\\HOST\\USER\\",
    "user": "USER-REDACTED",
    "logon_guid": "{GUID-REDACTED}",
    "logon_id": "0x22f680",
    "terminal_session_id": "2",
    "integrity_level": "High",
    "hashes": "SHA256=DFF0D60E0C643D53F7D3C2E10C054299A47A5E89519B0D976CFD8E5EB726A79C",
    "parent_process_guid": "{GUID-REDACTED}",
    "parent_process_id": "5440",
    "parent_image": "C:\\HOST\\USER",
    "parent_command_line": "C:\\HOST\\USER",
    "target_filename": null,
    "creation_utc_time": null,
    "destination_ip": null,
    "destination_port": null,
    "source_ip": null,
    "source_port": null,
    "protocol": null,
    "target_object": null,
    "details": null
  },
