  {
    "timestamp": "2026-03-22T05:54:23.897Z",
    "message": "Process Create:\nRuleName: -\nUtcTime: 2026-03-22 05:54:23.885\nProcessGuid: {GUID-REDACTED}\nProcessId: 3700\nImage: C:\\HOST\\USER\\dllhost.exe\nFileVersion: 10.0.26100.7705 (WinBuild.160101.0800)\nDescription: COM Surrogate\nProduct: Microsoft® Windows® Operating System\nCompany: Microsoft Corporation\nOriginalFileName: dllhost.exe\nCommandLine: C:\\HOST\\USER\\DllHost.exe /Processid:{GUID-REDACTED}\nCurrentDirectory: C:\\HOST\\USER\\\nUser: HOST\\USER\nLogonGuid: {GUID-REDACTED}\nLogonId: 0x22f6e2\nTerminalSessionId: 2\nIntegrityLevel: Medium\nHashes: SHA256=69A7865772A1EA68A8D72520BC998FC5040D13057F71154FF525D18E0DB4760D\nParentProcessGuid: {GUID-REDACTED}\nParentProcessId: 940\nParentImage: C:\\HOST\\USER\\svchost.exe\nParentCommandLine: C:\\HOST\\USER\\svchost.exe -k DcomLaunch -p\nParentUser: NT HOST\\USER",
    "event_code": "1",
    "event_action": "Process Create (rule: ProcessCreate)",
    "event_kind": "event",
    "provider": "Microsoft-Windows-Sysmon",
    "channel": "Microsoft-Windows-Sysmon/Operational",
    "event_id": "1",
    "record_id": 273,
    "computer_name": "HOST-REDACTED",
    "provider_name": "Microsoft-Windows-Sysmon",
    "log_level": "information",
    "host_name": "HOST-REDACTED",
    "host_hostname": "HOST-REDACTED",
    "host_os": "Windows 11 Pro",
    "agent_type": "winlogbeat",
    "agent_version": "9.3.2",
    "process_pid": 1596,
    "raw_event_data": {
      "CurrentDirectory": "C:\\HOST\\USER\\",
      "LogonGuid": "{GUID-REDACTED}",
      "Image": "C:\\HOST\\USER\\dllhost.exe",
      "UtcTime": "2026-03-22 05:54:23.885",
      "ParentProcessGuid": "{GUID-REDACTED}",
      "ParentCommandLine": "C:\\HOST\\USER\\svchost.exe -k DcomLaunch -p",
      "RuleName": "-",
      "ParentUser": "NT HOST\\USER",
      "Product": "Microsoft® Windows® Operating System",
      "ParentProcessId": "940",
      "ProcessId": "3700",
      "LogonId": "0x22f6e2",
      "ProcessGuid": "{GUID-REDACTED}",
      "TerminalSessionId": "2",
      "Hashes": "SHA256=69A7865772A1EA68A8D72520BC998FC5040D13057F71154FF525D18E0DB4760D",
      "OriginalFileName": "dllhost.exe",
      "IntegrityLevel": "Medium",
      "Company": "Microsoft Corporation",
      "User": "USER-REDACTED",
      "CommandLine": "C:\\HOST\\USER\\DllHost.exe /Processid:{GUID-REDACTED}",
      "Description": "COM Surrogate",
      "ParentImage": "C:\\HOST\\USER\\svchost.exe",
      "FileVersion": "10.0.26100.7705 (WinBuild.160101.0800)"
    },
    "raw": {
      "@timestamp": "2026-03-22T05:54:23.897Z",
      "message": "Process Create:\nRuleName: -\nUtcTime: 2026-03-22 05:54:23.885\nProcessGuid: {GUID-REDACTED}\nProcessId: 3700\nImage: C:\\HOST\\USER\\dllhost.exe\nFileVersion: 10.0.26100.7705 (WinBuild.160101.0800)\nDescription: COM Surrogate\nProduct: Microsoft® Windows® Operating System\nCompany: Microsoft Corporation\nOriginalFileName: dllhost.exe\nCommandLine: C:\\HOST\\USER\\DllHost.exe /Processid:{GUID-REDACTED}\nCurrentDirectory: C:\\HOST\\USER\\\nUser: HOST\\USER\nLogonGuid: {GUID-REDACTED}\nLogonId: 0x22f6e2\nTerminalSessionId: 2\nIntegrityLevel: Medium\nHashes: SHA256=69A7865772A1EA68A8D72520BC998FC5040D13057F71154FF525D18E0DB4760D\nParentProcessGuid: {GUID-REDACTED}\nParentProcessId: 940\nParentImage: C:\\HOST\\USER\\svchost.exe\nParentCommandLine: C:\\HOST\\USER\\svchost.exe -k DcomLaunch -p\nParentUser: NT HOST\\USER",
      "ecs": {
        "version": "8.0.0"
      },
      "log": {
        "level": "information"
      },
      "host": {
        "architecture": "x86_64",
        "id": "4c1ea299-cc74-49b5-ac0a-1138d9d08387",
        "ip": [
          "fe80::1eac:376c:1bd5:f979",
          "IP-REDACTED"
        ],
        "os": {
          "type": "windows",
          "version": "10.0",
          "name": "Windows 11 Pro",
          "kernel": "10.0.26100.8036 (WinBuild.160101.0800)",
          "family": "windows",
          "build": "26200.8037",
          "platform": "windows"
        },
        "name": "HOST-REDACTED",
        "mac": [
          "MAC-REDACTED"
        ],
        "hostname": "HOST-REDACTED"
      },
      "@version": "1",
      "winlog": {
        "version": 5,
        "user": {
          "type": "Well Known Group",
          "name": "SYSTEM",
          "domain": "NT AUTHORITY",
          "identifier": "S-1-5-XX-REDACTED"
        },
        "event_id": "1",
        "record_id": 273,
        "provider_guid": "{GUID-REDACTED}",
        "channel": "Microsoft-Windows-Sysmon/Operational",
        "task": "Process Create (rule: ProcessCreate)",
        "opcode": "Info",
        "computer_name": "HOST-REDACTED",
        "process": {
          "thread": {
            "id": 1304
          },
          "pid": 1596
        },
        "provider_name": "Microsoft-Windows-Sysmon",
        "event_data": {
          "CurrentDirectory": "C:\\HOST\\USER\\",
          "LogonGuid": "{GUID-REDACTED}",
          "Image": "C:\\HOST\\USER\\dllhost.exe",
          "UtcTime": "2026-03-22 05:54:23.885",
          "ParentProcessGuid": "{GUID-REDACTED}",
          "ParentCommandLine": "C:\\HOST\\USER\\svchost.exe -k DcomLaunch -p",
          "RuleName": "-",
          "ParentUser": "NT HOST\\USER",
          "Product": "Microsoft® Windows® Operating System",
          "ParentProcessId": "940",
          "ProcessId": "3700",
          "LogonId": "0x22f6e2",
          "ProcessGuid": "{GUID-REDACTED}",
          "TerminalSessionId": "2",
          "Hashes": "SHA256=69A7865772A1EA68A8D72520BC998FC5040D13057F71154FF525D18E0DB4760D",
          "OriginalFileName": "dllhost.exe",
          "IntegrityLevel": "Medium",
          "Company": "Microsoft Corporation",
          "User": "USER-REDACTED",
          "CommandLine": "C:\\HOST\\USER\\DllHost.exe /Processid:{GUID-REDACTED}",
          "Description": "COM Surrogate",
          "ParentImage": "C:\\HOST\\USER\\svchost.exe",
          "FileVersion": "10.0.26100.7705 (WinBuild.160101.0800)"
        }
      },
      "tags": [
        "beats_input_codec_plain_applied"
      ],
      "agent": {
        "type": "winlogbeat",
        "version": "9.3.2",
        "id": "e914dd33-e7be-4a91-b774-394d715855f5",
        "ephemeral_id": "b8267783-8d43-4086-8074-c2f96b9f9dae",
        "name": "HOST-REDACTED"
      },
      "event": {
        "kind": "event",
        "created": "2026-03-29T09:11:41.470Z",
        "code": "1",
        "action": "Process Create (rule: ProcessCreate)",
        "original": "Process Create:\nRuleName: -\nUtcTime: 2026-03-22 05:54:23.885\nProcessGuid: {GUID-REDACTED}\nProcessId: 3700\nImage: C:\\HOST\\USER\\dllhost.exe\nFileVersion: 10.0.26100.7705 (WinBuild.160101.0800)\nDescription: COM Surrogate\nProduct: Microsoft® Windows® Operating System\nCompany: Microsoft Corporation\nOriginalFileName: dllhost.exe\nCommandLine: C:\\HOST\\USER\\DllHost.exe /Processid:{GUID-REDACTED}\nCurrentDirectory: C:\\HOST\\USER\\\nUser: HOST\\USER\nLogonGuid: {GUID-REDACTED}\nLogonId: 0x22f6e2\nTerminalSessionId: 2\nIntegrityLevel: Medium\nHashes: SHA256=69A7865772A1EA68A8D72520BC998FC5040D13057F71154FF525D18E0DB4760D\nParentProcessGuid: {GUID-REDACTED}\nParentProcessId: 940\nParentImage: C:\\HOST\\USER\\svchost.exe\nParentCommandLine: C:\\HOST\\USER\\svchost.exe -k DcomLaunch -p\nParentUser: NT HOST\\USER",
        "provider": "Microsoft-Windows-Sysmon"
      }
    },
    "parsed_type": "sysmon",
    "event_type_name": "ProcessCreate",
    "process_guid": "{GUID-REDACTED}",
    "process_id": "3700",
    "image": "C:\\HOST\\USER\\dllhost.exe",
    "command_line": "C:\\HOST\\USER\\DllHost.exe /Processid:{GUID-REDACTED}",
    "current_directory": "C:\\HOST\\USER\\",
    "user": "USER-REDACTED",
    "logon_guid": "{GUID-REDACTED}",
    "logon_id": "0x22f6e2",
    "terminal_session_id": "2",
    "integrity_level": "Medium",
    "hashes": "SHA256=69A7865772A1EA68A8D72520BC998FC5040D13057F71154FF525D18E0DB4760D",
    "parent_process_guid": "{GUID-REDACTED}",
    "parent_process_id": "940",
    "parent_image": "C:\\HOST\\USER\\svchost.exe",
    "parent_command_line": "C:\\HOST\\USER\\svchost.exe -k DcomLaunch -p",
    "target_filename": null,
    "creation_utc_time": null,
    "destination_ip": null,
    "destination_port": null,
    "source_ip": null,
    "source_port": null,
    "protocol": null,
    "target_object": null,
    "details": null
  },
  {
    "timestamp": "2026-03-22T05:54:38.326Z",
    "message": "Process Create:\nRuleName: -\nUtcTime: 2026-03-22 05:54:38.299\nProcessGuid: {GUID-REDACTED}\nProcessId: 6352\nImage: C:\\Program Files (x86)\\HOST\\USER\\HOST\\USER\nFileVersion: 146.0.3856.72\nDescription: Microsoft Edge\nProduct: Microsoft Edge\nCompany: Microsoft Corporation\nOriginalFileName: msedge.exe\nCommandLine: \"C:\\Program Files (x86)\\HOST\\USER\\HOST\\USER\" --profile-directory=Default\nCurrentDirectory: C:\\Program Files (x86)\\HOST\\USER\\Application\\\nUser: HOST\\USER\nLogonGuid: {GUID-REDACTED}\nLogonId: 0x22f6e2\nTerminalSessionId: 2\nIntegrityLevel: Medium\nHashes: SHA256=4698F981ED8DF8F58DD4069324710C12333D01636579D14D23557D14147EB5A2\nParentProcessGuid: {GUID-REDACTED}\nParentProcessId: 5440\nParentImage: C:\\HOST\\USER\nParentCommandLine: C:\\HOST\\USER\nParentUser: HOST\\USER",
    "event_code": "1",
    "event_action": "Process Create (rule: ProcessCreate)",
    "event_kind": "event",
    "provider": "Microsoft-Windows-Sysmon",
    "channel": "Microsoft-Windows-Sysmon/Operational",
    "event_id": "1",
    "record_id": 276,
    "computer_name": "HOST-REDACTED",
    "provider_name": "Microsoft-Windows-Sysmon",
    "log_level": "information",
    "host_name": "HOST-REDACTED",
    "host_hostname": "HOST-REDACTED",
    "host_os": "Windows 11 Pro",
    "agent_type": "winlogbeat",
    "agent_version": "9.3.2",
    "process_pid": 1596,
    "raw_event_data": {
      "CurrentDirectory": "C:\\Program Files (x86)\\HOST\\USER\\Application\\",
      "LogonGuid": "{GUID-REDACTED}",
      "Image": "C:\\Program Files (x86)\\HOST\\USER\\HOST\\USER",
      "UtcTime": "2026-03-22 05:54:38.299",
      "ParentProcessGuid": "{GUID-REDACTED}",
      "ParentCommandLine": "C:\\HOST\\USER",
      "RuleName": "-",
      "ParentUser": "HOST\\USER",
      "Product": "Microsoft Edge",
      "ParentProcessId": "5440",
      "ProcessId": "6352",
      "LogonId": "0x22f6e2",
      "ProcessGuid": "{GUID-REDACTED}",
      "TerminalSessionId": "2",
      "Hashes": "SHA256=4698F981ED8DF8F58DD4069324710C12333D01636579D14D23557D14147EB5A2",
      "OriginalFileName": "msedge.exe",
      "IntegrityLevel": "Medium",
      "Company": "Microsoft Corporation",
      "User": "USER-REDACTED",
      "CommandLine": "\"C:\\Program Files (x86)\\HOST\\USER\\HOST\\USER\" --profile-directory=Default",
      "Description": "Microsoft Edge",
      "ParentImage": "C:\\HOST\\USER",
      "FileVersion": "146.0.3856.72"
    },
    "raw": {
      "@timestamp": "2026-03-22T05:54:38.326Z",
      "log": {
        "level": "information"
      },
      "message": "Process Create:\nRuleName: -\nUtcTime: 2026-03-22 05:54:38.299\nProcessGuid: {GUID-REDACTED}\nProcessId: 6352\nImage: C:\\Program Files (x86)\\HOST\\USER\\HOST\\USER\nFileVersion: 146.0.3856.72\nDescription: Microsoft Edge\nProduct: Microsoft Edge\nCompany: Microsoft Corporation\nOriginalFileName: msedge.exe\nCommandLine: \"C:\\Program Files (x86)\\HOST\\USER\\HOST\\USER\" --profile-directory=Default\nCurrentDirectory: C:\\Program Files (x86)\\HOST\\USER\\Application\\\nUser: HOST\\USER\nLogonGuid: {GUID-REDACTED}\nLogonId: 0x22f6e2\nTerminalSessionId: 2\nIntegrityLevel: Medium\nHashes: SHA256=4698F981ED8DF8F58DD4069324710C12333D01636579D14D23557D14147EB5A2\nParentProcessGuid: {GUID-REDACTED}\nParentProcessId: 5440\nParentImage: C:\\HOST\\USER\nParentCommandLine: C:\\HOST\\USER\nParentUser: HOST\\USER",
      "ecs": {
        "version": "8.0.0"
      },
      "host": {
        "hostname": "HOST-REDACTED",
        "id": "4c1ea299-cc74-49b5-ac0a-1138d9d08387",
        "name": "HOST-REDACTED",
        "os": {
          "type": "windows",
          "version": "10.0",
          "name": "Windows 11 Pro",
          "kernel": "10.0.26100.8036 (WinBuild.160101.0800)",
          "family": "windows",
          "build": "26200.8037",
          "platform": "windows"
        },
        "ip": [
          "fe80::1eac:376c:1bd5:f979",
          "IP-REDACTED"
        ],
        "mac": [
          "MAC-REDACTED"
        ],
        "architecture": "x86_64"
      },
      "@version": "1",
      "winlog": {
        "version": 5,
        "user": {
          "type": "Well Known Group",
          "name": "SYSTEM",
          "domain": "NT AUTHORITY",
          "identifier": "S-1-5-XX-REDACTED"
        },
        "event_id": "1",
        "record_id": 276,
        "provider_guid": "{GUID-REDACTED}",
        "channel": "Microsoft-Windows-Sysmon/Operational",
        "task": "Process Create (rule: ProcessCreate)",
        "opcode": "Info",
        "process": {
          "thread": {
            "id": 1304
          },
          "pid": 1596
        },
        "computer_name": "HOST-REDACTED",
        "provider_name": "Microsoft-Windows-Sysmon",
        "event_data": {
          "CurrentDirectory": "C:\\Program Files (x86)\\HOST\\USER\\Application\\",
          "LogonGuid": "{GUID-REDACTED}",
          "Image": "C:\\Program Files (x86)\\HOST\\USER\\HOST\\USER",
          "UtcTime": "2026-03-22 05:54:38.299",
          "ParentProcessGuid": "{GUID-REDACTED}",
          "ParentCommandLine": "C:\\HOST\\USER",
          "RuleName": "-",
          "ParentUser": "HOST\\USER",
          "Product": "Microsoft Edge",
          "ParentProcessId": "5440",
          "ProcessId": "6352",
          "LogonId": "0x22f6e2",
          "ProcessGuid": "{GUID-REDACTED}",
          "TerminalSessionId": "2",
          "Hashes": "SHA256=4698F981ED8DF8F58DD4069324710C12333D01636579D14D23557D14147EB5A2",
          "OriginalFileName": "msedge.exe",
          "IntegrityLevel": "Medium",
          "Company": "Microsoft Corporation",
          "User": "USER-REDACTED",
          "CommandLine": "\"C:\\Program Files (x86)\\HOST\\USER\\HOST\\USER\" --profile-directory=Default",
          "Description": "Microsoft Edge",
          "ParentImage": "C:\\HOST\\USER",
          "FileVersion": "146.0.3856.72"
        }
      },
      "tags": [
        "beats_input_codec_plain_applied"
      ],
      "agent": {
        "type": "winlogbeat",
        "id": "e914dd33-e7be-4a91-b774-394d715855f5",
        "name": "HOST-REDACTED",
        "ephemeral_id": "b8267783-8d43-4086-8074-c2f96b9f9dae",
        "version": "9.3.2"
      },
      "event": {
        "kind": "event",
        "created": "2026-03-29T09:11:41.470Z",
        "code": "1",
        "action": "Process Create (rule: ProcessCreate)",
        "original": "Process Create:\nRuleName: -\nUtcTime: 2026-03-22 05:54:38.299\nProcessGuid: {GUID-REDACTED}\nProcessId: 6352\nImage: C:\\Program Files (x86)\\HOST\\USER\\HOST\\USER\nFileVersion: 146.0.3856.72\nDescription: Microsoft Edge\nProduct: Microsoft Edge\nCompany: Microsoft Corporation\nOriginalFileName: msedge.exe\nCommandLine: \"C:\\Program Files (x86)\\HOST\\USER\\HOST\\USER\" --profile-directory=Default\nCurrentDirectory: C:\\Program Files (x86)\\HOST\\USER\\Application\\\nUser: HOST\\USER\nLogonGuid: {GUID-REDACTED}\nLogonId: 0x22f6e2\nTerminalSessionId: 2\nIntegrityLevel: Medium\nHashes: SHA256=4698F981ED8DF8F58DD4069324710C12333D01636579D14D23557D14147EB5A2\nParentProcessGuid: {GUID-REDACTED}\nParentProcessId: 5440\nParentImage: C:\\HOST\\USER\nParentCommandLine: C:\\HOST\\USER\nParentUser: HOST\\USER",
        "provider": "Microsoft-Windows-Sysmon"
      }
    },
    "parsed_type": "sysmon",
    "event_type_name": "ProcessCreate",
    "process_guid": "{GUID-REDACTED}",
    "process_id": "6352",
    "image": "C:\\Program Files (x86)\\HOST\\USER\\HOST\\USER",
    "command_line": "\"C:\\Program Files (x86)\\HOST\\USER\\HOST\\USER\" --profile-directory=Default",
    "current_directory": "C:\\Program Files (x86)\\HOST\\USER\\Application\\",
    "user": "USER-REDACTED",
    "logon_guid": "{GUID-REDACTED}",
    "logon_id": "0x22f6e2",
    "terminal_session_id": "2",
    "integrity_level": "Medium",
    "hashes": "SHA256=4698F981ED8DF8F58DD4069324710C12333D01636579D14D23557D14147EB5A2",
    "parent_process_guid": "{GUID-REDACTED}",
    "parent_process_id": "5440",
    "parent_image": "C:\\HOST\\USER",
    "parent_command_line": "C:\\HOST\\USER",
    "target_filename": null,
    "creation_utc_time": null,
    "destination_ip": null,
    "destination_port": null,
    "source_ip": null,
    "source_port": null,
    "protocol": null,
    "target_object": null,
    "details": null
  },
  {
    "timestamp": "2026-03-22T05:54:38.589Z",
    "message": "Process Create:\nRuleName: -\nUtcTime: 2026-03-22 05:54:38.530\nProcessGuid: {GUID-REDACTED}\nProcessId: 9500\nImage: C:\\Program Files (x86)\\HOST\\USER\\HOST\\USER\nFileVersion: 146.0.3856.72\nDescription: Microsoft Edge\nProduct: Microsoft Edge\nCompany: Microsoft Corporation\nOriginalFileName: msedge.exe\nCommandLine: \"C:\\Program Files (x86)\\HOST\\USER\\HOST\\USER\" --type=renderer --pdf-upsell-enabled --subproc-heap-profiling --video-capture-use-gpu-memory-buffer --lang=ko --js-flags=--ms-user-locale=ko_KR --device-scale-factor=1 --num-raster-threads=1 --renderer-client-id=18 --time-ticks-at-unix-epoch=-1774156091169206 --launch-time-ticks=2787338632 --ram-no-pressure-read-main-dll --metrics-shmem-handle=4800,i,8034772059562881171,7371953353114477269,2097152 --field-trial-handle=1944,i,6324594288914619557,2372490712003491785,262144 --variations-seed-version --pseudonymization-salt-handle=1948,i,17021774890588888239,10672913660663146149,4 --trace-process-track-uuid=3190709003178624776 --mojo-platform-channel-handle=5836 /prefetch:1\nCurrentDirectory: C:\\Program Files (x86)\\HOST\\USER\\\nUser: HOST\\USER\nLogonGuid: {GUID-REDACTED}\nLogonId: 0x22f6e2\nTerminalSessionId: 2\nIntegrityLevel: AppContainer\nHashes: SHA256=4698F981ED8DF8F58DD4069324710C12333D01636579D14D23557D14147EB5A2\nParentProcessGuid: {GUID-REDACTED}\nParentProcessId: 7620\nParentImage: C:\\Program Files (x86)\\HOST\\USER\\HOST\\USER\nParentCommandLine: \"C:\\Program Files (x86)\\HOST\\USER\\HOST\\USER\" --no-startup-window\nParentUser: HOST\\USER",
    "event_code": "1",
    "event_action": "Process Create (rule: ProcessCreate)",
    "event_kind": "event",
    "provider": "Microsoft-Windows-Sysmon",
    "channel": "Microsoft-Windows-Sysmon/Operational",
    "event_id": "1",
    "record_id": 278,
    "computer_name": "HOST-REDACTED",
    "provider_name": "Microsoft-Windows-Sysmon",
    "log_level": "information",
    "host_name": "HOST-REDACTED",
    "host_hostname": "HOST-REDACTED",
    "host_os": "Windows 11 Pro",
    "agent_type": "winlogbeat",
    "agent_version": "9.3.2",
    "process_pid": 1596,
    "raw_event_data": {
      "CurrentDirectory": "C:\\Program Files (x86)\\HOST\\USER\\",
      "LogonGuid": "{GUID-REDACTED}",
      "Image": "C:\\Program Files (x86)\\HOST\\USER\\HOST\\USER",
      "UtcTime": "2026-03-22 05:54:38.530",
      "ParentProcessGuid": "{GUID-REDACTED}",
      "ParentCommandLine": "\"C:\\Program Files (x86)\\HOST\\USER\\HOST\\USER\" --no-startup-window",
      "RuleName": "-",
      "ParentUser": "HOST\\USER",
      "ParentProcessId": "7620",
      "Product": "Microsoft Edge",
      "ProcessId": "9500",
      "LogonId": "0x22f6e2",
      "ProcessGuid": "{GUID-REDACTED}",
      "TerminalSessionId": "2",
      "Hashes": "SHA256=4698F981ED8DF8F58DD4069324710C12333D01636579D14D23557D14147EB5A2",
      "OriginalFileName": "msedge.exe",
      "IntegrityLevel": "AppContainer",
      "Company": "Microsoft Corporation",
      "User": "USER-REDACTED",
      "CommandLine": "\"C:\\Program Files (x86)\\HOST\\USER\\HOST\\USER\" --type=renderer --pdf-upsell-enabled --subproc-heap-profiling --video-capture-use-gpu-memory-buffer --lang=ko --js-flags=--ms-user-locale=ko_KR --device-scale-factor=1 --num-raster-threads=1 --renderer-client-id=18 --time-ticks-at-unix-epoch=-1774156091169206 --launch-time-ticks=2787338632 --ram-no-pressure-read-main-dll --metrics-shmem-handle=4800,i,8034772059562881171,7371953353114477269,2097152 --field-trial-handle=1944,i,6324594288914619557,2372490712003491785,262144 --variations-seed-version --pseudonymization-salt-handle=1948,i,17021774890588888239,10672913660663146149,4 --trace-process-track-uuid=3190709003178624776 --mojo-platform-channel-handle=5836 /prefetch:1",
      "Description": "Microsoft Edge",
      "ParentImage": "C:\\Program Files (x86)\\HOST\\USER\\HOST\\USER",
      "FileVersion": "146.0.3856.72"
    },
    "raw": {
      "@timestamp": "2026-03-22T05:54:38.589Z",
      "host": {
        "architecture": "x86_64",
        "id": "4c1ea299-cc74-49b5-ac0a-1138d9d08387",
        "name": "HOST-REDACTED",
        "os": {
          "type": "windows",
          "version": "10.0",
          "name": "Windows 11 Pro",
          "kernel": "10.0.26100.8036 (WinBuild.160101.0800)",
          "family": "windows",
          "build": "26200.8037",
          "platform": "windows"
        },
        "ip": [
          "fe80::1eac:376c:1bd5:f979",
          "IP-REDACTED"
        ],
        "mac": [
          "MAC-REDACTED"
        ],
        "hostname": "HOST-REDACTED"
      },
      "message": "Process Create:\nRuleName: -\nUtcTime: 2026-03-22 05:54:38.530\nProcessGuid: {GUID-REDACTED}\nProcessId: 9500\nImage: C:\\Program Files (x86)\\HOST\\USER\\HOST\\USER\nFileVersion: 146.0.3856.72\nDescription: Microsoft Edge\nProduct: Microsoft Edge\nCompany: Microsoft Corporation\nOriginalFileName: msedge.exe\nCommandLine: \"C:\\Program Files (x86)\\HOST\\USER\\HOST\\USER\" --type=renderer --pdf-upsell-enabled --subproc-heap-profiling --video-capture-use-gpu-memory-buffer --lang=ko --js-flags=--ms-user-locale=ko_KR --device-scale-factor=1 --num-raster-threads=1 --renderer-client-id=18 --time-ticks-at-unix-epoch=-1774156091169206 --launch-time-ticks=2787338632 --ram-no-pressure-read-main-dll --metrics-shmem-handle=4800,i,8034772059562881171,7371953353114477269,2097152 --field-trial-handle=1944,i,6324594288914619557,2372490712003491785,262144 --variations-seed-version --pseudonymization-salt-handle=1948,i,17021774890588888239,10672913660663146149,4 --trace-process-track-uuid=3190709003178624776 --mojo-platform-channel-handle=5836 /prefetch:1\nCurrentDirectory: C:\\Program Files (x86)\\HOST\\USER\\\nUser: HOST\\USER\nLogonGuid: {GUID-REDACTED}\nLogonId: 0x22f6e2\nTerminalSessionId: 2\nIntegrityLevel: AppContainer\nHashes: SHA256=4698F981ED8DF8F58DD4069324710C12333D01636579D14D23557D14147EB5A2\nParentProcessGuid: {GUID-REDACTED}\nParentProcessId: 7620\nParentImage: C:\\Program Files (x86)\\HOST\\USER\\HOST\\USER\nParentCommandLine: \"C:\\Program Files (x86)\\HOST\\USER\\HOST\\USER\" --no-startup-window\nParentUser: HOST\\USER",
      "ecs": {
        "version": "8.0.0"
      },
      "log": {
        "level": "information"
      },
      "@version": "1",
      "winlog": {
        "version": 5,
        "user": {
          "type": "Well Known Group",
          "name": "SYSTEM",
          "domain": "NT AUTHORITY",
          "identifier": "S-1-5-XX-REDACTED"
        },
        "event_id": "1",
        "record_id": 278,
        "provider_guid": "{GUID-REDACTED}",
        "channel": "Microsoft-Windows-Sysmon/Operational",
        "task": "Process Create (rule: ProcessCreate)",
        "opcode": "Info",
        "computer_name": "HOST-REDACTED",
        "process": {
          "thread": {
            "id": 1304
          },
          "pid": 1596
        },
        "provider_name": "Microsoft-Windows-Sysmon",
        "event_data": {
          "CurrentDirectory": "C:\\Program Files (x86)\\HOST\\USER\\",
          "LogonGuid": "{GUID-REDACTED}",
          "Image": "C:\\Program Files (x86)\\HOST\\USER\\HOST\\USER",
          "UtcTime": "2026-03-22 05:54:38.530",
          "ParentProcessGuid": "{GUID-REDACTED}",
          "ParentCommandLine": "\"C:\\Program Files (x86)\\HOST\\USER\\HOST\\USER\" --no-startup-window",
          "RuleName": "-",
          "ParentUser": "HOST\\USER",
          "ParentProcessId": "7620",
          "Product": "Microsoft Edge",
          "ProcessId": "9500",
          "LogonId": "0x22f6e2",
          "ProcessGuid": "{GUID-REDACTED}",
          "TerminalSessionId": "2",
          "Hashes": "SHA256=4698F981ED8DF8F58DD4069324710C12333D01636579D14D23557D14147EB5A2",
          "OriginalFileName": "msedge.exe",
          "IntegrityLevel": "AppContainer",
          "Company": "Microsoft Corporation",
          "User": "USER-REDACTED",
          "CommandLine": "\"C:\\Program Files (x86)\\HOST\\USER\\HOST\\USER\" --type=renderer --pdf-upsell-enabled --subproc-heap-profiling --video-capture-use-gpu-memory-buffer --lang=ko --js-flags=--ms-user-locale=ko_KR --device-scale-factor=1 --num-raster-threads=1 --renderer-client-id=18 --time-ticks-at-unix-epoch=-1774156091169206 --launch-time-ticks=2787338632 --ram-no-pressure-read-main-dll --metrics-shmem-handle=4800,i,8034772059562881171,7371953353114477269,2097152 --field-trial-handle=1944,i,6324594288914619557,2372490712003491785,262144 --variations-seed-version --pseudonymization-salt-handle=1948,i,17021774890588888239,10672913660663146149,4 --trace-process-track-uuid=3190709003178624776 --mojo-platform-channel-handle=5836 /prefetch:1",
          "Description": "Microsoft Edge",
          "ParentImage": "C:\\Program Files (x86)\\HOST\\USER\\HOST\\USER",
          "FileVersion": "146.0.3856.72"
        }
      },
      "tags": [
        "beats_input_codec_plain_applied"
      ],
      "agent": {
        "type": "winlogbeat",
        "name": "HOST-REDACTED",
        "version": "9.3.2",
        "ephemeral_id": "b8267783-8d43-4086-8074-c2f96b9f9dae",
        "id": "e914dd33-e7be-4a91-b774-394d715855f5"
      },
      "event": {
        "kind": "event",
        "created": "2026-03-29T09:11:41.470Z",
        "action": "Process Create (rule: ProcessCreate)",
        "code": "1",
        "original": "Process Create:\nRuleName: -\nUtcTime: 2026-03-22 05:54:38.530\nProcessGuid: {GUID-REDACTED}\nProcessId: 9500\nImage: C:\\Program Files (x86)\\HOST\\USER\\HOST\\USER\nFileVersion: 146.0.3856.72\nDescription: Microsoft Edge\nProduct: Microsoft Edge\nCompany: Microsoft Corporation\nOriginalFileName: msedge.exe\nCommandLine: \"C:\\Program Files (x86)\\HOST\\USER\\HOST\\USER\" --type=renderer --pdf-upsell-enabled --subproc-heap-profiling --video-capture-use-gpu-memory-buffer --lang=ko --js-flags=--ms-user-locale=ko_KR --device-scale-factor=1 --num-raster-threads=1 --renderer-client-id=18 --time-ticks-at-unix-epoch=-1774156091169206 --launch-time-ticks=2787338632 --ram-no-pressure-read-main-dll --metrics-shmem-handle=4800,i,8034772059562881171,7371953353114477269,2097152 --field-trial-handle=1944,i,6324594288914619557,2372490712003491785,262144 --variations-seed-version --pseudonymization-salt-handle=1948,i,17021774890588888239,10672913660663146149,4 --trace-process-track-uuid=3190709003178624776 --mojo-platform-channel-handle=5836 /prefetch:1\nCurrentDirectory: C:\\Program Files (x86)\\HOST\\USER\\\nUser: HOST\\USER\nLogonGuid: {GUID-REDACTED}\nLogonId: 0x22f6e2\nTerminalSessionId: 2\nIntegrityLevel: AppContainer\nHashes: SHA256=4698F981ED8DF8F58DD4069324710C12333D01636579D14D23557D14147EB5A2\nParentProcessGuid: {GUID-REDACTED}\nParentProcessId: 7620\nParentImage: C:\\Program Files (x86)\\HOST\\USER\\HOST\\USER\nParentCommandLine: \"C:\\Program Files (x86)\\HOST\\USER\\HOST\\USER\" --no-startup-window\nParentUser: HOST\\USER",
        "provider": "Microsoft-Windows-Sysmon"
      }
    },
    "parsed_type": "sysmon",
    "event_type_name": "ProcessCreate",
    "process_guid": "{GUID-REDACTED}",
    "process_id": "9500",
    "image": "C:\\Program Files (x86)\\HOST\\USER\\HOST\\USER",
    "command_line": "\"C:\\Program Files (x86)\\HOST\\USER\\HOST\\USER\" --type=renderer --pdf-upsell-enabled --subproc-heap-profiling --video-capture-use-gpu-memory-buffer --lang=ko --js-flags=--ms-user-locale=ko_KR --device-scale-factor=1 --num-raster-threads=1 --renderer-client-id=18 --time-ticks-at-unix-epoch=-1774156091169206 --launch-time-ticks=2787338632 --ram-no-pressure-read-main-dll --metrics-shmem-handle=4800,i,8034772059562881171,7371953353114477269,2097152 --field-trial-handle=1944,i,6324594288914619557,2372490712003491785,262144 --variations-seed-version --pseudonymization-salt-handle=1948,i,17021774890588888239,10672913660663146149,4 --trace-process-track-uuid=3190709003178624776 --mojo-platform-channel-handle=5836 /prefetch:1",
    "current_directory": "C:\\Program Files (x86)\\HOST\\USER\\",
    "user": "USER-REDACTED",
    "logon_guid": "{GUID-REDACTED}",
    "logon_id": "0x22f6e2",
    "terminal_session_id": "2",
    "integrity_level": "AppContainer",
    "hashes": "SHA256=4698F981ED8DF8F58DD4069324710C12333D01636579D14D23557D14147EB5A2",
    "parent_process_guid": "{GUID-REDACTED}",
    "parent_process_id": "7620",
    "parent_image": "C:\\Program Files (x86)\\HOST\\USER\\HOST\\USER",
    "parent_command_line": "\"C:\\Program Files (x86)\\HOST\\USER\\HOST\\USER\" --no-startup-window",
    "target_filename": null,
    "creation_utc_time": null,
    "destination_ip": null,
    "destination_port": null,
    "source_ip": null,
    "source_port": null,
    "protocol": null,
    "target_object": null,
    "details": null
  },
  {
    "timestamp": "2026-03-22T05:54:38.594Z",
    "message": "Process Create:\nRuleName: -\nUtcTime: 2026-03-22 05:54:38.539\nProcessGuid: {GUID-REDACTED}\nProcessId: 5780\nImage: C:\\Program Files (x86)\\HOST\\USER\\HOST\\USER\nFileVersion: 146.0.3856.72\nDescription: Microsoft Edge\nProduct: Microsoft Edge\nCompany: Microsoft Corporation\nOriginalFileName: msedge.exe\nCommandLine: \"C:\\Program Files (x86)\\HOST\\USER\\HOST\\USER\" --type=renderer --instant-process --pdf-upsell-enabled --subproc-heap-profiling --video-capture-use-gpu-memory-buffer --lang=ko --js-flags=--ms-user-locale=ko_KR --device-scale-factor=1 --num-raster-threads=1 --renderer-client-id=17 --time-ticks-at-unix-epoch=-1774156091169206 --launch-time-ticks=2787345882 --skip-read-main-dll --metrics-shmem-handle=5804,i,10517015973268429359,14627576897955928549,2097152 --field-trial-handle=1944,i,6324594288914619557,2372490712003491785,262144 --variations-seed-version --pseudonymization-salt-handle=1948,i,17021774890588888239,10672913660663146149,4 --trace-process-track-uuid=3190709002241582927 --mojo-platform-channel-handle=5696 /prefetch:1\nCurrentDirectory: C:\\Program Files (x86)\\HOST\\USER\\\nUser: HOST\\USER\nLogonGuid: {GUID-REDACTED}\nLogonId: 0x22f6e2\nTerminalSessionId: 2\nIntegrityLevel: AppContainer\nHashes: SHA256=4698F981ED8DF8F58DD4069324710C12333D01636579D14D23557D14147EB5A2\nParentProcessGuid: {GUID-REDACTED}\nParentProcessId: 7620\nParentImage: C:\\Program Files (x86)\\HOST\\USER\\HOST\\USER\nParentCommandLine: \"C:\\Program Files (x86)\\HOST\\USER\\HOST\\USER\" --no-startup-window\nParentUser: HOST\\USER",
    "event_code": "1",
    "event_action": "Process Create (rule: ProcessCreate)",
    "event_kind": "event",
    "provider": "Microsoft-Windows-Sysmon",
    "channel": "Microsoft-Windows-Sysmon/Operational",
    "event_id": "1",
    "record_id": 279,
    "computer_name": "HOST-REDACTED",
    "provider_name": "Microsoft-Windows-Sysmon",
    "log_level": "information",
    "host_name": "HOST-REDACTED",
    "host_hostname": "HOST-REDACTED",
    "host_os": "Windows 11 Pro",
    "agent_type": "winlogbeat",
    "agent_version": "9.3.2",
    "process_pid": 1596,
    "raw_event_data": {
      "CurrentDirectory": "C:\\Program Files (x86)\\HOST\\USER\\",
      "LogonGuid": "{GUID-REDACTED}",
      "Image": "C:\\Program Files (x86)\\HOST\\USER\\HOST\\USER",
      "ParentProcessGuid": "{GUID-REDACTED}",
      "UtcTime": "2026-03-22 05:54:38.539",
      "ParentCommandLine": "\"C:\\Program Files (x86)\\HOST\\USER\\HOST\\USER\" --no-startup-window",
      "RuleName": "-",
      "ParentUser": "HOST\\USER",
      "Product": "Microsoft Edge",
      "ParentProcessId": "7620",
      "ProcessId": "5780",
      "LogonId": "0x22f6e2",
      "ProcessGuid": "{GUID-REDACTED}",
      "TerminalSessionId": "2",
      "Hashes": "SHA256=4698F981ED8DF8F58DD4069324710C12333D01636579D14D23557D14147EB5A2",
      "OriginalFileName": "msedge.exe",
      "IntegrityLevel": "AppContainer",
      "Company": "Microsoft Corporation",
      "User": "USER-REDACTED",
      "Description": "Microsoft Edge",
      "CommandLine": "\"C:\\Program Files (x86)\\HOST\\USER\\HOST\\USER\" --type=renderer --instant-process --pdf-upsell-enabled --subproc-heap-profiling --video-capture-use-gpu-memory-buffer --lang=ko --js-flags=--ms-user-locale=ko_KR --device-scale-factor=1 --num-raster-threads=1 --renderer-client-id=17 --time-ticks-at-unix-epoch=-1774156091169206 --launch-time-ticks=2787345882 --skip-read-main-dll --metrics-shmem-handle=5804,i,10517015973268429359,14627576897955928549,2097152 --field-trial-handle=1944,i,6324594288914619557,2372490712003491785,262144 --variations-seed-version --pseudonymization-salt-handle=1948,i,17021774890588888239,10672913660663146149,4 --trace-process-track-uuid=3190709002241582927 --mojo-platform-channel-handle=5696 /prefetch:1",
      "ParentImage": "C:\\Program Files (x86)\\HOST\\USER\\HOST\\USER",
      "FileVersion": "146.0.3856.72"
    },
    "raw": {
      "@timestamp": "2026-03-22T05:54:38.594Z",
      "ecs": {
        "version": "8.0.0"
      },
      "message": "Process Create:\nRuleName: -\nUtcTime: 2026-03-22 05:54:38.539\nProcessGuid: {GUID-REDACTED}\nProcessId: 5780\nImage: C:\\Program Files (x86)\\HOST\\USER\\HOST\\USER\nFileVersion: 146.0.3856.72\nDescription: Microsoft Edge\nProduct: Microsoft Edge\nCompany: Microsoft Corporation\nOriginalFileName: msedge.exe\nCommandLine: \"C:\\Program Files (x86)\\HOST\\USER\\HOST\\USER\" --type=renderer --instant-process --pdf-upsell-enabled --subproc-heap-profiling --video-capture-use-gpu-memory-buffer --lang=ko --js-flags=--ms-user-locale=ko_KR --device-scale-factor=1 --num-raster-threads=1 --renderer-client-id=17 --time-ticks-at-unix-epoch=-1774156091169206 --launch-time-ticks=2787345882 --skip-read-main-dll --metrics-shmem-handle=5804,i,10517015973268429359,14627576897955928549,2097152 --field-trial-handle=1944,i,6324594288914619557,2372490712003491785,262144 --variations-seed-version --pseudonymization-salt-handle=1948,i,17021774890588888239,10672913660663146149,4 --trace-process-track-uuid=3190709002241582927 --mojo-platform-channel-handle=5696 /prefetch:1\nCurrentDirectory: C:\\Program Files (x86)\\HOST\\USER\\\nUser: HOST\\USER\nLogonGuid: {GUID-REDACTED}\nLogonId: 0x22f6e2\nTerminalSessionId: 2\nIntegrityLevel: AppContainer\nHashes: SHA256=4698F981ED8DF8F58DD4069324710C12333D01636579D14D23557D14147EB5A2\nParentProcessGuid: {GUID-REDACTED}\nParentProcessId: 7620\nParentImage: C:\\Program Files (x86)\\HOST\\USER\\HOST\\USER\nParentCommandLine: \"C:\\Program Files (x86)\\HOST\\USER\\HOST\\USER\" --no-startup-window\nParentUser: HOST\\USER",
      "log": {
        "level": "information"
      },
      "host": {
        "architecture": "x86_64",
        "id": "4c1ea299-cc74-49b5-ac0a-1138d9d08387",
        "ip": [
          "fe80::1eac:376c:1bd5:f979",
          "IP-REDACTED"
        ],
        "os": {
          "type": "windows",
          "version": "10.0",
          "name": "Windows 11 Pro",
          "kernel": "10.0.26100.8036 (WinBuild.160101.0800)",
          "family": "windows",
          "build": "26200.8037",
          "platform": "windows"
        },
        "name": "HOST-REDACTED",
        "mac": [
          "MAC-REDACTED"
        ],
        "hostname": "HOST-REDACTED"
      },
      "@version": "1",
      "winlog": {
        "version": 5,
        "user": {
          "type": "Well Known Group",
          "name": "SYSTEM",
          "domain": "NT AUTHORITY",
          "identifier": "S-1-5-XX-REDACTED"
        },
        "event_id": "1",
        "record_id": 279,
        "provider_guid": "{GUID-REDACTED}",
        "channel": "Microsoft-Windows-Sysmon/Operational",
        "task": "Process Create (rule: ProcessCreate)",
        "opcode": "Info",
        "process": {
          "thread": {
            "id": 1304
          },
          "pid": 1596
        },
        "computer_name": "HOST-REDACTED",
        "provider_name": "Microsoft-Windows-Sysmon",
        "event_data": {
          "CurrentDirectory": "C:\\Program Files (x86)\\HOST\\USER\\",
          "LogonGuid": "{GUID-REDACTED}",
          "Image": "C:\\Program Files (x86)\\HOST\\USER\\HOST\\USER",
          "ParentProcessGuid": "{GUID-REDACTED}",
          "UtcTime": "2026-03-22 05:54:38.539",
          "ParentCommandLine": "\"C:\\Program Files (x86)\\HOST\\USER\\HOST\\USER\" --no-startup-window",
          "RuleName": "-",
          "ParentUser": "HOST\\USER",
          "Product": "Microsoft Edge",
          "ParentProcessId": "7620",
          "ProcessId": "5780",
          "LogonId": "0x22f6e2",
          "ProcessGuid": "{GUID-REDACTED}",
          "TerminalSessionId": "2",
          "Hashes": "SHA256=4698F981ED8DF8F58DD4069324710C12333D01636579D14D23557D14147EB5A2",
          "OriginalFileName": "msedge.exe",
          "IntegrityLevel": "AppContainer",
          "Company": "Microsoft Corporation",
          "User": "USER-REDACTED",
          "Description": "Microsoft Edge",
          "CommandLine": "\"C:\\Program Files (x86)\\HOST\\USER\\HOST\\USER\" --type=renderer --instant-process --pdf-upsell-enabled --subproc-heap-profiling --video-capture-use-gpu-memory-buffer --lang=ko --js-flags=--ms-user-locale=ko_KR --device-scale-factor=1 --num-raster-threads=1 --renderer-client-id=17 --time-ticks-at-unix-epoch=-1774156091169206 --launch-time-ticks=2787345882 --skip-read-main-dll --metrics-shmem-handle=5804,i,10517015973268429359,14627576897955928549,2097152 --field-trial-handle=1944,i,6324594288914619557,2372490712003491785,262144 --variations-seed-version --pseudonymization-salt-handle=1948,i,17021774890588888239,10672913660663146149,4 --trace-process-track-uuid=3190709002241582927 --mojo-platform-channel-handle=5696 /prefetch:1",
          "ParentImage": "C:\\Program Files (x86)\\HOST\\USER\\HOST\\USER",
          "FileVersion": "146.0.3856.72"
        }
      },
      "tags": [
        "beats_input_codec_plain_applied"
      ],
      "agent": {
        "type": "winlogbeat",
        "id": "e914dd33-e7be-4a91-b774-394d715855f5",
        "name": "HOST-REDACTED",
        "ephemeral_id": "b8267783-8d43-4086-8074-c2f96b9f9dae",
        "version": "9.3.2"
      },
      "event": {
        "kind": "event",
        "created": "2026-03-29T09:11:41.470Z",
        "action": "Process Create (rule: ProcessCreate)",
        "code": "1",
        "original": "Process Create:\nRuleName: -\nUtcTime: 2026-03-22 05:54:38.539\nProcessGuid: {GUID-REDACTED}\nProcessId: 5780\nImage: C:\\Program Files (x86)\\HOST\\USER\\HOST\\USER\nFileVersion: 146.0.3856.72\nDescription: Microsoft Edge\nProduct: Microsoft Edge\nCompany: Microsoft Corporation\nOriginalFileName: msedge.exe\nCommandLine: \"C:\\Program Files (x86)\\HOST\\USER\\HOST\\USER\" --type=renderer --instant-process --pdf-upsell-enabled --subproc-heap-profiling --video-capture-use-gpu-memory-buffer --lang=ko --js-flags=--ms-user-locale=ko_KR --device-scale-factor=1 --num-raster-threads=1 --renderer-client-id=17 --time-ticks-at-unix-epoch=-1774156091169206 --launch-time-ticks=2787345882 --skip-read-main-dll --metrics-shmem-handle=5804,i,10517015973268429359,14627576897955928549,2097152 --field-trial-handle=1944,i,6324594288914619557,2372490712003491785,262144 --variations-seed-version --pseudonymization-salt-handle=1948,i,17021774890588888239,10672913660663146149,4 --trace-process-track-uuid=3190709002241582927 --mojo-platform-channel-handle=5696 /prefetch:1\nCurrentDirectory: C:\\Program Files (x86)\\HOST\\USER\\\nUser: HOST\\USER\nLogonGuid: {GUID-REDACTED}\nLogonId: 0x22f6e2\nTerminalSessionId: 2\nIntegrityLevel: AppContainer\nHashes: SHA256=4698F981ED8DF8F58DD4069324710C12333D01636579D14D23557D14147EB5A2\nParentProcessGuid: {GUID-REDACTED}\nParentProcessId: 7620\nParentImage: C:\\Program Files (x86)\\HOST\\USER\\HOST\\USER\nParentCommandLine: \"C:\\Program Files (x86)\\HOST\\USER\\HOST\\USER\" --no-startup-window\nParentUser: HOST\\USER",
        "provider": "Microsoft-Windows-Sysmon"
      }
    },
    "parsed_type": "sysmon",
    "event_type_name": "ProcessCreate",
    "process_guid": "{GUID-REDACTED}",
    "process_id": "5780",
    "image": "C:\\Program Files (x86)\\HOST\\USER\\HOST\\USER",
    "command_line": "\"C:\\Program Files (x86)\\HOST\\USER\\HOST\\USER\" --type=renderer --instant-process --pdf-upsell-enabled --subproc-heap-profiling --video-capture-use-gpu-memory-buffer --lang=ko --js-flags=--ms-user-locale=ko_KR --device-scale-factor=1 --num-raster-threads=1 --renderer-client-id=17 --time-ticks-at-unix-epoch=-1774156091169206 --launch-time-ticks=2787345882 --skip-read-main-dll --metrics-shmem-handle=5804,i,10517015973268429359,14627576897955928549,2097152 --field-trial-handle=1944,i,6324594288914619557,2372490712003491785,262144 --variations-seed-version --pseudonymization-salt-handle=1948,i,17021774890588888239,10672913660663146149,4 --trace-process-track-uuid=3190709002241582927 --mojo-platform-channel-handle=5696 /prefetch:1",
    "current_directory": "C:\\Program Files (x86)\\HOST\\USER\\",
    "user": "USER-REDACTED",
    "logon_guid": "{GUID-REDACTED}",
    "logon_id": "0x22f6e2",
    "terminal_session_id": "2",
    "integrity_level": "AppContainer",
    "hashes": "SHA256=4698F981ED8DF8F58DD4069324710C12333D01636579D14D23557D14147EB5A2",
    "parent_process_guid": "{GUID-REDACTED}",
    "parent_process_id": "7620",
    "parent_image": "C:\\Program Files (x86)\\HOST\\USER\\HOST\\USER",
    "parent_command_line": "\"C:\\Program Files (x86)\\HOST\\USER\\HOST\\USER\" --no-startup-window",
    "target_filename": null,
    "creation_utc_time": null,
    "destination_ip": null,
    "destination_port": null,
    "source_ip": null,
    "source_port": null,
    "protocol": null,
    "target_object": null,
    "details": null
  },
