  {
    "timestamp": "2026-03-22T06:01:10.240Z",
    "message": "Process Create:\nRuleName: -\nUtcTime: 2026-03-22 06:01:10.125\nProcessGuid: {GUID-REDACTED}\nProcessId: 9928\nImage: C:\\HOST\\USER\\winlogbeat.exe\nFileVersion: 9.3.2\nDescription: Winlogbeat ships Windows event logs to Elasticsearch or Logstash.\nProduct: Winlogbeat\nCompany: Elastic\nOriginalFileName: winlogbeat.exe\nCommandLine: \"C:\\HOST\\USER\\winlogbeat.exe\" -e\nCurrentDirectory: C:\\HOST\\USER\\\nUser: HOST\\USER\nLogonGuid: {GUID-REDACTED}\nLogonId: 0x22f680\nTerminalSessionId: 2\nIntegrityLevel: High\nHashes: SHA256=0D15B4D6E582B2D8E5CE756293275B07ADDD5486EA85FC7E87AC38067317D9A7\nParentProcessGuid: {GUID-REDACTED}\nParentProcessId: 6608\nParentImage: C:\\HOST\\USER\\powershell.exe\nParentCommandLine: \"C:\\HOST\\USER\\powershell.exe\" \nParentUser: HOST\\USER",
    "event_code": "1",
    "event_action": "Process Create (rule: ProcessCreate)",
    "event_kind": "event",
    "provider": "Microsoft-Windows-Sysmon",
    "channel": "Microsoft-Windows-Sysmon/Operational",
    "event_id": "1",
    "record_id": 363,
    "computer_name": "HOST-REDACTED",
    "provider_name": "Microsoft-Windows-Sysmon",
    "log_level": "information",
    "host_name": "HOST-REDACTED",
    "host_hostname": "HOST-REDACTED",
    "host_os": "Windows 11 Pro",
    "agent_type": "winlogbeat",
    "agent_version": "9.3.2",
    "process_pid": 1596,
    "raw_event_data": {
      "CurrentDirectory": "C:\\HOST\\USER\\",
      "LogonGuid": "{GUID-REDACTED}",
      "Image": "C:\\HOST\\USER\\winlogbeat.exe",
      "ParentProcessGuid": "{GUID-REDACTED}",
      "UtcTime": "2026-03-22 06:01:10.125",
      "ParentCommandLine": "\"C:\\HOST\\USER\\powershell.exe\" ",
      "RuleName": "-",
      "ParentUser": "HOST\\USER",
      "Product": "Winlogbeat",
      "ParentProcessId": "6608",
      "ProcessId": "9928",
      "LogonId": "0x22f680",
      "ProcessGuid": "{GUID-REDACTED}",
      "TerminalSessionId": "2",
      "Hashes": "SHA256=0D15B4D6E582B2D8E5CE756293275B07ADDD5486EA85FC7E87AC38067317D9A7",
      "OriginalFileName": "winlogbeat.exe",
      "IntegrityLevel": "High",
      "Company": "Elastic",
      "User": "USER-REDACTED",
      "CommandLine": "\"C:\\HOST\\USER\\winlogbeat.exe\" -e",
      "Description": "Winlogbeat ships Windows event logs to Elasticsearch or Logstash.",
      "ParentImage": "C:\\HOST\\USER\\powershell.exe",
      "FileVersion": "9.3.2"
    },
    "raw": {
      "@timestamp": "2026-03-22T06:01:10.240Z",
      "log": {
        "level": "information"
      },
      "message": "Process Create:\nRuleName: -\nUtcTime: 2026-03-22 06:01:10.125\nProcessGuid: {GUID-REDACTED}\nProcessId: 9928\nImage: C:\\HOST\\USER\\winlogbeat.exe\nFileVersion: 9.3.2\nDescription: Winlogbeat ships Windows event logs to Elasticsearch or Logstash.\nProduct: Winlogbeat\nCompany: Elastic\nOriginalFileName: winlogbeat.exe\nCommandLine: \"C:\\HOST\\USER\\winlogbeat.exe\" -e\nCurrentDirectory: C:\\HOST\\USER\\\nUser: HOST\\USER\nLogonGuid: {GUID-REDACTED}\nLogonId: 0x22f680\nTerminalSessionId: 2\nIntegrityLevel: High\nHashes: SHA256=0D15B4D6E582B2D8E5CE756293275B07ADDD5486EA85FC7E87AC38067317D9A7\nParentProcessGuid: {GUID-REDACTED}\nParentProcessId: 6608\nParentImage: C:\\HOST\\USER\\powershell.exe\nParentCommandLine: \"C:\\HOST\\USER\\powershell.exe\" \nParentUser: HOST\\USER",
      "ecs": {
        "version": "8.0.0"
      },
      "host": {
        "architecture": "x86_64",
        "name": "HOST-REDACTED",
        "id": "4c1ea299-cc74-49b5-ac0a-1138d9d08387",
        "os": {
          "type": "windows",
          "version": "10.0",
          "name": "Windows 11 Pro",
          "kernel": "10.0.26100.8036 (WinBuild.160101.0800)",
          "family": "windows",
          "build": "26200.8037",
          "platform": "windows"
        },
        "ip": [
          "fe80::1eac:376c:1bd5:f979",
          "IP-REDACTED"
        ],
        "mac": [
          "MAC-REDACTED"
        ],
        "hostname": "HOST-REDACTED"
      },
      "@version": "1",
      "winlog": {
        "version": 5,
        "user": {
          "type": "Well Known Group",
          "name": "SYSTEM",
          "domain": "NT AUTHORITY",
          "identifier": "S-1-5-XX-REDACTED"
        },
        "event_id": "1",
        "record_id": 363,
        "provider_guid": "{GUID-REDACTED}",
        "channel": "Microsoft-Windows-Sysmon/Operational",
        "task": "Process Create (rule: ProcessCreate)",
        "opcode": "Info",
        "process": {
          "thread": {
            "id": 1304
          },
          "pid": 1596
        },
        "computer_name": "HOST-REDACTED",
        "provider_name": "Microsoft-Windows-Sysmon",
        "event_data": {
          "CurrentDirectory": "C:\\HOST\\USER\\",
          "LogonGuid": "{GUID-REDACTED}",
          "Image": "C:\\HOST\\USER\\winlogbeat.exe",
          "ParentProcessGuid": "{GUID-REDACTED}",
          "UtcTime": "2026-03-22 06:01:10.125",
          "ParentCommandLine": "\"C:\\HOST\\USER\\powershell.exe\" ",
          "RuleName": "-",
          "ParentUser": "HOST\\USER",
          "Product": "Winlogbeat",
          "ParentProcessId": "6608",
          "ProcessId": "9928",
          "LogonId": "0x22f680",
          "ProcessGuid": "{GUID-REDACTED}",
          "TerminalSessionId": "2",
          "Hashes": "SHA256=0D15B4D6E582B2D8E5CE756293275B07ADDD5486EA85FC7E87AC38067317D9A7",
          "OriginalFileName": "winlogbeat.exe",
          "IntegrityLevel": "High",
          "Company": "Elastic",
          "User": "USER-REDACTED",
          "CommandLine": "\"C:\\HOST\\USER\\winlogbeat.exe\" -e",
          "Description": "Winlogbeat ships Windows event logs to Elasticsearch or Logstash.",
          "ParentImage": "C:\\HOST\\USER\\powershell.exe",
          "FileVersion": "9.3.2"
        }
      },
      "tags": [
        "beats_input_codec_plain_applied"
      ],
      "agent": {
        "type": "winlogbeat",
        "id": "e914dd33-e7be-4a91-b774-394d715855f5",
        "name": "HOST-REDACTED",
        "ephemeral_id": "b8267783-8d43-4086-8074-c2f96b9f9dae",
        "version": "9.3.2"
      },
      "event": {
        "kind": "event",
        "created": "2026-03-29T09:11:41.475Z",
        "code": "1",
        "action": "Process Create (rule: ProcessCreate)",
        "original": "Process Create:\nRuleName: -\nUtcTime: 2026-03-22 06:01:10.125\nProcessGuid: {GUID-REDACTED}\nProcessId: 9928\nImage: C:\\HOST\\USER\\winlogbeat.exe\nFileVersion: 9.3.2\nDescription: Winlogbeat ships Windows event logs to Elasticsearch or Logstash.\nProduct: Winlogbeat\nCompany: Elastic\nOriginalFileName: winlogbeat.exe\nCommandLine: \"C:\\HOST\\USER\\winlogbeat.exe\" -e\nCurrentDirectory: C:\\HOST\\USER\\\nUser: HOST\\USER\nLogonGuid: {GUID-REDACTED}\nLogonId: 0x22f680\nTerminalSessionId: 2\nIntegrityLevel: High\nHashes: SHA256=0D15B4D6E582B2D8E5CE756293275B07ADDD5486EA85FC7E87AC38067317D9A7\nParentProcessGuid: {GUID-REDACTED}\nParentProcessId: 6608\nParentImage: C:\\HOST\\USER\\powershell.exe\nParentCommandLine: \"C:\\HOST\\USER\\powershell.exe\" \nParentUser: HOST\\USER",
        "provider": "Microsoft-Windows-Sysmon"
      }
    },
    "parsed_type": "sysmon",
    "event_type_name": "ProcessCreate",
    "process_guid": "{GUID-REDACTED}",
    "process_id": "9928",
    "image": "C:\\HOST\\USER\\winlogbeat.exe",
    "command_line": "\"C:\\HOST\\USER\\winlogbeat.exe\" -e",
    "current_directory": "C:\\HOST\\USER\\",
    "user": "USER-REDACTED",
    "logon_guid": "{GUID-REDACTED}",
    "logon_id": "0x22f680",
    "terminal_session_id": "2",
    "integrity_level": "High",
    "hashes": "SHA256=0D15B4D6E582B2D8E5CE756293275B07ADDD5486EA85FC7E87AC38067317D9A7",
    "parent_process_guid": "{GUID-REDACTED}",
    "parent_process_id": "6608",
    "parent_image": "C:\\HOST\\USER\\powershell.exe",
    "parent_command_line": "\"C:\\HOST\\USER\\powershell.exe\" ",
    "target_filename": null,
    "creation_utc_time": null,
    "destination_ip": null,
    "destination_port": null,
    "source_ip": null,
    "source_port": null,
    "protocol": null,
    "target_object": null,
    "details": null
  },
  {
    "timestamp": "2026-03-22T06:01:19.169Z",
    "message": "Process Create:\nRuleName: -\nUtcTime: 2026-03-22 06:01:19.166\nProcessGuid: {GUID-REDACTED}\nProcessId: 988\nImage: C:\\HOST\\USER\\appidcertstorecheck.exe\nFileVersion: 10.0.26100.3037 (WinBuild.160101.0800)\nDescription: AppID Certificate Store Verification Task\nProduct: Microsoft® Windows® Operating System\nCompany: Microsoft Corporation\nOriginalFileName: AppIDCertstoreCheck.exe\nCommandLine: \"C:\\HOST\\USER\\appidcertstorecheck.exe\"\nCurrentDirectory: C:\\HOST\\USER\\\nUser: NT HOST\\USER SERVICE\nLogonGuid: {GUID-REDACTED}\nLogonId: 0x3e5\nTerminalSessionId: 0\nIntegrityLevel: System\nHashes: SHA256=442A6A8546B9B2EE4159760B04E8FD33E6F3310C92C66709C27AFA47C8653808\nParentProcessGuid: {GUID-REDACTED}\nParentProcessId: 1336\nParentImage: C:\\HOST\\USER\\svchost.exe\nParentCommandLine: C:\\HOST\\USER\\svchost.exe -k netsvcs -p -s Schedule\nParentUser: NT HOST\\USER",
    "event_code": "1",
    "event_action": "Process Create (rule: ProcessCreate)",
    "event_kind": "event",
    "provider": "Microsoft-Windows-Sysmon",
    "channel": "Microsoft-Windows-Sysmon/Operational",
    "event_id": "1",
    "record_id": 364,
    "computer_name": "HOST-REDACTED",
    "provider_name": "Microsoft-Windows-Sysmon",
    "log_level": "information",
    "host_name": "HOST-REDACTED",
    "host_hostname": "HOST-REDACTED",
    "host_os": "Windows 11 Pro",
    "agent_type": "winlogbeat",
    "agent_version": "9.3.2",
    "process_pid": 1596,
    "raw_event_data": {
      "CurrentDirectory": "C:\\HOST\\USER\\",
      "LogonGuid": "{GUID-REDACTED}",
      "Image": "C:\\HOST\\USER\\appidcertstorecheck.exe",
      "UtcTime": "2026-03-22 06:01:19.166",
      "ParentProcessGuid": "{GUID-REDACTED}",
      "ParentCommandLine": "C:\\HOST\\USER\\svchost.exe -k netsvcs -p -s Schedule",
      "RuleName": "-",
      "ParentUser": "NT HOST\\USER",
      "ParentProcessId": "1336",
      "Product": "Microsoft® Windows® Operating System",
      "ProcessId": "988",
      "LogonId": "0x3e5",
      "ProcessGuid": "{GUID-REDACTED}",
      "TerminalSessionId": "0",
      "Hashes": "SHA256=442A6A8546B9B2EE4159760B04E8FD33E6F3310C92C66709C27AFA47C8653808",
      "OriginalFileName": "AppIDCertstoreCheck.exe",
      "IntegrityLevel": "System",
      "Company": "Microsoft Corporation",
      "User": "USER-REDACTED",
      "CommandLine": "\"C:\\HOST\\USER\\appidcertstorecheck.exe\"",
      "Description": "AppID Certificate Store Verification Task",
      "ParentImage": "C:\\HOST\\USER\\svchost.exe",
      "FileVersion": "10.0.26100.3037 (WinBuild.160101.0800)"
    },
    "raw": {
      "@timestamp": "2026-03-22T06:01:19.169Z",
      "message": "Process Create:\nRuleName: -\nUtcTime: 2026-03-22 06:01:19.166\nProcessGuid: {GUID-REDACTED}\nProcessId: 988\nImage: C:\\HOST\\USER\\appidcertstorecheck.exe\nFileVersion: 10.0.26100.3037 (WinBuild.160101.0800)\nDescription: AppID Certificate Store Verification Task\nProduct: Microsoft® Windows® Operating System\nCompany: Microsoft Corporation\nOriginalFileName: AppIDCertstoreCheck.exe\nCommandLine: \"C:\\HOST\\USER\\appidcertstorecheck.exe\"\nCurrentDirectory: C:\\HOST\\USER\\\nUser: NT HOST\\USER SERVICE\nLogonGuid: {GUID-REDACTED}\nLogonId: 0x3e5\nTerminalSessionId: 0\nIntegrityLevel: System\nHashes: SHA256=442A6A8546B9B2EE4159760B04E8FD33E6F3310C92C66709C27AFA47C8653808\nParentProcessGuid: {GUID-REDACTED}\nParentProcessId: 1336\nParentImage: C:\\HOST\\USER\\svchost.exe\nParentCommandLine: C:\\HOST\\USER\\svchost.exe -k netsvcs -p -s Schedule\nParentUser: NT HOST\\USER",
      "log": {
        "level": "information"
      },
      "host": {
        "architecture": "x86_64",
        "id": "4c1ea299-cc74-49b5-ac0a-1138d9d08387",
        "ip": [
          "fe80::1eac:376c:1bd5:f979",
          "IP-REDACTED"
        ],
        "os": {
          "type": "windows",
          "version": "10.0",
          "name": "Windows 11 Pro",
          "kernel": "10.0.26100.8036 (WinBuild.160101.0800)",
          "family": "windows",
          "build": "26200.8037",
          "platform": "windows"
        },
        "name": "HOST-REDACTED",
        "mac": [
          "MAC-REDACTED"
        ],
        "hostname": "HOST-REDACTED"
      },
      "ecs": {
        "version": "8.0.0"
      },
      "@version": "1",
      "winlog": {
        "version": 5,
        "user": {
          "type": "Well Known Group",
          "name": "SYSTEM",
          "domain": "NT AUTHORITY",
          "identifier": "S-1-5-XX-REDACTED"
        },
        "event_id": "1",
        "record_id": 364,
        "provider_guid": "{GUID-REDACTED}",
        "channel": "Microsoft-Windows-Sysmon/Operational",
        "task": "Process Create (rule: ProcessCreate)",
        "opcode": "Info",
        "process": {
          "thread": {
            "id": 1304
          },
          "pid": 1596
        },
        "computer_name": "HOST-REDACTED",
        "provider_name": "Microsoft-Windows-Sysmon",
        "event_data": {
          "CurrentDirectory": "C:\\HOST\\USER\\",
          "LogonGuid": "{GUID-REDACTED}",
          "Image": "C:\\HOST\\USER\\appidcertstorecheck.exe",
          "UtcTime": "2026-03-22 06:01:19.166",
          "ParentProcessGuid": "{GUID-REDACTED}",
          "ParentCommandLine": "C:\\HOST\\USER\\svchost.exe -k netsvcs -p -s Schedule",
          "RuleName": "-",
          "ParentUser": "NT HOST\\USER",
          "ParentProcessId": "1336",
          "Product": "Microsoft® Windows® Operating System",
          "ProcessId": "988",
          "LogonId": "0x3e5",
          "ProcessGuid": "{GUID-REDACTED}",
          "TerminalSessionId": "0",
          "Hashes": "SHA256=442A6A8546B9B2EE4159760B04E8FD33E6F3310C92C66709C27AFA47C8653808",
          "OriginalFileName": "AppIDCertstoreCheck.exe",
          "IntegrityLevel": "System",
          "Company": "Microsoft Corporation",
          "User": "USER-REDACTED",
          "CommandLine": "\"C:\\HOST\\USER\\appidcertstorecheck.exe\"",
          "Description": "AppID Certificate Store Verification Task",
          "ParentImage": "C:\\HOST\\USER\\svchost.exe",
          "FileVersion": "10.0.26100.3037 (WinBuild.160101.0800)"
        }
      },
      "tags": [
        "beats_input_codec_plain_applied"
      ],
      "agent": {
        "type": "winlogbeat",
        "version": "9.3.2",
        "id": "e914dd33-e7be-4a91-b774-394d715855f5",
        "ephemeral_id": "b8267783-8d43-4086-8074-c2f96b9f9dae",
        "name": "HOST-REDACTED"
      },
      "event": {
        "kind": "event",
        "created": "2026-03-29T09:11:41.475Z",
        "code": "1",
        "action": "Process Create (rule: ProcessCreate)",
        "original": "Process Create:\nRuleName: -\nUtcTime: 2026-03-22 06:01:19.166\nProcessGuid: {GUID-REDACTED}\nProcessId: 988\nImage: C:\\HOST\\USER\\appidcertstorecheck.exe\nFileVersion: 10.0.26100.3037 (WinBuild.160101.0800)\nDescription: AppID Certificate Store Verification Task\nProduct: Microsoft® Windows® Operating System\nCompany: Microsoft Corporation\nOriginalFileName: AppIDCertstoreCheck.exe\nCommandLine: \"C:\\HOST\\USER\\appidcertstorecheck.exe\"\nCurrentDirectory: C:\\HOST\\USER\\\nUser: NT HOST\\USER SERVICE\nLogonGuid: {GUID-REDACTED}\nLogonId: 0x3e5\nTerminalSessionId: 0\nIntegrityLevel: System\nHashes: SHA256=442A6A8546B9B2EE4159760B04E8FD33E6F3310C92C66709C27AFA47C8653808\nParentProcessGuid: {GUID-REDACTED}\nParentProcessId: 1336\nParentImage: C:\\HOST\\USER\\svchost.exe\nParentCommandLine: C:\\HOST\\USER\\svchost.exe -k netsvcs -p -s Schedule\nParentUser: NT HOST\\USER",
        "provider": "Microsoft-Windows-Sysmon"
      }
    },
    "parsed_type": "sysmon",
    "event_type_name": "ProcessCreate",
    "process_guid": "{GUID-REDACTED}",
    "process_id": "988",
    "image": "C:\\HOST\\USER\\appidcertstorecheck.exe",
    "command_line": "\"C:\\HOST\\USER\\appidcertstorecheck.exe\"",
    "current_directory": "C:\\HOST\\USER\\",
    "user": "USER-REDACTED",
    "logon_guid": "{GUID-REDACTED}",
    "logon_id": "0x3e5",
    "terminal_session_id": "0",
    "integrity_level": "System",
    "hashes": "SHA256=442A6A8546B9B2EE4159760B04E8FD33E6F3310C92C66709C27AFA47C8653808",
    "parent_process_guid": "{GUID-REDACTED}",
    "parent_process_id": "1336",
    "parent_image": "C:\\HOST\\USER\\svchost.exe",
    "parent_command_line": "C:\\HOST\\USER\\svchost.exe -k netsvcs -p -s Schedule",
    "target_filename": null,
    "creation_utc_time": null,
    "destination_ip": null,
    "destination_port": null,
    "source_ip": null,
    "source_port": null,
    "protocol": null,
    "target_object": null,
    "details": null
  },
  {
    "timestamp": "2026-03-22T06:01:19.181Z",
    "message": "Process Create:\nRuleName: -\nUtcTime: 2026-03-22 06:01:19.177\nProcessGuid: {GUID-REDACTED}\nProcessId: 7124\nImage: C:\\HOST\\USER\\conhost.exe\nFileVersion: 10.0.26100.7920 (WinBuild.160101.0800)\nDescription: Console Window Host\nProduct: Microsoft® Windows® Operating System\nCompany: Microsoft Corporation\nOriginalFileName: CONHOST.EXE\nCommandLine: \\??\\C:\\HOST\\USER\\conhost.exe 0xffffffff -ForceV1\nCurrentDirectory: C:\\WINDOWS\nUser: NT HOST\\USER SERVICE\nLogonGuid: {GUID-REDACTED}\nLogonId: 0x3e5\nTerminalSessionId: 0\nIntegrityLevel: System\nHashes: SHA256=2B335DE3C724DDB63A4D14E57C8F5A742A87C1D07A41BE0EBAAC4E32A693D153\nParentProcessGuid: {GUID-REDACTED}\nParentProcessId: 988\nParentImage: C:\\HOST\\USER\\appidcertstorecheck.exe\nParentCommandLine: \"C:\\HOST\\USER\\appidcertstorecheck.exe\"\nParentUser: NT HOST\\USER SERVICE",
    "event_code": "1",
    "event_action": "Process Create (rule: ProcessCreate)",
    "event_kind": "event",
    "provider": "Microsoft-Windows-Sysmon",
    "channel": "Microsoft-Windows-Sysmon/Operational",
    "event_id": "1",
    "record_id": 365,
    "computer_name": "HOST-REDACTED",
    "provider_name": "Microsoft-Windows-Sysmon",
    "log_level": "information",
    "host_name": "HOST-REDACTED",
    "host_hostname": "HOST-REDACTED",
    "host_os": "Windows 11 Pro",
    "agent_type": "winlogbeat",
    "agent_version": "9.3.2",
    "process_pid": 1596,
    "raw_event_data": {
      "CurrentDirectory": "C:\\WINDOWS",
      "LogonGuid": "{GUID-REDACTED}",
      "Image": "C:\\HOST\\USER\\conhost.exe",
      "UtcTime": "2026-03-22 06:01:19.177",
      "ParentProcessGuid": "{GUID-REDACTED}",
      "ParentCommandLine": "\"C:\\HOST\\USER\\appidcertstorecheck.exe\"",
      "RuleName": "-",
      "ParentUser": "NT HOST\\USER SERVICE",
      "Product": "Microsoft® Windows® Operating System",
      "ParentProcessId": "988",
      "ProcessId": "7124",
      "LogonId": "0x3e5",
      "ProcessGuid": "{GUID-REDACTED}",
      "TerminalSessionId": "0",
      "Hashes": "SHA256=2B335DE3C724DDB63A4D14E57C8F5A742A87C1D07A41BE0EBAAC4E32A693D153",
      "OriginalFileName": "CONHOST.EXE",
      "IntegrityLevel": "System",
      "Company": "Microsoft Corporation",
      "User": "USER-REDACTED",
      "CommandLine": "\\??\\C:\\HOST\\USER\\conhost.exe 0xffffffff -ForceV1",
      "Description": "Console Window Host",
      "ParentImage": "C:\\HOST\\USER\\appidcertstorecheck.exe",
      "FileVersion": "10.0.26100.7920 (WinBuild.160101.0800)"
    },
    "raw": {
      "@timestamp": "2026-03-22T06:01:19.181Z",
      "host": {
        "architecture": "x86_64",
        "id": "4c1ea299-cc74-49b5-ac0a-1138d9d08387",
        "ip": [
          "fe80::1eac:376c:1bd5:f979",
          "IP-REDACTED"
        ],
        "os": {
          "type": "windows",
          "version": "10.0",
          "name": "Windows 11 Pro",
          "kernel": "10.0.26100.8036 (WinBuild.160101.0800)",
          "family": "windows",
          "build": "26200.8037",
          "platform": "windows"
        },
        "name": "HOST-REDACTED",
        "mac": [
          "MAC-REDACTED"
        ],
        "hostname": "HOST-REDACTED"
      },
      "message": "Process Create:\nRuleName: -\nUtcTime: 2026-03-22 06:01:19.177\nProcessGuid: {GUID-REDACTED}\nProcessId: 7124\nImage: C:\\HOST\\USER\\conhost.exe\nFileVersion: 10.0.26100.7920 (WinBuild.160101.0800)\nDescription: Console Window Host\nProduct: Microsoft® Windows® Operating System\nCompany: Microsoft Corporation\nOriginalFileName: CONHOST.EXE\nCommandLine: \\??\\C:\\HOST\\USER\\conhost.exe 0xffffffff -ForceV1\nCurrentDirectory: C:\\WINDOWS\nUser: NT HOST\\USER SERVICE\nLogonGuid: {GUID-REDACTED}\nLogonId: 0x3e5\nTerminalSessionId: 0\nIntegrityLevel: System\nHashes: SHA256=2B335DE3C724DDB63A4D14E57C8F5A742A87C1D07A41BE0EBAAC4E32A693D153\nParentProcessGuid: {GUID-REDACTED}\nParentProcessId: 988\nParentImage: C:\\HOST\\USER\\appidcertstorecheck.exe\nParentCommandLine: \"C:\\HOST\\USER\\appidcertstorecheck.exe\"\nParentUser: NT HOST\\USER SERVICE",
      "log": {
        "level": "information"
      },
      "ecs": {
        "version": "8.0.0"
      },
      "@version": "1",
      "winlog": {
        "version": 5,
        "user": {
          "type": "Well Known Group",
          "name": "SYSTEM",
          "domain": "NT AUTHORITY",
          "identifier": "S-1-5-XX-REDACTED"
        },
        "event_id": "1",
        "record_id": 365,
        "provider_guid": "{GUID-REDACTED}",
        "channel": "Microsoft-Windows-Sysmon/Operational",
        "task": "Process Create (rule: ProcessCreate)",
        "opcode": "Info",
        "computer_name": "HOST-REDACTED",
        "process": {
          "thread": {
            "id": 1304
          },
          "pid": 1596
        },
        "provider_name": "Microsoft-Windows-Sysmon",
        "event_data": {
          "CurrentDirectory": "C:\\WINDOWS",
          "LogonGuid": "{GUID-REDACTED}",
          "Image": "C:\\HOST\\USER\\conhost.exe",
          "UtcTime": "2026-03-22 06:01:19.177",
          "ParentProcessGuid": "{GUID-REDACTED}",
          "ParentCommandLine": "\"C:\\HOST\\USER\\appidcertstorecheck.exe\"",
          "RuleName": "-",
          "ParentUser": "NT HOST\\USER SERVICE",
          "Product": "Microsoft® Windows® Operating System",
          "ParentProcessId": "988",
          "ProcessId": "7124",
          "LogonId": "0x3e5",
          "ProcessGuid": "{GUID-REDACTED}",
          "TerminalSessionId": "0",
          "Hashes": "SHA256=2B335DE3C724DDB63A4D14E57C8F5A742A87C1D07A41BE0EBAAC4E32A693D153",
          "OriginalFileName": "CONHOST.EXE",
          "IntegrityLevel": "System",
          "Company": "Microsoft Corporation",
          "User": "USER-REDACTED",
          "CommandLine": "\\??\\C:\\HOST\\USER\\conhost.exe 0xffffffff -ForceV1",
          "Description": "Console Window Host",
          "ParentImage": "C:\\HOST\\USER\\appidcertstorecheck.exe",
          "FileVersion": "10.0.26100.7920 (WinBuild.160101.0800)"
        }
      },
      "tags": [
        "beats_input_codec_plain_applied"
      ],
      "agent": {
        "type": "winlogbeat",
        "version": "9.3.2",
        "id": "e914dd33-e7be-4a91-b774-394d715855f5",
        "ephemeral_id": "b8267783-8d43-4086-8074-c2f96b9f9dae",
        "name": "HOST-REDACTED"
      },
      "event": {
        "kind": "event",
        "created": "2026-03-29T09:11:41.475Z",
        "code": "1",
        "action": "Process Create (rule: ProcessCreate)",
        "original": "Process Create:\nRuleName: -\nUtcTime: 2026-03-22 06:01:19.177\nProcessGuid: {GUID-REDACTED}\nProcessId: 7124\nImage: C:\\HOST\\USER\\conhost.exe\nFileVersion: 10.0.26100.7920 (WinBuild.160101.0800)\nDescription: Console Window Host\nProduct: Microsoft® Windows® Operating System\nCompany: Microsoft Corporation\nOriginalFileName: CONHOST.EXE\nCommandLine: \\??\\C:\\HOST\\USER\\conhost.exe 0xffffffff -ForceV1\nCurrentDirectory: C:\\WINDOWS\nUser: NT HOST\\USER SERVICE\nLogonGuid: {GUID-REDACTED}\nLogonId: 0x3e5\nTerminalSessionId: 0\nIntegrityLevel: System\nHashes: SHA256=2B335DE3C724DDB63A4D14E57C8F5A742A87C1D07A41BE0EBAAC4E32A693D153\nParentProcessGuid: {GUID-REDACTED}\nParentProcessId: 988\nParentImage: C:\\HOST\\USER\\appidcertstorecheck.exe\nParentCommandLine: \"C:\\HOST\\USER\\appidcertstorecheck.exe\"\nParentUser: NT HOST\\USER SERVICE",
        "provider": "Microsoft-Windows-Sysmon"
      }
    },
    "parsed_type": "sysmon",
    "event_type_name": "ProcessCreate",
    "process_guid": "{GUID-REDACTED}",
    "process_id": "7124",
    "image": "C:\\HOST\\USER\\conhost.exe",
    "command_line": "\\??\\C:\\HOST\\USER\\conhost.exe 0xffffffff -ForceV1",
    "current_directory": "C:\\WINDOWS",
    "user": "USER-REDACTED",
    "logon_guid": "{GUID-REDACTED}",
    "logon_id": "0x3e5",
    "terminal_session_id": "0",
    "integrity_level": "System",
    "hashes": "SHA256=2B335DE3C724DDB63A4D14E57C8F5A742A87C1D07A41BE0EBAAC4E32A693D153",
    "parent_process_guid": "{GUID-REDACTED}",
    "parent_process_id": "988",
    "parent_image": "C:\\HOST\\USER\\appidcertstorecheck.exe",
    "parent_command_line": "\"C:\\HOST\\USER\\appidcertstorecheck.exe\"",
    "target_filename": null,
    "creation_utc_time": null,
    "destination_ip": null,
    "destination_port": null,
    "source_ip": null,
    "source_port": null,
    "protocol": null,
    "target_object": null,
    "details": null
  },
  {
    "timestamp": "2026-03-22T06:04:43.515Z",
    "message": "Process Create:\nRuleName: -\nUtcTime: 2026-03-22 06:04:43.511\nProcessGuid: {GUID-REDACTED}\nProcessId: 1584\nImage: C:\\Program Files (x86)\\HOST\\USER\\MicrosoftEdgeUpdate.exe\nFileVersion: 1.3.225.7\nDescription: Microsoft Edge Update\nProduct: Microsoft Edge Update\nCompany: Microsoft Corporation\nOriginalFileName: MicrosoftEdgeUpdate.exe\nCommandLine: \"C:\\Program Files (x86)\\HOST\\USER\\MicrosoftEdgeUpdate.exe\" /ua /installsource scheduler\nCurrentDirectory: C:\\HOST\\USER\\\nUser: NT HOST\\USER\nLogonGuid: {GUID-REDACTED}\nLogonId: 0x3e7\nTerminalSessionId: 0\nIntegrityLevel: System\nHashes: SHA256=F56701783D22D0E17E126D09ACA62B1969259D4B7B00DEDD9A0001C6D1ABEAD2\nParentProcessGuid: {GUID-REDACTED}\nParentProcessId: 1336\nParentImage: C:\\HOST\\USER\\svchost.exe\nParentCommandLine: C:\\HOST\\USER\\svchost.exe -k netsvcs -p -s Schedule\nParentUser: NT HOST\\USER",
    "event_code": "1",
    "event_action": "Process Create (rule: ProcessCreate)",
    "event_kind": "event",
    "provider": "Microsoft-Windows-Sysmon",
    "channel": "Microsoft-Windows-Sysmon/Operational",
    "event_id": "1",
    "record_id": 372,
    "computer_name": "HOST-REDACTED",
    "provider_name": "Microsoft-Windows-Sysmon",
    "log_level": "information",
    "host_name": "HOST-REDACTED",
    "host_hostname": "HOST-REDACTED",
    "host_os": "Windows 11 Pro",
    "agent_type": "winlogbeat",
    "agent_version": "9.3.2",
    "process_pid": 1596,
    "raw_event_data": {
      "CurrentDirectory": "C:\\HOST\\USER\\",
      "LogonGuid": "{GUID-REDACTED}",
      "Image": "C:\\Program Files (x86)\\HOST\\USER\\MicrosoftEdgeUpdate.exe",
      "ParentProcessGuid": "{GUID-REDACTED}",
      "UtcTime": "2026-03-22 06:04:43.511",
      "ParentCommandLine": "C:\\HOST\\USER\\svchost.exe -k netsvcs -p -s Schedule",
      "RuleName": "-",
      "ParentUser": "NT HOST\\USER",
      "ParentProcessId": "1336",
      "Product": "Microsoft Edge Update",
      "ProcessId": "1584",
      "LogonId": "0x3e7",
      "ProcessGuid": "{GUID-REDACTED}",
      "TerminalSessionId": "0",
      "Hashes": "SHA256=F56701783D22D0E17E126D09ACA62B1969259D4B7B00DEDD9A0001C6D1ABEAD2",
      "OriginalFileName": "MicrosoftEdgeUpdate.exe",
      "IntegrityLevel": "System",
      "Company": "Microsoft Corporation",
      "User": "USER-REDACTED",
      "Description": "Microsoft Edge Update",
      "CommandLine": "\"C:\\Program Files (x86)\\HOST\\USER\\MicrosoftEdgeUpdate.exe\" /ua /installsource scheduler",
      "ParentImage": "C:\\HOST\\USER\\svchost.exe",
      "FileVersion": "1.3.225.7"
    },
    "raw": {
      "@timestamp": "2026-03-22T06:04:43.515Z",
      "log": {
        "level": "information"
      },
      "message": "Process Create:\nRuleName: -\nUtcTime: 2026-03-22 06:04:43.511\nProcessGuid: {GUID-REDACTED}\nProcessId: 1584\nImage: C:\\Program Files (x86)\\HOST\\USER\\MicrosoftEdgeUpdate.exe\nFileVersion: 1.3.225.7\nDescription: Microsoft Edge Update\nProduct: Microsoft Edge Update\nCompany: Microsoft Corporation\nOriginalFileName: MicrosoftEdgeUpdate.exe\nCommandLine: \"C:\\Program Files (x86)\\HOST\\USER\\MicrosoftEdgeUpdate.exe\" /ua /installsource scheduler\nCurrentDirectory: C:\\HOST\\USER\\\nUser: NT HOST\\USER\nLogonGuid: {GUID-REDACTED}\nLogonId: 0x3e7\nTerminalSessionId: 0\nIntegrityLevel: System\nHashes: SHA256=F56701783D22D0E17E126D09ACA62B1969259D4B7B00DEDD9A0001C6D1ABEAD2\nParentProcessGuid: {GUID-REDACTED}\nParentProcessId: 1336\nParentImage: C:\\HOST\\USER\\svchost.exe\nParentCommandLine: C:\\HOST\\USER\\svchost.exe -k netsvcs -p -s Schedule\nParentUser: NT HOST\\USER",
      "host": {
        "architecture": "x86_64",
        "name": "HOST-REDACTED",
        "id": "4c1ea299-cc74-49b5-ac0a-1138d9d08387",
        "os": {
          "type": "windows",
          "name": "Windows 11 Pro",
          "kernel": "10.0.26100.8036 (WinBuild.160101.0800)",
          "version": "10.0",
          "family": "windows",
          "build": "26200.8037",
          "platform": "windows"
        },
        "ip": [
          "fe80::1eac:376c:1bd5:f979",
          "IP-REDACTED"
        ],
        "mac": [
          "MAC-REDACTED"
        ],
        "hostname": "HOST-REDACTED"
      },
      "ecs": {
        "version": "8.0.0"
      },
      "@version": "1",
      "winlog": {
        "version": 5,
        "user": {
          "type": "Well Known Group",
          "name": "SYSTEM",
          "domain": "NT AUTHORITY",
          "identifier": "S-1-5-XX-REDACTED"
        },
        "event_id": "1",
        "record_id": 372,
        "provider_guid": "{GUID-REDACTED}",
        "channel": "Microsoft-Windows-Sysmon/Operational",
        "task": "Process Create (rule: ProcessCreate)",
        "opcode": "Info",
        "process": {
          "thread": {
            "id": 1304
          },
          "pid": 1596
        },
        "computer_name": "HOST-REDACTED",
        "provider_name": "Microsoft-Windows-Sysmon",
        "event_data": {
          "CurrentDirectory": "C:\\HOST\\USER\\",
          "LogonGuid": "{GUID-REDACTED}",
          "Image": "C:\\Program Files (x86)\\HOST\\USER\\MicrosoftEdgeUpdate.exe",
          "ParentProcessGuid": "{GUID-REDACTED}",
          "UtcTime": "2026-03-22 06:04:43.511",
          "ParentCommandLine": "C:\\HOST\\USER\\svchost.exe -k netsvcs -p -s Schedule",
          "RuleName": "-",
          "ParentUser": "NT HOST\\USER",
          "ParentProcessId": "1336",
          "Product": "Microsoft Edge Update",
          "ProcessId": "1584",
          "LogonId": "0x3e7",
          "ProcessGuid": "{GUID-REDACTED}",
          "TerminalSessionId": "0",
          "Hashes": "SHA256=F56701783D22D0E17E126D09ACA62B1969259D4B7B00DEDD9A0001C6D1ABEAD2",
          "OriginalFileName": "MicrosoftEdgeUpdate.exe",
          "IntegrityLevel": "System",
          "Company": "Microsoft Corporation",
          "User": "USER-REDACTED",
          "Description": "Microsoft Edge Update",
          "CommandLine": "\"C:\\Program Files (x86)\\HOST\\USER\\MicrosoftEdgeUpdate.exe\" /ua /installsource scheduler",
          "ParentImage": "C:\\HOST\\USER\\svchost.exe",
          "FileVersion": "1.3.225.7"
        }
      },
      "tags": [
        "beats_input_codec_plain_applied"
      ],
      "agent": {
        "type": "winlogbeat",
        "id": "e914dd33-e7be-4a91-b774-394d715855f5",
        "name": "HOST-REDACTED",
        "version": "9.3.2",
        "ephemeral_id": "b8267783-8d43-4086-8074-c2f96b9f9dae"
      },
      "event": {
        "kind": "event",
        "created": "2026-03-29T09:11:41.475Z",
        "action": "Process Create (rule: ProcessCreate)",
        "code": "1",
        "original": "Process Create:\nRuleName: -\nUtcTime: 2026-03-22 06:04:43.511\nProcessGuid: {GUID-REDACTED}\nProcessId: 1584\nImage: C:\\Program Files (x86)\\HOST\\USER\\MicrosoftEdgeUpdate.exe\nFileVersion: 1.3.225.7\nDescription: Microsoft Edge Update\nProduct: Microsoft Edge Update\nCompany: Microsoft Corporation\nOriginalFileName: MicrosoftEdgeUpdate.exe\nCommandLine: \"C:\\Program Files (x86)\\HOST\\USER\\MicrosoftEdgeUpdate.exe\" /ua /installsource scheduler\nCurrentDirectory: C:\\HOST\\USER\\\nUser: NT HOST\\USER\nLogonGuid: {GUID-REDACTED}\nLogonId: 0x3e7\nTerminalSessionId: 0\nIntegrityLevel: System\nHashes: SHA256=F56701783D22D0E17E126D09ACA62B1969259D4B7B00DEDD9A0001C6D1ABEAD2\nParentProcessGuid: {GUID-REDACTED}\nParentProcessId: 1336\nParentImage: C:\\HOST\\USER\\svchost.exe\nParentCommandLine: C:\\HOST\\USER\\svchost.exe -k netsvcs -p -s Schedule\nParentUser: NT HOST\\USER",
        "provider": "Microsoft-Windows-Sysmon"
      }
    },
    "parsed_type": "sysmon",
    "event_type_name": "ProcessCreate",
    "process_guid": "{GUID-REDACTED}",
    "process_id": "1584",
    "image": "C:\\Program Files (x86)\\HOST\\USER\\MicrosoftEdgeUpdate.exe",
    "command_line": "\"C:\\Program Files (x86)\\HOST\\USER\\MicrosoftEdgeUpdate.exe\" /ua /installsource scheduler",
    "current_directory": "C:\\HOST\\USER\\",
    "user": "USER-REDACTED",
    "logon_guid": "{GUID-REDACTED}",
    "logon_id": "0x3e7",
    "terminal_session_id": "0",
    "integrity_level": "System",
    "hashes": "SHA256=F56701783D22D0E17E126D09ACA62B1969259D4B7B00DEDD9A0001C6D1ABEAD2",
    "parent_process_guid": "{GUID-REDACTED}",
    "parent_process_id": "1336",
    "parent_image": "C:\\HOST\\USER\\svchost.exe",
    "parent_command_line": "C:\\HOST\\USER\\svchost.exe -k netsvcs -p -s Schedule",
    "target_filename": null,
    "creation_utc_time": null,
    "destination_ip": null,
    "destination_port": null,
    "source_ip": null,
    "source_port": null,
    "protocol": null,
    "target_object": null,
    "details": null
  },
  {
    "timestamp": "2026-03-22T06:05:29.878Z",
    "message": "Process Create:\nRuleName: -\nUtcTime: 2026-03-22 06:05:29.876\nProcessGuid: {GUID-REDACTED}\nProcessId: 9660\nImage: C:\\HOST\\USER\\UsoClient.exe\nFileVersion: 10.0.26100.7309 (WinBuild.160101.0800)\nDescription: UsoClient\nProduct: Microsoft® Windows® Operating System\nCompany: Microsoft Corporation\nOriginalFileName: UsoClient\nCommandLine: \"C:\\HOST\\USER\\usoclient.exe\" StartWork\nCurrentDirectory: C:\\HOST\\USER\\\nUser: NT HOST\\USER\nLogonGuid: {GUID-REDACTED}\nLogonId: 0x3e7\nTerminalSessionId: 0\nIntegrityLevel: System\nHashes: SHA256=E0E39B5519C29787772C008887ACEA2E9A7BF51E85733BF471C1505F5A30979F\nParentProcessGuid: {GUID-REDACTED}\nParentProcessId: 1336\nParentImage: C:\\HOST\\USER\\svchost.exe\nParentCommandLine: C:\\HOST\\USER\\svchost.exe -k netsvcs -p -s Schedule\nParentUser: NT HOST\\USER",
    "event_code": "1",
    "event_action": "Process Create (rule: ProcessCreate)",
    "event_kind": "event",
    "provider": "Microsoft-Windows-Sysmon",
    "channel": "Microsoft-Windows-Sysmon/Operational",
    "event_id": "1",
    "record_id": 375,
    "computer_name": "HOST-REDACTED",
    "provider_name": "Microsoft-Windows-Sysmon",
    "log_level": "information",
    "host_name": "HOST-REDACTED",
    "host_hostname": "HOST-REDACTED",
    "host_os": "Windows 11 Pro",
    "agent_type": "winlogbeat",
    "agent_version": "9.3.2",
    "process_pid": 1596,
    "raw_event_data": {
      "CurrentDirectory": "C:\\HOST\\USER\\",
      "LogonGuid": "{GUID-REDACTED}",
      "Image": "C:\\HOST\\USER\\UsoClient.exe",
      "UtcTime": "2026-03-22 06:05:29.876",
      "ParentProcessGuid": "{GUID-REDACTED}",
      "ParentCommandLine": "C:\\HOST\\USER\\svchost.exe -k netsvcs -p -s Schedule",
      "RuleName": "-",
      "ParentUser": "NT HOST\\USER",
      "Product": "Microsoft® Windows® Operating System",
      "ParentProcessId": "1336",
      "ProcessId": "9660",
      "LogonId": "0x3e7",
      "ProcessGuid": "{GUID-REDACTED}",
      "TerminalSessionId": "0",
      "Hashes": "SHA256=E0E39B5519C29787772C008887ACEA2E9A7BF51E85733BF471C1505F5A30979F",
      "OriginalFileName": "UsoClient",
      "IntegrityLevel": "System",
      "Company": "Microsoft Corporation",
      "User": "USER-REDACTED",
      "Description": "UsoClient",
      "CommandLine": "\"C:\\HOST\\USER\\usoclient.exe\" StartWork",
      "ParentImage": "C:\\HOST\\USER\\svchost.exe",
      "FileVersion": "10.0.26100.7309 (WinBuild.160101.0800)"
    },
    "raw": {
      "@timestamp": "2026-03-22T06:05:29.878Z",
      "ecs": {
        "version": "8.0.0"
      },
      "message": "Process Create:\nRuleName: -\nUtcTime: 2026-03-22 06:05:29.876\nProcessGuid: {GUID-REDACTED}\nProcessId: 9660\nImage: C:\\HOST\\USER\\UsoClient.exe\nFileVersion: 10.0.26100.7309 (WinBuild.160101.0800)\nDescription: UsoClient\nProduct: Microsoft® Windows® Operating System\nCompany: Microsoft Corporation\nOriginalFileName: UsoClient\nCommandLine: \"C:\\HOST\\USER\\usoclient.exe\" StartWork\nCurrentDirectory: C:\\HOST\\USER\\\nUser: NT HOST\\USER\nLogonGuid: {GUID-REDACTED}\nLogonId: 0x3e7\nTerminalSessionId: 0\nIntegrityLevel: System\nHashes: SHA256=E0E39B5519C29787772C008887ACEA2E9A7BF51E85733BF471C1505F5A30979F\nParentProcessGuid: {GUID-REDACTED}\nParentProcessId: 1336\nParentImage: C:\\HOST\\USER\\svchost.exe\nParentCommandLine: C:\\HOST\\USER\\svchost.exe -k netsvcs -p -s Schedule\nParentUser: NT HOST\\USER",
      "log": {
        "level": "information"
      },
      "host": {
        "architecture": "x86_64",
        "id": "4c1ea299-cc74-49b5-ac0a-1138d9d08387",
        "ip": [
          "fe80::1eac:376c:1bd5:f979",
          "IP-REDACTED"
        ],
        "os": {
          "type": "windows",
          "version": "10.0",
          "name": "Windows 11 Pro",
          "kernel": "10.0.26100.8036 (WinBuild.160101.0800)",
          "family": "windows",
          "build": "26200.8037",
          "platform": "windows"
        },
        "name": "HOST-REDACTED",
        "mac": [
          "MAC-REDACTED"
        ],
        "hostname": "HOST-REDACTED"
      },
      "@version": "1",
      "winlog": {
        "version": 5,
        "user": {
          "type": "Well Known Group",
          "name": "SYSTEM",
          "domain": "NT AUTHORITY",
          "identifier": "S-1-5-XX-REDACTED"
        },
        "event_id": "1",
        "record_id": 375,
        "provider_guid": "{GUID-REDACTED}",
        "channel": "Microsoft-Windows-Sysmon/Operational",
        "task": "Process Create (rule: ProcessCreate)",
        "opcode": "Info",
        "computer_name": "HOST-REDACTED",
        "process": {
          "thread": {
            "id": 1304
          },
          "pid": 1596
        },
        "provider_name": "Microsoft-Windows-Sysmon",
        "event_data": {
          "CurrentDirectory": "C:\\HOST\\USER\\",
          "LogonGuid": "{GUID-REDACTED}",
          "Image": "C:\\HOST\\USER\\UsoClient.exe",
          "UtcTime": "2026-03-22 06:05:29.876",
          "ParentProcessGuid": "{GUID-REDACTED}",
          "ParentCommandLine": "C:\\HOST\\USER\\svchost.exe -k netsvcs -p -s Schedule",
          "RuleName": "-",
          "ParentUser": "NT HOST\\USER",
          "Product": "Microsoft® Windows® Operating System",
          "ParentProcessId": "1336",
          "ProcessId": "9660",
          "LogonId": "0x3e7",
          "ProcessGuid": "{GUID-REDACTED}",
          "TerminalSessionId": "0",
          "Hashes": "SHA256=E0E39B5519C29787772C008887ACEA2E9A7BF51E85733BF471C1505F5A30979F",
          "OriginalFileName": "UsoClient",
          "IntegrityLevel": "System",
          "Company": "Microsoft Corporation",
          "User": "USER-REDACTED",
          "Description": "UsoClient",
          "CommandLine": "\"C:\\HOST\\USER\\usoclient.exe\" StartWork",
          "ParentImage": "C:\\HOST\\USER\\svchost.exe",
          "FileVersion": "10.0.26100.7309 (WinBuild.160101.0800)"
        }
      },
      "tags": [
        "beats_input_codec_plain_applied"
      ],
      "agent": {
        "type": "winlogbeat",
        "version": "9.3.2",
        "id": "e914dd33-e7be-4a91-b774-394d715855f5",
        "ephemeral_id": "b8267783-8d43-4086-8074-c2f96b9f9dae",
        "name": "HOST-REDACTED"
      },
      "event": {
        "kind": "event",
        "created": "2026-03-29T09:11:41.510Z",
        "code": "1",
        "action": "Process Create (rule: ProcessCreate)",
        "original": "Process Create:\nRuleName: -\nUtcTime: 2026-03-22 06:05:29.876\nProcessGuid: {GUID-REDACTED}\nProcessId: 9660\nImage: C:\\HOST\\USER\\UsoClient.exe\nFileVersion: 10.0.26100.7309 (WinBuild.160101.0800)\nDescription: UsoClient\nProduct: Microsoft® Windows® Operating System\nCompany: Microsoft Corporation\nOriginalFileName: UsoClient\nCommandLine: \"C:\\HOST\\USER\\usoclient.exe\" StartWork\nCurrentDirectory: C:\\HOST\\USER\\\nUser: NT HOST\\USER\nLogonGuid: {GUID-REDACTED}\nLogonId: 0x3e7\nTerminalSessionId: 0\nIntegrityLevel: System\nHashes: SHA256=E0E39B5519C29787772C008887ACEA2E9A7BF51E85733BF471C1505F5A30979F\nParentProcessGuid: {GUID-REDACTED}\nParentProcessId: 1336\nParentImage: C:\\HOST\\USER\\svchost.exe\nParentCommandLine: C:\\HOST\\USER\\svchost.exe -k netsvcs -p -s Schedule\nParentUser: NT HOST\\USER",
        "provider": "Microsoft-Windows-Sysmon"
      }
    },
    "parsed_type": "sysmon",
    "event_type_name": "ProcessCreate",
    "process_guid": "{GUID-REDACTED}",
    "process_id": "9660",
    "image": "C:\\HOST\\USER\\UsoClient.exe",
    "command_line": "\"C:\\HOST\\USER\\usoclient.exe\" StartWork",
    "current_directory": "C:\\HOST\\USER\\",
    "user": "USER-REDACTED",
    "logon_guid": "{GUID-REDACTED}",
    "logon_id": "0x3e7",
    "terminal_session_id": "0",
    "integrity_level": "System",
    "hashes": "SHA256=E0E39B5519C29787772C008887ACEA2E9A7BF51E85733BF471C1505F5A30979F",
    "parent_process_guid": "{GUID-REDACTED}",
    "parent_process_id": "1336",
    "parent_image": "C:\\HOST\\USER\\svchost.exe",
    "parent_command_line": "C:\\HOST\\USER\\svchost.exe -k netsvcs -p -s Schedule",
    "target_filename": null,
    "creation_utc_time": null,
    "destination_ip": null,
    "destination_port": null,
    "source_ip": null,
    "source_port": null,
    "protocol": null,
    "target_object": null,
    "details": null
  },
