  {
    "timestamp": "2026-03-22T06:05:45.080Z",
    "message": "Process Create:\nRuleName: -\nUtcTime: 2026-03-22 06:05:45.075\nProcessGuid: {GUID-REDACTED}\nProcessId: 1004\nImage: C:\\HOST\\USER\\wermgr.exe\nFileVersion: 10.0.26100.7920 (WinBuild.160101.0800)\nDescription: Windows Problem Reporting\nProduct: Microsoft® Windows® Operating System\nCompany: Microsoft Corporation\nOriginalFileName: WerMgr\nCommandLine: \"C:\\HOST\\USER\\wermgr.exe\" -upload\nCurrentDirectory: C:\\HOST\\USER\\\nUser: NT HOST\\USER\nLogonGuid: {GUID-REDACTED}\nLogonId: 0x3e7\nTerminalSessionId: 0\nIntegrityLevel: System\nHashes: SHA256=CCEBA2B2C38408DBB1D5367C8F62EEFBC24B5693B463479BC89F93DCF4E42B89\nParentProcessGuid: {GUID-REDACTED}\nParentProcessId: 1336\nParentImage: C:\\HOST\\USER\\svchost.exe\nParentCommandLine: C:\\HOST\\USER\\svchost.exe -k netsvcs -p -s Schedule\nParentUser: NT HOST\\USER",
    "event_code": "1",
    "event_action": "Process Create (rule: ProcessCreate)",
    "event_kind": "event",
    "provider": "Microsoft-Windows-Sysmon",
    "channel": "Microsoft-Windows-Sysmon/Operational",
    "event_id": "1",
    "record_id": 396,
    "computer_name": "HOST-REDACTED",
    "provider_name": "Microsoft-Windows-Sysmon",
    "log_level": "information",
    "host_name": "HOST-REDACTED",
    "host_hostname": "HOST-REDACTED",
    "host_os": "Windows 11 Pro",
    "agent_type": "winlogbeat",
    "agent_version": "9.3.2",
    "process_pid": 1596,
    "raw_event_data": {
      "CurrentDirectory": "C:\\HOST\\USER\\",
      "LogonGuid": "{GUID-REDACTED}",
      "Image": "C:\\HOST\\USER\\wermgr.exe",
      "ParentProcessGuid": "{GUID-REDACTED}",
      "UtcTime": "2026-03-22 06:05:45.075",
      "ParentCommandLine": "C:\\HOST\\USER\\svchost.exe -k netsvcs -p -s Schedule",
      "RuleName": "-",
      "ParentUser": "NT HOST\\USER",
      "Product": "Microsoft® Windows® Operating System",
      "ParentProcessId": "1336",
      "ProcessId": "1004",
      "LogonId": "0x3e7",
      "ProcessGuid": "{GUID-REDACTED}",
      "TerminalSessionId": "0",
      "Hashes": "SHA256=CCEBA2B2C38408DBB1D5367C8F62EEFBC24B5693B463479BC89F93DCF4E42B89",
      "OriginalFileName": "WerMgr",
      "IntegrityLevel": "System",
      "Company": "Microsoft Corporation",
      "User": "USER-REDACTED",
      "Description": "Windows Problem Reporting",
      "CommandLine": "\"C:\\HOST\\USER\\wermgr.exe\" -upload",
      "ParentImage": "C:\\HOST\\USER\\svchost.exe",
      "FileVersion": "10.0.26100.7920 (WinBuild.160101.0800)"
    },
    "raw": {
      "@timestamp": "2026-03-22T06:05:45.080Z",
      "ecs": {
        "version": "8.0.0"
      },
      "message": "Process Create:\nRuleName: -\nUtcTime: 2026-03-22 06:05:45.075\nProcessGuid: {GUID-REDACTED}\nProcessId: 1004\nImage: C:\\HOST\\USER\\wermgr.exe\nFileVersion: 10.0.26100.7920 (WinBuild.160101.0800)\nDescription: Windows Problem Reporting\nProduct: Microsoft® Windows® Operating System\nCompany: Microsoft Corporation\nOriginalFileName: WerMgr\nCommandLine: \"C:\\HOST\\USER\\wermgr.exe\" -upload\nCurrentDirectory: C:\\HOST\\USER\\\nUser: NT HOST\\USER\nLogonGuid: {GUID-REDACTED}\nLogonId: 0x3e7\nTerminalSessionId: 0\nIntegrityLevel: System\nHashes: SHA256=CCEBA2B2C38408DBB1D5367C8F62EEFBC24B5693B463479BC89F93DCF4E42B89\nParentProcessGuid: {GUID-REDACTED}\nParentProcessId: 1336\nParentImage: C:\\HOST\\USER\\svchost.exe\nParentCommandLine: C:\\HOST\\USER\\svchost.exe -k netsvcs -p -s Schedule\nParentUser: NT HOST\\USER",
      "log": {
        "level": "information"
      },
      "host": {
        "architecture": "x86_64",
        "name": "HOST-REDACTED",
        "id": "4c1ea299-cc74-49b5-ac0a-1138d9d08387",
        "os": {
          "type": "windows",
          "version": "10.0",
          "name": "Windows 11 Pro",
          "kernel": "10.0.26100.8036 (WinBuild.160101.0800)",
          "family": "windows",
          "build": "26200.8037",
          "platform": "windows"
        },
        "ip": [
          "fe80::1eac:376c:1bd5:f979",
          "IP-REDACTED"
        ],
        "mac": [
          "MAC-REDACTED"
        ],
        "hostname": "HOST-REDACTED"
      },
      "@version": "1",
      "winlog": {
        "version": 5,
        "user": {
          "type": "Well Known Group",
          "name": "SYSTEM",
          "domain": "NT AUTHORITY",
          "identifier": "S-1-5-XX-REDACTED"
        },
        "event_id": "1",
        "record_id": 396,
        "provider_guid": "{GUID-REDACTED}",
        "channel": "Microsoft-Windows-Sysmon/Operational",
        "task": "Process Create (rule: ProcessCreate)",
        "opcode": "Info",
        "computer_name": "HOST-REDACTED",
        "process": {
          "thread": {
            "id": 1304
          },
          "pid": 1596
        },
        "provider_name": "Microsoft-Windows-Sysmon",
        "event_data": {
          "CurrentDirectory": "C:\\HOST\\USER\\",
          "LogonGuid": "{GUID-REDACTED}",
          "Image": "C:\\HOST\\USER\\wermgr.exe",
          "ParentProcessGuid": "{GUID-REDACTED}",
          "UtcTime": "2026-03-22 06:05:45.075",
          "ParentCommandLine": "C:\\HOST\\USER\\svchost.exe -k netsvcs -p -s Schedule",
          "RuleName": "-",
          "ParentUser": "NT HOST\\USER",
          "Product": "Microsoft® Windows® Operating System",
          "ParentProcessId": "1336",
          "ProcessId": "1004",
          "LogonId": "0x3e7",
          "ProcessGuid": "{GUID-REDACTED}",
          "TerminalSessionId": "0",
          "Hashes": "SHA256=CCEBA2B2C38408DBB1D5367C8F62EEFBC24B5693B463479BC89F93DCF4E42B89",
          "OriginalFileName": "WerMgr",
          "IntegrityLevel": "System",
          "Company": "Microsoft Corporation",
          "User": "USER-REDACTED",
          "Description": "Windows Problem Reporting",
          "CommandLine": "\"C:\\HOST\\USER\\wermgr.exe\" -upload",
          "ParentImage": "C:\\HOST\\USER\\svchost.exe",
          "FileVersion": "10.0.26100.7920 (WinBuild.160101.0800)"
        }
      },
      "tags": [
        "beats_input_codec_plain_applied"
      ],
      "agent": {
        "type": "winlogbeat",
        "id": "e914dd33-e7be-4a91-b774-394d715855f5",
        "name": "HOST-REDACTED",
        "ephemeral_id": "b8267783-8d43-4086-8074-c2f96b9f9dae",
        "version": "9.3.2"
      },
      "event": {
        "kind": "event",
        "created": "2026-03-29T09:11:41.531Z",
        "code": "1",
        "action": "Process Create (rule: ProcessCreate)",
        "original": "Process Create:\nRuleName: -\nUtcTime: 2026-03-22 06:05:45.075\nProcessGuid: {GUID-REDACTED}\nProcessId: 1004\nImage: C:\\HOST\\USER\\wermgr.exe\nFileVersion: 10.0.26100.7920 (WinBuild.160101.0800)\nDescription: Windows Problem Reporting\nProduct: Microsoft® Windows® Operating System\nCompany: Microsoft Corporation\nOriginalFileName: WerMgr\nCommandLine: \"C:\\HOST\\USER\\wermgr.exe\" -upload\nCurrentDirectory: C:\\HOST\\USER\\\nUser: NT HOST\\USER\nLogonGuid: {GUID-REDACTED}\nLogonId: 0x3e7\nTerminalSessionId: 0\nIntegrityLevel: System\nHashes: SHA256=CCEBA2B2C38408DBB1D5367C8F62EEFBC24B5693B463479BC89F93DCF4E42B89\nParentProcessGuid: {GUID-REDACTED}\nParentProcessId: 1336\nParentImage: C:\\HOST\\USER\\svchost.exe\nParentCommandLine: C:\\HOST\\USER\\svchost.exe -k netsvcs -p -s Schedule\nParentUser: NT HOST\\USER",
        "provider": "Microsoft-Windows-Sysmon"
      }
    },
    "parsed_type": "sysmon",
    "event_type_name": "ProcessCreate",
    "process_guid": "{GUID-REDACTED}",
    "process_id": "1004",
    "image": "C:\\HOST\\USER\\wermgr.exe",
    "command_line": "\"C:\\HOST\\USER\\wermgr.exe\" -upload",
    "current_directory": "C:\\HOST\\USER\\",
    "user": "USER-REDACTED",
    "logon_guid": "{GUID-REDACTED}",
    "logon_id": "0x3e7",
    "terminal_session_id": "0",
    "integrity_level": "System",
    "hashes": "SHA256=CCEBA2B2C38408DBB1D5367C8F62EEFBC24B5693B463479BC89F93DCF4E42B89",
    "parent_process_guid": "{GUID-REDACTED}",
    "parent_process_id": "1336",
    "parent_image": "C:\\HOST\\USER\\svchost.exe",
    "parent_command_line": "C:\\HOST\\USER\\svchost.exe -k netsvcs -p -s Schedule",
    "target_filename": null,
    "creation_utc_time": null,
    "destination_ip": null,
    "destination_port": null,
    "source_ip": null,
    "source_port": null,
    "protocol": null,
    "target_object": null,
    "details": null
  },
  {
    "timestamp": "2026-03-22T06:06:19.747Z",
    "message": "Process Create:\nRuleName: -\nUtcTime: 2026-03-22 06:06:19.743\nProcessGuid: {GUID-REDACTED}\nProcessId: 2916\nImage: C:\\HOST\\USER\\DeviceCensus.exe\nFileVersion: 10.0.26100.7920 (WinBuild.160101.0800)\nDescription: Device Census\nProduct: Microsoft® Windows® Operating System\nCompany: Microsoft Corporation\nOriginalFileName: DeviceCensus.exe\nCommandLine: \"C:\\HOST\\USER\\devicecensus.exe\" UserCxt\nCurrentDirectory: C:\\HOST\\USER\\\nUser: HOST\\USER\nLogonGuid: {GUID-REDACTED}\nLogonId: 0x22f6e2\nTerminalSessionId: 2\nIntegrityLevel: Medium\nHashes: SHA256=5E3E2F1F4165FD02EE921FA0021D6903F0A2F6488229A84394586482151A5A43\nParentProcessGuid: {GUID-REDACTED}\nParentProcessId: 1336\nParentImage: C:\\HOST\\USER\\svchost.exe\nParentCommandLine: C:\\HOST\\USER\\svchost.exe -k netsvcs -p -s Schedule\nParentUser: NT HOST\\USER",
    "event_code": "1",
    "event_action": "Process Create (rule: ProcessCreate)",
    "event_kind": "event",
    "provider": "Microsoft-Windows-Sysmon",
    "channel": "Microsoft-Windows-Sysmon/Operational",
    "event_id": "1",
    "record_id": 401,
    "computer_name": "HOST-REDACTED",
    "provider_name": "Microsoft-Windows-Sysmon",
    "log_level": "information",
    "host_name": "HOST-REDACTED",
    "host_hostname": "HOST-REDACTED",
    "host_os": "Windows 11 Pro",
    "agent_type": "winlogbeat",
    "agent_version": "9.3.2",
    "process_pid": 1596,
    "raw_event_data": {
      "CurrentDirectory": "C:\\HOST\\USER\\",
      "LogonGuid": "{GUID-REDACTED}",
      "Image": "C:\\HOST\\USER\\DeviceCensus.exe",
      "ParentProcessGuid": "{GUID-REDACTED}",
      "UtcTime": "2026-03-22 06:06:19.743",
      "ParentCommandLine": "C:\\HOST\\USER\\svchost.exe -k netsvcs -p -s Schedule",
      "RuleName": "-",
      "ParentUser": "NT HOST\\USER",
      "Product": "Microsoft® Windows® Operating System",
      "ParentProcessId": "1336",
      "ProcessId": "2916",
      "LogonId": "0x22f6e2",
      "ProcessGuid": "{GUID-REDACTED}",
      "TerminalSessionId": "2",
      "Hashes": "SHA256=5E3E2F1F4165FD02EE921FA0021D6903F0A2F6488229A84394586482151A5A43",
      "OriginalFileName": "DeviceCensus.exe",
      "IntegrityLevel": "Medium",
      "Company": "Microsoft Corporation",
      "User": "USER-REDACTED",
      "CommandLine": "\"C:\\HOST\\USER\\devicecensus.exe\" UserCxt",
      "Description": "Device Census",
      "ParentImage": "C:\\HOST\\USER\\svchost.exe",
      "FileVersion": "10.0.26100.7920 (WinBuild.160101.0800)"
    },
    "raw": {
      "@timestamp": "2026-03-22T06:06:19.747Z",
      "message": "Process Create:\nRuleName: -\nUtcTime: 2026-03-22 06:06:19.743\nProcessGuid: {GUID-REDACTED}\nProcessId: 2916\nImage: C:\\HOST\\USER\\DeviceCensus.exe\nFileVersion: 10.0.26100.7920 (WinBuild.160101.0800)\nDescription: Device Census\nProduct: Microsoft® Windows® Operating System\nCompany: Microsoft Corporation\nOriginalFileName: DeviceCensus.exe\nCommandLine: \"C:\\HOST\\USER\\devicecensus.exe\" UserCxt\nCurrentDirectory: C:\\HOST\\USER\\\nUser: HOST\\USER\nLogonGuid: {GUID-REDACTED}\nLogonId: 0x22f6e2\nTerminalSessionId: 2\nIntegrityLevel: Medium\nHashes: SHA256=5E3E2F1F4165FD02EE921FA0021D6903F0A2F6488229A84394586482151A5A43\nParentProcessGuid: {GUID-REDACTED}\nParentProcessId: 1336\nParentImage: C:\\HOST\\USER\\svchost.exe\nParentCommandLine: C:\\HOST\\USER\\svchost.exe -k netsvcs -p -s Schedule\nParentUser: NT HOST\\USER",
      "log": {
        "level": "information"
      },
      "host": {
        "architecture": "x86_64",
        "name": "HOST-REDACTED",
        "ip": [
          "fe80::1eac:376c:1bd5:f979",
          "IP-REDACTED"
        ],
        "os": {
          "type": "windows",
          "version": "10.0",
          "name": "Windows 11 Pro",
          "kernel": "10.0.26100.8036 (WinBuild.160101.0800)",
          "family": "windows",
          "build": "26200.8037",
          "platform": "windows"
        },
        "id": "4c1ea299-cc74-49b5-ac0a-1138d9d08387",
        "mac": [
          "MAC-REDACTED"
        ],
        "hostname": "HOST-REDACTED"
      },
      "ecs": {
        "version": "8.0.0"
      },
      "@version": "1",
      "winlog": {
        "version": 5,
        "user": {
          "type": "Well Known Group",
          "name": "SYSTEM",
          "domain": "NT AUTHORITY",
          "identifier": "S-1-5-XX-REDACTED"
        },
        "event_id": "1",
        "record_id": 401,
        "provider_guid": "{GUID-REDACTED}",
        "channel": "Microsoft-Windows-Sysmon/Operational",
        "task": "Process Create (rule: ProcessCreate)",
        "opcode": "Info",
        "computer_name": "HOST-REDACTED",
        "process": {
          "thread": {
            "id": 1304
          },
          "pid": 1596
        },
        "provider_name": "Microsoft-Windows-Sysmon",
        "event_data": {
          "CurrentDirectory": "C:\\HOST\\USER\\",
          "LogonGuid": "{GUID-REDACTED}",
          "Image": "C:\\HOST\\USER\\DeviceCensus.exe",
          "ParentProcessGuid": "{GUID-REDACTED}",
          "UtcTime": "2026-03-22 06:06:19.743",
          "ParentCommandLine": "C:\\HOST\\USER\\svchost.exe -k netsvcs -p -s Schedule",
          "RuleName": "-",
          "ParentUser": "NT HOST\\USER",
          "Product": "Microsoft® Windows® Operating System",
          "ParentProcessId": "1336",
          "ProcessId": "2916",
          "LogonId": "0x22f6e2",
          "ProcessGuid": "{GUID-REDACTED}",
          "TerminalSessionId": "2",
          "Hashes": "SHA256=5E3E2F1F4165FD02EE921FA0021D6903F0A2F6488229A84394586482151A5A43",
          "OriginalFileName": "DeviceCensus.exe",
          "IntegrityLevel": "Medium",
          "Company": "Microsoft Corporation",
          "User": "USER-REDACTED",
          "CommandLine": "\"C:\\HOST\\USER\\devicecensus.exe\" UserCxt",
          "Description": "Device Census",
          "ParentImage": "C:\\HOST\\USER\\svchost.exe",
          "FileVersion": "10.0.26100.7920 (WinBuild.160101.0800)"
        }
      },
      "tags": [
        "beats_input_codec_plain_applied"
      ],
      "agent": {
        "type": "winlogbeat",
        "version": "9.3.2",
        "id": "e914dd33-e7be-4a91-b774-394d715855f5",
        "ephemeral_id": "b8267783-8d43-4086-8074-c2f96b9f9dae",
        "name": "HOST-REDACTED"
      },
      "event": {
        "kind": "event",
        "created": "2026-03-29T09:11:41.532Z",
        "action": "Process Create (rule: ProcessCreate)",
        "code": "1",
        "original": "Process Create:\nRuleName: -\nUtcTime: 2026-03-22 06:06:19.743\nProcessGuid: {GUID-REDACTED}\nProcessId: 2916\nImage: C:\\HOST\\USER\\DeviceCensus.exe\nFileVersion: 10.0.26100.7920 (WinBuild.160101.0800)\nDescription: Device Census\nProduct: Microsoft® Windows® Operating System\nCompany: Microsoft Corporation\nOriginalFileName: DeviceCensus.exe\nCommandLine: \"C:\\HOST\\USER\\devicecensus.exe\" UserCxt\nCurrentDirectory: C:\\HOST\\USER\\\nUser: HOST\\USER\nLogonGuid: {GUID-REDACTED}\nLogonId: 0x22f6e2\nTerminalSessionId: 2\nIntegrityLevel: Medium\nHashes: SHA256=5E3E2F1F4165FD02EE921FA0021D6903F0A2F6488229A84394586482151A5A43\nParentProcessGuid: {GUID-REDACTED}\nParentProcessId: 1336\nParentImage: C:\\HOST\\USER\\svchost.exe\nParentCommandLine: C:\\HOST\\USER\\svchost.exe -k netsvcs -p -s Schedule\nParentUser: NT HOST\\USER",
        "provider": "Microsoft-Windows-Sysmon"
      }
    },
    "parsed_type": "sysmon",
    "event_type_name": "ProcessCreate",
    "process_guid": "{GUID-REDACTED}",
    "process_id": "2916",
    "image": "C:\\HOST\\USER\\DeviceCensus.exe",
    "command_line": "\"C:\\HOST\\USER\\devicecensus.exe\" UserCxt",
    "current_directory": "C:\\HOST\\USER\\",
    "user": "USER-REDACTED",
    "logon_guid": "{GUID-REDACTED}",
    "logon_id": "0x22f6e2",
    "terminal_session_id": "2",
    "integrity_level": "Medium",
    "hashes": "SHA256=5E3E2F1F4165FD02EE921FA0021D6903F0A2F6488229A84394586482151A5A43",
    "parent_process_guid": "{GUID-REDACTED}",
    "parent_process_id": "1336",
    "parent_image": "C:\\HOST\\USER\\svchost.exe",
    "parent_command_line": "C:\\HOST\\USER\\svchost.exe -k netsvcs -p -s Schedule",
    "target_filename": null,
    "creation_utc_time": null,
    "destination_ip": null,
    "destination_port": null,
    "source_ip": null,
    "source_port": null,
    "protocol": null,
    "target_object": null,
    "details": null
  },
  {
    "timestamp": "2026-03-22T06:06:19.780Z",
    "message": "Process Create:\nRuleName: -\nUtcTime: 2026-03-22 06:06:19.768\nProcessGuid: {GUID-REDACTED}\nProcessId: 2824\nImage: C:\\HOST\\USER\\svchost.exe\nFileVersion: 10.0.26100.7705 (WinBuild.160101.0800)\nDescription: Host Process for Windows Services\nProduct: Microsoft® Windows® Operating System\nCompany: Microsoft Corporation\nOriginalFileName: svchost.exe\nCommandLine: C:\\HOST\\USER\\svchost.exe -k netsvcs -p -s wlidsvc\nCurrentDirectory: C:\\HOST\\USER\\\nUser: NT HOST\\USER\nLogonGuid: {GUID-REDACTED}\nLogonId: 0x3e7\nTerminalSessionId: 0\nIntegrityLevel: System\nHashes: SHA256=44FD6F9347CEED5798A25C47167F335EF085AE4648A81F775DD4BDC6240D8189\nParentProcessGuid: {GUID-REDACTED}\nParentProcessId: 788\nParentImage: C:\\HOST\\USER\\services.exe\nParentCommandLine: C:\\HOST\\USER\\services.exe\nParentUser: NT HOST\\USER",
    "event_code": "1",
    "event_action": "Process Create (rule: ProcessCreate)",
    "event_kind": "event",
    "provider": "Microsoft-Windows-Sysmon",
    "channel": "Microsoft-Windows-Sysmon/Operational",
    "event_id": "1",
    "record_id": 402,
    "computer_name": "HOST-REDACTED",
    "provider_name": "Microsoft-Windows-Sysmon",
    "log_level": "information",
    "host_name": "HOST-REDACTED",
    "host_hostname": "HOST-REDACTED",
    "host_os": "Windows 11 Pro",
    "agent_type": "winlogbeat",
    "agent_version": "9.3.2",
    "process_pid": 1596,
    "raw_event_data": {
      "CurrentDirectory": "C:\\HOST\\USER\\",
      "LogonGuid": "{GUID-REDACTED}",
      "Image": "C:\\HOST\\USER\\svchost.exe",
      "UtcTime": "2026-03-22 06:06:19.768",
      "ParentProcessGuid": "{GUID-REDACTED}",
      "ParentCommandLine": "C:\\HOST\\USER\\services.exe",
      "RuleName": "-",
      "ParentUser": "NT HOST\\USER",
      "ParentProcessId": "788",
      "Product": "Microsoft® Windows® Operating System",
      "ProcessId": "2824",
      "LogonId": "0x3e7",
      "ProcessGuid": "{GUID-REDACTED}",
      "TerminalSessionId": "0",
      "Hashes": "SHA256=44FD6F9347CEED5798A25C47167F335EF085AE4648A81F775DD4BDC6240D8189",
      "OriginalFileName": "svchost.exe",
      "IntegrityLevel": "System",
      "Company": "Microsoft Corporation",
      "User": "USER-REDACTED",
      "CommandLine": "C:\\HOST\\USER\\svchost.exe -k netsvcs -p -s wlidsvc",
      "Description": "Host Process for Windows Services",
      "ParentImage": "C:\\HOST\\USER\\services.exe",
      "FileVersion": "10.0.26100.7705 (WinBuild.160101.0800)"
    },
    "raw": {
      "@timestamp": "2026-03-22T06:06:19.780Z",
      "ecs": {
        "version": "8.0.0"
      },
      "message": "Process Create:\nRuleName: -\nUtcTime: 2026-03-22 06:06:19.768\nProcessGuid: {GUID-REDACTED}\nProcessId: 2824\nImage: C:\\HOST\\USER\\svchost.exe\nFileVersion: 10.0.26100.7705 (WinBuild.160101.0800)\nDescription: Host Process for Windows Services\nProduct: Microsoft® Windows® Operating System\nCompany: Microsoft Corporation\nOriginalFileName: svchost.exe\nCommandLine: C:\\HOST\\USER\\svchost.exe -k netsvcs -p -s wlidsvc\nCurrentDirectory: C:\\HOST\\USER\\\nUser: NT HOST\\USER\nLogonGuid: {GUID-REDACTED}\nLogonId: 0x3e7\nTerminalSessionId: 0\nIntegrityLevel: System\nHashes: SHA256=44FD6F9347CEED5798A25C47167F335EF085AE4648A81F775DD4BDC6240D8189\nParentProcessGuid: {GUID-REDACTED}\nParentProcessId: 788\nParentImage: C:\\HOST\\USER\\services.exe\nParentCommandLine: C:\\HOST\\USER\\services.exe\nParentUser: NT HOST\\USER",
      "log": {
        "level": "information"
      },
      "host": {
        "hostname": "HOST-REDACTED",
        "id": "4c1ea299-cc74-49b5-ac0a-1138d9d08387",
        "ip": [
          "fe80::1eac:376c:1bd5:f979",
          "IP-REDACTED"
        ],
        "os": {
          "type": "windows",
          "version": "10.0",
          "name": "Windows 11 Pro",
          "kernel": "10.0.26100.8036 (WinBuild.160101.0800)",
          "family": "windows",
          "build": "26200.8037",
          "platform": "windows"
        },
        "name": "HOST-REDACTED",
        "mac": [
          "MAC-REDACTED"
        ],
        "architecture": "x86_64"
      },
      "@version": "1",
      "winlog": {
        "version": 5,
        "user": {
          "type": "Well Known Group",
          "name": "SYSTEM",
          "domain": "NT AUTHORITY",
          "identifier": "S-1-5-XX-REDACTED"
        },
        "event_id": "1",
        "record_id": 402,
        "provider_guid": "{GUID-REDACTED}",
        "channel": "Microsoft-Windows-Sysmon/Operational",
        "task": "Process Create (rule: ProcessCreate)",
        "opcode": "Info",
        "computer_name": "HOST-REDACTED",
        "process": {
          "thread": {
            "id": 1304
          },
          "pid": 1596
        },
        "provider_name": "Microsoft-Windows-Sysmon",
        "event_data": {
          "CurrentDirectory": "C:\\HOST\\USER\\",
          "LogonGuid": "{GUID-REDACTED}",
          "Image": "C:\\HOST\\USER\\svchost.exe",
          "UtcTime": "2026-03-22 06:06:19.768",
          "ParentProcessGuid": "{GUID-REDACTED}",
          "ParentCommandLine": "C:\\HOST\\USER\\services.exe",
          "RuleName": "-",
          "ParentUser": "NT HOST\\USER",
          "ParentProcessId": "788",
          "Product": "Microsoft® Windows® Operating System",
          "ProcessId": "2824",
          "LogonId": "0x3e7",
          "ProcessGuid": "{GUID-REDACTED}",
          "TerminalSessionId": "0",
          "Hashes": "SHA256=44FD6F9347CEED5798A25C47167F335EF085AE4648A81F775DD4BDC6240D8189",
          "OriginalFileName": "svchost.exe",
          "IntegrityLevel": "System",
          "Company": "Microsoft Corporation",
          "User": "USER-REDACTED",
          "CommandLine": "C:\\HOST\\USER\\svchost.exe -k netsvcs -p -s wlidsvc",
          "Description": "Host Process for Windows Services",
          "ParentImage": "C:\\HOST\\USER\\services.exe",
          "FileVersion": "10.0.26100.7705 (WinBuild.160101.0800)"
        }
      },
      "tags": [
        "beats_input_codec_plain_applied"
      ],
      "agent": {
        "type": "winlogbeat",
        "id": "e914dd33-e7be-4a91-b774-394d715855f5",
        "name": "HOST-REDACTED",
        "version": "9.3.2",
        "ephemeral_id": "b8267783-8d43-4086-8074-c2f96b9f9dae"
      },
      "event": {
        "kind": "event",
        "created": "2026-03-29T09:11:41.532Z",
        "action": "Process Create (rule: ProcessCreate)",
        "code": "1",
        "original": "Process Create:\nRuleName: -\nUtcTime: 2026-03-22 06:06:19.768\nProcessGuid: {GUID-REDACTED}\nProcessId: 2824\nImage: C:\\HOST\\USER\\svchost.exe\nFileVersion: 10.0.26100.7705 (WinBuild.160101.0800)\nDescription: Host Process for Windows Services\nProduct: Microsoft® Windows® Operating System\nCompany: Microsoft Corporation\nOriginalFileName: svchost.exe\nCommandLine: C:\\HOST\\USER\\svchost.exe -k netsvcs -p -s wlidsvc\nCurrentDirectory: C:\\HOST\\USER\\\nUser: NT HOST\\USER\nLogonGuid: {GUID-REDACTED}\nLogonId: 0x3e7\nTerminalSessionId: 0\nIntegrityLevel: System\nHashes: SHA256=44FD6F9347CEED5798A25C47167F335EF085AE4648A81F775DD4BDC6240D8189\nParentProcessGuid: {GUID-REDACTED}\nParentProcessId: 788\nParentImage: C:\\HOST\\USER\\services.exe\nParentCommandLine: C:\\HOST\\USER\\services.exe\nParentUser: NT HOST\\USER",
        "provider": "Microsoft-Windows-Sysmon"
      }
    },
    "parsed_type": "sysmon",
    "event_type_name": "ProcessCreate",
    "process_guid": "{GUID-REDACTED}",
    "process_id": "2824",
    "image": "C:\\HOST\\USER\\svchost.exe",
    "command_line": "C:\\HOST\\USER\\svchost.exe -k netsvcs -p -s wlidsvc",
    "current_directory": "C:\\HOST\\USER\\",
    "user": "USER-REDACTED",
    "logon_guid": "{GUID-REDACTED}",
    "logon_id": "0x3e7",
    "terminal_session_id": "0",
    "integrity_level": "System",
    "hashes": "SHA256=44FD6F9347CEED5798A25C47167F335EF085AE4648A81F775DD4BDC6240D8189",
    "parent_process_guid": "{GUID-REDACTED}",
    "parent_process_id": "788",
    "parent_image": "C:\\HOST\\USER\\services.exe",
    "parent_command_line": "C:\\HOST\\USER\\services.exe",
    "target_filename": null,
    "creation_utc_time": null,
    "destination_ip": null,
    "destination_port": null,
    "source_ip": null,
    "source_port": null,
    "protocol": null,
    "target_object": null,
    "details": null
  },
  {
    "timestamp": "2026-03-22T06:06:19.785Z",
    "message": "Process Create:\nRuleName: -\nUtcTime: 2026-03-22 06:06:19.771\nProcessGuid: {GUID-REDACTED}\nProcessId: 6552\nImage: C:\\HOST\\USER\\taskhostw.exe\nFileVersion: 10.0.26100.7920 (WinBuild.160101.0800)\nDescription: Host Process for Windows Tasks\nProduct: Microsoft® Windows® Operating System\nCompany: Microsoft Corporation\nOriginalFileName: taskhostw.exe\nCommandLine: taskhostw.exe {GUID-REDACTED}\nCurrentDirectory: C:\\HOST\\USER\\\nUser: NT HOST\\USER\nLogonGuid: {GUID-REDACTED}\nLogonId: 0x3e7\nTerminalSessionId: 0\nIntegrityLevel: System\nHashes: SHA256=5016D2E17347BFFDA32DC91362055E36BC21D9509EC03A4AD76CA84B6BB14182\nParentProcessGuid: {GUID-REDACTED}\nParentProcessId: 1336\nParentImage: C:\\HOST\\USER\\svchost.exe\nParentCommandLine: C:\\HOST\\USER\\svchost.exe -k netsvcs -p -s Schedule\nParentUser: NT HOST\\USER",
    "event_code": "1",
    "event_action": "Process Create (rule: ProcessCreate)",
    "event_kind": "event",
    "provider": "Microsoft-Windows-Sysmon",
    "channel": "Microsoft-Windows-Sysmon/Operational",
    "event_id": "1",
    "record_id": 403,
    "computer_name": "HOST-REDACTED",
    "provider_name": "Microsoft-Windows-Sysmon",
    "log_level": "information",
    "host_name": "HOST-REDACTED",
    "host_hostname": "HOST-REDACTED",
    "host_os": "Windows 11 Pro",
    "agent_type": "winlogbeat",
    "agent_version": "9.3.2",
    "process_pid": 1596,
    "raw_event_data": {
      "CurrentDirectory": "C:\\HOST\\USER\\",
      "LogonGuid": "{GUID-REDACTED}",
      "Image": "C:\\HOST\\USER\\taskhostw.exe",
      "ParentProcessGuid": "{GUID-REDACTED}",
      "UtcTime": "2026-03-22 06:06:19.771",
      "ParentCommandLine": "C:\\HOST\\USER\\svchost.exe -k netsvcs -p -s Schedule",
      "RuleName": "-",
      "ParentUser": "NT HOST\\USER",
      "Product": "Microsoft® Windows® Operating System",
      "ParentProcessId": "1336",
      "ProcessId": "6552",
      "LogonId": "0x3e7",
      "ProcessGuid": "{GUID-REDACTED}",
      "TerminalSessionId": "0",
      "Hashes": "SHA256=5016D2E17347BFFDA32DC91362055E36BC21D9509EC03A4AD76CA84B6BB14182",
      "OriginalFileName": "taskhostw.exe",
      "IntegrityLevel": "System",
      "Company": "Microsoft Corporation",
      "User": "USER-REDACTED",
      "CommandLine": "taskhostw.exe {GUID-REDACTED}",
      "Description": "Host Process for Windows Tasks",
      "ParentImage": "C:\\HOST\\USER\\svchost.exe",
      "FileVersion": "10.0.26100.7920 (WinBuild.160101.0800)"
    },
    "raw": {
      "@timestamp": "2026-03-22T06:06:19.785Z",
      "message": "Process Create:\nRuleName: -\nUtcTime: 2026-03-22 06:06:19.771\nProcessGuid: {GUID-REDACTED}\nProcessId: 6552\nImage: C:\\HOST\\USER\\taskhostw.exe\nFileVersion: 10.0.26100.7920 (WinBuild.160101.0800)\nDescription: Host Process for Windows Tasks\nProduct: Microsoft® Windows® Operating System\nCompany: Microsoft Corporation\nOriginalFileName: taskhostw.exe\nCommandLine: taskhostw.exe {GUID-REDACTED}\nCurrentDirectory: C:\\HOST\\USER\\\nUser: NT HOST\\USER\nLogonGuid: {GUID-REDACTED}\nLogonId: 0x3e7\nTerminalSessionId: 0\nIntegrityLevel: System\nHashes: SHA256=5016D2E17347BFFDA32DC91362055E36BC21D9509EC03A4AD76CA84B6BB14182\nParentProcessGuid: {GUID-REDACTED}\nParentProcessId: 1336\nParentImage: C:\\HOST\\USER\\svchost.exe\nParentCommandLine: C:\\HOST\\USER\\svchost.exe -k netsvcs -p -s Schedule\nParentUser: NT HOST\\USER",
      "log": {
        "level": "information"
      },
      "host": {
        "architecture": "x86_64",
        "id": "4c1ea299-cc74-49b5-ac0a-1138d9d08387",
        "ip": [
          "fe80::1eac:376c:1bd5:f979",
          "IP-REDACTED"
        ],
        "os": {
          "type": "windows",
          "version": "10.0",
          "name": "Windows 11 Pro",
          "kernel": "10.0.26100.8036 (WinBuild.160101.0800)",
          "family": "windows",
          "build": "26200.8037",
          "platform": "windows"
        },
        "name": "HOST-REDACTED",
        "mac": [
          "MAC-REDACTED"
        ],
        "hostname": "HOST-REDACTED"
      },
      "ecs": {
        "version": "8.0.0"
      },
      "@version": "1",
      "winlog": {
        "version": 5,
        "user": {
          "type": "Well Known Group",
          "name": "SYSTEM",
          "domain": "NT AUTHORITY",
          "identifier": "S-1-5-XX-REDACTED"
        },
        "event_id": "1",
        "record_id": 403,
        "provider_guid": "{GUID-REDACTED}",
        "channel": "Microsoft-Windows-Sysmon/Operational",
        "task": "Process Create (rule: ProcessCreate)",
        "opcode": "Info",
        "computer_name": "HOST-REDACTED",
        "process": {
          "thread": {
            "id": 1304
          },
          "pid": 1596
        },
        "provider_name": "Microsoft-Windows-Sysmon",
        "event_data": {
          "CurrentDirectory": "C:\\HOST\\USER\\",
          "LogonGuid": "{GUID-REDACTED}",
          "Image": "C:\\HOST\\USER\\taskhostw.exe",
          "ParentProcessGuid": "{GUID-REDACTED}",
          "UtcTime": "2026-03-22 06:06:19.771",
          "ParentCommandLine": "C:\\HOST\\USER\\svchost.exe -k netsvcs -p -s Schedule",
          "RuleName": "-",
          "ParentUser": "NT HOST\\USER",
          "Product": "Microsoft® Windows® Operating System",
          "ParentProcessId": "1336",
          "ProcessId": "6552",
          "LogonId": "0x3e7",
          "ProcessGuid": "{GUID-REDACTED}",
          "TerminalSessionId": "0",
          "Hashes": "SHA256=5016D2E17347BFFDA32DC91362055E36BC21D9509EC03A4AD76CA84B6BB14182",
          "OriginalFileName": "taskhostw.exe",
          "IntegrityLevel": "System",
          "Company": "Microsoft Corporation",
          "User": "USER-REDACTED",
          "CommandLine": "taskhostw.exe {GUID-REDACTED}",
          "Description": "Host Process for Windows Tasks",
          "ParentImage": "C:\\HOST\\USER\\svchost.exe",
          "FileVersion": "10.0.26100.7920 (WinBuild.160101.0800)"
        }
      },
      "tags": [
        "beats_input_codec_plain_applied"
      ],
      "agent": {
        "type": "winlogbeat",
        "id": "e914dd33-e7be-4a91-b774-394d715855f5",
        "name": "HOST-REDACTED",
        "ephemeral_id": "b8267783-8d43-4086-8074-c2f96b9f9dae",
        "version": "9.3.2"
      },
      "event": {
        "kind": "event",
        "created": "2026-03-29T09:11:41.532Z",
        "code": "1",
        "action": "Process Create (rule: ProcessCreate)",
        "original": "Process Create:\nRuleName: -\nUtcTime: 2026-03-22 06:06:19.771\nProcessGuid: {GUID-REDACTED}\nProcessId: 6552\nImage: C:\\HOST\\USER\\taskhostw.exe\nFileVersion: 10.0.26100.7920 (WinBuild.160101.0800)\nDescription: Host Process for Windows Tasks\nProduct: Microsoft® Windows® Operating System\nCompany: Microsoft Corporation\nOriginalFileName: taskhostw.exe\nCommandLine: taskhostw.exe {GUID-REDACTED}\nCurrentDirectory: C:\\HOST\\USER\\\nUser: NT HOST\\USER\nLogonGuid: {GUID-REDACTED}\nLogonId: 0x3e7\nTerminalSessionId: 0\nIntegrityLevel: System\nHashes: SHA256=5016D2E17347BFFDA32DC91362055E36BC21D9509EC03A4AD76CA84B6BB14182\nParentProcessGuid: {GUID-REDACTED}\nParentProcessId: 1336\nParentImage: C:\\HOST\\USER\\svchost.exe\nParentCommandLine: C:\\HOST\\USER\\svchost.exe -k netsvcs -p -s Schedule\nParentUser: NT HOST\\USER",
        "provider": "Microsoft-Windows-Sysmon"
      }
    },
    "parsed_type": "sysmon",
    "event_type_name": "ProcessCreate",
    "process_guid": "{GUID-REDACTED}",
    "process_id": "6552",
    "image": "C:\\HOST\\USER\\taskhostw.exe",
    "command_line": "taskhostw.exe {GUID-REDACTED}",
    "current_directory": "C:\\HOST\\USER\\",
    "user": "USER-REDACTED",
    "logon_guid": "{GUID-REDACTED}",
    "logon_id": "0x3e7",
    "terminal_session_id": "0",
    "integrity_level": "System",
    "hashes": "SHA256=5016D2E17347BFFDA32DC91362055E36BC21D9509EC03A4AD76CA84B6BB14182",
    "parent_process_guid": "{GUID-REDACTED}",
    "parent_process_id": "1336",
    "parent_image": "C:\\HOST\\USER\\svchost.exe",
    "parent_command_line": "C:\\HOST\\USER\\svchost.exe -k netsvcs -p -s Schedule",
    "target_filename": null,
    "creation_utc_time": null,
    "destination_ip": null,
    "destination_port": null,
    "source_ip": null,
    "source_port": null,
    "protocol": null,
    "target_object": null,
    "details": null
  },
  {
    "timestamp": "2026-03-22T06:06:20.025Z",
    "message": "Process Create:\nRuleName: -\nUtcTime: 2026-03-22 06:06:20.015\nProcessGuid: {GUID-REDACTED}\nProcessId: 4760\nImage: C:\\HOST\\USER\\ngentask.exe\nFileVersion: 4.8.9221.0 built by: NET481REL1LAST_25H2\nDescription: Microsoft .NET Framework optimization service\nProduct: Microsoft® .NET Framework\nCompany: Microsoft Corporation\nOriginalFileName: NGenTask.exe\nCommandLine: \"C:\\HOST\\USER\\NGenTask.exe\" /RuntimeWide /Critical /StopEvent:1048\nCurrentDirectory: C:\\HOST\\USER\\\nUser: NT HOST\\USER\nLogonGuid: {GUID-REDACTED}\nLogonId: 0x3e7\nTerminalSessionId: 0\nIntegrityLevel: System\nHashes: SHA256=045008D154DD7BBC250F4975C87559378C834388790F62B05D5457E224FBF85B\nParentProcessGuid: {GUID-REDACTED}\nParentProcessId: 6552\nParentImage: C:\\HOST\\USER\\taskhostw.exe\nParentCommandLine: taskhostw.exe {GUID-REDACTED}\nParentUser: NT HOST\\USER",
    "event_code": "1",
    "event_action": "Process Create (rule: ProcessCreate)",
    "event_kind": "event",
    "provider": "Microsoft-Windows-Sysmon",
    "channel": "Microsoft-Windows-Sysmon/Operational",
    "event_id": "1",
    "record_id": 404,
    "computer_name": "HOST-REDACTED",
    "provider_name": "Microsoft-Windows-Sysmon",
    "log_level": "information",
    "host_name": "HOST-REDACTED",
    "host_hostname": "HOST-REDACTED",
    "host_os": "Windows 11 Pro",
    "agent_type": "winlogbeat",
    "agent_version": "9.3.2",
    "process_pid": 1596,
    "raw_event_data": {
      "CurrentDirectory": "C:\\HOST\\USER\\",
      "LogonGuid": "{GUID-REDACTED}",
      "Image": "C:\\HOST\\USER\\ngentask.exe",
      "UtcTime": "2026-03-22 06:06:20.015",
      "ParentProcessGuid": "{GUID-REDACTED}",
      "ParentCommandLine": "taskhostw.exe {GUID-REDACTED}",
      "RuleName": "-",
      "ParentUser": "NT HOST\\USER",
      "Product": "Microsoft® .NET Framework",
      "ParentProcessId": "6552",
      "ProcessId": "4760",
      "LogonId": "0x3e7",
      "ProcessGuid": "{GUID-REDACTED}",
      "TerminalSessionId": "0",
      "Hashes": "SHA256=045008D154DD7BBC250F4975C87559378C834388790F62B05D5457E224FBF85B",
      "OriginalFileName": "NGenTask.exe",
      "IntegrityLevel": "System",
      "Company": "Microsoft Corporation",
      "User": "USER-REDACTED",
      "Description": "Microsoft .NET Framework optimization service",
      "CommandLine": "\"C:\\HOST\\USER\\NGenTask.exe\" /RuntimeWide /Critical /StopEvent:1048",
      "ParentImage": "C:\\HOST\\USER\\taskhostw.exe",
      "FileVersion": "4.8.9221.0 built by: NET481REL1LAST_25H2"
    },
    "raw": {
      "@timestamp": "2026-03-22T06:06:20.025Z",
      "log": {
        "level": "information"
      },
      "message": "Process Create:\nRuleName: -\nUtcTime: 2026-03-22 06:06:20.015\nProcessGuid: {GUID-REDACTED}\nProcessId: 4760\nImage: C:\\HOST\\USER\\ngentask.exe\nFileVersion: 4.8.9221.0 built by: NET481REL1LAST_25H2\nDescription: Microsoft .NET Framework optimization service\nProduct: Microsoft® .NET Framework\nCompany: Microsoft Corporation\nOriginalFileName: NGenTask.exe\nCommandLine: \"C:\\HOST\\USER\\NGenTask.exe\" /RuntimeWide /Critical /StopEvent:1048\nCurrentDirectory: C:\\HOST\\USER\\\nUser: NT HOST\\USER\nLogonGuid: {GUID-REDACTED}\nLogonId: 0x3e7\nTerminalSessionId: 0\nIntegrityLevel: System\nHashes: SHA256=045008D154DD7BBC250F4975C87559378C834388790F62B05D5457E224FBF85B\nParentProcessGuid: {GUID-REDACTED}\nParentProcessId: 6552\nParentImage: C:\\HOST\\USER\\taskhostw.exe\nParentCommandLine: taskhostw.exe {GUID-REDACTED}\nParentUser: NT HOST\\USER",
      "host": {
        "architecture": "x86_64",
        "name": "HOST-REDACTED",
        "id": "4c1ea299-cc74-49b5-ac0a-1138d9d08387",
        "os": {
          "type": "windows",
          "name": "Windows 11 Pro",
          "kernel": "10.0.26100.8036 (WinBuild.160101.0800)",
          "version": "10.0",
          "family": "windows",
          "build": "26200.8037",
          "platform": "windows"
        },
        "ip": [
          "fe80::1eac:376c:1bd5:f979",
          "IP-REDACTED"
        ],
        "mac": [
          "MAC-REDACTED"
        ],
        "hostname": "HOST-REDACTED"
      },
      "ecs": {
        "version": "8.0.0"
      },
      "@version": "1",
      "winlog": {
        "version": 5,
        "user": {
          "type": "Well Known Group",
          "name": "SYSTEM",
          "domain": "NT AUTHORITY",
          "identifier": "S-1-5-XX-REDACTED"
        },
        "event_id": "1",
        "record_id": 404,
        "provider_guid": "{GUID-REDACTED}",
        "channel": "Microsoft-Windows-Sysmon/Operational",
        "task": "Process Create (rule: ProcessCreate)",
        "opcode": "Info",
        "computer_name": "HOST-REDACTED",
        "process": {
          "thread": {
            "id": 1304
          },
          "pid": 1596
        },
        "provider_name": "Microsoft-Windows-Sysmon",
        "event_data": {
          "CurrentDirectory": "C:\\HOST\\USER\\",
          "LogonGuid": "{GUID-REDACTED}",
          "Image": "C:\\HOST\\USER\\ngentask.exe",
          "UtcTime": "2026-03-22 06:06:20.015",
          "ParentProcessGuid": "{GUID-REDACTED}",
          "ParentCommandLine": "taskhostw.exe {GUID-REDACTED}",
          "RuleName": "-",
          "ParentUser": "NT HOST\\USER",
          "Product": "Microsoft® .NET Framework",
          "ParentProcessId": "6552",
          "ProcessId": "4760",
          "LogonId": "0x3e7",
          "ProcessGuid": "{GUID-REDACTED}",
          "TerminalSessionId": "0",
          "Hashes": "SHA256=045008D154DD7BBC250F4975C87559378C834388790F62B05D5457E224FBF85B",
          "OriginalFileName": "NGenTask.exe",
          "IntegrityLevel": "System",
          "Company": "Microsoft Corporation",
          "User": "USER-REDACTED",
          "Description": "Microsoft .NET Framework optimization service",
          "CommandLine": "\"C:\\HOST\\USER\\NGenTask.exe\" /RuntimeWide /Critical /StopEvent:1048",
          "ParentImage": "C:\\HOST\\USER\\taskhostw.exe",
          "FileVersion": "4.8.9221.0 built by: NET481REL1LAST_25H2"
        }
      },
      "tags": [
        "beats_input_codec_plain_applied"
      ],
      "agent": {
        "type": "winlogbeat",
        "name": "HOST-REDACTED",
        "version": "9.3.2",
        "ephemeral_id": "b8267783-8d43-4086-8074-c2f96b9f9dae",
        "id": "e914dd33-e7be-4a91-b774-394d715855f5"
      },
      "event": {
        "kind": "event",
        "created": "2026-03-29T09:11:41.532Z",
        "code": "1",
        "action": "Process Create (rule: ProcessCreate)",
        "original": "Process Create:\nRuleName: -\nUtcTime: 2026-03-22 06:06:20.015\nProcessGuid: {GUID-REDACTED}\nProcessId: 4760\nImage: C:\\HOST\\USER\\ngentask.exe\nFileVersion: 4.8.9221.0 built by: NET481REL1LAST_25H2\nDescription: Microsoft .NET Framework optimization service\nProduct: Microsoft® .NET Framework\nCompany: Microsoft Corporation\nOriginalFileName: NGenTask.exe\nCommandLine: \"C:\\HOST\\USER\\NGenTask.exe\" /RuntimeWide /Critical /StopEvent:1048\nCurrentDirectory: C:\\HOST\\USER\\\nUser: NT HOST\\USER\nLogonGuid: {GUID-REDACTED}\nLogonId: 0x3e7\nTerminalSessionId: 0\nIntegrityLevel: System\nHashes: SHA256=045008D154DD7BBC250F4975C87559378C834388790F62B05D5457E224FBF85B\nParentProcessGuid: {GUID-REDACTED}\nParentProcessId: 6552\nParentImage: C:\\HOST\\USER\\taskhostw.exe\nParentCommandLine: taskhostw.exe {GUID-REDACTED}\nParentUser: NT HOST\\USER",
        "provider": "Microsoft-Windows-Sysmon"
      }
    },
    "parsed_type": "sysmon",
    "event_type_name": "ProcessCreate",
    "process_guid": "{GUID-REDACTED}",
    "process_id": "4760",
    "image": "C:\\HOST\\USER\\ngentask.exe",
    "command_line": "\"C:\\HOST\\USER\\NGenTask.exe\" /RuntimeWide /Critical /StopEvent:1048",
    "current_directory": "C:\\HOST\\USER\\",
    "user": "USER-REDACTED",
    "logon_guid": "{GUID-REDACTED}",
    "logon_id": "0x3e7",
    "terminal_session_id": "0",
    "integrity_level": "System",
    "hashes": "SHA256=045008D154DD7BBC250F4975C87559378C834388790F62B05D5457E224FBF85B",
    "parent_process_guid": "{GUID-REDACTED}",
    "parent_process_id": "6552",
    "parent_image": "C:\\HOST\\USER\\taskhostw.exe",
    "parent_command_line": "taskhostw.exe {GUID-REDACTED}",
    "target_filename": null,
    "creation_utc_time": null,
    "destination_ip": null,
    "destination_port": null,
    "source_ip": null,
    "source_port": null,
    "protocol": null,
    "target_object": null,
    "details": null
  },
