  {
    "timestamp": "2026-03-22T05:45:26.892Z",
    "message": "Process Create:\nRuleName: -\nUtcTime: 2026-03-22 05:45:26.886\nProcessGuid: {GUID-REDACTED}\nProcessId: 8432\nImage: C:\\HOST\\USER\\backgroundTaskHost.exe\nFileVersion: 10.0.26100.1 (WinBuild.160101.0800)\nDescription: Background Task Host\nProduct: Microsoft® Windows® Operating System\nCompany: Microsoft Corporation\nOriginalFileName: backgroundTaskHost.exe\nCommandLine: \"C:\\HOST\\USER\\backgroundTaskHost.exe\" -ServerName:App.AppXmtcan0h2tfbfy7k9kn8hbxb6dmzz1zh0.mca\nCurrentDirectory: C:\\HOST\\USER\\Microsoft.Windows.ContentDeliveryManager_cw5n1h2txyewy\\\nUser: HOST\\USER\nLogonGuid: {GUID-REDACTED}\nLogonId: 0x22f6e2\nTerminalSessionId: 2\nIntegrityLevel: AppContainer\nHashes: SHA256=B7D2C17E0038945AA4B72AE7A89E54D29B04CCC0FEB62DF5C9B7B67DE43C2530\nParentProcessGuid: {GUID-REDACTED}\nParentProcessId: 940\nParentImage: C:\\HOST\\USER\\svchost.exe\nParentCommandLine: C:\\HOST\\USER\\svchost.exe -k DcomLaunch -p\nParentUser: NT HOST\\USER",
    "event_code": "1",
    "event_action": "Process Create (rule: ProcessCreate)",
    "event_kind": "event",
    "provider": "Microsoft-Windows-Sysmon",
    "channel": "Microsoft-Windows-Sysmon/Operational",
    "event_id": "1",
    "record_id": 20,
    "computer_name": "HOST-REDACTED",
    "provider_name": "Microsoft-Windows-Sysmon",
    "log_level": "information",
    "host_name": "HOST-REDACTED",
    "host_hostname": "HOST-REDACTED",
    "host_os": "Windows 11 Pro",
    "agent_type": "winlogbeat",
    "agent_version": "9.3.2",
    "process_pid": 1596,
    "raw_event_data": {
      "CurrentDirectory": "C:\\HOST\\USER\\Microsoft.Windows.ContentDeliveryManager_cw5n1h2txyewy\\",
      "LogonGuid": "{GUID-REDACTED}",
      "Image": "C:\\HOST\\USER\\backgroundTaskHost.exe",
      "ParentProcessGuid": "{GUID-REDACTED}",
      "UtcTime": "2026-03-22 05:45:26.886",
      "ParentCommandLine": "C:\\HOST\\USER\\svchost.exe -k DcomLaunch -p",
      "RuleName": "-",
      "ParentUser": "NT HOST\\USER",
      "Product": "Microsoft® Windows® Operating System",
      "ParentProcessId": "940",
      "ProcessId": "8432",
      "LogonId": "0x22f6e2",
      "ProcessGuid": "{GUID-REDACTED}",
      "TerminalSessionId": "2",
      "Hashes": "SHA256=B7D2C17E0038945AA4B72AE7A89E54D29B04CCC0FEB62DF5C9B7B67DE43C2530",
      "OriginalFileName": "backgroundTaskHost.exe",
      "IntegrityLevel": "AppContainer",
      "Company": "Microsoft Corporation",
      "User": "USER-REDACTED",
      "CommandLine": "\"C:\\HOST\\USER\\backgroundTaskHost.exe\" -ServerName:App.AppXmtcan0h2tfbfy7k9kn8hbxb6dmzz1zh0.mca",
      "Description": "Background Task Host",
      "ParentImage": "C:\\HOST\\USER\\svchost.exe",
      "FileVersion": "10.0.26100.1 (WinBuild.160101.0800)"
    },
    "raw": {
      "@timestamp": "2026-03-22T05:45:26.892Z",
      "ecs": {
        "version": "8.0.0"
      },
      "message": "Process Create:\nRuleName: -\nUtcTime: 2026-03-22 05:45:26.886\nProcessGuid: {GUID-REDACTED}\nProcessId: 8432\nImage: C:\\HOST\\USER\\backgroundTaskHost.exe\nFileVersion: 10.0.26100.1 (WinBuild.160101.0800)\nDescription: Background Task Host\nProduct: Microsoft® Windows® Operating System\nCompany: Microsoft Corporation\nOriginalFileName: backgroundTaskHost.exe\nCommandLine: \"C:\\HOST\\USER\\backgroundTaskHost.exe\" -ServerName:App.AppXmtcan0h2tfbfy7k9kn8hbxb6dmzz1zh0.mca\nCurrentDirectory: C:\\HOST\\USER\\Microsoft.Windows.ContentDeliveryManager_cw5n1h2txyewy\\\nUser: HOST\\USER\nLogonGuid: {GUID-REDACTED}\nLogonId: 0x22f6e2\nTerminalSessionId: 2\nIntegrityLevel: AppContainer\nHashes: SHA256=B7D2C17E0038945AA4B72AE7A89E54D29B04CCC0FEB62DF5C9B7B67DE43C2530\nParentProcessGuid: {GUID-REDACTED}\nParentProcessId: 940\nParentImage: C:\\HOST\\USER\\svchost.exe\nParentCommandLine: C:\\HOST\\USER\\svchost.exe -k DcomLaunch -p\nParentUser: NT HOST\\USER",
      "host": {
        "architecture": "x86_64",
        "name": "HOST-REDACTED",
        "id": "4c1ea299-cc74-49b5-ac0a-1138d9d08387",
        "ip": [
          "fe80::1eac:376c:1bd5:f979",
          "IP-REDACTED"
        ],
        "os": {
          "type": "windows",
          "kernel": "10.0.26100.8036 (WinBuild.160101.0800)",
          "version": "10.0",
          "name": "Windows 11 Pro",
          "family": "windows",
          "build": "26200.8037",
          "platform": "windows"
        },
        "mac": [
          "MAC-REDACTED"
        ],
        "hostname": "HOST-REDACTED"
      },
      "log": {
        "level": "information"
      },
      "@version": "1",
      "winlog": {
        "version": 5,
        "user": {
          "type": "Well Known Group",
          "name": "SYSTEM",
          "domain": "NT AUTHORITY",
          "identifier": "S-1-5-XX-REDACTED"
        },
        "event_id": "1",
        "record_id": 20,
        "provider_guid": "{GUID-REDACTED}",
        "channel": "Microsoft-Windows-Sysmon/Operational",
        "task": "Process Create (rule: ProcessCreate)",
        "opcode": "Info",
        "computer_name": "HOST-REDACTED",
        "process": {
          "thread": {
            "id": 1304
          },
          "pid": 1596
        },
        "provider_name": "Microsoft-Windows-Sysmon",
        "event_data": {
          "CurrentDirectory": "C:\\HOST\\USER\\Microsoft.Windows.ContentDeliveryManager_cw5n1h2txyewy\\",
          "LogonGuid": "{GUID-REDACTED}",
          "Image": "C:\\HOST\\USER\\backgroundTaskHost.exe",
          "ParentProcessGuid": "{GUID-REDACTED}",
          "UtcTime": "2026-03-22 05:45:26.886",
          "ParentCommandLine": "C:\\HOST\\USER\\svchost.exe -k DcomLaunch -p",
          "RuleName": "-",
          "ParentUser": "NT HOST\\USER",
          "Product": "Microsoft® Windows® Operating System",
          "ParentProcessId": "940",
          "ProcessId": "8432",
          "LogonId": "0x22f6e2",
          "ProcessGuid": "{GUID-REDACTED}",
          "TerminalSessionId": "2",
          "Hashes": "SHA256=B7D2C17E0038945AA4B72AE7A89E54D29B04CCC0FEB62DF5C9B7B67DE43C2530",
          "OriginalFileName": "backgroundTaskHost.exe",
          "IntegrityLevel": "AppContainer",
          "Company": "Microsoft Corporation",
          "User": "USER-REDACTED",
          "CommandLine": "\"C:\\HOST\\USER\\backgroundTaskHost.exe\" -ServerName:App.AppXmtcan0h2tfbfy7k9kn8hbxb6dmzz1zh0.mca",
          "Description": "Background Task Host",
          "ParentImage": "C:\\HOST\\USER\\svchost.exe",
          "FileVersion": "10.0.26100.1 (WinBuild.160101.0800)"
        }
      },
      "tags": [
        "beats_input_codec_plain_applied"
      ],
      "agent": {
        "type": "winlogbeat",
        "id": "e914dd33-e7be-4a91-b774-394d715855f5",
        "name": "HOST-REDACTED",
        "version": "9.3.2",
        "ephemeral_id": "b8267783-8d43-4086-8074-c2f96b9f9dae"
      },
      "event": {
        "kind": "event",
        "created": "2026-03-29T09:11:41.449Z",
        "action": "Process Create (rule: ProcessCreate)",
        "code": "1",
        "original": "Process Create:\nRuleName: -\nUtcTime: 2026-03-22 05:45:26.886\nProcessGuid: {GUID-REDACTED}\nProcessId: 8432\nImage: C:\\HOST\\USER\\backgroundTaskHost.exe\nFileVersion: 10.0.26100.1 (WinBuild.160101.0800)\nDescription: Background Task Host\nProduct: Microsoft® Windows® Operating System\nCompany: Microsoft Corporation\nOriginalFileName: backgroundTaskHost.exe\nCommandLine: \"C:\\HOST\\USER\\backgroundTaskHost.exe\" -ServerName:App.AppXmtcan0h2tfbfy7k9kn8hbxb6dmzz1zh0.mca\nCurrentDirectory: C:\\HOST\\USER\\Microsoft.Windows.ContentDeliveryManager_cw5n1h2txyewy\\\nUser: HOST\\USER\nLogonGuid: {GUID-REDACTED}\nLogonId: 0x22f6e2\nTerminalSessionId: 2\nIntegrityLevel: AppContainer\nHashes: SHA256=B7D2C17E0038945AA4B72AE7A89E54D29B04CCC0FEB62DF5C9B7B67DE43C2530\nParentProcessGuid: {GUID-REDACTED}\nParentProcessId: 940\nParentImage: C:\\HOST\\USER\\svchost.exe\nParentCommandLine: C:\\HOST\\USER\\svchost.exe -k DcomLaunch -p\nParentUser: NT HOST\\USER",
        "provider": "Microsoft-Windows-Sysmon"
      }
    },
    "parsed_type": "sysmon",
    "event_type_name": "ProcessCreate",
    "process_guid": "{GUID-REDACTED}",
    "process_id": "8432",
    "image": "C:\\HOST\\USER\\backgroundTaskHost.exe",
    "command_line": "\"C:\\HOST\\USER\\backgroundTaskHost.exe\" -ServerName:App.AppXmtcan0h2tfbfy7k9kn8hbxb6dmzz1zh0.mca",
    "current_directory": "C:\\HOST\\USER\\Microsoft.Windows.ContentDeliveryManager_cw5n1h2txyewy\\",
    "user": "USER-REDACTED",
    "logon_guid": "{GUID-REDACTED}",
    "logon_id": "0x22f6e2",
    "terminal_session_id": "2",
    "integrity_level": "AppContainer",
    "hashes": "SHA256=B7D2C17E0038945AA4B72AE7A89E54D29B04CCC0FEB62DF5C9B7B67DE43C2530",
    "parent_process_guid": "{GUID-REDACTED}",
    "parent_process_id": "940",
    "parent_image": "C:\\HOST\\USER\\svchost.exe",
    "parent_command_line": "C:\\HOST\\USER\\svchost.exe -k DcomLaunch -p",
    "target_filename": null,
    "creation_utc_time": null,
    "destination_ip": null,
    "destination_port": null,
    "source_ip": null,
    "source_port": null,
    "protocol": null,
    "target_object": null,
    "details": null
  },
  {
    "timestamp": "2026-03-22T05:45:45.669Z",
    "message": "Process Create:\nRuleName: -\nUtcTime: 2026-03-22 05:45:45.615\nProcessGuid: {GUID-REDACTED}\nProcessId: 4684\nImage: C:\\HOST\\USER\\cmd.exe\nFileVersion: 10.0.26100.7920 (WinBuild.160101.0800)\nDescription: Windows Command Processor\nProduct: Microsoft® Windows® Operating System\nCompany: Microsoft Corporation\nOriginalFileName: Cmd.Exe\nCommandLine: \"C:\\HOST\\USER\\cmd.exe\" \nCurrentDirectory: C:\\HOST\\USER\\\nUser: HOST\\USER\nLogonGuid: {GUID-REDACTED}\nLogonId: 0x22f6e2\nTerminalSessionId: 2\nIntegrityLevel: Medium\nHashes: SHA256=F682AADDA9DEB654885AE17909380A25F7CB1A43AC0934AC425EE8DE4924C7F3\nParentProcessGuid: {GUID-REDACTED}\nParentProcessId: 5440\nParentImage: C:\\HOST\\USER\nParentCommandLine: C:\\HOST\\USER\nParentUser: HOST\\USER",
    "event_code": "1",
    "event_action": "Process Create (rule: ProcessCreate)",
    "event_kind": "event",
    "provider": "Microsoft-Windows-Sysmon",
    "channel": "Microsoft-Windows-Sysmon/Operational",
    "event_id": "1",
    "record_id": 23,
    "computer_name": "HOST-REDACTED",
    "provider_name": "Microsoft-Windows-Sysmon",
    "log_level": "information",
    "host_name": "HOST-REDACTED",
    "host_hostname": "HOST-REDACTED",
    "host_os": "Windows 11 Pro",
    "agent_type": "winlogbeat",
    "agent_version": "9.3.2",
    "process_pid": 1596,
    "raw_event_data": {
      "CurrentDirectory": "C:\\HOST\\USER\\",
      "LogonGuid": "{GUID-REDACTED}",
      "Image": "C:\\HOST\\USER\\cmd.exe",
      "UtcTime": "2026-03-22 05:45:45.615",
      "ParentProcessGuid": "{GUID-REDACTED}",
      "ParentCommandLine": "C:\\HOST\\USER",
      "RuleName": "-",
      "ParentUser": "HOST\\USER",
      "Product": "Microsoft® Windows® Operating System",
      "ParentProcessId": "5440",
      "ProcessId": "4684",
      "LogonId": "0x22f6e2",
      "ProcessGuid": "{GUID-REDACTED}",
      "TerminalSessionId": "2",
      "Hashes": "SHA256=F682AADDA9DEB654885AE17909380A25F7CB1A43AC0934AC425EE8DE4924C7F3",
      "OriginalFileName": "Cmd.Exe",
      "IntegrityLevel": "Medium",
      "Company": "Microsoft Corporation",
      "User": "USER-REDACTED",
      "CommandLine": "\"C:\\HOST\\USER\\cmd.exe\" ",
      "Description": "Windows Command Processor",
      "ParentImage": "C:\\HOST\\USER",
      "FileVersion": "10.0.26100.7920 (WinBuild.160101.0800)"
    },
    "raw": {
      "@timestamp": "2026-03-22T05:45:45.669Z",
      "message": "Process Create:\nRuleName: -\nUtcTime: 2026-03-22 05:45:45.615\nProcessGuid: {GUID-REDACTED}\nProcessId: 4684\nImage: C:\\HOST\\USER\\cmd.exe\nFileVersion: 10.0.26100.7920 (WinBuild.160101.0800)\nDescription: Windows Command Processor\nProduct: Microsoft® Windows® Operating System\nCompany: Microsoft Corporation\nOriginalFileName: Cmd.Exe\nCommandLine: \"C:\\HOST\\USER\\cmd.exe\" \nCurrentDirectory: C:\\HOST\\USER\\\nUser: HOST\\USER\nLogonGuid: {GUID-REDACTED}\nLogonId: 0x22f6e2\nTerminalSessionId: 2\nIntegrityLevel: Medium\nHashes: SHA256=F682AADDA9DEB654885AE17909380A25F7CB1A43AC0934AC425EE8DE4924C7F3\nParentProcessGuid: {GUID-REDACTED}\nParentProcessId: 5440\nParentImage: C:\\HOST\\USER\nParentCommandLine: C:\\HOST\\USER\nParentUser: HOST\\USER",
      "log": {
        "level": "information"
      },
      "host": {
        "architecture": "x86_64",
        "name": "HOST-REDACTED",
        "id": "4c1ea299-cc74-49b5-ac0a-1138d9d08387",
        "os": {
          "type": "windows",
          "version": "10.0",
          "name": "Windows 11 Pro",
          "kernel": "10.0.26100.8036 (WinBuild.160101.0800)",
          "family": "windows",
          "build": "26200.8037",
          "platform": "windows"
        },
        "ip": [
          "fe80::1eac:376c:1bd5:f979",
          "IP-REDACTED"
        ],
        "mac": [
          "MAC-REDACTED"
        ],
        "hostname": "HOST-REDACTED"
      },
      "ecs": {
        "version": "8.0.0"
      },
      "@version": "1",
      "winlog": {
        "version": 5,
        "user": {
          "type": "Well Known Group",
          "name": "SYSTEM",
          "domain": "NT AUTHORITY",
          "identifier": "S-1-5-XX-REDACTED"
        },
        "event_id": "1",
        "record_id": 23,
        "provider_guid": "{GUID-REDACTED}",
        "channel": "Microsoft-Windows-Sysmon/Operational",
        "task": "Process Create (rule: ProcessCreate)",
        "opcode": "Info",
        "process": {
          "thread": {
            "id": 1304
          },
          "pid": 1596
        },
        "computer_name": "HOST-REDACTED",
        "provider_name": "Microsoft-Windows-Sysmon",
        "event_data": {
          "CurrentDirectory": "C:\\HOST\\USER\\",
          "LogonGuid": "{GUID-REDACTED}",
          "Image": "C:\\HOST\\USER\\cmd.exe",
          "UtcTime": "2026-03-22 05:45:45.615",
          "ParentProcessGuid": "{GUID-REDACTED}",
          "ParentCommandLine": "C:\\HOST\\USER",
          "RuleName": "-",
          "ParentUser": "HOST\\USER",
          "Product": "Microsoft® Windows® Operating System",
          "ParentProcessId": "5440",
          "ProcessId": "4684",
          "LogonId": "0x22f6e2",
          "ProcessGuid": "{GUID-REDACTED}",
          "TerminalSessionId": "2",
          "Hashes": "SHA256=F682AADDA9DEB654885AE17909380A25F7CB1A43AC0934AC425EE8DE4924C7F3",
          "OriginalFileName": "Cmd.Exe",
          "IntegrityLevel": "Medium",
          "Company": "Microsoft Corporation",
          "User": "USER-REDACTED",
          "CommandLine": "\"C:\\HOST\\USER\\cmd.exe\" ",
          "Description": "Windows Command Processor",
          "ParentImage": "C:\\HOST\\USER",
          "FileVersion": "10.0.26100.7920 (WinBuild.160101.0800)"
        }
      },
      "tags": [
        "beats_input_codec_plain_applied"
      ],
      "agent": {
        "type": "winlogbeat",
        "id": "e914dd33-e7be-4a91-b774-394d715855f5",
        "name": "HOST-REDACTED",
        "version": "9.3.2",
        "ephemeral_id": "b8267783-8d43-4086-8074-c2f96b9f9dae"
      },
      "event": {
        "kind": "event",
        "created": "2026-03-29T09:11:41.449Z",
        "code": "1",
        "action": "Process Create (rule: ProcessCreate)",
        "original": "Process Create:\nRuleName: -\nUtcTime: 2026-03-22 05:45:45.615\nProcessGuid: {GUID-REDACTED}\nProcessId: 4684\nImage: C:\\HOST\\USER\\cmd.exe\nFileVersion: 10.0.26100.7920 (WinBuild.160101.0800)\nDescription: Windows Command Processor\nProduct: Microsoft® Windows® Operating System\nCompany: Microsoft Corporation\nOriginalFileName: Cmd.Exe\nCommandLine: \"C:\\HOST\\USER\\cmd.exe\" \nCurrentDirectory: C:\\HOST\\USER\\\nUser: HOST\\USER\nLogonGuid: {GUID-REDACTED}\nLogonId: 0x22f6e2\nTerminalSessionId: 2\nIntegrityLevel: Medium\nHashes: SHA256=F682AADDA9DEB654885AE17909380A25F7CB1A43AC0934AC425EE8DE4924C7F3\nParentProcessGuid: {GUID-REDACTED}\nParentProcessId: 5440\nParentImage: C:\\HOST\\USER\nParentCommandLine: C:\\HOST\\USER\nParentUser: HOST\\USER",
        "provider": "Microsoft-Windows-Sysmon"
      }
    },
    "parsed_type": "sysmon",
    "event_type_name": "ProcessCreate",
    "process_guid": "{GUID-REDACTED}",
    "process_id": "4684",
    "image": "C:\\HOST\\USER\\cmd.exe",
    "command_line": "\"C:\\HOST\\USER\\cmd.exe\" ",
    "current_directory": "C:\\HOST\\USER\\",
    "user": "USER-REDACTED",
    "logon_guid": "{GUID-REDACTED}",
    "logon_id": "0x22f6e2",
    "terminal_session_id": "2",
    "integrity_level": "Medium",
    "hashes": "SHA256=F682AADDA9DEB654885AE17909380A25F7CB1A43AC0934AC425EE8DE4924C7F3",
    "parent_process_guid": "{GUID-REDACTED}",
    "parent_process_id": "5440",
    "parent_image": "C:\\HOST\\USER",
    "parent_command_line": "C:\\HOST\\USER",
    "target_filename": null,
    "creation_utc_time": null,
    "destination_ip": null,
    "destination_port": null,
    "source_ip": null,
    "source_port": null,
    "protocol": null,
    "target_object": null,
    "details": null
  },
  {
    "timestamp": "2026-03-22T05:45:45.691Z",
    "message": "Process Create:\nRuleName: -\nUtcTime: 2026-03-22 05:45:45.680\nProcessGuid: {GUID-REDACTED}\nProcessId: 4280\nImage: C:\\HOST\\USER\\conhost.exe\nFileVersion: 10.0.26100.7920 (WinBuild.160101.0800)\nDescription: Console Window Host\nProduct: Microsoft® Windows® Operating System\nCompany: Microsoft Corporation\nOriginalFileName: CONHOST.EXE\nCommandLine: \\??\\C:\\HOST\\USER\\conhost.exe 0xffffffff -ForceV1\nCurrentDirectory: C:\\WINDOWS\nUser: HOST\\USER\nLogonGuid: {GUID-REDACTED}\nLogonId: 0x22f6e2\nTerminalSessionId: 2\nIntegrityLevel: Medium\nHashes: SHA256=2B335DE3C724DDB63A4D14E57C8F5A742A87C1D07A41BE0EBAAC4E32A693D153\nParentProcessGuid: {GUID-REDACTED}\nParentProcessId: 4684\nParentImage: C:\\HOST\\USER\\cmd.exe\nParentCommandLine: \"C:\\HOST\\USER\\cmd.exe\" \nParentUser: HOST\\USER",
    "event_code": "1",
    "event_action": "Process Create (rule: ProcessCreate)",
    "event_kind": "event",
    "provider": "Microsoft-Windows-Sysmon",
    "channel": "Microsoft-Windows-Sysmon/Operational",
    "event_id": "1",
    "record_id": 24,
    "computer_name": "HOST-REDACTED",
    "provider_name": "Microsoft-Windows-Sysmon",
    "log_level": "information",
    "host_name": "HOST-REDACTED",
    "host_hostname": "HOST-REDACTED",
    "host_os": "Windows 11 Pro",
    "agent_type": "winlogbeat",
    "agent_version": "9.3.2",
    "process_pid": 1596,
    "raw_event_data": {
      "CurrentDirectory": "C:\\WINDOWS",
      "LogonGuid": "{GUID-REDACTED}",
      "Image": "C:\\HOST\\USER\\conhost.exe",
      "ParentProcessGuid": "{GUID-REDACTED}",
      "UtcTime": "2026-03-22 05:45:45.680",
      "ParentCommandLine": "\"C:\\HOST\\USER\\cmd.exe\" ",
      "RuleName": "-",
      "ParentUser": "HOST\\USER",
      "Product": "Microsoft® Windows® Operating System",
      "ParentProcessId": "4684",
      "ProcessId": "4280",
      "LogonId": "0x22f6e2",
      "ProcessGuid": "{GUID-REDACTED}",
      "TerminalSessionId": "2",
      "Hashes": "SHA256=2B335DE3C724DDB63A4D14E57C8F5A742A87C1D07A41BE0EBAAC4E32A693D153",
      "OriginalFileName": "CONHOST.EXE",
      "IntegrityLevel": "Medium",
      "Company": "Microsoft Corporation",
      "User": "USER-REDACTED",
      "CommandLine": "\\??\\C:\\HOST\\USER\\conhost.exe 0xffffffff -ForceV1",
      "Description": "Console Window Host",
      "ParentImage": "C:\\HOST\\USER\\cmd.exe",
      "FileVersion": "10.0.26100.7920 (WinBuild.160101.0800)"
    },
    "raw": {
      "@timestamp": "2026-03-22T05:45:45.691Z",
      "host": {
        "architecture": "x86_64",
        "id": "4c1ea299-cc74-49b5-ac0a-1138d9d08387",
        "name": "HOST-REDACTED",
        "os": {
          "type": "windows",
          "version": "10.0",
          "name": "Windows 11 Pro",
          "kernel": "10.0.26100.8036 (WinBuild.160101.0800)",
          "family": "windows",
          "build": "26200.8037",
          "platform": "windows"
        },
        "ip": [
          "fe80::1eac:376c:1bd5:f979",
          "IP-REDACTED"
        ],
        "mac": [
          "MAC-REDACTED"
        ],
        "hostname": "HOST-REDACTED"
      },
      "message": "Process Create:\nRuleName: -\nUtcTime: 2026-03-22 05:45:45.680\nProcessGuid: {GUID-REDACTED}\nProcessId: 4280\nImage: C:\\HOST\\USER\\conhost.exe\nFileVersion: 10.0.26100.7920 (WinBuild.160101.0800)\nDescription: Console Window Host\nProduct: Microsoft® Windows® Operating System\nCompany: Microsoft Corporation\nOriginalFileName: CONHOST.EXE\nCommandLine: \\??\\C:\\HOST\\USER\\conhost.exe 0xffffffff -ForceV1\nCurrentDirectory: C:\\WINDOWS\nUser: HOST\\USER\nLogonGuid: {GUID-REDACTED}\nLogonId: 0x22f6e2\nTerminalSessionId: 2\nIntegrityLevel: Medium\nHashes: SHA256=2B335DE3C724DDB63A4D14E57C8F5A742A87C1D07A41BE0EBAAC4E32A693D153\nParentProcessGuid: {GUID-REDACTED}\nParentProcessId: 4684\nParentImage: C:\\HOST\\USER\\cmd.exe\nParentCommandLine: \"C:\\HOST\\USER\\cmd.exe\" \nParentUser: HOST\\USER",
      "ecs": {
        "version": "8.0.0"
      },
      "log": {
        "level": "information"
      },
      "@version": "1",
      "winlog": {
        "version": 5,
        "user": {
          "type": "Well Known Group",
          "name": "SYSTEM",
          "domain": "NT AUTHORITY",
          "identifier": "S-1-5-XX-REDACTED"
        },
        "event_id": "1",
        "record_id": 24,
        "provider_guid": "{GUID-REDACTED}",
        "channel": "Microsoft-Windows-Sysmon/Operational",
        "task": "Process Create (rule: ProcessCreate)",
        "opcode": "Info",
        "computer_name": "HOST-REDACTED",
        "process": {
          "thread": {
            "id": 1304
          },
          "pid": 1596
        },
        "provider_name": "Microsoft-Windows-Sysmon",
        "event_data": {
          "CurrentDirectory": "C:\\WINDOWS",
          "LogonGuid": "{GUID-REDACTED}",
          "Image": "C:\\HOST\\USER\\conhost.exe",
          "ParentProcessGuid": "{GUID-REDACTED}",
          "UtcTime": "2026-03-22 05:45:45.680",
          "ParentCommandLine": "\"C:\\HOST\\USER\\cmd.exe\" ",
          "RuleName": "-",
          "ParentUser": "HOST\\USER",
          "Product": "Microsoft® Windows® Operating System",
          "ParentProcessId": "4684",
          "ProcessId": "4280",
          "LogonId": "0x22f6e2",
          "ProcessGuid": "{GUID-REDACTED}",
          "TerminalSessionId": "2",
          "Hashes": "SHA256=2B335DE3C724DDB63A4D14E57C8F5A742A87C1D07A41BE0EBAAC4E32A693D153",
          "OriginalFileName": "CONHOST.EXE",
          "IntegrityLevel": "Medium",
          "Company": "Microsoft Corporation",
          "User": "USER-REDACTED",
          "CommandLine": "\\??\\C:\\HOST\\USER\\conhost.exe 0xffffffff -ForceV1",
          "Description": "Console Window Host",
          "ParentImage": "C:\\HOST\\USER\\cmd.exe",
          "FileVersion": "10.0.26100.7920 (WinBuild.160101.0800)"
        }
      },
      "tags": [
        "beats_input_codec_plain_applied"
      ],
      "agent": {
        "type": "winlogbeat",
        "id": "e914dd33-e7be-4a91-b774-394d715855f5",
        "name": "HOST-REDACTED",
        "ephemeral_id": "b8267783-8d43-4086-8074-c2f96b9f9dae",
        "version": "9.3.2"
      },
      "event": {
        "kind": "event",
        "created": "2026-03-29T09:11:41.449Z",
        "code": "1",
        "action": "Process Create (rule: ProcessCreate)",
        "original": "Process Create:\nRuleName: -\nUtcTime: 2026-03-22 05:45:45.680\nProcessGuid: {GUID-REDACTED}\nProcessId: 4280\nImage: C:\\HOST\\USER\\conhost.exe\nFileVersion: 10.0.26100.7920 (WinBuild.160101.0800)\nDescription: Console Window Host\nProduct: Microsoft® Windows® Operating System\nCompany: Microsoft Corporation\nOriginalFileName: CONHOST.EXE\nCommandLine: \\??\\C:\\HOST\\USER\\conhost.exe 0xffffffff -ForceV1\nCurrentDirectory: C:\\WINDOWS\nUser: HOST\\USER\nLogonGuid: {GUID-REDACTED}\nLogonId: 0x22f6e2\nTerminalSessionId: 2\nIntegrityLevel: Medium\nHashes: SHA256=2B335DE3C724DDB63A4D14E57C8F5A742A87C1D07A41BE0EBAAC4E32A693D153\nParentProcessGuid: {GUID-REDACTED}\nParentProcessId: 4684\nParentImage: C:\\HOST\\USER\\cmd.exe\nParentCommandLine: \"C:\\HOST\\USER\\cmd.exe\" \nParentUser: HOST\\USER",
        "provider": "Microsoft-Windows-Sysmon"
      }
    },
    "parsed_type": "sysmon",
    "event_type_name": "ProcessCreate",
    "process_guid": "{GUID-REDACTED}",
    "process_id": "4280",
    "image": "C:\\HOST\\USER\\conhost.exe",
    "command_line": "\\??\\C:\\HOST\\USER\\conhost.exe 0xffffffff -ForceV1",
    "current_directory": "C:\\WINDOWS",
    "user": "USER-REDACTED",
    "logon_guid": "{GUID-REDACTED}",
    "logon_id": "0x22f6e2",
    "terminal_session_id": "2",
    "integrity_level": "Medium",
    "hashes": "SHA256=2B335DE3C724DDB63A4D14E57C8F5A742A87C1D07A41BE0EBAAC4E32A693D153",
    "parent_process_guid": "{GUID-REDACTED}",
    "parent_process_id": "4684",
    "parent_image": "C:\\HOST\\USER\\cmd.exe",
    "parent_command_line": "\"C:\\HOST\\USER\\cmd.exe\" ",
    "target_filename": null,
    "creation_utc_time": null,
    "destination_ip": null,
    "destination_port": null,
    "source_ip": null,
    "source_port": null,
    "protocol": null,
    "target_object": null,
    "details": null
  },
  {
    "timestamp": "2026-03-22T05:45:45.768Z",
    "message": "Process Create:\nRuleName: -\nUtcTime: 2026-03-22 05:45:45.730\nProcessGuid: {GUID-REDACTED}\nProcessId: 4352\nImage: C:\\Program HOST\\USER\\HOST\\USER\nFileVersion: -\nDescription: -\nProduct: -\nCompany: -\nOriginalFileName: -\nCommandLine: \"C:\\Program HOST\\USER\\HOST\\USER\" -Embedding\nCurrentDirectory: C:\\HOST\\USER\\\nUser: HOST\\USER\nLogonGuid: {GUID-REDACTED}\nLogonId: 0x22f6e2\nTerminalSessionId: 2\nIntegrityLevel: Medium\nHashes: SHA256=550DEA7A75E6E38008DFDD9FA82A341A642F4AE73C8C3469387772653718F623\nParentProcessGuid: {GUID-REDACTED}\nParentProcessId: 940\nParentImage: C:\\HOST\\USER\\svchost.exe\nParentCommandLine: C:\\HOST\\USER\\svchost.exe -k DcomLaunch -p\nParentUser: NT HOST\\USER",
    "event_code": "1",
    "event_action": "Process Create (rule: ProcessCreate)",
    "event_kind": "event",
    "provider": "Microsoft-Windows-Sysmon",
    "channel": "Microsoft-Windows-Sysmon/Operational",
    "event_id": "1",
    "record_id": 25,
    "computer_name": "HOST-REDACTED",
    "provider_name": "Microsoft-Windows-Sysmon",
    "log_level": "information",
    "host_name": "HOST-REDACTED",
    "host_hostname": "HOST-REDACTED",
    "host_os": "Windows 11 Pro",
    "agent_type": "winlogbeat",
    "agent_version": "9.3.2",
    "process_pid": 1596,
    "raw_event_data": {
      "CurrentDirectory": "C:\\HOST\\USER\\",
      "LogonGuid": "{GUID-REDACTED}",
      "Image": "C:\\Program HOST\\USER\\HOST\\USER",
      "ParentProcessGuid": "{GUID-REDACTED}",
      "UtcTime": "2026-03-22 05:45:45.730",
      "ParentCommandLine": "C:\\HOST\\USER\\svchost.exe -k DcomLaunch -p",
      "RuleName": "-",
      "ParentUser": "NT HOST\\USER",
      "ParentProcessId": "940",
      "Product": "-",
      "ProcessId": "4352",
      "LogonId": "0x22f6e2",
      "ProcessGuid": "{GUID-REDACTED}",
      "TerminalSessionId": "2",
      "Hashes": "SHA256=550DEA7A75E6E38008DFDD9FA82A341A642F4AE73C8C3469387772653718F623",
      "OriginalFileName": "-",
      "IntegrityLevel": "Medium",
      "Company": "-",
      "User": "USER-REDACTED",
      "CommandLine": "\"C:\\Program HOST\\USER\\HOST\\USER\" -Embedding",
      "Description": "-",
      "ParentImage": "C:\\HOST\\USER\\svchost.exe",
      "FileVersion": "-"
    },
    "raw": {
      "@timestamp": "2026-03-22T05:45:45.768Z",
      "message": "Process Create:\nRuleName: -\nUtcTime: 2026-03-22 05:45:45.730\nProcessGuid: {GUID-REDACTED}\nProcessId: 4352\nImage: C:\\Program HOST\\USER\\HOST\\USER\nFileVersion: -\nDescription: -\nProduct: -\nCompany: -\nOriginalFileName: -\nCommandLine: \"C:\\Program HOST\\USER\\HOST\\USER\" -Embedding\nCurrentDirectory: C:\\HOST\\USER\\\nUser: HOST\\USER\nLogonGuid: {GUID-REDACTED}\nLogonId: 0x22f6e2\nTerminalSessionId: 2\nIntegrityLevel: Medium\nHashes: SHA256=550DEA7A75E6E38008DFDD9FA82A341A642F4AE73C8C3469387772653718F623\nParentProcessGuid: {GUID-REDACTED}\nParentProcessId: 940\nParentImage: C:\\HOST\\USER\\svchost.exe\nParentCommandLine: C:\\HOST\\USER\\svchost.exe -k DcomLaunch -p\nParentUser: NT HOST\\USER",
      "ecs": {
        "version": "8.0.0"
      },
      "host": {
        "architecture": "x86_64",
        "name": "HOST-REDACTED",
        "id": "4c1ea299-cc74-49b5-ac0a-1138d9d08387",
        "os": {
          "type": "windows",
          "version": "10.0",
          "name": "Windows 11 Pro",
          "kernel": "10.0.26100.8036 (WinBuild.160101.0800)",
          "family": "windows",
          "build": "26200.8037",
          "platform": "windows"
        },
        "ip": [
          "fe80::1eac:376c:1bd5:f979",
          "IP-REDACTED"
        ],
        "mac": [
          "MAC-REDACTED"
        ],
        "hostname": "HOST-REDACTED"
      },
      "log": {
        "level": "information"
      },
      "@version": "1",
      "winlog": {
        "version": 5,
        "user": {
          "type": "Well Known Group",
          "name": "SYSTEM",
          "domain": "NT AUTHORITY",
          "identifier": "S-1-5-XX-REDACTED"
        },
        "event_id": "1",
        "record_id": 25,
        "provider_guid": "{GUID-REDACTED}",
        "channel": "Microsoft-Windows-Sysmon/Operational",
        "task": "Process Create (rule: ProcessCreate)",
        "opcode": "Info",
        "computer_name": "HOST-REDACTED",
        "process": {
          "thread": {
            "id": 1304
          },
          "pid": 1596
        },
        "provider_name": "Microsoft-Windows-Sysmon",
        "event_data": {
          "CurrentDirectory": "C:\\HOST\\USER\\",
          "LogonGuid": "{GUID-REDACTED}",
          "Image": "C:\\Program HOST\\USER\\HOST\\USER",
          "ParentProcessGuid": "{GUID-REDACTED}",
          "UtcTime": "2026-03-22 05:45:45.730",
          "ParentCommandLine": "C:\\HOST\\USER\\svchost.exe -k DcomLaunch -p",
          "RuleName": "-",
          "ParentUser": "NT HOST\\USER",
          "ParentProcessId": "940",
          "Product": "-",
          "ProcessId": "4352",
          "LogonId": "0x22f6e2",
          "ProcessGuid": "{GUID-REDACTED}",
          "TerminalSessionId": "2",
          "Hashes": "SHA256=550DEA7A75E6E38008DFDD9FA82A341A642F4AE73C8C3469387772653718F623",
          "OriginalFileName": "-",
          "IntegrityLevel": "Medium",
          "Company": "-",
          "User": "USER-REDACTED",
          "CommandLine": "\"C:\\Program HOST\\USER\\HOST\\USER\" -Embedding",
          "Description": "-",
          "ParentImage": "C:\\HOST\\USER\\svchost.exe",
          "FileVersion": "-"
        }
      },
      "tags": [
        "beats_input_codec_plain_applied"
      ],
      "agent": {
        "type": "winlogbeat",
        "id": "e914dd33-e7be-4a91-b774-394d715855f5",
        "name": "HOST-REDACTED",
        "ephemeral_id": "b8267783-8d43-4086-8074-c2f96b9f9dae",
        "version": "9.3.2"
      },
      "event": {
        "kind": "event",
        "created": "2026-03-29T09:11:41.449Z",
        "action": "Process Create (rule: ProcessCreate)",
        "code": "1",
        "original": "Process Create:\nRuleName: -\nUtcTime: 2026-03-22 05:45:45.730\nProcessGuid: {GUID-REDACTED}\nProcessId: 4352\nImage: C:\\Program HOST\\USER\\HOST\\USER\nFileVersion: -\nDescription: -\nProduct: -\nCompany: -\nOriginalFileName: -\nCommandLine: \"C:\\Program HOST\\USER\\HOST\\USER\" -Embedding\nCurrentDirectory: C:\\HOST\\USER\\\nUser: HOST\\USER\nLogonGuid: {GUID-REDACTED}\nLogonId: 0x22f6e2\nTerminalSessionId: 2\nIntegrityLevel: Medium\nHashes: SHA256=550DEA7A75E6E38008DFDD9FA82A341A642F4AE73C8C3469387772653718F623\nParentProcessGuid: {GUID-REDACTED}\nParentProcessId: 940\nParentImage: C:\\HOST\\USER\\svchost.exe\nParentCommandLine: C:\\HOST\\USER\\svchost.exe -k DcomLaunch -p\nParentUser: NT HOST\\USER",
        "provider": "Microsoft-Windows-Sysmon"
      }
    },
    "parsed_type": "sysmon",
    "event_type_name": "ProcessCreate",
    "process_guid": "{GUID-REDACTED}",
    "process_id": "4352",
    "image": "C:\\Program HOST\\USER\\HOST\\USER",
    "command_line": "\"C:\\Program HOST\\USER\\HOST\\USER\" -Embedding",
    "current_directory": "C:\\HOST\\USER\\",
    "user": "USER-REDACTED",
    "logon_guid": "{GUID-REDACTED}",
    "logon_id": "0x22f6e2",
    "terminal_session_id": "2",
    "integrity_level": "Medium",
    "hashes": "SHA256=550DEA7A75E6E38008DFDD9FA82A341A642F4AE73C8C3469387772653718F623",
    "parent_process_guid": "{GUID-REDACTED}",
    "parent_process_id": "940",
    "parent_image": "C:\\HOST\\USER\\svchost.exe",
    "parent_command_line": "C:\\HOST\\USER\\svchost.exe -k DcomLaunch -p",
    "target_filename": null,
    "creation_utc_time": null,
    "destination_ip": null,
    "destination_port": null,
    "source_ip": null,
    "source_port": null,
    "protocol": null,
    "target_object": null,
    "details": null
  },
  {
    "timestamp": "2026-03-22T05:45:45.889Z",
    "message": "Process Create:\nRuleName: -\nUtcTime: 2026-03-22 05:45:45.884\nProcessGuid: {GUID-REDACTED}\nProcessId: 7688\nImage: C:\\Program HOST\\USER\\HOST\\USER\nFileVersion: -\nDescription: -\nProduct: -\nCompany: -\nOriginalFileName: -\nCommandLine: \"C:\\Program HOST\\USER\\HOST\\USER\" -Embedding\nCurrentDirectory: C:\\HOST\\USER\\\nUser: HOST\\USER\nLogonGuid: {GUID-REDACTED}\nLogonId: 0x22f6e2\nTerminalSessionId: 2\nIntegrityLevel: Medium\nHashes: SHA256=C93512B004AD368992F76142E9718E8B58893D543B0906DC56D8C460AFF20AF1\nParentProcessGuid: {GUID-REDACTED}\nParentProcessId: 940\nParentImage: C:\\HOST\\USER\\svchost.exe\nParentCommandLine: C:\\HOST\\USER\\svchost.exe -k DcomLaunch -p\nParentUser: NT HOST\\USER",
    "event_code": "1",
    "event_action": "Process Create (rule: ProcessCreate)",
    "event_kind": "event",
    "provider": "Microsoft-Windows-Sysmon",
    "channel": "Microsoft-Windows-Sysmon/Operational",
    "event_id": "1",
    "record_id": 26,
    "computer_name": "HOST-REDACTED",
    "provider_name": "Microsoft-Windows-Sysmon",
    "log_level": "information",
    "host_name": "HOST-REDACTED",
    "host_hostname": "HOST-REDACTED",
    "host_os": "Windows 11 Pro",
    "agent_type": "winlogbeat",
    "agent_version": "9.3.2",
    "process_pid": 1596,
    "raw_event_data": {
      "CurrentDirectory": "C:\\HOST\\USER\\",
      "LogonGuid": "{GUID-REDACTED}",
      "Image": "C:\\Program HOST\\USER\\HOST\\USER",
      "ParentProcessGuid": "{GUID-REDACTED}",
      "UtcTime": "2026-03-22 05:45:45.884",
      "ParentCommandLine": "C:\\HOST\\USER\\svchost.exe -k DcomLaunch -p",
      "RuleName": "-",
      "ParentUser": "NT HOST\\USER",
      "Product": "-",
      "ParentProcessId": "940",
      "ProcessId": "7688",
      "LogonId": "0x22f6e2",
      "ProcessGuid": "{GUID-REDACTED}",
      "TerminalSessionId": "2",
      "Hashes": "SHA256=C93512B004AD368992F76142E9718E8B58893D543B0906DC56D8C460AFF20AF1",
      "OriginalFileName": "-",
      "IntegrityLevel": "Medium",
      "Company": "-",
      "User": "USER-REDACTED",
      "CommandLine": "\"C:\\Program HOST\\USER\\HOST\\USER\" -Embedding",
      "Description": "-",
      "ParentImage": "C:\\HOST\\USER\\svchost.exe",
      "FileVersion": "-"
    },
    "raw": {
      "@timestamp": "2026-03-22T05:45:45.889Z",
      "host": {
        "architecture": "x86_64",
        "name": "HOST-REDACTED",
        "id": "4c1ea299-cc74-49b5-ac0a-1138d9d08387",
        "os": {
          "type": "windows",
          "version": "10.0",
          "name": "Windows 11 Pro",
          "kernel": "10.0.26100.8036 (WinBuild.160101.0800)",
          "family": "windows",
          "build": "26200.8037",
          "platform": "windows"
        },
        "ip": [
          "fe80::1eac:376c:1bd5:f979",
          "IP-REDACTED"
        ],
        "mac": [
          "MAC-REDACTED"
        ],
        "hostname": "HOST-REDACTED"
      },
      "message": "Process Create:\nRuleName: -\nUtcTime: 2026-03-22 05:45:45.884\nProcessGuid: {GUID-REDACTED}\nProcessId: 7688\nImage: C:\\Program HOST\\USER\\HOST\\USER\nFileVersion: -\nDescription: -\nProduct: -\nCompany: -\nOriginalFileName: -\nCommandLine: \"C:\\Program HOST\\USER\\HOST\\USER\" -Embedding\nCurrentDirectory: C:\\HOST\\USER\\\nUser: HOST\\USER\nLogonGuid: {GUID-REDACTED}\nLogonId: 0x22f6e2\nTerminalSessionId: 2\nIntegrityLevel: Medium\nHashes: SHA256=C93512B004AD368992F76142E9718E8B58893D543B0906DC56D8C460AFF20AF1\nParentProcessGuid: {GUID-REDACTED}\nParentProcessId: 940\nParentImage: C:\\HOST\\USER\\svchost.exe\nParentCommandLine: C:\\HOST\\USER\\svchost.exe -k DcomLaunch -p\nParentUser: NT HOST\\USER",
      "ecs": {
        "version": "8.0.0"
      },
      "log": {
        "level": "information"
      },
      "@version": "1",
      "winlog": {
        "version": 5,
        "user": {
          "type": "Well Known Group",
          "name": "SYSTEM",
          "domain": "NT AUTHORITY",
          "identifier": "S-1-5-XX-REDACTED"
        },
        "event_id": "1",
        "record_id": 26,
        "provider_guid": "{GUID-REDACTED}",
        "channel": "Microsoft-Windows-Sysmon/Operational",
        "task": "Process Create (rule: ProcessCreate)",
        "opcode": "Info",
        "computer_name": "HOST-REDACTED",
        "process": {
          "thread": {
            "id": 1304
          },
          "pid": 1596
        },
        "provider_name": "Microsoft-Windows-Sysmon",
        "event_data": {
          "CurrentDirectory": "C:\\HOST\\USER\\",
          "LogonGuid": "{GUID-REDACTED}",
          "Image": "C:\\Program HOST\\USER\\HOST\\USER",
          "ParentProcessGuid": "{GUID-REDACTED}",
          "UtcTime": "2026-03-22 05:45:45.884",
          "ParentCommandLine": "C:\\HOST\\USER\\svchost.exe -k DcomLaunch -p",
          "RuleName": "-",
          "ParentUser": "NT HOST\\USER",
          "Product": "-",
          "ParentProcessId": "940",
          "ProcessId": "7688",
          "LogonId": "0x22f6e2",
          "ProcessGuid": "{GUID-REDACTED}",
          "TerminalSessionId": "2",
          "Hashes": "SHA256=C93512B004AD368992F76142E9718E8B58893D543B0906DC56D8C460AFF20AF1",
          "OriginalFileName": "-",
          "IntegrityLevel": "Medium",
          "Company": "-",
          "User": "USER-REDACTED",
          "CommandLine": "\"C:\\Program HOST\\USER\\HOST\\USER\" -Embedding",
          "Description": "-",
          "ParentImage": "C:\\HOST\\USER\\svchost.exe",
          "FileVersion": "-"
        }
      },
      "tags": [
        "beats_input_codec_plain_applied"
      ],
      "agent": {
        "type": "winlogbeat",
        "version": "9.3.2",
        "id": "e914dd33-e7be-4a91-b774-394d715855f5",
        "ephemeral_id": "b8267783-8d43-4086-8074-c2f96b9f9dae",
        "name": "HOST-REDACTED"
      },
      "event": {
        "kind": "event",
        "created": "2026-03-29T09:11:41.449Z",
        "code": "1",
        "action": "Process Create (rule: ProcessCreate)",
        "original": "Process Create:\nRuleName: -\nUtcTime: 2026-03-22 05:45:45.884\nProcessGuid: {GUID-REDACTED}\nProcessId: 7688\nImage: C:\\Program HOST\\USER\\HOST\\USER\nFileVersion: -\nDescription: -\nProduct: -\nCompany: -\nOriginalFileName: -\nCommandLine: \"C:\\Program HOST\\USER\\HOST\\USER\" -Embedding\nCurrentDirectory: C:\\HOST\\USER\\\nUser: HOST\\USER\nLogonGuid: {GUID-REDACTED}\nLogonId: 0x22f6e2\nTerminalSessionId: 2\nIntegrityLevel: Medium\nHashes: SHA256=C93512B004AD368992F76142E9718E8B58893D543B0906DC56D8C460AFF20AF1\nParentProcessGuid: {GUID-REDACTED}\nParentProcessId: 940\nParentImage: C:\\HOST\\USER\\svchost.exe\nParentCommandLine: C:\\HOST\\USER\\svchost.exe -k DcomLaunch -p\nParentUser: NT HOST\\USER",
        "provider": "Microsoft-Windows-Sysmon"
      }
    },
    "parsed_type": "sysmon",
    "event_type_name": "ProcessCreate",
    "process_guid": "{GUID-REDACTED}",
    "process_id": "7688",
    "image": "C:\\Program HOST\\USER\\HOST\\USER",
    "command_line": "\"C:\\Program HOST\\USER\\HOST\\USER\" -Embedding",
    "current_directory": "C:\\HOST\\USER\\",
    "user": "USER-REDACTED",
    "logon_guid": "{GUID-REDACTED}",
    "logon_id": "0x22f6e2",
    "terminal_session_id": "2",
    "integrity_level": "Medium",
    "hashes": "SHA256=C93512B004AD368992F76142E9718E8B58893D543B0906DC56D8C460AFF20AF1",
    "parent_process_guid": "{GUID-REDACTED}",
    "parent_process_id": "940",
    "parent_image": "C:\\HOST\\USER\\svchost.exe",
    "parent_command_line": "C:\\HOST\\USER\\svchost.exe -k DcomLaunch -p",
    "target_filename": null,
    "creation_utc_time": null,
    "destination_ip": null,
    "destination_port": null,
    "source_ip": null,
    "source_port": null,
    "protocol": null,
    "target_object": null,
    "details": null
  },
  {
    "timestamp": "2026-03-22T05:45:46.267Z",
    "message": "Process Create:\nRuleName: -\nUtcTime: 2026-03-22 05:45:46.257\nProcessGuid: {GUID-REDACTED}\nProcessId: 3052\nImage: C:\\HOST\\USER\\RuntimeBroker.exe\nFileVersion: 10.0.26100.7309 (WinBuild.160101.0800)\nDescription: Runtime Broker\nProduct: Microsoft® Windows® Operating System\nCompany: Microsoft Corporation\nOriginalFileName: RuntimeBroker.exe\nCommandLine: C:\\HOST\\USER\\RuntimeBroker.exe -Embedding\nCurrentDirectory: C:\\HOST\\USER\\\nUser: HOST\\USER\nLogonGuid: {GUID-REDACTED}\nLogonId: 0x22f6e2\nTerminalSessionId: 2\nIntegrityLevel: Medium\nHashes: SHA256=9D4571F9C93BC1CFA5F390D09EF79AC0A29656122A793CB6376027566B8D3121\nParentProcessGuid: {GUID-REDACTED}\nParentProcessId: 940\nParentImage: C:\\HOST\\USER\\svchost.exe\nParentCommandLine: C:\\HOST\\USER\\svchost.exe -k DcomLaunch -p\nParentUser: NT HOST\\USER",
    "event_code": "1",
    "event_action": "Process Create (rule: ProcessCreate)",
    "event_kind": "event",
    "provider": "Microsoft-Windows-Sysmon",
    "channel": "Microsoft-Windows-Sysmon/Operational",
    "event_id": "1",
    "record_id": 27,
    "computer_name": "HOST-REDACTED",
    "provider_name": "Microsoft-Windows-Sysmon",
    "log_level": "information",
    "host_name": "HOST-REDACTED",
    "host_hostname": "HOST-REDACTED",
    "host_os": "Windows 11 Pro",
    "agent_type": "winlogbeat",
    "agent_version": "9.3.2",
    "process_pid": 1596,
    "raw_event_data": {
      "CurrentDirectory": "C:\\HOST\\USER\\",
      "LogonGuid": "{GUID-REDACTED}",
      "Image": "C:\\HOST\\USER\\RuntimeBroker.exe",
      "ParentProcessGuid": "{GUID-REDACTED}",
      "UtcTime": "2026-03-22 05:45:46.257",
      "ParentCommandLine": "C:\\HOST\\USER\\svchost.exe -k DcomLaunch -p",
      "RuleName": "-",
      "ParentUser": "NT HOST\\USER",
      "Product": "Microsoft® Windows® Operating System",
      "ParentProcessId": "940",
      "ProcessId": "3052",
      "LogonId": "0x22f6e2",
      "ProcessGuid": "{GUID-REDACTED}",
      "TerminalSessionId": "2",
      "Hashes": "SHA256=9D4571F9C93BC1CFA5F390D09EF79AC0A29656122A793CB6376027566B8D3121",
      "OriginalFileName": "RuntimeBroker.exe",
      "IntegrityLevel": "Medium",
      "Company": "Microsoft Corporation",
      "User": "USER-REDACTED",
      "Description": "Runtime Broker",
      "CommandLine": "C:\\HOST\\USER\\RuntimeBroker.exe -Embedding",
      "ParentImage": "C:\\HOST\\USER\\svchost.exe",
      "FileVersion": "10.0.26100.7309 (WinBuild.160101.0800)"
    },
    "raw": {
      "@timestamp": "2026-03-22T05:45:46.267Z",
      "host": {
        "architecture": "x86_64",
        "name": "HOST-REDACTED",
        "id": "4c1ea299-cc74-49b5-ac0a-1138d9d08387",
        "os": {
          "type": "windows",
          "kernel": "10.0.26100.8036 (WinBuild.160101.0800)",
          "version": "10.0",
          "name": "Windows 11 Pro",
          "family": "windows",
          "build": "26200.8037",
          "platform": "windows"
        },
        "ip": [
          "fe80::1eac:376c:1bd5:f979",
          "IP-REDACTED"
        ],
        "mac": [
          "MAC-REDACTED"
        ],
        "hostname": "HOST-REDACTED"
      },
      "message": "Process Create:\nRuleName: -\nUtcTime: 2026-03-22 05:45:46.257\nProcessGuid: {GUID-REDACTED}\nProcessId: 3052\nImage: C:\\HOST\\USER\\RuntimeBroker.exe\nFileVersion: 10.0.26100.7309 (WinBuild.160101.0800)\nDescription: Runtime Broker\nProduct: Microsoft® Windows® Operating System\nCompany: Microsoft Corporation\nOriginalFileName: RuntimeBroker.exe\nCommandLine: C:\\HOST\\USER\\RuntimeBroker.exe -Embedding\nCurrentDirectory: C:\\HOST\\USER\\\nUser: HOST\\USER\nLogonGuid: {GUID-REDACTED}\nLogonId: 0x22f6e2\nTerminalSessionId: 2\nIntegrityLevel: Medium\nHashes: SHA256=9D4571F9C93BC1CFA5F390D09EF79AC0A29656122A793CB6376027566B8D3121\nParentProcessGuid: {GUID-REDACTED}\nParentProcessId: 940\nParentImage: C:\\HOST\\USER\\svchost.exe\nParentCommandLine: C:\\HOST\\USER\\svchost.exe -k DcomLaunch -p\nParentUser: NT HOST\\USER",
      "log": {
        "level": "information"
      },
      "ecs": {
        "version": "8.0.0"
      },
      "@version": "1",
      "winlog": {
        "version": 5,
        "user": {
          "type": "Well Known Group",
          "name": "SYSTEM",
          "domain": "NT AUTHORITY",
          "identifier": "S-1-5-XX-REDACTED"
        },
        "event_id": "1",
        "record_id": 27,
        "provider_guid": "{GUID-REDACTED}",
        "channel": "Microsoft-Windows-Sysmon/Operational",
        "task": "Process Create (rule: ProcessCreate)",
        "opcode": "Info",
        "process": {
          "thread": {
            "id": 1304
          },
          "pid": 1596
        },
        "computer_name": "HOST-REDACTED",
        "provider_name": "Microsoft-Windows-Sysmon",
        "event_data": {
          "CurrentDirectory": "C:\\HOST\\USER\\",
          "LogonGuid": "{GUID-REDACTED}",
          "Image": "C:\\HOST\\USER\\RuntimeBroker.exe",
          "ParentProcessGuid": "{GUID-REDACTED}",
          "UtcTime": "2026-03-22 05:45:46.257",
          "ParentCommandLine": "C:\\HOST\\USER\\svchost.exe -k DcomLaunch -p",
          "RuleName": "-",
          "ParentUser": "NT HOST\\USER",
          "Product": "Microsoft® Windows® Operating System",
          "ParentProcessId": "940",
          "ProcessId": "3052",
          "LogonId": "0x22f6e2",
          "ProcessGuid": "{GUID-REDACTED}",
          "TerminalSessionId": "2",
          "Hashes": "SHA256=9D4571F9C93BC1CFA5F390D09EF79AC0A29656122A793CB6376027566B8D3121",
          "OriginalFileName": "RuntimeBroker.exe",
          "IntegrityLevel": "Medium",
          "Company": "Microsoft Corporation",
          "User": "USER-REDACTED",
          "Description": "Runtime Broker",
          "CommandLine": "C:\\HOST\\USER\\RuntimeBroker.exe -Embedding",
          "ParentImage": "C:\\HOST\\USER\\svchost.exe",
          "FileVersion": "10.0.26100.7309 (WinBuild.160101.0800)"
        }
      },
      "tags": [
        "beats_input_codec_plain_applied"
      ],
      "agent": {
        "type": "winlogbeat",
        "version": "9.3.2",
        "id": "e914dd33-e7be-4a91-b774-394d715855f5",
        "ephemeral_id": "b8267783-8d43-4086-8074-c2f96b9f9dae",
        "name": "HOST-REDACTED"
      },
      "event": {
        "kind": "event",
        "created": "2026-03-29T09:11:41.450Z",
        "action": "Process Create (rule: ProcessCreate)",
        "code": "1",
        "original": "Process Create:\nRuleName: -\nUtcTime: 2026-03-22 05:45:46.257\nProcessGuid: {GUID-REDACTED}\nProcessId: 3052\nImage: C:\\HOST\\USER\\RuntimeBroker.exe\nFileVersion: 10.0.26100.7309 (WinBuild.160101.0800)\nDescription: Runtime Broker\nProduct: Microsoft® Windows® Operating System\nCompany: Microsoft Corporation\nOriginalFileName: RuntimeBroker.exe\nCommandLine: C:\\HOST\\USER\\RuntimeBroker.exe -Embedding\nCurrentDirectory: C:\\HOST\\USER\\\nUser: HOST\\USER\nLogonGuid: {GUID-REDACTED}\nLogonId: 0x22f6e2\nTerminalSessionId: 2\nIntegrityLevel: Medium\nHashes: SHA256=9D4571F9C93BC1CFA5F390D09EF79AC0A29656122A793CB6376027566B8D3121\nParentProcessGuid: {GUID-REDACTED}\nParentProcessId: 940\nParentImage: C:\\HOST\\USER\\svchost.exe\nParentCommandLine: C:\\HOST\\USER\\svchost.exe -k DcomLaunch -p\nParentUser: NT HOST\\USER",
        "provider": "Microsoft-Windows-Sysmon"
      }
    },
    "parsed_type": "sysmon",
    "event_type_name": "ProcessCreate",
    "process_guid": "{GUID-REDACTED}",
    "process_id": "3052",
    "image": "C:\\HOST\\USER\\RuntimeBroker.exe",
    "command_line": "C:\\HOST\\USER\\RuntimeBroker.exe -Embedding",
    "current_directory": "C:\\HOST\\USER\\",
    "user": "USER-REDACTED",
    "logon_guid": "{GUID-REDACTED}",
    "logon_id": "0x22f6e2",
    "terminal_session_id": "2",
    "integrity_level": "Medium",
    "hashes": "SHA256=9D4571F9C93BC1CFA5F390D09EF79AC0A29656122A793CB6376027566B8D3121",
    "parent_process_guid": "{GUID-REDACTED}",
    "parent_process_id": "940",
    "parent_image": "C:\\HOST\\USER\\svchost.exe",
    "parent_command_line": "C:\\HOST\\USER\\svchost.exe -k DcomLaunch -p",
    "target_filename": null,
    "creation_utc_time": null,
    "destination_ip": null,
    "destination_port": null,
    "source_ip": null,
    "source_port": null,
    "protocol": null,
    "target_object": null,
    "details": null
  },
