  {
    "timestamp": "2026-03-22T05:54:12.303Z",
    "message": "Process Create:\nRuleName: -\nUtcTime: 2026-03-22 05:54:12.300\nProcessGuid: {GUID-REDACTED}\nProcessId: 9716\nImage: C:\\HOST\\USER\\conhost.exe\nFileVersion: 10.0.26100.7920 (WinBuild.160101.0800)\nDescription: Console Window Host\nProduct: Microsoft® Windows® Operating System\nCompany: Microsoft Corporation\nOriginalFileName: CONHOST.EXE\nCommandLine: \\??\\C:\\HOST\\USER\\conhost.exe 0xffffffff -ForceV1\nCurrentDirectory: C:\\WINDOWS\nUser: NT HOST\\USER\nLogonGuid: {GUID-REDACTED}\nLogonId: 0x3e7\nTerminalSessionId: 0\nIntegrityLevel: System\nHashes: SHA256=2B335DE3C724DDB63A4D14E57C8F5A742A87C1D07A41BE0EBAAC4E32A693D153\nParentProcessGuid: {GUID-REDACTED}\nParentProcessId: 11236\nParentImage: C:\\HOST\\USER\\wevtutil.exe\nParentCommandLine: \"C:\\HOST\\USER\\wevtutil.exe\" install-manifest \"C:\\Program HOST\\USER\\HOST\\USER\" /resourceFilePath:\"C:\\Program HOST\\USER\\HOST\\USER\" /messageFilePath:\"C:\\Program HOST\\USER\\HOST\\USER\" /unicode:true\nParentUser: NT HOST\\USER",
    "event_code": "1",
    "event_action": "Process Create (rule: ProcessCreate)",
    "event_kind": "event",
    "provider": "Microsoft-Windows-Sysmon",
    "channel": "Microsoft-Windows-Sysmon/Operational",
    "event_id": "1",
    "record_id": 263,
    "computer_name": "HOST-REDACTED",
    "provider_name": "Microsoft-Windows-Sysmon",
    "log_level": "information",
    "host_name": "HOST-REDACTED",
    "host_hostname": "HOST-REDACTED",
    "host_os": "Windows 11 Pro",
    "agent_type": "winlogbeat",
    "agent_version": "9.3.2",
    "process_pid": 1596,
    "raw_event_data": {
      "CurrentDirectory": "C:\\WINDOWS",
      "LogonGuid": "{GUID-REDACTED}",
      "Image": "C:\\HOST\\USER\\conhost.exe",
      "UtcTime": "2026-03-22 05:54:12.300",
      "ParentProcessGuid": "{GUID-REDACTED}",
      "ParentCommandLine": "\"C:\\HOST\\USER\\wevtutil.exe\" install-manifest \"C:\\Program HOST\\USER\\HOST\\USER\" /resourceFilePath:\"C:\\Program HOST\\USER\\HOST\\USER\" /messageFilePath:\"C:\\Program HOST\\USER\\HOST\\USER\" /unicode:true",
      "RuleName": "-",
      "ParentUser": "NT HOST\\USER",
      "ParentProcessId": "11236",
      "Product": "Microsoft® Windows® Operating System",
      "ProcessId": "9716",
      "LogonId": "0x3e7",
      "ProcessGuid": "{GUID-REDACTED}",
      "TerminalSessionId": "0",
      "Hashes": "SHA256=2B335DE3C724DDB63A4D14E57C8F5A742A87C1D07A41BE0EBAAC4E32A693D153",
      "OriginalFileName": "CONHOST.EXE",
      "IntegrityLevel": "System",
      "Company": "Microsoft Corporation",
      "User": "USER-REDACTED",
      "Description": "Console Window Host",
      "CommandLine": "\\??\\C:\\HOST\\USER\\conhost.exe 0xffffffff -ForceV1",
      "ParentImage": "C:\\HOST\\USER\\wevtutil.exe",
      "FileVersion": "10.0.26100.7920 (WinBuild.160101.0800)"
    },
    "raw": {
      "@timestamp": "2026-03-22T05:54:12.303Z",
      "ecs": {
        "version": "8.0.0"
      },
      "message": "Process Create:\nRuleName: -\nUtcTime: 2026-03-22 05:54:12.300\nProcessGuid: {GUID-REDACTED}\nProcessId: 9716\nImage: C:\\HOST\\USER\\conhost.exe\nFileVersion: 10.0.26100.7920 (WinBuild.160101.0800)\nDescription: Console Window Host\nProduct: Microsoft® Windows® Operating System\nCompany: Microsoft Corporation\nOriginalFileName: CONHOST.EXE\nCommandLine: \\??\\C:\\HOST\\USER\\conhost.exe 0xffffffff -ForceV1\nCurrentDirectory: C:\\WINDOWS\nUser: NT HOST\\USER\nLogonGuid: {GUID-REDACTED}\nLogonId: 0x3e7\nTerminalSessionId: 0\nIntegrityLevel: System\nHashes: SHA256=2B335DE3C724DDB63A4D14E57C8F5A742A87C1D07A41BE0EBAAC4E32A693D153\nParentProcessGuid: {GUID-REDACTED}\nParentProcessId: 11236\nParentImage: C:\\HOST\\USER\\wevtutil.exe\nParentCommandLine: \"C:\\HOST\\USER\\wevtutil.exe\" install-manifest \"C:\\Program HOST\\USER\\HOST\\USER\" /resourceFilePath:\"C:\\Program HOST\\USER\\HOST\\USER\" /messageFilePath:\"C:\\Program HOST\\USER\\HOST\\USER\" /unicode:true\nParentUser: NT HOST\\USER",
      "log": {
        "level": "information"
      },
      "host": {
        "hostname": "HOST-REDACTED",
        "id": "4c1ea299-cc74-49b5-ac0a-1138d9d08387",
        "ip": [
          "fe80::1eac:376c:1bd5:f979",
          "IP-REDACTED"
        ],
        "os": {
          "type": "windows",
          "name": "Windows 11 Pro",
          "kernel": "10.0.26100.8036 (WinBuild.160101.0800)",
          "version": "10.0",
          "family": "windows",
          "build": "26200.8037",
          "platform": "windows"
        },
        "name": "HOST-REDACTED",
        "mac": [
          "MAC-REDACTED"
        ],
        "architecture": "x86_64"
      },
      "@version": "1",
      "winlog": {
        "version": 5,
        "user": {
          "type": "Well Known Group",
          "name": "SYSTEM",
          "domain": "NT AUTHORITY",
          "identifier": "S-1-5-XX-REDACTED"
        },
        "event_id": "1",
        "record_id": 263,
        "provider_guid": "{GUID-REDACTED}",
        "channel": "Microsoft-Windows-Sysmon/Operational",
        "task": "Process Create (rule: ProcessCreate)",
        "opcode": "Info",
        "process": {
          "thread": {
            "id": 1304
          },
          "pid": 1596
        },
        "computer_name": "HOST-REDACTED",
        "provider_name": "Microsoft-Windows-Sysmon",
        "event_data": {
          "CurrentDirectory": "C:\\WINDOWS",
          "LogonGuid": "{GUID-REDACTED}",
          "Image": "C:\\HOST\\USER\\conhost.exe",
          "UtcTime": "2026-03-22 05:54:12.300",
          "ParentProcessGuid": "{GUID-REDACTED}",
          "ParentCommandLine": "\"C:\\HOST\\USER\\wevtutil.exe\" install-manifest \"C:\\Program HOST\\USER\\HOST\\USER\" /resourceFilePath:\"C:\\Program HOST\\USER\\HOST\\USER\" /messageFilePath:\"C:\\Program HOST\\USER\\HOST\\USER\" /unicode:true",
          "RuleName": "-",
          "ParentUser": "NT HOST\\USER",
          "ParentProcessId": "11236",
          "Product": "Microsoft® Windows® Operating System",
          "ProcessId": "9716",
          "LogonId": "0x3e7",
          "ProcessGuid": "{GUID-REDACTED}",
          "TerminalSessionId": "0",
          "Hashes": "SHA256=2B335DE3C724DDB63A4D14E57C8F5A742A87C1D07A41BE0EBAAC4E32A693D153",
          "OriginalFileName": "CONHOST.EXE",
          "IntegrityLevel": "System",
          "Company": "Microsoft Corporation",
          "User": "USER-REDACTED",
          "Description": "Console Window Host",
          "CommandLine": "\\??\\C:\\HOST\\USER\\conhost.exe 0xffffffff -ForceV1",
          "ParentImage": "C:\\HOST\\USER\\wevtutil.exe",
          "FileVersion": "10.0.26100.7920 (WinBuild.160101.0800)"
        }
      },
      "tags": [
        "beats_input_codec_plain_applied"
      ],
      "agent": {
        "type": "winlogbeat",
        "id": "e914dd33-e7be-4a91-b774-394d715855f5",
        "name": "HOST-REDACTED",
        "version": "9.3.2",
        "ephemeral_id": "b8267783-8d43-4086-8074-c2f96b9f9dae"
      },
      "event": {
        "kind": "event",
        "created": "2026-03-29T09:11:41.470Z",
        "action": "Process Create (rule: ProcessCreate)",
        "code": "1",
        "original": "Process Create:\nRuleName: -\nUtcTime: 2026-03-22 05:54:12.300\nProcessGuid: {GUID-REDACTED}\nProcessId: 9716\nImage: C:\\HOST\\USER\\conhost.exe\nFileVersion: 10.0.26100.7920 (WinBuild.160101.0800)\nDescription: Console Window Host\nProduct: Microsoft® Windows® Operating System\nCompany: Microsoft Corporation\nOriginalFileName: CONHOST.EXE\nCommandLine: \\??\\C:\\HOST\\USER\\conhost.exe 0xffffffff -ForceV1\nCurrentDirectory: C:\\WINDOWS\nUser: NT HOST\\USER\nLogonGuid: {GUID-REDACTED}\nLogonId: 0x3e7\nTerminalSessionId: 0\nIntegrityLevel: System\nHashes: SHA256=2B335DE3C724DDB63A4D14E57C8F5A742A87C1D07A41BE0EBAAC4E32A693D153\nParentProcessGuid: {GUID-REDACTED}\nParentProcessId: 11236\nParentImage: C:\\HOST\\USER\\wevtutil.exe\nParentCommandLine: \"C:\\HOST\\USER\\wevtutil.exe\" install-manifest \"C:\\Program HOST\\USER\\HOST\\USER\" /resourceFilePath:\"C:\\Program HOST\\USER\\HOST\\USER\" /messageFilePath:\"C:\\Program HOST\\USER\\HOST\\USER\" /unicode:true\nParentUser: NT HOST\\USER",
        "provider": "Microsoft-Windows-Sysmon"
      }
    },
    "parsed_type": "sysmon",
    "event_type_name": "ProcessCreate",
    "process_guid": "{GUID-REDACTED}",
    "process_id": "9716",
    "image": "C:\\HOST\\USER\\conhost.exe",
    "command_line": "\\??\\C:\\HOST\\USER\\conhost.exe 0xffffffff -ForceV1",
    "current_directory": "C:\\WINDOWS",
    "user": "USER-REDACTED",
    "logon_guid": "{GUID-REDACTED}",
    "logon_id": "0x3e7",
    "terminal_session_id": "0",
    "integrity_level": "System",
    "hashes": "SHA256=2B335DE3C724DDB63A4D14E57C8F5A742A87C1D07A41BE0EBAAC4E32A693D153",
    "parent_process_guid": "{GUID-REDACTED}",
    "parent_process_id": "11236",
    "parent_image": "C:\\HOST\\USER\\wevtutil.exe",
    "parent_command_line": "\"C:\\HOST\\USER\\wevtutil.exe\" install-manifest \"C:\\Program HOST\\USER\\HOST\\USER\" /resourceFilePath:\"C:\\Program HOST\\USER\\HOST\\USER\" /messageFilePath:\"C:\\Program HOST\\USER\\HOST\\USER\" /unicode:true",
    "target_filename": null,
    "creation_utc_time": null,
    "destination_ip": null,
    "destination_port": null,
    "source_ip": null,
    "source_port": null,
    "protocol": null,
    "target_object": null,
    "details": null
  },
  {
    "timestamp": "2026-03-22T05:54:13.217Z",
    "message": "Process Create:\nRuleName: -\nUtcTime: 2026-03-22 05:54:13.211\nProcessGuid: {GUID-REDACTED}\nProcessId: 1188\nImage: C:\\HOST\\USER\\rundll32.exe\nFileVersion: 10.0.26100.7309 (WinBuild.160101.0800)\nDescription: Windows host process (Rundll32)\nProduct: Microsoft® Windows® Operating System\nCompany: Microsoft Corporation\nOriginalFileName: RUNDLL32.EXE\nCommandLine: C:\\HOST\\USER\\rundll32.exe C:\\HOST\\USER\\AppXDeploymentExtensions.OneCore.dll,ShellRefresh\nCurrentDirectory: C:\\HOST\\USER\\\nUser: HOST\\USER\nLogonGuid: {GUID-REDACTED}\nLogonId: 0x22f6e2\nTerminalSessionId: 2\nIntegrityLevel: Medium\nHashes: SHA256=4193F529BFF2729769D82CB83EE206D2AF16C59208D6DC5CD8B54CD9C6703A11\nParentProcessGuid: {GUID-REDACTED}\nParentProcessId: 3948\nParentImage: C:\\HOST\\USER\\svchost.exe\nParentCommandLine: C:\\HOST\\USER\\svchost.exe -k wsappx -p -s AppXSvc\nParentUser: NT HOST\\USER",
    "event_code": "1",
    "event_action": "Process Create (rule: ProcessCreate)",
    "event_kind": "event",
    "provider": "Microsoft-Windows-Sysmon",
    "channel": "Microsoft-Windows-Sysmon/Operational",
    "event_id": "1",
    "record_id": 266,
    "computer_name": "HOST-REDACTED",
    "provider_name": "Microsoft-Windows-Sysmon",
    "log_level": "information",
    "host_name": "HOST-REDACTED",
    "host_hostname": "HOST-REDACTED",
    "host_os": "Windows 11 Pro",
    "agent_type": "winlogbeat",
    "agent_version": "9.3.2",
    "process_pid": 1596,
    "raw_event_data": {
      "CurrentDirectory": "C:\\HOST\\USER\\",
      "LogonGuid": "{GUID-REDACTED}",
      "Image": "C:\\HOST\\USER\\rundll32.exe",
      "ParentProcessGuid": "{GUID-REDACTED}",
      "UtcTime": "2026-03-22 05:54:13.211",
      "ParentCommandLine": "C:\\HOST\\USER\\svchost.exe -k wsappx -p -s AppXSvc",
      "RuleName": "-",
      "ParentUser": "NT HOST\\USER",
      "Product": "Microsoft® Windows® Operating System",
      "ParentProcessId": "3948",
      "ProcessId": "1188",
      "LogonId": "0x22f6e2",
      "ProcessGuid": "{GUID-REDACTED}",
      "TerminalSessionId": "2",
      "Hashes": "SHA256=4193F529BFF2729769D82CB83EE206D2AF16C59208D6DC5CD8B54CD9C6703A11",
      "OriginalFileName": "RUNDLL32.EXE",
      "IntegrityLevel": "Medium",
      "Company": "Microsoft Corporation",
      "User": "USER-REDACTED",
      "Description": "Windows host process (Rundll32)",
      "CommandLine": "C:\\HOST\\USER\\rundll32.exe C:\\HOST\\USER\\AppXDeploymentExtensions.OneCore.dll,ShellRefresh",
      "ParentImage": "C:\\HOST\\USER\\svchost.exe",
      "FileVersion": "10.0.26100.7309 (WinBuild.160101.0800)"
    },
    "raw": {
      "@timestamp": "2026-03-22T05:54:13.217Z",
      "message": "Process Create:\nRuleName: -\nUtcTime: 2026-03-22 05:54:13.211\nProcessGuid: {GUID-REDACTED}\nProcessId: 1188\nImage: C:\\HOST\\USER\\rundll32.exe\nFileVersion: 10.0.26100.7309 (WinBuild.160101.0800)\nDescription: Windows host process (Rundll32)\nProduct: Microsoft® Windows® Operating System\nCompany: Microsoft Corporation\nOriginalFileName: RUNDLL32.EXE\nCommandLine: C:\\HOST\\USER\\rundll32.exe C:\\HOST\\USER\\AppXDeploymentExtensions.OneCore.dll,ShellRefresh\nCurrentDirectory: C:\\HOST\\USER\\\nUser: HOST\\USER\nLogonGuid: {GUID-REDACTED}\nLogonId: 0x22f6e2\nTerminalSessionId: 2\nIntegrityLevel: Medium\nHashes: SHA256=4193F529BFF2729769D82CB83EE206D2AF16C59208D6DC5CD8B54CD9C6703A11\nParentProcessGuid: {GUID-REDACTED}\nParentProcessId: 3948\nParentImage: C:\\HOST\\USER\\svchost.exe\nParentCommandLine: C:\\HOST\\USER\\svchost.exe -k wsappx -p -s AppXSvc\nParentUser: NT HOST\\USER",
      "host": {
        "architecture": "x86_64",
        "name": "HOST-REDACTED",
        "id": "4c1ea299-cc74-49b5-ac0a-1138d9d08387",
        "os": {
          "type": "windows",
          "name": "Windows 11 Pro",
          "kernel": "10.0.26100.8036 (WinBuild.160101.0800)",
          "version": "10.0",
          "family": "windows",
          "build": "26200.8037",
          "platform": "windows"
        },
        "ip": [
          "fe80::1eac:376c:1bd5:f979",
          "IP-REDACTED"
        ],
        "mac": [
          "MAC-REDACTED"
        ],
        "hostname": "HOST-REDACTED"
      },
      "log": {
        "level": "information"
      },
      "ecs": {
        "version": "8.0.0"
      },
      "@version": "1",
      "winlog": {
        "version": 5,
        "user": {
          "type": "Well Known Group",
          "name": "SYSTEM",
          "domain": "NT AUTHORITY",
          "identifier": "S-1-5-XX-REDACTED"
        },
        "event_id": "1",
        "record_id": 266,
        "provider_guid": "{GUID-REDACTED}",
        "channel": "Microsoft-Windows-Sysmon/Operational",
        "task": "Process Create (rule: ProcessCreate)",
        "opcode": "Info",
        "process": {
          "thread": {
            "id": 1304
          },
          "pid": 1596
        },
        "computer_name": "HOST-REDACTED",
        "provider_name": "Microsoft-Windows-Sysmon",
        "event_data": {
          "CurrentDirectory": "C:\\HOST\\USER\\",
          "LogonGuid": "{GUID-REDACTED}",
          "Image": "C:\\HOST\\USER\\rundll32.exe",
          "ParentProcessGuid": "{GUID-REDACTED}",
          "UtcTime": "2026-03-22 05:54:13.211",
          "ParentCommandLine": "C:\\HOST\\USER\\svchost.exe -k wsappx -p -s AppXSvc",
          "RuleName": "-",
          "ParentUser": "NT HOST\\USER",
          "Product": "Microsoft® Windows® Operating System",
          "ParentProcessId": "3948",
          "ProcessId": "1188",
          "LogonId": "0x22f6e2",
          "ProcessGuid": "{GUID-REDACTED}",
          "TerminalSessionId": "2",
          "Hashes": "SHA256=4193F529BFF2729769D82CB83EE206D2AF16C59208D6DC5CD8B54CD9C6703A11",
          "OriginalFileName": "RUNDLL32.EXE",
          "IntegrityLevel": "Medium",
          "Company": "Microsoft Corporation",
          "User": "USER-REDACTED",
          "Description": "Windows host process (Rundll32)",
          "CommandLine": "C:\\HOST\\USER\\rundll32.exe C:\\HOST\\USER\\AppXDeploymentExtensions.OneCore.dll,ShellRefresh",
          "ParentImage": "C:\\HOST\\USER\\svchost.exe",
          "FileVersion": "10.0.26100.7309 (WinBuild.160101.0800)"
        }
      },
      "tags": [
        "beats_input_codec_plain_applied"
      ],
      "agent": {
        "type": "winlogbeat",
        "version": "9.3.2",
        "id": "e914dd33-e7be-4a91-b774-394d715855f5",
        "ephemeral_id": "b8267783-8d43-4086-8074-c2f96b9f9dae",
        "name": "HOST-REDACTED"
      },
      "event": {
        "kind": "event",
        "created": "2026-03-29T09:11:41.470Z",
        "code": "1",
        "action": "Process Create (rule: ProcessCreate)",
        "original": "Process Create:\nRuleName: -\nUtcTime: 2026-03-22 05:54:13.211\nProcessGuid: {GUID-REDACTED}\nProcessId: 1188\nImage: C:\\HOST\\USER\\rundll32.exe\nFileVersion: 10.0.26100.7309 (WinBuild.160101.0800)\nDescription: Windows host process (Rundll32)\nProduct: Microsoft® Windows® Operating System\nCompany: Microsoft Corporation\nOriginalFileName: RUNDLL32.EXE\nCommandLine: C:\\HOST\\USER\\rundll32.exe C:\\HOST\\USER\\AppXDeploymentExtensions.OneCore.dll,ShellRefresh\nCurrentDirectory: C:\\HOST\\USER\\\nUser: HOST\\USER\nLogonGuid: {GUID-REDACTED}\nLogonId: 0x22f6e2\nTerminalSessionId: 2\nIntegrityLevel: Medium\nHashes: SHA256=4193F529BFF2729769D82CB83EE206D2AF16C59208D6DC5CD8B54CD9C6703A11\nParentProcessGuid: {GUID-REDACTED}\nParentProcessId: 3948\nParentImage: C:\\HOST\\USER\\svchost.exe\nParentCommandLine: C:\\HOST\\USER\\svchost.exe -k wsappx -p -s AppXSvc\nParentUser: NT HOST\\USER",
        "provider": "Microsoft-Windows-Sysmon"
      }
    },
    "parsed_type": "sysmon",
    "event_type_name": "ProcessCreate",
    "process_guid": "{GUID-REDACTED}",
    "process_id": "1188",
    "image": "C:\\HOST\\USER\\rundll32.exe",
    "command_line": "C:\\HOST\\USER\\rundll32.exe C:\\HOST\\USER\\AppXDeploymentExtensions.OneCore.dll,ShellRefresh",
    "current_directory": "C:\\HOST\\USER\\",
    "user": "USER-REDACTED",
    "logon_guid": "{GUID-REDACTED}",
    "logon_id": "0x22f6e2",
    "terminal_session_id": "2",
    "integrity_level": "Medium",
    "hashes": "SHA256=4193F529BFF2729769D82CB83EE206D2AF16C59208D6DC5CD8B54CD9C6703A11",
    "parent_process_guid": "{GUID-REDACTED}",
    "parent_process_id": "3948",
    "parent_image": "C:\\HOST\\USER\\svchost.exe",
    "parent_command_line": "C:\\HOST\\USER\\svchost.exe -k wsappx -p -s AppXSvc",
    "target_filename": null,
    "creation_utc_time": null,
    "destination_ip": null,
    "destination_port": null,
    "source_ip": null,
    "source_port": null,
    "protocol": null,
    "target_object": null,
    "details": null
  },
  {
    "timestamp": "2026-03-22T05:54:14.973Z",
    "message": "Process Create:\nRuleName: -\nUtcTime: 2026-03-22 05:54:14.965\nProcessGuid: {GUID-REDACTED}\nProcessId: 4492\nImage: C:\\HOST\\USER\\svchost.exe\nFileVersion: 10.0.26100.7705 (WinBuild.160101.0800)\nDescription: Host Process for Windows Services\nProduct: Microsoft® Windows® Operating System\nCompany: Microsoft Corporation\nOriginalFileName: svchost.exe\nCommandLine: C:\\HOST\\USER\\svchost.exe -k WerSvcGroup\nCurrentDirectory: C:\\HOST\\USER\\\nUser: NT HOST\\USER\nLogonGuid: {GUID-REDACTED}\nLogonId: 0x3e7\nTerminalSessionId: 0\nIntegrityLevel: System\nHashes: SHA256=44FD6F9347CEED5798A25C47167F335EF085AE4648A81F775DD4BDC6240D8189\nParentProcessGuid: {GUID-REDACTED}\nParentProcessId: 788\nParentImage: C:\\HOST\\USER\\services.exe\nParentCommandLine: C:\\HOST\\USER\\services.exe\nParentUser: NT HOST\\USER",
    "event_code": "1",
    "event_action": "Process Create (rule: ProcessCreate)",
    "event_kind": "event",
    "provider": "Microsoft-Windows-Sysmon",
    "channel": "Microsoft-Windows-Sysmon/Operational",
    "event_id": "1",
    "record_id": 267,
    "computer_name": "HOST-REDACTED",
    "provider_name": "Microsoft-Windows-Sysmon",
    "log_level": "information",
    "host_name": "HOST-REDACTED",
    "host_hostname": "HOST-REDACTED",
    "host_os": "Windows 11 Pro",
    "agent_type": "winlogbeat",
    "agent_version": "9.3.2",
    "process_pid": 1596,
    "raw_event_data": {
      "CurrentDirectory": "C:\\HOST\\USER\\",
      "LogonGuid": "{GUID-REDACTED}",
      "Image": "C:\\HOST\\USER\\svchost.exe",
      "UtcTime": "2026-03-22 05:54:14.965",
      "ParentProcessGuid": "{GUID-REDACTED}",
      "ParentCommandLine": "C:\\HOST\\USER\\services.exe",
      "RuleName": "-",
      "ParentUser": "NT HOST\\USER",
      "ParentProcessId": "788",
      "Product": "Microsoft® Windows® Operating System",
      "ProcessId": "4492",
      "LogonId": "0x3e7",
      "ProcessGuid": "{GUID-REDACTED}",
      "TerminalSessionId": "0",
      "Hashes": "SHA256=44FD6F9347CEED5798A25C47167F335EF085AE4648A81F775DD4BDC6240D8189",
      "OriginalFileName": "svchost.exe",
      "IntegrityLevel": "System",
      "Company": "Microsoft Corporation",
      "User": "USER-REDACTED",
      "Description": "Host Process for Windows Services",
      "CommandLine": "C:\\HOST\\USER\\svchost.exe -k WerSvcGroup",
      "ParentImage": "C:\\HOST\\USER\\services.exe",
      "FileVersion": "10.0.26100.7705 (WinBuild.160101.0800)"
    },
    "raw": {
      "@timestamp": "2026-03-22T05:54:14.973Z",
      "host": {
        "architecture": "x86_64",
        "name": "HOST-REDACTED",
        "ip": [
          "fe80::1eac:376c:1bd5:f979",
          "IP-REDACTED"
        ],
        "os": {
          "type": "windows",
          "name": "Windows 11 Pro",
          "kernel": "10.0.26100.8036 (WinBuild.160101.0800)",
          "version": "10.0",
          "family": "windows",
          "build": "26200.8037",
          "platform": "windows"
        },
        "id": "4c1ea299-cc74-49b5-ac0a-1138d9d08387",
        "mac": [
          "MAC-REDACTED"
        ],
        "hostname": "HOST-REDACTED"
      },
      "message": "Process Create:\nRuleName: -\nUtcTime: 2026-03-22 05:54:14.965\nProcessGuid: {GUID-REDACTED}\nProcessId: 4492\nImage: C:\\HOST\\USER\\svchost.exe\nFileVersion: 10.0.26100.7705 (WinBuild.160101.0800)\nDescription: Host Process for Windows Services\nProduct: Microsoft® Windows® Operating System\nCompany: Microsoft Corporation\nOriginalFileName: svchost.exe\nCommandLine: C:\\HOST\\USER\\svchost.exe -k WerSvcGroup\nCurrentDirectory: C:\\HOST\\USER\\\nUser: NT HOST\\USER\nLogonGuid: {GUID-REDACTED}\nLogonId: 0x3e7\nTerminalSessionId: 0\nIntegrityLevel: System\nHashes: SHA256=44FD6F9347CEED5798A25C47167F335EF085AE4648A81F775DD4BDC6240D8189\nParentProcessGuid: {GUID-REDACTED}\nParentProcessId: 788\nParentImage: C:\\HOST\\USER\\services.exe\nParentCommandLine: C:\\HOST\\USER\\services.exe\nParentUser: NT HOST\\USER",
      "ecs": {
        "version": "8.0.0"
      },
      "log": {
        "level": "information"
      },
      "@version": "1",
      "winlog": {
        "version": 5,
        "user": {
          "type": "Well Known Group",
          "name": "SYSTEM",
          "domain": "NT AUTHORITY",
          "identifier": "S-1-5-XX-REDACTED"
        },
        "event_id": "1",
        "record_id": 267,
        "provider_guid": "{GUID-REDACTED}",
        "channel": "Microsoft-Windows-Sysmon/Operational",
        "task": "Process Create (rule: ProcessCreate)",
        "opcode": "Info",
        "process": {
          "thread": {
            "id": 1304
          },
          "pid": 1596
        },
        "computer_name": "HOST-REDACTED",
        "provider_name": "Microsoft-Windows-Sysmon",
        "event_data": {
          "CurrentDirectory": "C:\\HOST\\USER\\",
          "LogonGuid": "{GUID-REDACTED}",
          "Image": "C:\\HOST\\USER\\svchost.exe",
          "UtcTime": "2026-03-22 05:54:14.965",
          "ParentProcessGuid": "{GUID-REDACTED}",
          "ParentCommandLine": "C:\\HOST\\USER\\services.exe",
          "RuleName": "-",
          "ParentUser": "NT HOST\\USER",
          "ParentProcessId": "788",
          "Product": "Microsoft® Windows® Operating System",
          "ProcessId": "4492",
          "LogonId": "0x3e7",
          "ProcessGuid": "{GUID-REDACTED}",
          "TerminalSessionId": "0",
          "Hashes": "SHA256=44FD6F9347CEED5798A25C47167F335EF085AE4648A81F775DD4BDC6240D8189",
          "OriginalFileName": "svchost.exe",
          "IntegrityLevel": "System",
          "Company": "Microsoft Corporation",
          "User": "USER-REDACTED",
          "Description": "Host Process for Windows Services",
          "CommandLine": "C:\\HOST\\USER\\svchost.exe -k WerSvcGroup",
          "ParentImage": "C:\\HOST\\USER\\services.exe",
          "FileVersion": "10.0.26100.7705 (WinBuild.160101.0800)"
        }
      },
      "tags": [
        "beats_input_codec_plain_applied"
      ],
      "agent": {
        "type": "winlogbeat",
        "id": "e914dd33-e7be-4a91-b774-394d715855f5",
        "name": "HOST-REDACTED",
        "version": "9.3.2",
        "ephemeral_id": "b8267783-8d43-4086-8074-c2f96b9f9dae"
      },
      "event": {
        "kind": "event",
        "created": "2026-03-29T09:11:41.470Z",
        "action": "Process Create (rule: ProcessCreate)",
        "code": "1",
        "original": "Process Create:\nRuleName: -\nUtcTime: 2026-03-22 05:54:14.965\nProcessGuid: {GUID-REDACTED}\nProcessId: 4492\nImage: C:\\HOST\\USER\\svchost.exe\nFileVersion: 10.0.26100.7705 (WinBuild.160101.0800)\nDescription: Host Process for Windows Services\nProduct: Microsoft® Windows® Operating System\nCompany: Microsoft Corporation\nOriginalFileName: svchost.exe\nCommandLine: C:\\HOST\\USER\\svchost.exe -k WerSvcGroup\nCurrentDirectory: C:\\HOST\\USER\\\nUser: NT HOST\\USER\nLogonGuid: {GUID-REDACTED}\nLogonId: 0x3e7\nTerminalSessionId: 0\nIntegrityLevel: System\nHashes: SHA256=44FD6F9347CEED5798A25C47167F335EF085AE4648A81F775DD4BDC6240D8189\nParentProcessGuid: {GUID-REDACTED}\nParentProcessId: 788\nParentImage: C:\\HOST\\USER\\services.exe\nParentCommandLine: C:\\HOST\\USER\\services.exe\nParentUser: NT HOST\\USER",
        "provider": "Microsoft-Windows-Sysmon"
      }
    },
    "parsed_type": "sysmon",
    "event_type_name": "ProcessCreate",
    "process_guid": "{GUID-REDACTED}",
    "process_id": "4492",
    "image": "C:\\HOST\\USER\\svchost.exe",
    "command_line": "C:\\HOST\\USER\\svchost.exe -k WerSvcGroup",
    "current_directory": "C:\\HOST\\USER\\",
    "user": "USER-REDACTED",
    "logon_guid": "{GUID-REDACTED}",
    "logon_id": "0x3e7",
    "terminal_session_id": "0",
    "integrity_level": "System",
    "hashes": "SHA256=44FD6F9347CEED5798A25C47167F335EF085AE4648A81F775DD4BDC6240D8189",
    "parent_process_guid": "{GUID-REDACTED}",
    "parent_process_id": "788",
    "parent_image": "C:\\HOST\\USER\\services.exe",
    "parent_command_line": "C:\\HOST\\USER\\services.exe",
    "target_filename": null,
    "creation_utc_time": null,
    "destination_ip": null,
    "destination_port": null,
    "source_ip": null,
    "source_port": null,
    "protocol": null,
    "target_object": null,
    "details": null
  },
  {
    "timestamp": "2026-03-22T05:54:15.574Z",
    "message": "Process Create:\nRuleName: -\nUtcTime: 2026-03-22 05:54:15.556\nProcessGuid: {GUID-REDACTED}\nProcessId: 2508\nImage: C:\\HOST\\USER\\wermgr.exe\nFileVersion: 10.0.26100.7920 (WinBuild.160101.0800)\nDescription: Windows Problem Reporting\nProduct: Microsoft® Windows® Operating System\nCompany: Microsoft Corporation\nOriginalFileName: WerMgr\nCommandLine: \"C:\\HOST\\USER\\wermgr.exe\" -upload\nCurrentDirectory: C:\\HOST\\USER\\\nUser: NT HOST\\USER\nLogonGuid: {GUID-REDACTED}\nLogonId: 0x3e7\nTerminalSessionId: 0\nIntegrityLevel: System\nHashes: SHA256=CCEBA2B2C38408DBB1D5367C8F62EEFBC24B5693B463479BC89F93DCF4E42B89\nParentProcessGuid: {GUID-REDACTED}\nParentProcessId: 1336\nParentImage: C:\\HOST\\USER\\svchost.exe\nParentCommandLine: C:\\HOST\\USER\\svchost.exe -k netsvcs -p -s Schedule\nParentUser: NT HOST\\USER",
    "event_code": "1",
    "event_action": "Process Create (rule: ProcessCreate)",
    "event_kind": "event",
    "provider": "Microsoft-Windows-Sysmon",
    "channel": "Microsoft-Windows-Sysmon/Operational",
    "event_id": "1",
    "record_id": 268,
    "computer_name": "HOST-REDACTED",
    "provider_name": "Microsoft-Windows-Sysmon",
    "log_level": "information",
    "host_name": "HOST-REDACTED",
    "host_hostname": "HOST-REDACTED",
    "host_os": "Windows 11 Pro",
    "agent_type": "winlogbeat",
    "agent_version": "9.3.2",
    "process_pid": 1596,
    "raw_event_data": {
      "CurrentDirectory": "C:\\HOST\\USER\\",
      "LogonGuid": "{GUID-REDACTED}",
      "Image": "C:\\HOST\\USER\\wermgr.exe",
      "UtcTime": "2026-03-22 05:54:15.556",
      "ParentProcessGuid": "{GUID-REDACTED}",
      "ParentCommandLine": "C:\\HOST\\USER\\svchost.exe -k netsvcs -p -s Schedule",
      "RuleName": "-",
      "ParentUser": "NT HOST\\USER",
      "ParentProcessId": "1336",
      "Product": "Microsoft® Windows® Operating System",
      "ProcessId": "2508",
      "LogonId": "0x3e7",
      "ProcessGuid": "{GUID-REDACTED}",
      "TerminalSessionId": "0",
      "Hashes": "SHA256=CCEBA2B2C38408DBB1D5367C8F62EEFBC24B5693B463479BC89F93DCF4E42B89",
      "OriginalFileName": "WerMgr",
      "IntegrityLevel": "System",
      "Company": "Microsoft Corporation",
      "User": "USER-REDACTED",
      "CommandLine": "\"C:\\HOST\\USER\\wermgr.exe\" -upload",
      "Description": "Windows Problem Reporting",
      "ParentImage": "C:\\HOST\\USER\\svchost.exe",
      "FileVersion": "10.0.26100.7920 (WinBuild.160101.0800)"
    },
    "raw": {
      "@timestamp": "2026-03-22T05:54:15.574Z",
      "host": {
        "architecture": "x86_64",
        "name": "HOST-REDACTED",
        "id": "4c1ea299-cc74-49b5-ac0a-1138d9d08387",
        "os": {
          "type": "windows",
          "version": "10.0",
          "name": "Windows 11 Pro",
          "kernel": "10.0.26100.8036 (WinBuild.160101.0800)",
          "family": "windows",
          "build": "26200.8037",
          "platform": "windows"
        },
        "ip": [
          "fe80::1eac:376c:1bd5:f979",
          "IP-REDACTED"
        ],
        "mac": [
          "MAC-REDACTED"
        ],
        "hostname": "HOST-REDACTED"
      },
      "message": "Process Create:\nRuleName: -\nUtcTime: 2026-03-22 05:54:15.556\nProcessGuid: {GUID-REDACTED}\nProcessId: 2508\nImage: C:\\HOST\\USER\\wermgr.exe\nFileVersion: 10.0.26100.7920 (WinBuild.160101.0800)\nDescription: Windows Problem Reporting\nProduct: Microsoft® Windows® Operating System\nCompany: Microsoft Corporation\nOriginalFileName: WerMgr\nCommandLine: \"C:\\HOST\\USER\\wermgr.exe\" -upload\nCurrentDirectory: C:\\HOST\\USER\\\nUser: NT HOST\\USER\nLogonGuid: {GUID-REDACTED}\nLogonId: 0x3e7\nTerminalSessionId: 0\nIntegrityLevel: System\nHashes: SHA256=CCEBA2B2C38408DBB1D5367C8F62EEFBC24B5693B463479BC89F93DCF4E42B89\nParentProcessGuid: {GUID-REDACTED}\nParentProcessId: 1336\nParentImage: C:\\HOST\\USER\\svchost.exe\nParentCommandLine: C:\\HOST\\USER\\svchost.exe -k netsvcs -p -s Schedule\nParentUser: NT HOST\\USER",
      "ecs": {
        "version": "8.0.0"
      },
      "log": {
        "level": "information"
      },
      "@version": "1",
      "winlog": {
        "version": 5,
        "user": {
          "type": "Well Known Group",
          "name": "SYSTEM",
          "domain": "NT AUTHORITY",
          "identifier": "S-1-5-XX-REDACTED"
        },
        "event_id": "1",
        "record_id": 268,
        "provider_guid": "{GUID-REDACTED}",
        "channel": "Microsoft-Windows-Sysmon/Operational",
        "task": "Process Create (rule: ProcessCreate)",
        "opcode": "Info",
        "computer_name": "HOST-REDACTED",
        "process": {
          "thread": {
            "id": 1304
          },
          "pid": 1596
        },
        "provider_name": "Microsoft-Windows-Sysmon",
        "event_data": {
          "CurrentDirectory": "C:\\HOST\\USER\\",
          "LogonGuid": "{GUID-REDACTED}",
          "Image": "C:\\HOST\\USER\\wermgr.exe",
          "UtcTime": "2026-03-22 05:54:15.556",
          "ParentProcessGuid": "{GUID-REDACTED}",
          "ParentCommandLine": "C:\\HOST\\USER\\svchost.exe -k netsvcs -p -s Schedule",
          "RuleName": "-",
          "ParentUser": "NT HOST\\USER",
          "ParentProcessId": "1336",
          "Product": "Microsoft® Windows® Operating System",
          "ProcessId": "2508",
          "LogonId": "0x3e7",
          "ProcessGuid": "{GUID-REDACTED}",
          "TerminalSessionId": "0",
          "Hashes": "SHA256=CCEBA2B2C38408DBB1D5367C8F62EEFBC24B5693B463479BC89F93DCF4E42B89",
          "OriginalFileName": "WerMgr",
          "IntegrityLevel": "System",
          "Company": "Microsoft Corporation",
          "User": "USER-REDACTED",
          "CommandLine": "\"C:\\HOST\\USER\\wermgr.exe\" -upload",
          "Description": "Windows Problem Reporting",
          "ParentImage": "C:\\HOST\\USER\\svchost.exe",
          "FileVersion": "10.0.26100.7920 (WinBuild.160101.0800)"
        }
      },
      "tags": [
        "beats_input_codec_plain_applied"
      ],
      "agent": {
        "type": "winlogbeat",
        "version": "9.3.2",
        "id": "e914dd33-e7be-4a91-b774-394d715855f5",
        "ephemeral_id": "b8267783-8d43-4086-8074-c2f96b9f9dae",
        "name": "HOST-REDACTED"
      },
      "event": {
        "kind": "event",
        "created": "2026-03-29T09:11:41.470Z",
        "action": "Process Create (rule: ProcessCreate)",
        "code": "1",
        "original": "Process Create:\nRuleName: -\nUtcTime: 2026-03-22 05:54:15.556\nProcessGuid: {GUID-REDACTED}\nProcessId: 2508\nImage: C:\\HOST\\USER\\wermgr.exe\nFileVersion: 10.0.26100.7920 (WinBuild.160101.0800)\nDescription: Windows Problem Reporting\nProduct: Microsoft® Windows® Operating System\nCompany: Microsoft Corporation\nOriginalFileName: WerMgr\nCommandLine: \"C:\\HOST\\USER\\wermgr.exe\" -upload\nCurrentDirectory: C:\\HOST\\USER\\\nUser: NT HOST\\USER\nLogonGuid: {GUID-REDACTED}\nLogonId: 0x3e7\nTerminalSessionId: 0\nIntegrityLevel: System\nHashes: SHA256=CCEBA2B2C38408DBB1D5367C8F62EEFBC24B5693B463479BC89F93DCF4E42B89\nParentProcessGuid: {GUID-REDACTED}\nParentProcessId: 1336\nParentImage: C:\\HOST\\USER\\svchost.exe\nParentCommandLine: C:\\HOST\\USER\\svchost.exe -k netsvcs -p -s Schedule\nParentUser: NT HOST\\USER",
        "provider": "Microsoft-Windows-Sysmon"
      }
    },
    "parsed_type": "sysmon",
    "event_type_name": "ProcessCreate",
    "process_guid": "{GUID-REDACTED}",
    "process_id": "2508",
    "image": "C:\\HOST\\USER\\wermgr.exe",
    "command_line": "\"C:\\HOST\\USER\\wermgr.exe\" -upload",
    "current_directory": "C:\\HOST\\USER\\",
    "user": "USER-REDACTED",
    "logon_guid": "{GUID-REDACTED}",
    "logon_id": "0x3e7",
    "terminal_session_id": "0",
    "integrity_level": "System",
    "hashes": "SHA256=CCEBA2B2C38408DBB1D5367C8F62EEFBC24B5693B463479BC89F93DCF4E42B89",
    "parent_process_guid": "{GUID-REDACTED}",
    "parent_process_id": "1336",
    "parent_image": "C:\\HOST\\USER\\svchost.exe",
    "parent_command_line": "C:\\HOST\\USER\\svchost.exe -k netsvcs -p -s Schedule",
    "target_filename": null,
    "creation_utc_time": null,
    "destination_ip": null,
    "destination_port": null,
    "source_ip": null,
    "source_port": null,
    "protocol": null,
    "target_object": null,
    "details": null
  },
  {
    "timestamp": "2026-03-22T05:54:22.172Z",
    "message": "Process Create:\nRuleName: -\nUtcTime: 2026-03-22 05:54:22.169\nProcessGuid: {GUID-REDACTED}\nProcessId: 5400\nImage: C:\\HOST\\USER\\wermgr.exe\nFileVersion: 10.0.26100.7920 (WinBuild.160101.0800)\nDescription: Windows Problem Reporting\nProduct: Microsoft® Windows® Operating System\nCompany: Microsoft Corporation\nOriginalFileName: WerMgr\nCommandLine: \"C:\\HOST\\USER\\wermgr.exe\" -upload\nCurrentDirectory: C:\\HOST\\USER\\\nUser: NT HOST\\USER\nLogonGuid: {GUID-REDACTED}\nLogonId: 0x3e7\nTerminalSessionId: 0\nIntegrityLevel: System\nHashes: SHA256=CCEBA2B2C38408DBB1D5367C8F62EEFBC24B5693B463479BC89F93DCF4E42B89\nParentProcessGuid: {GUID-REDACTED}\nParentProcessId: 1336\nParentImage: C:\\HOST\\USER\\svchost.exe\nParentCommandLine: C:\\HOST\\USER\\svchost.exe -k netsvcs -p -s Schedule\nParentUser: NT HOST\\USER",
    "event_code": "1",
    "event_action": "Process Create (rule: ProcessCreate)",
    "event_kind": "event",
    "provider": "Microsoft-Windows-Sysmon",
    "channel": "Microsoft-Windows-Sysmon/Operational",
    "event_id": "1",
    "record_id": 270,
    "computer_name": "HOST-REDACTED",
    "provider_name": "Microsoft-Windows-Sysmon",
    "log_level": "information",
    "host_name": "HOST-REDACTED",
    "host_hostname": "HOST-REDACTED",
    "host_os": "Windows 11 Pro",
    "agent_type": "winlogbeat",
    "agent_version": "9.3.2",
    "process_pid": 1596,
    "raw_event_data": {
      "CurrentDirectory": "C:\\HOST\\USER\\",
      "LogonGuid": "{GUID-REDACTED}",
      "Image": "C:\\HOST\\USER\\wermgr.exe",
      "UtcTime": "2026-03-22 05:54:22.169",
      "ParentProcessGuid": "{GUID-REDACTED}",
      "ParentCommandLine": "C:\\HOST\\USER\\svchost.exe -k netsvcs -p -s Schedule",
      "RuleName": "-",
      "ParentUser": "NT HOST\\USER",
      "ParentProcessId": "1336",
      "Product": "Microsoft® Windows® Operating System",
      "ProcessId": "5400",
      "LogonId": "0x3e7",
      "ProcessGuid": "{GUID-REDACTED}",
      "TerminalSessionId": "0",
      "Hashes": "SHA256=CCEBA2B2C38408DBB1D5367C8F62EEFBC24B5693B463479BC89F93DCF4E42B89",
      "OriginalFileName": "WerMgr",
      "IntegrityLevel": "System",
      "Company": "Microsoft Corporation",
      "User": "USER-REDACTED",
      "Description": "Windows Problem Reporting",
      "CommandLine": "\"C:\\HOST\\USER\\wermgr.exe\" -upload",
      "ParentImage": "C:\\HOST\\USER\\svchost.exe",
      "FileVersion": "10.0.26100.7920 (WinBuild.160101.0800)"
    },
    "raw": {
      "@timestamp": "2026-03-22T05:54:22.172Z",
      "log": {
        "level": "information"
      },
      "message": "Process Create:\nRuleName: -\nUtcTime: 2026-03-22 05:54:22.169\nProcessGuid: {GUID-REDACTED}\nProcessId: 5400\nImage: C:\\HOST\\USER\\wermgr.exe\nFileVersion: 10.0.26100.7920 (WinBuild.160101.0800)\nDescription: Windows Problem Reporting\nProduct: Microsoft® Windows® Operating System\nCompany: Microsoft Corporation\nOriginalFileName: WerMgr\nCommandLine: \"C:\\HOST\\USER\\wermgr.exe\" -upload\nCurrentDirectory: C:\\HOST\\USER\\\nUser: NT HOST\\USER\nLogonGuid: {GUID-REDACTED}\nLogonId: 0x3e7\nTerminalSessionId: 0\nIntegrityLevel: System\nHashes: SHA256=CCEBA2B2C38408DBB1D5367C8F62EEFBC24B5693B463479BC89F93DCF4E42B89\nParentProcessGuid: {GUID-REDACTED}\nParentProcessId: 1336\nParentImage: C:\\HOST\\USER\\svchost.exe\nParentCommandLine: C:\\HOST\\USER\\svchost.exe -k netsvcs -p -s Schedule\nParentUser: NT HOST\\USER",
      "ecs": {
        "version": "8.0.0"
      },
      "host": {
        "architecture": "x86_64",
        "name": "HOST-REDACTED",
        "id": "4c1ea299-cc74-49b5-ac0a-1138d9d08387",
        "os": {
          "type": "windows",
          "version": "10.0",
          "name": "Windows 11 Pro",
          "kernel": "10.0.26100.8036 (WinBuild.160101.0800)",
          "family": "windows",
          "build": "26200.8037",
          "platform": "windows"
        },
        "ip": [
          "fe80::1eac:376c:1bd5:f979",
          "IP-REDACTED"
        ],
        "mac": [
          "MAC-REDACTED"
        ],
        "hostname": "HOST-REDACTED"
      },
      "@version": "1",
      "winlog": {
        "version": 5,
        "user": {
          "type": "Well Known Group",
          "name": "SYSTEM",
          "domain": "NT AUTHORITY",
          "identifier": "S-1-5-XX-REDACTED"
        },
        "event_id": "1",
        "record_id": 270,
        "provider_guid": "{GUID-REDACTED}",
        "channel": "Microsoft-Windows-Sysmon/Operational",
        "task": "Process Create (rule: ProcessCreate)",
        "opcode": "Info",
        "process": {
          "thread": {
            "id": 1304
          },
          "pid": 1596
        },
        "computer_name": "HOST-REDACTED",
        "provider_name": "Microsoft-Windows-Sysmon",
        "event_data": {
          "CurrentDirectory": "C:\\HOST\\USER\\",
          "LogonGuid": "{GUID-REDACTED}",
          "Image": "C:\\HOST\\USER\\wermgr.exe",
          "UtcTime": "2026-03-22 05:54:22.169",
          "ParentProcessGuid": "{GUID-REDACTED}",
          "ParentCommandLine": "C:\\HOST\\USER\\svchost.exe -k netsvcs -p -s Schedule",
          "RuleName": "-",
          "ParentUser": "NT HOST\\USER",
          "ParentProcessId": "1336",
          "Product": "Microsoft® Windows® Operating System",
          "ProcessId": "5400",
          "LogonId": "0x3e7",
          "ProcessGuid": "{GUID-REDACTED}",
          "TerminalSessionId": "0",
          "Hashes": "SHA256=CCEBA2B2C38408DBB1D5367C8F62EEFBC24B5693B463479BC89F93DCF4E42B89",
          "OriginalFileName": "WerMgr",
          "IntegrityLevel": "System",
          "Company": "Microsoft Corporation",
          "User": "USER-REDACTED",
          "Description": "Windows Problem Reporting",
          "CommandLine": "\"C:\\HOST\\USER\\wermgr.exe\" -upload",
          "ParentImage": "C:\\HOST\\USER\\svchost.exe",
          "FileVersion": "10.0.26100.7920 (WinBuild.160101.0800)"
        }
      },
      "tags": [
        "beats_input_codec_plain_applied"
      ],
      "agent": {
        "type": "winlogbeat",
        "version": "9.3.2",
        "id": "e914dd33-e7be-4a91-b774-394d715855f5",
        "ephemeral_id": "b8267783-8d43-4086-8074-c2f96b9f9dae",
        "name": "HOST-REDACTED"
      },
      "event": {
        "kind": "event",
        "created": "2026-03-29T09:11:41.470Z",
        "action": "Process Create (rule: ProcessCreate)",
        "code": "1",
        "original": "Process Create:\nRuleName: -\nUtcTime: 2026-03-22 05:54:22.169\nProcessGuid: {GUID-REDACTED}\nProcessId: 5400\nImage: C:\\HOST\\USER\\wermgr.exe\nFileVersion: 10.0.26100.7920 (WinBuild.160101.0800)\nDescription: Windows Problem Reporting\nProduct: Microsoft® Windows® Operating System\nCompany: Microsoft Corporation\nOriginalFileName: WerMgr\nCommandLine: \"C:\\HOST\\USER\\wermgr.exe\" -upload\nCurrentDirectory: C:\\HOST\\USER\\\nUser: NT HOST\\USER\nLogonGuid: {GUID-REDACTED}\nLogonId: 0x3e7\nTerminalSessionId: 0\nIntegrityLevel: System\nHashes: SHA256=CCEBA2B2C38408DBB1D5367C8F62EEFBC24B5693B463479BC89F93DCF4E42B89\nParentProcessGuid: {GUID-REDACTED}\nParentProcessId: 1336\nParentImage: C:\\HOST\\USER\\svchost.exe\nParentCommandLine: C:\\HOST\\USER\\svchost.exe -k netsvcs -p -s Schedule\nParentUser: NT HOST\\USER",
        "provider": "Microsoft-Windows-Sysmon"
      }
    },
    "parsed_type": "sysmon",
    "event_type_name": "ProcessCreate",
    "process_guid": "{GUID-REDACTED}",
    "process_id": "5400",
    "image": "C:\\HOST\\USER\\wermgr.exe",
    "command_line": "\"C:\\HOST\\USER\\wermgr.exe\" -upload",
    "current_directory": "C:\\HOST\\USER\\",
    "user": "USER-REDACTED",
    "logon_guid": "{GUID-REDACTED}",
    "logon_id": "0x3e7",
    "terminal_session_id": "0",
    "integrity_level": "System",
    "hashes": "SHA256=CCEBA2B2C38408DBB1D5367C8F62EEFBC24B5693B463479BC89F93DCF4E42B89",
    "parent_process_guid": "{GUID-REDACTED}",
    "parent_process_id": "1336",
    "parent_image": "C:\\HOST\\USER\\svchost.exe",
    "parent_command_line": "C:\\HOST\\USER\\svchost.exe -k netsvcs -p -s Schedule",
    "target_filename": null,
    "creation_utc_time": null,
    "destination_ip": null,
    "destination_port": null,
    "source_ip": null,
    "source_port": null,
    "protocol": null,
    "target_object": null,
    "details": null
  },
